TAP version 13
# Subtest: HTML references only existing local app resources and required controls exist
ok 1 - HTML references only existing local app resources and required controls exist
  ---
  duration_ms: 67.181525
  type: 'test'
  ...
# Subtest: every required DOM id used by bootstrap exists in HTML
ok 2 - every required DOM id used by bootstrap exists in HTML
  ---
  duration_ms: 7.287174
  type: 'test'
  ...
# Subtest: service worker app shell contains every runtime source file and all paths exist
ok 3 - service worker app shell contains every runtime source file and all paths exist
  ---
  duration_ms: 107.030606
  type: 'test'
  ...
# Subtest: development tree has no premature single-HTML build output
ok 4 - development tree has no premature single-HTML build output
  ---
  duration_ms: 2.665992
  type: 'test'
  ...
# Subtest: service worker only deletes FRONTLINE ROADS caches
ok 5 - service worker only deletes FRONTLINE ROADS caches
  ---
  duration_ms: 75.981193
  type: 'test'
  ...
# Subtest: service worker falls back to HTML only for navigation requests
ok 6 - service worker falls back to HTML only for navigation requests
  ---
  duration_ms: 2.977
  type: 'test'
  ...
# Subtest: storage denial is detected without crashing construction
ok 7 - storage denial is detected without crashing construction
  ---
  duration_ms: 2.373009
  type: 'test'
  ...
# Subtest: invalid shallow save is quarantined instead of bricking startup
ok 8 - invalid shallow save is quarantined instead of bricking startup
  ---
  duration_ms: 2.714141
  type: 'test'
  ...
# Subtest: saved game removes exact position history and rounds map origin
ok 9 - saved game removes exact position history and rounds map origin
  ---
  duration_ms: 2.446747
  type: 'test'
  ...
# Subtest: state validation rejects malformed saved road graph
ok 10 - state validation rejects malformed saved road graph
  ---
  duration_ms: 0.303124
  type: 'test'
  ...
# Subtest: stone gate conversion cannot be used before civilization level 2
ok 11 - stone gate conversion cannot be used before civilization level 2
  ---
  duration_ms: 0.677282
  type: 'test'
  ...
# Subtest: path invalidation waits for the current edge instead of teleporting backward
ok 12 - path invalidation waits for the current edge instead of teleporting backward
  ---
  duration_ms: 1.365365
  type: 'test'
  ...
# Subtest: grade-separated endpoints are not merged into one intersection
ok 13 - grade-separated endpoints are not merged into one intersection
  ---
  duration_ms: 72.273722
  type: 'test'
  ...
# Subtest: long OSM geometry is subdivided rather than discarded
ok 14 - long OSM geometry is subdivided rather than discarded
  ---
  duration_ms: 2.474179
  type: 'test'
  ...
# Subtest: complete reset clears current, legacy, and backup save keys
ok 15 - complete reset clears current, legacy, and backup save keys
  ---
  duration_ms: 0.508167
  type: 'test'
  ...
# Subtest: production source only enables dev fixture on local or explicit test origins
ok 16 - production source only enables dev fixture on local or explicit test origins
  ---
  duration_ms: 103.775776
  type: 'test'
  ...
# Subtest: development fixture disables browser JSONP and uses injected road data
ok 17 - development fixture disables browser JSONP and uses injected road data
  ---
  duration_ms: 2.667439
  type: 'test'
  ...
# Subtest: selection snaps to the existing graph and creates a base without refetching
ok 18 - selection snaps to the existing graph and creates a base without refetching
  ---
  duration_ms: 81.033211
  type: 'test'
  ...
# Subtest: a tap outside the road tolerance is rejected
ok 19 - a tap outside the road tolerance is rejected
  ---
  duration_ms: 0.242269
  type: 'test'
  ...
# Subtest: inventory has one canonical resource store and preserves overflow
ok 20 - inventory has one canonical resource store and preserves overflow
  ---
  duration_ms: 5.648751
  type: 'test'
  ...
# Subtest: production reserves inputs once and completes through the civilization update
ok 21 - production reserves inputs once and completes through the civilization update
  ---
  duration_ms: 5.231981
  type: 'test'
  ...
# Subtest: enemy base capture requires the player to be on site and progresses over time
ok 22 - enemy base capture requires the player to be on site and progresses over time
  ---
  duration_ms: 1.603202
  type: 'test'
  ...
# Subtest: a captured outpost must be restored before it becomes active
ok 23 - a captured outpost must be restored before it becomes active
  ---
  duration_ms: 1.478882
  type: 'test'
  ...
# Subtest: settlement damage ruins a building and disables its production
ok 24 - settlement damage ruins a building and disables its production
  ---
  duration_ms: 0.98407
  type: 'test'
  ...
# Subtest: production overflow stays in the building buffer until collection
ok 25 - production overflow stays in the building buffer until collection
  ---
  duration_ms: 81.257491
  type: 'test'
  ...
# Subtest: combat effect buffer is capped and prunes expired effects
ok 26 - combat effect buffer is capped and prunes expired effects
  ---
  duration_ms: 1.555972
  type: 'test'
  ...
# Subtest: event bus creates transient shot and city warning effects
ok 27 - event bus creates transient shot and city warning effects
  ---
  duration_ms: 1.545338
  type: 'test'
  ...
# Subtest: manual defense upgrade events create a visible pulse
ok 28 - manual defense upgrade events create a visible pulse
  ---
  duration_ms: 1.100865
  type: 'test'
  ...
# Subtest: barrier changes weighted enemy route without creating another graph
ok 29 - barrier changes weighted enemy route without creating another graph
  ---
  duration_ms: 3.583802
  type: 'test'
  ...
# Subtest: enemy position follows path direction rather than edge storage direction
ok 30 - enemy position follows path direction rather than edge storage direction
  ---
  duration_ms: 2.52232
  type: 'test'
  ...
# Subtest: build range is measured from established home base
ok 31 - build range is measured from established home base
  ---
  duration_ms: 1.992929
  type: 'test'
  ...
# Subtest: gun tower damages an enemy in range
ok 32 - gun tower damages an enemy in range
  ---
  duration_ms: 5.499976
  type: 'test'
  ...
# Subtest: enemy reaching the city deals damage and is removed
ok 33 - enemy reaching the city deals damage and is removed
  ---
  duration_ms: 1.712285
  type: 'test'
  ...
# Subtest: repair relay consumes resources and repairs only the most damaged target
ok 34 - repair relay consumes resources and repairs only the most damaged target
  ---
  duration_ms: 0.65129
  type: 'test'
  ...
# Subtest: city defeat never creates negative resources and reports unpaid emergency recovery honestly
ok 35 - city defeat never creates negative resources and reports unpaid emergency recovery honestly
  ---
  duration_ms: 104.093919
  type: 'test'
  ...
# Subtest: source module graph has no circular dependencies
ok 36 - source module graph has no circular dependencies
  ---
  duration_ms: 510.680836
  type: 'test'
  ...
# Subtest: twelve-hour simulation remains bounded, serializable and within enemy cap
ok 37 - twelve-hour simulation remains bounded, serializable and within enemy cap
  ---
  duration_ms: 1501.935456
  type: 'test'
  ...
# Subtest: same state and elapsed time produce the same offline game result
ok 38 - same state and elapsed time produce the same offline game result
  ---
  duration_ms: 558.903124
  type: 'test'
  ...
# Subtest: legacy save is converted once into the clean schema
ok 39 - legacy save is converted once into the clean schema
  ---
  duration_ms: 80.336152
  type: 'test'
  ...
# Subtest: offline simulation is bounded and reports the applied duration
ok 40 - offline simulation is bounded and reports the applied duration
  ---
  duration_ms: 2.96872
  type: 'test'
  ...
# Subtest: offline simulation advances the canonical world clock
ok 41 - offline simulation advances the canonical world clock
  ---
  duration_ms: 0.478055
  type: 'test'
  ...
# Subtest: default endpoints use current public global instances
ok 42 - default endpoints use current public global instances
  ---
  duration_ms: 75.036973
  type: 'test'
  ...
# Subtest: query filters road classes before download
ok 43 - query filters road classes before download
  ---
  duration_ms: 1.785929
  type: 'test'
  ...
# Subtest: JSONP URL contains encoded query and callback
ok 44 - JSONP URL contains encoded query and callback
  ---
  duration_ms: 0.92484
  type: 'test'
  ...
# Subtest: browser JSONP resolves payload and cleans callback
ok 45 - browser JSONP resolves payload and cleans callback
  ---
  duration_ms: 1.845534
  type: 'test'
  ...
# Subtest: browser mode prefers JSONP and does not call fetch after success
ok 46 - browser mode prefers JSONP and does not call fetch after success
  ---
  duration_ms: 1.15137
  type: 'test'
  ...
# Subtest: JSONP failure falls back to official minimal POST request
ok 47 - JSONP failure falls back to official minimal POST request
  ---
  duration_ms: 1.151936
  type: 'test'
  ...
# Subtest: failed endpoint falls back to the next endpoint
ok 48 - failed endpoint falls back to the next endpoint
  ---
  duration_ms: 0.607845
  type: 'test'
  ...
# Subtest: all failures include endpoint and transport diagnostics
ok 49 - all failures include endpoint and transport diagnostics
  ---
  duration_ms: 3.639753
  type: 'test'
  ...
# Subtest: caller abort stops attempts immediately
ok 50 - caller abort stops attempts immediately
  ---
  duration_ms: 0.632614
  type: 'test'
  ...
# Subtest: development client can disable JSONP and use the injected fetch directly
ok 51 - development client can disable JSONP and use the injected fetch directly
  ---
  duration_ms: 0.440693
  type: 'test'
  ...
# Subtest: PWA registers the current service worker on HTTPS
ok 52 - PWA registers the current service worker on HTTPS
  ---
  duration_ms: 3.942467
  type: 'test'
  ...
# Subtest: PWA is skipped for an allowed development fixture
ok 53 - PWA is skipped for an allowed development fixture
  ---
  duration_ms: 0.422856
  type: 'test'
  ...
# Subtest: public devFixture query does not disable production PWA registration
ok 54 - public devFixture query does not disable production PWA registration
  ---
  duration_ms: 0.371591
  type: 'test'
  ...
# Subtest: PWA registration failure does not stop the game
ok 55 - PWA registration failure does not stop the game
  ---
  duration_ms: 0.47272
  type: 'test'
  ...
# Subtest: radar renderer is integrated without changing the map input owner
ok 56 - radar renderer is integrated without changing the map input owner
  ---
  duration_ms: 90.893984
  type: 'test'
  ...
# Subtest: radar theme exposes tactical palette and mobile layout rules
ok 57 - radar theme exposes tactical palette and mobile layout rules
  ---
  duration_ms: 6.273147
  type: 'test'
  ...
# Subtest: combat and road renderers use radar glyphs and glow rather than emoji labels
ok 58 - combat and road renderers use radar glyphs and glow rather than emoji labels
  ---
  duration_ms: 4.757541
  type: 'test'
  ...
# Subtest: radar canvas layers render with a minimal canvas context
ok 59 - radar canvas layers render with a minimal canvas context
  ---
  duration_ms: 86.80447
  type: 'test'
  ...
# Subtest: playing footer stays clear of the combat toolbar
ok 60 - playing footer stays clear of the combat toolbar
  ---
  duration_ms: 3.727528
  type: 'test'
  ...
# Subtest: radar preferences apply defaults and cycle without game state
ok 61 - radar preferences apply defaults and cycle without game state
  ---
  duration_ms: 2.481764
  type: 'test'
  ...
# Subtest: bootstrap imports RadarPreferences before constructing it
ok 62 - bootstrap imports RadarPreferences before constructing it
  ---
  duration_ms: 92.219492
  type: 'test'
  ...
# Subtest: refactor schema 1 scrap is migrated into canonical resources
ok 63 - refactor schema 1 scrap is migrated into canonical resources
  ---
  duration_ms: 82.62521
  type: 'test'
  ...
# Subtest: parallel carriageways with the same identity collapse into one gameplay road
ok 64 - parallel carriageways with the same identity collapse into one gameplay road
  ---
  duration_ms: 85.014891
  type: 'test'
  ...
# Subtest: nearby roads with different names remain separate
ok 65 - nearby roads with different names remain separate
  ---
  duration_ms: 0.519115
  type: 'test'
  ...
# Subtest: clustered intersections build a connected graph and path
ok 66 - clustered intersections build a connected graph and path
  ---
  duration_ms: 5.37236
  type: 'test'
  ...
# Subtest: one RoadService load performs one acquisition and produces indexed graph data
ok 67 - one RoadService load performs one acquisition and produces indexed graph data
  ---
  duration_ms: 92.4261
  type: 'test'
  ...
# Subtest: save data remains JSON and graph indexes are reconstructed after load
ok 68 - save data remains JSON and graph indexes are reconstructed after load
  ---
  duration_ms: 6.353953
  type: 'test'
  ...
# Subtest: lifecycle follows the new startup sequence
ok 69 - lifecycle follows the new startup sequence
  ---
  duration_ms: 3.238873
  type: 'test'
  ...
# Subtest: invalid transition is rejected
ok 70 - invalid transition is rejected
  ---
  duration_ms: 1.035477
  type: 'test'
  ...
# Subtest: state snapshots cannot mutate the store
ok 71 - state snapshots cannot mutate the store
  ---
  duration_ms: 0.476956
  type: 'test'
  ...
# Subtest: source contains no legacy function override pattern or duplicate fetchRoadGraph
ok 72 - source contains no legacy function override pattern or duplicate fetchRoadGraph
  ---
  duration_ms: 304.969619
  type: 'test'
  ...
# Subtest: repair relay remains available as a build tool
ok 73 - repair relay remains available as a build tool
  ---
  duration_ms: 3.560832
  type: 'test'
  ...
# Subtest: only one tab owns the synchronous storage lease
ok 74 - only one tab owns the synchronous storage lease
  ---
  duration_ms: 2.434161
  type: 'test'
  ...
# Subtest: broadcast fallback elects one primary tab when storage is unavailable
ok 75 - broadcast fallback elects one primary tab when storage is unavailable
  ---
  duration_ms: 0.903484
  type: 'test'
  ...
# Subtest: remaining route distance accounts for current edge progress
ok 76 - remaining route distance accounts for current edge progress
  ---
  duration_ms: 1.837234
  type: 'test'
  ...
# Subtest: threat level escalates from contact to critical
ok 77 - threat level escalates from contact to critical
  ---
  duration_ms: 0.639107
  type: 'test'
  ...
# Subtest: clear threat reports stable defense line
ok 78 - clear threat reports stable defense line
  ---
  duration_ms: 0.327627
  type: 'test'
  ...
# Subtest: tactical routes and focus render with a minimal canvas context
ok 79 - tactical routes and focus render with a minimal canvas context
  ---
  duration_ms: 80.798559
  type: 'test'
  ...
# Subtest: a fully destroyed wave increments perfect defense streak exactly once
ok 80 - a fully destroyed wave increments perfect defense streak exactly once
  ---
  duration_ms: 5.790294
  type: 'test'
  ...
# Subtest: civilization level creates resource bases without duplicating them
ok 81 - civilization level creates resource bases without duplicating them
  ---
  duration_ms: 1.865032
  type: 'test'
  ...
# Subtest: initial base placement excludes civilization resource bases
ok 82 - initial base placement excludes civilization resource bases
  ---
  duration_ms: 55.504737
  type: 'test'
  ...
# Subtest: captured base waits for its respawn timer and then reappears elsewhere
ok 83 - captured base waits for its respawn timer and then reappears elsewhere
  ---
  duration_ms: 1.283687
  type: 'test'
  ...
1..83
# tests 83
# suites 0
# pass 83
# fail 0
# cancelled 0
# skipped 0
# todo 0
# duration_ms 3088.381327
# start of coverage report
# ----------------------------------------------------------------------------------------------------------------------------------------
# file                            | line % | branch % | funcs % | uncovered lines
# ----------------------------------------------------------------------------------------------------------------------------------------
# src                             |        |          |         | 
#  app                            |        |          |         | 
#   pwa.js                        | 100.00 |    62.50 |  100.00 | 
#  base                           |        |          |         | 
#   base-graph.js                 |  91.30 |    55.56 |   80.00 | 22-23 25-26 32-33
#   base-placement-service.js     |  96.67 |    66.67 |   75.00 | 58-59
#  civilization                   |        |          |         | 
#   civilization-system.js        |  71.21 |    40.00 |  100.00 | 16-22 34-42 44-46
#   data.js                       | 100.00 |    86.67 |  100.00 | 
#   inventory-system.js           |  95.89 |    65.15 |   92.86 | 14 27-29 68-69
#   outpost-system.js             |  91.45 |    43.40 |   82.35 | 31 46-47 126-129 131-133 150-152
#   production-system.js          |  87.32 |    72.09 |   82.35 | 27-30 50-52 127-133 138-141
#   progression-system.js         |  65.28 |    60.47 |   38.24 | 21-23 51-57 75 105-116 119-126 129-134 151-152 163-175 188-193 199-215
#   repair-cost.js                | 100.00 |    45.45 |  100.00 | 
#   settlement-system.js          |  70.00 |    42.31 |   66.67 | 59-74 77-93
#  combat                         |        |          |         | 
#   build-system.js               |  62.92 |    41.18 |   44.44 | 7-17 51-70 76-77
#   combat-geometry.js            |  61.11 |    66.67 |   50.00 | 4-10
#   combat-initializer.js         |  93.98 |    73.33 |   84.62 | 79-83
#   combat-system.js              | 100.00 |    80.00 |  100.00 | 
#   defense-system.js             |  71.28 |    61.11 |   77.78 | 61-87
#   definitions.js                | 100.00 |    71.43 |  100.00 | 
#   enemy-system.js               |  80.16 |    67.74 |   80.00 | 41-43 69 78-83 117-119 124-125 171-186 206-211 217-219 224-232
#   routing-system.js             |  87.95 |    67.86 |   80.00 | 16-20 28-32
#   wave-system.js                |  87.30 |    68.37 |   81.82 | 7-11 19-21 36-43 151-153 156-160
#  core                           |        |          |         | 
#   constants.js                  | 100.00 |   100.00 |  100.00 | 
#   errors.js                     | 100.00 |   100.00 |  100.00 | 
#   event-bus.js                  |  92.31 |    75.00 |   83.33 | 24-25
#   state-schema.js               |  93.52 |    37.04 |  100.00 | 74-76 103-106
#   state-store.js                |  55.17 |    80.00 |   55.56 | 13-14 43-52 56-65 68-74 77-86
#   utilities.js                  |  91.30 |    83.33 |   75.00 | 8-9
#  location                       |        |          |         | 
#   location-privacy.js           | 100.00 |   100.00 |  100.00 | 
#  persistence                    |        |          |         | 
#   legacy-save-migration.js      |  84.15 |    16.67 |   73.33 | 11-12 22-40 134-138
#   offline-simulator.js          | 100.00 |    65.00 |   55.56 | 
#   save-repository.js            |  72.89 |    55.88 |   81.82 | 61-63 78-79 82-83 87-97 105-109 113-123 133-135 144-145 149-151 162-164
#   storage-access.js             |  71.43 |    75.00 |  100.00 | 7-12
#   tab-coordinator.js            |  87.97 |    65.96 |   75.00 | 33 44-45 67-69 104 106-107 123-129
#  rendering                      |        |          |         | 
#   combat-effects.js             |  79.72 |    58.93 |   77.27 | 16-18 38-52 62-66 70-72 74 162-164 166-167 172-174 176 178 183-188
#   radar-renderer.js             |  95.24 |    62.50 |   80.00 | 18-20 164-168
#   tactical-overlay.js           |  54.46 |    44.00 |   52.94 | 12 87-104 106-119 121-124 126-163 185-201
#   threat-analysis.js            |  88.37 |    52.63 |   77.78 | 20-21 26-33
#  roads                          |        |          |         | 
#   geometry.js                   | 100.00 |    85.71 |  100.00 | 
#   graph-cleanup.js              |  86.52 |    58.97 |   91.67 | 20-26 49-51 86-87
#   intersection-clustering.js    | 100.00 |    81.58 |  100.00 | 
#   overpass-client.js            |  97.44 |    64.91 |   77.78 | 55-56 90-92
#   parallel-road-collapse.js     |  98.70 |    57.14 |  100.00 | 9
#   pathfinding.js                | 100.00 |    63.16 |  100.00 | 
#   road-constants.js             | 100.00 |   100.00 |  100.00 | 
#   road-filter.js                |  95.74 |    40.91 |  100.00 | 26-27
#   road-graph.js                 |  95.71 |    75.00 |  100.00 | 20-22
#   road-parser.js                |  94.94 |    52.63 |  100.00 | 14-15 75-76
#   road-service.js               | 100.00 |   100.00 |  100.00 | 
#  ui                             |        |          |         | 
#   radar-preferences.js          |  85.87 |    73.53 |   84.62 | 5-15 59-60
# tests                           |        |          |         | 
#  app-shell.test.js              | 100.00 |   100.00 |  100.00 | 
#  audit-regressions.test.js      | 100.00 |   100.00 |   90.91 | 
#  base-placement.test.js         | 100.00 |   100.00 |  100.00 | 
#  civilization.test.js           | 100.00 |   100.00 |  100.00 | 
#  combat-effects.test.js         | 100.00 |   100.00 |   92.59 | 
#  combat.test.js                 | 100.00 |    86.67 |  100.00 | 
#  import-graph.test.js           |  95.92 |    84.21 |  100.00 | 38-39
#  long-run.test.js               | 100.00 |   100.00 |  100.00 | 
#  migration.test.js              | 100.00 |   100.00 |  100.00 | 
#  offline-simulator.test.js      | 100.00 |    85.71 |  100.00 | 
#  overpass-client.test.js        |  99.38 |    96.97 |   90.91 | 141
#  pwa.test.js                    | 100.00 |   100.00 |   88.89 | 
#  radar-interface.test.js        | 100.00 |   100.00 |   82.05 | 
#  radar-preferences.test.js      | 100.00 |    90.00 |  100.00 | 
#  refactor-v1-migration.test.js  | 100.00 |   100.00 |  100.00 | 
#  road-collapse.test.js          | 100.00 |   100.00 |  100.00 | 
#  road-graph.test.js             | 100.00 |    87.50 |  100.00 | 
#  road-service.test.js           | 100.00 |   100.00 |  100.00 | 
#  save-repository.test.js        | 100.00 |    87.50 |  100.00 | 
#  state-store.test.js            | 100.00 |   100.00 |  100.00 | 
#  static-check.test.js           | 100.00 |   100.00 |  100.00 | 
#  tab-coordinator.test.js        | 100.00 |   100.00 |   85.00 | 
#  tactical-awareness.test.js     | 100.00 |   100.00 |   90.91 | 
#  wave-system.test.js            | 100.00 |   100.00 |  100.00 | 
# ----------------------------------------------------------------------------------------------------------------------------------------
# all files                       |  88.90 |    67.67 |   83.03 | 
# ----------------------------------------------------------------------------------------------------------------------------------------
# end of coverage report
