FRONTLINE ROADS v0.32.6 final audit

Road expansion behavior
- Wooden survey towers and player-frontier movement use the same RoadWorldManager/RoadService/OverpassClient stack.
- POST, GET and opaque-origin sandbox JSONP transports are available.
- Successful endpoint and transport preference survives reload.
- Useful service and generic road ways are accepted; driveway-like service ways remain excluded.
- An empty response requires confirmation from two different endpoints.
- A later non-empty endpoint overrides an earlier false-empty response.
- Expanded roads are merged into the live graph, rendered, and saved immediately.

Legacy recovery
- Road chunk state version is 3.
- v2 empty, stale cached, and failed markers are released for reacquisition.
- Empty cached graphs are removed instead of blocking future requests.
- Network-empty graphs are not persisted in IndexedDB.

Security
- No external script is injected into the parent document.
- JSONP executes only inside an iframe sandboxed with allow-scripts.
- allow-same-origin is absent.
- Only validated Overpass elements are returned to the game through postMessage.

Static integrity
- 102 production JavaScript modules.
- 102 reachable from bootstrap.
- 0 unreachable modules.
- 0 unresolved relative imports.
- 0 dependency cycles.
- 0 duplicate HTML ids.
- 0 service-worker source omissions.

Compatibility
- Save key unchanged: frontline_roads_refactor_v2
- Save schema unchanged: 2
