FRONTLINE ROADS v0.29.1 DISPLAY RECOVERY AUDIT

Release: 0.29.1-display-recovery
Baseline gameplay: 0.29.0-enemy-personalities

CORRECTION
- Removed src/app/release-loader.js.
- No pre-boot Service Worker unregister or cache deletion remains.
- Stylesheet loading completes before bootstrap import.
- Current-path and canonical frontline-roads path candidates are attempted.
- Failed assets receive one delayed cache-busted retry.
- /fr/ compatibility entry redirects to the canonical application.
- Root and application .nojekyll markers are included.
- Versioned requests can use Service Worker cache fallback with ignoreSearch.

VERIFICATION
- npm run verify: 312 pass, 0 fail.
- serial node tests: 312 pass, 0 fail.
- asset-loader simulation: 2 pass, 0 fail.
- production JavaScript modules: 97.
- reachable from bootstrap: 97.
- unreachable modules: 0.
- missing relative imports: 0.
- import cycles: 0.
- duplicate HTML IDs: 0.
- CSS brace balance: 348 / 348.
- PWA runtime entries: 98.
- PWA missing/stale entries: 0 / 0.
- destructive pre-boot cache delete: false.
- obsolete release loader: absent.

HTTP DELIVERY
- / : 200
- /fr/ : 200
- /frontline-roads/ : 200
- versioned CSS: 200 text/css
- versioned bootstrap: 200 text/javascript
- enemy personality module: 200 text/javascript
- Service Worker: 200 text/javascript

BROWSER LIMIT
Chromium headless was blocked before screenshot generation by container-level inotify, DBus and netlink restrictions. This is recorded in docs/browser-test-v0.29.1.md. Final mobile visual and GPS checks remain deployment-only.

SAVE COMPATIBILITY
- SAVE_KEY unchanged.
- SCHEMA_VERSION unchanged at 2.
- No gameplay balance or enemy behavior changed in this correction.
