FRONTLINE ROADS v0.29.0 ENEMY PERSONALITIES FINAL AUDIT

Release: 0.29.0-enemy-personalities
Save key: unchanged
Save schema: 2 (unchanged)

IMPLEMENTED
- Unified personality profiles for every enemy definition.
- Bounded flank routing with shortest-route fallback.
- Wave doctrines selected from the active civilization level.
- Civilization Lv.1: Pathfinder Scout, Marauder.
- Civilization Lv.2: Sapper, Pillager.
- Civilization Lv.3: Flank Rider, War Drummer.
- Civilization Lv.4: Squad Hunter, Iron Saboteur, Iron Guard.
- Simple-base raids, facility sabotage, friendly-squad pursuit, speed support and shield support.
- Enemy context UI exposes personality, doctrine, route mode, detour and objective.
- Personality, doctrine and route metadata survive save/restore without a schema migration.

ROUTE VERIFICATION
- Reference shortest road route: 200m.
- Pathfinder/Flank Rider selected separated alternative: approximately 317m.
- Accepted ratio: approximately 1.59x, inside the configured 1.70x boundary.
- Standard infantry retained the shortest route.
- If no acceptable separated route exists, flanking falls back to evasive routing.

AUTOMATED VERIFICATION
- npm run verify: 308 passed, 0 failed.
- node --test --test-concurrency=1: 308 passed, 0 failed.
- Enemy personality dedicated suite: 7 passed, 0 failed.

STATIC AUDIT
- Production JavaScript modules: 98.
- Reachable from release loader: 98.
- Unreachable modules: 0.
- Missing relative imports: 0.
- Import cycles: 0.
- HTML duplicate IDs: 0.
- CSS brace delta: 0.
- Empty source/test files: 0.
- PWA expected runtime entries: 99.
- PWA missing/stale entries: 0/0.

BROWSER ATTEMPT
- Outer entry HTTP response: 200.
- Application entry HTTP response: 200.
- New personality module HTTP response: 200.
- Headless Chromium did not complete before timeout because this container lacks usable DBus/inotify services.
- No missing local runtime resource was detected by HTTP delivery.
- GPS, touch input, live Overpass and installed-PWA behavior require final deployed HTTPS/mobile validation.
