FRONTLINE ROADS v0.32.4 SURVEY AND CONSTRUCTION-RANGE RELIABILITY AUDIT

Release: 0.32.4-survey-range-reliability
Scope: survey road communication reliability, observable communication diagnostics, civilization-scaled construction territory

Implemented behavior:
- Major-base construction radius is 85 × 2^civilization level meters.
- Simple-base construction radius is 50 × 2^civilization level meters.
- The current physical-position construction radius remains fixed at 85m.
- Construction validation, placement overlays, messages and cache signatures use the same derived range.
- Survey chunk acquisition uses a compact bounding-box query.
- Overpass endpoint and transport success are remembered in memory and optional local storage.
- Manual survey bypasses automatic retry cooldown.
- Survey UI reports communication success, endpoint, transport, raw response size and integrated road count separately.
- Network failure is distinguished from a successful response followed by road-processing failure.
- No JSONP or remote-script transport is present.

Verification completed before packaging:
- JavaScript syntax: PASS.
- Standard regression: 394 passed, 0 failed.
- Serial regression: 394 passed, 0 failed.
- Re-extracted package regression: 394 passed, 0 failed.
- Production JavaScript modules: 100.
- Entry-reachable modules: 100.
- Unreachable modules: 0.
- Unresolved imports: 0.
- Circular dependencies: 0.
- Duplicate HTML IDs: 0.
- CSS structure issues: 0.
- Service-worker runtime omissions: 0.

Environment limitations:
- Headless Chromium did not complete initialization because the container blocked inotify/NETLINK and lacked DBus.
- The container could not resolve public DNS, so an actual Overpass response could not be proven here.
- Deterministic network fixtures cover success, CORS-style fetch failure, GET fallback, endpoint rotation, persisted preference, timeout/abort diagnostics, parser failure after response and successful graph integration.

Save compatibility:
- Save key unchanged.
- Schema version unchanged.
- New survey diagnostic fields are optional and normalized in place.
- Construction ranges are derived from civilization level and require no migration.
