FRONTLINE ROADS v0.32.1 UI / REPAIR VISIBILITY AUDIT

Release: 0.32.1-ui-repair-visibility
Save key: frontline_roads_refactor_v2
Schema: 2 (unchanged)

Implemented:
- Content-sized single-row resource HUD with inline overflow stock.
- Clear headquarters HP current/max label.
- Prominent repair-demand count in the base summary.
- Visible red FIX markers for ruined defenses.
- Canonical construction icon reused on each map facility marker.
- Ruins reserve their node/edge until repair or removal.
- Legacy overlapping facilities select active first and cycle on repeated taps.

Verification:
- Syntax: passed.
- Parallel tests: 371 passed, 0 failed.
- Serial tests: 371 passed, 0 failed.
- Production modules: 98 / 98 reachable from bootstrap.
- Missing relative imports: 0.
- Circular dependencies: 0.
- Duplicate HTML IDs: 0.
- CSS brace imbalance: 0.
- Service-worker runtime omissions: 0.
- Legacy direct StateStore API references: 0.
- JSONP runtime references: 0.
- Fixed resource HUD max-height: absent.

Browser limitation:
- Headless Chromium did not produce a screenshot because the execution environment blocked inotify and NETLINK and lacked DBus. See browser-test-v0.32.1.md.
