./.nojekyll: OK
./README.md: OK
./docs/adaptive-fronts-v0.19.0.md: OK
./docs/base-selection-landscape-v0.17.1.png: OK
./docs/base-selection-portrait-v0.17.1.png: OK
./docs/base-selection-viewport-v0.17.1.md: OK
./docs/base-selection-visibility-v0.31.2.md: OK
./docs/browser-base-selection-v0.17.1.json: OK
./docs/browser-performance-balanced-v0.17.0.json: OK
./docs/browser-performance-mobile-v0.17.0.json: OK
./docs/browser-performance-mobile-v0.17.0.png: OK
./docs/browser-test-limit-v0.18.0.md: OK
./docs/browser-test-limit-v0.19.0.md: OK
./docs/browser-test-limit-v0.20.0.md: OK
./docs/browser-test-limit-v0.21.0.md: OK
./docs/browser-test-limit-v0.21.1.md: OK
./docs/browser-test-limit-v0.22.0.md: OK
./docs/browser-test-limit-v0.22.1.md: OK
./docs/browser-test-limit-v0.22.2.md: OK
./docs/browser-test-limit-v0.23.0.md: OK
./docs/browser-test-limit-v0.24.0.md: OK
./docs/browser-test-limit-v0.25.0.md: OK
./docs/browser-test-limit-v0.26.0.md: OK
./docs/browser-test-limit-v0.27.0.md: OK
./docs/browser-test-limit-v0.28.0.md: OK
./docs/browser-test-v0.28.1.md: OK
./docs/browser-test-v0.28.2.md: OK
./docs/browser-test-v0.28.3.md: OK
./docs/browser-test-v0.28.4.md: OK
./docs/browser-test-v0.28.5.md: OK
./docs/browser-test-v0.29.0.md: OK
./docs/browser-test-v0.29.1.md: OK
./docs/browser-test-v0.30.0.md: OK
./docs/browser-test-v0.30.1.md: OK
./docs/browser-test-v0.30.2.md: OK
./docs/browser-test-v0.30.3.md: OK
./docs/browser-test-v0.31.0.md: OK
./docs/browser-test-v0.31.1.md: OK
./docs/browser-test-v0.31.3.md: OK
./docs/browser-test-v0.32.0.md: OK
./docs/browser-test-v0.32.1.md: OK
./docs/browser-test-v0.32.10.md: OK
./docs/browser-test-v0.32.11.md: OK
./docs/browser-test-v0.32.12.md: OK
./docs/browser-test-v0.32.2.md: OK
./docs/browser-test-v0.32.3.md: OK
./docs/browser-test-v0.32.4.md: OK
./docs/browser-test-v0.32.5.md: OK
./docs/browser-test-v0.32.6.md: OK
./docs/browser-test-v0.32.7.md: OK
./docs/browser-test-v0.32.8.md: OK
./docs/browser-test-v0.32.9.md: OK
./docs/build-planning-v0.18.0.md: OK
./docs/civilization-road-federation-v0.33.0.md: OK
./docs/collapse-recovery-balance-v0.32.2.json: OK
./docs/collapse-recovery-balance-v0.32.2.md: OK
./docs/combat-balance-v0.22.0.md: OK
./docs/combined-arms-v0.26.0.md: OK
./docs/command-capacity-resource-hud-v0.31.3.md: OK
./docs/compact-defense-panel-v0.30.3.md: OK
./docs/construction-boundaries-v0.30.1.md: OK
./docs/construction-intercept-camera-v0.32.9.md: OK
./docs/context-panel-stability-v0.28.5.md: OK
./docs/contextual-deployment-v0.28.1.md: OK
./docs/coverage-v0.17.0.log: OK
./docs/defense-tiers-v0.23.0.md: OK
./docs/dense-front-performance-v0.32.11.md: OK
./docs/destroyed-facility-removal-v0.32.5-ja.md: OK
./docs/destroyed-facility-removal-v0.32.5.md: OK
./docs/display-recovery-v0.29.1.md: OK
./docs/enemy-personalities-v0.29.0.md: OK
./docs/enemy-personality-verification-v0.29.0.log: OK
./docs/enemy-route-recovery-v0.33.3.md: OK
./docs/expedition-construction-recovery-v0.32.7.md: OK
./docs/expeditionary-command-v0.21.0.md: OK
./docs/field-bases-v0.24.0.md: OK
./docs/file-manifest-v0.17.0.sha256: OK
./docs/file-manifest-v0.17.1.sha256: OK
./docs/file-manifest-v0.18.0.sha256: OK
./docs/file-manifest-v0.19.0.sha256: OK
./docs/file-manifest-v0.20.0.sha256: OK
./docs/file-manifest-v0.21.0.sha256: OK
./docs/file-manifest-v0.21.1.sha256: OK
./docs/file-manifest-v0.22.0.sha256: OK
./docs/file-manifest-v0.22.1.sha256: OK
./docs/file-manifest-v0.22.2.sha256: OK
./docs/file-manifest-v0.23.0.sha256: OK
./docs/file-manifest-v0.24.0.sha256: OK
./docs/file-manifest-v0.25.0.sha256: OK
./docs/file-manifest-v0.26.0.sha256: OK
./docs/file-manifest-v0.27.0.sha256: OK
./docs/file-manifest-v0.28.0.sha256: OK
./docs/file-manifest-v0.28.1.sha256: OK
./docs/file-manifest-v0.28.2.sha256: OK
./docs/file-manifest-v0.28.4.sha256: OK
./docs/file-manifest-v0.28.5.sha256: OK
./docs/file-manifest-v0.29.0.sha256: OK
./docs/file-manifest-v0.29.1.sha256: OK
./docs/file-manifest-v0.30.0.sha256: OK
./docs/file-manifest-v0.30.1.sha256: OK
./docs/file-manifest-v0.30.2.sha256: OK
./docs/file-manifest-v0.30.3.sha256: OK
./docs/file-manifest-v0.31.0.sha256: OK
./docs/file-manifest-v0.31.1.sha256: OK
./docs/file-manifest-v0.31.3.sha256: OK
./docs/file-manifest-v0.32.0.sha256: OK
./docs/file-manifest-v0.32.1.sha256: OK
./docs/file-manifest-v0.32.10.sha256: OK
./docs/file-manifest-v0.32.11.sha256: OK
./docs/file-manifest-v0.32.12.sha256: OK
./docs/file-manifest-v0.32.2.sha256: OK
./docs/file-manifest-v0.32.3.sha256: OK
./docs/file-manifest-v0.32.4.sha256: OK
./docs/file-manifest-v0.32.5.sha256: OK
./docs/file-manifest-v0.32.6.sha256: OK
./docs/file-manifest-v0.32.7.sha256: OK
./docs/file-manifest-v0.32.8.sha256: OK
./docs/file-manifest-v0.32.9.sha256: OK
./docs/file-manifest-v0.33.0.sha256: OK
./docs/file-manifest-v0.33.1.sha256: OK
./docs/file-manifest-v0.33.2.sha256: OK
./docs/file-manifest-v0.33.3.sha256: OK
./docs/final-audit-v0.20.0.log: OK
./docs/final-audit-v0.21.0.log: OK
./docs/final-audit-v0.21.1.log: OK
./docs/final-audit-v0.22.0.log: OK
./docs/final-audit-v0.22.1.log: OK
./docs/final-audit-v0.22.2.log: OK
./docs/final-audit-v0.23.0.log: OK
./docs/final-audit-v0.24.0.log: OK
./docs/final-audit-v0.25.0.log: OK
./docs/final-audit-v0.26.0.log: OK
./docs/final-audit-v0.27.0.log: OK
./docs/final-audit-v0.28.0.log: OK
./docs/final-audit-v0.28.1.log: OK
./docs/final-audit-v0.28.2.log: OK
./docs/final-audit-v0.28.4.log: OK
./docs/final-audit-v0.28.5.log: OK
./docs/final-audit-v0.29.0.log: OK
./docs/final-audit-v0.29.1.log: OK
./docs/final-audit-v0.30.0.log: OK
./docs/final-audit-v0.30.1.log: OK
./docs/final-audit-v0.30.2.log: OK
./docs/final-audit-v0.30.3.log: OK
./docs/final-audit-v0.31.0.log: OK
./docs/final-audit-v0.31.1.log: OK
./docs/final-audit-v0.31.3.log: OK
./docs/final-audit-v0.32.0.log: OK
./docs/final-audit-v0.32.1.log: OK
./docs/final-audit-v0.32.10.log: OK
./docs/final-audit-v0.32.11.log: OK
./docs/final-audit-v0.32.12.log: OK
./docs/final-audit-v0.32.2.log: OK
./docs/final-audit-v0.32.3.log: OK
./docs/final-audit-v0.32.4.log: OK
./docs/final-audit-v0.32.5.log: OK
./docs/final-audit-v0.32.6.log: OK
./docs/final-audit-v0.32.7.log: OK
./docs/final-audit-v0.32.9.log: OK
./docs/game-balance-v0.28.2.md: OK
./docs/gameplay-stabilization-v0.31.0.md: OK
./docs/headless-chromium-v0.33.1.log: OK
./docs/headless-chromium-v0.33.2.log: OK
./docs/http-verification-v0.32.11.log: OK
./docs/http-verification-v0.32.12.log: OK
./docs/http-verification-v0.33.1.log: OK
./docs/http-verification-v0.33.2.log: OK
./docs/http-verification-v0.33.3.log: OK
./docs/http-verification-v0.33.4.log: OK
./docs/hud-camera-balance-v0.32.12.md: OK
./docs/initial-road-startup-v0.33.3.json: OK
./docs/initial-road-startup-v0.33.3.md: OK
./docs/manifest-verification-v0.32.11.log: OK
./docs/manifest-verification-v0.32.12.log: OK
./docs/manifest-verification-v0.32.5.log: OK
./docs/manifest-verification-v0.32.6.log: OK
./docs/manifest-verification-v0.33.3.log: OK
./docs/modal-display-recovery-v0.32.10.md: OK
./docs/offline-equivalence-benchmark-v0.31.1.json: OK
./docs/offline-equivalence-v0.31.1.md: OK
./docs/performance-audit-v0.17.0.md: OK
./docs/performance-benchmark-v0.17.0.json: OK
./docs/performance-benchmark-v0.32.11.json: OK
./docs/persistence-survey-reliability-v0.32.3.md: OK
./docs/phase-0-audit.md: OK
./docs/phase-status.md: OK
./docs/playtest-balance-v0.32.12.json: OK
./docs/playtest-balance-v0.32.12.log: OK
./docs/playtest-balance-v0.33.2.log: OK
./docs/playtest-balance-v0.33.3.log: OK
./docs/playtest-balance-v0.33.4.log: OK
./docs/playtest-civilization-v0.33.0.json: OK
./docs/playtest-civilization-v0.33.0.log: OK
./docs/playtest-civilization-v0.33.1-regression.log: OK
./docs/playtest-civilization-v0.33.2.log: OK
./docs/playtest-civilization-v0.33.3.log: OK
./docs/playtest-civilization-v0.33.4.log: OK
./docs/playtest-coordinated-v0.31.0.json: OK
./docs/playtest-field-base-geography-v0.31.0.json: OK
./docs/playtest-opening-v0.31.0.json: OK
./docs/playtest-summary-v0.31.0.json: OK
./docs/readable-ui-v0.21.1.md: OK
./docs/reextracted-manifest-v0.32.1.log: OK
./docs/reextracted-manifest-v0.32.6.log: OK
./docs/reextracted-manifest-v0.32.7.log: OK
./docs/reextracted-syntax-v0.31.3.log: OK
./docs/reextracted-verification-v0.31.0.log: OK
./docs/reextracted-verification-v0.31.3.log: OK
./docs/reextracted-verification-v0.32.1.log: OK
./docs/reextracted-verification-v0.32.3.log: OK
./docs/reextracted-verification-v0.32.4.log: OK
./docs/reextracted-verification-v0.32.5.log: OK
./docs/reextracted-verification-v0.32.6.log: OK
./docs/reextracted-verification-v0.32.7.log: OK
./docs/release-verification-v0.33.3.md: OK
./docs/release-verification-v0.33.4.md: OK
./docs/retrieval-corps-v0.28.0.md: OK
./docs/road-acquisition-completeness-v0.32.8.md: OK
./docs/road-connectivity-cache-v0.33.3.json: OK
./docs/road-expansion-combat-integrity-v0.33.3.md: OK
./docs/road-expansion-hotpath-current-v0.33.4.log: OK
./docs/road-expansion-hotpath-v0.33.4.json: OK
./docs/road-expansion-hotpath-v0.33.4.md: OK
./docs/road-expansion-reliability-v0.32.6.md: OK
./docs/road-expansion-v0.30.2.md: OK
./docs/road-fetch-fix-v0.12.2.md: OK
./docs/road-topology-route-command-v0.33.4.md: OK
./docs/serial-verification-v0.26.0.log: OK
./docs/serial-verification-v0.27.0.log: OK
./docs/serial-verification-v0.28.0.log: OK
./docs/serial-verification-v0.28.1.log: OK
./docs/serial-verification-v0.28.2.log: OK
./docs/serial-verification-v0.28.4.log: OK
./docs/serial-verification-v0.28.5.log: OK
./docs/serial-verification-v0.29.0.log: OK
./docs/serial-verification-v0.29.1.log: OK
./docs/serial-verification-v0.30.0.log: OK
./docs/serial-verification-v0.30.1.log: OK
./docs/serial-verification-v0.30.2.log: OK
./docs/serial-verification-v0.30.3.log: OK
./docs/serial-verification-v0.31.0.log: OK
./docs/serial-verification-v0.31.1.log: OK
./docs/serial-verification-v0.31.3.log: OK
./docs/serial-verification-v0.32.0.log: OK
./docs/serial-verification-v0.32.1.log: OK
./docs/serial-verification-v0.32.10.log: OK
./docs/serial-verification-v0.32.11.log: OK
./docs/serial-verification-v0.32.12.log: OK
./docs/serial-verification-v0.32.2.log: OK
./docs/serial-verification-v0.32.3.log: OK
./docs/serial-verification-v0.32.4.log: OK
./docs/serial-verification-v0.32.5.log: OK
./docs/serial-verification-v0.32.6.log: OK
./docs/serial-verification-v0.32.7.log: OK
./docs/serial-verification-v0.32.8.log: OK
./docs/serial-verification-v0.32.9.log: OK
./docs/serial-verification-v0.33.0.log: OK
./docs/serial-verification-v0.33.1.log: OK
./docs/serial-verification-v0.33.2.log: OK
./docs/serial-verification-v0.33.3.log: OK
./docs/serial-verification-v0.33.4.log: OK
./docs/squad-recovery-v0.27.0.md: OK
./docs/state-foundation-v0.32.0.md: OK
./docs/static-audit-v0.24.0.json: OK
./docs/static-audit-v0.25.0.json: OK
./docs/static-audit-v0.26.0.json: OK
./docs/static-audit-v0.27.0.json: OK
./docs/static-audit-v0.28.0.json: OK
./docs/static-audit-v0.28.1.json: OK
./docs/static-audit-v0.28.2.json: OK
./docs/static-audit-v0.28.4.json: OK
./docs/static-audit-v0.28.5.json: OK
./docs/static-audit-v0.29.0.json: OK
./docs/static-audit-v0.29.1.json: OK
./docs/static-audit-v0.30.0.json: OK
./docs/static-audit-v0.30.1.json: OK
./docs/static-audit-v0.30.2.json: OK
./docs/static-audit-v0.30.3.json: OK
./docs/static-audit-v0.31.0.json: OK
./docs/static-audit-v0.31.1.json: OK
./docs/static-audit-v0.31.3.json: OK
./docs/static-audit-v0.32.0.json: OK
./docs/static-audit-v0.32.1.json: OK
./docs/static-audit-v0.32.10.json: OK
./docs/static-audit-v0.32.11.json: OK
./docs/static-audit-v0.32.12.json: OK
./docs/static-audit-v0.32.2.json: OK
./docs/static-audit-v0.32.3.json: OK
./docs/static-audit-v0.32.4.json: OK
./docs/static-audit-v0.32.5.json: OK
./docs/static-audit-v0.32.6.json: OK
./docs/static-audit-v0.32.7.json: OK
./docs/static-audit-v0.32.8.json: OK
./docs/static-audit-v0.32.9.json: OK
./docs/static-audit-v0.33.0.json: OK
./docs/static-audit-v0.33.1.json: OK
./docs/static-audit-v0.33.2.json: OK
./docs/static-audit-v0.33.3.json: OK
./docs/static-audit-v0.33.4.json: OK
./docs/survey-network-v0.25.0.md: OK
./docs/survey-range-reliability-v0.32.4.md: OK
./docs/syntax-v0.31.1.log: OK
./docs/syntax-v0.31.3.log: OK
./docs/syntax-v0.32.1.log: OK
./docs/syntax-v0.32.2.log: OK
./docs/syntax-v0.32.3.log: OK
./docs/syntax-v0.32.4.log: OK
./docs/syntax-v0.32.5.log: OK
./docs/syntax-v0.32.6.log: OK
./docs/syntax-v0.33.3.log: OK
./docs/syntax-v0.33.4.log: OK
./docs/syntax-verification-v0.32.12.log: OK
./docs/system-audit-v0.22.2.md: OK
./docs/system-integrity-v0.30.0.md: OK
./docs/tab-resume-recovery-v0.33.1.md: OK
./docs/tactical-build-performance-v0.33.2.json: OK
./docs/tactical-build-performance-v0.33.2.md: OK
./docs/tactical-orders-v0.22.1.md: OK
./docs/ui-cache-correction-v0.28.4.md: OK
./docs/ui-range-refinement-v0.28.3.md: OK
./docs/ui-repair-visibility-v0.32.1.md: OK
./docs/verification-v0.17.0.log: OK
./docs/verification-v0.17.1.log: OK
./docs/verification-v0.18.0.log: OK
./docs/verification-v0.19.0.log: OK
./docs/verification-v0.20.0.log: OK
./docs/verification-v0.21.0.log: OK
./docs/verification-v0.21.1.log: OK
./docs/verification-v0.22.0.log: OK
./docs/verification-v0.22.1.log: OK
./docs/verification-v0.22.2.log: OK
./docs/verification-v0.23.0.log: OK
./docs/verification-v0.24.0.log: OK
./docs/verification-v0.25.0.log: OK
./docs/verification-v0.26.0.log: OK
./docs/verification-v0.27.0.log: OK
./docs/verification-v0.28.0.log: OK
./docs/verification-v0.28.1.log: OK
./docs/verification-v0.28.2.log: OK
./docs/verification-v0.28.4.log: OK
./docs/verification-v0.28.5.log: OK
./docs/verification-v0.29.0.log: OK
./docs/verification-v0.29.1.log: OK
./docs/verification-v0.30.0.log: OK
./docs/verification-v0.30.1.log: OK
./docs/verification-v0.30.2.log: OK
./docs/verification-v0.30.3.log: OK
./docs/verification-v0.31.0.log: OK
./docs/verification-v0.31.1.log: OK
./docs/verification-v0.31.3.log: OK
./docs/verification-v0.32.0.log: OK
./docs/verification-v0.32.1.log: OK
./docs/verification-v0.32.10.log: OK
./docs/verification-v0.32.11.log: OK
./docs/verification-v0.32.12.log: OK
./docs/verification-v0.32.2.log: OK
./docs/verification-v0.32.3.log: OK
./docs/verification-v0.32.4.log: OK
./docs/verification-v0.32.5.log: OK
./docs/verification-v0.32.6.log: OK
./docs/verification-v0.32.7.log: OK
./docs/verification-v0.32.8.log: OK
./docs/verification-v0.32.9.log: OK
./docs/verification-v0.33.0.log: OK
./docs/verification-v0.33.1.log: OK
./docs/verification-v0.33.2.log: OK
./docs/verification-v0.33.3.log: OK
./docs/verification-v0.33.4.log: OK
./docs/world-frontiers-v0.20.0.md: OK
./icon-192.png: OK
./icon-512.png: OK
./index.html: OK
./manifest.webmanifest: OK
./package.json: OK
./src/app/bootstrap.js: OK
./src/app/development-fixture.js: OK
./src/app/game-loop.js: OK
./src/app/lifecycle.js: OK
./src/app/performance-profile.js: OK
./src/app/pwa.js: OK
./src/base/base-graph.js: OK
./src/base/base-placement-service.js: OK
./src/base/base-state.js: OK
./src/base/construction-range.js: OK
./src/base/field-base-system.js: OK
./src/base/field-bases.js: OK
./src/base/player-base-system.js: OK
./src/base/player-bases.js: OK
./src/civilization/civilization-system.js: OK
./src/civilization/data.js: OK
./src/civilization/defense-upgrade.js: OK
./src/civilization/inventory-system.js: OK
./src/civilization/production-system.js: OK
./src/civilization/progression-system.js: OK
./src/civilization/repair-cost.js: OK
./src/civilization/settlement-system.js: OK
./src/combat/build-site-planner.js: OK
./src/combat/build-system.js: OK
./src/combat/combat-geometry.js: OK
./src/combat/combat-initializer.js: OK
./src/combat/combat-spatial-index.js: OK
./src/combat/combat-system.js: OK
./src/combat/defense-lifecycle.js: OK
./src/combat/defense-presentation.js: OK
./src/combat/defense-system.js: OK
./src/combat/definitions.js: OK
./src/combat/enemy-base-placement.js: OK
./src/combat/enemy-base-system.js: OK
./src/combat/enemy-personalities.js: OK
./src/combat/enemy-scaling.js: OK
./src/combat/enemy-system.js: OK
./src/combat/friendly-force-definitions.js: OK
./src/combat/friendly-force-system.js: OK
./src/combat/friendly-healing-system.js: OK
./src/combat/friendly-recovery-system.js: OK
./src/combat/friendly-route-planner.js: OK
./src/combat/region-activity.js: OK
./src/combat/road-unit-position.js: OK
./src/combat/routing-system.js: OK
./src/combat/wave-system.js: OK
./src/core/constants.js: OK
./src/core/errors.js: OK
./src/core/event-bus.js: OK
./src/core/recovery-balance.js: OK
./src/core/runtime-state.js: OK
./src/core/state-normalizer.js: OK
./src/core/state-schema.js: OK
./src/core/state-store.js: OK
./src/core/utilities.js: OK
./src/exploration/exploration-system.js: OK
./src/exploration/frontier-system.js: OK
./src/exploration/recovery-system.js: OK
./src/exploration/survey-system.js: OK
./src/location/geolocation-service.js: OK
./src/location/location-privacy.js: OK
./src/persistence/legacy-save-migration.js: OK
./src/persistence/offline-simulator.js: OK
./src/persistence/road-chunk-cache.js: OK
./src/persistence/road-graph-codec.js: OK
./src/persistence/save-repository.js: OK
./src/persistence/storage-access.js: OK
./src/persistence/tab-coordinator.js: OK
./src/rendering/build-placement-overlay.js: OK
./src/rendering/camera.js: OK
./src/rendering/combat-effects.js: OK
./src/rendering/combat-renderer.js: OK
./src/rendering/exploration-renderer.js: OK
./src/rendering/friendly-order-overlay.js: OK
./src/rendering/frontier-renderer.js: OK
./src/rendering/radar-renderer.js: OK
./src/rendering/renderer.js: OK
./src/rendering/road-renderer.js: OK
./src/rendering/tactical-overlay.js: OK
./src/rendering/threat-analysis.js: OK
./src/roads/geometry.js: OK
./src/roads/graph-cleanup.js: OK
./src/roads/graph-merge.js: OK
./src/roads/intersection-clustering.js: OK
./src/roads/overpass-client.js: OK
./src/roads/road-constants.js: OK
./src/roads/road-elevation.js: OK
./src/roads/road-filter.js: OK
./src/roads/road-graph.js: OK
./src/roads/road-parser.js: OK
./src/roads/road-service.js: OK
./src/roads/road-topology-repair.js: OK
./src/roads/road-world-manager.js: OK
./src/roads/sandbox-jsonp-transport.js: OK
./src/roads/world-chunk-grid.js: OK
./src/styles/app.css: OK
./src/ui/base-command-ui.js: OK
./src/ui/base-placement-screen.js: OK
./src/ui/civilization-ui.js: OK
./src/ui/combat-ui.js: OK
./src/ui/deployment-ui.js: OK
./src/ui/dom.js: OK
./src/ui/map-input.js: OK
./src/ui/menu-ui.js: OK
./src/ui/notifications.js: OK
./src/ui/radar-preferences.js: OK
./sw.js: OK
./tests/app-shell.test.js: OK
./tests/audit-regressions.test.js: OK
./tests/balance-system.test.js: OK
./tests/base-command-ui.test.js: OK
./tests/base-placement.test.js: OK
./tests/base-selection-viewport.test.js: OK
./tests/bootstrap-recovery-boundaries.test.js: OK
./tests/build-placement-overlay.test.js: OK
./tests/build-planning.test.js: OK
./tests/civilization-balance-v0330.test.js: OK
./tests/civilization-expansion-v0330.test.js: OK
./tests/civilization.test.js: OK
./tests/collapse-recovery-balance-v0322.test.js: OK
./tests/combat-build-ui.test.js: OK
./tests/combat-effects.test.js: OK
./tests/combat.test.js: OK
./tests/command-capacity-and-resource-hud-v0313.test.js: OK
./tests/construction-intercept-camera-v0329.test.js: OK
./tests/defense-presentation.test.js: OK
./tests/defense-tiers.test.js: OK
./tests/dense-front-performance-v03211.test.js: OK
./tests/deployment-asset-loader.test.js: OK
./tests/deployment-ui.test.js: OK
./tests/destroyed-facility-removal-v0325.test.js: OK
./tests/enemy-behavior.test.js: OK
./tests/enemy-personality-system.test.js: OK
./tests/enemy-route-recovery-v0333.test.js: OK
./tests/exploration-system.test.js: OK
./tests/field-base-system.test.js: OK
./tests/friendly-force-system.test.js: OK
./tests/friendly-order-ui.test.js: OK
./tests/friendly-orders.test.js: OK
./tests/friendly-recovery.test.js: OK
./tests/friendly-unit-types.test.js: OK
./tests/frontier-system.test.js: OK
./tests/game-balance-regression.test.js: OK
./tests/gameplay-stabilization-v031.test.js: OK
./tests/hud-camera-balance-v03212.test.js: OK
./tests/import-graph.test.js: OK
./tests/initial-road-startup-v0333.test.js: OK
./tests/long-run.test.js: OK
./tests/migration.test.js: OK
./tests/modal-display-recovery-v03210.test.js: OK
./tests/offline-equivalence-v0311.test.js: OK
./tests/offline-simulator.test.js: OK
./tests/overpass-client.test.js: OK
./tests/performance.test.js: OK
./tests/persistence-survey-reliability-v0323.test.js: OK
./tests/player-base-system.test.js: OK
./tests/progression-integrity.test.js: OK
./tests/pwa.test.js: OK
./tests/radar-interface.test.js: OK
./tests/radar-preferences.test.js: OK
./tests/recovery-system.test.js: OK
./tests/refactor-v1-migration.test.js: OK
./tests/retrieval-squad.test.js: OK
./tests/road-acquisition-completeness-v0328.test.js: OK
./tests/road-chunks.test.js: OK
./tests/road-expansion-combat-integrity-v0333.test.js: OK
./tests/road-expansion-combat-longrun-v0333.test.js: OK
./tests/road-expansion-reliability-v0326.test.js: OK
./tests/road-graph.test.js: OK
./tests/road-service.test.js: OK
./tests/road-topology-route-command-v0334.test.js: OK
./tests/road-world-manager.test.js: OK
./tests/sandbox-jsonp-transport.test.js: OK
./tests/save-repository.test.js: OK
./tests/service-worker-resume-v0331.test.js: OK
./tests/state-store.test.js: OK
./tests/static-check.test.js: OK
./tests/survey-range-reliability-v0324.test.js: OK
./tests/survey-system.test.js: OK
./tests/system-integrity-v030.test.js: OK
./tests/tab-coordinator.test.js: OK
./tests/tab-resume-recovery-v0331.test.js: OK
./tests/tactical-awareness.test.js: OK
./tests/tactical-build-performance-v0332.test.js: OK
./tests/typography.test.js: OK
./tests/ui-read-only-state.test.js: OK
./tests/wave-system.test.js: OK
./tests/world-regions.test.js: OK
./tools/benchmark-initial-road-v0333.mjs: OK
./tools/benchmark-road-expansion-hotpath-v0334.mjs: OK
./tools/playtest-balance-v03212.mjs: OK
./tools/playtest-civilization-v0330.mjs: OK
