
> frontline-roads-refactor@0.32.6 verify
> npm run syntax && npm test


> frontline-roads-refactor@0.32.6 syntax
> find src tests -name '*.js' -print0 | xargs -0 -n1 node --check && node --check sw.js


> frontline-roads-refactor@0.32.6 test
> node --test

TAP version 13
# Subtest: HTML references only existing local app resources and required controls exist
ok 1 - HTML references only existing local app resources and required controls exist
  ---
  duration_ms: 58.200483
  type: 'test'
  ...
# Subtest: every required DOM id used by bootstrap exists in HTML
ok 2 - every required DOM id used by bootstrap exists in HTML
  ---
  duration_ms: 5.0191
  type: 'test'
  ...
# Subtest: service worker app shell contains every runtime source file and all paths exist
ok 3 - service worker app shell contains every runtime source file and all paths exist
  ---
  duration_ms: 102.203362
  type: 'test'
  ...
# Subtest: development tree has no premature single-HTML build output
ok 4 - development tree has no premature single-HTML build output
  ---
  duration_ms: 1.384508
  type: 'test'
  ...
# Subtest: service worker only deletes FRONTLINE ROADS caches
ok 5 - service worker only deletes FRONTLINE ROADS caches
  ---
  duration_ms: 1.812741
  type: 'test'
  ...
# Subtest: service worker falls back to HTML only for navigation requests
ok 6 - service worker falls back to HTML only for navigation requests
  ---
  duration_ms: 1.467811
  type: 'test'
  ...
# Subtest: release version is synchronized across package, runtime label, HTML loader and service-worker cache
ok 7 - release version is synchronized across package, runtime label, HTML loader and service-worker cache
  ---
  duration_ms: 5.248731
  type: 'test'
  ...
# Subtest: asset startup does not delete caches or unregister service workers before boot
ok 8 - asset startup does not delete caches or unregister service workers before boot
  ---
  duration_ms: 1.530161
  type: 'test'
  ...
# Subtest: GitHub Pages package includes no-Jekyll markers and the legacy fr redirect
ok 9 - GitHub Pages package includes no-Jekyll markers and the legacy fr redirect
  ---
  duration_ms: 78.438854
  type: 'test'
  ...
# Subtest: obsolete top alert frame is absent from the play HUD
ok 10 - obsolete top alert frame is absent from the play HUD
  ---
  duration_ms: 2.054036
  type: 'test'
  ...
# Subtest: storage denial is detected without crashing construction
ok 11 - storage denial is detected without crashing construction
  ---
  duration_ms: 1.09746
  type: 'test'
  ...
# Subtest: invalid shallow save is quarantined instead of bricking startup
ok 12 - invalid shallow save is quarantined instead of bricking startup
  ---
  duration_ms: 1.366091
  type: 'test'
  ...
# Subtest: saved game removes exact position history and rounds map origin
ok 13 - saved game removes exact position history and rounds map origin
  ---
  duration_ms: 2.422691
  type: 'test'
  ...
# Subtest: state validation rejects malformed saved road graph
ok 14 - state validation rejects malformed saved road graph
  ---
  duration_ms: 0.287555
  type: 'test'
  ...
# Subtest: stone gate conversion cannot be used before civilization level 2
ok 15 - stone gate conversion cannot be used before civilization level 2
  ---
  duration_ms: 0.650279
  type: 'test'
  ...
# Subtest: path invalidation waits for the current edge instead of teleporting backward
ok 16 - path invalidation waits for the current edge instead of teleporting backward
  ---
  duration_ms: 1.210188
  type: 'test'
  ...
# Subtest: grade-separated endpoints are not merged into one intersection
ok 17 - grade-separated endpoints are not merged into one intersection
  ---
  duration_ms: 1.148584
  type: 'test'
  ...
# Subtest: long OSM geometry is subdivided rather than discarded
ok 18 - long OSM geometry is subdivided rather than discarded
  ---
  duration_ms: 2.09304
  type: 'test'
  ...
# Subtest: complete reset clears current, legacy, and backup save keys
ok 19 - complete reset clears current, legacy, and backup save keys
  ---
  duration_ms: 0.512882
  type: 'test'
  ...
# Subtest: production source only enables dev fixture on local or explicit test origins
ok 20 - production source only enables dev fixture on local or explicit test origins
  ---
  duration_ms: 91.297801
  type: 'test'
  ...
# Subtest: road loading keeps injected fetch and isolates the script fallback in an opaque sandbox
ok 21 - road loading keeps injected fetch and isolates the script fallback in an opaque sandbox
  ---
  duration_ms: 3.576601
  type: 'test'
  ...
# Subtest: tier-zero area and slow defenses use the approved restrained values
ok 22 - tier-zero area and slow defenses use the approved restrained values
  ---
  duration_ms: 1.486648
  type: 'test'
  ...
# Subtest: area defense applies full damage to one target, reduced splash and a hard target cap
ok 23 - area defense applies full damage to one target, reduced splash and a hard target cap
  ---
  duration_ms: 1.644738
  type: 'test'
  ...
# Subtest: slow defense affects only the nearest approved number of targets
ok 24 - slow defense affects only the nearest approved number of targets
  ---
  duration_ms: 0.532565
  type: 'test'
  ...
# Subtest: enemy base growth follows age thresholds and civilization caps
ok 25 - enemy base growth follows age thresholds and civilization caps
  ---
  duration_ms: 0.266981
  type: 'test'
  ...
# Subtest: enemy level multipliers scale durability, attack and speed without runaway speed growth
ok 26 - enemy level multipliers scale durability, attack and speed without runaway speed growth
  ---
  duration_ms: 0.307526
  type: 'test'
  ...
# Subtest: spawned enemies retain the source base level and scaled HP for their lifetime
ok 27 - spawned enemies retain the source base level and scaled HP for their lifetime
  ---
  duration_ms: 0.746881
  type: 'test'
  ...
# Subtest: enemy base levels add exactly one unit per level
ok 28 - enemy base levels add exactly one unit per level
  ---
  duration_ms: 0.809297
  type: 'test'
  ...
# Subtest: new civilization enemy generations phase in at 15, 30, 45 and 60 minutes
ok 29 - new civilization enemy generations phase in at 15, 30, 45 and 60 minutes
  ---
  duration_ms: 0.251344
  type: 'test'
  ...
# Subtest: higher enemy base levels increase pressure gradually rather than all at once
ok 30 - higher enemy base levels increase pressure gradually rather than all at once
  ---
  duration_ms: 0.451404
  type: 'test'
  ...
# Subtest: a level-two mixed wave now reaches a city defended only by tier-zero area and slow facilities
ok 31 - a level-two mixed wave now reaches a city defended only by tier-zero area and slow facilities
  ---
  duration_ms: 96.310746
  type: 'test'
  ...
# Subtest: a heavier level-two formation creates meaningful pressure without instantly defeating the city
ok 32 - a heavier level-two formation creates meaningful pressure without instantly defeating the city
  ---
  duration_ms: 89.051448
  type: 'test'
  ...
# Subtest: enemy base level increases emit one visible threat notification
ok 33 - enemy base level increases emit one visible threat notification
  ---
  duration_ms: 2.165808
  type: 'test'
  ...
# Subtest: enemy individual level and scaled HP survive save and restore
ok 34 - enemy individual level and scaled HP survive save and restore
  ---
  duration_ms: 211.171571
  type: 'test'
  ...
# Subtest: a new civilization generation keeps the previous generation during its opening grace window
ok 35 - a new civilization generation keeps the previous generation during its opening grace window
  ---
  duration_ms: 1.120888
  type: 'test'
  ...
# Subtest: enemy system applies the spawned enemy level to movement and city damage
ok 36 - enemy system applies the spawned enemy level to movement and city damage
  ---
  duration_ms: 0.328773
  type: 'test'
  ...
# Subtest: base command panel summarizes remote threats, facilities, squads and recoveries
ok 37 - base command panel summarizes remote threats, facilities, squads and recoveries
  ---
  duration_ms: 2.188952
  type: 'test'
  ...
# Subtest: base command UI lists all bases and switches the map camera without moving the player
ok 38 - base command UI lists all bases and switches the map camera without moving the player
  ---
  duration_ms: 2.197062
  type: 'test'
  ...
# Subtest: base command UI establishes an unlocked base at the current road position
ok 39 - base command UI establishes an unlocked base at the current road position
  ---
  duration_ms: 1.275937
  type: 'test'
  ...
# Subtest: combat renderer includes a distinct marker for secondary player bases
ok 40 - combat renderer includes a distinct marker for secondary player bases
  ---
  duration_ms: 7.067796
  type: 'test'
  ...
# Subtest: base command UI lists simple bases separately and can focus or rebuild a destroyed one
ok 41 - base command UI lists simple bases separately and can focus or rebuild a destroyed one
  ---
  duration_ms: 2.795673
  type: 'test'
  ...
# Subtest: combat renderer includes a distinct marker for simple bases and ruins
ok 42 - combat renderer includes a distinct marker for simple bases and ruins
  ---
  duration_ms: 3.777415
  type: 'test'
  ...
# Subtest: selection snaps to the existing graph and creates a base without refetching
ok 43 - selection snaps to the existing graph and creates a base without refetching
  ---
  duration_ms: 2.011499
  type: 'test'
  ...
# Subtest: a tap outside the road tolerance is rejected
ok 44 - a tap outside the road tolerance is rejected
  ---
  duration_ms: 0.205721
  type: 'test'
  ...
# Subtest: base placement uses a dedicated map viewport instead of drawing behind controls
ok 45 - base placement uses a dedicated map viewport instead of drawing behind controls
  ---
  duration_ms: 78.220754
  type: 'test'
  ...
# Subtest: base placement screen keeps the canvas clip synchronized with the viewport
ok 46 - base placement screen keeps the canvas clip synchronized with the viewport
  ---
  duration_ms: 4.835897
  type: 'test'
  ...
# Subtest: renderer switches to a brighter static scene for base selection
ok 47 - renderer switches to a brighter static scene for base selection
  ---
  duration_ms: 3.689208
  type: 'test'
  ...
# Subtest: startup quarantines only validation failures and isolates optional cache restoration
ok 48 - startup quarantines only validation failures and isolates optional cache restoration
  ---
  duration_ms: 1.196573
  type: 'test'
  ...
# Subtest: offline restoration has an explicit rollback boundary and UI failure preserves the save
ok 49 - offline restoration has an explicit rollback boundary and UI failure preserves the save
  ---
  duration_ms: 0.402915
  type: 'test'
  ...
# Subtest: complete reset cancels road-world requests before deleting cached world data
ok 50 - complete reset cancels road-world requests before deleting cached world data
  ---
  duration_ms: 0.255645
  type: 'test'
  ...
# Subtest: barrier highlighting is clipped to the build-radius portion of a road
ok 51 - barrier highlighting is clipped to the build-radius portion of a road
  ---
  duration_ms: 1.519075
  type: 'test'
  ...
# Subtest: build placement overlay draws valid sites, build radius and candidate effect radius
ok 52 - build placement overlay draws valid sites, build radius and candidate effect radius
  ---
  duration_ms: 1.041962
  type: 'test'
  ...
# Subtest: barrier overlay tolerates a minimal canvas implementation
ok 53 - barrier overlay tolerates a minimal canvas implementation
  ---
  duration_ms: 0.438923
  type: 'test'
  ...
# Subtest: renderer draws construction guidance after combat effects so candidates stay visible
ok 54 - renderer draws construction guidance after combat effects so candidates stay visible
  ---
  duration_ms: 8.715611
  type: 'test'
  ...
# Subtest: existing facilities do not expand construction beyond bases and the player
ok 55 - existing facilities do not expand construction beyond bases and the player
  ---
  duration_ms: 3.063349
  type: 'test'
  ...
# Subtest: previewing a candidate does not consume resources or create a defense
ok 56 - previewing a candidate does not consume resources or create a defense
  ---
  duration_ms: 0.843401
  type: 'test'
  ...
# Subtest: a confirmed candidate consumes resources exactly once and creates the selected defense
ok 57 - a confirmed candidate consumes resources exactly once and creates the selected defense
  ---
  duration_ms: 0.935626
  type: 'test'
  ...
# Subtest: a stale candidate is rejected without spending resources
ok 58 - a stale candidate is rejected without spending resources
  ---
  duration_ms: 0.563503
  type: 'test'
  ...
# Subtest: candidate confirmation rechecks resources that changed after preview
ok 59 - candidate confirmation rechecks resources that changed after preview
  ---
  duration_ms: 86.426227
  type: 'test'
  ...
# Subtest: barrier candidates retain the tapped road position and reject out-of-range points
ok 60 - barrier candidates retain the tapped road position and reject out-of-range points
  ---
  duration_ms: 0.737533
  type: 'test'
  ...
# Subtest: a removed destroyed placement is immediately available for replacement construction
ok 61 - a removed destroyed placement is immediately available for replacement construction
  ---
  duration_ms: 0.628327
  type: 'test'
  ...
# Subtest: preview skips an occupied nearest intersection when another valid intersection is within the tap tolerance
ok 62 - preview skips an occupied nearest intersection when another valid intersection is within the tap tolerance
  ---
  duration_ms: 0.340861
  type: 'test'
  ...
# Subtest: preview skips an occupied nearest road when another valid road is within the tap tolerance
ok 63 - preview skips an occupied nearest road when another valid road is within the tap tolerance
  ---
  duration_ms: 1.071326
  type: 'test'
  ...
# Subtest: player position creates a second build zone away from the home base
ok 64 - player position creates a second build zone away from the home base
  ---
  duration_ms: 0.833556
  type: 'test'
  ...
# Subtest: a current-location candidate is rejected if the player leaves its build zone before confirmation
ok 65 - a current-location candidate is rejected if the player leaves its build zone before confirmation
  ---
  duration_ms: 0.393163
  type: 'test'
  ...
# Subtest: overlapping home-base and player positions are represented as one build zone
ok 66 - overlapping home-base and player positions are represented as one build zone
  ---
  duration_ms: 0.190307
  type: 'test'
  ...
# Subtest: a remote facility stays outside the build zone until the player physically reaches it
ok 67 - a remote facility stays outside the build zone until the player physically reaches it
  ---
  duration_ms: 0.236622
  type: 'test'
  ...
# Subtest: removing a defense reopens its placement and invalidates enemy routes
ok 68 - removing a defense reopens its placement and invalidates enemy routes
  ---
  duration_ms: 0.31981
  type: 'test'
  ...
# Subtest: removing an unknown defense does not mutate the state
ok 69 - removing an unknown defense does not mutate the state
  ---
  duration_ms: 0.133847
  type: 'test'
  ...
# Subtest: inventory has one canonical resource store and preserves overflow
ok 70 - inventory has one canonical resource store and preserves overflow
  ---
  duration_ms: 3.049899
  type: 'test'
  ...
# Subtest: production reserves inputs once and completes through the civilization update
ok 71 - production reserves inputs once and completes through the civilization update
  ---
  duration_ms: 4.377434
  type: 'test'
  ...
# Subtest: removed resource outpost subsystem is absent from civilization runtime
ok 72 - removed resource outpost subsystem is absent from civilization runtime
  ---
  duration_ms: 0.171005
  type: 'test'
  ...
# Subtest: settlement damage removes a destroyed building and its production queue
ok 73 - settlement damage removes a destroyed building and its production queue
  ---
  duration_ms: 1.027525
  type: 'test'
  ...
# Subtest: production overflow stays in the building buffer until collection
ok 74 - production overflow stays in the building buffer until collection
  ---
  duration_ms: 0.832414
  type: 'test'
  ...
# Subtest: every civilization project uses implemented requirements and fits the unlocked settlement slots
ok 75 - every civilization project uses implemented requirements and fits the unlocked settlement slots
  ---
  duration_ms: 0.515956
  type: 'test'
  ...
# Subtest: city defeat payment preserves the repair reserve and may pay only the safe surplus
ok 76 - city defeat payment preserves the repair reserve and may pay only the safe surplus
  ---
  duration_ms: 3.245954
  type: 'test'
  ...
# Subtest: enemy regroup deadlines extend but never shorten an existing recovery window
ok 77 - enemy regroup deadlines extend but never shorten an existing recovery window
  ---
  duration_ms: 0.492804
  type: 'test'
  ...
# Subtest: enemy bases pause their launch clock during regroup and resume afterward
ok 78 - enemy bases pause their launch clock during regroup and resume afterward
  ---
  duration_ms: 0.97597
  type: 'test'
  ...
# Subtest: damaged tower repair keeps the fifty-five percent material rate
ok 79 - damaged tower repair keeps the fifty-five percent material rate
  ---
  duration_ms: 0.614145
  type: 'test'
  ...
# Subtest: dedicated barrier repair costs remain unchanged
ok 80 - dedicated barrier repair costs remain unchanged
  ---
  duration_ms: 0.192886
  type: 'test'
  ...
# Subtest: regroup timing produces the same result in active and offline progression
ok 81 - regroup timing produces the same result in active and offline progression
  ---
  duration_ms: 80.062829
  type: 'test'
  ...
# Subtest: map tap only selects a build candidate and confirmation performs the mutation
ok 82 - map tap only selects a build candidate and confirmation performs the mutation
  ---
  duration_ms: 217.869697
  type: 'test'
  ...
# Subtest: combat UI no longer calls immediate buildAt from map taps
ok 83 - combat UI no longer calls immediate buildAt from map taps
  ---
  duration_ms: 84.935226
  type: 'test'
  ...
# Subtest: an invalid second tap clears the previous candidate to prevent confirming the wrong location
ok 84 - an invalid second tap clears the previous candidate to prevent confirming the wrong location
  ---
  duration_ms: 2.09517
  type: 'test'
  ...
# Subtest: build confirmation is disabled while the selected facility is unaffordable
ok 85 - build confirmation is disabled while the selected facility is unaffordable
  ---
  duration_ms: 1.977268
  type: 'test'
  ...
# Subtest: context explanations are collapsed by default and metrics remain visible
ok 86 - context explanations are collapsed by default and metrics remain visible
  ---
  duration_ms: 1.365482
  type: 'test'
  ...
# Subtest: an opened context explanation remains open after the live HUD rerenders
ok 87 - an opened context explanation remains open after the live HUD rerenders
  ---
  duration_ms: 1.314377
  type: 'test'
  ...
# Subtest: context metrics use a fixed three-column grid to reduce panel height
ok 88 - context metrics use a fixed three-column grid to reduce panel height
  ---
  duration_ms: 5.363915
  type: 'test'
  ...
# Subtest: defense removal requires a second confirmation and then clears the selected facility
ok 89 - defense removal requires a second confirmation and then clears the selected facility
  ---
  duration_ms: 2.082412
  type: 'test'
  ...
# Subtest: tapping the selected facility again closes the compact context panel
ok 90 - tapping the selected facility again closes the compact context panel
  ---
  duration_ms: 1.314675
  type: 'test'
  ...
# Subtest: combat effect buffer is capped and prunes expired effects
ok 91 - combat effect buffer is capped and prunes expired effects
  ---
  duration_ms: 0.89708
  type: 'test'
  ...
# Subtest: event bus creates transient shot and city warning effects
ok 92 - event bus creates transient shot and city warning effects
  ---
  duration_ms: 3.420018
  type: 'test'
  ...
# Subtest: manual defense upgrade events create a visible pulse
ok 93 - manual defense upgrade events create a visible pulse
  ---
  duration_ms: 0.348762
  type: 'test'
  ...
# Subtest: barrier changes weighted enemy route without creating another graph
ok 94 - barrier changes weighted enemy route without creating another graph
  ---
  duration_ms: 80.53768
  type: 'test'
  ...
# Subtest: enemy position follows path direction rather than edge storage direction
ok 95 - enemy position follows path direction rather than edge storage direction
  ---
  duration_ms: 1.141418
  type: 'test'
  ...
# Subtest: build range is measured from established home base
ok 96 - build range is measured from established home base
  ---
  duration_ms: 2.055725
  type: 'test'
  ...
# Subtest: gun tower damages an enemy in range
ok 97 - gun tower damages an enemy in range
  ---
  duration_ms: 1.805257
  type: 'test'
  ...
# Subtest: enemy reaching the city deals damage and is removed
ok 98 - enemy reaching the city deals damage and is removed
  ---
  duration_ms: 1.510837
  type: 'test'
  ...
# Subtest: repair relay consumes resources and repairs only the most damaged target
ok 99 - repair relay consumes resources and repairs only the most damaged target
  ---
  duration_ms: 0.838567
  type: 'test'
  ...
# Subtest: city recovers after a quiet period and a large update only heals post-cooldown time
ok 100 - city recovers after a quiet period and a large update only heals post-cooldown time
  ---
  duration_ms: 292.931353
  type: 'test'
  ...
# Subtest: city defeat never creates negative resources and reports unpaid emergency recovery honestly
ok 101 - city defeat never creates negative resources and reports unpaid emergency recovery honestly
  ---
  duration_ms: 10.304
  type: 'test'
  ...
# Subtest: civilization level raises major and field base squad capacity
ok 102 - civilization level raises major and field base squad capacity
  ---
  duration_ms: 1.710527
  type: 'test'
  ...
# Subtest: one major base can dispatch several squads until its civilization capacity is full
ok 103 - one major base can dispatch several squads until its civilization capacity is full
  ---
  duration_ms: 3.797509
  type: 'test'
  ...
# Subtest: recovering squads occupy only their own slot and do not block other free slots
ok 104 - recovering squads occupy only their own slot and do not block other free slots
  ---
  duration_ms: 0.947064
  type: 'test'
  ...
# Subtest: field bases also support multiple light squads according to civilization level
ok 105 - field bases also support multiple light squads according to civilization level
  ---
  duration_ms: 1.208606
  type: 'test'
  ...
# Subtest: every settlement building has a concise gameplay description
ok 106 - every settlement building has a concise gameplay description
  ---
  duration_ms: 0.376855
  type: 'test'
  ...
# Subtest: default resource HUD renders every owned resource as an independent chip
ok 107 - default resource HUD renders every owned resource as an independent chip
  ---
  duration_ms: 1.02656
  type: 'test'
  ...
# Subtest: resource HUD uses a non-overlapping content-sized scroll strip
ok 108 - resource HUD uses a non-overlapping content-sized scroll strip
  ---
  duration_ms: 84.959314
  type: 'test'
  ...
# Subtest: barrier has player-facing role, effect, placement and numeric metrics
ok 109 - barrier has player-facing role, effect, placement and numeric metrics
  ---
  duration_ms: 0.967501
  type: 'test'
  ...
# Subtest: gun has player-facing role, effect, placement and numeric metrics
ok 110 - gun has player-facing role, effect, placement and numeric metrics
  ---
  duration_ms: 0.554829
  type: 'test'
  ...
# Subtest: mortar has player-facing role, effect, placement and numeric metrics
ok 111 - mortar has player-facing role, effect, placement and numeric metrics
  ---
  duration_ms: 0.157078
  type: 'test'
  ...
# Subtest: slow has player-facing role, effect, placement and numeric metrics
ok 112 - slow has player-facing role, effect, placement and numeric metrics
  ---
  duration_ms: 0.119751
  type: 'test'
  ...
# Subtest: relay has player-facing role, effect, placement and numeric metrics
ok 113 - relay has player-facing role, effect, placement and numeric metrics
  ---
  duration_ms: 0.259725
  type: 'test'
  ...
# Subtest: all defense tiers define deterministic durability and sequential upgrade costs
ok 114 - all defense tiers define deterministic durability and sequential upgrade costs
  ---
  duration_ms: 2.352833
  type: 'test'
  ...
# Subtest: defense upgrades are sequential and locked to civilization level
ok 115 - defense upgrades are sequential and locked to civilization level
  ---
  duration_ms: 2.533228
  type: 'test'
  ...
# Subtest: upgrading preserves damage ratio instead of fully healing the facility
ok 116 - upgrading preserves damage ratio instead of fully healing the facility
  ---
  duration_ms: 0.721297
  type: 'test'
  ...
# Subtest: tier synchronization upgrades legacy durability without changing its health percentage
ok 117 - tier synchronization upgrades legacy durability without changing its health percentage
  ---
  duration_ms: 0.27673
  type: 'test'
  ...
# Subtest: destroyed and maximum-tier defenses cannot be upgraded
ok 118 - destroyed and maximum-tier defenses cannot be upgraded
  ---
  duration_ms: 0.43731
  type: 'test'
  ...
# Subtest: gate conversion starts at tier two and preserves the prior health ratio
ok 119 - gate conversion starts at tier two and preserves the prior health ratio
  ---
  duration_ms: 0.488555
  type: 'test'
  ...
# Subtest: combat UI keeps the normal facility panel compact and opens upgrade details only on demand
ok 120 - combat UI keeps the normal facility panel compact and opens upgrade details only on demand
  ---
  duration_ms: 188.696835
  type: 'test'
  ...
# Subtest: facility explanation replaces the metric view instead of stacking below it
ok 121 - facility explanation replaces the metric view instead of stacking below it
  ---
  duration_ms: 1.366319
  type: 'test'
  ...
# Subtest: civilization panel explains the current defense tier ceiling and next unlock
ok 122 - civilization panel explains the current defense tier ceiling and next unlock
  ---
  duration_ms: 96.026313
  type: 'test'
  ...
# Subtest: applying a tier uses the explicit durability table for every facility class
ok 123 - applying a tier uses the explicit durability table for every facility class
  ---
  duration_ms: 0.679355
  type: 'test'
  ...
# Subtest: upgraded attack statistics are used by live combat rather than only the UI
ok 124 - upgraded attack statistics are used by live combat rather than only the UI
  ---
  duration_ms: 1.555992
  type: 'test'
  ...
# Subtest: defense panel uses a compact capped layout with fixed visible actions
ok 125 - defense panel uses a compact capped layout with fixed visible actions
  ---
  duration_ms: 5.365004
  type: 'test'
  ...
# Subtest: asset loader starts with the current application-relative stylesheet
ok 126 - asset loader starts with the current application-relative stylesheet
  ---
  duration_ms: 9.715651
  type: 'test'
  ...
# Subtest: asset loader recovers a legacy fr path through the canonical frontline-roads directory
ok 127 - asset loader recovers a legacy fr path through the canonical frontline-roads directory
  ---
  duration_ms: 4.388563
  type: 'test'
  ...
# Subtest: top HUD no longer exposes a global deployment button
ok 128 - top HUD no longer exposes a global deployment button
  ---
  duration_ms: 5.155139
  type: 'test'
  ...
# Subtest: enemy-base deployment opens with the tapped target fixed
ok 129 - enemy-base deployment opens with the tapped target fixed
  ---
  duration_ms: 10.534448
  type: 'test'
  ...
# Subtest: recovery-item deployment keeps the selected item fixed and only offers retrieval squads
ok 130 - recovery-item deployment keeps the selected item fixed and only offers retrieval squads
  ---
  duration_ms: 0.785085
  type: 'test'
  ...
# Subtest: combat target context exposes direct deployment actions
ok 131 - combat target context exposes direct deployment actions
  ---
  duration_ms: 78.878883
  type: 'test'
  ...
# Subtest: combat renderer includes visible friendly squad markers
ok 132 - combat renderer includes visible friendly squad markers
  ---
  duration_ms: 1.954154
  type: 'test'
  ...
# Subtest: legacy destroyed facilities are removed during normalization and free the placement
ok 133 - legacy destroyed facilities are removed during normalization and free the placement
  ---
  duration_ms: 4.77757
  type: 'test'
  ...
# Subtest: normalization keeps only one active facility when a legacy save overlaps placements
ok 134 - normalization keeps only one active facility when a legacy save overlaps placements
  ---
  duration_ms: 82.413465
  type: 'test'
  ...
# Subtest: a gate is deleted at zero HP and the attacking enemy continues through the opened road
ok 135 - a gate is deleted at zero HP and the attacking enemy continues through the opened road
  ---
  duration_ms: 101.598261
  type: 'test'
  ...
# Subtest: obsolete ruin UI and rendering code is removed
ok 136 - obsolete ruin UI and rendering code is removed
  ---
  duration_ms: 10.111305
  type: 'test'
  ...
# Subtest: HUD still reports repair demand only for surviving damaged facilities
ok 137 - HUD still reports repair demand only for surviving damaged facilities
  ---
  duration_ms: 2.44809
  type: 'test'
  ...
# Subtest: enemy types make different barrier decisions from break time and detour time
ok 138 - enemy types make different barrier decisions from break time and detour time
  ---
  duration_ms: 3.320504
  type: 'test'
  ...
# Subtest: balanced infantry breaches a weakened wall instead of taking a long detour
ok 139 - balanced infantry breaches a weakened wall instead of taking a long detour
  ---
  duration_ms: 0.59317
  type: 'test'
  ...
# Subtest: raider selects repair support before ordinary weapon towers
ok 140 - raider selects repair support before ordinary weapon towers
  ---
  duration_ms: 2.07805
  type: 'test'
  ...
# Subtest: rope cutter selects slowing equipment before repair support
ok 141 - rope cutter selects slowing equipment before repair support
  ---
  duration_ms: 0.449975
  type: 'test'
  ...
# Subtest: specialist damages its selected facility and invalidates shared targets when it is destroyed
ok 142 - specialist damages its selected facility and invalidates shared targets when it is destroyed
  ---
  duration_ms: 79.038183
  type: 'test'
  ...
# Subtest: a newly built priority facility requests rerouting without teleporting an enemy off its current road
ok 143 - a newly built priority facility requests rerouting without teleporting an enemy off its current road
  ---
  duration_ms: 1.955793
  type: 'test'
  ...
# Subtest: civilization generations contain expanded valid enemy variants with explicit personalities
ok 144 - civilization generations contain expanded valid enemy variants with explicit personalities
  ---
  duration_ms: 2.363237
  type: 'test'
  ...
# Subtest: flanking enemies choose a bounded longer side road while direct infantry uses the shortest road
ok 145 - flanking enemies choose a bounded longer side road while direct infantry uses the shortest road
  ---
  duration_ms: 81.736261
  type: 'test'
  ...
# Subtest: marauder personality prioritizes a field base over an equally reachable city
ok 146 - marauder personality prioritizes a field base over an equally reachable city
  ---
  duration_ms: 1.758371
  type: 'test'
  ...
# Subtest: squad hunter plans toward an active friendly squad and damages it after contact
ok 147 - squad hunter plans toward an active friendly squad and damages it after contact
  ---
  duration_ms: 0.947885
  type: 'test'
  ...
# Subtest: war drummer speed aura accelerates nearby allies without accelerating itself
ok 148 - war drummer speed aura accelerates nearby allies without accelerating itself
  ---
  duration_ms: 0.971839
  type: 'test'
  ...
# Subtest: civilization level four rotates doctrines and introduces the new generation across repeated waves
ok 149 - civilization level four rotates doctrines and introduces the new generation across repeated waves
  ---
  duration_ms: 4.613231
  type: 'test'
  ...
# Subtest: personality route and doctrine metadata survive the unchanged save schema
ok 150 - personality route and doctrine metadata survive the unchanged save schema
  ---
  duration_ms: 3.501008
  type: 'test'
  ...
# Subtest: loaded source chunk materializes a persistent enemy-source site
ok 151 - loaded source chunk materializes a persistent enemy-source site
  ---
  duration_ms: 2.6398
  type: 'test'
  ...
# Subtest: player can clear an enemy source on site and stop future frontier waves
ok 152 - player can clear an enemy source on site and stop future frontier waves
  ---
  duration_ms: 2.814411
  type: 'test'
  ...
# Subtest: enemy source interaction requires proximity and a clear local area
ok 153 - enemy source interaction requires proximity and a clear local area
  ---
  duration_ms: 0.93316
  type: 'test'
  ...
# Subtest: loaded chunks are processed once for deterministic ambient discoveries
ok 154 - loaded chunks are processed once for deterministic ambient discoveries
  ---
  duration_ms: 0.929042
  type: 'test'
  ...
# Subtest: exploration renderer draws active sites with a minimal canvas context
ok 155 - exploration renderer draws active sites with a minimal canvas context
  ---
  duration_ms: 0.752995
  type: 'test'
  ...
# Subtest: civilization level provides a separate simple-base limit
ok 156 - civilization level provides a separate simple-base limit
  ---
  duration_ms: 0.986432
  type: 'test'
  ...
# Subtest: simple-base placement requires civilization unlock, fresh GPS, road access and separation
ok 157 - simple-base placement requires civilization unlock, fresh GPS, road access and separation
  ---
  duration_ms: 1.470497
  type: 'test'
  ...
# Subtest: simple-base placement accepts a fresh stationary GPS fix and a road node within the wider placement radius
ok 158 - simple-base placement accepts a fresh stationary GPS fix and a road node within the wider placement radius
  ---
  duration_ms: 0.50658
  type: 'test'
  ...
# Subtest: simple bases require and consume the processed-resource cost for their slot
ok 159 - simple bases require and consume the processed-resource cost for their slot
  ---
  duration_ms: 1.292267
  type: 'test'
  ...
# Subtest: simple base has 40 HP and its construction anchor doubles at civilization level 1
ok 160 - simple base has 40 HP and its construction anchor doubles at civilization level 1
  ---
  duration_ms: 1.206542
  type: 'test'
  ...
# Subtest: current assault squad can deploy from an active simple base
ok 161 - current assault squad can deploy from an active simple base
  ---
  duration_ms: 0.936749
  type: 'test'
  ...
# Subtest: nearby enemies can destroy a simple base and remove its construction and deployment roles
ok 162 - nearby enemies can destroy a simple base and remove its construction and deployment roles
  ---
  duration_ms: 80.351088
  type: 'test'
  ...
# Subtest: destroyed simple base keeps its slot and can only be rebuilt at the site
ok 163 - destroyed simple base keeps its slot and can only be rebuilt at the site
  ---
  duration_ms: 0.63328
  type: 'test'
  ...
# Subtest: simple-base state survives save and restore without precise location metadata
ok 164 - simple-base state survives save and restore without precise location metadata
  ---
  duration_ms: 2.525759
  type: 'test'
  ...
# Subtest: level-four civilization progress counts active simple bases instead of obsolete outposts
ok 165 - level-four civilization progress counts active simple bases instead of obsolete outposts
  ---
  duration_ms: 1.223382
  type: 'test'
  ...
# Subtest: a distant simple base does not pull attackers away from a much nearer city
ok 166 - a distant simple base does not pull attackers away from a much nearer city
  ---
  duration_ms: 0.699108
  type: 'test'
  ...
# Subtest: standing at a level-one simple base uses its expanded 100m construction zone
ok 167 - standing at a level-one simple base uses its expanded 100m construction zone
  ---
  duration_ms: 0.602568
  type: 'test'
  ...
# Subtest: a major base cannot be placed on top of an active simple base
ok 168 - a major base cannot be placed on top of an active simple base
  ---
  duration_ms: 0.601152
  type: 'test'
  ...
# Subtest: a destroyed simple-base ruin still blocks overlapping major-base placement
ok 169 - a destroyed simple-base ruin still blocks overlapping major-base placement
  ---
  duration_ms: 0.382501
  type: 'test'
  ...
# Subtest: an active simple base anchors regional simulation but a destroyed one does not
ok 170 - an active simple base anchors regional simulation but a destroyed one does not
  ---
  duration_ms: 100.052172
  type: 'test'
  ...
# Subtest: an enemy chooses a nearby simple base when it is meaningfully closer than the city
ok 171 - an enemy chooses a nearby simple base when it is meaningfully closer than the city
  ---
  duration_ms: 0.857772
  type: 'test'
  ...
# Subtest: deployment preview is non-destructive and dispatch spends the assault cost once
ok 172 - deployment preview is non-destructive and dispatch spends the assault cost once
  ---
  duration_ms: 3.855529
  type: 'test'
  ...
# Subtest: friendly squad stops to fight enemies and both sides exchange damage
ok 173 - friendly squad stops to fight enemies and both sides exchange damage
  ---
  duration_ms: 4.793866
  type: 'test'
  ...
# Subtest: squad destroys an enemy base, schedules respawn and returns to its origin
ok 174 - squad destroys an enemy base, schedules respawn and returns to its origin
  ---
  duration_ms: 84.923756
  type: 'test'
  ...
# Subtest: friendly squads survive JSON save and restore without exact base coordinates
ok 175 - friendly squads survive JSON save and restore without exact base coordinates
  ---
  duration_ms: 2.893221
  type: 'test'
  ...
# Subtest: remote friendly squads only advance when the dormant regional interval is due
ok 176 - remote friendly squads only advance when the dormant regional interval is due
  ---
  duration_ms: 13.385227
  type: 'test'
  ...
# Subtest: friendly order overlay draws selectable nodes, routes, destination and waypoints on a minimal canvas
ok 177 - friendly order overlay draws selectable nodes, routes, destination and waypoints on a minimal canvas
  ---
  duration_ms: 4.109441
  type: 'test'
  ...
# Subtest: combat UI exposes stop, retreat, withdraw, resume and two-waypoint route planning
ok 178 - combat UI exposes stop, retreat, withdraw, resume and two-waypoint route planning
  ---
  duration_ms: 5.510967
  type: 'test'
  ...
# Subtest: renderer places squad order guidance above combat and construction layers
ok 179 - renderer places squad order guidance above combat and construction layers
  ---
  duration_ms: 1.472336
  type: 'test'
  ...
# Subtest: stop holds a squad at its exact road position while retaining the mission
ok 180 - stop holds a squad at its exact road position while retaining the mission
  ---
  duration_ms: 4.582433
  type: 'test'
  ...
# Subtest: route command issued mid-edge preserves position and joins the chosen route at the next intersection
ok 181 - route command issued mid-edge preserves position and joins the chosen route at the next intersection
  ---
  duration_ms: 0.96535
  type: 'test'
  ...
# Subtest: retreat reaches the selected node, stops there, and keeps the original attack mission
ok 182 - retreat reaches the selected node, stops there, and keeps the original attack mission
  ---
  duration_ms: 1.383009
  type: 'test'
  ...
# Subtest: withdraw abandons the mission and begins recovery only after it reaches the origin
ok 183 - withdraw abandons the mission and begins recovery only after it reaches the origin
  ---
  duration_ms: 2.136612
  type: 'test'
  ...
# Subtest: stopping a retreat preserves the retreat destination for route-selected resume
ok 184 - stopping a retreat preserves the retreat destination for route-selected resume
  ---
  duration_ms: 0.524687
  type: 'test'
  ...
# Subtest: retreat validation rejects a node closer to the hostile base and accepts an owned base behind the squad
ok 185 - retreat validation rejects a node closer to the hostile base and accepts an owned base behind the squad
  ---
  duration_ms: 0.631358
  type: 'test'
  ...
# Subtest: route planner exposes distinct shortest, enemy-avoidance and friendly-support choices when the road graph allows them
ok 186 - route planner exposes distinct shortest, enemy-avoidance and friendly-support choices when the road graph allows them
  ---
  duration_ms: 2.071987
  type: 'test'
  ...
# Subtest: waypoints force every generated route through the selected intersections
ok 187 - waypoints force every generated route through the selected intersections
  ---
  duration_ms: 77.206109
  type: 'test'
  ...
# Subtest: retreating through a newly encountered enemy does not grant invulnerability
ok 188 - retreating through a newly encountered enemy does not grant invulnerability
  ---
  duration_ms: 104.859105
  type: 'test'
  ...
# Subtest: friendly orders, selected route and history survive save and restore
ok 189 - friendly orders, selected route and history survive save and restore
  ---
  duration_ms: 2.340557
  type: 'test'
  ...
# Subtest: a rejected withdraw route leaves the original mission untouched
ok 190 - a rejected withdraw route leaves the original mission untouched
  ---
  duration_ms: 0.377231
  type: 'test'
  ...
# Subtest: route orders reject paths whose edges do not connect the declared node sequence
ok 191 - route orders reject paths whose edges do not connect the declared node sequence
  ---
  duration_ms: 0.279913
  type: 'test'
  ...
# Subtest: route estimates include the remaining distance on the squad current road segment
ok 192 - route estimates include the remaining distance on the squad current road segment
  ---
  duration_ms: 0.350077
  type: 'test'
  ...
# Subtest: a map tap near a displayed route selects that route instead of becoming a waypoint
ok 193 - a map tap near a displayed route selects that route instead of becoming a waypoint
  ---
  duration_ms: 2.285212
  type: 'test'
  ...
# Subtest: civilization level one unlocks treatment and field aid with the approved progression
ok 194 - civilization level one unlocks treatment and field aid with the approved progression
  ---
  duration_ms: 0.932106
  type: 'test'
  ...
# Subtest: major bases recover a returned squad to full health and keep it ready for redeployment
ok 195 - major bases recover a returned squad to full health and keep it ready for redeployment
  ---
  duration_ms: 1.78551
  type: 'test'
  ...
# Subtest: a treatment facility accelerates healing and reorganization at a major base
ok 196 - a treatment facility accelerates healing and reorganization at a major base
  ---
  duration_ms: 1.748493
  type: 'test'
  ...
# Subtest: a field base without an aid station reorganizes but does not heal a light squad
ok 197 - a field base without an aid station reorganizes but does not heal a light squad
  ---
  duration_ms: 0.902256
  type: 'test'
  ...
# Subtest: a field aid station heals assault and skirmisher squads up to seventy percent
ok 198 - a field aid station heals assault and skirmisher squads up to seventy percent
  ---
  duration_ms: 0.859055
  type: 'test'
  ...
# Subtest: field aid does not heal non-light squads if legacy data places one at a field base
ok 199 - field aid does not heal non-light squads if legacy data places one at a field base
  ---
  duration_ms: 0.608506
  type: 'test'
  ...
# Subtest: a recovering squad occupies one slot while another free slot remains usable
ok 200 - a recovering squad occupies one slot while another free slot remains usable
  ---
  duration_ms: 83.504294
  type: 'test'
  ...
# Subtest: selecting a different type replaces a ready garrison only when every squad slot is occupied
ok 201 - selecting a different type replaces a ready garrison only when every squad slot is occupied
  ---
  duration_ms: 1.025827
  type: 'test'
  ...
# Subtest: medical and field aid facilities are restricted to their matching base types and one slot each
ok 202 - medical and field aid facilities are restricted to their matching base types and one slot each
  ---
  duration_ms: 3.548343
  type: 'test'
  ...
# Subtest: destroying a treatment facility immediately falls back to natural base recovery
ok 203 - destroying a treatment facility immediately falls back to natural base recovery
  ---
  duration_ms: 0.596241
  type: 'test'
  ...
# Subtest: recovery state and progress survive save and restore
ok 204 - recovery state and progress survive save and restore
  ---
  duration_ms: 1.563197
  type: 'test'
  ...
# Subtest: a recovering squad evacuates to the nearest major base when its field base is destroyed
ok 205 - a recovering squad evacuates to the nearest major base when its field base is destroyed
  ---
  duration_ms: 2.692959
  type: 'test'
  ...
# Subtest: recovery and ready garrisons reject tactical movement orders
ok 206 - recovery and ready garrisons reject tactical movement orders
  ---
  duration_ms: 0.506651
  type: 'test'
  ...
# Subtest: treatment capacity queues excess squads without losing recovery state
ok 207 - treatment capacity queues excess squads without losing recovery state
  ---
  duration_ms: 0.275177
  type: 'test'
  ...
# Subtest: tier-three treatment facilities process two recovering squads at once
ok 208 - tier-three treatment facilities process two recovering squads at once
  ---
  duration_ms: 0.179384
  type: 'test'
  ...
# Subtest: friendly unit unlock levels and simple-base deployment restrictions are enforced
ok 209 - friendly unit unlock levels and simple-base deployment restrictions are enforced
  ---
  duration_ms: 2.826431
  type: 'test'
  ...
# Subtest: skirmisher damage strongly favors light enemies and is weak against armored enemies
ok 210 - skirmisher damage strongly favors light enemies and is weak against armored enemies
  ---
  duration_ms: 0.3193
  type: 'test'
  ...
# Subtest: siege squad damages enemy bases much faster than the assault squad
ok 211 - siege squad damages enemy bases much faster than the assault squad
  ---
  duration_ms: 83.958405
  type: 'test'
  ...
# Subtest: nearby heavy squad intercepts part of the damage aimed at another friendly squad
ok 212 - nearby heavy squad intercepts part of the damage aimed at another friendly squad
  ---
  duration_ms: 1.41379
  type: 'test'
  ...
# Subtest: expedition squad heals only after its non-combat recovery delay
ok 213 - expedition squad heals only after its non-combat recovery delay
  ---
  duration_ms: 0.450906
  type: 'test'
  ...
# Subtest: all friendly unit types preserve their identity and combat state through save and restore
ok 214 - all friendly unit types preserve their identity and combat state through save and restore
  ---
  duration_ms: 2.390147
  type: 'test'
  ...
# Subtest: skirmisher prioritizes a light specialist over a nearer ordinary infantry target
ok 215 - skirmisher prioritizes a light specialist over a nearer ordinary infantry target
  ---
  duration_ms: 0.603562
  type: 'test'
  ...
# Subtest: mixed friendly unit types remain valid through extended regional combat simulation
ok 216 - mixed friendly unit types remain valid through extended regional combat simulation
  ---
  duration_ms: 501.445434
  type: 'test'
  ...
# Subtest: dead-end roads at unexplored chunk borders become frontier candidates
ok 217 - dead-end roads at unexplored chunk borders become frontier candidates
  ---
  duration_ms: 2.025972
  type: 'test'
  ...
# Subtest: frontier source stays fixed while its entry point advances with map expansion
ok 218 - frontier source stays fixed while its entry point advances with map expansion
  ---
  duration_ms: 1.705236
  type: 'test'
  ...
# Subtest: frontier system launches enemies from a map-edge entry node
ok 219 - frontier system launches enemies from a map-edge entry node
  ---
  duration_ms: 1.085153
  type: 'test'
  ...
# Subtest: frontier identity is hidden until the signal is localized
ok 220 - frontier identity is hidden until the signal is localized
  ---
  duration_ms: 83.317223
  type: 'test'
  ...
# Subtest: frontier renderer tolerates a minimal canvas context
ok 221 - frontier renderer tolerates a minimal canvas context
  ---
  duration_ms: 0.931599
  type: 'test'
  ...
# Subtest: balanced opening reaches civilization level one without collapse on a line road network
ok 222 - balanced opening reaches civilization level one without collapse on a line road network
  ---
  duration_ms: 1603.060621
  type: 'test'
  ...
# Subtest: balanced opening reaches civilization level one without collapse on a cross road network
ok 223 - balanced opening reaches civilization level one without collapse on a cross road network
  ---
  duration_ms: 517.422535
  type: 'test'
  ...
# Subtest: balanced opening reaches civilization level one without collapse on a grid road network
ok 224 - balanced opening reaches civilization level one without collapse on a grid road network
  ---
  duration_ms: 579.64684
  type: 'test'
  ...
# Subtest: attack-only opening can suppress the first bases but still causes material losses
ok 225 - attack-only opening can suppress the first bases but still causes material losses
  ---
  duration_ms: 400.376261
  type: 'test'
  ...
# Subtest: batch production queues 1, 5, 10 or the maximum without double-reserving inputs
ok 226 - batch production queues 1, 5, 10 or the maximum without double-reserving inputs
  ---
  duration_ms: 85.524303
  type: 'test'
  ...
# Subtest: project-only production caps queued units, starts the existing order, and cannot overshoot the target
ok 227 - project-only production caps queued units, starts the existing order, and cannot overshoot the target
  ---
  duration_ms: 1.088155
  type: 'test'
  ...
# Subtest: safe civilization contribution keeps the declared defense reserve while explicit full contribution may use it
ok 228 - safe civilization contribution keeps the declared defense reserve while explicit full contribution may use it
  ---
  duration_ms: 1.628686
  type: 'test'
  ...
# Subtest: coordinated deployment can use multiple slots from one base and synchronizes mixed squads to one arrival time
ok 229 - coordinated deployment can use multiple slots from one base and synchronizes mixed squads to one arrival time
  ---
  duration_ms: 5.66428
  type: 'test'
  ...
# Subtest: simple-base network diagnostic distinguishes sufficient and insufficient acquired roads
ok 230 - simple-base network diagnostic distinguishes sufficient and insufficient acquired roads
  ---
  duration_ms: 1.573553
  type: 'test'
  ...
# Subtest: listed barrier sites use an in-range projection and remain valid for construction on dense roads
ok 231 - listed barrier sites use an in-range projection and remain valid for construction on dense roads
  ---
  duration_ms: 1.820723
  type: 'test'
  ...
# Subtest: gameplay stabilization controls are present in UI source and field-base text includes retrieval squads
ok 232 - gameplay stabilization controls are present in UI source and field-base text includes retrieval squads
  ---
  duration_ms: 96.545845
  type: 'test'
  ...
# Subtest: source module graph has no circular dependencies
ok 233 - source module graph has no circular dependencies
  ---
  duration_ms: 698.38779
  type: 'test'
  ...
# Subtest: twelve-hour simulation remains bounded, serializable and within enemy cap
ok 234 - twelve-hour simulation remains bounded, serializable and within enemy cap
  ---
  duration_ms: 4968.659379
  type: 'test'
  ...
# Subtest: same state and elapsed time produce the same offline game result
ok 235 - same state and elapsed time produce the same offline game result
  ---
  duration_ms: 524.496192
  type: 'test'
  ...
# Subtest: legacy save is converted once into the clean schema
ok 236 - legacy save is converted once into the clean schema
  ---
  duration_ms: 4.169624
  type: 'test'
  ...
# Subtest: tower reload preserves elapsed remainder and gives the same result at 20 Hz or one coarse update
ok 237 - tower reload preserves elapsed remainder and gives the same result at 20 Hz or one coarse update
  ---
  duration_ms: 91.406779
  type: 'test'
  ...
# Subtest: enemy departure delay and road-edge overflow are consumed in the same update
ok 238 - enemy departure delay and road-edge overflow are consumed in the same update
  ---
  duration_ms: 4.668171
  type: 'test'
  ...
# Subtest: offline 0.25-second simulation matches live 20 Hz for a deterministic defense interval
ok 239 - offline 0.25-second simulation matches live 20 Hz for a deterministic defense interval
  ---
  duration_ms: 496.443791
  type: 'test'
  ...
# Subtest: offline simulation is bounded and reports the applied duration
ok 240 - offline simulation is bounded and reports the applied duration
  ---
  duration_ms: 1.149503
  type: 'test'
  ...
# Subtest: offline simulation advances the canonical world clock
ok 241 - offline simulation advances the canonical world clock
  ---
  duration_ms: 0.434166
  type: 'test'
  ...
# Subtest: default endpoints use the configured public instances
ok 242 - default endpoints use the configured public instances
  ---
  duration_ms: 2.519753
  type: 'test'
  ...
# Subtest: query filters road classes before download
ok 243 - query filters road classes before download
  ---
  duration_ms: 0.578584
  type: 'test'
  ...
# Subtest: browser request starts with a form-encoded POST and stops after success
ok 244 - browser request starts with a form-encoded POST and stops after success
  ---
  duration_ms: 1.199117
  type: 'test'
  ...
# Subtest: a blocked POST falls back to a non-script GET on the same endpoint
ok 245 - a blocked POST falls back to a non-script GET on the same endpoint
  ---
  duration_ms: 0.818301
  type: 'test'
  ...
# Subtest: successful GET is remembered so later road expansions avoid the blocked POST
ok 246 - successful GET is remembered so later road expansions avoid the blocked POST
  ---
  duration_ms: 0.639016
  type: 'test'
  ...
# Subtest: failed POST and GET fall back to the next endpoint
ok 247 - failed POST and GET fall back to the next endpoint
  ---
  duration_ms: 3.030769
  type: 'test'
  ...
# Subtest: all failures include endpoint and both secure transport diagnostics
ok 248 - all failures include endpoint and both secure transport diagnostics
  ---
  duration_ms: 1.144582
  type: 'test'
  ...
# Subtest: failed fetch transports fall back to opaque sandbox JSONP and remember it
ok 249 - failed fetch transports fall back to opaque sandbox JSONP and remember it
  ---
  duration_ms: 0.729648
  type: 'test'
  ...
# Subtest: an empty road result requires confirmation from two independent endpoints
ok 250 - an empty road result requires confirmation from two independent endpoints
  ---
  duration_ms: 0.686315
  type: 'test'
  ...
# Subtest: roads from a second endpoint override a false empty response from the first
ok 251 - roads from a second endpoint override a false empty response from the first
  ---
  duration_ms: 0.696689
  type: 'test'
  ...
# Subtest: caller abort stops attempts immediately
ok 252 - caller abort stops attempts immediately
  ---
  duration_ms: 0.400348
  type: 'test'
  ...
# Subtest: injected development fetch is used directly
ok 253 - injected development fetch is used directly
  ---
  duration_ms: 0.238959
  type: 'test'
  ...
# Subtest: chunk expansion query uses a compact bounding box instead of an around search
ok 254 - chunk expansion query uses a compact bounding box instead of an around search
  ---
  duration_ms: 0.34524
  type: 'test'
  ...
# Subtest: successful endpoint and transport survive a client recreation and are attempted first
ok 255 - successful endpoint and transport survive a client recreation and are attempted first
  ---
  duration_ms: 0.55773
  type: 'test'
  ...
# Subtest: request metadata exposes the query shape for survey diagnostics
ok 256 - request metadata exposes the query shape for survey diagnostics
  ---
  duration_ms: 0.245534
  type: 'test'
  ...
# Subtest: balanced profile limits simulation, rendering and DPR
ok 257 - balanced profile limits simulation, rendering and DPR
  ---
  duration_ms: 1.007647
  type: 'test'
  ...
# Subtest: game loop decouples simulation, civilization and rendering rates
ok 258 - game loop decouples simulation, civilization and rendering rates
  ---
  duration_ms: 0.710979
  type: 'test'
  ...
# Subtest: game loop preserves simulation backlog instead of discarding a slow frame
ok 259 - game loop preserves simulation backlog instead of discarding a slow frame
  ---
  duration_ms: 0.333052
  type: 'test'
  ...
# Subtest: combat spatial index returns only nearby active enemies
ok 260 - combat spatial index returns only nearby active enemies
  ---
  duration_ms: 1.252701
  type: 'test'
  ...
# Subtest: renderer caches static radar and road layers between frames
ok 261 - renderer caches static radar and road layers between frames
  ---
  duration_ms: 3.132868
  type: 'test'
  ...
# Subtest: tactical route choices use spatial snapshots instead of rescanning every enemy and defense per road edge
ok 262 - tactical route choices use spatial snapshots instead of rescanning every enemy and defense per road edge
  ---
  duration_ms: 889.569044
  type: 'test'
  ...
# Subtest: same-schema saves missing the old initialization flag remove destroyed facilities and preserve active survey facilities
ok 263 - same-schema saves missing the old initialization flag remove destroyed facilities and preserve active survey facilities
  ---
  duration_ms: 6.130692
  type: 'test'
  ...
# Subtest: normalization removes zero-HP defenses even when legacy ruin flags are absent
ok 264 - normalization removes zero-HP defenses even when legacy ruin flags are absent
  ---
  duration_ms: 0.944979
  type: 'test'
  ...
# Subtest: loaded road chunks are reconstructed from the persisted graph so survey can expand from initial roads
ok 265 - loaded road chunks are reconstructed from the persisted graph so survey can expand from initial roads
  ---
  duration_ms: 0.481108
  type: 'test'
  ...
# Subtest: survey network failures become retry-wait state instead of a permanent raw error
ok 266 - survey network failures become retry-wait state instead of a permanent raw error
  ---
  duration_ms: 192.289854
  type: 'test'
  ...
# Subtest: critical facility operations persist immediately and obsolete wreck UI is absent
ok 267 - critical facility operations persist immediately and obsolete wreck UI is absent
  ---
  duration_ms: 4.876365
  type: 'test'
  ...
# Subtest: civilization level increases the active player-base limit by one
ok 268 - civilization level increases the active player-base limit by one
  ---
  duration_ms: 0.850788
  type: 'test'
  ...
# Subtest: base placement requires an unlocked slot, fresh position, nearby road and minimum separation
ok 269 - base placement requires an unlocked slot, fresh position, nearby road and minimum separation
  ---
  duration_ms: 1.840168
  type: 'test'
  ...
# Subtest: additional major bases require and consume escalating processed-resource costs
ok 270 - additional major bases require and consume escalating processed-resource costs
  ---
  duration_ms: 1.914049
  type: 'test'
  ...
# Subtest: establishing a base adds a remote construction and simulation anchor
ok 271 - establishing a base adds a remote construction and simulation anchor
  ---
  duration_ms: 1.428795
  type: 'test'
  ...
# Subtest: secondary bases survive save and restore without retaining exact location fields
ok 272 - secondary bases survive save and restore without retaining exact location fields
  ---
  duration_ms: 86.623446
  type: 'test'
  ...
# Subtest: civilization projects require cumulative artifacts recovered in the field
ok 273 - civilization projects require cumulative artifacts recovered in the field
  ---
  duration_ms: 0.771721
  type: 'test'
  ...
# Subtest: destroying a resource enemy base secures its declared reward in one recoverable cache
ok 274 - destroying a resource enemy base secures its declared reward in one recoverable cache
  ---
  duration_ms: 89.037492
  type: 'test'
  ...
# Subtest: resource enemy bases return within the progression window while strategic bases retain long recovery
ok 275 - resource enemy bases return within the progression window while strategic bases retain long recovery
  ---
  duration_ms: 0.773069
  type: 'test'
  ...
# Subtest: legacy resource-outpost data is stripped during runtime normalization
ok 276 - legacy resource-outpost data is stripped during runtime normalization
  ---
  duration_ms: 0.45317
  type: 'test'
  ...
# Subtest: PWA registers the current service worker on HTTPS
ok 277 - PWA registers the current service worker on HTTPS
  ---
  duration_ms: 1.242853
  type: 'test'
  ...
# Subtest: PWA is skipped for an allowed development fixture
ok 278 - PWA is skipped for an allowed development fixture
  ---
  duration_ms: 0.549205
  type: 'test'
  ...
# Subtest: public devFixture query does not disable production PWA registration
ok 279 - public devFixture query does not disable production PWA registration
  ---
  duration_ms: 0.42406
  type: 'test'
  ...
# Subtest: PWA registration failure does not stop the game
ok 280 - PWA registration failure does not stop the game
  ---
  duration_ms: 0.328962
  type: 'test'
  ...
# Subtest: radar renderer is integrated without changing the map input owner
ok 281 - radar renderer is integrated without changing the map input owner
  ---
  duration_ms: 89.972758
  type: 'test'
  ...
# Subtest: radar theme exposes tactical palette and mobile layout rules
ok 282 - radar theme exposes tactical palette and mobile layout rules
  ---
  duration_ms: 2.279987
  type: 'test'
  ...
# Subtest: combat and road renderers use radar glyphs and glow rather than emoji labels
ok 283 - combat and road renderers use radar glyphs and glow rather than emoji labels
  ---
  duration_ms: 4.48469
  type: 'test'
  ...
# Subtest: radar canvas layers render with a minimal canvas context
ok 284 - radar canvas layers render with a minimal canvas context
  ---
  duration_ms: 86.699585
  type: 'test'
  ...
# Subtest: playing footer stays clear of the combat toolbar
ok 285 - playing footer stays clear of the combat toolbar
  ---
  duration_ms: 1.98565
  type: 'test'
  ...
# Subtest: radar preferences apply defaults and cycle without game state
ok 286 - radar preferences apply defaults and cycle without game state
  ---
  duration_ms: 0.985624
  type: 'test'
  ...
# Subtest: bootstrap imports RadarPreferences before constructing it
ok 287 - bootstrap imports RadarPreferences before constructing it
  ---
  duration_ms: 9.06546
  type: 'test'
  ...
# Subtest: touch devices default to the power-saving radar profile
ok 288 - touch devices default to the power-saving radar profile
  ---
  duration_ms: 0.406645
  type: 'test'
  ...
# Subtest: destroying an enemy base creates one persistent recovery item at the destroyed base
ok 289 - destroying an enemy base creates one persistent recovery item at the destroyed base
  ---
  duration_ms: 2.225662
  type: 'test'
  ...
# Subtest: recovery requires the player to be within the physical collection range
ok 290 - recovery requires the player to be within the physical collection range
  ---
  duration_ms: 0.733637
  type: 'test'
  ...
# Subtest: recovery rejects stale or inaccurate geolocation even at the item position
ok 291 - recovery rejects stale or inaccurate geolocation even at the item position
  ---
  duration_ms: 0.262149
  type: 'test'
  ...
# Subtest: manual collection requires five seconds in range, grants once and removes the recovered item
ok 292 - manual collection requires five seconds in range, grants once and removes the recovered item
  ---
  duration_ms: 1.231455
  type: 'test'
  ...
# Subtest: leaving the collection radius cancels progress without removing the item
ok 293 - leaving the collection radius cancels progress without removing the item
  ---
  duration_ms: 0.627129
  type: 'test'
  ...
# Subtest: uncollected recovery items survive save and restore while live location freshness does not
ok 294 - uncollected recovery items survive save and restore while live location freshness does not
  ---
  duration_ms: 1.495964
  type: 'test'
  ...
# Subtest: refactor schema 1 scrap is migrated into canonical resources
ok 295 - refactor schema 1 scrap is migrated into canonical resources
  ---
  duration_ms: 2.667415
  type: 'test'
  ...
# Subtest: retrieval squad is deliberately weak and works from major and field bases
ok 296 - retrieval squad is deliberately weak and works from major and field bases
  ---
  duration_ms: 1.07716
  type: 'test'
  ...
# Subtest: dispatch reserves a recovery item and preview does not mutate it
ok 297 - dispatch reserves a recovery item and preview does not mutate it
  ---
  duration_ms: 3.549972
  type: 'test'
  ...
# Subtest: retrieval squad collects for eight seconds and grants the artifact only after returning
ok 298 - retrieval squad collects for eight seconds and grants the artifact only after returning
  ---
  duration_ms: 4.666018
  type: 'test'
  ...
# Subtest: destroying a squad before pickup releases the item at its original location
ok 299 - destroying a squad before pickup releases the item at its original location
  ---
  duration_ms: 0.588818
  type: 'test'
  ...
# Subtest: destroying a squad while carrying drops the item at the destruction point
ok 300 - destroying a squad while carrying drops the item at the destruction point
  ---
  duration_ms: 3.041737
  type: 'test'
  ...
# Subtest: withdrawing before pickup abandons the recovery mission and releases the item
ok 301 - withdrawing before pickup abandons the recovery mission and releases the item
  ---
  duration_ms: 0.688729
  type: 'test'
  ...
# Subtest: field bases can deploy and reorganize retrieval squads
ok 302 - field bases can deploy and reorganize retrieval squads
  ---
  duration_ms: 0.508982
  type: 'test'
  ...
# Subtest: reserved recovery mission survives save and restore without exposing exact live location data
ok 303 - reserved recovery mission survives save and restore without exposing exact live location data
  ---
  duration_ms: 1.526236
  type: 'test'
  ...
# Subtest: manual collection in progress blocks deployment without consuming resources or changing a ready squad
ok 304 - manual collection in progress blocks deployment without consuming resources or changing a ready squad
  ---
  duration_ms: 0.639114
  type: 'test'
  ...
# Subtest: orphaned reservations become available again after squad data is lost
ok 305 - orphaned reservations become available again after squad data is lost
  ---
  duration_ms: 0.542591
  type: 'test'
  ...
# Subtest: a real heavy enemy quickly destroys the weak retrieval squad and releases its reservation
ok 306 - a real heavy enemy quickly destroys the weak retrieval squad and releases its reservation
  ---
  duration_ms: 1.708082
  type: 'test'
  ...
# Subtest: remote retrieval completes under active, peripheral, and dormant regional intervals
ok 307 - remote retrieval completes under active, peripheral, and dormant regional intervals
  ---
  duration_ms: 185.96277
  type: 'test'
  ...
# Subtest: world chunks use deterministic grid ids and reversible centers
ok 308 - world chunks use deterministic grid ids and reversible centers
  ---
  duration_ms: 3.127123
  type: 'test'
  ...
# Subtest: initial chunk state does not assume that the cleaned initial graph fully covers surrounding chunks
ok 309 - initial chunk state does not assume that the cleaned initial graph fully covers surrounding chunks
  ---
  duration_ms: 0.353185
  type: 'test'
  ...
# Subtest: graph merge preserves existing ids, joins nearby endpoints and removes duplicate edges
ok 310 - graph merge preserves existing ids, joins nearby endpoints and removes duplicate edges
  ---
  duration_ms: 1.879627
  type: 'test'
  ...
# Subtest: chunk cache isolates worlds and can remove one world
ok 311 - chunk cache isolates worlds and can remove one world
  ---
  duration_ms: 12.280566
  type: 'test'
  ...
# Subtest: RoadService chunk acquisition projects roads into the original world coordinate system
ok 312 - RoadService chunk acquisition projects roads into the original world coordinate system
  ---
  duration_ms: 85.605114
  type: 'test'
  ...
# Subtest: parallel carriageways with the same identity collapse into one gameplay road
ok 313 - parallel carriageways with the same identity collapse into one gameplay road
  ---
  duration_ms: 82.607067
  type: 'test'
  ...
# Subtest: nearby roads with different names remain separate
ok 314 - nearby roads with different names remain separate
  ---
  duration_ms: 0.67927
  type: 'test'
  ...
# Subtest: service roads are available while private driveway-like service ways remain excluded
ok 315 - service roads are available while private driveway-like service ways remain excluded
  ---
  duration_ms: 0.740274
  type: 'test'
  ...
# Subtest: player frontier movement uses sandbox fallback, grows the live map and survives save restore
ok 316 - player frontier movement uses sandbox fallback, grows the live map and survives save restore
  ---
  duration_ms: 98.140117
  type: 'test'
  ...
# Subtest: wooden survey tower uses the same acquisition stack and records a real merged road result
ok 317 - wooden survey tower uses the same acquisition stack and records a real merged road result
  ---
  duration_ms: 5.137511
  type: 'test'
  ...
# Subtest: v2 false-empty and stale cache markers are released so old saves can expand again
ok 318 - v2 false-empty and stale cache markers are released so old saves can expand again
  ---
  duration_ms: 0.619862
  type: 'test'
  ...
# Subtest: clustered intersections build a connected graph and combat route
ok 319 - clustered intersections build a connected graph and combat route
  ---
  duration_ms: 3.610205
  type: 'test'
  ...
# Subtest: one RoadService load performs one acquisition and produces indexed graph data
ok 320 - one RoadService load performs one acquisition and produces indexed graph data
  ---
  duration_ms: 103.316852
  type: 'test'
  ...
# Subtest: chunk prefetch only includes crossed or nearby grid edges
ok 321 - chunk prefetch only includes crossed or nearby grid edges
  ---
  duration_ms: 1.603048
  type: 'test'
  ...
# Subtest: manager merges a new chunk, records it and persists a compact cache entry
ok 322 - manager merges a new chunk, records it and persists a compact cache entry
  ---
  duration_ms: 84.47996
  type: 'test'
  ...
# Subtest: manager loads a cached chunk without calling the road server
ok 323 - manager loads a cached chunk without calling the road server
  ---
  duration_ms: 1.171309
  type: 'test'
  ...
# Subtest: failed acquisitions cool down without blocking unrelated nearby chunks
ok 324 - failed acquisitions cool down without blocking unrelated nearby chunks
  ---
  duration_ms: 10.000799
  type: 'test'
  ...
# Subtest: chunk centers remain based on the original world center
ok 325 - chunk centers remain based on the original world center
  ---
  duration_ms: 0.245912
  type: 'test'
  ...
# Subtest: legacy unrelated coverage is released while graph-derived and explicitly merged chunks remain confirmed
ok 326 - legacy unrelated coverage is released while graph-derived and explicitly merged chunks remain confirmed
  ---
  duration_ms: 0.752686
  type: 'test'
  ...
# Subtest: approaching a visible road endpoint queues forward chunks before the grid boundary
ok 327 - approaching a visible road endpoint queues forward chunks before the grid boundary
  ---
  duration_ms: 1.672753
  type: 'test'
  ...
# Subtest: movement lookahead queues the travel direction even before the player reaches a chunk edge
ok 328 - movement lookahead queues the travel direction even before the player reaches a chunk edge
  ---
  duration_ms: 1.280992
  type: 'test'
  ...
# Subtest: frontier failures retry after the shorter movement cooldown
ok 329 - frontier failures retry after the shorter movement cooldown
  ---
  duration_ms: 1.231789
  type: 'test'
  ...
# Subtest: an internal cul-de-sac does not masquerade as the outer road frontier
ok 330 - an internal cul-de-sac does not masquerade as the outer road frontier
  ---
  duration_ms: 2.616584
  type: 'test'
  ...
# Subtest: lookahead road chunks remain hidden until the player physically enters them
ok 331 - lookahead road chunks remain hidden until the player physically enters them
  ---
  duration_ms: 1.493421
  type: 'test'
  ...
# Subtest: road-frontier movement completes acquisition and merges the new road into the live map
ok 332 - road-frontier movement completes acquisition and merges the new road into the live map
  ---
  duration_ms: 81.866583
  type: 'test'
  ...
# Subtest: aborting road acquisition prevents a late response from repopulating reset state
ok 333 - aborting road acquisition prevents a late response from repopulating reset state
  ---
  duration_ms: 3.267309
  type: 'test'
  ...
# Subtest: an old cached empty graph is discarded and reacquired instead of blocking map growth
ok 334 - an old cached empty graph is discarded and reacquired instead of blocking map growth
  ---
  duration_ms: 1.293754
  type: 'test'
  ...
# Subtest: JSONP URL includes the Overpass query and isolated callback name
ok 335 - JSONP URL includes the Overpass query and isolated callback name
  ---
  duration_ms: 0.952041
  type: 'test'
  ...
# Subtest: sandbox transport uses an opaque-origin iframe and returns only the validated payload
ok 336 - sandbox transport uses an opaque-origin iframe and returns only the validated payload
  ---
  duration_ms: 1.52159
  type: 'test'
  ...
# Subtest: sandbox transport aborts without leaving the iframe or message listener behind
ok 337 - sandbox transport aborts without leaving the iframe or message listener behind
  ---
  duration_ms: 0.894144
  type: 'test'
  ...
# Subtest: save data remains JSON and graph indexes are reconstructed after load
ok 338 - save data remains JSON and graph indexes are reconstructed after load
  ---
  duration_ms: 2.920163
  type: 'test'
  ...
# Subtest: v0.19 object-form road graphs remain loadable after compact saves are introduced
ok 339 - v0.19 object-form road graphs remain loadable after compact saves are introduced
  ---
  duration_ms: 0.406756
  type: 'test'
  ...
# Subtest: detached-state save consumes one caller-owned snapshot without mutating the live source state
ok 340 - detached-state save consumes one caller-owned snapshot without mutating the live source state
  ---
  duration_ms: 0.432233
  type: 'test'
  ...
# Subtest: lifecycle follows the new startup sequence
ok 341 - lifecycle follows the new startup sequence
  ---
  duration_ms: 2.154621
  type: 'test'
  ...
# Subtest: invalid transition is rejected
ok 342 - invalid transition is rejected
  ---
  duration_ms: 1.319581
  type: 'test'
  ...
# Subtest: state snapshots cannot mutate the store
ok 343 - state snapshots cannot mutate the store
  ---
  duration_ms: 0.387944
  type: 'test'
  ...
# Subtest: failed transactions leave the committed state untouched
ok 344 - failed transactions leave the committed state untouched
  ---
  duration_ms: 1.323127
  type: 'test'
  ...
# Subtest: mutator exceptions roll back state and buffered domain events
ok 345 - mutator exceptions roll back state and buffered domain events
  ---
  duration_ms: 0.466569
  type: 'test'
  ...
# Subtest: read returns detached object values and old mutation APIs are absent
ok 346 - read returns detached object values and old mutation APIs are absent
  ---
  duration_ms: 0.198271
  type: 'test'
  ...
# Subtest: asynchronous mutators are rejected before they can commit a draft
ok 347 - asynchronous mutators are rejected before they can commit a draft
  ---
  duration_ms: 0.390446
  type: 'test'
  ...
# Subtest: listener failures are isolated after a successful committed transaction
ok 348 - listener failures are isolated after a successful committed transaction
  ---
  duration_ms: 0.329686
  type: 'test'
  ...
# Subtest: source contains no legacy function override pattern or duplicate fetchRoadGraph
ok 349 - source contains no legacy function override pattern or duplicate fetchRoadGraph
  ---
  duration_ms: 397.020086
  type: 'test'
  ...
# Subtest: repair relay remains available as a build tool
ok 350 - repair relay remains available as a build tool
  ---
  duration_ms: 4.967634
  type: 'test'
  ...
# Subtest: base construction ranges double at every civilization level while the current-position radius stays fixed
ok 351 - base construction ranges double at every civilization level while the current-position radius stays fixed
  ---
  duration_ms: 2.471786
  type: 'test'
  ...
# Subtest: civilization advancement immediately unlocks road construction sites in the expanded base radius
ok 352 - civilization advancement immediately unlocks road construction sites in the expanded base radius
  ---
  duration_ms: 1.186952
  type: 'test'
  ...
# Subtest: civilization growth does not turn the player position into an unlimited mobile construction anchor
ok 353 - civilization growth does not turn the player position into an unlimited mobile construction anchor
  ---
  duration_ms: 0.379487
  type: 'test'
  ...
# Subtest: build placement cache includes the actual anchor radius so a civilization level-up redraws sites
ok 354 - build placement cache includes the actual anchor radius so a civilization level-up redraws sites
  ---
  duration_ms: 81.210389
  type: 'test'
  ...
# Subtest: survey facility UI exposes manual retry and an observable successful connection record
ok 355 - survey facility UI exposes manual retry and an observable successful connection record
  ---
  duration_ms: 1.635889
  type: 'test'
  ...
# Subtest: survey facility is a civilization level 1 tower with approved tier progression
ok 356 - survey facility is a civilization level 1 tower with approved tier progression
  ---
  duration_ms: 1.94846
  type: 'test'
  ...
# Subtest: survey facility cannot be built before civilization level 1 or from the player-only build zone
ok 357 - survey facility cannot be built before civilization level 1 or from the player-only build zone
  ---
  duration_ms: 1.916684
  type: 'test'
  ...
# Subtest: each owned base can operate only one active survey facility
ok 358 - each owned base can operate only one active survey facility
  ---
  duration_ms: 1.458173
  type: 'test'
  ...
# Subtest: survey candidate selection expands one adjacent unloaded chunk inside the tier radius
ok 359 - survey candidate selection expands one adjacent unloaded chunk inside the tier radius
  ---
  duration_ms: 88.69039
  type: 'test'
  ...
# Subtest: survey-loaded roads are recorded separately from physically observed regions
ok 360 - survey-loaded roads are recorded separately from physically observed regions
  ---
  duration_ms: 3.534031
  type: 'test'
  ...
# Subtest: remote survey does not reveal exact frontier sources or ambient exploration sites
ok 361 - remote survey does not reveal exact frontier sources or ambient exploration sites
  ---
  duration_ms: 0.939261
  type: 'test'
  ...
# Subtest: entering a surveyed chunk promotes it to physical observation and reveals local content
ok 362 - entering a surveyed chunk promotes it to physical observation and reveals local content
  ---
  duration_ms: 4.813146
  type: 'test'
  ...
# Subtest: survey scheduler serializes facilities and enforces a global real-time cooldown
ok 363 - survey scheduler serializes facilities and enforces a global real-time cooldown
  ---
  duration_ms: 2.347762
  type: 'test'
  ...
# Subtest: survey status reports radius, cadence and remaining expansion work
ok 364 - survey status reports radius, cadence and remaining expansion work
  ---
  duration_ms: 0.635148
  type: 'test'
  ...
# Subtest: survey tower upgrade remains gated by the matching civilization level
ok 365 - survey tower upgrade remains gated by the matching civilization level
  ---
  duration_ms: 0.803041
  type: 'test'
  ...
# Subtest: a survey facility anchored to a destroyed simple base stops operating until the base is rebuilt
ok 366 - a survey facility anchored to a destroyed simple base stops operating until the base is rebuilt
  ---
  duration_ms: 0.329682
  type: 'test'
  ...
# Subtest: survey-only road chunks do not receive exact enemy bases before physical observation
ok 367 - survey-only road chunks do not receive exact enemy bases before physical observation
  ---
  duration_ms: 1.067279
  type: 'test'
  ...
# Subtest: survey progress and physical-observation boundaries survive save and restore
ok 368 - survey progress and physical-observation boundaries survive save and restore
  ---
  duration_ms: 1.009036
  type: 'test'
  ...
# Subtest: manual survey bypasses a previous retry cooldown and records the real connection used after success
ok 369 - manual survey bypasses a previous retry cooldown and records the real connection used after success
  ---
  duration_ms: 83.244218
  type: 'test'
  ...
# Subtest: survey diagnostics distinguish successful communication from later road-processing failure
ok 370 - survey diagnostics distinguish successful communication from later road-processing failure
  ---
  duration_ms: 2.042008
  type: 'test'
  ...
# Subtest: resource outpost runtime is completely removed while legacy saves are safely stripped
ok 371 - resource outpost runtime is completely removed while legacy saves are safely stripped
  ---
  duration_ms: 96.297125
  type: 'test'
  ...
# Subtest: resource-camp capture rewards cover the mandatory ore gates of later civilization projects
ok 372 - resource-camp capture rewards cover the mandatory ore gates of later civilization projects
  ---
  duration_ms: 0.328087
  type: 'test'
  ...
# Subtest: project-only trial bronze goes directly to the active project and cannot be overproduced
ok 373 - project-only trial bronze goes directly to the active project and cannot be overproduced
  ---
  duration_ms: 2.137262
  type: 'test'
  ...
# Subtest: actual smelting chains turn scheduled resource-camp rewards into the mandatory bronze and iron progression totals
ok 374 - actual smelting chains turn scheduled resource-camp rewards into the mandatory bronze and iron progression totals
  ---
  duration_ms: 5.960375
  type: 'test'
  ...
# Subtest: wave doctrine changes actual routing and resource-base composition rather than only the label
ok 375 - wave doctrine changes actual routing and resource-base composition rather than only the label
  ---
  duration_ms: 3.34803
  type: 'test'
  ...
# Subtest: upgraded tower ranges affect evasive route selection
ok 376 - upgraded tower ranges affect evasive route selection
  ---
  duration_ms: 0.764984
  type: 'test'
  ...
# Subtest: shield tiers use their declared protection values and new enemies use correct friendly matchups
ok 377 - shield tiers use their declared protection values and new enemies use correct friendly matchups
  ---
  duration_ms: 0.68315
  type: 'test'
  ...
# Subtest: hunters abandon squads outside their pursuit radius
ok 378 - hunters abandon squads outside their pursuit radius
  ---
  duration_ms: 1.465881
  type: 'test'
  ...
# Subtest: additional major bases are real attack targets, can be destroyed, persist, and rebuild on site
ok 379 - additional major bases are real attack targets, can be destroyed, persist, and rebuild on site
  ---
  duration_ms: 1.278806
  type: 'test'
  ...
# Subtest: spawned and legacy-loaded enemies retain their defined visual radius and field-base UI lists retrieval units
ok 380 - spawned and legacy-loaded enemies retain their defined visual radius and field-base UI lists retrieval units
  ---
  duration_ms: 5.387676
  type: 'test'
  ...
# Subtest: destroyed major-base ruins still occupy their slot and block overlapping replacement placement
ok 381 - destroyed major-base ruins still occupy their slot and block overlapping replacement placement
  ---
  duration_ms: 0.939744
  type: 'test'
  ...
# Subtest: only one tab owns the synchronous storage lease
ok 382 - only one tab owns the synchronous storage lease
  ---
  duration_ms: 1.064284
  type: 'test'
  ...
# Subtest: broadcast fallback elects one primary tab when storage is unavailable
ok 383 - broadcast fallback elects one primary tab when storage is unavailable
  ---
  duration_ms: 0.86261
  type: 'test'
  ...
# Subtest: remaining route distance accounts for current edge progress
ok 384 - remaining route distance accounts for current edge progress
  ---
  duration_ms: 1.129074
  type: 'test'
  ...
# Subtest: threat level escalates from contact to critical
ok 385 - threat level escalates from contact to critical
  ---
  duration_ms: 0.371573
  type: 'test'
  ...
# Subtest: clear threat reports stable defense line
ok 386 - clear threat reports stable defense line
  ---
  duration_ms: 0.19221
  type: 'test'
  ...
# Subtest: tactical routes and focus render with a minimal canvas context
ok 387 - tactical routes and focus render with a minimal canvas context
  ---
  duration_ms: 9.30048
  type: 'test'
  ...
# Subtest: selected enemy base no longer renders a misleading player capture radius
ok 388 - selected enemy base no longer renders a misleading player capture radius
  ---
  duration_ms: 0.598416
  type: 'test'
  ...
# Subtest: HUD and modal CSS do not use unreadably small explicit type
ok 389 - HUD and modal CSS do not use unreadably small explicit type
  ---
  duration_ms: 84.040859
  type: 'test'
  ...
# Subtest: Canvas labels retain a readable minimum without changing world scale
ok 390 - Canvas labels retain a readable minimum without changing world scale
  ---
  duration_ms: 5.662517
  type: 'test'
  ...
# Subtest: larger tool labels receive matching control height and context clearance
ok 391 - larger tool labels receive matching control height and context clearance
  ---
  duration_ms: 1.719125
  type: 'test'
  ...
# Subtest: opening command, civilization and deployment UI does not mutate committed game state
ok 392 - opening command, civilization and deployment UI does not mutate committed game state
  ---
  duration_ms: 8.063465
  type: 'test'
  ...
# Subtest: periodic HUD refresh shares one detached state snapshot across all UI panels
ok 393 - periodic HUD refresh shares one detached state snapshot across all UI panels
  ---
  duration_ms: 4.270815
  type: 'test'
  ...
# Subtest: a fully destroyed wave increments perfect defense streak exactly once
ok 394 - a fully destroyed wave increments perfect defense streak exactly once
  ---
  duration_ms: 4.363135
  type: 'test'
  ...
# Subtest: enemy-base guard launches once and does not count as a perfect defense wave
ok 395 - enemy-base guard launches once and does not count as a perfect defense wave
  ---
  duration_ms: 1.310226
  type: 'test'
  ...
# Subtest: civilization level creates resource bases without duplicating them
ok 396 - civilization level creates resource bases without duplicating them
  ---
  duration_ms: 8.314722
  type: 'test'
  ...
# Subtest: initial base placement excludes civilization resource bases
ok 397 - initial base placement excludes civilization resource bases
  ---
  duration_ms: 12.217994
  type: 'test'
  ...
# Subtest: destroyed base waits for its respawn timer and then reappears elsewhere
ok 398 - destroyed base waits for its respawn timer and then reappears elsewhere
  ---
  duration_ms: 1.273063
  type: 'test'
  ...
# Subtest: initial enemy bases spread across independent road fronts when the graph permits it
ok 399 - initial enemy bases spread across independent road fronts when the graph permits it
  ---
  duration_ms: 1.036669
  type: 'test'
  ...
# Subtest: stacked initial enemy bases receive progressively longer opening delays on a one-front road
ok 400 - stacked initial enemy bases receive progressively longer opening delays on a one-front road
  ---
  duration_ms: 1.012222
  type: 'test'
  ...
# Subtest: region activity follows the nearest city or player anchor
ok 401 - region activity follows the nearest city or player anchor
  ---
  duration_ms: 1.6387
  type: 'test'
  ...
# Subtest: regional clocks only release peripheral and dormant simulation at their intervals
ok 402 - regional clocks only release peripheral and dormant simulation at their intervals
  ---
  duration_ms: 0.853605
  type: 'test'
  ...
# Subtest: dormant enemies and facilities advance only when the remote interval is due
ok 403 - dormant enemies and facilities advance only when the remote interval is due
  ---
  duration_ms: 7.144485
  type: 'test'
  ...
# Subtest: road graph spatial index excludes distant roads from local queries
ok 404 - road graph spatial index excludes distant roads from local queries
  ---
  duration_ms: 0.987342
  type: 'test'
  ...
# Subtest: expanded road graphs use compact save encoding and restore gameplay fields
ok 405 - expanded road graphs use compact save encoding and restore gameplay fields
  ---
  duration_ms: 4.156963
  type: 'test'
  ...
1..405
# tests 405
# suites 0
# pass 405
# fail 0
# cancelled 0
# skipped 0
# todo 0
# duration_ms 8014.50693
