TAP version 13
# Subtest: HTML references only existing local app resources and required controls exist
ok 1 - HTML references only existing local app resources and required controls exist
  ---
  duration_ms: 8.105947
  type: 'test'
  ...
# Subtest: every required DOM id used by bootstrap exists in HTML
ok 2 - every required DOM id used by bootstrap exists in HTML
  ---
  duration_ms: 3.641557
  type: 'test'
  ...
# Subtest: service worker app shell contains every runtime source file and all paths exist
ok 3 - service worker app shell contains every runtime source file and all paths exist
  ---
  duration_ms: 18.485547
  type: 'test'
  ...
# Subtest: development tree has no premature single-HTML build output
ok 4 - development tree has no premature single-HTML build output
  ---
  duration_ms: 1.159244
  type: 'test'
  ...
# Subtest: service worker only deletes FRONTLINE ROADS caches
ok 5 - service worker only deletes FRONTLINE ROADS caches
  ---
  duration_ms: 1.223971
  type: 'test'
  ...
# Subtest: service worker falls back to HTML only for navigation requests
ok 6 - service worker falls back to HTML only for navigation requests
  ---
  duration_ms: 0.9612
  type: 'test'
  ...
# Subtest: release version is synchronized across package, runtime label, HTML loader and service-worker cache
ok 7 - release version is synchronized across package, runtime label, HTML loader and service-worker cache
  ---
  duration_ms: 3.243956
  type: 'test'
  ...
# Subtest: asset startup does not delete caches or unregister service workers before boot
ok 8 - asset startup does not delete caches or unregister service workers before boot
  ---
  duration_ms: 1.049661
  type: 'test'
  ...
# Subtest: GitHub Pages package includes no-Jekyll markers and the legacy fr redirect
ok 9 - GitHub Pages package includes no-Jekyll markers and the legacy fr redirect
  ---
  duration_ms: 1.553796
  type: 'test'
  ...
# Subtest: obsolete top alert frame is absent from the play HUD
ok 10 - obsolete top alert frame is absent from the play HUD
  ---
  duration_ms: 1.832281
  type: 'test'
  ...
# Subtest: storage denial is detected without crashing construction
ok 11 - storage denial is detected without crashing construction
  ---
  duration_ms: 0.948941
  type: 'test'
  ...
# Subtest: invalid shallow save is quarantined instead of bricking startup
ok 12 - invalid shallow save is quarantined instead of bricking startup
  ---
  duration_ms: 1.005937
  type: 'test'
  ...
# Subtest: saved game removes exact position history and rounds map origin
ok 13 - saved game removes exact position history and rounds map origin
  ---
  duration_ms: 1.871534
  type: 'test'
  ...
# Subtest: state validation rejects malformed saved road graph
ok 14 - state validation rejects malformed saved road graph
  ---
  duration_ms: 0.225776
  type: 'test'
  ...
# Subtest: stone gate conversion cannot be used before civilization level 2
ok 15 - stone gate conversion cannot be used before civilization level 2
  ---
  duration_ms: 0.585901
  type: 'test'
  ...
# Subtest: path invalidation waits for the current edge instead of teleporting backward
ok 16 - path invalidation waits for the current edge instead of teleporting backward
  ---
  duration_ms: 1.105775
  type: 'test'
  ...
# Subtest: grade-separated endpoints are not merged into one intersection
ok 17 - grade-separated endpoints are not merged into one intersection
  ---
  duration_ms: 1.619279
  type: 'test'
  ...
# Subtest: long OSM geometry is subdivided rather than discarded
ok 18 - long OSM geometry is subdivided rather than discarded
  ---
  duration_ms: 1.424939
  type: 'test'
  ...
# Subtest: complete reset clears current, legacy, and backup save keys
ok 19 - complete reset clears current, legacy, and backup save keys
  ---
  duration_ms: 0.361708
  type: 'test'
  ...
# Subtest: production source only enables dev fixture on local or explicit test origins
ok 20 - production source only enables dev fixture on local or explicit test origins
  ---
  duration_ms: 8.020776
  type: 'test'
  ...
# Subtest: development fixture disables browser JSONP and uses injected road data
ok 21 - development fixture disables browser JSONP and uses injected road data
  ---
  duration_ms: 2.809654
  type: 'test'
  ...
# Subtest: tier-zero area and slow defenses use the approved restrained values
ok 22 - tier-zero area and slow defenses use the approved restrained values
  ---
  duration_ms: 1.297731
  type: 'test'
  ...
# Subtest: area defense applies full damage to one target, reduced splash and a hard target cap
ok 23 - area defense applies full damage to one target, reduced splash and a hard target cap
  ---
  duration_ms: 1.276368
  type: 'test'
  ...
# Subtest: slow defense affects only the nearest approved number of targets
ok 24 - slow defense affects only the nearest approved number of targets
  ---
  duration_ms: 0.404893
  type: 'test'
  ...
# Subtest: enemy base growth follows age thresholds and civilization caps
ok 25 - enemy base growth follows age thresholds and civilization caps
  ---
  duration_ms: 0.217523
  type: 'test'
  ...
# Subtest: enemy level multipliers scale durability, attack and speed without runaway speed growth
ok 26 - enemy level multipliers scale durability, attack and speed without runaway speed growth
  ---
  duration_ms: 0.221359
  type: 'test'
  ...
# Subtest: spawned enemies retain the source base level and scaled HP for their lifetime
ok 27 - spawned enemies retain the source base level and scaled HP for their lifetime
  ---
  duration_ms: 0.663377
  type: 'test'
  ...
# Subtest: enemy base levels add exactly one unit per level
ok 28 - enemy base levels add exactly one unit per level
  ---
  duration_ms: 0.663447
  type: 'test'
  ...
# Subtest: new civilization enemy generations phase in at 15, 30, 45 and 60 minutes
ok 29 - new civilization enemy generations phase in at 15, 30, 45 and 60 minutes
  ---
  duration_ms: 0.189762
  type: 'test'
  ...
# Subtest: higher enemy base levels increase pressure gradually rather than all at once
ok 30 - higher enemy base levels increase pressure gradually rather than all at once
  ---
  duration_ms: 0.365524
  type: 'test'
  ...
# Subtest: a level-two mixed wave now reaches a city defended only by tier-zero area and slow facilities
ok 31 - a level-two mixed wave now reaches a city defended only by tier-zero area and slow facilities
  ---
  duration_ms: 13.774369
  type: 'test'
  ...
# Subtest: a heavier level-two formation creates meaningful pressure without instantly defeating the city
ok 32 - a heavier level-two formation creates meaningful pressure without instantly defeating the city
  ---
  duration_ms: 7.89933
  type: 'test'
  ...
# Subtest: enemy base level increases emit one visible threat notification
ok 33 - enemy base level increases emit one visible threat notification
  ---
  duration_ms: 1.387123
  type: 'test'
  ...
# Subtest: enemy individual level and scaled HP survive save and restore
ok 34 - enemy individual level and scaled HP survive save and restore
  ---
  duration_ms: 24.560465
  type: 'test'
  ...
# Subtest: a new civilization generation keeps the previous generation during its opening grace window
ok 35 - a new civilization generation keeps the previous generation during its opening grace window
  ---
  duration_ms: 0.733632
  type: 'test'
  ...
# Subtest: enemy system applies the spawned enemy level to movement and city damage
ok 36 - enemy system applies the spawned enemy level to movement and city damage
  ---
  duration_ms: 0.306425
  type: 'test'
  ...
# Subtest: base command panel summarizes remote threats, facilities, squads and recoveries
ok 37 - base command panel summarizes remote threats, facilities, squads and recoveries
  ---
  duration_ms: 2.042217
  type: 'test'
  ...
# Subtest: base command UI lists all bases and switches the map camera without moving the player
ok 38 - base command UI lists all bases and switches the map camera without moving the player
  ---
  duration_ms: 3.22991
  type: 'test'
  ...
# Subtest: base command UI establishes an unlocked base at the current road position
ok 39 - base command UI establishes an unlocked base at the current road position
  ---
  duration_ms: 1.183721
  type: 'test'
  ...
# Subtest: combat renderer includes a distinct marker for secondary player bases
ok 40 - combat renderer includes a distinct marker for secondary player bases
  ---
  duration_ms: 4.919618
  type: 'test'
  ...
# Subtest: base command UI lists simple bases separately and can focus or rebuild a destroyed one
ok 41 - base command UI lists simple bases separately and can focus or rebuild a destroyed one
  ---
  duration_ms: 1.84849
  type: 'test'
  ...
# Subtest: combat renderer includes a distinct marker for simple bases and ruins
ok 42 - combat renderer includes a distinct marker for simple bases and ruins
  ---
  duration_ms: 1.736127
  type: 'test'
  ...
# Subtest: selection snaps to the existing graph and creates a base without refetching
ok 43 - selection snaps to the existing graph and creates a base without refetching
  ---
  duration_ms: 1.690415
  type: 'test'
  ...
# Subtest: a tap outside the road tolerance is rejected
ok 44 - a tap outside the road tolerance is rejected
  ---
  duration_ms: 0.142071
  type: 'test'
  ...
# Subtest: base placement uses a dedicated map viewport instead of drawing behind controls
ok 45 - base placement uses a dedicated map viewport instead of drawing behind controls
  ---
  duration_ms: 5.826162
  type: 'test'
  ...
# Subtest: base placement screen keeps the canvas clip synchronized with the viewport
ok 46 - base placement screen keeps the canvas clip synchronized with the viewport
  ---
  duration_ms: 2.32966
  type: 'test'
  ...
# Subtest: barrier highlighting is clipped to the build-radius portion of a road
ok 47 - barrier highlighting is clipped to the build-radius portion of a road
  ---
  duration_ms: 1.251396
  type: 'test'
  ...
# Subtest: build placement overlay draws valid sites, build radius and candidate effect radius
ok 48 - build placement overlay draws valid sites, build radius and candidate effect radius
  ---
  duration_ms: 0.637018
  type: 'test'
  ...
# Subtest: barrier overlay tolerates a minimal canvas implementation
ok 49 - barrier overlay tolerates a minimal canvas implementation
  ---
  duration_ms: 0.337191
  type: 'test'
  ...
# Subtest: renderer draws construction guidance after combat effects so candidates stay visible
ok 50 - renderer draws construction guidance after combat effects so candidates stay visible
  ---
  duration_ms: 6.270778
  type: 'test'
  ...
# Subtest: existing facilities expand build sites beyond the original home-base range
ok 51 - existing facilities expand build sites beyond the original home-base range
  ---
  duration_ms: 4.514696
  type: 'test'
  ...
# Subtest: previewing a candidate does not consume resources or create a defense
ok 52 - previewing a candidate does not consume resources or create a defense
  ---
  duration_ms: 0.75312
  type: 'test'
  ...
# Subtest: a confirmed candidate consumes resources exactly once and creates the selected defense
ok 53 - a confirmed candidate consumes resources exactly once and creates the selected defense
  ---
  duration_ms: 0.79319
  type: 'test'
  ...
# Subtest: a stale candidate is rejected without spending resources
ok 54 - a stale candidate is rejected without spending resources
  ---
  duration_ms: 0.774483
  type: 'test'
  ...
# Subtest: candidate confirmation rechecks resources that changed after preview
ok 55 - candidate confirmation rechecks resources that changed after preview
  ---
  duration_ms: 0.48414
  type: 'test'
  ...
# Subtest: barrier candidates retain the tapped road position and reject out-of-range points
ok 56 - barrier candidates retain the tapped road position and reject out-of-range points
  ---
  duration_ms: 0.567574
  type: 'test'
  ...
# Subtest: rebuilding a ruined placement at the same world time creates a distinct defense id
ok 57 - rebuilding a ruined placement at the same world time creates a distinct defense id
  ---
  duration_ms: 0.738663
  type: 'test'
  ...
# Subtest: preview skips an occupied nearest intersection when another valid intersection is within the tap tolerance
ok 58 - preview skips an occupied nearest intersection when another valid intersection is within the tap tolerance
  ---
  duration_ms: 0.398813
  type: 'test'
  ...
# Subtest: preview skips an occupied nearest road when another valid road is within the tap tolerance
ok 59 - preview skips an occupied nearest road when another valid road is within the tap tolerance
  ---
  duration_ms: 0.577589
  type: 'test'
  ...
# Subtest: player position creates a second build zone away from the home base
ok 60 - player position creates a second build zone away from the home base
  ---
  duration_ms: 0.611009
  type: 'test'
  ...
# Subtest: a current-location candidate is rejected if the player leaves its build zone before confirmation
ok 61 - a current-location candidate is rejected if the player leaves its build zone before confirmation
  ---
  duration_ms: 0.313136
  type: 'test'
  ...
# Subtest: overlapping home-base and player positions are represented as one build zone
ok 62 - overlapping home-base and player positions are represented as one build zone
  ---
  duration_ms: 0.163303
  type: 'test'
  ...
# Subtest: existing facilities create expanded construction anchors for additional defenses
ok 63 - existing facilities create expanded construction anchors for additional defenses
  ---
  duration_ms: 0.392454
  type: 'test'
  ...
# Subtest: inventory has one canonical resource store and preserves overflow
ok 64 - inventory has one canonical resource store and preserves overflow
  ---
  duration_ms: 2.317187
  type: 'test'
  ...
# Subtest: production reserves inputs once and completes through the civilization update
ok 65 - production reserves inputs once and completes through the civilization update
  ---
  duration_ms: 1.346303
  type: 'test'
  ...
# Subtest: removed resource outpost subsystem is absent from civilization runtime
ok 66 - removed resource outpost subsystem is absent from civilization runtime
  ---
  duration_ms: 0.093319
  type: 'test'
  ...
# Subtest: settlement damage ruins a building and disables its production
ok 67 - settlement damage ruins a building and disables its production
  ---
  duration_ms: 0.609506
  type: 'test'
  ...
# Subtest: production overflow stays in the building buffer until collection
ok 68 - production overflow stays in the building buffer until collection
  ---
  duration_ms: 0.557229
  type: 'test'
  ...
# Subtest: every civilization project uses implemented requirements and fits the unlocked settlement slots
ok 69 - every civilization project uses implemented requirements and fits the unlocked settlement slots
  ---
  duration_ms: 0.354637
  type: 'test'
  ...
# Subtest: map tap only selects a build candidate and confirmation performs the mutation
ok 70 - map tap only selects a build candidate and confirmation performs the mutation
  ---
  duration_ms: 34.627058
  type: 'test'
  ...
# Subtest: combat UI no longer calls immediate buildAt from map taps
ok 71 - combat UI no longer calls immediate buildAt from map taps
  ---
  duration_ms: 4.454175
  type: 'test'
  ...
# Subtest: an invalid second tap clears the previous candidate to prevent confirming the wrong location
ok 72 - an invalid second tap clears the previous candidate to prevent confirming the wrong location
  ---
  duration_ms: 1.308146
  type: 'test'
  ...
# Subtest: build confirmation is disabled while the selected facility is unaffordable
ok 73 - build confirmation is disabled while the selected facility is unaffordable
  ---
  duration_ms: 0.911836
  type: 'test'
  ...
# Subtest: context explanations are collapsed by default and metrics remain visible
ok 74 - context explanations are collapsed by default and metrics remain visible
  ---
  duration_ms: 0.640473
  type: 'test'
  ...
# Subtest: an opened context explanation remains open after the live HUD rerenders
ok 75 - an opened context explanation remains open after the live HUD rerenders
  ---
  duration_ms: 0.626171
  type: 'test'
  ...
# Subtest: context metrics use a fixed three-column grid to reduce panel height
ok 76 - context metrics use a fixed three-column grid to reduce panel height
  ---
  duration_ms: 2.808929
  type: 'test'
  ...
# Subtest: combat effect buffer is capped and prunes expired effects
ok 77 - combat effect buffer is capped and prunes expired effects
  ---
  duration_ms: 1.100707
  type: 'test'
  ...
# Subtest: event bus creates transient shot and city warning effects
ok 78 - event bus creates transient shot and city warning effects
  ---
  duration_ms: 2.452948
  type: 'test'
  ...
# Subtest: manual defense upgrade events create a visible pulse
ok 79 - manual defense upgrade events create a visible pulse
  ---
  duration_ms: 0.304833
  type: 'test'
  ...
# Subtest: barrier changes weighted enemy route without creating another graph
ok 80 - barrier changes weighted enemy route without creating another graph
  ---
  duration_ms: 2.080855
  type: 'test'
  ...
# Subtest: enemy position follows path direction rather than edge storage direction
ok 81 - enemy position follows path direction rather than edge storage direction
  ---
  duration_ms: 0.782304
  type: 'test'
  ...
# Subtest: build range is measured from established home base
ok 82 - build range is measured from established home base
  ---
  duration_ms: 1.857819
  type: 'test'
  ...
# Subtest: gun tower damages an enemy in range
ok 83 - gun tower damages an enemy in range
  ---
  duration_ms: 1.248206
  type: 'test'
  ...
# Subtest: enemy reaching the city deals damage and is removed
ok 84 - enemy reaching the city deals damage and is removed
  ---
  duration_ms: 0.819358
  type: 'test'
  ...
# Subtest: repair relay consumes resources and repairs only the most damaged target
ok 85 - repair relay consumes resources and repairs only the most damaged target
  ---
  duration_ms: 0.517229
  type: 'test'
  ...
# Subtest: city recovers after a quiet period and a large update only heals post-cooldown time
ok 86 - city recovers after a quiet period and a large update only heals post-cooldown time
  ---
  duration_ms: 32.85355
  type: 'test'
  ...
# Subtest: city defeat never creates negative resources and reports unpaid emergency recovery honestly
ok 87 - city defeat never creates negative resources and reports unpaid emergency recovery honestly
  ---
  duration_ms: 8.211705
  type: 'test'
  ...
# Subtest: barrier has player-facing role, effect, placement and numeric metrics
ok 88 - barrier has player-facing role, effect, placement and numeric metrics
  ---
  duration_ms: 0.796584
  type: 'test'
  ...
# Subtest: gun has player-facing role, effect, placement and numeric metrics
ok 89 - gun has player-facing role, effect, placement and numeric metrics
  ---
  duration_ms: 0.18866
  type: 'test'
  ...
# Subtest: mortar has player-facing role, effect, placement and numeric metrics
ok 90 - mortar has player-facing role, effect, placement and numeric metrics
  ---
  duration_ms: 0.110304
  type: 'test'
  ...
# Subtest: slow has player-facing role, effect, placement and numeric metrics
ok 91 - slow has player-facing role, effect, placement and numeric metrics
  ---
  duration_ms: 0.077645
  type: 'test'
  ...
# Subtest: relay has player-facing role, effect, placement and numeric metrics
ok 92 - relay has player-facing role, effect, placement and numeric metrics
  ---
  duration_ms: 0.293697
  type: 'test'
  ...
# Subtest: all defense tiers define deterministic durability and sequential upgrade costs
ok 93 - all defense tiers define deterministic durability and sequential upgrade costs
  ---
  duration_ms: 0.978776
  type: 'test'
  ...
# Subtest: defense upgrades are sequential and locked to civilization level
ok 94 - defense upgrades are sequential and locked to civilization level
  ---
  duration_ms: 2.365068
  type: 'test'
  ...
# Subtest: upgrading preserves damage ratio instead of fully healing the facility
ok 95 - upgrading preserves damage ratio instead of fully healing the facility
  ---
  duration_ms: 0.606021
  type: 'test'
  ...
# Subtest: tier synchronization upgrades legacy durability without changing its health percentage
ok 96 - tier synchronization upgrades legacy durability without changing its health percentage
  ---
  duration_ms: 0.184294
  type: 'test'
  ...
# Subtest: destroyed and maximum-tier defenses cannot be upgraded
ok 97 - destroyed and maximum-tier defenses cannot be upgraded
  ---
  duration_ms: 0.379364
  type: 'test'
  ...
# Subtest: gate conversion starts at tier two and preserves the prior health ratio
ok 98 - gate conversion starts at tier two and preserves the prior health ratio
  ---
  duration_ms: 0.406404
  type: 'test'
  ...
# Subtest: combat UI shows the current tier name, next-tier changes, cost and lock state
ok 99 - combat UI shows the current tier name, next-tier changes, cost and lock state
  ---
  duration_ms: 24.042158
  type: 'test'
  ...
# Subtest: civilization panel explains the current defense tier ceiling and next unlock
ok 100 - civilization panel explains the current defense tier ceiling and next unlock
  ---
  duration_ms: 4.490961
  type: 'test'
  ...
# Subtest: applying a tier uses the explicit durability table for every facility class
ok 101 - applying a tier uses the explicit durability table for every facility class
  ---
  duration_ms: 0.462918
  type: 'test'
  ...
# Subtest: upgraded attack statistics are used by live combat rather than only the UI
ok 102 - upgraded attack statistics are used by live combat rather than only the UI
  ---
  duration_ms: 1.446111
  type: 'test'
  ...
# Subtest: defense details remain scrollable after the larger upgrade preview is added
ok 103 - defense details remain scrollable after the larger upgrade preview is added
  ---
  duration_ms: 2.76671
  type: 'test'
  ...
# Subtest: asset loader starts with the current application-relative stylesheet
ok 104 - asset loader starts with the current application-relative stylesheet
  ---
  duration_ms: 7.044995
  type: 'test'
  ...
# Subtest: asset loader recovers a legacy fr path through the canonical frontline-roads directory
ok 105 - asset loader recovers a legacy fr path through the canonical frontline-roads directory
  ---
  duration_ms: 3.259464
  type: 'test'
  ...
# Subtest: top HUD no longer exposes a global deployment button
ok 106 - top HUD no longer exposes a global deployment button
  ---
  duration_ms: 3.820528
  type: 'test'
  ...
# Subtest: enemy-base deployment opens with the tapped target fixed
ok 107 - enemy-base deployment opens with the tapped target fixed
  ---
  duration_ms: 6.968441
  type: 'test'
  ...
# Subtest: recovery-item deployment keeps the selected item fixed and only offers retrieval squads
ok 108 - recovery-item deployment keeps the selected item fixed and only offers retrieval squads
  ---
  duration_ms: 0.855783
  type: 'test'
  ...
# Subtest: combat target context exposes direct deployment actions
ok 109 - combat target context exposes direct deployment actions
  ---
  duration_ms: 2.582111
  type: 'test'
  ...
# Subtest: combat renderer includes visible friendly squad markers
ok 110 - combat renderer includes visible friendly squad markers
  ---
  duration_ms: 1.295553
  type: 'test'
  ...
# Subtest: enemy types make different barrier decisions from break time and detour time
ok 111 - enemy types make different barrier decisions from break time and detour time
  ---
  duration_ms: 2.324097
  type: 'test'
  ...
# Subtest: balanced infantry breaches a weakened wall instead of taking a long detour
ok 112 - balanced infantry breaches a weakened wall instead of taking a long detour
  ---
  duration_ms: 0.447836
  type: 'test'
  ...
# Subtest: raider selects repair support before ordinary weapon towers
ok 113 - raider selects repair support before ordinary weapon towers
  ---
  duration_ms: 2.197394
  type: 'test'
  ...
# Subtest: rope cutter selects slowing equipment before repair support
ok 114 - rope cutter selects slowing equipment before repair support
  ---
  duration_ms: 0.614544
  type: 'test'
  ...
# Subtest: specialist damages its selected facility and invalidates shared targets when it is destroyed
ok 115 - specialist damages its selected facility and invalidates shared targets when it is destroyed
  ---
  duration_ms: 0.878937
  type: 'test'
  ...
# Subtest: a newly built priority facility requests rerouting without teleporting an enemy off its current road
ok 116 - a newly built priority facility requests rerouting without teleporting an enemy off its current road
  ---
  duration_ms: 1.785005
  type: 'test'
  ...
# Subtest: civilization generations contain expanded valid enemy variants with explicit personalities
ok 117 - civilization generations contain expanded valid enemy variants with explicit personalities
  ---
  duration_ms: 1.235298
  type: 'test'
  ...
# Subtest: flanking enemies choose a bounded longer side road while direct infantry uses the shortest road
ok 118 - flanking enemies choose a bounded longer side road while direct infantry uses the shortest road
  ---
  duration_ms: 2.935787
  type: 'test'
  ...
# Subtest: marauder personality prioritizes a field base over an equally reachable city
ok 119 - marauder personality prioritizes a field base over an equally reachable city
  ---
  duration_ms: 1.946826
  type: 'test'
  ...
# Subtest: squad hunter plans toward an active friendly squad and damages it after contact
ok 120 - squad hunter plans toward an active friendly squad and damages it after contact
  ---
  duration_ms: 0.915902
  type: 'test'
  ...
# Subtest: war drummer speed aura accelerates nearby allies without accelerating itself
ok 121 - war drummer speed aura accelerates nearby allies without accelerating itself
  ---
  duration_ms: 0.811027
  type: 'test'
  ...
# Subtest: civilization level four rotates doctrines and introduces the new generation across repeated waves
ok 122 - civilization level four rotates doctrines and introduces the new generation across repeated waves
  ---
  duration_ms: 3.755016
  type: 'test'
  ...
# Subtest: personality route and doctrine metadata survive the unchanged save schema
ok 123 - personality route and doctrine metadata survive the unchanged save schema
  ---
  duration_ms: 1.813337
  type: 'test'
  ...
# Subtest: loaded source chunk materializes a persistent enemy-source site
ok 124 - loaded source chunk materializes a persistent enemy-source site
  ---
  duration_ms: 1.978523
  type: 'test'
  ...
# Subtest: player can clear an enemy source on site and stop future frontier waves
ok 125 - player can clear an enemy source on site and stop future frontier waves
  ---
  duration_ms: 4.138346
  type: 'test'
  ...
# Subtest: enemy source interaction requires proximity and a clear local area
ok 126 - enemy source interaction requires proximity and a clear local area
  ---
  duration_ms: 0.893278
  type: 'test'
  ...
# Subtest: loaded chunks are processed once for deterministic ambient discoveries
ok 127 - loaded chunks are processed once for deterministic ambient discoveries
  ---
  duration_ms: 0.754882
  type: 'test'
  ...
# Subtest: exploration renderer draws active sites with a minimal canvas context
ok 128 - exploration renderer draws active sites with a minimal canvas context
  ---
  duration_ms: 0.54455
  type: 'test'
  ...
# Subtest: civilization level provides a separate simple-base limit
ok 129 - civilization level provides a separate simple-base limit
  ---
  duration_ms: 0.882773
  type: 'test'
  ...
# Subtest: simple-base placement requires civilization unlock, fresh GPS, road access and separation
ok 130 - simple-base placement requires civilization unlock, fresh GPS, road access and separation
  ---
  duration_ms: 2.733066
  type: 'test'
  ...
# Subtest: simple-base placement accepts a fresh stationary GPS fix and a road node within the wider placement radius
ok 131 - simple-base placement accepts a fresh stationary GPS fix and a road node within the wider placement radius
  ---
  duration_ms: 0.42352
  type: 'test'
  ...
# Subtest: simple bases require and consume the processed-resource cost for their slot
ok 132 - simple bases require and consume the processed-resource cost for their slot
  ---
  duration_ms: 1.360944
  type: 'test'
  ...
# Subtest: simple base has 40 HP and creates only a 50m construction anchor
ok 133 - simple base has 40 HP and creates only a 50m construction anchor
  ---
  duration_ms: 0.970995
  type: 'test'
  ...
# Subtest: current assault squad can deploy from an active simple base
ok 134 - current assault squad can deploy from an active simple base
  ---
  duration_ms: 0.984124
  type: 'test'
  ...
# Subtest: nearby enemies can destroy a simple base and remove its construction and deployment roles
ok 135 - nearby enemies can destroy a simple base and remove its construction and deployment roles
  ---
  duration_ms: 2.495086
  type: 'test'
  ...
# Subtest: destroyed simple base keeps its slot and can only be rebuilt at the site
ok 136 - destroyed simple base keeps its slot and can only be rebuilt at the site
  ---
  duration_ms: 0.63164
  type: 'test'
  ...
# Subtest: simple-base state survives save and restore without precise location metadata
ok 137 - simple-base state survives save and restore without precise location metadata
  ---
  duration_ms: 1.906661
  type: 'test'
  ...
# Subtest: level-four civilization progress counts active simple bases instead of obsolete outposts
ok 138 - level-four civilization progress counts active simple bases instead of obsolete outposts
  ---
  duration_ms: 0.844976
  type: 'test'
  ...
# Subtest: a distant simple base does not pull attackers away from a much nearer city
ok 139 - a distant simple base does not pull attackers away from a much nearer city
  ---
  duration_ms: 0.535988
  type: 'test'
  ...
# Subtest: standing at a simple base keeps the wider current-location construction zone
ok 140 - standing at a simple base keeps the wider current-location construction zone
  ---
  duration_ms: 0.424321
  type: 'test'
  ...
# Subtest: a major base cannot be placed on top of an active simple base
ok 141 - a major base cannot be placed on top of an active simple base
  ---
  duration_ms: 0.557669
  type: 'test'
  ...
# Subtest: a destroyed simple-base ruin still blocks overlapping major-base placement
ok 142 - a destroyed simple-base ruin still blocks overlapping major-base placement
  ---
  duration_ms: 0.299535
  type: 'test'
  ...
# Subtest: an active simple base anchors regional simulation but a destroyed one does not
ok 143 - an active simple base anchors regional simulation but a destroyed one does not
  ---
  duration_ms: 12.401247
  type: 'test'
  ...
# Subtest: an enemy chooses a nearby simple base when it is meaningfully closer than the city
ok 144 - an enemy chooses a nearby simple base when it is meaningfully closer than the city
  ---
  duration_ms: 0.514655
  type: 'test'
  ...
# Subtest: deployment preview is non-destructive and dispatch spends the assault cost once
ok 145 - deployment preview is non-destructive and dispatch spends the assault cost once
  ---
  duration_ms: 3.637346
  type: 'test'
  ...
# Subtest: friendly squad stops to fight enemies and both sides exchange damage
ok 146 - friendly squad stops to fight enemies and both sides exchange damage
  ---
  duration_ms: 3.087632
  type: 'test'
  ...
# Subtest: squad destroys an enemy base, schedules respawn and returns to its origin
ok 147 - squad destroys an enemy base, schedules respawn and returns to its origin
  ---
  duration_ms: 4.28866
  type: 'test'
  ...
# Subtest: friendly squads survive JSON save and restore without exact base coordinates
ok 148 - friendly squads survive JSON save and restore without exact base coordinates
  ---
  duration_ms: 1.61326
  type: 'test'
  ...
# Subtest: remote friendly squads only advance when the dormant regional interval is due
ok 149 - remote friendly squads only advance when the dormant regional interval is due
  ---
  duration_ms: 8.113834
  type: 'test'
  ...
# Subtest: friendly order overlay draws selectable nodes, routes, destination and waypoints on a minimal canvas
ok 150 - friendly order overlay draws selectable nodes, routes, destination and waypoints on a minimal canvas
  ---
  duration_ms: 2.795428
  type: 'test'
  ...
# Subtest: combat UI exposes stop, retreat, withdraw, resume and two-waypoint route planning
ok 151 - combat UI exposes stop, retreat, withdraw, resume and two-waypoint route planning
  ---
  duration_ms: 4.161961
  type: 'test'
  ...
# Subtest: renderer places squad order guidance above combat and construction layers
ok 152 - renderer places squad order guidance above combat and construction layers
  ---
  duration_ms: 1.384118
  type: 'test'
  ...
# Subtest: stop holds a squad at its exact road position while retaining the mission
ok 153 - stop holds a squad at its exact road position while retaining the mission
  ---
  duration_ms: 4.061096
  type: 'test'
  ...
# Subtest: route command issued mid-edge preserves position and joins the chosen route at the next intersection
ok 154 - route command issued mid-edge preserves position and joins the chosen route at the next intersection
  ---
  duration_ms: 0.822574
  type: 'test'
  ...
# Subtest: retreat reaches the selected node, stops there, and keeps the original attack mission
ok 155 - retreat reaches the selected node, stops there, and keeps the original attack mission
  ---
  duration_ms: 1.656744
  type: 'test'
  ...
# Subtest: withdraw abandons the mission and begins recovery only after it reaches the origin
ok 156 - withdraw abandons the mission and begins recovery only after it reaches the origin
  ---
  duration_ms: 1.521964
  type: 'test'
  ...
# Subtest: stopping a retreat preserves the retreat destination for route-selected resume
ok 157 - stopping a retreat preserves the retreat destination for route-selected resume
  ---
  duration_ms: 0.41657
  type: 'test'
  ...
# Subtest: retreat validation rejects a node closer to the hostile base and accepts an owned base behind the squad
ok 158 - retreat validation rejects a node closer to the hostile base and accepts an owned base behind the squad
  ---
  duration_ms: 0.512322
  type: 'test'
  ...
# Subtest: route planner exposes distinct shortest, enemy-avoidance and friendly-support choices when the road graph allows them
ok 159 - route planner exposes distinct shortest, enemy-avoidance and friendly-support choices when the road graph allows them
  ---
  duration_ms: 1.684656
  type: 'test'
  ...
# Subtest: waypoints force every generated route through the selected intersections
ok 160 - waypoints force every generated route through the selected intersections
  ---
  duration_ms: 0.696586
  type: 'test'
  ...
# Subtest: retreating through a newly encountered enemy does not grant invulnerability
ok 161 - retreating through a newly encountered enemy does not grant invulnerability
  ---
  duration_ms: 17.447699
  type: 'test'
  ...
# Subtest: friendly orders, selected route and history survive save and restore
ok 162 - friendly orders, selected route and history survive save and restore
  ---
  duration_ms: 1.652899
  type: 'test'
  ...
# Subtest: a rejected withdraw route leaves the original mission untouched
ok 163 - a rejected withdraw route leaves the original mission untouched
  ---
  duration_ms: 0.323181
  type: 'test'
  ...
# Subtest: route orders reject paths whose edges do not connect the declared node sequence
ok 164 - route orders reject paths whose edges do not connect the declared node sequence
  ---
  duration_ms: 0.230483
  type: 'test'
  ...
# Subtest: route estimates include the remaining distance on the squad current road segment
ok 165 - route estimates include the remaining distance on the squad current road segment
  ---
  duration_ms: 0.262691
  type: 'test'
  ...
# Subtest: a map tap near a displayed route selects that route instead of becoming a waypoint
ok 166 - a map tap near a displayed route selects that route instead of becoming a waypoint
  ---
  duration_ms: 0.566743
  type: 'test'
  ...
# Subtest: civilization level one unlocks treatment and field aid with the approved progression
ok 167 - civilization level one unlocks treatment and field aid with the approved progression
  ---
  duration_ms: 0.867951
  type: 'test'
  ...
# Subtest: major bases recover a returned squad to full health and keep it ready for redeployment
ok 168 - major bases recover a returned squad to full health and keep it ready for redeployment
  ---
  duration_ms: 2.960002
  type: 'test'
  ...
# Subtest: a treatment facility accelerates healing and reorganization at a major base
ok 169 - a treatment facility accelerates healing and reorganization at a major base
  ---
  duration_ms: 1.367104
  type: 'test'
  ...
# Subtest: a field base without an aid station reorganizes but does not heal a light squad
ok 170 - a field base without an aid station reorganizes but does not heal a light squad
  ---
  duration_ms: 0.89362
  type: 'test'
  ...
# Subtest: a field aid station heals assault and skirmisher squads up to seventy percent
ok 171 - a field aid station heals assault and skirmisher squads up to seventy percent
  ---
  duration_ms: 0.84697
  type: 'test'
  ...
# Subtest: field aid does not heal non-light squads if legacy data places one at a field base
ok 172 - field aid does not heal non-light squads if legacy data places one at a field base
  ---
  duration_ms: 0.623728
  type: 'test'
  ...
# Subtest: recovering squads block dispatch while a ready squad of the same type redeploys without cost
ok 173 - recovering squads block dispatch while a ready squad of the same type redeploys without cost
  ---
  duration_ms: 2.821071
  type: 'test'
  ...
# Subtest: selecting a different type replaces a ready garrison and charges the new formation cost
ok 174 - selecting a different type replaces a ready garrison and charges the new formation cost
  ---
  duration_ms: 0.54431
  type: 'test'
  ...
# Subtest: medical and field aid facilities are restricted to their matching base types and one slot each
ok 175 - medical and field aid facilities are restricted to their matching base types and one slot each
  ---
  duration_ms: 1.78482
  type: 'test'
  ...
# Subtest: destroying a treatment facility immediately falls back to natural base recovery
ok 176 - destroying a treatment facility immediately falls back to natural base recovery
  ---
  duration_ms: 0.583197
  type: 'test'
  ...
# Subtest: recovery state and progress survive save and restore
ok 177 - recovery state and progress survive save and restore
  ---
  duration_ms: 2.307076
  type: 'test'
  ...
# Subtest: a recovering squad evacuates to the nearest major base when its field base is destroyed
ok 178 - a recovering squad evacuates to the nearest major base when its field base is destroyed
  ---
  duration_ms: 3.16598
  type: 'test'
  ...
# Subtest: recovery and ready garrisons reject tactical movement orders
ok 179 - recovery and ready garrisons reject tactical movement orders
  ---
  duration_ms: 0.415888
  type: 'test'
  ...
# Subtest: treatment capacity queues excess squads without losing recovery state
ok 180 - treatment capacity queues excess squads without losing recovery state
  ---
  duration_ms: 0.22815
  type: 'test'
  ...
# Subtest: tier-three treatment facilities process two recovering squads at once
ok 181 - tier-three treatment facilities process two recovering squads at once
  ---
  duration_ms: 0.164635
  type: 'test'
  ...
# Subtest: friendly unit unlock levels and simple-base deployment restrictions are enforced
ok 182 - friendly unit unlock levels and simple-base deployment restrictions are enforced
  ---
  duration_ms: 2.787917
  type: 'test'
  ...
# Subtest: skirmisher damage strongly favors light enemies and is weak against armored enemies
ok 183 - skirmisher damage strongly favors light enemies and is weak against armored enemies
  ---
  duration_ms: 0.242901
  type: 'test'
  ...
# Subtest: siege squad damages enemy bases much faster than the assault squad
ok 184 - siege squad damages enemy bases much faster than the assault squad
  ---
  duration_ms: 2.892243
  type: 'test'
  ...
# Subtest: nearby heavy squad intercepts part of the damage aimed at another friendly squad
ok 185 - nearby heavy squad intercepts part of the damage aimed at another friendly squad
  ---
  duration_ms: 1.197381
  type: 'test'
  ...
# Subtest: expedition squad heals only after its non-combat recovery delay
ok 186 - expedition squad heals only after its non-combat recovery delay
  ---
  duration_ms: 0.465282
  type: 'test'
  ...
# Subtest: all friendly unit types preserve their identity and combat state through save and restore
ok 187 - all friendly unit types preserve their identity and combat state through save and restore
  ---
  duration_ms: 1.723574
  type: 'test'
  ...
# Subtest: skirmisher prioritizes a light specialist over a nearer ordinary infantry target
ok 188 - skirmisher prioritizes a light specialist over a nearer ordinary infantry target
  ---
  duration_ms: 0.912317
  type: 'test'
  ...
# Subtest: mixed friendly unit types remain valid through extended regional combat simulation
ok 189 - mixed friendly unit types remain valid through extended regional combat simulation
  ---
  duration_ms: 44.580379
  type: 'test'
  ...
# Subtest: dead-end roads at unexplored chunk borders become frontier candidates
ok 190 - dead-end roads at unexplored chunk borders become frontier candidates
  ---
  duration_ms: 1.755512
  type: 'test'
  ...
# Subtest: frontier source stays fixed while its entry point advances with map expansion
ok 191 - frontier source stays fixed while its entry point advances with map expansion
  ---
  duration_ms: 1.435415
  type: 'test'
  ...
# Subtest: frontier system launches enemies from a map-edge entry node
ok 192 - frontier system launches enemies from a map-edge entry node
  ---
  duration_ms: 0.943974
  type: 'test'
  ...
# Subtest: frontier identity is hidden until the signal is localized
ok 193 - frontier identity is hidden until the signal is localized
  ---
  duration_ms: 0.227759
  type: 'test'
  ...
# Subtest: frontier renderer tolerates a minimal canvas context
ok 194 - frontier renderer tolerates a minimal canvas context
  ---
  duration_ms: 0.61167
  type: 'test'
  ...
# Subtest: balanced opening reaches civilization level one without collapse on a line road network
ok 195 - balanced opening reaches civilization level one without collapse on a line road network
  ---
  duration_ms: 142.779578
  type: 'test'
  ...
# Subtest: balanced opening reaches civilization level one without collapse on a cross road network
ok 196 - balanced opening reaches civilization level one without collapse on a cross road network
  ---
  duration_ms: 68.587755
  type: 'test'
  ...
# Subtest: balanced opening reaches civilization level one without collapse on a grid road network
ok 197 - balanced opening reaches civilization level one without collapse on a grid road network
  ---
  duration_ms: 67.469761
  type: 'test'
  ...
# Subtest: attack-only opening cannot erase every enemy base without material losses
ok 198 - attack-only opening cannot erase every enemy base without material losses
  ---
  duration_ms: 135.045215
  type: 'test'
  ...
# Subtest: source module graph has no circular dependencies
ok 199 - source module graph has no circular dependencies
  ---
  duration_ms: 66.453309
  type: 'test'
  ...
# Subtest: twelve-hour simulation remains bounded, serializable and within enemy cap
ok 200 - twelve-hour simulation remains bounded, serializable and within enemy cap
  ---
  duration_ms: 618.192239
  type: 'test'
  ...
# Subtest: same state and elapsed time produce the same offline game result
ok 201 - same state and elapsed time produce the same offline game result
  ---
  duration_ms: 409.988129
  type: 'test'
  ...
# Subtest: legacy save is converted once into the clean schema
ok 202 - legacy save is converted once into the clean schema
  ---
  duration_ms: 2.589412
  type: 'test'
  ...
# Subtest: offline simulation is bounded and reports the applied duration
ok 203 - offline simulation is bounded and reports the applied duration
  ---
  duration_ms: 1.002842
  type: 'test'
  ...
# Subtest: offline simulation advances the canonical world clock
ok 204 - offline simulation advances the canonical world clock
  ---
  duration_ms: 0.354718
  type: 'test'
  ...
# Subtest: default endpoints use current public global instances
ok 205 - default endpoints use current public global instances
  ---
  duration_ms: 1.329939
  type: 'test'
  ...
# Subtest: query filters road classes before download
ok 206 - query filters road classes before download
  ---
  duration_ms: 0.258484
  type: 'test'
  ...
# Subtest: JSONP URL contains encoded query and callback
ok 207 - JSONP URL contains encoded query and callback
  ---
  duration_ms: 0.32251
  type: 'test'
  ...
# Subtest: browser JSONP resolves payload and cleans callback
ok 208 - browser JSONP resolves payload and cleans callback
  ---
  duration_ms: 0.574775
  type: 'test'
  ...
# Subtest: browser mode prefers JSONP and does not call fetch after success
ok 209 - browser mode prefers JSONP and does not call fetch after success
  ---
  duration_ms: 0.434987
  type: 'test'
  ...
# Subtest: JSONP failure falls back to official minimal POST request
ok 210 - JSONP failure falls back to official minimal POST request
  ---
  duration_ms: 0.568356
  type: 'test'
  ...
# Subtest: failed endpoint falls back to the next endpoint
ok 211 - failed endpoint falls back to the next endpoint
  ---
  duration_ms: 0.350071
  type: 'test'
  ...
# Subtest: all failures include endpoint and transport diagnostics
ok 212 - all failures include endpoint and transport diagnostics
  ---
  duration_ms: 0.686311
  type: 'test'
  ...
# Subtest: caller abort stops attempts immediately
ok 213 - caller abort stops attempts immediately
  ---
  duration_ms: 0.689997
  type: 'test'
  ...
# Subtest: development client can disable JSONP and use the injected fetch directly
ok 214 - development client can disable JSONP and use the injected fetch directly
  ---
  duration_ms: 1.842671
  type: 'test'
  ...
# Subtest: balanced profile limits simulation, rendering and DPR
ok 215 - balanced profile limits simulation, rendering and DPR
  ---
  duration_ms: 0.664078
  type: 'test'
  ...
# Subtest: game loop decouples simulation, civilization and rendering rates
ok 216 - game loop decouples simulation, civilization and rendering rates
  ---
  duration_ms: 0.61222
  type: 'test'
  ...
# Subtest: combat spatial index returns only nearby active enemies
ok 217 - combat spatial index returns only nearby active enemies
  ---
  duration_ms: 1.193927
  type: 'test'
  ...
# Subtest: renderer caches static radar and road layers between frames
ok 218 - renderer caches static radar and road layers between frames
  ---
  duration_ms: 2.227784
  type: 'test'
  ...
# Subtest: tactical route choices use spatial snapshots instead of rescanning every enemy and defense per road edge
ok 219 - tactical route choices use spatial snapshots instead of rescanning every enemy and defense per road edge
  ---
  duration_ms: 78.626588
  type: 'test'
  ...
# Subtest: civilization level increases the active player-base limit by one
ok 220 - civilization level increases the active player-base limit by one
  ---
  duration_ms: 0.675856
  type: 'test'
  ...
# Subtest: base placement requires an unlocked slot, fresh position, nearby road and minimum separation
ok 221 - base placement requires an unlocked slot, fresh position, nearby road and minimum separation
  ---
  duration_ms: 1.521643
  type: 'test'
  ...
# Subtest: additional major bases require and consume escalating processed-resource costs
ok 222 - additional major bases require and consume escalating processed-resource costs
  ---
  duration_ms: 1.516345
  type: 'test'
  ...
# Subtest: establishing a base adds a remote construction and simulation anchor
ok 223 - establishing a base adds a remote construction and simulation anchor
  ---
  duration_ms: 1.246845
  type: 'test'
  ...
# Subtest: secondary bases survive save and restore without retaining exact location fields
ok 224 - secondary bases survive save and restore without retaining exact location fields
  ---
  duration_ms: 2.270928
  type: 'test'
  ...
# Subtest: civilization projects require cumulative artifacts recovered in the field
ok 225 - civilization projects require cumulative artifacts recovered in the field
  ---
  duration_ms: 0.545191
  type: 'test'
  ...
# Subtest: destroying a resource enemy base secures its declared reward in one recoverable cache
ok 226 - destroying a resource enemy base secures its declared reward in one recoverable cache
  ---
  duration_ms: 3.170927
  type: 'test'
  ...
# Subtest: resource enemy bases return within the progression window while strategic bases retain long recovery
ok 227 - resource enemy bases return within the progression window while strategic bases retain long recovery
  ---
  duration_ms: 0.514535
  type: 'test'
  ...
# Subtest: legacy resource-outpost data is stripped during runtime normalization
ok 228 - legacy resource-outpost data is stripped during runtime normalization
  ---
  duration_ms: 0.387016
  type: 'test'
  ...
# Subtest: PWA registers the current service worker on HTTPS
ok 229 - PWA registers the current service worker on HTTPS
  ---
  duration_ms: 1.227667
  type: 'test'
  ...
# Subtest: PWA is skipped for an allowed development fixture
ok 230 - PWA is skipped for an allowed development fixture
  ---
  duration_ms: 0.339866
  type: 'test'
  ...
# Subtest: public devFixture query does not disable production PWA registration
ok 231 - public devFixture query does not disable production PWA registration
  ---
  duration_ms: 0.503679
  type: 'test'
  ...
# Subtest: PWA registration failure does not stop the game
ok 232 - PWA registration failure does not stop the game
  ---
  duration_ms: 0.331783
  type: 'test'
  ...
# Subtest: radar renderer is integrated without changing the map input owner
ok 233 - radar renderer is integrated without changing the map input owner
  ---
  duration_ms: 6.654515
  type: 'test'
  ...
# Subtest: radar theme exposes tactical palette and mobile layout rules
ok 234 - radar theme exposes tactical palette and mobile layout rules
  ---
  duration_ms: 1.798521
  type: 'test'
  ...
# Subtest: combat and road renderers use radar glyphs and glow rather than emoji labels
ok 235 - combat and road renderers use radar glyphs and glow rather than emoji labels
  ---
  duration_ms: 3.091248
  type: 'test'
  ...
# Subtest: radar canvas layers render with a minimal canvas context
ok 236 - radar canvas layers render with a minimal canvas context
  ---
  duration_ms: 2.596018
  type: 'test'
  ...
# Subtest: playing footer stays clear of the combat toolbar
ok 237 - playing footer stays clear of the combat toolbar
  ---
  duration_ms: 1.441194
  type: 'test'
  ...
# Subtest: radar preferences apply defaults and cycle without game state
ok 238 - radar preferences apply defaults and cycle without game state
  ---
  duration_ms: 0.938556
  type: 'test'
  ...
# Subtest: bootstrap imports RadarPreferences before constructing it
ok 239 - bootstrap imports RadarPreferences before constructing it
  ---
  duration_ms: 6.022575
  type: 'test'
  ...
# Subtest: touch devices default to the power-saving radar profile
ok 240 - touch devices default to the power-saving radar profile
  ---
  duration_ms: 0.366996
  type: 'test'
  ...
# Subtest: destroying an enemy base creates one persistent recovery item at the destroyed base
ok 241 - destroying an enemy base creates one persistent recovery item at the destroyed base
  ---
  duration_ms: 1.890102
  type: 'test'
  ...
# Subtest: recovery requires the player to be within the physical collection range
ok 242 - recovery requires the player to be within the physical collection range
  ---
  duration_ms: 0.607504
  type: 'test'
  ...
# Subtest: recovery rejects stale or inaccurate geolocation even at the item position
ok 243 - recovery rejects stale or inaccurate geolocation even at the item position
  ---
  duration_ms: 0.234018
  type: 'test'
  ...
# Subtest: manual collection requires five seconds in range, grants once and removes the recovered item
ok 244 - manual collection requires five seconds in range, grants once and removes the recovered item
  ---
  duration_ms: 1.043653
  type: 'test'
  ...
# Subtest: leaving the collection radius cancels progress without removing the item
ok 245 - leaving the collection radius cancels progress without removing the item
  ---
  duration_ms: 0.41015
  type: 'test'
  ...
# Subtest: uncollected recovery items survive save and restore while live location freshness does not
ok 246 - uncollected recovery items survive save and restore while live location freshness does not
  ---
  duration_ms: 1.365562
  type: 'test'
  ...
# Subtest: refactor schema 1 scrap is migrated into canonical resources
ok 247 - refactor schema 1 scrap is migrated into canonical resources
  ---
  duration_ms: 2.315985
  type: 'test'
  ...
# Subtest: retrieval squad is deliberately weak and works from major and field bases
ok 248 - retrieval squad is deliberately weak and works from major and field bases
  ---
  duration_ms: 0.890996
  type: 'test'
  ...
# Subtest: dispatch reserves a recovery item and preview does not mutate it
ok 249 - dispatch reserves a recovery item and preview does not mutate it
  ---
  duration_ms: 2.811643
  type: 'test'
  ...
# Subtest: retrieval squad collects for eight seconds and grants the artifact only after returning
ok 250 - retrieval squad collects for eight seconds and grants the artifact only after returning
  ---
  duration_ms: 7.347747
  type: 'test'
  ...
# Subtest: destroying a squad before pickup releases the item at its original location
ok 251 - destroying a squad before pickup releases the item at its original location
  ---
  duration_ms: 1.497323
  type: 'test'
  ...
# Subtest: destroying a squad while carrying drops the item at the destruction point
ok 252 - destroying a squad while carrying drops the item at the destruction point
  ---
  duration_ms: 1.999154
  type: 'test'
  ...
# Subtest: withdrawing before pickup abandons the recovery mission and releases the item
ok 253 - withdrawing before pickup abandons the recovery mission and releases the item
  ---
  duration_ms: 0.68557
  type: 'test'
  ...
# Subtest: field bases can deploy and reorganize retrieval squads
ok 254 - field bases can deploy and reorganize retrieval squads
  ---
  duration_ms: 0.517851
  type: 'test'
  ...
# Subtest: reserved recovery mission survives save and restore without exposing exact live location data
ok 255 - reserved recovery mission survives save and restore without exposing exact live location data
  ---
  duration_ms: 1.327404
  type: 'test'
  ...
# Subtest: manual collection in progress blocks deployment without consuming resources or changing a ready squad
ok 256 - manual collection in progress blocks deployment without consuming resources or changing a ready squad
  ---
  duration_ms: 0.741393
  type: 'test'
  ...
# Subtest: orphaned reservations become available again after squad data is lost
ok 257 - orphaned reservations become available again after squad data is lost
  ---
  duration_ms: 0.564289
  type: 'test'
  ...
# Subtest: a real heavy enemy quickly destroys the weak retrieval squad and releases its reservation
ok 258 - a real heavy enemy quickly destroys the weak retrieval squad and releases its reservation
  ---
  duration_ms: 1.33135
  type: 'test'
  ...
# Subtest: remote retrieval completes under active, peripheral, and dormant regional intervals
ok 259 - remote retrieval completes under active, peripheral, and dormant regional intervals
  ---
  duration_ms: 34.429662
  type: 'test'
  ...
# Subtest: world chunks use deterministic grid ids and reversible centers
ok 260 - world chunks use deterministic grid ids and reversible centers
  ---
  duration_ms: 1.52609
  type: 'test'
  ...
# Subtest: initial chunk state only marks chunks fully covered by the initial acquisition
ok 261 - initial chunk state only marks chunks fully covered by the initial acquisition
  ---
  duration_ms: 0.419183
  type: 'test'
  ...
# Subtest: graph merge preserves existing ids, joins nearby endpoints and removes duplicate edges
ok 262 - graph merge preserves existing ids, joins nearby endpoints and removes duplicate edges
  ---
  duration_ms: 1.175749
  type: 'test'
  ...
# Subtest: chunk cache isolates worlds and can remove one world
ok 263 - chunk cache isolates worlds and can remove one world
  ---
  duration_ms: 0.334137
  type: 'test'
  ...
# Subtest: RoadService chunk acquisition projects roads into the original world coordinate system
ok 264 - RoadService chunk acquisition projects roads into the original world coordinate system
  ---
  duration_ms: 7.540644
  type: 'test'
  ...
# Subtest: parallel carriageways with the same identity collapse into one gameplay road
ok 265 - parallel carriageways with the same identity collapse into one gameplay road
  ---
  duration_ms: 1.736063
  type: 'test'
  ...
# Subtest: nearby roads with different names remain separate
ok 266 - nearby roads with different names remain separate
  ---
  duration_ms: 0.228209
  type: 'test'
  ...
# Subtest: clustered intersections build a connected graph and combat route
ok 267 - clustered intersections build a connected graph and combat route
  ---
  duration_ms: 2.954029
  type: 'test'
  ...
# Subtest: one RoadService load performs one acquisition and produces indexed graph data
ok 268 - one RoadService load performs one acquisition and produces indexed graph data
  ---
  duration_ms: 15.348615
  type: 'test'
  ...
# Subtest: chunk prefetch only includes crossed or nearby grid edges
ok 269 - chunk prefetch only includes crossed or nearby grid edges
  ---
  duration_ms: 1.226535
  type: 'test'
  ...
# Subtest: manager merges a new chunk, records it and persists a compact cache entry
ok 270 - manager merges a new chunk, records it and persists a compact cache entry
  ---
  duration_ms: 3.186651
  type: 'test'
  ...
# Subtest: manager loads a cached chunk without calling the road server
ok 271 - manager loads a cached chunk without calling the road server
  ---
  duration_ms: 0.806941
  type: 'test'
  ...
# Subtest: failed acquisitions cool down without blocking unrelated nearby chunks
ok 272 - failed acquisitions cool down without blocking unrelated nearby chunks
  ---
  duration_ms: 0.738819
  type: 'test'
  ...
# Subtest: chunk centers remain based on the original world center
ok 273 - chunk centers remain based on the original world center
  ---
  duration_ms: 0.157835
  type: 'test'
  ...
# Subtest: save data remains JSON and graph indexes are reconstructed after load
ok 274 - save data remains JSON and graph indexes are reconstructed after load
  ---
  duration_ms: 2.462614
  type: 'test'
  ...
# Subtest: v0.19 object-form road graphs remain loadable after compact saves are introduced
ok 275 - v0.19 object-form road graphs remain loadable after compact saves are introduced
  ---
  duration_ms: 0.322931
  type: 'test'
  ...
# Subtest: lifecycle follows the new startup sequence
ok 276 - lifecycle follows the new startup sequence
  ---
  duration_ms: 1.660906
  type: 'test'
  ...
# Subtest: invalid transition is rejected
ok 277 - invalid transition is rejected
  ---
  duration_ms: 0.566303
  type: 'test'
  ...
# Subtest: state snapshots cannot mutate the store
ok 278 - state snapshots cannot mutate the store
  ---
  duration_ms: 0.227418
  type: 'test'
  ...
# Subtest: source contains no legacy function override pattern or duplicate fetchRoadGraph
ok 279 - source contains no legacy function override pattern or duplicate fetchRoadGraph
  ---
  duration_ms: 57.218244
  type: 'test'
  ...
# Subtest: repair relay remains available as a build tool
ok 280 - repair relay remains available as a build tool
  ---
  duration_ms: 2.810891
  type: 'test'
  ...
# Subtest: survey facility is a civilization level 1 tower with approved tier progression
ok 281 - survey facility is a civilization level 1 tower with approved tier progression
  ---
  duration_ms: 1.732718
  type: 'test'
  ...
# Subtest: survey facility cannot be built before civilization level 1 or from the player-only build zone
ok 282 - survey facility cannot be built before civilization level 1 or from the player-only build zone
  ---
  duration_ms: 1.916721
  type: 'test'
  ...
# Subtest: each owned base can operate only one active survey facility
ok 283 - each owned base can operate only one active survey facility
  ---
  duration_ms: 1.148338
  type: 'test'
  ...
# Subtest: survey candidate selection expands one adjacent unloaded chunk inside the tier radius
ok 284 - survey candidate selection expands one adjacent unloaded chunk inside the tier radius
  ---
  duration_ms: 7.028687
  type: 'test'
  ...
# Subtest: survey-loaded roads are recorded separately from physically observed regions
ok 285 - survey-loaded roads are recorded separately from physically observed regions
  ---
  duration_ms: 2.815043
  type: 'test'
  ...
# Subtest: remote survey does not reveal exact frontier sources or ambient exploration sites
ok 286 - remote survey does not reveal exact frontier sources or ambient exploration sites
  ---
  duration_ms: 0.877785
  type: 'test'
  ...
# Subtest: entering a surveyed chunk promotes it to physical observation and reveals local content
ok 287 - entering a surveyed chunk promotes it to physical observation and reveals local content
  ---
  duration_ms: 1.43888
  type: 'test'
  ...
# Subtest: survey scheduler serializes facilities and enforces a global real-time cooldown
ok 288 - survey scheduler serializes facilities and enforces a global real-time cooldown
  ---
  duration_ms: 1.446077
  type: 'test'
  ...
# Subtest: survey status reports radius, cadence and remaining expansion work
ok 289 - survey status reports radius, cadence and remaining expansion work
  ---
  duration_ms: 0.601955
  type: 'test'
  ...
# Subtest: survey tower upgrade remains gated by the matching civilization level
ok 290 - survey tower upgrade remains gated by the matching civilization level
  ---
  duration_ms: 0.661464
  type: 'test'
  ...
# Subtest: a survey facility anchored to a destroyed simple base stops operating until the base is rebuilt
ok 291 - a survey facility anchored to a destroyed simple base stops operating until the base is rebuilt
  ---
  duration_ms: 0.323621
  type: 'test'
  ...
# Subtest: survey-only road chunks do not receive exact enemy bases before physical observation
ok 292 - survey-only road chunks do not receive exact enemy bases before physical observation
  ---
  duration_ms: 2.151646
  type: 'test'
  ...
# Subtest: survey progress and physical-observation boundaries survive save and restore
ok 293 - survey progress and physical-observation boundaries survive save and restore
  ---
  duration_ms: 0.893058
  type: 'test'
  ...
# Subtest: resource outpost runtime is completely removed while legacy saves are safely stripped
ok 294 - resource outpost runtime is completely removed while legacy saves are safely stripped
  ---
  duration_ms: 9.325633
  type: 'test'
  ...
# Subtest: resource-camp capture rewards cover the mandatory ore gates of later civilization projects
ok 295 - resource-camp capture rewards cover the mandatory ore gates of later civilization projects
  ---
  duration_ms: 0.224443
  type: 'test'
  ...
# Subtest: project-only trial bronze goes directly to the active project and cannot be overproduced
ok 296 - project-only trial bronze goes directly to the active project and cannot be overproduced
  ---
  duration_ms: 1.601743
  type: 'test'
  ...
# Subtest: actual smelting chains turn scheduled resource-camp rewards into the mandatory bronze and iron progression totals
ok 297 - actual smelting chains turn scheduled resource-camp rewards into the mandatory bronze and iron progression totals
  ---
  duration_ms: 3.879141
  type: 'test'
  ...
# Subtest: wave doctrine changes actual routing and resource-base composition rather than only the label
ok 298 - wave doctrine changes actual routing and resource-base composition rather than only the label
  ---
  duration_ms: 4.287654
  type: 'test'
  ...
# Subtest: upgraded tower ranges affect evasive route selection
ok 299 - upgraded tower ranges affect evasive route selection
  ---
  duration_ms: 0.656516
  type: 'test'
  ...
# Subtest: shield tiers use their declared protection values and new enemies use correct friendly matchups
ok 300 - shield tiers use their declared protection values and new enemies use correct friendly matchups
  ---
  duration_ms: 0.67906
  type: 'test'
  ...
# Subtest: hunters abandon squads outside their pursuit radius
ok 301 - hunters abandon squads outside their pursuit radius
  ---
  duration_ms: 1.34441
  type: 'test'
  ...
# Subtest: additional major bases are real attack targets, can be destroyed, persist, and rebuild on site
ok 302 - additional major bases are real attack targets, can be destroyed, persist, and rebuild on site
  ---
  duration_ms: 1.480964
  type: 'test'
  ...
# Subtest: spawned and legacy-loaded enemies retain their defined visual radius and field-base UI lists retrieval units
ok 303 - spawned and legacy-loaded enemies retain their defined visual radius and field-base UI lists retrieval units
  ---
  duration_ms: 3.941008
  type: 'test'
  ...
# Subtest: destroyed major-base ruins still occupy their slot and block overlapping replacement placement
ok 304 - destroyed major-base ruins still occupy their slot and block overlapping replacement placement
  ---
  duration_ms: 0.700462
  type: 'test'
  ...
# Subtest: only one tab owns the synchronous storage lease
ok 305 - only one tab owns the synchronous storage lease
  ---
  duration_ms: 0.828512
  type: 'test'
  ...
# Subtest: broadcast fallback elects one primary tab when storage is unavailable
ok 306 - broadcast fallback elects one primary tab when storage is unavailable
  ---
  duration_ms: 0.73949
  type: 'test'
  ...
# Subtest: remaining route distance accounts for current edge progress
ok 307 - remaining route distance accounts for current edge progress
  ---
  duration_ms: 2.16438
  type: 'test'
  ...
# Subtest: threat level escalates from contact to critical
ok 308 - threat level escalates from contact to critical
  ---
  duration_ms: 0.433355
  type: 'test'
  ...
# Subtest: clear threat reports stable defense line
ok 309 - clear threat reports stable defense line
  ---
  duration_ms: 0.206818
  type: 'test'
  ...
# Subtest: tactical routes and focus render with a minimal canvas context
ok 310 - tactical routes and focus render with a minimal canvas context
  ---
  duration_ms: 5.892757
  type: 'test'
  ...
# Subtest: selected enemy base no longer renders a misleading player capture radius
ok 311 - selected enemy base no longer renders a misleading player capture radius
  ---
  duration_ms: 0.369539
  type: 'test'
  ...
# Subtest: HUD and modal CSS do not use unreadably small explicit type
ok 312 - HUD and modal CSS do not use unreadably small explicit type
  ---
  duration_ms: 5.233447
  type: 'test'
  ...
# Subtest: Canvas labels retain a readable minimum without changing world scale
ok 313 - Canvas labels retain a readable minimum without changing world scale
  ---
  duration_ms: 4.833781
  type: 'test'
  ...
# Subtest: larger tool labels receive matching control height and context clearance
ok 314 - larger tool labels receive matching control height and context clearance
  ---
  duration_ms: 1.379052
  type: 'test'
  ...
# Subtest: a fully destroyed wave increments perfect defense streak exactly once
ok 315 - a fully destroyed wave increments perfect defense streak exactly once
  ---
  duration_ms: 4.602997
  type: 'test'
  ...
# Subtest: enemy-base guard launches once and does not count as a perfect defense wave
ok 316 - enemy-base guard launches once and does not count as a perfect defense wave
  ---
  duration_ms: 1.51242
  type: 'test'
  ...
# Subtest: civilization level creates resource bases without duplicating them
ok 317 - civilization level creates resource bases without duplicating them
  ---
  duration_ms: 9.140573
  type: 'test'
  ...
# Subtest: initial base placement excludes civilization resource bases
ok 318 - initial base placement excludes civilization resource bases
  ---
  duration_ms: 13.154895
  type: 'test'
  ...
# Subtest: destroyed base waits for its respawn timer and then reappears elsewhere
ok 319 - destroyed base waits for its respawn timer and then reappears elsewhere
  ---
  duration_ms: 1.079827
  type: 'test'
  ...
# Subtest: initial enemy bases spread across independent road fronts when the graph permits it
ok 320 - initial enemy bases spread across independent road fronts when the graph permits it
  ---
  duration_ms: 1.066326
  type: 'test'
  ...
# Subtest: stacked initial enemy bases receive progressively longer opening delays on a one-front road
ok 321 - stacked initial enemy bases receive progressively longer opening delays on a one-front road
  ---
  duration_ms: 1.082861
  type: 'test'
  ...
# Subtest: region activity follows the nearest city or player anchor
ok 322 - region activity follows the nearest city or player anchor
  ---
  duration_ms: 2.249201
  type: 'test'
  ...
# Subtest: regional clocks only release peripheral and dormant simulation at their intervals
ok 323 - regional clocks only release peripheral and dormant simulation at their intervals
  ---
  duration_ms: 0.872508
  type: 'test'
  ...
# Subtest: dormant enemies and facilities advance only when the remote interval is due
ok 324 - dormant enemies and facilities advance only when the remote interval is due
  ---
  duration_ms: 5.459993
  type: 'test'
  ...
# Subtest: road graph spatial index excludes distant roads from local queries
ok 325 - road graph spatial index excludes distant roads from local queries
  ---
  duration_ms: 2.87335
  type: 'test'
  ...
# Subtest: expanded road graphs use compact save encoding and restore gameplay fields
ok 326 - expanded road graphs use compact save encoding and restore gameplay fields
  ---
  duration_ms: 4.151086
  type: 'test'
  ...
1..326
# tests 326
# suites 0
# pass 326
# fail 0
# cancelled 0
# skipped 0
# todo 0
# duration_ms 8723.44684
