TAP version 13
# Subtest: HTML references only existing local app resources and required controls exist
ok 1 - HTML references only existing local app resources and required controls exist
  ---
  duration_ms: 9.958916
  type: 'test'
  ...
# Subtest: every required DOM id used by bootstrap exists in HTML
ok 2 - every required DOM id used by bootstrap exists in HTML
  ---
  duration_ms: 4.66763
  type: 'test'
  ...
# Subtest: service worker app shell contains every runtime source file and all paths exist
ok 3 - service worker app shell contains every runtime source file and all paths exist
  ---
  duration_ms: 25.658547
  type: 'test'
  ...
# Subtest: development tree has no premature single-HTML build output
ok 4 - development tree has no premature single-HTML build output
  ---
  duration_ms: 2.660858
  type: 'test'
  ...
# Subtest: service worker only deletes FRONTLINE ROADS caches
ok 5 - service worker only deletes FRONTLINE ROADS caches
  ---
  duration_ms: 1.122279
  type: 'test'
  ...
# Subtest: service worker falls back to HTML only for navigation requests
ok 6 - service worker falls back to HTML only for navigation requests
  ---
  duration_ms: 0.970456
  type: 'test'
  ...
# Subtest: release version is synchronized across package, runtime label, HTML loader and service-worker cache
ok 7 - release version is synchronized across package, runtime label, HTML loader and service-worker cache
  ---
  duration_ms: 3.133713
  type: 'test'
  ...
# Subtest: asset startup does not delete caches or unregister service workers before boot
ok 8 - asset startup does not delete caches or unregister service workers before boot
  ---
  duration_ms: 1.920071
  type: 'test'
  ...
# Subtest: GitHub Pages package includes no-Jekyll markers and the legacy fr redirect
ok 9 - GitHub Pages package includes no-Jekyll markers and the legacy fr redirect
  ---
  duration_ms: 2.99856
  type: 'test'
  ...
# Subtest: obsolete top alert frame is absent from the play HUD
ok 10 - obsolete top alert frame is absent from the play HUD
  ---
  duration_ms: 2.035948
  type: 'test'
  ...
# Subtest: storage denial is detected without crashing construction
ok 11 - storage denial is detected without crashing construction
  ---
  duration_ms: 1.105503
  type: 'test'
  ...
# Subtest: invalid shallow save is quarantined instead of bricking startup
ok 12 - invalid shallow save is quarantined instead of bricking startup
  ---
  duration_ms: 1.078177
  type: 'test'
  ...
# Subtest: saved game removes exact position history and rounds map origin
ok 13 - saved game removes exact position history and rounds map origin
  ---
  duration_ms: 2.183298
  type: 'test'
  ...
# Subtest: state validation rejects malformed saved road graph
ok 14 - state validation rejects malformed saved road graph
  ---
  duration_ms: 0.245214
  type: 'test'
  ...
# Subtest: stone gate conversion cannot be used before civilization level 2
ok 15 - stone gate conversion cannot be used before civilization level 2
  ---
  duration_ms: 2.107289
  type: 'test'
  ...
# Subtest: path invalidation waits for the current edge instead of teleporting backward
ok 16 - path invalidation waits for the current edge instead of teleporting backward
  ---
  duration_ms: 1.496222
  type: 'test'
  ...
# Subtest: grade-separated endpoints are not merged into one intersection
ok 17 - grade-separated endpoints are not merged into one intersection
  ---
  duration_ms: 1.502376
  type: 'test'
  ...
# Subtest: long OSM geometry is subdivided rather than discarded
ok 18 - long OSM geometry is subdivided rather than discarded
  ---
  duration_ms: 2.136941
  type: 'test'
  ...
# Subtest: complete reset clears current, legacy, and backup save keys
ok 19 - complete reset clears current, legacy, and backup save keys
  ---
  duration_ms: 0.589801
  type: 'test'
  ...
# Subtest: production source only enables dev fixture on local or explicit test origins
ok 20 - production source only enables dev fixture on local or explicit test origins
  ---
  duration_ms: 11.930014
  type: 'test'
  ...
# Subtest: road loading uses the injected fetch implementation without a script transport
ok 21 - road loading uses the injected fetch implementation without a script transport
  ---
  duration_ms: 3.180542
  type: 'test'
  ...
# Subtest: tier-zero area and slow defenses use the approved restrained values
ok 22 - tier-zero area and slow defenses use the approved restrained values
  ---
  duration_ms: 1.377901
  type: 'test'
  ...
# Subtest: area defense applies full damage to one target, reduced splash and a hard target cap
ok 23 - area defense applies full damage to one target, reduced splash and a hard target cap
  ---
  duration_ms: 1.62454
  type: 'test'
  ...
# Subtest: slow defense affects only the nearest approved number of targets
ok 24 - slow defense affects only the nearest approved number of targets
  ---
  duration_ms: 0.670107
  type: 'test'
  ...
# Subtest: enemy base growth follows age thresholds and civilization caps
ok 25 - enemy base growth follows age thresholds and civilization caps
  ---
  duration_ms: 0.366252
  type: 'test'
  ...
# Subtest: enemy level multipliers scale durability, attack and speed without runaway speed growth
ok 26 - enemy level multipliers scale durability, attack and speed without runaway speed growth
  ---
  duration_ms: 0.346544
  type: 'test'
  ...
# Subtest: spawned enemies retain the source base level and scaled HP for their lifetime
ok 27 - spawned enemies retain the source base level and scaled HP for their lifetime
  ---
  duration_ms: 1.091445
  type: 'test'
  ...
# Subtest: enemy base levels add exactly one unit per level
ok 28 - enemy base levels add exactly one unit per level
  ---
  duration_ms: 0.920075
  type: 'test'
  ...
# Subtest: new civilization enemy generations phase in at 15, 30, 45 and 60 minutes
ok 29 - new civilization enemy generations phase in at 15, 30, 45 and 60 minutes
  ---
  duration_ms: 0.225515
  type: 'test'
  ...
# Subtest: higher enemy base levels increase pressure gradually rather than all at once
ok 30 - higher enemy base levels increase pressure gradually rather than all at once
  ---
  duration_ms: 0.422594
  type: 'test'
  ...
# Subtest: a level-two mixed wave now reaches a city defended only by tier-zero area and slow facilities
ok 31 - a level-two mixed wave now reaches a city defended only by tier-zero area and slow facilities
  ---
  duration_ms: 17.914153
  type: 'test'
  ...
# Subtest: a heavier level-two formation creates meaningful pressure without instantly defeating the city
ok 32 - a heavier level-two formation creates meaningful pressure without instantly defeating the city
  ---
  duration_ms: 13.704815
  type: 'test'
  ...
# Subtest: enemy base level increases emit one visible threat notification
ok 33 - enemy base level increases emit one visible threat notification
  ---
  duration_ms: 1.630269
  type: 'test'
  ...
# Subtest: enemy individual level and scaled HP survive save and restore
ok 34 - enemy individual level and scaled HP survive save and restore
  ---
  duration_ms: 35.729167
  type: 'test'
  ...
# Subtest: a new civilization generation keeps the previous generation during its opening grace window
ok 35 - a new civilization generation keeps the previous generation during its opening grace window
  ---
  duration_ms: 1.414885
  type: 'test'
  ...
# Subtest: enemy system applies the spawned enemy level to movement and city damage
ok 36 - enemy system applies the spawned enemy level to movement and city damage
  ---
  duration_ms: 0.55129
  type: 'test'
  ...
# Subtest: base command panel summarizes remote threats, facilities, squads and recoveries
ok 37 - base command panel summarizes remote threats, facilities, squads and recoveries
  ---
  duration_ms: 1.969439
  type: 'test'
  ...
# Subtest: base command UI lists all bases and switches the map camera without moving the player
ok 38 - base command UI lists all bases and switches the map camera without moving the player
  ---
  duration_ms: 1.766064
  type: 'test'
  ...
# Subtest: base command UI establishes an unlocked base at the current road position
ok 39 - base command UI establishes an unlocked base at the current road position
  ---
  duration_ms: 1.02018
  type: 'test'
  ...
# Subtest: combat renderer includes a distinct marker for secondary player bases
ok 40 - combat renderer includes a distinct marker for secondary player bases
  ---
  duration_ms: 4.582122
  type: 'test'
  ...
# Subtest: base command UI lists simple bases separately and can focus or rebuild a destroyed one
ok 41 - base command UI lists simple bases separately and can focus or rebuild a destroyed one
  ---
  duration_ms: 2.152919
  type: 'test'
  ...
# Subtest: combat renderer includes a distinct marker for simple bases and ruins
ok 42 - combat renderer includes a distinct marker for simple bases and ruins
  ---
  duration_ms: 2.290119
  type: 'test'
  ...
# Subtest: selection snaps to the existing graph and creates a base without refetching
ok 43 - selection snaps to the existing graph and creates a base without refetching
  ---
  duration_ms: 1.606805
  type: 'test'
  ...
# Subtest: a tap outside the road tolerance is rejected
ok 44 - a tap outside the road tolerance is rejected
  ---
  duration_ms: 0.172232
  type: 'test'
  ...
# Subtest: base placement uses a dedicated map viewport instead of drawing behind controls
ok 45 - base placement uses a dedicated map viewport instead of drawing behind controls
  ---
  duration_ms: 6.714408
  type: 'test'
  ...
# Subtest: base placement screen keeps the canvas clip synchronized with the viewport
ok 46 - base placement screen keeps the canvas clip synchronized with the viewport
  ---
  duration_ms: 2.391868
  type: 'test'
  ...
# Subtest: renderer switches to a brighter static scene for base selection
ok 47 - renderer switches to a brighter static scene for base selection
  ---
  duration_ms: 3.844238
  type: 'test'
  ...
# Subtest: startup quarantines only validation failures and isolates optional cache restoration
ok 48 - startup quarantines only validation failures and isolates optional cache restoration
  ---
  duration_ms: 1.045075
  type: 'test'
  ...
# Subtest: offline restoration has an explicit rollback boundary and UI failure preserves the save
ok 49 - offline restoration has an explicit rollback boundary and UI failure preserves the save
  ---
  duration_ms: 0.372175
  type: 'test'
  ...
# Subtest: complete reset cancels road-world requests before deleting cached world data
ok 50 - complete reset cancels road-world requests before deleting cached world data
  ---
  duration_ms: 0.28849
  type: 'test'
  ...
# Subtest: barrier highlighting is clipped to the build-radius portion of a road
ok 51 - barrier highlighting is clipped to the build-radius portion of a road
  ---
  duration_ms: 1.306096
  type: 'test'
  ...
# Subtest: build placement overlay draws valid sites, build radius and candidate effect radius
ok 52 - build placement overlay draws valid sites, build radius and candidate effect radius
  ---
  duration_ms: 0.684465
  type: 'test'
  ...
# Subtest: barrier overlay tolerates a minimal canvas implementation
ok 53 - barrier overlay tolerates a minimal canvas implementation
  ---
  duration_ms: 0.305225
  type: 'test'
  ...
# Subtest: renderer draws construction guidance after combat effects so candidates stay visible
ok 54 - renderer draws construction guidance after combat effects so candidates stay visible
  ---
  duration_ms: 6.208392
  type: 'test'
  ...
# Subtest: existing facilities do not expand construction beyond bases and the player
ok 55 - existing facilities do not expand construction beyond bases and the player
  ---
  duration_ms: 3.005601
  type: 'test'
  ...
# Subtest: previewing a candidate does not consume resources or create a defense
ok 56 - previewing a candidate does not consume resources or create a defense
  ---
  duration_ms: 0.8759
  type: 'test'
  ...
# Subtest: a confirmed candidate consumes resources exactly once and creates the selected defense
ok 57 - a confirmed candidate consumes resources exactly once and creates the selected defense
  ---
  duration_ms: 0.852396
  type: 'test'
  ...
# Subtest: a stale candidate is rejected without spending resources
ok 58 - a stale candidate is rejected without spending resources
  ---
  duration_ms: 0.433472
  type: 'test'
  ...
# Subtest: candidate confirmation rechecks resources that changed after preview
ok 59 - candidate confirmation rechecks resources that changed after preview
  ---
  duration_ms: 0.487935
  type: 'test'
  ...
# Subtest: barrier candidates retain the tapped road position and reject out-of-range points
ok 60 - barrier candidates retain the tapped road position and reject out-of-range points
  ---
  duration_ms: 0.552545
  type: 'test'
  ...
# Subtest: a ruined placement blocks replacement construction until the wreck is repaired or removed
ok 61 - a ruined placement blocks replacement construction until the wreck is repaired or removed
  ---
  duration_ms: 0.686662
  type: 'test'
  ...
# Subtest: preview skips an occupied nearest intersection when another valid intersection is within the tap tolerance
ok 62 - preview skips an occupied nearest intersection when another valid intersection is within the tap tolerance
  ---
  duration_ms: 0.381802
  type: 'test'
  ...
# Subtest: preview skips an occupied nearest road when another valid road is within the tap tolerance
ok 63 - preview skips an occupied nearest road when another valid road is within the tap tolerance
  ---
  duration_ms: 0.916705
  type: 'test'
  ...
# Subtest: player position creates a second build zone away from the home base
ok 64 - player position creates a second build zone away from the home base
  ---
  duration_ms: 0.629863
  type: 'test'
  ...
# Subtest: a current-location candidate is rejected if the player leaves its build zone before confirmation
ok 65 - a current-location candidate is rejected if the player leaves its build zone before confirmation
  ---
  duration_ms: 0.29514
  type: 'test'
  ...
# Subtest: overlapping home-base and player positions are represented as one build zone
ok 66 - overlapping home-base and player positions are represented as one build zone
  ---
  duration_ms: 0.151019
  type: 'test'
  ...
# Subtest: a remote facility stays outside the build zone until the player physically reaches it
ok 67 - a remote facility stays outside the build zone until the player physically reaches it
  ---
  duration_ms: 0.197401
  type: 'test'
  ...
# Subtest: removing a defense reopens its placement and invalidates enemy routes
ok 68 - removing a defense reopens its placement and invalidates enemy routes
  ---
  duration_ms: 0.435877
  type: 'test'
  ...
# Subtest: removing an unknown defense does not mutate the state
ok 69 - removing an unknown defense does not mutate the state
  ---
  duration_ms: 0.134985
  type: 'test'
  ...
# Subtest: inventory has one canonical resource store and preserves overflow
ok 70 - inventory has one canonical resource store and preserves overflow
  ---
  duration_ms: 3.270816
  type: 'test'
  ...
# Subtest: production reserves inputs once and completes through the civilization update
ok 71 - production reserves inputs once and completes through the civilization update
  ---
  duration_ms: 1.91963
  type: 'test'
  ...
# Subtest: removed resource outpost subsystem is absent from civilization runtime
ok 72 - removed resource outpost subsystem is absent from civilization runtime
  ---
  duration_ms: 0.131699
  type: 'test'
  ...
# Subtest: settlement damage ruins a building and disables its production
ok 73 - settlement damage ruins a building and disables its production
  ---
  duration_ms: 0.734833
  type: 'test'
  ...
# Subtest: production overflow stays in the building buffer until collection
ok 74 - production overflow stays in the building buffer until collection
  ---
  duration_ms: 0.736409
  type: 'test'
  ...
# Subtest: every civilization project uses implemented requirements and fits the unlocked settlement slots
ok 75 - every civilization project uses implemented requirements and fits the unlocked settlement slots
  ---
  duration_ms: 0.534358
  type: 'test'
  ...
# Subtest: city defeat payment preserves the repair reserve and may pay only the safe surplus
ok 76 - city defeat payment preserves the repair reserve and may pay only the safe surplus
  ---
  duration_ms: 3.734365
  type: 'test'
  ...
# Subtest: enemy regroup deadlines extend but never shorten an existing recovery window
ok 77 - enemy regroup deadlines extend but never shorten an existing recovery window
  ---
  duration_ms: 0.487758
  type: 'test'
  ...
# Subtest: enemy bases pause their launch clock during regroup and resume afterward
ok 78 - enemy bases pause their launch clock during regroup and resume afterward
  ---
  duration_ms: 0.909331
  type: 'test'
  ...
# Subtest: destroyed tower restoration costs fifty-five percent and needs a short restart
ok 79 - destroyed tower restoration costs fifty-five percent and needs a short restart
  ---
  duration_ms: 0.705655
  type: 'test'
  ...
# Subtest: dedicated barrier repair costs remain unchanged
ok 80 - dedicated barrier repair costs remain unchanged
  ---
  duration_ms: 0.21956
  type: 'test'
  ...
# Subtest: regroup timing produces the same result in active and offline progression
ok 81 - regroup timing produces the same result in active and offline progression
  ---
  duration_ms: 6.409348
  type: 'test'
  ...
# Subtest: map tap only selects a build candidate and confirmation performs the mutation
ok 82 - map tap only selects a build candidate and confirmation performs the mutation
  ---
  duration_ms: 49.511392
  type: 'test'
  ...
# Subtest: combat UI no longer calls immediate buildAt from map taps
ok 83 - combat UI no longer calls immediate buildAt from map taps
  ---
  duration_ms: 2.583035
  type: 'test'
  ...
# Subtest: an invalid second tap clears the previous candidate to prevent confirming the wrong location
ok 84 - an invalid second tap clears the previous candidate to prevent confirming the wrong location
  ---
  duration_ms: 1.154811
  type: 'test'
  ...
# Subtest: build confirmation is disabled while the selected facility is unaffordable
ok 85 - build confirmation is disabled while the selected facility is unaffordable
  ---
  duration_ms: 1.176957
  type: 'test'
  ...
# Subtest: context explanations are collapsed by default and metrics remain visible
ok 86 - context explanations are collapsed by default and metrics remain visible
  ---
  duration_ms: 0.719911
  type: 'test'
  ...
# Subtest: an opened context explanation remains open after the live HUD rerenders
ok 87 - an opened context explanation remains open after the live HUD rerenders
  ---
  duration_ms: 0.78824
  type: 'test'
  ...
# Subtest: context metrics use a fixed three-column grid to reduce panel height
ok 88 - context metrics use a fixed three-column grid to reduce panel height
  ---
  duration_ms: 7.315937
  type: 'test'
  ...
# Subtest: defense removal requires a second confirmation and then clears the selected facility
ok 89 - defense removal requires a second confirmation and then clears the selected facility
  ---
  duration_ms: 1.643802
  type: 'test'
  ...
# Subtest: tapping the selected facility again closes the compact context panel
ok 90 - tapping the selected facility again closes the compact context panel
  ---
  duration_ms: 1.233937
  type: 'test'
  ...
# Subtest: combat effect buffer is capped and prunes expired effects
ok 91 - combat effect buffer is capped and prunes expired effects
  ---
  duration_ms: 0.769802
  type: 'test'
  ...
# Subtest: event bus creates transient shot and city warning effects
ok 92 - event bus creates transient shot and city warning effects
  ---
  duration_ms: 3.138651
  type: 'test'
  ...
# Subtest: manual defense upgrade events create a visible pulse
ok 93 - manual defense upgrade events create a visible pulse
  ---
  duration_ms: 0.30896
  type: 'test'
  ...
# Subtest: barrier changes weighted enemy route without creating another graph
ok 94 - barrier changes weighted enemy route without creating another graph
  ---
  duration_ms: 2.825758
  type: 'test'
  ...
# Subtest: enemy position follows path direction rather than edge storage direction
ok 95 - enemy position follows path direction rather than edge storage direction
  ---
  duration_ms: 1.076428
  type: 'test'
  ...
# Subtest: build range is measured from established home base
ok 96 - build range is measured from established home base
  ---
  duration_ms: 1.872745
  type: 'test'
  ...
# Subtest: gun tower damages an enemy in range
ok 97 - gun tower damages an enemy in range
  ---
  duration_ms: 1.264916
  type: 'test'
  ...
# Subtest: enemy reaching the city deals damage and is removed
ok 98 - enemy reaching the city deals damage and is removed
  ---
  duration_ms: 1.05318
  type: 'test'
  ...
# Subtest: repair relay consumes resources and repairs only the most damaged target
ok 99 - repair relay consumes resources and repairs only the most damaged target
  ---
  duration_ms: 0.516936
  type: 'test'
  ...
# Subtest: city recovers after a quiet period and a large update only heals post-cooldown time
ok 100 - city recovers after a quiet period and a large update only heals post-cooldown time
  ---
  duration_ms: 37.489283
  type: 'test'
  ...
# Subtest: city defeat never creates negative resources and reports unpaid emergency recovery honestly
ok 101 - city defeat never creates negative resources and reports unpaid emergency recovery honestly
  ---
  duration_ms: 9.147024
  type: 'test'
  ...
# Subtest: civilization level raises major and field base squad capacity
ok 102 - civilization level raises major and field base squad capacity
  ---
  duration_ms: 1.552787
  type: 'test'
  ...
# Subtest: one major base can dispatch several squads until its civilization capacity is full
ok 103 - one major base can dispatch several squads until its civilization capacity is full
  ---
  duration_ms: 2.759092
  type: 'test'
  ...
# Subtest: recovering squads occupy only their own slot and do not block other free slots
ok 104 - recovering squads occupy only their own slot and do not block other free slots
  ---
  duration_ms: 0.713845
  type: 'test'
  ...
# Subtest: field bases also support multiple light squads according to civilization level
ok 105 - field bases also support multiple light squads according to civilization level
  ---
  duration_ms: 0.958119
  type: 'test'
  ...
# Subtest: every settlement building has a concise gameplay description
ok 106 - every settlement building has a concise gameplay description
  ---
  duration_ms: 0.344561
  type: 'test'
  ...
# Subtest: default resource HUD renders every owned resource as an independent chip
ok 107 - default resource HUD renders every owned resource as an independent chip
  ---
  duration_ms: 0.840728
  type: 'test'
  ...
# Subtest: resource HUD uses a non-overlapping content-sized scroll strip
ok 108 - resource HUD uses a non-overlapping content-sized scroll strip
  ---
  duration_ms: 8.08104
  type: 'test'
  ...
# Subtest: barrier has player-facing role, effect, placement and numeric metrics
ok 109 - barrier has player-facing role, effect, placement and numeric metrics
  ---
  duration_ms: 0.821169
  type: 'test'
  ...
# Subtest: gun has player-facing role, effect, placement and numeric metrics
ok 110 - gun has player-facing role, effect, placement and numeric metrics
  ---
  duration_ms: 0.234907
  type: 'test'
  ...
# Subtest: mortar has player-facing role, effect, placement and numeric metrics
ok 111 - mortar has player-facing role, effect, placement and numeric metrics
  ---
  duration_ms: 0.110829
  type: 'test'
  ...
# Subtest: slow has player-facing role, effect, placement and numeric metrics
ok 112 - slow has player-facing role, effect, placement and numeric metrics
  ---
  duration_ms: 0.087367
  type: 'test'
  ...
# Subtest: relay has player-facing role, effect, placement and numeric metrics
ok 113 - relay has player-facing role, effect, placement and numeric metrics
  ---
  duration_ms: 0.412107
  type: 'test'
  ...
# Subtest: all defense tiers define deterministic durability and sequential upgrade costs
ok 114 - all defense tiers define deterministic durability and sequential upgrade costs
  ---
  duration_ms: 1.183884
  type: 'test'
  ...
# Subtest: defense upgrades are sequential and locked to civilization level
ok 115 - defense upgrades are sequential and locked to civilization level
  ---
  duration_ms: 2.969319
  type: 'test'
  ...
# Subtest: upgrading preserves damage ratio instead of fully healing the facility
ok 116 - upgrading preserves damage ratio instead of fully healing the facility
  ---
  duration_ms: 0.749353
  type: 'test'
  ...
# Subtest: tier synchronization upgrades legacy durability without changing its health percentage
ok 117 - tier synchronization upgrades legacy durability without changing its health percentage
  ---
  duration_ms: 0.213949
  type: 'test'
  ...
# Subtest: destroyed and maximum-tier defenses cannot be upgraded
ok 118 - destroyed and maximum-tier defenses cannot be upgraded
  ---
  duration_ms: 0.579494
  type: 'test'
  ...
# Subtest: gate conversion starts at tier two and preserves the prior health ratio
ok 119 - gate conversion starts at tier two and preserves the prior health ratio
  ---
  duration_ms: 0.590164
  type: 'test'
  ...
# Subtest: combat UI keeps the normal facility panel compact and opens upgrade details only on demand
ok 120 - combat UI keeps the normal facility panel compact and opens upgrade details only on demand
  ---
  duration_ms: 25.882829
  type: 'test'
  ...
# Subtest: facility explanation replaces the metric view instead of stacking below it
ok 121 - facility explanation replaces the metric view instead of stacking below it
  ---
  duration_ms: 1.171037
  type: 'test'
  ...
# Subtest: civilization panel explains the current defense tier ceiling and next unlock
ok 122 - civilization panel explains the current defense tier ceiling and next unlock
  ---
  duration_ms: 6.076918
  type: 'test'
  ...
# Subtest: applying a tier uses the explicit durability table for every facility class
ok 123 - applying a tier uses the explicit durability table for every facility class
  ---
  duration_ms: 0.583139
  type: 'test'
  ...
# Subtest: upgraded attack statistics are used by live combat rather than only the UI
ok 124 - upgraded attack statistics are used by live combat rather than only the UI
  ---
  duration_ms: 1.508171
  type: 'test'
  ...
# Subtest: defense panel uses a compact capped layout with fixed visible actions
ok 125 - defense panel uses a compact capped layout with fixed visible actions
  ---
  duration_ms: 4.222825
  type: 'test'
  ...
# Subtest: asset loader starts with the current application-relative stylesheet
ok 126 - asset loader starts with the current application-relative stylesheet
  ---
  duration_ms: 8.190305
  type: 'test'
  ...
# Subtest: asset loader recovers a legacy fr path through the canonical frontline-roads directory
ok 127 - asset loader recovers a legacy fr path through the canonical frontline-roads directory
  ---
  duration_ms: 3.532438
  type: 'test'
  ...
# Subtest: top HUD no longer exposes a global deployment button
ok 128 - top HUD no longer exposes a global deployment button
  ---
  duration_ms: 4.045555
  type: 'test'
  ...
# Subtest: enemy-base deployment opens with the tapped target fixed
ok 129 - enemy-base deployment opens with the tapped target fixed
  ---
  duration_ms: 8.38018
  type: 'test'
  ...
# Subtest: recovery-item deployment keeps the selected item fixed and only offers retrieval squads
ok 130 - recovery-item deployment keeps the selected item fixed and only offers retrieval squads
  ---
  duration_ms: 0.71594
  type: 'test'
  ...
# Subtest: combat target context exposes direct deployment actions
ok 131 - combat target context exposes direct deployment actions
  ---
  duration_ms: 1.973972
  type: 'test'
  ...
# Subtest: combat renderer includes visible friendly squad markers
ok 132 - combat renderer includes visible friendly squad markers
  ---
  duration_ms: 1.595579
  type: 'test'
  ...
# Subtest: enemy types make different barrier decisions from break time and detour time
ok 133 - enemy types make different barrier decisions from break time and detour time
  ---
  duration_ms: 2.354502
  type: 'test'
  ...
# Subtest: balanced infantry breaches a weakened wall instead of taking a long detour
ok 134 - balanced infantry breaches a weakened wall instead of taking a long detour
  ---
  duration_ms: 0.428742
  type: 'test'
  ...
# Subtest: raider selects repair support before ordinary weapon towers
ok 135 - raider selects repair support before ordinary weapon towers
  ---
  duration_ms: 2.445083
  type: 'test'
  ...
# Subtest: rope cutter selects slowing equipment before repair support
ok 136 - rope cutter selects slowing equipment before repair support
  ---
  duration_ms: 0.674198
  type: 'test'
  ...
# Subtest: specialist damages its selected facility and invalidates shared targets when it is destroyed
ok 137 - specialist damages its selected facility and invalidates shared targets when it is destroyed
  ---
  duration_ms: 0.641883
  type: 'test'
  ...
# Subtest: a newly built priority facility requests rerouting without teleporting an enemy off its current road
ok 138 - a newly built priority facility requests rerouting without teleporting an enemy off its current road
  ---
  duration_ms: 1.720241
  type: 'test'
  ...
# Subtest: civilization generations contain expanded valid enemy variants with explicit personalities
ok 139 - civilization generations contain expanded valid enemy variants with explicit personalities
  ---
  duration_ms: 1.307337
  type: 'test'
  ...
# Subtest: flanking enemies choose a bounded longer side road while direct infantry uses the shortest road
ok 140 - flanking enemies choose a bounded longer side road while direct infantry uses the shortest road
  ---
  duration_ms: 2.364533
  type: 'test'
  ...
# Subtest: marauder personality prioritizes a field base over an equally reachable city
ok 141 - marauder personality prioritizes a field base over an equally reachable city
  ---
  duration_ms: 1.882096
  type: 'test'
  ...
# Subtest: squad hunter plans toward an active friendly squad and damages it after contact
ok 142 - squad hunter plans toward an active friendly squad and damages it after contact
  ---
  duration_ms: 0.867931
  type: 'test'
  ...
# Subtest: war drummer speed aura accelerates nearby allies without accelerating itself
ok 143 - war drummer speed aura accelerates nearby allies without accelerating itself
  ---
  duration_ms: 1.429385
  type: 'test'
  ...
# Subtest: civilization level four rotates doctrines and introduces the new generation across repeated waves
ok 144 - civilization level four rotates doctrines and introduces the new generation across repeated waves
  ---
  duration_ms: 3.314747
  type: 'test'
  ...
# Subtest: personality route and doctrine metadata survive the unchanged save schema
ok 145 - personality route and doctrine metadata survive the unchanged save schema
  ---
  duration_ms: 1.639529
  type: 'test'
  ...
# Subtest: loaded source chunk materializes a persistent enemy-source site
ok 146 - loaded source chunk materializes a persistent enemy-source site
  ---
  duration_ms: 3.651106
  type: 'test'
  ...
# Subtest: player can clear an enemy source on site and stop future frontier waves
ok 147 - player can clear an enemy source on site and stop future frontier waves
  ---
  duration_ms: 2.480107
  type: 'test'
  ...
# Subtest: enemy source interaction requires proximity and a clear local area
ok 148 - enemy source interaction requires proximity and a clear local area
  ---
  duration_ms: 0.733538
  type: 'test'
  ...
# Subtest: loaded chunks are processed once for deterministic ambient discoveries
ok 149 - loaded chunks are processed once for deterministic ambient discoveries
  ---
  duration_ms: 0.707312
  type: 'test'
  ...
# Subtest: exploration renderer draws active sites with a minimal canvas context
ok 150 - exploration renderer draws active sites with a minimal canvas context
  ---
  duration_ms: 0.533821
  type: 'test'
  ...
# Subtest: civilization level provides a separate simple-base limit
ok 151 - civilization level provides a separate simple-base limit
  ---
  duration_ms: 1.814623
  type: 'test'
  ...
# Subtest: simple-base placement requires civilization unlock, fresh GPS, road access and separation
ok 152 - simple-base placement requires civilization unlock, fresh GPS, road access and separation
  ---
  duration_ms: 1.295141
  type: 'test'
  ...
# Subtest: simple-base placement accepts a fresh stationary GPS fix and a road node within the wider placement radius
ok 153 - simple-base placement accepts a fresh stationary GPS fix and a road node within the wider placement radius
  ---
  duration_ms: 0.392675
  type: 'test'
  ...
# Subtest: simple bases require and consume the processed-resource cost for their slot
ok 154 - simple bases require and consume the processed-resource cost for their slot
  ---
  duration_ms: 1.097583
  type: 'test'
  ...
# Subtest: simple base has 40 HP and creates only a 50m construction anchor
ok 155 - simple base has 40 HP and creates only a 50m construction anchor
  ---
  duration_ms: 0.912197
  type: 'test'
  ...
# Subtest: current assault squad can deploy from an active simple base
ok 156 - current assault squad can deploy from an active simple base
  ---
  duration_ms: 0.98575
  type: 'test'
  ...
# Subtest: nearby enemies can destroy a simple base and remove its construction and deployment roles
ok 157 - nearby enemies can destroy a simple base and remove its construction and deployment roles
  ---
  duration_ms: 3.027503
  type: 'test'
  ...
# Subtest: destroyed simple base keeps its slot and can only be rebuilt at the site
ok 158 - destroyed simple base keeps its slot and can only be rebuilt at the site
  ---
  duration_ms: 0.749193
  type: 'test'
  ...
# Subtest: simple-base state survives save and restore without precise location metadata
ok 159 - simple-base state survives save and restore without precise location metadata
  ---
  duration_ms: 2.452835
  type: 'test'
  ...
# Subtest: level-four civilization progress counts active simple bases instead of obsolete outposts
ok 160 - level-four civilization progress counts active simple bases instead of obsolete outposts
  ---
  duration_ms: 1.137669
  type: 'test'
  ...
# Subtest: a distant simple base does not pull attackers away from a much nearer city
ok 161 - a distant simple base does not pull attackers away from a much nearer city
  ---
  duration_ms: 0.658435
  type: 'test'
  ...
# Subtest: standing at a simple base keeps the wider current-location construction zone
ok 162 - standing at a simple base keeps the wider current-location construction zone
  ---
  duration_ms: 0.515699
  type: 'test'
  ...
# Subtest: a major base cannot be placed on top of an active simple base
ok 163 - a major base cannot be placed on top of an active simple base
  ---
  duration_ms: 0.538413
  type: 'test'
  ...
# Subtest: a destroyed simple-base ruin still blocks overlapping major-base placement
ok 164 - a destroyed simple-base ruin still blocks overlapping major-base placement
  ---
  duration_ms: 0.361308
  type: 'test'
  ...
# Subtest: an active simple base anchors regional simulation but a destroyed one does not
ok 165 - an active simple base anchors regional simulation but a destroyed one does not
  ---
  duration_ms: 14.563005
  type: 'test'
  ...
# Subtest: an enemy chooses a nearby simple base when it is meaningfully closer than the city
ok 166 - an enemy chooses a nearby simple base when it is meaningfully closer than the city
  ---
  duration_ms: 0.651899
  type: 'test'
  ...
# Subtest: deployment preview is non-destructive and dispatch spends the assault cost once
ok 167 - deployment preview is non-destructive and dispatch spends the assault cost once
  ---
  duration_ms: 3.716999
  type: 'test'
  ...
# Subtest: friendly squad stops to fight enemies and both sides exchange damage
ok 168 - friendly squad stops to fight enemies and both sides exchange damage
  ---
  duration_ms: 4.32914
  type: 'test'
  ...
# Subtest: squad destroys an enemy base, schedules respawn and returns to its origin
ok 169 - squad destroys an enemy base, schedules respawn and returns to its origin
  ---
  duration_ms: 3.676305
  type: 'test'
  ...
# Subtest: friendly squads survive JSON save and restore without exact base coordinates
ok 170 - friendly squads survive JSON save and restore without exact base coordinates
  ---
  duration_ms: 2.346891
  type: 'test'
  ...
# Subtest: remote friendly squads only advance when the dormant regional interval is due
ok 171 - remote friendly squads only advance when the dormant regional interval is due
  ---
  duration_ms: 10.770736
  type: 'test'
  ...
# Subtest: friendly order overlay draws selectable nodes, routes, destination and waypoints on a minimal canvas
ok 172 - friendly order overlay draws selectable nodes, routes, destination and waypoints on a minimal canvas
  ---
  duration_ms: 3.310634
  type: 'test'
  ...
# Subtest: combat UI exposes stop, retreat, withdraw, resume and two-waypoint route planning
ok 173 - combat UI exposes stop, retreat, withdraw, resume and two-waypoint route planning
  ---
  duration_ms: 4.7871
  type: 'test'
  ...
# Subtest: renderer places squad order guidance above combat and construction layers
ok 174 - renderer places squad order guidance above combat and construction layers
  ---
  duration_ms: 1.41828
  type: 'test'
  ...
# Subtest: stop holds a squad at its exact road position while retaining the mission
ok 175 - stop holds a squad at its exact road position while retaining the mission
  ---
  duration_ms: 4.718627
  type: 'test'
  ...
# Subtest: route command issued mid-edge preserves position and joins the chosen route at the next intersection
ok 176 - route command issued mid-edge preserves position and joins the chosen route at the next intersection
  ---
  duration_ms: 0.850192
  type: 'test'
  ...
# Subtest: retreat reaches the selected node, stops there, and keeps the original attack mission
ok 177 - retreat reaches the selected node, stops there, and keeps the original attack mission
  ---
  duration_ms: 1.224721
  type: 'test'
  ...
# Subtest: withdraw abandons the mission and begins recovery only after it reaches the origin
ok 178 - withdraw abandons the mission and begins recovery only after it reaches the origin
  ---
  duration_ms: 1.802629
  type: 'test'
  ...
# Subtest: stopping a retreat preserves the retreat destination for route-selected resume
ok 179 - stopping a retreat preserves the retreat destination for route-selected resume
  ---
  duration_ms: 0.843467
  type: 'test'
  ...
# Subtest: retreat validation rejects a node closer to the hostile base and accepts an owned base behind the squad
ok 180 - retreat validation rejects a node closer to the hostile base and accepts an owned base behind the squad
  ---
  duration_ms: 0.705535
  type: 'test'
  ...
# Subtest: route planner exposes distinct shortest, enemy-avoidance and friendly-support choices when the road graph allows them
ok 181 - route planner exposes distinct shortest, enemy-avoidance and friendly-support choices when the road graph allows them
  ---
  duration_ms: 2.075787
  type: 'test'
  ...
# Subtest: waypoints force every generated route through the selected intersections
ok 182 - waypoints force every generated route through the selected intersections
  ---
  duration_ms: 0.834264
  type: 'test'
  ...
# Subtest: retreating through a newly encountered enemy does not grant invulnerability
ok 183 - retreating through a newly encountered enemy does not grant invulnerability
  ---
  duration_ms: 18.265765
  type: 'test'
  ...
# Subtest: friendly orders, selected route and history survive save and restore
ok 184 - friendly orders, selected route and history survive save and restore
  ---
  duration_ms: 2.210624
  type: 'test'
  ...
# Subtest: a rejected withdraw route leaves the original mission untouched
ok 185 - a rejected withdraw route leaves the original mission untouched
  ---
  duration_ms: 0.488892
  type: 'test'
  ...
# Subtest: route orders reject paths whose edges do not connect the declared node sequence
ok 186 - route orders reject paths whose edges do not connect the declared node sequence
  ---
  duration_ms: 0.272429
  type: 'test'
  ...
# Subtest: route estimates include the remaining distance on the squad current road segment
ok 187 - route estimates include the remaining distance on the squad current road segment
  ---
  duration_ms: 0.346755
  type: 'test'
  ...
# Subtest: a map tap near a displayed route selects that route instead of becoming a waypoint
ok 188 - a map tap near a displayed route selects that route instead of becoming a waypoint
  ---
  duration_ms: 0.813658
  type: 'test'
  ...
# Subtest: civilization level one unlocks treatment and field aid with the approved progression
ok 189 - civilization level one unlocks treatment and field aid with the approved progression
  ---
  duration_ms: 1.033197
  type: 'test'
  ...
# Subtest: major bases recover a returned squad to full health and keep it ready for redeployment
ok 190 - major bases recover a returned squad to full health and keep it ready for redeployment
  ---
  duration_ms: 2.829734
  type: 'test'
  ...
# Subtest: a treatment facility accelerates healing and reorganization at a major base
ok 191 - a treatment facility accelerates healing and reorganization at a major base
  ---
  duration_ms: 1.211296
  type: 'test'
  ...
# Subtest: a field base without an aid station reorganizes but does not heal a light squad
ok 192 - a field base without an aid station reorganizes but does not heal a light squad
  ---
  duration_ms: 0.698633
  type: 'test'
  ...
# Subtest: a field aid station heals assault and skirmisher squads up to seventy percent
ok 193 - a field aid station heals assault and skirmisher squads up to seventy percent
  ---
  duration_ms: 0.738601
  type: 'test'
  ...
# Subtest: field aid does not heal non-light squads if legacy data places one at a field base
ok 194 - field aid does not heal non-light squads if legacy data places one at a field base
  ---
  duration_ms: 0.499574
  type: 'test'
  ...
# Subtest: a recovering squad occupies one slot while another free slot remains usable
ok 195 - a recovering squad occupies one slot while another free slot remains usable
  ---
  duration_ms: 2.818405
  type: 'test'
  ...
# Subtest: selecting a different type replaces a ready garrison only when every squad slot is occupied
ok 196 - selecting a different type replaces a ready garrison only when every squad slot is occupied
  ---
  duration_ms: 0.635003
  type: 'test'
  ...
# Subtest: medical and field aid facilities are restricted to their matching base types and one slot each
ok 197 - medical and field aid facilities are restricted to their matching base types and one slot each
  ---
  duration_ms: 1.957696
  type: 'test'
  ...
# Subtest: destroying a treatment facility immediately falls back to natural base recovery
ok 198 - destroying a treatment facility immediately falls back to natural base recovery
  ---
  duration_ms: 0.573287
  type: 'test'
  ...
# Subtest: recovery state and progress survive save and restore
ok 199 - recovery state and progress survive save and restore
  ---
  duration_ms: 1.637556
  type: 'test'
  ...
# Subtest: a recovering squad evacuates to the nearest major base when its field base is destroyed
ok 200 - a recovering squad evacuates to the nearest major base when its field base is destroyed
  ---
  duration_ms: 2.424867
  type: 'test'
  ...
# Subtest: recovery and ready garrisons reject tactical movement orders
ok 201 - recovery and ready garrisons reject tactical movement orders
  ---
  duration_ms: 0.544221
  type: 'test'
  ...
# Subtest: treatment capacity queues excess squads without losing recovery state
ok 202 - treatment capacity queues excess squads without losing recovery state
  ---
  duration_ms: 0.266071
  type: 'test'
  ...
# Subtest: tier-three treatment facilities process two recovering squads at once
ok 203 - tier-three treatment facilities process two recovering squads at once
  ---
  duration_ms: 0.176469
  type: 'test'
  ...
# Subtest: friendly unit unlock levels and simple-base deployment restrictions are enforced
ok 204 - friendly unit unlock levels and simple-base deployment restrictions are enforced
  ---
  duration_ms: 2.832845
  type: 'test'
  ...
# Subtest: skirmisher damage strongly favors light enemies and is weak against armored enemies
ok 205 - skirmisher damage strongly favors light enemies and is weak against armored enemies
  ---
  duration_ms: 0.24895
  type: 'test'
  ...
# Subtest: siege squad damages enemy bases much faster than the assault squad
ok 206 - siege squad damages enemy bases much faster than the assault squad
  ---
  duration_ms: 3.266889
  type: 'test'
  ...
# Subtest: nearby heavy squad intercepts part of the damage aimed at another friendly squad
ok 207 - nearby heavy squad intercepts part of the damage aimed at another friendly squad
  ---
  duration_ms: 1.285692
  type: 'test'
  ...
# Subtest: expedition squad heals only after its non-combat recovery delay
ok 208 - expedition squad heals only after its non-combat recovery delay
  ---
  duration_ms: 0.321196
  type: 'test'
  ...
# Subtest: all friendly unit types preserve their identity and combat state through save and restore
ok 209 - all friendly unit types preserve their identity and combat state through save and restore
  ---
  duration_ms: 1.912246
  type: 'test'
  ...
# Subtest: skirmisher prioritizes a light specialist over a nearer ordinary infantry target
ok 210 - skirmisher prioritizes a light specialist over a nearer ordinary infantry target
  ---
  duration_ms: 0.660864
  type: 'test'
  ...
# Subtest: mixed friendly unit types remain valid through extended regional combat simulation
ok 211 - mixed friendly unit types remain valid through extended regional combat simulation
  ---
  duration_ms: 75.589711
  type: 'test'
  ...
# Subtest: dead-end roads at unexplored chunk borders become frontier candidates
ok 212 - dead-end roads at unexplored chunk borders become frontier candidates
  ---
  duration_ms: 1.740791
  type: 'test'
  ...
# Subtest: frontier source stays fixed while its entry point advances with map expansion
ok 213 - frontier source stays fixed while its entry point advances with map expansion
  ---
  duration_ms: 1.715301
  type: 'test'
  ...
# Subtest: frontier system launches enemies from a map-edge entry node
ok 214 - frontier system launches enemies from a map-edge entry node
  ---
  duration_ms: 1.164345
  type: 'test'
  ...
# Subtest: frontier identity is hidden until the signal is localized
ok 215 - frontier identity is hidden until the signal is localized
  ---
  duration_ms: 0.182514
  type: 'test'
  ...
# Subtest: frontier renderer tolerates a minimal canvas context
ok 216 - frontier renderer tolerates a minimal canvas context
  ---
  duration_ms: 0.679536
  type: 'test'
  ...
# Subtest: balanced opening reaches civilization level one without collapse on a line road network
ok 217 - balanced opening reaches civilization level one without collapse on a line road network
  ---
  duration_ms: 236.729213
  type: 'test'
  ...
# Subtest: balanced opening reaches civilization level one without collapse on a cross road network
ok 218 - balanced opening reaches civilization level one without collapse on a cross road network
  ---
  duration_ms: 130.863262
  type: 'test'
  ...
# Subtest: balanced opening reaches civilization level one without collapse on a grid road network
ok 219 - balanced opening reaches civilization level one without collapse on a grid road network
  ---
  duration_ms: 121.715528
  type: 'test'
  ...
# Subtest: attack-only opening can suppress the first bases but still causes material losses
ok 220 - attack-only opening can suppress the first bases but still causes material losses
  ---
  duration_ms: 219.199052
  type: 'test'
  ...
# Subtest: batch production queues 1, 5, 10 or the maximum without double-reserving inputs
ok 221 - batch production queues 1, 5, 10 or the maximum without double-reserving inputs
  ---
  duration_ms: 4.381817
  type: 'test'
  ...
# Subtest: project-only production caps queued units, starts the existing order, and cannot overshoot the target
ok 222 - project-only production caps queued units, starts the existing order, and cannot overshoot the target
  ---
  duration_ms: 0.862329
  type: 'test'
  ...
# Subtest: safe civilization contribution keeps the declared defense reserve while explicit full contribution may use it
ok 223 - safe civilization contribution keeps the declared defense reserve while explicit full contribution may use it
  ---
  duration_ms: 1.443445
  type: 'test'
  ...
# Subtest: coordinated deployment can use multiple slots from one base and synchronizes mixed squads to one arrival time
ok 224 - coordinated deployment can use multiple slots from one base and synchronizes mixed squads to one arrival time
  ---
  duration_ms: 5.289236
  type: 'test'
  ...
# Subtest: simple-base network diagnostic distinguishes sufficient and insufficient acquired roads
ok 225 - simple-base network diagnostic distinguishes sufficient and insufficient acquired roads
  ---
  duration_ms: 1.255595
  type: 'test'
  ...
# Subtest: listed barrier sites use an in-range projection and remain valid for construction on dense roads
ok 226 - listed barrier sites use an in-range projection and remain valid for construction on dense roads
  ---
  duration_ms: 1.398837
  type: 'test'
  ...
# Subtest: gameplay stabilization controls are present in UI source and field-base text includes retrieval squads
ok 227 - gameplay stabilization controls are present in UI source and field-base text includes retrieval squads
  ---
  duration_ms: 7.894589
  type: 'test'
  ...
# Subtest: source module graph has no circular dependencies
ok 228 - source module graph has no circular dependencies
  ---
  duration_ms: 67.762142
  type: 'test'
  ...
# Subtest: twelve-hour simulation remains bounded, serializable and within enemy cap
ok 229 - twelve-hour simulation remains bounded, serializable and within enemy cap
  ---
  duration_ms: 2360.330974
  type: 'test'
  ...
# Subtest: same state and elapsed time produce the same offline game result
ok 230 - same state and elapsed time produce the same offline game result
  ---
  duration_ms: 492.144059
  type: 'test'
  ...
# Subtest: legacy save is converted once into the clean schema
ok 231 - legacy save is converted once into the clean schema
  ---
  duration_ms: 3.129827
  type: 'test'
  ...
# Subtest: tower reload preserves elapsed remainder and gives the same result at 20 Hz or one coarse update
ok 232 - tower reload preserves elapsed remainder and gives the same result at 20 Hz or one coarse update
  ---
  duration_ms: 3.93047
  type: 'test'
  ...
# Subtest: enemy departure delay and road-edge overflow are consumed in the same update
ok 233 - enemy departure delay and road-edge overflow are consumed in the same update
  ---
  duration_ms: 2.898599
  type: 'test'
  ...
# Subtest: offline 0.25-second simulation matches live 20 Hz for a deterministic defense interval
ok 234 - offline 0.25-second simulation matches live 20 Hz for a deterministic defense interval
  ---
  duration_ms: 40.768987
  type: 'test'
  ...
# Subtest: offline simulation is bounded and reports the applied duration
ok 235 - offline simulation is bounded and reports the applied duration
  ---
  duration_ms: 1.192932
  type: 'test'
  ...
# Subtest: offline simulation advances the canonical world clock
ok 236 - offline simulation advances the canonical world clock
  ---
  duration_ms: 0.4407
  type: 'test'
  ...
# Subtest: default endpoints use the configured public instances
ok 237 - default endpoints use the configured public instances
  ---
  duration_ms: 1.250012
  type: 'test'
  ...
# Subtest: query filters road classes before download
ok 238 - query filters road classes before download
  ---
  duration_ms: 0.326827
  type: 'test'
  ...
# Subtest: browser request uses one minimal POST attempt per endpoint
ok 239 - browser request uses one minimal POST attempt per endpoint
  ---
  duration_ms: 0.707773
  type: 'test'
  ...
# Subtest: failed endpoint falls back to the next endpoint
ok 240 - failed endpoint falls back to the next endpoint
  ---
  duration_ms: 0.46331
  type: 'test'
  ...
# Subtest: all failures include endpoint and POST diagnostics
ok 241 - all failures include endpoint and POST diagnostics
  ---
  duration_ms: 0.683817
  type: 'test'
  ...
# Subtest: caller abort stops attempts immediately
ok 242 - caller abort stops attempts immediately
  ---
  duration_ms: 0.373355
  type: 'test'
  ...
# Subtest: injected development fetch is used directly
ok 243 - injected development fetch is used directly
  ---
  duration_ms: 0.328342
  type: 'test'
  ...
# Subtest: balanced profile limits simulation, rendering and DPR
ok 244 - balanced profile limits simulation, rendering and DPR
  ---
  duration_ms: 0.617649
  type: 'test'
  ...
# Subtest: game loop decouples simulation, civilization and rendering rates
ok 245 - game loop decouples simulation, civilization and rendering rates
  ---
  duration_ms: 0.557528
  type: 'test'
  ...
# Subtest: game loop preserves simulation backlog instead of discarding a slow frame
ok 246 - game loop preserves simulation backlog instead of discarding a slow frame
  ---
  duration_ms: 0.215987
  type: 'test'
  ...
# Subtest: combat spatial index returns only nearby active enemies
ok 247 - combat spatial index returns only nearby active enemies
  ---
  duration_ms: 0.809118
  type: 'test'
  ...
# Subtest: renderer caches static radar and road layers between frames
ok 248 - renderer caches static radar and road layers between frames
  ---
  duration_ms: 2.078833
  type: 'test'
  ...
# Subtest: tactical route choices use spatial snapshots instead of rescanning every enemy and defense per road edge
ok 249 - tactical route choices use spatial snapshots instead of rescanning every enemy and defense per road edge
  ---
  duration_ms: 89.530866
  type: 'test'
  ...
# Subtest: civilization level increases the active player-base limit by one
ok 250 - civilization level increases the active player-base limit by one
  ---
  duration_ms: 0.936003
  type: 'test'
  ...
# Subtest: base placement requires an unlocked slot, fresh position, nearby road and minimum separation
ok 251 - base placement requires an unlocked slot, fresh position, nearby road and minimum separation
  ---
  duration_ms: 1.359229
  type: 'test'
  ...
# Subtest: additional major bases require and consume escalating processed-resource costs
ok 252 - additional major bases require and consume escalating processed-resource costs
  ---
  duration_ms: 1.214696
  type: 'test'
  ...
# Subtest: establishing a base adds a remote construction and simulation anchor
ok 253 - establishing a base adds a remote construction and simulation anchor
  ---
  duration_ms: 1.300926
  type: 'test'
  ...
# Subtest: secondary bases survive save and restore without retaining exact location fields
ok 254 - secondary bases survive save and restore without retaining exact location fields
  ---
  duration_ms: 1.574366
  type: 'test'
  ...
# Subtest: civilization projects require cumulative artifacts recovered in the field
ok 255 - civilization projects require cumulative artifacts recovered in the field
  ---
  duration_ms: 0.655134
  type: 'test'
  ...
# Subtest: destroying a resource enemy base secures its declared reward in one recoverable cache
ok 256 - destroying a resource enemy base secures its declared reward in one recoverable cache
  ---
  duration_ms: 4.599689
  type: 'test'
  ...
# Subtest: resource enemy bases return within the progression window while strategic bases retain long recovery
ok 257 - resource enemy bases return within the progression window while strategic bases retain long recovery
  ---
  duration_ms: 0.528492
  type: 'test'
  ...
# Subtest: legacy resource-outpost data is stripped during runtime normalization
ok 258 - legacy resource-outpost data is stripped during runtime normalization
  ---
  duration_ms: 0.256369
  type: 'test'
  ...
# Subtest: PWA registers the current service worker on HTTPS
ok 259 - PWA registers the current service worker on HTTPS
  ---
  duration_ms: 1.351342
  type: 'test'
  ...
# Subtest: PWA is skipped for an allowed development fixture
ok 260 - PWA is skipped for an allowed development fixture
  ---
  duration_ms: 0.605307
  type: 'test'
  ...
# Subtest: public devFixture query does not disable production PWA registration
ok 261 - public devFixture query does not disable production PWA registration
  ---
  duration_ms: 0.370344
  type: 'test'
  ...
# Subtest: PWA registration failure does not stop the game
ok 262 - PWA registration failure does not stop the game
  ---
  duration_ms: 0.249026
  type: 'test'
  ...
# Subtest: radar renderer is integrated without changing the map input owner
ok 263 - radar renderer is integrated without changing the map input owner
  ---
  duration_ms: 7.228698
  type: 'test'
  ...
# Subtest: radar theme exposes tactical palette and mobile layout rules
ok 264 - radar theme exposes tactical palette and mobile layout rules
  ---
  duration_ms: 1.698102
  type: 'test'
  ...
# Subtest: combat and road renderers use radar glyphs and glow rather than emoji labels
ok 265 - combat and road renderers use radar glyphs and glow rather than emoji labels
  ---
  duration_ms: 3.405857
  type: 'test'
  ...
# Subtest: radar canvas layers render with a minimal canvas context
ok 266 - radar canvas layers render with a minimal canvas context
  ---
  duration_ms: 2.807199
  type: 'test'
  ...
# Subtest: playing footer stays clear of the combat toolbar
ok 267 - playing footer stays clear of the combat toolbar
  ---
  duration_ms: 1.25588
  type: 'test'
  ...
# Subtest: radar preferences apply defaults and cycle without game state
ok 268 - radar preferences apply defaults and cycle without game state
  ---
  duration_ms: 1.299888
  type: 'test'
  ...
# Subtest: bootstrap imports RadarPreferences before constructing it
ok 269 - bootstrap imports RadarPreferences before constructing it
  ---
  duration_ms: 7.628729
  type: 'test'
  ...
# Subtest: touch devices default to the power-saving radar profile
ok 270 - touch devices default to the power-saving radar profile
  ---
  duration_ms: 0.373074
  type: 'test'
  ...
# Subtest: destroying an enemy base creates one persistent recovery item at the destroyed base
ok 271 - destroying an enemy base creates one persistent recovery item at the destroyed base
  ---
  duration_ms: 2.247193
  type: 'test'
  ...
# Subtest: recovery requires the player to be within the physical collection range
ok 272 - recovery requires the player to be within the physical collection range
  ---
  duration_ms: 0.498773
  type: 'test'
  ...
# Subtest: recovery rejects stale or inaccurate geolocation even at the item position
ok 273 - recovery rejects stale or inaccurate geolocation even at the item position
  ---
  duration_ms: 0.286004
  type: 'test'
  ...
# Subtest: manual collection requires five seconds in range, grants once and removes the recovered item
ok 274 - manual collection requires five seconds in range, grants once and removes the recovered item
  ---
  duration_ms: 0.909846
  type: 'test'
  ...
# Subtest: leaving the collection radius cancels progress without removing the item
ok 275 - leaving the collection radius cancels progress without removing the item
  ---
  duration_ms: 0.430256
  type: 'test'
  ...
# Subtest: uncollected recovery items survive save and restore while live location freshness does not
ok 276 - uncollected recovery items survive save and restore while live location freshness does not
  ---
  duration_ms: 1.363754
  type: 'test'
  ...
# Subtest: refactor schema 1 scrap is migrated into canonical resources
ok 277 - refactor schema 1 scrap is migrated into canonical resources
  ---
  duration_ms: 2.173168
  type: 'test'
  ...
# Subtest: retrieval squad is deliberately weak and works from major and field bases
ok 278 - retrieval squad is deliberately weak and works from major and field bases
  ---
  duration_ms: 0.797586
  type: 'test'
  ...
# Subtest: dispatch reserves a recovery item and preview does not mutate it
ok 279 - dispatch reserves a recovery item and preview does not mutate it
  ---
  duration_ms: 2.829107
  type: 'test'
  ...
# Subtest: retrieval squad collects for eight seconds and grants the artifact only after returning
ok 280 - retrieval squad collects for eight seconds and grants the artifact only after returning
  ---
  duration_ms: 3.177078
  type: 'test'
  ...
# Subtest: destroying a squad before pickup releases the item at its original location
ok 281 - destroying a squad before pickup releases the item at its original location
  ---
  duration_ms: 0.514854
  type: 'test'
  ...
# Subtest: destroying a squad while carrying drops the item at the destruction point
ok 282 - destroying a squad while carrying drops the item at the destruction point
  ---
  duration_ms: 1.363798
  type: 'test'
  ...
# Subtest: withdrawing before pickup abandons the recovery mission and releases the item
ok 283 - withdrawing before pickup abandons the recovery mission and releases the item
  ---
  duration_ms: 0.678842
  type: 'test'
  ...
# Subtest: field bases can deploy and reorganize retrieval squads
ok 284 - field bases can deploy and reorganize retrieval squads
  ---
  duration_ms: 1.993219
  type: 'test'
  ...
# Subtest: reserved recovery mission survives save and restore without exposing exact live location data
ok 285 - reserved recovery mission survives save and restore without exposing exact live location data
  ---
  duration_ms: 1.935254
  type: 'test'
  ...
# Subtest: manual collection in progress blocks deployment without consuming resources or changing a ready squad
ok 286 - manual collection in progress blocks deployment without consuming resources or changing a ready squad
  ---
  duration_ms: 0.738881
  type: 'test'
  ...
# Subtest: orphaned reservations become available again after squad data is lost
ok 287 - orphaned reservations become available again after squad data is lost
  ---
  duration_ms: 0.676244
  type: 'test'
  ...
# Subtest: a real heavy enemy quickly destroys the weak retrieval squad and releases its reservation
ok 288 - a real heavy enemy quickly destroys the weak retrieval squad and releases its reservation
  ---
  duration_ms: 1.720302
  type: 'test'
  ...
# Subtest: remote retrieval completes under active, peripheral, and dormant regional intervals
ok 289 - remote retrieval completes under active, peripheral, and dormant regional intervals
  ---
  duration_ms: 21.724175
  type: 'test'
  ...
# Subtest: world chunks use deterministic grid ids and reversible centers
ok 290 - world chunks use deterministic grid ids and reversible centers
  ---
  duration_ms: 1.805753
  type: 'test'
  ...
# Subtest: initial chunk state does not assume that the cleaned initial graph fully covers surrounding chunks
ok 291 - initial chunk state does not assume that the cleaned initial graph fully covers surrounding chunks
  ---
  duration_ms: 0.245994
  type: 'test'
  ...
# Subtest: graph merge preserves existing ids, joins nearby endpoints and removes duplicate edges
ok 292 - graph merge preserves existing ids, joins nearby endpoints and removes duplicate edges
  ---
  duration_ms: 1.471456
  type: 'test'
  ...
# Subtest: chunk cache isolates worlds and can remove one world
ok 293 - chunk cache isolates worlds and can remove one world
  ---
  duration_ms: 0.306715
  type: 'test'
  ...
# Subtest: RoadService chunk acquisition projects roads into the original world coordinate system
ok 294 - RoadService chunk acquisition projects roads into the original world coordinate system
  ---
  duration_ms: 8.100193
  type: 'test'
  ...
# Subtest: parallel carriageways with the same identity collapse into one gameplay road
ok 295 - parallel carriageways with the same identity collapse into one gameplay road
  ---
  duration_ms: 1.876519
  type: 'test'
  ...
# Subtest: nearby roads with different names remain separate
ok 296 - nearby roads with different names remain separate
  ---
  duration_ms: 0.214378
  type: 'test'
  ...
# Subtest: clustered intersections build a connected graph and combat route
ok 297 - clustered intersections build a connected graph and combat route
  ---
  duration_ms: 2.306097
  type: 'test'
  ...
# Subtest: one RoadService load performs one acquisition and produces indexed graph data
ok 298 - one RoadService load performs one acquisition and produces indexed graph data
  ---
  duration_ms: 14.943759
  type: 'test'
  ...
# Subtest: chunk prefetch only includes crossed or nearby grid edges
ok 299 - chunk prefetch only includes crossed or nearby grid edges
  ---
  duration_ms: 1.803649
  type: 'test'
  ...
# Subtest: manager merges a new chunk, records it and persists a compact cache entry
ok 300 - manager merges a new chunk, records it and persists a compact cache entry
  ---
  duration_ms: 4.16654
  type: 'test'
  ...
# Subtest: manager loads a cached chunk without calling the road server
ok 301 - manager loads a cached chunk without calling the road server
  ---
  duration_ms: 2.784096
  type: 'test'
  ...
# Subtest: failed acquisitions cool down without blocking unrelated nearby chunks
ok 302 - failed acquisitions cool down without blocking unrelated nearby chunks
  ---
  duration_ms: 9.258752
  type: 'test'
  ...
# Subtest: chunk centers remain based on the original world center
ok 303 - chunk centers remain based on the original world center
  ---
  duration_ms: 0.145847
  type: 'test'
  ...
# Subtest: legacy initial coverage is released while explicitly merged chunks remain confirmed
ok 304 - legacy initial coverage is released while explicitly merged chunks remain confirmed
  ---
  duration_ms: 0.472897
  type: 'test'
  ...
# Subtest: approaching a visible road endpoint queues forward chunks before the grid boundary
ok 305 - approaching a visible road endpoint queues forward chunks before the grid boundary
  ---
  duration_ms: 1.20582
  type: 'test'
  ...
# Subtest: movement lookahead queues the travel direction even before the player reaches a chunk edge
ok 306 - movement lookahead queues the travel direction even before the player reaches a chunk edge
  ---
  duration_ms: 0.833371
  type: 'test'
  ...
# Subtest: frontier failures retry after the shorter movement cooldown
ok 307 - frontier failures retry after the shorter movement cooldown
  ---
  duration_ms: 1.147602
  type: 'test'
  ...
# Subtest: an internal cul-de-sac does not masquerade as the outer road frontier
ok 308 - an internal cul-de-sac does not masquerade as the outer road frontier
  ---
  duration_ms: 1.311542
  type: 'test'
  ...
# Subtest: lookahead road chunks remain hidden until the player physically enters them
ok 309 - lookahead road chunks remain hidden until the player physically enters them
  ---
  duration_ms: 1.213491
  type: 'test'
  ...
# Subtest: road-frontier movement completes acquisition and merges the new road into the live map
ok 310 - road-frontier movement completes acquisition and merges the new road into the live map
  ---
  duration_ms: 10.160832
  type: 'test'
  ...
# Subtest: aborting road acquisition prevents a late response from repopulating reset state
ok 311 - aborting road acquisition prevents a late response from repopulating reset state
  ---
  duration_ms: 2.369626
  type: 'test'
  ...
# Subtest: save data remains JSON and graph indexes are reconstructed after load
ok 312 - save data remains JSON and graph indexes are reconstructed after load
  ---
  duration_ms: 3.106224
  type: 'test'
  ...
# Subtest: v0.19 object-form road graphs remain loadable after compact saves are introduced
ok 313 - v0.19 object-form road graphs remain loadable after compact saves are introduced
  ---
  duration_ms: 0.423629
  type: 'test'
  ...
# Subtest: detached-state save consumes one caller-owned snapshot without mutating the live source state
ok 314 - detached-state save consumes one caller-owned snapshot without mutating the live source state
  ---
  duration_ms: 0.540997
  type: 'test'
  ...
# Subtest: lifecycle follows the new startup sequence
ok 315 - lifecycle follows the new startup sequence
  ---
  duration_ms: 2.031971
  type: 'test'
  ...
# Subtest: invalid transition is rejected
ok 316 - invalid transition is rejected
  ---
  duration_ms: 0.502846
  type: 'test'
  ...
# Subtest: state snapshots cannot mutate the store
ok 317 - state snapshots cannot mutate the store
  ---
  duration_ms: 0.384621
  type: 'test'
  ...
# Subtest: failed transactions leave the committed state untouched
ok 318 - failed transactions leave the committed state untouched
  ---
  duration_ms: 2.063682
  type: 'test'
  ...
# Subtest: mutator exceptions roll back state and buffered domain events
ok 319 - mutator exceptions roll back state and buffered domain events
  ---
  duration_ms: 0.332985
  type: 'test'
  ...
# Subtest: read returns detached object values and old mutation APIs are absent
ok 320 - read returns detached object values and old mutation APIs are absent
  ---
  duration_ms: 0.165258
  type: 'test'
  ...
# Subtest: asynchronous mutators are rejected before they can commit a draft
ok 321 - asynchronous mutators are rejected before they can commit a draft
  ---
  duration_ms: 0.289616
  type: 'test'
  ...
# Subtest: listener failures are isolated after a successful committed transaction
ok 322 - listener failures are isolated after a successful committed transaction
  ---
  duration_ms: 0.324688
  type: 'test'
  ...
# Subtest: source contains no legacy function override pattern or duplicate fetchRoadGraph
ok 323 - source contains no legacy function override pattern or duplicate fetchRoadGraph
  ---
  duration_ms: 67.755234
  type: 'test'
  ...
# Subtest: repair relay remains available as a build tool
ok 324 - repair relay remains available as a build tool
  ---
  duration_ms: 1.931052
  type: 'test'
  ...
# Subtest: survey facility is a civilization level 1 tower with approved tier progression
ok 325 - survey facility is a civilization level 1 tower with approved tier progression
  ---
  duration_ms: 2.10757
  type: 'test'
  ...
# Subtest: survey facility cannot be built before civilization level 1 or from the player-only build zone
ok 326 - survey facility cannot be built before civilization level 1 or from the player-only build zone
  ---
  duration_ms: 1.90345
  type: 'test'
  ...
# Subtest: each owned base can operate only one active survey facility
ok 327 - each owned base can operate only one active survey facility
  ---
  duration_ms: 1.109248
  type: 'test'
  ...
# Subtest: survey candidate selection expands one adjacent unloaded chunk inside the tier radius
ok 328 - survey candidate selection expands one adjacent unloaded chunk inside the tier radius
  ---
  duration_ms: 8.937451
  type: 'test'
  ...
# Subtest: survey-loaded roads are recorded separately from physically observed regions
ok 329 - survey-loaded roads are recorded separately from physically observed regions
  ---
  duration_ms: 3.77588
  type: 'test'
  ...
# Subtest: remote survey does not reveal exact frontier sources or ambient exploration sites
ok 330 - remote survey does not reveal exact frontier sources or ambient exploration sites
  ---
  duration_ms: 1.028449
  type: 'test'
  ...
# Subtest: entering a surveyed chunk promotes it to physical observation and reveals local content
ok 331 - entering a surveyed chunk promotes it to physical observation and reveals local content
  ---
  duration_ms: 2.522476
  type: 'test'
  ...
# Subtest: survey scheduler serializes facilities and enforces a global real-time cooldown
ok 332 - survey scheduler serializes facilities and enforces a global real-time cooldown
  ---
  duration_ms: 4.098584
  type: 'test'
  ...
# Subtest: survey status reports radius, cadence and remaining expansion work
ok 333 - survey status reports radius, cadence and remaining expansion work
  ---
  duration_ms: 0.697765
  type: 'test'
  ...
# Subtest: survey tower upgrade remains gated by the matching civilization level
ok 334 - survey tower upgrade remains gated by the matching civilization level
  ---
  duration_ms: 0.753983
  type: 'test'
  ...
# Subtest: a survey facility anchored to a destroyed simple base stops operating until the base is rebuilt
ok 335 - a survey facility anchored to a destroyed simple base stops operating until the base is rebuilt
  ---
  duration_ms: 0.386901
  type: 'test'
  ...
# Subtest: survey-only road chunks do not receive exact enemy bases before physical observation
ok 336 - survey-only road chunks do not receive exact enemy bases before physical observation
  ---
  duration_ms: 1.446678
  type: 'test'
  ...
# Subtest: survey progress and physical-observation boundaries survive save and restore
ok 337 - survey progress and physical-observation boundaries survive save and restore
  ---
  duration_ms: 1.153285
  type: 'test'
  ...
# Subtest: resource outpost runtime is completely removed while legacy saves are safely stripped
ok 338 - resource outpost runtime is completely removed while legacy saves are safely stripped
  ---
  duration_ms: 9.830501
  type: 'test'
  ...
# Subtest: resource-camp capture rewards cover the mandatory ore gates of later civilization projects
ok 339 - resource-camp capture rewards cover the mandatory ore gates of later civilization projects
  ---
  duration_ms: 0.229349
  type: 'test'
  ...
# Subtest: project-only trial bronze goes directly to the active project and cannot be overproduced
ok 340 - project-only trial bronze goes directly to the active project and cannot be overproduced
  ---
  duration_ms: 1.471844
  type: 'test'
  ...
# Subtest: actual smelting chains turn scheduled resource-camp rewards into the mandatory bronze and iron progression totals
ok 341 - actual smelting chains turn scheduled resource-camp rewards into the mandatory bronze and iron progression totals
  ---
  duration_ms: 4.082291
  type: 'test'
  ...
# Subtest: wave doctrine changes actual routing and resource-base composition rather than only the label
ok 342 - wave doctrine changes actual routing and resource-base composition rather than only the label
  ---
  duration_ms: 4.913451
  type: 'test'
  ...
# Subtest: upgraded tower ranges affect evasive route selection
ok 343 - upgraded tower ranges affect evasive route selection
  ---
  duration_ms: 0.802379
  type: 'test'
  ...
# Subtest: shield tiers use their declared protection values and new enemies use correct friendly matchups
ok 344 - shield tiers use their declared protection values and new enemies use correct friendly matchups
  ---
  duration_ms: 0.760257
  type: 'test'
  ...
# Subtest: hunters abandon squads outside their pursuit radius
ok 345 - hunters abandon squads outside their pursuit radius
  ---
  duration_ms: 1.66644
  type: 'test'
  ...
# Subtest: additional major bases are real attack targets, can be destroyed, persist, and rebuild on site
ok 346 - additional major bases are real attack targets, can be destroyed, persist, and rebuild on site
  ---
  duration_ms: 1.527442
  type: 'test'
  ...
# Subtest: spawned and legacy-loaded enemies retain their defined visual radius and field-base UI lists retrieval units
ok 347 - spawned and legacy-loaded enemies retain their defined visual radius and field-base UI lists retrieval units
  ---
  duration_ms: 4.589826
  type: 'test'
  ...
# Subtest: destroyed major-base ruins still occupy their slot and block overlapping replacement placement
ok 348 - destroyed major-base ruins still occupy their slot and block overlapping replacement placement
  ---
  duration_ms: 0.875506
  type: 'test'
  ...
# Subtest: only one tab owns the synchronous storage lease
ok 349 - only one tab owns the synchronous storage lease
  ---
  duration_ms: 0.946682
  type: 'test'
  ...
# Subtest: broadcast fallback elects one primary tab when storage is unavailable
ok 350 - broadcast fallback elects one primary tab when storage is unavailable
  ---
  duration_ms: 0.704754
  type: 'test'
  ...
# Subtest: remaining route distance accounts for current edge progress
ok 351 - remaining route distance accounts for current edge progress
  ---
  duration_ms: 0.766627
  type: 'test'
  ...
# Subtest: threat level escalates from contact to critical
ok 352 - threat level escalates from contact to critical
  ---
  duration_ms: 0.371527
  type: 'test'
  ...
# Subtest: clear threat reports stable defense line
ok 353 - clear threat reports stable defense line
  ---
  duration_ms: 0.196956
  type: 'test'
  ...
# Subtest: tactical routes and focus render with a minimal canvas context
ok 354 - tactical routes and focus render with a minimal canvas context
  ---
  duration_ms: 6.126981
  type: 'test'
  ...
# Subtest: selected enemy base no longer renders a misleading player capture radius
ok 355 - selected enemy base no longer renders a misleading player capture radius
  ---
  duration_ms: 1.691056
  type: 'test'
  ...
# Subtest: HUD and modal CSS do not use unreadably small explicit type
ok 356 - HUD and modal CSS do not use unreadably small explicit type
  ---
  duration_ms: 6.470659
  type: 'test'
  ...
# Subtest: Canvas labels retain a readable minimum without changing world scale
ok 357 - Canvas labels retain a readable minimum without changing world scale
  ---
  duration_ms: 5.882336
  type: 'test'
  ...
# Subtest: larger tool labels receive matching control height and context clearance
ok 358 - larger tool labels receive matching control height and context clearance
  ---
  duration_ms: 1.392965
  type: 'test'
  ...
# Subtest: opening command, civilization and deployment UI does not mutate committed game state
ok 359 - opening command, civilization and deployment UI does not mutate committed game state
  ---
  duration_ms: 9.019346
  type: 'test'
  ...
# Subtest: periodic HUD refresh shares one detached state snapshot across all UI panels
ok 360 - periodic HUD refresh shares one detached state snapshot across all UI panels
  ---
  duration_ms: 4.280702
  type: 'test'
  ...
# Subtest: ruined facilities keep occupying their road location until repaired or removed
ok 361 - ruined facilities keep occupying their road location until repaired or removed
  ---
  duration_ms: 2.425978
  type: 'test'
  ...
# Subtest: HUD uses a content-sized resource strip and explains headquarters durability
ok 362 - HUD uses a content-sized resource strip and explains headquarters durability
  ---
  duration_ms: 5.339053
  type: 'test'
  ...
# Subtest: destroyed defenses remain visible and map markers use the canonical facility icon
ok 363 - destroyed defenses remain visible and map markers use the canonical facility icon
  ---
  duration_ms: 1.175614
  type: 'test'
  ...
# Subtest: top summary exposes repair demand prominently
ok 364 - top summary exposes repair demand prominently
  ---
  duration_ms: 3.107036
  type: 'test'
  ...
# Subtest: legacy overlapping facilities select the active facility first and allow cycling to the ruin
ok 365 - legacy overlapping facilities select the active facility first and allow cycling to the ruin
  ---
  duration_ms: 0.63263
  type: 'test'
  ...
# Subtest: a fully destroyed wave increments perfect defense streak exactly once
ok 366 - a fully destroyed wave increments perfect defense streak exactly once
  ---
  duration_ms: 3.515953
  type: 'test'
  ...
# Subtest: enemy-base guard launches once and does not count as a perfect defense wave
ok 367 - enemy-base guard launches once and does not count as a perfect defense wave
  ---
  duration_ms: 1.257554
  type: 'test'
  ...
# Subtest: civilization level creates resource bases without duplicating them
ok 368 - civilization level creates resource bases without duplicating them
  ---
  duration_ms: 8.637971
  type: 'test'
  ...
# Subtest: initial base placement excludes civilization resource bases
ok 369 - initial base placement excludes civilization resource bases
  ---
  duration_ms: 11.61079
  type: 'test'
  ...
# Subtest: destroyed base waits for its respawn timer and then reappears elsewhere
ok 370 - destroyed base waits for its respawn timer and then reappears elsewhere
  ---
  duration_ms: 1.114754
  type: 'test'
  ...
# Subtest: initial enemy bases spread across independent road fronts when the graph permits it
ok 371 - initial enemy bases spread across independent road fronts when the graph permits it
  ---
  duration_ms: 1.020607
  type: 'test'
  ...
# Subtest: stacked initial enemy bases receive progressively longer opening delays on a one-front road
ok 372 - stacked initial enemy bases receive progressively longer opening delays on a one-front road
  ---
  duration_ms: 1.01491
  type: 'test'
  ...
# Subtest: region activity follows the nearest city or player anchor
ok 373 - region activity follows the nearest city or player anchor
  ---
  duration_ms: 2.072685
  type: 'test'
  ...
# Subtest: regional clocks only release peripheral and dormant simulation at their intervals
ok 374 - regional clocks only release peripheral and dormant simulation at their intervals
  ---
  duration_ms: 1.280077
  type: 'test'
  ...
# Subtest: dormant enemies and facilities advance only when the remote interval is due
ok 375 - dormant enemies and facilities advance only when the remote interval is due
  ---
  duration_ms: 7.406919
  type: 'test'
  ...
# Subtest: road graph spatial index excludes distant roads from local queries
ok 376 - road graph spatial index excludes distant roads from local queries
  ---
  duration_ms: 1.019205
  type: 'test'
  ...
# Subtest: expanded road graphs use compact save encoding and restore gameplay fields
ok 377 - expanded road graphs use compact save encoding and restore gameplay fields
  ---
  duration_ms: 3.873475
  type: 'test'
  ...
1..377
# tests 377
# suites 0
# pass 377
# fail 0
# cancelled 0
# skipped 0
# todo 0
# duration_ms 12217.987519
