FRONTLINE ROADS v0.31.3 SERIAL REGRESSION — BATCH 1/2
TAP version 13
# Subtest: HTML references only existing local app resources and required controls exist
ok 1 - HTML references only existing local app resources and required controls exist
  ---
  duration_ms: 19.42007
  type: 'test'
  ...
# Subtest: every required DOM id used by bootstrap exists in HTML
ok 2 - every required DOM id used by bootstrap exists in HTML
  ---
  duration_ms: 14.560557
  type: 'test'
  ...
# Subtest: service worker app shell contains every runtime source file and all paths exist
ok 3 - service worker app shell contains every runtime source file and all paths exist
  ---
  duration_ms: 43.445587
  type: 'test'
  ...
# Subtest: development tree has no premature single-HTML build output
ok 4 - development tree has no premature single-HTML build output
  ---
  duration_ms: 2.448971
  type: 'test'
  ...
# Subtest: service worker only deletes FRONTLINE ROADS caches
ok 5 - service worker only deletes FRONTLINE ROADS caches
  ---
  duration_ms: 3.280779
  type: 'test'
  ...
# Subtest: service worker falls back to HTML only for navigation requests
ok 6 - service worker falls back to HTML only for navigation requests
  ---
  duration_ms: 3.043294
  type: 'test'
  ...
# Subtest: release version is synchronized across package, runtime label, HTML loader and service-worker cache
ok 7 - release version is synchronized across package, runtime label, HTML loader and service-worker cache
  ---
  duration_ms: 7.8089
  type: 'test'
  ...
# Subtest: asset startup does not delete caches or unregister service workers before boot
ok 8 - asset startup does not delete caches or unregister service workers before boot
  ---
  duration_ms: 2.577572
  type: 'test'
  ...
# Subtest: GitHub Pages package includes no-Jekyll markers and the legacy fr redirect
ok 9 - GitHub Pages package includes no-Jekyll markers and the legacy fr redirect
  ---
  duration_ms: 5.160226
  type: 'test'
  ...
# Subtest: obsolete top alert frame is absent from the play HUD
ok 10 - obsolete top alert frame is absent from the play HUD
  ---
  duration_ms: 3.794599
  type: 'test'
  ...
# Subtest: storage denial is detected without crashing construction
ok 11 - storage denial is detected without crashing construction
  ---
  duration_ms: 2.12011
  type: 'test'
  ...
# Subtest: invalid shallow save is quarantined instead of bricking startup
ok 12 - invalid shallow save is quarantined instead of bricking startup
  ---
  duration_ms: 2.066682
  type: 'test'
  ...
# Subtest: saved game removes exact position history and rounds map origin
ok 13 - saved game removes exact position history and rounds map origin
  ---
  duration_ms: 3.920791
  type: 'test'
  ...
# Subtest: state validation rejects malformed saved road graph
ok 14 - state validation rejects malformed saved road graph
  ---
  duration_ms: 0.624488
  type: 'test'
  ...
# Subtest: stone gate conversion cannot be used before civilization level 2
ok 15 - stone gate conversion cannot be used before civilization level 2
  ---
  duration_ms: 1.203781
  type: 'test'
  ...
# Subtest: path invalidation waits for the current edge instead of teleporting backward
ok 16 - path invalidation waits for the current edge instead of teleporting backward
  ---
  duration_ms: 2.690533
  type: 'test'
  ...
# Subtest: grade-separated endpoints are not merged into one intersection
ok 17 - grade-separated endpoints are not merged into one intersection
  ---
  duration_ms: 2.234819
  type: 'test'
  ...
# Subtest: long OSM geometry is subdivided rather than discarded
ok 18 - long OSM geometry is subdivided rather than discarded
  ---
  duration_ms: 3.200303
  type: 'test'
  ...
# Subtest: complete reset clears current, legacy, and backup save keys
ok 19 - complete reset clears current, legacy, and backup save keys
  ---
  duration_ms: 0.912354
  type: 'test'
  ...
# Subtest: production source only enables dev fixture on local or explicit test origins
ok 20 - production source only enables dev fixture on local or explicit test origins
  ---
  duration_ms: 21.831931
  type: 'test'
  ...
# Subtest: development fixture disables browser JSONP and uses injected road data
ok 21 - development fixture disables browser JSONP and uses injected road data
  ---
  duration_ms: 4.312086
  type: 'test'
  ...
# Subtest: tier-zero area and slow defenses use the approved restrained values
ok 22 - tier-zero area and slow defenses use the approved restrained values
  ---
  duration_ms: 2.749426
  type: 'test'
  ...
# Subtest: area defense applies full damage to one target, reduced splash and a hard target cap
ok 23 - area defense applies full damage to one target, reduced splash and a hard target cap
  ---
  duration_ms: 3.660918
  type: 'test'
  ...
# Subtest: slow defense affects only the nearest approved number of targets
ok 24 - slow defense affects only the nearest approved number of targets
  ---
  duration_ms: 0.990618
  type: 'test'
  ...
# Subtest: enemy base growth follows age thresholds and civilization caps
ok 25 - enemy base growth follows age thresholds and civilization caps
  ---
  duration_ms: 0.553962
  type: 'test'
  ...
# Subtest: enemy level multipliers scale durability, attack and speed without runaway speed growth
ok 26 - enemy level multipliers scale durability, attack and speed without runaway speed growth
  ---
  duration_ms: 0.59078
  type: 'test'
  ...
# Subtest: spawned enemies retain the source base level and scaled HP for their lifetime
ok 27 - spawned enemies retain the source base level and scaled HP for their lifetime
  ---
  duration_ms: 1.381307
  type: 'test'
  ...
# Subtest: enemy base levels add exactly one unit per level
ok 28 - enemy base levels add exactly one unit per level
  ---
  duration_ms: 1.957929
  type: 'test'
  ...
# Subtest: new civilization enemy generations phase in at 15, 30, 45 and 60 minutes
ok 29 - new civilization enemy generations phase in at 15, 30, 45 and 60 minutes
  ---
  duration_ms: 0.599888
  type: 'test'
  ...
# Subtest: higher enemy base levels increase pressure gradually rather than all at once
ok 30 - higher enemy base levels increase pressure gradually rather than all at once
  ---
  duration_ms: 1.0658
  type: 'test'
  ...
# Subtest: a level-two mixed wave now reaches a city defended only by tier-zero area and slow facilities
ok 31 - a level-two mixed wave now reaches a city defended only by tier-zero area and slow facilities
  ---
  duration_ms: 32.309847
  type: 'test'
  ...
# Subtest: a heavier level-two formation creates meaningful pressure without instantly defeating the city
ok 32 - a heavier level-two formation creates meaningful pressure without instantly defeating the city
  ---
  duration_ms: 22.632876
  type: 'test'
  ...
# Subtest: enemy base level increases emit one visible threat notification
ok 33 - enemy base level increases emit one visible threat notification
  ---
  duration_ms: 2.667319
  type: 'test'
  ...
# Subtest: enemy individual level and scaled HP survive save and restore
ok 34 - enemy individual level and scaled HP survive save and restore
  ---
  duration_ms: 69.793222
  type: 'test'
  ...
# Subtest: a new civilization generation keeps the previous generation during its opening grace window
ok 35 - a new civilization generation keeps the previous generation during its opening grace window
  ---
  duration_ms: 1.202998
  type: 'test'
  ...
# Subtest: enemy system applies the spawned enemy level to movement and city damage
ok 36 - enemy system applies the spawned enemy level to movement and city damage
  ---
  duration_ms: 0.650661
  type: 'test'
  ...
# Subtest: base command panel summarizes remote threats, facilities, squads and recoveries
ok 37 - base command panel summarizes remote threats, facilities, squads and recoveries
  ---
  duration_ms: 4.578468
  type: 'test'
  ...
# Subtest: base command UI lists all bases and switches the map camera without moving the player
ok 38 - base command UI lists all bases and switches the map camera without moving the player
  ---
  duration_ms: 4.465053
  type: 'test'
  ...
# Subtest: base command UI establishes an unlocked base at the current road position
ok 39 - base command UI establishes an unlocked base at the current road position
  ---
  duration_ms: 2.107779
  type: 'test'
  ...
# Subtest: combat renderer includes a distinct marker for secondary player bases
ok 40 - combat renderer includes a distinct marker for secondary player bases
  ---
  duration_ms: 16.927063
  type: 'test'
  ...
# Subtest: base command UI lists simple bases separately and can focus or rebuild a destroyed one
ok 41 - base command UI lists simple bases separately and can focus or rebuild a destroyed one
  ---
  duration_ms: 5.166186
  type: 'test'
  ...
# Subtest: combat renderer includes a distinct marker for simple bases and ruins
ok 42 - combat renderer includes a distinct marker for simple bases and ruins
  ---
  duration_ms: 4.970835
  type: 'test'
  ...
# Subtest: selection snaps to the existing graph and creates a base without refetching
ok 43 - selection snaps to the existing graph and creates a base without refetching
  ---
  duration_ms: 3.305155
  type: 'test'
  ...
# Subtest: a tap outside the road tolerance is rejected
ok 44 - a tap outside the road tolerance is rejected
  ---
  duration_ms: 0.366548
  type: 'test'
  ...
# Subtest: base placement uses a dedicated map viewport instead of drawing behind controls
ok 45 - base placement uses a dedicated map viewport instead of drawing behind controls
  ---
  duration_ms: 14.182428
  type: 'test'
  ...
# Subtest: base placement screen keeps the canvas clip synchronized with the viewport
ok 46 - base placement screen keeps the canvas clip synchronized with the viewport
  ---
  duration_ms: 5.369102
  type: 'test'
  ...
# Subtest: renderer switches to a brighter static scene for base selection
ok 47 - renderer switches to a brighter static scene for base selection
  ---
  duration_ms: 7.66037
  type: 'test'
  ...
# Subtest: barrier highlighting is clipped to the build-radius portion of a road
ok 48 - barrier highlighting is clipped to the build-radius portion of a road
  ---
  duration_ms: 3.186473
  type: 'test'
  ...
# Subtest: build placement overlay draws valid sites, build radius and candidate effect radius
ok 49 - build placement overlay draws valid sites, build radius and candidate effect radius
  ---
  duration_ms: 2.279298
  type: 'test'
  ...
# Subtest: barrier overlay tolerates a minimal canvas implementation
ok 50 - barrier overlay tolerates a minimal canvas implementation
  ---
  duration_ms: 1.137911
  type: 'test'
  ...
# Subtest: renderer draws construction guidance after combat effects so candidates stay visible
ok 51 - renderer draws construction guidance after combat effects so candidates stay visible
  ---
  duration_ms: 20.772132
  type: 'test'
  ...
# Subtest: existing facilities do not expand construction beyond bases and the player
ok 52 - existing facilities do not expand construction beyond bases and the player
  ---
  duration_ms: 7.473724
  type: 'test'
  ...
# Subtest: previewing a candidate does not consume resources or create a defense
ok 53 - previewing a candidate does not consume resources or create a defense
  ---
  duration_ms: 2.154544
  type: 'test'
  ...
# Subtest: a confirmed candidate consumes resources exactly once and creates the selected defense
ok 54 - a confirmed candidate consumes resources exactly once and creates the selected defense
  ---
  duration_ms: 1.984103
  type: 'test'
  ...
# Subtest: a stale candidate is rejected without spending resources
ok 55 - a stale candidate is rejected without spending resources
  ---
  duration_ms: 1.180163
  type: 'test'
  ...
# Subtest: candidate confirmation rechecks resources that changed after preview
ok 56 - candidate confirmation rechecks resources that changed after preview
  ---
  duration_ms: 1.231991
  type: 'test'
  ...
# Subtest: barrier candidates retain the tapped road position and reject out-of-range points
ok 57 - barrier candidates retain the tapped road position and reject out-of-range points
  ---
  duration_ms: 1.165947
  type: 'test'
  ...
# Subtest: rebuilding a ruined placement at the same world time creates a distinct defense id
ok 58 - rebuilding a ruined placement at the same world time creates a distinct defense id
  ---
  duration_ms: 1.617136
  type: 'test'
  ...
# Subtest: preview skips an occupied nearest intersection when another valid intersection is within the tap tolerance
ok 59 - preview skips an occupied nearest intersection when another valid intersection is within the tap tolerance
  ---
  duration_ms: 0.756833
  type: 'test'
  ...
# Subtest: preview skips an occupied nearest road when another valid road is within the tap tolerance
ok 60 - preview skips an occupied nearest road when another valid road is within the tap tolerance
  ---
  duration_ms: 1.370617
  type: 'test'
  ...
# Subtest: player position creates a second build zone away from the home base
ok 61 - player position creates a second build zone away from the home base
  ---
  duration_ms: 1.273471
  type: 'test'
  ...
# Subtest: a current-location candidate is rejected if the player leaves its build zone before confirmation
ok 62 - a current-location candidate is rejected if the player leaves its build zone before confirmation
  ---
  duration_ms: 0.735473
  type: 'test'
  ...
# Subtest: overlapping home-base and player positions are represented as one build zone
ok 63 - overlapping home-base and player positions are represented as one build zone
  ---
  duration_ms: 0.574634
  type: 'test'
  ...
# Subtest: a remote facility stays outside the build zone until the player physically reaches it
ok 64 - a remote facility stays outside the build zone until the player physically reaches it
  ---
  duration_ms: 0.674748
  type: 'test'
  ...
# Subtest: removing a defense reopens its placement and invalidates enemy routes
ok 65 - removing a defense reopens its placement and invalidates enemy routes
  ---
  duration_ms: 1.020408
  type: 'test'
  ...
# Subtest: removing an unknown defense does not mutate the state
ok 66 - removing an unknown defense does not mutate the state
  ---
  duration_ms: 0.327462
  type: 'test'
  ...
# Subtest: inventory has one canonical resource store and preserves overflow
ok 67 - inventory has one canonical resource store and preserves overflow
  ---
  duration_ms: 7.396385
  type: 'test'
  ...
# Subtest: production reserves inputs once and completes through the civilization update
ok 68 - production reserves inputs once and completes through the civilization update
  ---
  duration_ms: 4.542243
  type: 'test'
  ...
# Subtest: removed resource outpost subsystem is absent from civilization runtime
ok 69 - removed resource outpost subsystem is absent from civilization runtime
  ---
  duration_ms: 0.480284
  type: 'test'
  ...
# Subtest: settlement damage ruins a building and disables its production
ok 70 - settlement damage ruins a building and disables its production
  ---
  duration_ms: 1.736869
  type: 'test'
  ...
# Subtest: production overflow stays in the building buffer until collection
ok 71 - production overflow stays in the building buffer until collection
  ---
  duration_ms: 1.400359
  type: 'test'
  ...
# Subtest: every civilization project uses implemented requirements and fits the unlocked settlement slots
ok 72 - every civilization project uses implemented requirements and fits the unlocked settlement slots
  ---
  duration_ms: 0.911696
  type: 'test'
  ...
# Subtest: map tap only selects a build candidate and confirmation performs the mutation
ok 73 - map tap only selects a build candidate and confirmation performs the mutation
  ---
  duration_ms: 115.976956
  type: 'test'
  ...
# Subtest: combat UI no longer calls immediate buildAt from map taps
ok 74 - combat UI no longer calls immediate buildAt from map taps
  ---
  duration_ms: 9.390754
  type: 'test'
  ...
# Subtest: an invalid second tap clears the previous candidate to prevent confirming the wrong location
ok 75 - an invalid second tap clears the previous candidate to prevent confirming the wrong location
  ---
  duration_ms: 4.218684
  type: 'test'
  ...
# Subtest: build confirmation is disabled while the selected facility is unaffordable
ok 76 - build confirmation is disabled while the selected facility is unaffordable
  ---
  duration_ms: 2.395781
  type: 'test'
  ...
# Subtest: context explanations are collapsed by default and metrics remain visible
ok 77 - context explanations are collapsed by default and metrics remain visible
  ---
  duration_ms: 1.495338
  type: 'test'
  ...
# Subtest: an opened context explanation remains open after the live HUD rerenders
ok 78 - an opened context explanation remains open after the live HUD rerenders
  ---
  duration_ms: 1.37406
  type: 'test'
  ...
# Subtest: context metrics use a fixed three-column grid to reduce panel height
ok 79 - context metrics use a fixed three-column grid to reduce panel height
  ---
  duration_ms: 8.650551
  type: 'test'
  ...
# Subtest: defense removal requires a second confirmation and then clears the selected facility
ok 80 - defense removal requires a second confirmation and then clears the selected facility
  ---
  duration_ms: 4.357943
  type: 'test'
  ...
# Subtest: tapping the selected facility again closes the compact context panel
ok 81 - tapping the selected facility again closes the compact context panel
  ---
  duration_ms: 2.444599
  type: 'test'
  ...
# Subtest: combat effect buffer is capped and prunes expired effects
ok 82 - combat effect buffer is capped and prunes expired effects
  ---
  duration_ms: 1.647641
  type: 'test'
  ...
# Subtest: event bus creates transient shot and city warning effects
ok 83 - event bus creates transient shot and city warning effects
  ---
  duration_ms: 7.166482
  type: 'test'
  ...
# Subtest: manual defense upgrade events create a visible pulse
ok 84 - manual defense upgrade events create a visible pulse
  ---
  duration_ms: 0.740186
  type: 'test'
  ...
# Subtest: barrier changes weighted enemy route without creating another graph
ok 85 - barrier changes weighted enemy route without creating another graph
  ---
  duration_ms: 5.571341
  type: 'test'
  ...
# Subtest: enemy position follows path direction rather than edge storage direction
ok 86 - enemy position follows path direction rather than edge storage direction
  ---
  duration_ms: 1.943005
  type: 'test'
  ...
# Subtest: build range is measured from established home base
ok 87 - build range is measured from established home base
  ---
  duration_ms: 3.928241
  type: 'test'
  ...
# Subtest: gun tower damages an enemy in range
ok 88 - gun tower damages an enemy in range
  ---
  duration_ms: 3.139762
  type: 'test'
  ...
# Subtest: enemy reaching the city deals damage and is removed
ok 89 - enemy reaching the city deals damage and is removed
  ---
  duration_ms: 2.188621
  type: 'test'
  ...
# Subtest: repair relay consumes resources and repairs only the most damaged target
ok 90 - repair relay consumes resources and repairs only the most damaged target
  ---
  duration_ms: 1.073717
  type: 'test'
  ...
# Subtest: city recovers after a quiet period and a large update only heals post-cooldown time
ok 91 - city recovers after a quiet period and a large update only heals post-cooldown time
  ---
  duration_ms: 105.533867
  type: 'test'
  ...
# Subtest: city defeat never creates negative resources and reports unpaid emergency recovery honestly
ok 92 - city defeat never creates negative resources and reports unpaid emergency recovery honestly
  ---
  duration_ms: 18.441027
  type: 'test'
  ...
# Subtest: civilization level raises major and field base squad capacity
ok 93 - civilization level raises major and field base squad capacity
  ---
  duration_ms: 2.996271
  type: 'test'
  ...
# Subtest: one major base can dispatch several squads until its civilization capacity is full
ok 94 - one major base can dispatch several squads until its civilization capacity is full
  ---
  duration_ms: 6.191724
  type: 'test'
  ...
# Subtest: recovering squads occupy only their own slot and do not block other free slots
ok 95 - recovering squads occupy only their own slot and do not block other free slots
  ---
  duration_ms: 1.716891
  type: 'test'
  ...
# Subtest: field bases also support multiple light squads according to civilization level
ok 96 - field bases also support multiple light squads according to civilization level
  ---
  duration_ms: 2.811479
  type: 'test'
  ...
# Subtest: every settlement building has a concise gameplay description
ok 97 - every settlement building has a concise gameplay description
  ---
  duration_ms: 0.861625
  type: 'test'
  ...
# Subtest: default resource HUD renders every owned resource as an independent chip
ok 98 - default resource HUD renders every owned resource as an independent chip
  ---
  duration_ms: 2.173845
  type: 'test'
  ...
# Subtest: resource HUD uses a non-overlapping scrollable two-row dock
ok 99 - resource HUD uses a non-overlapping scrollable two-row dock
  ---
  duration_ms: 22.800525
  type: 'test'
  ...
# Subtest: barrier has player-facing role, effect, placement and numeric metrics
ok 100 - barrier has player-facing role, effect, placement and numeric metrics
  ---
  duration_ms: 1.748941
  type: 'test'
  ...
# Subtest: gun has player-facing role, effect, placement and numeric metrics
ok 101 - gun has player-facing role, effect, placement and numeric metrics
  ---
  duration_ms: 0.863974
  type: 'test'
  ...
# Subtest: mortar has player-facing role, effect, placement and numeric metrics
ok 102 - mortar has player-facing role, effect, placement and numeric metrics
  ---
  duration_ms: 0.328926
  type: 'test'
  ...
# Subtest: slow has player-facing role, effect, placement and numeric metrics
ok 103 - slow has player-facing role, effect, placement and numeric metrics
  ---
  duration_ms: 0.251327
  type: 'test'
  ...
# Subtest: relay has player-facing role, effect, placement and numeric metrics
ok 104 - relay has player-facing role, effect, placement and numeric metrics
  ---
  duration_ms: 1.1491
  type: 'test'
  ...
# Subtest: all defense tiers define deterministic durability and sequential upgrade costs
ok 105 - all defense tiers define deterministic durability and sequential upgrade costs
  ---
  duration_ms: 2.211612
  type: 'test'
  ...
# Subtest: defense upgrades are sequential and locked to civilization level
ok 106 - defense upgrades are sequential and locked to civilization level
  ---
  duration_ms: 5.363356
  type: 'test'
  ...
# Subtest: upgrading preserves damage ratio instead of fully healing the facility
ok 107 - upgrading preserves damage ratio instead of fully healing the facility
  ---
  duration_ms: 1.877214
  type: 'test'
  ...
# Subtest: tier synchronization upgrades legacy durability without changing its health percentage
ok 108 - tier synchronization upgrades legacy durability without changing its health percentage
  ---
  duration_ms: 2.027508
  type: 'test'
  ...
# Subtest: destroyed and maximum-tier defenses cannot be upgraded
ok 109 - destroyed and maximum-tier defenses cannot be upgraded
  ---
  duration_ms: 0.760955
  type: 'test'
  ...
# Subtest: gate conversion starts at tier two and preserves the prior health ratio
ok 110 - gate conversion starts at tier two and preserves the prior health ratio
  ---
  duration_ms: 0.916198
  type: 'test'
  ...
# Subtest: combat UI keeps the normal facility panel compact and opens upgrade details only on demand
ok 111 - combat UI keeps the normal facility panel compact and opens upgrade details only on demand
  ---
  duration_ms: 63.646435
  type: 'test'
  ...
# Subtest: facility explanation replaces the metric view instead of stacking below it
ok 112 - facility explanation replaces the metric view instead of stacking below it
  ---
  duration_ms: 2.09358
  type: 'test'
  ...
# Subtest: civilization panel explains the current defense tier ceiling and next unlock
ok 113 - civilization panel explains the current defense tier ceiling and next unlock
  ---
  duration_ms: 15.139181
  type: 'test'
  ...
# Subtest: applying a tier uses the explicit durability table for every facility class
ok 114 - applying a tier uses the explicit durability table for every facility class
  ---
  duration_ms: 1.466717
  type: 'test'
  ...
# Subtest: upgraded attack statistics are used by live combat rather than only the UI
ok 115 - upgraded attack statistics are used by live combat rather than only the UI
  ---
  duration_ms: 2.879709
  type: 'test'
  ...
# Subtest: defense panel uses a compact capped layout with fixed visible actions
ok 116 - defense panel uses a compact capped layout with fixed visible actions
  ---
  duration_ms: 8.892169
  type: 'test'
  ...
# Subtest: asset loader starts with the current application-relative stylesheet
ok 117 - asset loader starts with the current application-relative stylesheet
  ---
  duration_ms: 16.161066
  type: 'test'
  ...
# Subtest: asset loader recovers a legacy fr path through the canonical frontline-roads directory
ok 118 - asset loader recovers a legacy fr path through the canonical frontline-roads directory
  ---
  duration_ms: 7.449988
  type: 'test'
  ...
# Subtest: top HUD no longer exposes a global deployment button
ok 119 - top HUD no longer exposes a global deployment button
  ---
  duration_ms: 10.184049
  type: 'test'
  ...
# Subtest: enemy-base deployment opens with the tapped target fixed
ok 120 - enemy-base deployment opens with the tapped target fixed
  ---
  duration_ms: 18.862356
  type: 'test'
  ...
# Subtest: recovery-item deployment keeps the selected item fixed and only offers retrieval squads
ok 121 - recovery-item deployment keeps the selected item fixed and only offers retrieval squads
  ---
  duration_ms: 1.646606
  type: 'test'
  ...
# Subtest: combat target context exposes direct deployment actions
ok 122 - combat target context exposes direct deployment actions
  ---
  duration_ms: 4.33064
  type: 'test'
  ...
# Subtest: combat renderer includes visible friendly squad markers
ok 123 - combat renderer includes visible friendly squad markers
  ---
  duration_ms: 3.937263
  type: 'test'
  ...
# Subtest: enemy types make different barrier decisions from break time and detour time
ok 124 - enemy types make different barrier decisions from break time and detour time
  ---
  duration_ms: 5.703414
  type: 'test'
  ...
# Subtest: balanced infantry breaches a weakened wall instead of taking a long detour
ok 125 - balanced infantry breaches a weakened wall instead of taking a long detour
  ---
  duration_ms: 0.880351
  type: 'test'
  ...
# Subtest: raider selects repair support before ordinary weapon towers
ok 126 - raider selects repair support before ordinary weapon towers
  ---
  duration_ms: 3.840211
  type: 'test'
  ...
# Subtest: rope cutter selects slowing equipment before repair support
ok 127 - rope cutter selects slowing equipment before repair support
  ---
  duration_ms: 1.345277
  type: 'test'
  ...
# Subtest: specialist damages its selected facility and invalidates shared targets when it is destroyed
ok 128 - specialist damages its selected facility and invalidates shared targets when it is destroyed
  ---
  duration_ms: 1.666888
  type: 'test'
  ...
# Subtest: a newly built priority facility requests rerouting without teleporting an enemy off its current road
ok 129 - a newly built priority facility requests rerouting without teleporting an enemy off its current road
  ---
  duration_ms: 3.434714
  type: 'test'
  ...
# Subtest: civilization generations contain expanded valid enemy variants with explicit personalities
ok 130 - civilization generations contain expanded valid enemy variants with explicit personalities
  ---
  duration_ms: 2.993959
  type: 'test'
  ...
# Subtest: flanking enemies choose a bounded longer side road while direct infantry uses the shortest road
ok 131 - flanking enemies choose a bounded longer side road while direct infantry uses the shortest road
  ---
  duration_ms: 5.713472
  type: 'test'
  ...
# Subtest: marauder personality prioritizes a field base over an equally reachable city
ok 132 - marauder personality prioritizes a field base over an equally reachable city
  ---
  duration_ms: 4.272934
  type: 'test'
  ...
# Subtest: squad hunter plans toward an active friendly squad and damages it after contact
ok 133 - squad hunter plans toward an active friendly squad and damages it after contact
  ---
  duration_ms: 1.977052
  type: 'test'
  ...
# Subtest: war drummer speed aura accelerates nearby allies without accelerating itself
ok 134 - war drummer speed aura accelerates nearby allies without accelerating itself
  ---
  duration_ms: 2.590894
  type: 'test'
  ...
# Subtest: civilization level four rotates doctrines and introduces the new generation across repeated waves
ok 135 - civilization level four rotates doctrines and introduces the new generation across repeated waves
  ---
  duration_ms: 9.040826
  type: 'test'
  ...
# Subtest: personality route and doctrine metadata survive the unchanged save schema
ok 136 - personality route and doctrine metadata survive the unchanged save schema
  ---
  duration_ms: 3.306312
  type: 'test'
  ...
# Subtest: loaded source chunk materializes a persistent enemy-source site
ok 137 - loaded source chunk materializes a persistent enemy-source site
  ---
  duration_ms: 8.928216
  type: 'test'
  ...
# Subtest: player can clear an enemy source on site and stop future frontier waves
ok 138 - player can clear an enemy source on site and stop future frontier waves
  ---
  duration_ms: 5.647973
  type: 'test'
  ...
# Subtest: enemy source interaction requires proximity and a clear local area
ok 139 - enemy source interaction requires proximity and a clear local area
  ---
  duration_ms: 1.627562
  type: 'test'
  ...
# Subtest: loaded chunks are processed once for deterministic ambient discoveries
ok 140 - loaded chunks are processed once for deterministic ambient discoveries
  ---
  duration_ms: 1.768798
  type: 'test'
  ...
# Subtest: exploration renderer draws active sites with a minimal canvas context
ok 141 - exploration renderer draws active sites with a minimal canvas context
  ---
  duration_ms: 1.222688
  type: 'test'
  ...
# Subtest: civilization level provides a separate simple-base limit
ok 142 - civilization level provides a separate simple-base limit
  ---
  duration_ms: 4.249803
  type: 'test'
  ...
# Subtest: simple-base placement requires civilization unlock, fresh GPS, road access and separation
ok 143 - simple-base placement requires civilization unlock, fresh GPS, road access and separation
  ---
  duration_ms: 3.708833
  type: 'test'
  ...
# Subtest: simple-base placement accepts a fresh stationary GPS fix and a road node within the wider placement radius
ok 144 - simple-base placement accepts a fresh stationary GPS fix and a road node within the wider placement radius
  ---
  duration_ms: 0.899796
  type: 'test'
  ...
# Subtest: simple bases require and consume the processed-resource cost for their slot
ok 145 - simple bases require and consume the processed-resource cost for their slot
  ---
  duration_ms: 2.776921
  type: 'test'
  ...
# Subtest: simple base has 40 HP and creates only a 50m construction anchor
ok 146 - simple base has 40 HP and creates only a 50m construction anchor
  ---
  duration_ms: 2.388393
  type: 'test'
  ...
# Subtest: current assault squad can deploy from an active simple base
ok 147 - current assault squad can deploy from an active simple base
  ---
  duration_ms: 2.389538
  type: 'test'
  ...
# Subtest: nearby enemies can destroy a simple base and remove its construction and deployment roles
ok 148 - nearby enemies can destroy a simple base and remove its construction and deployment roles
  ---
  duration_ms: 6.437151
  type: 'test'
  ...
# Subtest: destroyed simple base keeps its slot and can only be rebuilt at the site
ok 149 - destroyed simple base keeps its slot and can only be rebuilt at the site
  ---
  duration_ms: 1.831544
  type: 'test'
  ...
# Subtest: simple-base state survives save and restore without precise location metadata
ok 150 - simple-base state survives save and restore without precise location metadata
  ---
  duration_ms: 5.139814
  type: 'test'
  ...
# Subtest: level-four civilization progress counts active simple bases instead of obsolete outposts
ok 151 - level-four civilization progress counts active simple bases instead of obsolete outposts
  ---
  duration_ms: 2.046399
  type: 'test'
  ...
# Subtest: a distant simple base does not pull attackers away from a much nearer city
ok 152 - a distant simple base does not pull attackers away from a much nearer city
  ---
  duration_ms: 1.283424
  type: 'test'
  ...
# Subtest: standing at a simple base keeps the wider current-location construction zone
ok 153 - standing at a simple base keeps the wider current-location construction zone
  ---
  duration_ms: 1.27041
  type: 'test'
  ...
# Subtest: a major base cannot be placed on top of an active simple base
ok 154 - a major base cannot be placed on top of an active simple base
  ---
  duration_ms: 1.146323
  type: 'test'
  ...
# Subtest: a destroyed simple-base ruin still blocks overlapping major-base placement
ok 155 - a destroyed simple-base ruin still blocks overlapping major-base placement
  ---
  duration_ms: 0.707372
  type: 'test'
  ...
# Subtest: an active simple base anchors regional simulation but a destroyed one does not
ok 156 - an active simple base anchors regional simulation but a destroyed one does not
  ---
  duration_ms: 34.742868
  type: 'test'
  ...
# Subtest: an enemy chooses a nearby simple base when it is meaningfully closer than the city
ok 157 - an enemy chooses a nearby simple base when it is meaningfully closer than the city
  ---
  duration_ms: 1.301454
  type: 'test'
  ...
# Subtest: deployment preview is non-destructive and dispatch spends the assault cost once
ok 158 - deployment preview is non-destructive and dispatch spends the assault cost once
  ---
  duration_ms: 9.298104
  type: 'test'
  ...
# Subtest: friendly squad stops to fight enemies and both sides exchange damage
ok 159 - friendly squad stops to fight enemies and both sides exchange damage
  ---
  duration_ms: 8.39366
  type: 'test'
  ...
# Subtest: squad destroys an enemy base, schedules respawn and returns to its origin
ok 160 - squad destroys an enemy base, schedules respawn and returns to its origin
  ---
  duration_ms: 10.997341
  type: 'test'
  ...
# Subtest: friendly squads survive JSON save and restore without exact base coordinates
ok 161 - friendly squads survive JSON save and restore without exact base coordinates
  ---
  duration_ms: 3.324504
  type: 'test'
  ...
# Subtest: remote friendly squads only advance when the dormant regional interval is due
ok 162 - remote friendly squads only advance when the dormant regional interval is due
  ---
  duration_ms: 21.646575
  type: 'test'
  ...
# Subtest: friendly order overlay draws selectable nodes, routes, destination and waypoints on a minimal canvas
ok 163 - friendly order overlay draws selectable nodes, routes, destination and waypoints on a minimal canvas
  ---
  duration_ms: 7.287683
  type: 'test'
  ...
# Subtest: combat UI exposes stop, retreat, withdraw, resume and two-waypoint route planning
ok 164 - combat UI exposes stop, retreat, withdraw, resume and two-waypoint route planning
  ---
  duration_ms: 12.467767
  type: 'test'
  ...
# Subtest: renderer places squad order guidance above combat and construction layers
ok 165 - renderer places squad order guidance above combat and construction layers
  ---
  duration_ms: 4.809587
  type: 'test'
  ...
# Subtest: stop holds a squad at its exact road position while retaining the mission
ok 166 - stop holds a squad at its exact road position while retaining the mission
  ---
  duration_ms: 11.558766
  type: 'test'
  ...
# Subtest: route command issued mid-edge preserves position and joins the chosen route at the next intersection
ok 167 - route command issued mid-edge preserves position and joins the chosen route at the next intersection
  ---
  duration_ms: 1.964073
  type: 'test'
  ...
# Subtest: retreat reaches the selected node, stops there, and keeps the original attack mission
ok 168 - retreat reaches the selected node, stops there, and keeps the original attack mission
  ---
  duration_ms: 3.341811
  type: 'test'
  ...
# Subtest: withdraw abandons the mission and begins recovery only after it reaches the origin
ok 169 - withdraw abandons the mission and begins recovery only after it reaches the origin
  ---
  duration_ms: 4.381716
  type: 'test'
  ...
# Subtest: stopping a retreat preserves the retreat destination for route-selected resume
ok 170 - stopping a retreat preserves the retreat destination for route-selected resume
  ---
  duration_ms: 1.005003
  type: 'test'
  ...
# Subtest: retreat validation rejects a node closer to the hostile base and accepts an owned base behind the squad
ok 171 - retreat validation rejects a node closer to the hostile base and accepts an owned base behind the squad
  ---
  duration_ms: 1.275894
  type: 'test'
  ...
# Subtest: route planner exposes distinct shortest, enemy-avoidance and friendly-support choices when the road graph allows them
ok 172 - route planner exposes distinct shortest, enemy-avoidance and friendly-support choices when the road graph allows them
  ---
  duration_ms: 4.366776
  type: 'test'
  ...
# Subtest: waypoints force every generated route through the selected intersections
ok 173 - waypoints force every generated route through the selected intersections
  ---
  duration_ms: 1.565097
  type: 'test'
  ...
# Subtest: retreating through a newly encountered enemy does not grant invulnerability
ok 174 - retreating through a newly encountered enemy does not grant invulnerability
  ---
  duration_ms: 49.358611
  type: 'test'
  ...
# Subtest: friendly orders, selected route and history survive save and restore
ok 175 - friendly orders, selected route and history survive save and restore
  ---
  duration_ms: 4.377812
  type: 'test'
  ...
# Subtest: a rejected withdraw route leaves the original mission untouched
ok 176 - a rejected withdraw route leaves the original mission untouched
  ---
  duration_ms: 0.676566
  type: 'test'
  ...
# Subtest: route orders reject paths whose edges do not connect the declared node sequence
ok 177 - route orders reject paths whose edges do not connect the declared node sequence
  ---
  duration_ms: 0.415626
  type: 'test'
  ...
# Subtest: route estimates include the remaining distance on the squad current road segment
ok 178 - route estimates include the remaining distance on the squad current road segment
  ---
  duration_ms: 0.638164
  type: 'test'
  ...
# Subtest: a map tap near a displayed route selects that route instead of becoming a waypoint
ok 179 - a map tap near a displayed route selects that route instead of becoming a waypoint
  ---
  duration_ms: 1.447155
  type: 'test'
  ...
# Subtest: civilization level one unlocks treatment and field aid with the approved progression
ok 180 - civilization level one unlocks treatment and field aid with the approved progression
  ---
  duration_ms: 3.871238
  type: 'test'
  ...
# Subtest: major bases recover a returned squad to full health and keep it ready for redeployment
ok 181 - major bases recover a returned squad to full health and keep it ready for redeployment
  ---
  duration_ms: 4.461567
  type: 'test'
  ...
# Subtest: a treatment facility accelerates healing and reorganization at a major base
ok 182 - a treatment facility accelerates healing and reorganization at a major base
  ---
  duration_ms: 2.914434
  type: 'test'
  ...
# Subtest: a field base without an aid station reorganizes but does not heal a light squad
ok 183 - a field base without an aid station reorganizes but does not heal a light squad
  ---
  duration_ms: 1.891984
  type: 'test'
  ...
# Subtest: a field aid station heals assault and skirmisher squads up to seventy percent
ok 184 - a field aid station heals assault and skirmisher squads up to seventy percent
  ---
  duration_ms: 1.670483
  type: 'test'
  ...
# Subtest: field aid does not heal non-light squads if legacy data places one at a field base
ok 185 - field aid does not heal non-light squads if legacy data places one at a field base
  ---
  duration_ms: 1.324943
  type: 'test'
  ...
# Subtest: a recovering squad occupies one slot while another free slot remains usable
ok 186 - a recovering squad occupies one slot while another free slot remains usable
  ---
  duration_ms: 7.021899
  type: 'test'
  ...
# Subtest: selecting a different type replaces a ready garrison only when every squad slot is occupied
ok 187 - selecting a different type replaces a ready garrison only when every squad slot is occupied
  ---
  duration_ms: 1.821042
  type: 'test'
  ...
# Subtest: medical and field aid facilities are restricted to their matching base types and one slot each
ok 188 - medical and field aid facilities are restricted to their matching base types and one slot each
  ---
  duration_ms: 6.432331
  type: 'test'
  ...
# Subtest: destroying a treatment facility immediately falls back to natural base recovery
ok 189 - destroying a treatment facility immediately falls back to natural base recovery
  ---
  duration_ms: 1.349045
  type: 'test'
  ...
# Subtest: recovery state and progress survive save and restore
ok 190 - recovery state and progress survive save and restore
  ---
  duration_ms: 3.536339
  type: 'test'
  ...
# Subtest: a recovering squad evacuates to the nearest major base when its field base is destroyed
ok 191 - a recovering squad evacuates to the nearest major base when its field base is destroyed
  ---
  duration_ms: 8.381853
  type: 'test'
  ...
# Subtest: recovery and ready garrisons reject tactical movement orders
ok 192 - recovery and ready garrisons reject tactical movement orders
  ---
  duration_ms: 1.104591
  type: 'test'
  ...
# Subtest: treatment capacity queues excess squads without losing recovery state
ok 193 - treatment capacity queues excess squads without losing recovery state
  ---
  duration_ms: 0.59518
  type: 'test'
  ...
# Subtest: tier-three treatment facilities process two recovering squads at once
ok 194 - tier-three treatment facilities process two recovering squads at once
  ---
  duration_ms: 0.543803
  type: 'test'
  ...
# Subtest: friendly unit unlock levels and simple-base deployment restrictions are enforced
ok 195 - friendly unit unlock levels and simple-base deployment restrictions are enforced
  ---
  duration_ms: 8.24204
  type: 'test'
  ...
# Subtest: skirmisher damage strongly favors light enemies and is weak against armored enemies
ok 196 - skirmisher damage strongly favors light enemies and is weak against armored enemies
  ---
  duration_ms: 0.473616
  type: 'test'
  ...
# Subtest: siege squad damages enemy bases much faster than the assault squad
ok 197 - siege squad damages enemy bases much faster than the assault squad
  ---
  duration_ms: 9.069446
  type: 'test'
  ...
# Subtest: nearby heavy squad intercepts part of the damage aimed at another friendly squad
ok 198 - nearby heavy squad intercepts part of the damage aimed at another friendly squad
  ---
  duration_ms: 2.970072
  type: 'test'
  ...
# Subtest: expedition squad heals only after its non-combat recovery delay
ok 199 - expedition squad heals only after its non-combat recovery delay
  ---
  duration_ms: 1.070062
  type: 'test'
  ...
# Subtest: all friendly unit types preserve their identity and combat state through save and restore
ok 200 - all friendly unit types preserve their identity and combat state through save and restore
  ---
  duration_ms: 4.854187
  type: 'test'
  ...
# Subtest: skirmisher prioritizes a light specialist over a nearer ordinary infantry target
ok 201 - skirmisher prioritizes a light specialist over a nearer ordinary infantry target
  ---
  duration_ms: 2.893083
  type: 'test'
  ...
# Subtest: mixed friendly unit types remain valid through extended regional combat simulation
ok 202 - mixed friendly unit types remain valid through extended regional combat simulation
  ---
  duration_ms: 267.017804
  type: 'test'
  ...
# Subtest: dead-end roads at unexplored chunk borders become frontier candidates
ok 203 - dead-end roads at unexplored chunk borders become frontier candidates
  ---
  duration_ms: 3.61527
  type: 'test'
  ...
# Subtest: frontier source stays fixed while its entry point advances with map expansion
ok 204 - frontier source stays fixed while its entry point advances with map expansion
  ---
  duration_ms: 4.413432
  type: 'test'
  ...
# Subtest: frontier system launches enemies from a map-edge entry node
ok 205 - frontier system launches enemies from a map-edge entry node
  ---
  duration_ms: 3.033337
  type: 'test'
  ...
# Subtest: frontier identity is hidden until the signal is localized
ok 206 - frontier identity is hidden until the signal is localized
  ---
  duration_ms: 0.453587
  type: 'test'
  ...
# Subtest: frontier renderer tolerates a minimal canvas context
ok 207 - frontier renderer tolerates a minimal canvas context
  ---
  duration_ms: 1.755471
  type: 'test'
  ...
# Subtest: balanced opening reaches civilization level one without collapse on a line road network
ok 208 - balanced opening reaches civilization level one without collapse on a line road network
  ---
  duration_ms: 701.880334
  type: 'test'
  ...
# Subtest: balanced opening reaches civilization level one without collapse on a cross road network
ok 209 - balanced opening reaches civilization level one without collapse on a cross road network
  ---
  duration_ms: 431.747614
  type: 'test'
  ...
# Subtest: balanced opening reaches civilization level one without collapse on a grid road network
ok 210 - balanced opening reaches civilization level one without collapse on a grid road network
  ---
  duration_ms: 341.062788
  type: 'test'
  ...
# Subtest: attack-only opening can suppress the first bases but still causes material losses
ok 211 - attack-only opening can suppress the first bases but still causes material losses
  ---
  duration_ms: 567.905266
  type: 'test'
  ...
# Subtest: batch production queues 1, 5, 10 or the maximum without double-reserving inputs
ok 212 - batch production queues 1, 5, 10 or the maximum without double-reserving inputs
  ---
  duration_ms: 9.850071
  type: 'test'
  ...
# Subtest: project-only production caps queued units, starts the existing order, and cannot overshoot the target
ok 213 - project-only production caps queued units, starts the existing order, and cannot overshoot the target
  ---
  duration_ms: 1.649652
  type: 'test'
  ...
# Subtest: safe civilization contribution keeps the declared defense reserve while explicit full contribution may use it
ok 214 - safe civilization contribution keeps the declared defense reserve while explicit full contribution may use it
  ---
  duration_ms: 3.379962
  type: 'test'
  ...
# Subtest: coordinated deployment can use multiple slots from one base and synchronizes mixed squads to one arrival time
ok 215 - coordinated deployment can use multiple slots from one base and synchronizes mixed squads to one arrival time
  ---
  duration_ms: 10.757911
  type: 'test'
  ...
# Subtest: simple-base network diagnostic distinguishes sufficient and insufficient acquired roads
ok 216 - simple-base network diagnostic distinguishes sufficient and insufficient acquired roads
  ---
  duration_ms: 2.114345
  type: 'test'
  ...
# Subtest: listed barrier sites use an in-range projection and remain valid for construction on dense roads
ok 217 - listed barrier sites use an in-range projection and remain valid for construction on dense roads
  ---
  duration_ms: 2.589377
  type: 'test'
  ...
# Subtest: gameplay stabilization controls are present in UI source and field-base text includes retrieval squads
ok 218 - gameplay stabilization controls are present in UI source and field-base text includes retrieval squads
  ---
  duration_ms: 20.224805
  type: 'test'
  ...
# Subtest: source module graph has no circular dependencies
ok 219 - source module graph has no circular dependencies
  ---
  duration_ms: 172.249439
  type: 'test'
  ...
1..219
# tests 219
# suites 0
# pass 219
# fail 0
# cancelled 0
# skipped 0
# todo 0
# duration_ms 11847.70095

FRONTLINE ROADS v0.31.3 SERIAL REGRESSION — BATCH 2/2
TAP version 13
# Subtest: twelve-hour simulation remains bounded, serializable and within enemy cap
ok 1 - twelve-hour simulation remains bounded, serializable and within enemy cap
  ---
  duration_ms: 9453.399469
  type: 'test'
  ...
# Subtest: same state and elapsed time produce the same offline game result
ok 2 - same state and elapsed time produce the same offline game result
  ---
  duration_ms: 1880.29984
  type: 'test'
  ...
# Subtest: legacy save is converted once into the clean schema
ok 3 - legacy save is converted once into the clean schema
  ---
  duration_ms: 6.84465
  type: 'test'
  ...
# Subtest: tower reload preserves elapsed remainder and gives the same result at 20 Hz or one coarse update
ok 4 - tower reload preserves elapsed remainder and gives the same result at 20 Hz or one coarse update
  ---
  duration_ms: 8.395617
  type: 'test'
  ...
# Subtest: enemy departure delay and road-edge overflow are consumed in the same update
ok 5 - enemy departure delay and road-edge overflow are consumed in the same update
  ---
  duration_ms: 7.351277
  type: 'test'
  ...
# Subtest: offline 0.25-second simulation matches live 20 Hz for a deterministic defense interval
ok 6 - offline 0.25-second simulation matches live 20 Hz for a deterministic defense interval
  ---
  duration_ms: 138.750921
  type: 'test'
  ...
# Subtest: offline simulation is bounded and reports the applied duration
ok 7 - offline simulation is bounded and reports the applied duration
  ---
  duration_ms: 2.737559
  type: 'test'
  ...
# Subtest: offline simulation advances the canonical world clock
ok 8 - offline simulation advances the canonical world clock
  ---
  duration_ms: 0.84899
  type: 'test'
  ...
# Subtest: default endpoints use current public global instances
ok 9 - default endpoints use current public global instances
  ---
  duration_ms: 2.889233
  type: 'test'
  ...
# Subtest: query filters road classes before download
ok 10 - query filters road classes before download
  ---
  duration_ms: 0.638941
  type: 'test'
  ...
# Subtest: JSONP URL contains encoded query and callback
ok 11 - JSONP URL contains encoded query and callback
  ---
  duration_ms: 0.791313
  type: 'test'
  ...
# Subtest: browser JSONP resolves payload and cleans callback
ok 12 - browser JSONP resolves payload and cleans callback
  ---
  duration_ms: 1.772766
  type: 'test'
  ...
# Subtest: browser mode prefers JSONP and does not call fetch after success
ok 13 - browser mode prefers JSONP and does not call fetch after success
  ---
  duration_ms: 1.454219
  type: 'test'
  ...
# Subtest: JSONP failure falls back to official minimal POST request
ok 14 - JSONP failure falls back to official minimal POST request
  ---
  duration_ms: 1.79446
  type: 'test'
  ...
# Subtest: failed endpoint falls back to the next endpoint
ok 15 - failed endpoint falls back to the next endpoint
  ---
  duration_ms: 0.871347
  type: 'test'
  ...
# Subtest: all failures include endpoint and transport diagnostics
ok 16 - all failures include endpoint and transport diagnostics
  ---
  duration_ms: 1.598733
  type: 'test'
  ...
# Subtest: caller abort stops attempts immediately
ok 17 - caller abort stops attempts immediately
  ---
  duration_ms: 1.426634
  type: 'test'
  ...
# Subtest: development client can disable JSONP and use the injected fetch directly
ok 18 - development client can disable JSONP and use the injected fetch directly
  ---
  duration_ms: 1.214056
  type: 'test'
  ...
# Subtest: balanced profile limits simulation, rendering and DPR
ok 19 - balanced profile limits simulation, rendering and DPR
  ---
  duration_ms: 1.961385
  type: 'test'
  ...
# Subtest: game loop decouples simulation, civilization and rendering rates
ok 20 - game loop decouples simulation, civilization and rendering rates
  ---
  duration_ms: 1.986604
  type: 'test'
  ...
# Subtest: combat spatial index returns only nearby active enemies
ok 21 - combat spatial index returns only nearby active enemies
  ---
  duration_ms: 2.123824
  type: 'test'
  ...
# Subtest: renderer caches static radar and road layers between frames
ok 22 - renderer caches static radar and road layers between frames
  ---
  duration_ms: 4.742953
  type: 'test'
  ...
# Subtest: tactical route choices use spatial snapshots instead of rescanning every enemy and defense per road edge
ok 23 - tactical route choices use spatial snapshots instead of rescanning every enemy and defense per road edge
  ---
  duration_ms: 180.75914
  type: 'test'
  ...
# Subtest: civilization level increases the active player-base limit by one
ok 24 - civilization level increases the active player-base limit by one
  ---
  duration_ms: 1.701034
  type: 'test'
  ...
# Subtest: base placement requires an unlocked slot, fresh position, nearby road and minimum separation
ok 25 - base placement requires an unlocked slot, fresh position, nearby road and minimum separation
  ---
  duration_ms: 5.615729
  type: 'test'
  ...
# Subtest: additional major bases require and consume escalating processed-resource costs
ok 26 - additional major bases require and consume escalating processed-resource costs
  ---
  duration_ms: 3.461232
  type: 'test'
  ...
# Subtest: establishing a base adds a remote construction and simulation anchor
ok 27 - establishing a base adds a remote construction and simulation anchor
  ---
  duration_ms: 2.374485
  type: 'test'
  ...
# Subtest: secondary bases survive save and restore without retaining exact location fields
ok 28 - secondary bases survive save and restore without retaining exact location fields
  ---
  duration_ms: 3.110432
  type: 'test'
  ...
# Subtest: civilization projects require cumulative artifacts recovered in the field
ok 29 - civilization projects require cumulative artifacts recovered in the field
  ---
  duration_ms: 1.483774
  type: 'test'
  ...
# Subtest: destroying a resource enemy base secures its declared reward in one recoverable cache
ok 30 - destroying a resource enemy base secures its declared reward in one recoverable cache
  ---
  duration_ms: 7.984432
  type: 'test'
  ...
# Subtest: resource enemy bases return within the progression window while strategic bases retain long recovery
ok 31 - resource enemy bases return within the progression window while strategic bases retain long recovery
  ---
  duration_ms: 1.064426
  type: 'test'
  ...
# Subtest: legacy resource-outpost data is stripped during runtime normalization
ok 32 - legacy resource-outpost data is stripped during runtime normalization
  ---
  duration_ms: 0.718966
  type: 'test'
  ...
# Subtest: PWA registers the current service worker on HTTPS
ok 33 - PWA registers the current service worker on HTTPS
  ---
  duration_ms: 2.470698
  type: 'test'
  ...
# Subtest: PWA is skipped for an allowed development fixture
ok 34 - PWA is skipped for an allowed development fixture
  ---
  duration_ms: 0.804796
  type: 'test'
  ...
# Subtest: public devFixture query does not disable production PWA registration
ok 35 - public devFixture query does not disable production PWA registration
  ---
  duration_ms: 0.585534
  type: 'test'
  ...
# Subtest: PWA registration failure does not stop the game
ok 36 - PWA registration failure does not stop the game
  ---
  duration_ms: 0.534658
  type: 'test'
  ...
# Subtest: radar renderer is integrated without changing the map input owner
ok 37 - radar renderer is integrated without changing the map input owner
  ---
  duration_ms: 16.893493
  type: 'test'
  ...
# Subtest: radar theme exposes tactical palette and mobile layout rules
ok 38 - radar theme exposes tactical palette and mobile layout rules
  ---
  duration_ms: 4.857074
  type: 'test'
  ...
# Subtest: combat and road renderers use radar glyphs and glow rather than emoji labels
ok 39 - combat and road renderers use radar glyphs and glow rather than emoji labels
  ---
  duration_ms: 7.312225
  type: 'test'
  ...
# Subtest: radar canvas layers render with a minimal canvas context
ok 40 - radar canvas layers render with a minimal canvas context
  ---
  duration_ms: 7.772359
  type: 'test'
  ...
# Subtest: playing footer stays clear of the combat toolbar
ok 41 - playing footer stays clear of the combat toolbar
  ---
  duration_ms: 3.16223
  type: 'test'
  ...
# Subtest: radar preferences apply defaults and cycle without game state
ok 42 - radar preferences apply defaults and cycle without game state
  ---
  duration_ms: 2.470305
  type: 'test'
  ...
# Subtest: bootstrap imports RadarPreferences before constructing it
ok 43 - bootstrap imports RadarPreferences before constructing it
  ---
  duration_ms: 14.227295
  type: 'test'
  ...
# Subtest: touch devices default to the power-saving radar profile
ok 44 - touch devices default to the power-saving radar profile
  ---
  duration_ms: 0.817137
  type: 'test'
  ...
# Subtest: destroying an enemy base creates one persistent recovery item at the destroyed base
ok 45 - destroying an enemy base creates one persistent recovery item at the destroyed base
  ---
  duration_ms: 4.497398
  type: 'test'
  ...
# Subtest: recovery requires the player to be within the physical collection range
ok 46 - recovery requires the player to be within the physical collection range
  ---
  duration_ms: 1.480004
  type: 'test'
  ...
# Subtest: recovery rejects stale or inaccurate geolocation even at the item position
ok 47 - recovery rejects stale or inaccurate geolocation even at the item position
  ---
  duration_ms: 0.535878
  type: 'test'
  ...
# Subtest: manual collection requires five seconds in range, grants once and removes the recovered item
ok 48 - manual collection requires five seconds in range, grants once and removes the recovered item
  ---
  duration_ms: 2.274318
  type: 'test'
  ...
# Subtest: leaving the collection radius cancels progress without removing the item
ok 49 - leaving the collection radius cancels progress without removing the item
  ---
  duration_ms: 0.83861
  type: 'test'
  ...
# Subtest: uncollected recovery items survive save and restore while live location freshness does not
ok 50 - uncollected recovery items survive save and restore while live location freshness does not
  ---
  duration_ms: 3.449482
  type: 'test'
  ...
# Subtest: refactor schema 1 scrap is migrated into canonical resources
ok 51 - refactor schema 1 scrap is migrated into canonical resources
  ---
  duration_ms: 6.027013
  type: 'test'
  ...
# Subtest: retrieval squad is deliberately weak and works from major and field bases
ok 52 - retrieval squad is deliberately weak and works from major and field bases
  ---
  duration_ms: 2.932322
  type: 'test'
  ...
# Subtest: dispatch reserves a recovery item and preview does not mutate it
ok 53 - dispatch reserves a recovery item and preview does not mutate it
  ---
  duration_ms: 11.934911
  type: 'test'
  ...
# Subtest: retrieval squad collects for eight seconds and grants the artifact only after returning
ok 54 - retrieval squad collects for eight seconds and grants the artifact only after returning
  ---
  duration_ms: 18.367457
  type: 'test'
  ...
# Subtest: destroying a squad before pickup releases the item at its original location
ok 55 - destroying a squad before pickup releases the item at its original location
  ---
  duration_ms: 1.519463
  type: 'test'
  ...
# Subtest: destroying a squad while carrying drops the item at the destruction point
ok 56 - destroying a squad while carrying drops the item at the destruction point
  ---
  duration_ms: 3.627451
  type: 'test'
  ...
# Subtest: withdrawing before pickup abandons the recovery mission and releases the item
ok 57 - withdrawing before pickup abandons the recovery mission and releases the item
  ---
  duration_ms: 1.422411
  type: 'test'
  ...
# Subtest: field bases can deploy and reorganize retrieval squads
ok 58 - field bases can deploy and reorganize retrieval squads
  ---
  duration_ms: 1.32931
  type: 'test'
  ...
# Subtest: reserved recovery mission survives save and restore without exposing exact live location data
ok 59 - reserved recovery mission survives save and restore without exposing exact live location data
  ---
  duration_ms: 2.817889
  type: 'test'
  ...
# Subtest: manual collection in progress blocks deployment without consuming resources or changing a ready squad
ok 60 - manual collection in progress blocks deployment without consuming resources or changing a ready squad
  ---
  duration_ms: 1.499212
  type: 'test'
  ...
# Subtest: orphaned reservations become available again after squad data is lost
ok 61 - orphaned reservations become available again after squad data is lost
  ---
  duration_ms: 1.103339
  type: 'test'
  ...
# Subtest: a real heavy enemy quickly destroys the weak retrieval squad and releases its reservation
ok 62 - a real heavy enemy quickly destroys the weak retrieval squad and releases its reservation
  ---
  duration_ms: 3.311722
  type: 'test'
  ...
# Subtest: remote retrieval completes under active, peripheral, and dormant regional intervals
ok 63 - remote retrieval completes under active, peripheral, and dormant regional intervals
  ---
  duration_ms: 93.868045
  type: 'test'
  ...
# Subtest: world chunks use deterministic grid ids and reversible centers
ok 64 - world chunks use deterministic grid ids and reversible centers
  ---
  duration_ms: 3.170697
  type: 'test'
  ...
# Subtest: initial chunk state does not assume that the cleaned initial graph fully covers surrounding chunks
ok 65 - initial chunk state does not assume that the cleaned initial graph fully covers surrounding chunks
  ---
  duration_ms: 0.445228
  type: 'test'
  ...
# Subtest: graph merge preserves existing ids, joins nearby endpoints and removes duplicate edges
ok 66 - graph merge preserves existing ids, joins nearby endpoints and removes duplicate edges
  ---
  duration_ms: 3.235842
  type: 'test'
  ...
# Subtest: chunk cache isolates worlds and can remove one world
ok 67 - chunk cache isolates worlds and can remove one world
  ---
  duration_ms: 0.770493
  type: 'test'
  ...
# Subtest: RoadService chunk acquisition projects roads into the original world coordinate system
ok 68 - RoadService chunk acquisition projects roads into the original world coordinate system
  ---
  duration_ms: 18.455896
  type: 'test'
  ...
# Subtest: parallel carriageways with the same identity collapse into one gameplay road
ok 69 - parallel carriageways with the same identity collapse into one gameplay road
  ---
  duration_ms: 4.397371
  type: 'test'
  ...
# Subtest: nearby roads with different names remain separate
ok 70 - nearby roads with different names remain separate
  ---
  duration_ms: 0.592566
  type: 'test'
  ...
# Subtest: clustered intersections build a connected graph and combat route
ok 71 - clustered intersections build a connected graph and combat route
  ---
  duration_ms: 6.538448
  type: 'test'
  ...
# Subtest: one RoadService load performs one acquisition and produces indexed graph data
ok 72 - one RoadService load performs one acquisition and produces indexed graph data
  ---
  duration_ms: 37.49971
  type: 'test'
  ...
# Subtest: chunk prefetch only includes crossed or nearby grid edges
ok 73 - chunk prefetch only includes crossed or nearby grid edges
  ---
  duration_ms: 3.762578
  type: 'test'
  ...
# Subtest: manager merges a new chunk, records it and persists a compact cache entry
ok 74 - manager merges a new chunk, records it and persists a compact cache entry
  ---
  duration_ms: 6.721069
  type: 'test'
  ...
# Subtest: manager loads a cached chunk without calling the road server
ok 75 - manager loads a cached chunk without calling the road server
  ---
  duration_ms: 1.407651
  type: 'test'
  ...
# Subtest: failed acquisitions cool down without blocking unrelated nearby chunks
ok 76 - failed acquisitions cool down without blocking unrelated nearby chunks
  ---
  duration_ms: 23.322661
  type: 'test'
  ...
# Subtest: chunk centers remain based on the original world center
ok 77 - chunk centers remain based on the original world center
  ---
  duration_ms: 0.63385
  type: 'test'
  ...
# Subtest: legacy initial coverage is released while explicitly merged chunks remain confirmed
ok 78 - legacy initial coverage is released while explicitly merged chunks remain confirmed
  ---
  duration_ms: 1.643497
  type: 'test'
  ...
# Subtest: approaching a visible road endpoint queues forward chunks before the grid boundary
ok 79 - approaching a visible road endpoint queues forward chunks before the grid boundary
  ---
  duration_ms: 3.053378
  type: 'test'
  ...
# Subtest: movement lookahead queues the travel direction even before the player reaches a chunk edge
ok 80 - movement lookahead queues the travel direction even before the player reaches a chunk edge
  ---
  duration_ms: 1.189022
  type: 'test'
  ...
# Subtest: frontier failures retry after the shorter movement cooldown
ok 81 - frontier failures retry after the shorter movement cooldown
  ---
  duration_ms: 2.907867
  type: 'test'
  ...
# Subtest: an internal cul-de-sac does not masquerade as the outer road frontier
ok 82 - an internal cul-de-sac does not masquerade as the outer road frontier
  ---
  duration_ms: 2.444474
  type: 'test'
  ...
# Subtest: lookahead road chunks remain hidden until the player physically enters them
ok 83 - lookahead road chunks remain hidden until the player physically enters them
  ---
  duration_ms: 1.705362
  type: 'test'
  ...
# Subtest: road-frontier movement completes acquisition and merges the new road into the live map
ok 84 - road-frontier movement completes acquisition and merges the new road into the live map
  ---
  duration_ms: 25.724562
  type: 'test'
  ...
# Subtest: save data remains JSON and graph indexes are reconstructed after load
ok 85 - save data remains JSON and graph indexes are reconstructed after load
  ---
  duration_ms: 6.30548
  type: 'test'
  ...
# Subtest: v0.19 object-form road graphs remain loadable after compact saves are introduced
ok 86 - v0.19 object-form road graphs remain loadable after compact saves are introduced
  ---
  duration_ms: 0.839603
  type: 'test'
  ...
# Subtest: lifecycle follows the new startup sequence
ok 87 - lifecycle follows the new startup sequence
  ---
  duration_ms: 3.515568
  type: 'test'
  ...
# Subtest: invalid transition is rejected
ok 88 - invalid transition is rejected
  ---
  duration_ms: 1.221132
  type: 'test'
  ...
# Subtest: state snapshots cannot mutate the store
ok 89 - state snapshots cannot mutate the store
  ---
  duration_ms: 0.450194
  type: 'test'
  ...
# Subtest: source contains no legacy function override pattern or duplicate fetchRoadGraph
ok 90 - source contains no legacy function override pattern or duplicate fetchRoadGraph
  ---
  duration_ms: 138.81093
  type: 'test'
  ...
# Subtest: repair relay remains available as a build tool
ok 91 - repair relay remains available as a build tool
  ---
  duration_ms: 7.785837
  type: 'test'
  ...
# Subtest: survey facility is a civilization level 1 tower with approved tier progression
ok 92 - survey facility is a civilization level 1 tower with approved tier progression
  ---
  duration_ms: 4.5426
  type: 'test'
  ...
# Subtest: survey facility cannot be built before civilization level 1 or from the player-only build zone
ok 93 - survey facility cannot be built before civilization level 1 or from the player-only build zone
  ---
  duration_ms: 4.331874
  type: 'test'
  ...
# Subtest: each owned base can operate only one active survey facility
ok 94 - each owned base can operate only one active survey facility
  ---
  duration_ms: 3.19128
  type: 'test'
  ...
# Subtest: survey candidate selection expands one adjacent unloaded chunk inside the tier radius
ok 95 - survey candidate selection expands one adjacent unloaded chunk inside the tier radius
  ---
  duration_ms: 22.895808
  type: 'test'
  ...
# Subtest: survey-loaded roads are recorded separately from physically observed regions
ok 96 - survey-loaded roads are recorded separately from physically observed regions
  ---
  duration_ms: 6.834127
  type: 'test'
  ...
# Subtest: remote survey does not reveal exact frontier sources or ambient exploration sites
ok 97 - remote survey does not reveal exact frontier sources or ambient exploration sites
  ---
  duration_ms: 3.174435
  type: 'test'
  ...
# Subtest: entering a surveyed chunk promotes it to physical observation and reveals local content
ok 98 - entering a surveyed chunk promotes it to physical observation and reveals local content
  ---
  duration_ms: 6.234649
  type: 'test'
  ...
# Subtest: survey scheduler serializes facilities and enforces a global real-time cooldown
ok 99 - survey scheduler serializes facilities and enforces a global real-time cooldown
  ---
  duration_ms: 5.712292
  type: 'test'
  ...
# Subtest: survey status reports radius, cadence and remaining expansion work
ok 100 - survey status reports radius, cadence and remaining expansion work
  ---
  duration_ms: 6.157785
  type: 'test'
  ...
# Subtest: survey tower upgrade remains gated by the matching civilization level
ok 101 - survey tower upgrade remains gated by the matching civilization level
  ---
  duration_ms: 2.543285
  type: 'test'
  ...
# Subtest: a survey facility anchored to a destroyed simple base stops operating until the base is rebuilt
ok 102 - a survey facility anchored to a destroyed simple base stops operating until the base is rebuilt
  ---
  duration_ms: 1.193971
  type: 'test'
  ...
# Subtest: survey-only road chunks do not receive exact enemy bases before physical observation
ok 103 - survey-only road chunks do not receive exact enemy bases before physical observation
  ---
  duration_ms: 4.534912
  type: 'test'
  ...
# Subtest: survey progress and physical-observation boundaries survive save and restore
ok 104 - survey progress and physical-observation boundaries survive save and restore
  ---
  duration_ms: 3.308238
  type: 'test'
  ...
# Subtest: resource outpost runtime is completely removed while legacy saves are safely stripped
ok 105 - resource outpost runtime is completely removed while legacy saves are safely stripped
  ---
  duration_ms: 28.501847
  type: 'test'
  ...
# Subtest: resource-camp capture rewards cover the mandatory ore gates of later civilization projects
ok 106 - resource-camp capture rewards cover the mandatory ore gates of later civilization projects
  ---
  duration_ms: 0.489236
  type: 'test'
  ...
# Subtest: project-only trial bronze goes directly to the active project and cannot be overproduced
ok 107 - project-only trial bronze goes directly to the active project and cannot be overproduced
  ---
  duration_ms: 4.757206
  type: 'test'
  ...
# Subtest: actual smelting chains turn scheduled resource-camp rewards into the mandatory bronze and iron progression totals
ok 108 - actual smelting chains turn scheduled resource-camp rewards into the mandatory bronze and iron progression totals
  ---
  duration_ms: 9.592451
  type: 'test'
  ...
# Subtest: wave doctrine changes actual routing and resource-base composition rather than only the label
ok 109 - wave doctrine changes actual routing and resource-base composition rather than only the label
  ---
  duration_ms: 10.500654
  type: 'test'
  ...
# Subtest: upgraded tower ranges affect evasive route selection
ok 110 - upgraded tower ranges affect evasive route selection
  ---
  duration_ms: 1.62881
  type: 'test'
  ...
# Subtest: shield tiers use their declared protection values and new enemies use correct friendly matchups
ok 111 - shield tiers use their declared protection values and new enemies use correct friendly matchups
  ---
  duration_ms: 1.65458
  type: 'test'
  ...
# Subtest: hunters abandon squads outside their pursuit radius
ok 112 - hunters abandon squads outside their pursuit radius
  ---
  duration_ms: 3.56948
  type: 'test'
  ...
# Subtest: additional major bases are real attack targets, can be destroyed, persist, and rebuild on site
ok 113 - additional major bases are real attack targets, can be destroyed, persist, and rebuild on site
  ---
  duration_ms: 3.664495
  type: 'test'
  ...
# Subtest: spawned and legacy-loaded enemies retain their defined visual radius and field-base UI lists retrieval units
ok 114 - spawned and legacy-loaded enemies retain their defined visual radius and field-base UI lists retrieval units
  ---
  duration_ms: 13.426867
  type: 'test'
  ...
# Subtest: destroyed major-base ruins still occupy their slot and block overlapping replacement placement
ok 115 - destroyed major-base ruins still occupy their slot and block overlapping replacement placement
  ---
  duration_ms: 2.153275
  type: 'test'
  ...
# Subtest: only one tab owns the synchronous storage lease
ok 116 - only one tab owns the synchronous storage lease
  ---
  duration_ms: 1.963871
  type: 'test'
  ...
# Subtest: broadcast fallback elects one primary tab when storage is unavailable
ok 117 - broadcast fallback elects one primary tab when storage is unavailable
  ---
  duration_ms: 1.232054
  type: 'test'
  ...
# Subtest: remaining route distance accounts for current edge progress
ok 118 - remaining route distance accounts for current edge progress
  ---
  duration_ms: 2.564058
  type: 'test'
  ...
# Subtest: threat level escalates from contact to critical
ok 119 - threat level escalates from contact to critical
  ---
  duration_ms: 1.233438
  type: 'test'
  ...
# Subtest: clear threat reports stable defense line
ok 120 - clear threat reports stable defense line
  ---
  duration_ms: 0.573186
  type: 'test'
  ...
# Subtest: tactical routes and focus render with a minimal canvas context
ok 121 - tactical routes and focus render with a minimal canvas context
  ---
  duration_ms: 22.134573
  type: 'test'
  ...
# Subtest: selected enemy base no longer renders a misleading player capture radius
ok 122 - selected enemy base no longer renders a misleading player capture radius
  ---
  duration_ms: 0.947823
  type: 'test'
  ...
# Subtest: HUD and modal CSS do not use unreadably small explicit type
ok 123 - HUD and modal CSS do not use unreadably small explicit type
  ---
  duration_ms: 13.413658
  type: 'test'
  ...
# Subtest: Canvas labels retain a readable minimum without changing world scale
ok 124 - Canvas labels retain a readable minimum without changing world scale
  ---
  duration_ms: 13.185945
  type: 'test'
  ...
# Subtest: larger tool labels receive matching control height and context clearance
ok 125 - larger tool labels receive matching control height and context clearance
  ---
  duration_ms: 3.113319
  type: 'test'
  ...
# Subtest: a fully destroyed wave increments perfect defense streak exactly once
ok 126 - a fully destroyed wave increments perfect defense streak exactly once
  ---
  duration_ms: 8.263275
  type: 'test'
  ...
# Subtest: enemy-base guard launches once and does not count as a perfect defense wave
ok 127 - enemy-base guard launches once and does not count as a perfect defense wave
  ---
  duration_ms: 2.777357
  type: 'test'
  ...
# Subtest: civilization level creates resource bases without duplicating them
ok 128 - civilization level creates resource bases without duplicating them
  ---
  duration_ms: 21.933884
  type: 'test'
  ...
# Subtest: initial base placement excludes civilization resource bases
ok 129 - initial base placement excludes civilization resource bases
  ---
  duration_ms: 33.869089
  type: 'test'
  ...
# Subtest: destroyed base waits for its respawn timer and then reappears elsewhere
ok 130 - destroyed base waits for its respawn timer and then reappears elsewhere
  ---
  duration_ms: 2.645155
  type: 'test'
  ...
# Subtest: initial enemy bases spread across independent road fronts when the graph permits it
ok 131 - initial enemy bases spread across independent road fronts when the graph permits it
  ---
  duration_ms: 3.154765
  type: 'test'
  ...
# Subtest: stacked initial enemy bases receive progressively longer opening delays on a one-front road
ok 132 - stacked initial enemy bases receive progressively longer opening delays on a one-front road
  ---
  duration_ms: 2.177344
  type: 'test'
  ...
# Subtest: region activity follows the nearest city or player anchor
ok 133 - region activity follows the nearest city or player anchor
  ---
  duration_ms: 6.252886
  type: 'test'
  ...
# Subtest: regional clocks only release peripheral and dormant simulation at their intervals
ok 134 - regional clocks only release peripheral and dormant simulation at their intervals
  ---
  duration_ms: 1.787202
  type: 'test'
  ...
# Subtest: dormant enemies and facilities advance only when the remote interval is due
ok 135 - dormant enemies and facilities advance only when the remote interval is due
  ---
  duration_ms: 19.845012
  type: 'test'
  ...
# Subtest: road graph spatial index excludes distant roads from local queries
ok 136 - road graph spatial index excludes distant roads from local queries
  ---
  duration_ms: 1.792567
  type: 'test'
  ...
# Subtest: expanded road graphs use compact save encoding and restore gameplay fields
ok 137 - expanded road graphs use compact save encoding and restore gameplay fields
  ---
  duration_ms: 7.951557
  type: 'test'
  ...
1..137
# tests 137
# suites 0
# pass 137
# fail 0
# cancelled 0
# skipped 0
# todo 0
# duration_ms 20208.401876
