TAP version 13
# Subtest: HTML references only existing local app resources and required controls exist
ok 1 - HTML references only existing local app resources and required controls exist
  ---
  duration_ms: 13.099153
  type: 'test'
  ...
# Subtest: every required DOM id used by bootstrap exists in HTML
ok 2 - every required DOM id used by bootstrap exists in HTML
  ---
  duration_ms: 5.400963
  type: 'test'
  ...
# Subtest: service worker app shell contains every runtime source file and all paths exist
ok 3 - service worker app shell contains every runtime source file and all paths exist
  ---
  duration_ms: 42.333944
  type: 'test'
  ...
# Subtest: development tree has no premature single-HTML build output
ok 4 - development tree has no premature single-HTML build output
  ---
  duration_ms: 2.14119
  type: 'test'
  ...
# Subtest: service worker only deletes FRONTLINE ROADS caches
ok 5 - service worker only deletes FRONTLINE ROADS caches
  ---
  duration_ms: 2.273724
  type: 'test'
  ...
# Subtest: service worker falls back to HTML only for navigation requests
ok 6 - service worker falls back to HTML only for navigation requests
  ---
  duration_ms: 2.457761
  type: 'test'
  ...
# Subtest: release version is synchronized across package, runtime label and service-worker cache
ok 7 - release version is synchronized across package, runtime label and service-worker cache
  ---
  duration_ms: 4.473739
  type: 'test'
  ...
# Subtest: storage denial is detected without crashing construction
ok 8 - storage denial is detected without crashing construction
  ---
  duration_ms: 1.863877
  type: 'test'
  ...
# Subtest: invalid shallow save is quarantined instead of bricking startup
ok 9 - invalid shallow save is quarantined instead of bricking startup
  ---
  duration_ms: 4.607345
  type: 'test'
  ...
# Subtest: saved game removes exact position history and rounds map origin
ok 10 - saved game removes exact position history and rounds map origin
  ---
  duration_ms: 4.427212
  type: 'test'
  ...
# Subtest: state validation rejects malformed saved road graph
ok 11 - state validation rejects malformed saved road graph
  ---
  duration_ms: 0.471263
  type: 'test'
  ...
# Subtest: stone gate conversion cannot be used before civilization level 2
ok 12 - stone gate conversion cannot be used before civilization level 2
  ---
  duration_ms: 1.309094
  type: 'test'
  ...
# Subtest: path invalidation waits for the current edge instead of teleporting backward
ok 13 - path invalidation waits for the current edge instead of teleporting backward
  ---
  duration_ms: 2.014151
  type: 'test'
  ...
# Subtest: grade-separated endpoints are not merged into one intersection
ok 14 - grade-separated endpoints are not merged into one intersection
  ---
  duration_ms: 1.754583
  type: 'test'
  ...
# Subtest: long OSM geometry is subdivided rather than discarded
ok 15 - long OSM geometry is subdivided rather than discarded
  ---
  duration_ms: 3.064287
  type: 'test'
  ...
# Subtest: complete reset clears current, legacy, and backup save keys
ok 16 - complete reset clears current, legacy, and backup save keys
  ---
  duration_ms: 0.736863
  type: 'test'
  ...
# Subtest: production source only enables dev fixture on local or explicit test origins
ok 17 - production source only enables dev fixture on local or explicit test origins
  ---
  duration_ms: 14.965217
  type: 'test'
  ...
# Subtest: development fixture disables browser JSONP and uses injected road data
ok 18 - development fixture disables browser JSONP and uses injected road data
  ---
  duration_ms: 2.472412
  type: 'test'
  ...
# Subtest: tier-zero area and slow defenses use the approved restrained values
ok 19 - tier-zero area and slow defenses use the approved restrained values
  ---
  duration_ms: 2.252488
  type: 'test'
  ...
# Subtest: area defense applies full damage to one target, reduced splash and a hard target cap
ok 20 - area defense applies full damage to one target, reduced splash and a hard target cap
  ---
  duration_ms: 2.302931
  type: 'test'
  ...
# Subtest: slow defense affects only the nearest approved number of targets
ok 21 - slow defense affects only the nearest approved number of targets
  ---
  duration_ms: 0.625576
  type: 'test'
  ...
# Subtest: enemy base growth follows age thresholds and civilization caps
ok 22 - enemy base growth follows age thresholds and civilization caps
  ---
  duration_ms: 0.464926
  type: 'test'
  ...
# Subtest: enemy level multipliers scale durability, attack and speed without runaway speed growth
ok 23 - enemy level multipliers scale durability, attack and speed without runaway speed growth
  ---
  duration_ms: 0.389822
  type: 'test'
  ...
# Subtest: spawned enemies retain the source base level and scaled HP for their lifetime
ok 24 - spawned enemies retain the source base level and scaled HP for their lifetime
  ---
  duration_ms: 0.955233
  type: 'test'
  ...
# Subtest: enemy base levels add exactly one unit per level
ok 25 - enemy base levels add exactly one unit per level
  ---
  duration_ms: 0.930056
  type: 'test'
  ...
# Subtest: new civilization enemy generations phase in at 15, 30, 45 and 60 minutes
ok 26 - new civilization enemy generations phase in at 15, 30, 45 and 60 minutes
  ---
  duration_ms: 0.248513
  type: 'test'
  ...
# Subtest: higher enemy base levels increase pressure gradually rather than all at once
ok 27 - higher enemy base levels increase pressure gradually rather than all at once
  ---
  duration_ms: 0.510275
  type: 'test'
  ...
# Subtest: a level-two mixed wave now reaches a city defended only by tier-zero area and slow facilities
ok 28 - a level-two mixed wave now reaches a city defended only by tier-zero area and slow facilities
  ---
  duration_ms: 20.078181
  type: 'test'
  ...
# Subtest: a heavier level-two formation creates meaningful pressure without instantly defeating the city
ok 29 - a heavier level-two formation creates meaningful pressure without instantly defeating the city
  ---
  duration_ms: 11.478635
  type: 'test'
  ...
# Subtest: enemy base level increases emit one visible threat notification
ok 30 - enemy base level increases emit one visible threat notification
  ---
  duration_ms: 2.010467
  type: 'test'
  ...
# Subtest: enemy individual level and scaled HP survive save and restore
ok 31 - enemy individual level and scaled HP survive save and restore
  ---
  duration_ms: 43.997149
  type: 'test'
  ...
# Subtest: a new civilization generation keeps the previous generation during its opening grace window
ok 32 - a new civilization generation keeps the previous generation during its opening grace window
  ---
  duration_ms: 0.672243
  type: 'test'
  ...
# Subtest: enemy system applies the spawned enemy level to movement and city damage
ok 33 - enemy system applies the spawned enemy level to movement and city damage
  ---
  duration_ms: 0.367962
  type: 'test'
  ...
# Subtest: base command panel summarizes remote threats, facilities, squads and recoveries
ok 34 - base command panel summarizes remote threats, facilities, squads and recoveries
  ---
  duration_ms: 3.330934
  type: 'test'
  ...
# Subtest: base command UI lists all bases and switches the map camera without moving the player
ok 35 - base command UI lists all bases and switches the map camera without moving the player
  ---
  duration_ms: 2.705122
  type: 'test'
  ...
# Subtest: base command UI establishes an unlocked base at the current road position
ok 36 - base command UI establishes an unlocked base at the current road position
  ---
  duration_ms: 1.548422
  type: 'test'
  ...
# Subtest: combat renderer includes a distinct marker for secondary player bases
ok 37 - combat renderer includes a distinct marker for secondary player bases
  ---
  duration_ms: 11.103989
  type: 'test'
  ...
# Subtest: base command UI lists simple bases separately and can focus or rebuild a destroyed one
ok 38 - base command UI lists simple bases separately and can focus or rebuild a destroyed one
  ---
  duration_ms: 3.53968
  type: 'test'
  ...
# Subtest: combat renderer includes a distinct marker for simple bases and ruins
ok 39 - combat renderer includes a distinct marker for simple bases and ruins
  ---
  duration_ms: 2.12171
  type: 'test'
  ...
# Subtest: selection snaps to the existing graph and creates a base without refetching
ok 40 - selection snaps to the existing graph and creates a base without refetching
  ---
  duration_ms: 3.075211
  type: 'test'
  ...
# Subtest: a tap outside the road tolerance is rejected
ok 41 - a tap outside the road tolerance is rejected
  ---
  duration_ms: 0.270887
  type: 'test'
  ...
# Subtest: base placement uses a dedicated map viewport instead of drawing behind controls
ok 42 - base placement uses a dedicated map viewport instead of drawing behind controls
  ---
  duration_ms: 11.396946
  type: 'test'
  ...
# Subtest: base placement screen keeps the canvas clip synchronized with the viewport
ok 43 - base placement screen keeps the canvas clip synchronized with the viewport
  ---
  duration_ms: 5.068196
  type: 'test'
  ...
# Subtest: barrier highlighting is clipped to the build-radius portion of a road
ok 44 - barrier highlighting is clipped to the build-radius portion of a road
  ---
  duration_ms: 2.097864
  type: 'test'
  ...
# Subtest: build placement overlay draws valid sites, build radius and candidate effect radius
ok 45 - build placement overlay draws valid sites, build radius and candidate effect radius
  ---
  duration_ms: 1.343712
  type: 'test'
  ...
# Subtest: barrier overlay tolerates a minimal canvas implementation
ok 46 - barrier overlay tolerates a minimal canvas implementation
  ---
  duration_ms: 0.595571
  type: 'test'
  ...
# Subtest: renderer draws construction guidance after combat effects so candidates stay visible
ok 47 - renderer draws construction guidance after combat effects so candidates stay visible
  ---
  duration_ms: 10.971766
  type: 'test'
  ...
# Subtest: build sites expose only unoccupied placements inside the home-base range
ok 48 - build sites expose only unoccupied placements inside the home-base range
  ---
  duration_ms: 4.826806
  type: 'test'
  ...
# Subtest: previewing a candidate does not consume resources or create a defense
ok 49 - previewing a candidate does not consume resources or create a defense
  ---
  duration_ms: 1.505216
  type: 'test'
  ...
# Subtest: a confirmed candidate consumes resources exactly once and creates the selected defense
ok 50 - a confirmed candidate consumes resources exactly once and creates the selected defense
  ---
  duration_ms: 3.088585
  type: 'test'
  ...
# Subtest: a stale candidate is rejected without spending resources
ok 51 - a stale candidate is rejected without spending resources
  ---
  duration_ms: 0.912435
  type: 'test'
  ...
# Subtest: candidate confirmation rechecks resources that changed after preview
ok 52 - candidate confirmation rechecks resources that changed after preview
  ---
  duration_ms: 0.797947
  type: 'test'
  ...
# Subtest: barrier candidates retain the tapped road position and reject out-of-range points
ok 53 - barrier candidates retain the tapped road position and reject out-of-range points
  ---
  duration_ms: 0.802802
  type: 'test'
  ...
# Subtest: rebuilding a ruined placement at the same world time creates a distinct defense id
ok 54 - rebuilding a ruined placement at the same world time creates a distinct defense id
  ---
  duration_ms: 1.355443
  type: 'test'
  ...
# Subtest: preview skips an occupied nearest intersection when another valid intersection is within the tap tolerance
ok 55 - preview skips an occupied nearest intersection when another valid intersection is within the tap tolerance
  ---
  duration_ms: 0.636006
  type: 'test'
  ...
# Subtest: preview skips an occupied nearest road when another valid road is within the tap tolerance
ok 56 - preview skips an occupied nearest road when another valid road is within the tap tolerance
  ---
  duration_ms: 0.938156
  type: 'test'
  ...
# Subtest: player position creates a second build zone away from the home base
ok 57 - player position creates a second build zone away from the home base
  ---
  duration_ms: 1.098109
  type: 'test'
  ...
# Subtest: a current-location candidate is rejected if the player leaves its build zone before confirmation
ok 58 - a current-location candidate is rejected if the player leaves its build zone before confirmation
  ---
  duration_ms: 0.787017
  type: 'test'
  ...
# Subtest: overlapping home-base and player positions are represented as one build zone
ok 59 - overlapping home-base and player positions are represented as one build zone
  ---
  duration_ms: 0.454531
  type: 'test'
  ...
# Subtest: inventory has one canonical resource store and preserves overflow
ok 60 - inventory has one canonical resource store and preserves overflow
  ---
  duration_ms: 5.046096
  type: 'test'
  ...
# Subtest: production reserves inputs once and completes through the civilization update
ok 61 - production reserves inputs once and completes through the civilization update
  ---
  duration_ms: 2.291516
  type: 'test'
  ...
# Subtest: enemy bases are no longer captured by standing nearby
ok 62 - enemy bases are no longer captured by standing nearby
  ---
  duration_ms: 0.176811
  type: 'test'
  ...
# Subtest: legacy ruined outposts can still be restored and produce resources
ok 63 - legacy ruined outposts can still be restored and produce resources
  ---
  duration_ms: 1.243626
  type: 'test'
  ...
# Subtest: settlement damage ruins a building and disables its production
ok 64 - settlement damage ruins a building and disables its production
  ---
  duration_ms: 0.670317
  type: 'test'
  ...
# Subtest: production overflow stays in the building buffer until collection
ok 65 - production overflow stays in the building buffer until collection
  ---
  duration_ms: 1.078092
  type: 'test'
  ...
# Subtest: map tap only selects a build candidate and confirmation performs the mutation
ok 66 - map tap only selects a build candidate and confirmation performs the mutation
  ---
  duration_ms: 66.655013
  type: 'test'
  ...
# Subtest: combat UI no longer calls immediate buildAt from map taps
ok 67 - combat UI no longer calls immediate buildAt from map taps
  ---
  duration_ms: 4.748123
  type: 'test'
  ...
# Subtest: an invalid second tap clears the previous candidate to prevent confirming the wrong location
ok 68 - an invalid second tap clears the previous candidate to prevent confirming the wrong location
  ---
  duration_ms: 1.847908
  type: 'test'
  ...
# Subtest: build confirmation is disabled while the selected facility is unaffordable
ok 69 - build confirmation is disabled while the selected facility is unaffordable
  ---
  duration_ms: 1.767137
  type: 'test'
  ...
# Subtest: combat effect buffer is capped and prunes expired effects
ok 70 - combat effect buffer is capped and prunes expired effects
  ---
  duration_ms: 1.332474
  type: 'test'
  ...
# Subtest: event bus creates transient shot and city warning effects
ok 71 - event bus creates transient shot and city warning effects
  ---
  duration_ms: 4.122424
  type: 'test'
  ...
# Subtest: manual defense upgrade events create a visible pulse
ok 72 - manual defense upgrade events create a visible pulse
  ---
  duration_ms: 0.563567
  type: 'test'
  ...
# Subtest: barrier changes weighted enemy route without creating another graph
ok 73 - barrier changes weighted enemy route without creating another graph
  ---
  duration_ms: 3.473412
  type: 'test'
  ...
# Subtest: enemy position follows path direction rather than edge storage direction
ok 74 - enemy position follows path direction rather than edge storage direction
  ---
  duration_ms: 1.558079
  type: 'test'
  ...
# Subtest: build range is measured from established home base
ok 75 - build range is measured from established home base
  ---
  duration_ms: 3.416782
  type: 'test'
  ...
# Subtest: gun tower damages an enemy in range
ok 76 - gun tower damages an enemy in range
  ---
  duration_ms: 1.800479
  type: 'test'
  ...
# Subtest: enemy reaching the city deals damage and is removed
ok 77 - enemy reaching the city deals damage and is removed
  ---
  duration_ms: 1.304576
  type: 'test'
  ...
# Subtest: repair relay consumes resources and repairs only the most damaged target
ok 78 - repair relay consumes resources and repairs only the most damaged target
  ---
  duration_ms: 0.706206
  type: 'test'
  ...
# Subtest: city defeat never creates negative resources and reports unpaid emergency recovery honestly
ok 79 - city defeat never creates negative resources and reports unpaid emergency recovery honestly
  ---
  duration_ms: 48.539098
  type: 'test'
  ...
# Subtest: barrier has player-facing role, effect, placement and numeric metrics
ok 80 - barrier has player-facing role, effect, placement and numeric metrics
  ---
  duration_ms: 1.468333
  type: 'test'
  ...
# Subtest: gun has player-facing role, effect, placement and numeric metrics
ok 81 - gun has player-facing role, effect, placement and numeric metrics
  ---
  duration_ms: 0.326888
  type: 'test'
  ...
# Subtest: mortar has player-facing role, effect, placement and numeric metrics
ok 82 - mortar has player-facing role, effect, placement and numeric metrics
  ---
  duration_ms: 0.167574
  type: 'test'
  ...
# Subtest: slow has player-facing role, effect, placement and numeric metrics
ok 83 - slow has player-facing role, effect, placement and numeric metrics
  ---
  duration_ms: 0.238313
  type: 'test'
  ...
# Subtest: relay has player-facing role, effect, placement and numeric metrics
ok 84 - relay has player-facing role, effect, placement and numeric metrics
  ---
  duration_ms: 0.560341
  type: 'test'
  ...
# Subtest: all defense tiers define deterministic durability and sequential upgrade costs
ok 85 - all defense tiers define deterministic durability and sequential upgrade costs
  ---
  duration_ms: 1.57827
  type: 'test'
  ...
# Subtest: defense upgrades are sequential and locked to civilization level
ok 86 - defense upgrades are sequential and locked to civilization level
  ---
  duration_ms: 4.909759
  type: 'test'
  ...
# Subtest: upgrading preserves damage ratio instead of fully healing the facility
ok 87 - upgrading preserves damage ratio instead of fully healing the facility
  ---
  duration_ms: 1.187684
  type: 'test'
  ...
# Subtest: tier synchronization upgrades legacy durability without changing its health percentage
ok 88 - tier synchronization upgrades legacy durability without changing its health percentage
  ---
  duration_ms: 0.410409
  type: 'test'
  ...
# Subtest: destroyed and maximum-tier defenses cannot be upgraded
ok 89 - destroyed and maximum-tier defenses cannot be upgraded
  ---
  duration_ms: 0.769046
  type: 'test'
  ...
# Subtest: gate conversion starts at tier two and preserves the prior health ratio
ok 90 - gate conversion starts at tier two and preserves the prior health ratio
  ---
  duration_ms: 0.73252
  type: 'test'
  ...
# Subtest: combat UI shows the current tier name, next-tier changes, cost and lock state
ok 91 - combat UI shows the current tier name, next-tier changes, cost and lock state
  ---
  duration_ms: 56.246385
  type: 'test'
  ...
# Subtest: civilization panel explains the current defense tier ceiling and next unlock
ok 92 - civilization panel explains the current defense tier ceiling and next unlock
  ---
  duration_ms: 13.192897
  type: 'test'
  ...
# Subtest: applying a tier uses the explicit durability table for every facility class
ok 93 - applying a tier uses the explicit durability table for every facility class
  ---
  duration_ms: 0.831597
  type: 'test'
  ...
# Subtest: upgraded attack statistics are used by live combat rather than only the UI
ok 94 - upgraded attack statistics are used by live combat rather than only the UI
  ---
  duration_ms: 2.419917
  type: 'test'
  ...
# Subtest: defense details remain scrollable after the larger upgrade preview is added
ok 95 - defense details remain scrollable after the larger upgrade preview is added
  ---
  duration_ms: 4.666704
  type: 'test'
  ...
# Subtest: deployment UI shows origin, target, route and dispatch action
ok 96 - deployment UI shows origin, target, route and dispatch action
  ---
  duration_ms: 15.92875
  type: 'test'
  ...
# Subtest: deployment UI switches to recovery targets for the retrieval squad
ok 97 - deployment UI switches to recovery targets for the retrieval squad
  ---
  duration_ms: 1.483227
  type: 'test'
  ...
# Subtest: combat renderer includes visible friendly squad markers
ok 98 - combat renderer includes visible friendly squad markers
  ---
  duration_ms: 4.126074
  type: 'test'
  ...
# Subtest: enemy types make different barrier decisions from break time and detour time
ok 99 - enemy types make different barrier decisions from break time and detour time
  ---
  duration_ms: 3.446346
  type: 'test'
  ...
# Subtest: balanced infantry breaches a weakened wall instead of taking a long detour
ok 100 - balanced infantry breaches a weakened wall instead of taking a long detour
  ---
  duration_ms: 0.695626
  type: 'test'
  ...
# Subtest: raider selects repair support before ordinary weapon towers
ok 101 - raider selects repair support before ordinary weapon towers
  ---
  duration_ms: 2.538147
  type: 'test'
  ...
# Subtest: rope cutter selects slowing equipment before repair support
ok 102 - rope cutter selects slowing equipment before repair support
  ---
  duration_ms: 0.838072
  type: 'test'
  ...
# Subtest: specialist damages its selected facility and invalidates shared targets when it is destroyed
ok 103 - specialist damages its selected facility and invalidates shared targets when it is destroyed
  ---
  duration_ms: 0.751468
  type: 'test'
  ...
# Subtest: a newly built priority facility requests rerouting without teleporting an enemy off its current road
ok 104 - a newly built priority facility requests rerouting without teleporting an enemy off its current road
  ---
  duration_ms: 2.279372
  type: 'test'
  ...
# Subtest: loaded source chunk materializes a persistent enemy-source site
ok 105 - loaded source chunk materializes a persistent enemy-source site
  ---
  duration_ms: 3.99189
  type: 'test'
  ...
# Subtest: player can clear an enemy source on site and stop future frontier waves
ok 106 - player can clear an enemy source on site and stop future frontier waves
  ---
  duration_ms: 4.303094
  type: 'test'
  ...
# Subtest: enemy source interaction requires proximity and a clear local area
ok 107 - enemy source interaction requires proximity and a clear local area
  ---
  duration_ms: 1.502828
  type: 'test'
  ...
# Subtest: loaded chunks are processed once for deterministic ambient discoveries
ok 108 - loaded chunks are processed once for deterministic ambient discoveries
  ---
  duration_ms: 1.513618
  type: 'test'
  ...
# Subtest: exploration renderer draws active sites with a minimal canvas context
ok 109 - exploration renderer draws active sites with a minimal canvas context
  ---
  duration_ms: 1.137995
  type: 'test'
  ...
# Subtest: civilization level provides a separate simple-base limit
ok 110 - civilization level provides a separate simple-base limit
  ---
  duration_ms: 1.637501
  type: 'test'
  ...
# Subtest: simple-base placement requires civilization unlock, fresh GPS, road access and separation
ok 111 - simple-base placement requires civilization unlock, fresh GPS, road access and separation
  ---
  duration_ms: 3.571216
  type: 'test'
  ...
# Subtest: simple base has 40 HP and creates only a 50m construction anchor
ok 112 - simple base has 40 HP and creates only a 50m construction anchor
  ---
  duration_ms: 2.30738
  type: 'test'
  ...
# Subtest: current assault squad can deploy from an active simple base
ok 113 - current assault squad can deploy from an active simple base
  ---
  duration_ms: 2.268017
  type: 'test'
  ...
# Subtest: nearby enemies can destroy a simple base and remove its construction and deployment roles
ok 114 - nearby enemies can destroy a simple base and remove its construction and deployment roles
  ---
  duration_ms: 3.724091
  type: 'test'
  ...
# Subtest: destroyed simple base keeps its slot and can only be rebuilt at the site
ok 115 - destroyed simple base keeps its slot and can only be rebuilt at the site
  ---
  duration_ms: 0.97489
  type: 'test'
  ...
# Subtest: simple-base state survives save and restore without precise location metadata
ok 116 - simple-base state survives save and restore without precise location metadata
  ---
  duration_ms: 3.111339
  type: 'test'
  ...
# Subtest: a distant simple base does not pull attackers away from a much nearer city
ok 117 - a distant simple base does not pull attackers away from a much nearer city
  ---
  duration_ms: 0.921612
  type: 'test'
  ...
# Subtest: standing at a simple base keeps the wider current-location construction zone
ok 118 - standing at a simple base keeps the wider current-location construction zone
  ---
  duration_ms: 1.637253
  type: 'test'
  ...
# Subtest: a major base cannot be placed on top of an active simple base
ok 119 - a major base cannot be placed on top of an active simple base
  ---
  duration_ms: 1.427454
  type: 'test'
  ...
# Subtest: a destroyed simple-base ruin still blocks overlapping major-base placement
ok 120 - a destroyed simple-base ruin still blocks overlapping major-base placement
  ---
  duration_ms: 1.906715
  type: 'test'
  ...
# Subtest: an active simple base anchors regional simulation but a destroyed one does not
ok 121 - an active simple base anchors regional simulation but a destroyed one does not
  ---
  duration_ms: 22.252523
  type: 'test'
  ...
# Subtest: an enemy chooses a nearby simple base when it is meaningfully closer than the city
ok 122 - an enemy chooses a nearby simple base when it is meaningfully closer than the city
  ---
  duration_ms: 1.047499
  type: 'test'
  ...
# Subtest: deployment preview is non-destructive and dispatch spends the assault cost once
ok 123 - deployment preview is non-destructive and dispatch spends the assault cost once
  ---
  duration_ms: 7.423681
  type: 'test'
  ...
# Subtest: friendly squad stops to fight enemies and both sides exchange damage
ok 124 - friendly squad stops to fight enemies and both sides exchange damage
  ---
  duration_ms: 7.594019
  type: 'test'
  ...
# Subtest: squad destroys an enemy base, schedules respawn and returns to its origin
ok 125 - squad destroys an enemy base, schedules respawn and returns to its origin
  ---
  duration_ms: 10.014835
  type: 'test'
  ...
# Subtest: friendly squads survive JSON save and restore without exact base coordinates
ok 126 - friendly squads survive JSON save and restore without exact base coordinates
  ---
  duration_ms: 2.765254
  type: 'test'
  ...
# Subtest: remote friendly squads only advance when the dormant regional interval is due
ok 127 - remote friendly squads only advance when the dormant regional interval is due
  ---
  duration_ms: 2.406075
  type: 'test'
  ...
# Subtest: friendly order overlay draws selectable nodes, routes, destination and waypoints on a minimal canvas
ok 128 - friendly order overlay draws selectable nodes, routes, destination and waypoints on a minimal canvas
  ---
  duration_ms: 7.546281
  type: 'test'
  ...
# Subtest: combat UI exposes stop, retreat, withdraw, resume and two-waypoint route planning
ok 129 - combat UI exposes stop, retreat, withdraw, resume and two-waypoint route planning
  ---
  duration_ms: 6.541251
  type: 'test'
  ...
# Subtest: renderer places squad order guidance above combat and construction layers
ok 130 - renderer places squad order guidance above combat and construction layers
  ---
  duration_ms: 2.278001
  type: 'test'
  ...
# Subtest: stop holds a squad at its exact road position while retaining the mission
ok 131 - stop holds a squad at its exact road position while retaining the mission
  ---
  duration_ms: 7.217579
  type: 'test'
  ...
# Subtest: route command issued mid-edge preserves position and joins the chosen route at the next intersection
ok 132 - route command issued mid-edge preserves position and joins the chosen route at the next intersection
  ---
  duration_ms: 1.496982
  type: 'test'
  ...
# Subtest: retreat reaches the selected node, stops there, and keeps the original attack mission
ok 133 - retreat reaches the selected node, stops there, and keeps the original attack mission
  ---
  duration_ms: 3.058138
  type: 'test'
  ...
# Subtest: withdraw abandons the mission and begins recovery only after it reaches the origin
ok 134 - withdraw abandons the mission and begins recovery only after it reaches the origin
  ---
  duration_ms: 3.375107
  type: 'test'
  ...
# Subtest: stopping a retreat preserves the retreat destination for route-selected resume
ok 135 - stopping a retreat preserves the retreat destination for route-selected resume
  ---
  duration_ms: 0.667635
  type: 'test'
  ...
# Subtest: retreat validation rejects a node closer to the hostile base and accepts an owned base behind the squad
ok 136 - retreat validation rejects a node closer to the hostile base and accepts an owned base behind the squad
  ---
  duration_ms: 1.009517
  type: 'test'
  ...
# Subtest: route planner exposes distinct shortest, enemy-avoidance and friendly-support choices when the road graph allows them
ok 137 - route planner exposes distinct shortest, enemy-avoidance and friendly-support choices when the road graph allows them
  ---
  duration_ms: 3.45208
  type: 'test'
  ...
# Subtest: waypoints force every generated route through the selected intersections
ok 138 - waypoints force every generated route through the selected intersections
  ---
  duration_ms: 1.408645
  type: 'test'
  ...
# Subtest: retreating through a newly encountered enemy does not grant invulnerability
ok 139 - retreating through a newly encountered enemy does not grant invulnerability
  ---
  duration_ms: 39.287477
  type: 'test'
  ...
# Subtest: friendly orders, selected route and history survive save and restore
ok 140 - friendly orders, selected route and history survive save and restore
  ---
  duration_ms: 3.173342
  type: 'test'
  ...
# Subtest: a rejected withdraw route leaves the original mission untouched
ok 141 - a rejected withdraw route leaves the original mission untouched
  ---
  duration_ms: 0.525224
  type: 'test'
  ...
# Subtest: route orders reject paths whose edges do not connect the declared node sequence
ok 142 - route orders reject paths whose edges do not connect the declared node sequence
  ---
  duration_ms: 0.364451
  type: 'test'
  ...
# Subtest: route estimates include the remaining distance on the squad current road segment
ok 143 - route estimates include the remaining distance on the squad current road segment
  ---
  duration_ms: 0.449746
  type: 'test'
  ...
# Subtest: a map tap near a displayed route selects that route instead of becoming a waypoint
ok 144 - a map tap near a displayed route selects that route instead of becoming a waypoint
  ---
  duration_ms: 1.018487
  type: 'test'
  ...
# Subtest: civilization level one unlocks treatment and field aid with the approved progression
ok 145 - civilization level one unlocks treatment and field aid with the approved progression
  ---
  duration_ms: 1.59028
  type: 'test'
  ...
# Subtest: major bases recover a returned squad to full health and keep it ready for redeployment
ok 146 - major bases recover a returned squad to full health and keep it ready for redeployment
  ---
  duration_ms: 3.895579
  type: 'test'
  ...
# Subtest: a treatment facility accelerates healing and reorganization at a major base
ok 147 - a treatment facility accelerates healing and reorganization at a major base
  ---
  duration_ms: 3.656104
  type: 'test'
  ...
# Subtest: a field base without an aid station reorganizes but does not heal a light squad
ok 148 - a field base without an aid station reorganizes but does not heal a light squad
  ---
  duration_ms: 2.187813
  type: 'test'
  ...
# Subtest: a field aid station heals assault and skirmisher squads up to seventy percent
ok 149 - a field aid station heals assault and skirmisher squads up to seventy percent
  ---
  duration_ms: 1.733435
  type: 'test'
  ...
# Subtest: field aid does not heal non-light squads if legacy data places one at a field base
ok 150 - field aid does not heal non-light squads if legacy data places one at a field base
  ---
  duration_ms: 1.272111
  type: 'test'
  ...
# Subtest: recovering squads block dispatch while a ready squad of the same type redeploys without cost
ok 151 - recovering squads block dispatch while a ready squad of the same type redeploys without cost
  ---
  duration_ms: 6.235348
  type: 'test'
  ...
# Subtest: selecting a different type replaces a ready garrison and charges the new formation cost
ok 152 - selecting a different type replaces a ready garrison and charges the new formation cost
  ---
  duration_ms: 1.329241
  type: 'test'
  ...
# Subtest: medical and field aid facilities are restricted to their matching base types and one slot each
ok 153 - medical and field aid facilities are restricted to their matching base types and one slot each
  ---
  duration_ms: 2.820956
  type: 'test'
  ...
# Subtest: destroying a treatment facility immediately falls back to natural base recovery
ok 154 - destroying a treatment facility immediately falls back to natural base recovery
  ---
  duration_ms: 0.850923
  type: 'test'
  ...
# Subtest: recovery state and progress survive save and restore
ok 155 - recovery state and progress survive save and restore
  ---
  duration_ms: 2.920504
  type: 'test'
  ...
# Subtest: a recovering squad evacuates to the nearest major base when its field base is destroyed
ok 156 - a recovering squad evacuates to the nearest major base when its field base is destroyed
  ---
  duration_ms: 7.800683
  type: 'test'
  ...
# Subtest: recovery and ready garrisons reject tactical movement orders
ok 157 - recovery and ready garrisons reject tactical movement orders
  ---
  duration_ms: 0.841062
  type: 'test'
  ...
# Subtest: treatment capacity queues excess squads without losing recovery state
ok 158 - treatment capacity queues excess squads without losing recovery state
  ---
  duration_ms: 0.433635
  type: 'test'
  ...
# Subtest: tier-three treatment facilities process two recovering squads at once
ok 159 - tier-three treatment facilities process two recovering squads at once
  ---
  duration_ms: 0.255391
  type: 'test'
  ...
# Subtest: friendly unit unlock levels and simple-base deployment restrictions are enforced
ok 160 - friendly unit unlock levels and simple-base deployment restrictions are enforced
  ---
  duration_ms: 5.501472
  type: 'test'
  ...
# Subtest: skirmisher damage strongly favors light enemies and is weak against armored enemies
ok 161 - skirmisher damage strongly favors light enemies and is weak against armored enemies
  ---
  duration_ms: 0.440297
  type: 'test'
  ...
# Subtest: siege squad damages enemy bases much faster than the assault squad
ok 162 - siege squad damages enemy bases much faster than the assault squad
  ---
  duration_ms: 3.298943
  type: 'test'
  ...
# Subtest: nearby heavy squad intercepts part of the damage aimed at another friendly squad
ok 163 - nearby heavy squad intercepts part of the damage aimed at another friendly squad
  ---
  duration_ms: 1.730255
  type: 'test'
  ...
# Subtest: expedition squad heals only after its non-combat recovery delay
ok 164 - expedition squad heals only after its non-combat recovery delay
  ---
  duration_ms: 1.970033
  type: 'test'
  ...
# Subtest: all friendly unit types preserve their identity and combat state through save and restore
ok 165 - all friendly unit types preserve their identity and combat state through save and restore
  ---
  duration_ms: 2.851
  type: 'test'
  ...
# Subtest: skirmisher prioritizes a light specialist over a nearer ordinary infantry target
ok 166 - skirmisher prioritizes a light specialist over a nearer ordinary infantry target
  ---
  duration_ms: 1.228522
  type: 'test'
  ...
# Subtest: mixed friendly unit types remain valid through extended regional combat simulation
ok 167 - mixed friendly unit types remain valid through extended regional combat simulation
  ---
  duration_ms: 76.662443
  type: 'test'
  ...
# Subtest: dead-end roads at unexplored chunk borders become frontier candidates
ok 168 - dead-end roads at unexplored chunk borders become frontier candidates
  ---
  duration_ms: 3.195763
  type: 'test'
  ...
# Subtest: frontier source stays fixed while its entry point advances with map expansion
ok 169 - frontier source stays fixed while its entry point advances with map expansion
  ---
  duration_ms: 2.347178
  type: 'test'
  ...
# Subtest: frontier system launches enemies from a map-edge entry node
ok 170 - frontier system launches enemies from a map-edge entry node
  ---
  duration_ms: 1.740304
  type: 'test'
  ...
# Subtest: frontier identity is hidden until the signal is localized
ok 171 - frontier identity is hidden until the signal is localized
  ---
  duration_ms: 0.337942
  type: 'test'
  ...
# Subtest: frontier renderer tolerates a minimal canvas context
ok 172 - frontier renderer tolerates a minimal canvas context
  ---
  duration_ms: 1.189191
  type: 'test'
  ...
# Subtest: source module graph has no circular dependencies
ok 173 - source module graph has no circular dependencies
  ---
  duration_ms: 117.46676
  type: 'test'
  ...
# Subtest: twelve-hour simulation remains bounded, serializable and within enemy cap
ok 174 - twelve-hour simulation remains bounded, serializable and within enemy cap
  ---
  duration_ms: 1484.605629
  type: 'test'
  ...
# Subtest: same state and elapsed time produce the same offline game result
ok 175 - same state and elapsed time produce the same offline game result
  ---
  duration_ms: 958.207986
  type: 'test'
  ...
# Subtest: legacy save is converted once into the clean schema
ok 176 - legacy save is converted once into the clean schema
  ---
  duration_ms: 5.956744
  type: 'test'
  ...
# Subtest: offline simulation is bounded and reports the applied duration
ok 177 - offline simulation is bounded and reports the applied duration
  ---
  duration_ms: 1.663237
  type: 'test'
  ...
# Subtest: offline simulation advances the canonical world clock
ok 178 - offline simulation advances the canonical world clock
  ---
  duration_ms: 0.565797
  type: 'test'
  ...
# Subtest: default endpoints use current public global instances
ok 179 - default endpoints use current public global instances
  ---
  duration_ms: 2.488263
  type: 'test'
  ...
# Subtest: query filters road classes before download
ok 180 - query filters road classes before download
  ---
  duration_ms: 0.602031
  type: 'test'
  ...
# Subtest: JSONP URL contains encoded query and callback
ok 181 - JSONP URL contains encoded query and callback
  ---
  duration_ms: 0.570014
  type: 'test'
  ...
# Subtest: browser JSONP resolves payload and cleans callback
ok 182 - browser JSONP resolves payload and cleans callback
  ---
  duration_ms: 1.356668
  type: 'test'
  ...
# Subtest: browser mode prefers JSONP and does not call fetch after success
ok 183 - browser mode prefers JSONP and does not call fetch after success
  ---
  duration_ms: 0.661432
  type: 'test'
  ...
# Subtest: JSONP failure falls back to official minimal POST request
ok 184 - JSONP failure falls back to official minimal POST request
  ---
  duration_ms: 1.017045
  type: 'test'
  ...
# Subtest: failed endpoint falls back to the next endpoint
ok 185 - failed endpoint falls back to the next endpoint
  ---
  duration_ms: 0.550105
  type: 'test'
  ...
# Subtest: all failures include endpoint and transport diagnostics
ok 186 - all failures include endpoint and transport diagnostics
  ---
  duration_ms: 1.207052
  type: 'test'
  ...
# Subtest: caller abort stops attempts immediately
ok 187 - caller abort stops attempts immediately
  ---
  duration_ms: 1.319838
  type: 'test'
  ...
# Subtest: development client can disable JSONP and use the injected fetch directly
ok 188 - development client can disable JSONP and use the injected fetch directly
  ---
  duration_ms: 3.238005
  type: 'test'
  ...
# Subtest: balanced profile limits simulation, rendering and DPR
ok 189 - balanced profile limits simulation, rendering and DPR
  ---
  duration_ms: 1.415379
  type: 'test'
  ...
# Subtest: game loop decouples simulation, civilization and rendering rates
ok 190 - game loop decouples simulation, civilization and rendering rates
  ---
  duration_ms: 1.208097
  type: 'test'
  ...
# Subtest: combat spatial index returns only nearby active enemies
ok 191 - combat spatial index returns only nearby active enemies
  ---
  duration_ms: 1.562101
  type: 'test'
  ...
# Subtest: renderer caches static radar and road layers between frames
ok 192 - renderer caches static radar and road layers between frames
  ---
  duration_ms: 3.750066
  type: 'test'
  ...
# Subtest: tactical route choices use spatial snapshots instead of rescanning every enemy and defense per road edge
ok 193 - tactical route choices use spatial snapshots instead of rescanning every enemy and defense per road edge
  ---
  duration_ms: 154.118144
  type: 'test'
  ...
# Subtest: civilization level increases the active player-base limit by one
ok 194 - civilization level increases the active player-base limit by one
  ---
  duration_ms: 1.151761
  type: 'test'
  ...
# Subtest: base placement requires an unlocked slot, fresh position, nearby road and minimum separation
ok 195 - base placement requires an unlocked slot, fresh position, nearby road and minimum separation
  ---
  duration_ms: 3.433767
  type: 'test'
  ...
# Subtest: establishing a base adds a remote construction and simulation anchor
ok 196 - establishing a base adds a remote construction and simulation anchor
  ---
  duration_ms: 2.100782
  type: 'test'
  ...
# Subtest: secondary bases survive save and restore without retaining exact location fields
ok 197 - secondary bases survive save and restore without retaining exact location fields
  ---
  duration_ms: 2.417793
  type: 'test'
  ...
# Subtest: civilization projects require cumulative artifacts recovered in the field
ok 198 - civilization projects require cumulative artifacts recovered in the field
  ---
  duration_ms: 1.735783
  type: 'test'
  ...
# Subtest: PWA registers the current service worker on HTTPS
ok 199 - PWA registers the current service worker on HTTPS
  ---
  duration_ms: 1.98151
  type: 'test'
  ...
# Subtest: PWA is skipped for an allowed development fixture
ok 200 - PWA is skipped for an allowed development fixture
  ---
  duration_ms: 0.435692
  type: 'test'
  ...
# Subtest: public devFixture query does not disable production PWA registration
ok 201 - public devFixture query does not disable production PWA registration
  ---
  duration_ms: 2.319365
  type: 'test'
  ...
# Subtest: PWA registration failure does not stop the game
ok 202 - PWA registration failure does not stop the game
  ---
  duration_ms: 0.555663
  type: 'test'
  ...
# Subtest: radar renderer is integrated without changing the map input owner
ok 203 - radar renderer is integrated without changing the map input owner
  ---
  duration_ms: 11.699326
  type: 'test'
  ...
# Subtest: radar theme exposes tactical palette and mobile layout rules
ok 204 - radar theme exposes tactical palette and mobile layout rules
  ---
  duration_ms: 3.332247
  type: 'test'
  ...
# Subtest: combat and road renderers use radar glyphs and glow rather than emoji labels
ok 205 - combat and road renderers use radar glyphs and glow rather than emoji labels
  ---
  duration_ms: 6.589741
  type: 'test'
  ...
# Subtest: radar canvas layers render with a minimal canvas context
ok 206 - radar canvas layers render with a minimal canvas context
  ---
  duration_ms: 5.512183
  type: 'test'
  ...
# Subtest: playing footer stays clear of the combat toolbar
ok 207 - playing footer stays clear of the combat toolbar
  ---
  duration_ms: 2.330012
  type: 'test'
  ...
# Subtest: radar preferences apply defaults and cycle without game state
ok 208 - radar preferences apply defaults and cycle without game state
  ---
  duration_ms: 1.904948
  type: 'test'
  ...
# Subtest: bootstrap imports RadarPreferences before constructing it
ok 209 - bootstrap imports RadarPreferences before constructing it
  ---
  duration_ms: 10.729872
  type: 'test'
  ...
# Subtest: touch devices default to the power-saving radar profile
ok 210 - touch devices default to the power-saving radar profile
  ---
  duration_ms: 0.576381
  type: 'test'
  ...
# Subtest: destroying an enemy base creates one persistent recovery item at the destroyed base
ok 211 - destroying an enemy base creates one persistent recovery item at the destroyed base
  ---
  duration_ms: 2.733283
  type: 'test'
  ...
# Subtest: recovery requires the player to be within the physical collection range
ok 212 - recovery requires the player to be within the physical collection range
  ---
  duration_ms: 0.811564
  type: 'test'
  ...
# Subtest: recovery rejects stale or inaccurate geolocation even at the item position
ok 213 - recovery rejects stale or inaccurate geolocation even at the item position
  ---
  duration_ms: 0.341213
  type: 'test'
  ...
# Subtest: manual collection requires five seconds in range, grants once and removes the recovered item
ok 214 - manual collection requires five seconds in range, grants once and removes the recovered item
  ---
  duration_ms: 0.8604
  type: 'test'
  ...
# Subtest: leaving the collection radius cancels progress without removing the item
ok 215 - leaving the collection radius cancels progress without removing the item
  ---
  duration_ms: 0.633909
  type: 'test'
  ...
# Subtest: uncollected recovery items survive save and restore while live location freshness does not
ok 216 - uncollected recovery items survive save and restore while live location freshness does not
  ---
  duration_ms: 2.178679
  type: 'test'
  ...
# Subtest: refactor schema 1 scrap is migrated into canonical resources
ok 217 - refactor schema 1 scrap is migrated into canonical resources
  ---
  duration_ms: 4.055281
  type: 'test'
  ...
# Subtest: retrieval squad is deliberately weak and works from major and field bases
ok 218 - retrieval squad is deliberately weak and works from major and field bases
  ---
  duration_ms: 1.819734
  type: 'test'
  ...
# Subtest: dispatch reserves a recovery item and preview does not mutate it
ok 219 - dispatch reserves a recovery item and preview does not mutate it
  ---
  duration_ms: 5.541636
  type: 'test'
  ...
# Subtest: retrieval squad collects for eight seconds and grants the artifact only after returning
ok 220 - retrieval squad collects for eight seconds and grants the artifact only after returning
  ---
  duration_ms: 11.849385
  type: 'test'
  ...
# Subtest: destroying a squad before pickup releases the item at its original location
ok 221 - destroying a squad before pickup releases the item at its original location
  ---
  duration_ms: 1.997713
  type: 'test'
  ...
# Subtest: destroying a squad while carrying drops the item at the destruction point
ok 222 - destroying a squad while carrying drops the item at the destruction point
  ---
  duration_ms: 5.46061
  type: 'test'
  ...
# Subtest: withdrawing before pickup abandons the recovery mission and releases the item
ok 223 - withdrawing before pickup abandons the recovery mission and releases the item
  ---
  duration_ms: 1.811671
  type: 'test'
  ...
# Subtest: field bases can deploy and reorganize retrieval squads
ok 224 - field bases can deploy and reorganize retrieval squads
  ---
  duration_ms: 1.104681
  type: 'test'
  ...
# Subtest: reserved recovery mission survives save and restore without exposing exact live location data
ok 225 - reserved recovery mission survives save and restore without exposing exact live location data
  ---
  duration_ms: 2.740274
  type: 'test'
  ...
# Subtest: manual collection in progress blocks deployment without consuming resources or changing a ready squad
ok 226 - manual collection in progress blocks deployment without consuming resources or changing a ready squad
  ---
  duration_ms: 1.24121
  type: 'test'
  ...
# Subtest: orphaned reservations become available again after squad data is lost
ok 227 - orphaned reservations become available again after squad data is lost
  ---
  duration_ms: 0.948559
  type: 'test'
  ...
# Subtest: a real heavy enemy quickly destroys the weak retrieval squad and releases its reservation
ok 228 - a real heavy enemy quickly destroys the weak retrieval squad and releases its reservation
  ---
  duration_ms: 2.36228
  type: 'test'
  ...
# Subtest: remote retrieval completes under active, peripheral, and dormant regional intervals
ok 229 - remote retrieval completes under active, peripheral, and dormant regional intervals
  ---
  duration_ms: 62.667148
  type: 'test'
  ...
# Subtest: world chunks use deterministic grid ids and reversible centers
ok 230 - world chunks use deterministic grid ids and reversible centers
  ---
  duration_ms: 3.17237
  type: 'test'
  ...
# Subtest: initial chunk state only marks chunks fully covered by the initial acquisition
ok 231 - initial chunk state only marks chunks fully covered by the initial acquisition
  ---
  duration_ms: 0.645937
  type: 'test'
  ...
# Subtest: graph merge preserves existing ids, joins nearby endpoints and removes duplicate edges
ok 232 - graph merge preserves existing ids, joins nearby endpoints and removes duplicate edges
  ---
  duration_ms: 2.089291
  type: 'test'
  ...
# Subtest: chunk cache isolates worlds and can remove one world
ok 233 - chunk cache isolates worlds and can remove one world
  ---
  duration_ms: 0.70101
  type: 'test'
  ...
# Subtest: RoadService chunk acquisition projects roads into the original world coordinate system
ok 234 - RoadService chunk acquisition projects roads into the original world coordinate system
  ---
  duration_ms: 15.392474
  type: 'test'
  ...
# Subtest: parallel carriageways with the same identity collapse into one gameplay road
ok 235 - parallel carriageways with the same identity collapse into one gameplay road
  ---
  duration_ms: 3.649911
  type: 'test'
  ...
# Subtest: nearby roads with different names remain separate
ok 236 - nearby roads with different names remain separate
  ---
  duration_ms: 0.431687
  type: 'test'
  ...
# Subtest: clustered intersections build a connected graph and combat route
ok 237 - clustered intersections build a connected graph and combat route
  ---
  duration_ms: 4.734437
  type: 'test'
  ...
# Subtest: one RoadService load performs one acquisition and produces indexed graph data
ok 238 - one RoadService load performs one acquisition and produces indexed graph data
  ---
  duration_ms: 27.277897
  type: 'test'
  ...
# Subtest: chunk prefetch only includes crossed or nearby grid edges
ok 239 - chunk prefetch only includes crossed or nearby grid edges
  ---
  duration_ms: 2.689863
  type: 'test'
  ...
# Subtest: manager merges a new chunk, records it and persists a compact cache entry
ok 240 - manager merges a new chunk, records it and persists a compact cache entry
  ---
  duration_ms: 5.801636
  type: 'test'
  ...
# Subtest: manager loads a cached chunk without calling the road server
ok 241 - manager loads a cached chunk without calling the road server
  ---
  duration_ms: 1.614112
  type: 'test'
  ...
# Subtest: failed acquisitions cool down without blocking unrelated nearby chunks
ok 242 - failed acquisitions cool down without blocking unrelated nearby chunks
  ---
  duration_ms: 1.286559
  type: 'test'
  ...
# Subtest: chunk centers remain based on the original world center
ok 243 - chunk centers remain based on the original world center
  ---
  duration_ms: 0.254172
  type: 'test'
  ...
# Subtest: save data remains JSON and graph indexes are reconstructed after load
ok 244 - save data remains JSON and graph indexes are reconstructed after load
  ---
  duration_ms: 4.188878
  type: 'test'
  ...
# Subtest: v0.19 object-form road graphs remain loadable after compact saves are introduced
ok 245 - v0.19 object-form road graphs remain loadable after compact saves are introduced
  ---
  duration_ms: 0.54926
  type: 'test'
  ...
# Subtest: lifecycle follows the new startup sequence
ok 246 - lifecycle follows the new startup sequence
  ---
  duration_ms: 2.731089
  type: 'test'
  ...
# Subtest: invalid transition is rejected
ok 247 - invalid transition is rejected
  ---
  duration_ms: 1.045735
  type: 'test'
  ...
# Subtest: state snapshots cannot mutate the store
ok 248 - state snapshots cannot mutate the store
  ---
  duration_ms: 0.48611
  type: 'test'
  ...
# Subtest: source contains no legacy function override pattern or duplicate fetchRoadGraph
ok 249 - source contains no legacy function override pattern or duplicate fetchRoadGraph
  ---
  duration_ms: 118.639979
  type: 'test'
  ...
# Subtest: repair relay remains available as a build tool
ok 250 - repair relay remains available as a build tool
  ---
  duration_ms: 4.578777
  type: 'test'
  ...
# Subtest: survey facility is a civilization level 1 tower with approved tier progression
ok 251 - survey facility is a civilization level 1 tower with approved tier progression
  ---
  duration_ms: 3.974132
  type: 'test'
  ...
# Subtest: survey facility cannot be built before civilization level 1 or from the player-only build zone
ok 252 - survey facility cannot be built before civilization level 1 or from the player-only build zone
  ---
  duration_ms: 4.548695
  type: 'test'
  ...
# Subtest: each owned base can operate only one active survey facility
ok 253 - each owned base can operate only one active survey facility
  ---
  duration_ms: 1.782108
  type: 'test'
  ...
# Subtest: survey candidate selection expands one adjacent unloaded chunk inside the tier radius
ok 254 - survey candidate selection expands one adjacent unloaded chunk inside the tier radius
  ---
  duration_ms: 11.674681
  type: 'test'
  ...
# Subtest: survey-loaded roads are recorded separately from physically observed regions
ok 255 - survey-loaded roads are recorded separately from physically observed regions
  ---
  duration_ms: 4.080882
  type: 'test'
  ...
# Subtest: remote survey does not reveal exact frontier sources or ambient exploration sites
ok 256 - remote survey does not reveal exact frontier sources or ambient exploration sites
  ---
  duration_ms: 1.683006
  type: 'test'
  ...
# Subtest: entering a surveyed chunk promotes it to physical observation and reveals local content
ok 257 - entering a surveyed chunk promotes it to physical observation and reveals local content
  ---
  duration_ms: 2.407076
  type: 'test'
  ...
# Subtest: survey scheduler serializes facilities and enforces a global real-time cooldown
ok 258 - survey scheduler serializes facilities and enforces a global real-time cooldown
  ---
  duration_ms: 2.246514
  type: 'test'
  ...
# Subtest: survey status reports radius, cadence and remaining expansion work
ok 259 - survey status reports radius, cadence and remaining expansion work
  ---
  duration_ms: 1.342851
  type: 'test'
  ...
# Subtest: survey tower upgrade remains gated by the matching civilization level
ok 260 - survey tower upgrade remains gated by the matching civilization level
  ---
  duration_ms: 1.030063
  type: 'test'
  ...
# Subtest: a survey facility anchored to a destroyed simple base stops operating until the base is rebuilt
ok 261 - a survey facility anchored to a destroyed simple base stops operating until the base is rebuilt
  ---
  duration_ms: 0.482924
  type: 'test'
  ...
# Subtest: survey-only road chunks do not receive exact enemy bases before physical observation
ok 262 - survey-only road chunks do not receive exact enemy bases before physical observation
  ---
  duration_ms: 1.443274
  type: 'test'
  ...
# Subtest: survey progress and physical-observation boundaries survive save and restore
ok 263 - survey progress and physical-observation boundaries survive save and restore
  ---
  duration_ms: 1.610874
  type: 'test'
  ...
# Subtest: only one tab owns the synchronous storage lease
ok 264 - only one tab owns the synchronous storage lease
  ---
  duration_ms: 1.579193
  type: 'test'
  ...
# Subtest: broadcast fallback elects one primary tab when storage is unavailable
ok 265 - broadcast fallback elects one primary tab when storage is unavailable
  ---
  duration_ms: 1.278653
  type: 'test'
  ...
# Subtest: remaining route distance accounts for current edge progress
ok 266 - remaining route distance accounts for current edge progress
  ---
  duration_ms: 1.726749
  type: 'test'
  ...
# Subtest: threat level escalates from contact to critical
ok 267 - threat level escalates from contact to critical
  ---
  duration_ms: 0.810335
  type: 'test'
  ...
# Subtest: clear threat reports stable defense line
ok 268 - clear threat reports stable defense line
  ---
  duration_ms: 0.500312
  type: 'test'
  ...
# Subtest: tactical routes and focus render with a minimal canvas context
ok 269 - tactical routes and focus render with a minimal canvas context
  ---
  duration_ms: 16.414656
  type: 'test'
  ...
# Subtest: selected enemy base no longer renders a misleading player capture radius
ok 270 - selected enemy base no longer renders a misleading player capture radius
  ---
  duration_ms: 0.754425
  type: 'test'
  ...
# Subtest: HUD and modal CSS do not use unreadably small explicit type
ok 271 - HUD and modal CSS do not use unreadably small explicit type
  ---
  duration_ms: 9.589932
  type: 'test'
  ...
# Subtest: Canvas labels retain a readable minimum without changing world scale
ok 272 - Canvas labels retain a readable minimum without changing world scale
  ---
  duration_ms: 9.094058
  type: 'test'
  ...
# Subtest: larger tool labels receive matching control height and context clearance
ok 273 - larger tool labels receive matching control height and context clearance
  ---
  duration_ms: 2.859204
  type: 'test'
  ...
# Subtest: a fully destroyed wave increments perfect defense streak exactly once
ok 274 - a fully destroyed wave increments perfect defense streak exactly once
  ---
  duration_ms: 7.4013
  type: 'test'
  ...
# Subtest: civilization level creates resource bases without duplicating them
ok 275 - civilization level creates resource bases without duplicating them
  ---
  duration_ms: 1.974942
  type: 'test'
  ...
# Subtest: initial base placement excludes civilization resource bases
ok 276 - initial base placement excludes civilization resource bases
  ---
  duration_ms: 25.229982
  type: 'test'
  ...
# Subtest: destroyed base waits for its respawn timer and then reappears elsewhere
ok 277 - destroyed base waits for its respawn timer and then reappears elsewhere
  ---
  duration_ms: 1.75027
  type: 'test'
  ...
# Subtest: region activity follows the nearest city or player anchor
ok 278 - region activity follows the nearest city or player anchor
  ---
  duration_ms: 3.075077
  type: 'test'
  ...
# Subtest: regional clocks only release peripheral and dormant simulation at their intervals
ok 279 - regional clocks only release peripheral and dormant simulation at their intervals
  ---
  duration_ms: 1.217915
  type: 'test'
  ...
# Subtest: dormant enemies and facilities advance only when the remote interval is due
ok 280 - dormant enemies and facilities advance only when the remote interval is due
  ---
  duration_ms: 7.861052
  type: 'test'
  ...
# Subtest: road graph spatial index excludes distant roads from local queries
ok 281 - road graph spatial index excludes distant roads from local queries
  ---
  duration_ms: 2.161414
  type: 'test'
  ...
# Subtest: expanded road graphs use compact save encoding and restore gameplay fields
ok 282 - expanded road graphs use compact save encoding and restore gameplay fields
  ---
  duration_ms: 6.984755
  type: 'test'
  ...
1..282
# tests 282
# suites 0
# pass 282
# fail 0
# cancelled 0
# skipped 0
# todo 0
# duration_ms 13810.839392
