FRONTLINE ROADS v0.32.0 SERIAL VERIFICATION

> node --test --test-concurrency=1
TAP version 13
# Subtest: HTML references only existing local app resources and required controls exist
ok 1 - HTML references only existing local app resources and required controls exist
  ---
  duration_ms: 19.016717
  type: 'test'
  ...
# Subtest: every required DOM id used by bootstrap exists in HTML
ok 2 - every required DOM id used by bootstrap exists in HTML
  ---
  duration_ms: 9.756848
  type: 'test'
  ...
# Subtest: service worker app shell contains every runtime source file and all paths exist
ok 3 - service worker app shell contains every runtime source file and all paths exist
  ---
  duration_ms: 47.019636
  type: 'test'
  ...
# Subtest: development tree has no premature single-HTML build output
ok 4 - development tree has no premature single-HTML build output
  ---
  duration_ms: 3.664514
  type: 'test'
  ...
# Subtest: service worker only deletes FRONTLINE ROADS caches
ok 5 - service worker only deletes FRONTLINE ROADS caches
  ---
  duration_ms: 3.078213
  type: 'test'
  ...
# Subtest: service worker falls back to HTML only for navigation requests
ok 6 - service worker falls back to HTML only for navigation requests
  ---
  duration_ms: 3.695855
  type: 'test'
  ...
# Subtest: release version is synchronized across package, runtime label, HTML loader and service-worker cache
ok 7 - release version is synchronized across package, runtime label, HTML loader and service-worker cache
  ---
  duration_ms: 8.122272
  type: 'test'
  ...
# Subtest: asset startup does not delete caches or unregister service workers before boot
ok 8 - asset startup does not delete caches or unregister service workers before boot
  ---
  duration_ms: 3.070497
  type: 'test'
  ...
# Subtest: GitHub Pages package includes no-Jekyll markers and the legacy fr redirect
ok 9 - GitHub Pages package includes no-Jekyll markers and the legacy fr redirect
  ---
  duration_ms: 5.197336
  type: 'test'
  ...
# Subtest: obsolete top alert frame is absent from the play HUD
ok 10 - obsolete top alert frame is absent from the play HUD
  ---
  duration_ms: 4.112663
  type: 'test'
  ...
# Subtest: storage denial is detected without crashing construction
ok 11 - storage denial is detected without crashing construction
  ---
  duration_ms: 2.547101
  type: 'test'
  ...
# Subtest: invalid shallow save is quarantined instead of bricking startup
ok 12 - invalid shallow save is quarantined instead of bricking startup
  ---
  duration_ms: 2.74939
  type: 'test'
  ...
# Subtest: saved game removes exact position history and rounds map origin
ok 13 - saved game removes exact position history and rounds map origin
  ---
  duration_ms: 6.461572
  type: 'test'
  ...
# Subtest: state validation rejects malformed saved road graph
ok 14 - state validation rejects malformed saved road graph
  ---
  duration_ms: 0.773813
  type: 'test'
  ...
# Subtest: stone gate conversion cannot be used before civilization level 2
ok 15 - stone gate conversion cannot be used before civilization level 2
  ---
  duration_ms: 1.498002
  type: 'test'
  ...
# Subtest: path invalidation waits for the current edge instead of teleporting backward
ok 16 - path invalidation waits for the current edge instead of teleporting backward
  ---
  duration_ms: 2.699245
  type: 'test'
  ...
# Subtest: grade-separated endpoints are not merged into one intersection
ok 17 - grade-separated endpoints are not merged into one intersection
  ---
  duration_ms: 2.72504
  type: 'test'
  ...
# Subtest: long OSM geometry is subdivided rather than discarded
ok 18 - long OSM geometry is subdivided rather than discarded
  ---
  duration_ms: 3.544928
  type: 'test'
  ...
# Subtest: complete reset clears current, legacy, and backup save keys
ok 19 - complete reset clears current, legacy, and backup save keys
  ---
  duration_ms: 0.902847
  type: 'test'
  ...
# Subtest: production source only enables dev fixture on local or explicit test origins
ok 20 - production source only enables dev fixture on local or explicit test origins
  ---
  duration_ms: 27.480404
  type: 'test'
  ...
# Subtest: road loading uses the injected fetch implementation without a script transport
ok 21 - road loading uses the injected fetch implementation without a script transport
  ---
  duration_ms: 4.128109
  type: 'test'
  ...
# Subtest: tier-zero area and slow defenses use the approved restrained values
ok 22 - tier-zero area and slow defenses use the approved restrained values
  ---
  duration_ms: 3.292517
  type: 'test'
  ...
# Subtest: area defense applies full damage to one target, reduced splash and a hard target cap
ok 23 - area defense applies full damage to one target, reduced splash and a hard target cap
  ---
  duration_ms: 3.186481
  type: 'test'
  ...
# Subtest: slow defense affects only the nearest approved number of targets
ok 24 - slow defense affects only the nearest approved number of targets
  ---
  duration_ms: 0.975433
  type: 'test'
  ...
# Subtest: enemy base growth follows age thresholds and civilization caps
ok 25 - enemy base growth follows age thresholds and civilization caps
  ---
  duration_ms: 0.724189
  type: 'test'
  ...
# Subtest: enemy level multipliers scale durability, attack and speed without runaway speed growth
ok 26 - enemy level multipliers scale durability, attack and speed without runaway speed growth
  ---
  duration_ms: 0.559534
  type: 'test'
  ...
# Subtest: spawned enemies retain the source base level and scaled HP for their lifetime
ok 27 - spawned enemies retain the source base level and scaled HP for their lifetime
  ---
  duration_ms: 1.504221
  type: 'test'
  ...
# Subtest: enemy base levels add exactly one unit per level
ok 28 - enemy base levels add exactly one unit per level
  ---
  duration_ms: 1.359405
  type: 'test'
  ...
# Subtest: new civilization enemy generations phase in at 15, 30, 45 and 60 minutes
ok 29 - new civilization enemy generations phase in at 15, 30, 45 and 60 minutes
  ---
  duration_ms: 0.425511
  type: 'test'
  ...
# Subtest: higher enemy base levels increase pressure gradually rather than all at once
ok 30 - higher enemy base levels increase pressure gradually rather than all at once
  ---
  duration_ms: 0.685716
  type: 'test'
  ...
# Subtest: a level-two mixed wave now reaches a city defended only by tier-zero area and slow facilities
ok 31 - a level-two mixed wave now reaches a city defended only by tier-zero area and slow facilities
  ---
  duration_ms: 33.782422
  type: 'test'
  ...
# Subtest: a heavier level-two formation creates meaningful pressure without instantly defeating the city
ok 32 - a heavier level-two formation creates meaningful pressure without instantly defeating the city
  ---
  duration_ms: 23.805967
  type: 'test'
  ...
# Subtest: enemy base level increases emit one visible threat notification
ok 33 - enemy base level increases emit one visible threat notification
  ---
  duration_ms: 2.386871
  type: 'test'
  ...
# Subtest: enemy individual level and scaled HP survive save and restore
ok 34 - enemy individual level and scaled HP survive save and restore
  ---
  duration_ms: 92.528945
  type: 'test'
  ...
# Subtest: a new civilization generation keeps the previous generation during its opening grace window
ok 35 - a new civilization generation keeps the previous generation during its opening grace window
  ---
  duration_ms: 1.196682
  type: 'test'
  ...
# Subtest: enemy system applies the spawned enemy level to movement and city damage
ok 36 - enemy system applies the spawned enemy level to movement and city damage
  ---
  duration_ms: 0.639589
  type: 'test'
  ...
# Subtest: base command panel summarizes remote threats, facilities, squads and recoveries
ok 37 - base command panel summarizes remote threats, facilities, squads and recoveries
  ---
  duration_ms: 4.886993
  type: 'test'
  ...
# Subtest: base command UI lists all bases and switches the map camera without moving the player
ok 38 - base command UI lists all bases and switches the map camera without moving the player
  ---
  duration_ms: 4.370902
  type: 'test'
  ...
# Subtest: base command UI establishes an unlocked base at the current road position
ok 39 - base command UI establishes an unlocked base at the current road position
  ---
  duration_ms: 2.488464
  type: 'test'
  ...
# Subtest: combat renderer includes a distinct marker for secondary player bases
ok 40 - combat renderer includes a distinct marker for secondary player bases
  ---
  duration_ms: 14.789725
  type: 'test'
  ...
# Subtest: base command UI lists simple bases separately and can focus or rebuild a destroyed one
ok 41 - base command UI lists simple bases separately and can focus or rebuild a destroyed one
  ---
  duration_ms: 4.460285
  type: 'test'
  ...
# Subtest: combat renderer includes a distinct marker for simple bases and ruins
ok 42 - combat renderer includes a distinct marker for simple bases and ruins
  ---
  duration_ms: 3.584305
  type: 'test'
  ...
# Subtest: selection snaps to the existing graph and creates a base without refetching
ok 43 - selection snaps to the existing graph and creates a base without refetching
  ---
  duration_ms: 4.238969
  type: 'test'
  ...
# Subtest: a tap outside the road tolerance is rejected
ok 44 - a tap outside the road tolerance is rejected
  ---
  duration_ms: 0.30187
  type: 'test'
  ...
# Subtest: base placement uses a dedicated map viewport instead of drawing behind controls
ok 45 - base placement uses a dedicated map viewport instead of drawing behind controls
  ---
  duration_ms: 15.320133
  type: 'test'
  ...
# Subtest: base placement screen keeps the canvas clip synchronized with the viewport
ok 46 - base placement screen keeps the canvas clip synchronized with the viewport
  ---
  duration_ms: 6.027129
  type: 'test'
  ...
# Subtest: renderer switches to a brighter static scene for base selection
ok 47 - renderer switches to a brighter static scene for base selection
  ---
  duration_ms: 10.186835
  type: 'test'
  ...
# Subtest: startup quarantines only validation failures and isolates optional cache restoration
ok 48 - startup quarantines only validation failures and isolates optional cache restoration
  ---
  duration_ms: 2.189436
  type: 'test'
  ...
# Subtest: offline restoration has an explicit rollback boundary and UI failure preserves the save
ok 49 - offline restoration has an explicit rollback boundary and UI failure preserves the save
  ---
  duration_ms: 0.693982
  type: 'test'
  ...
# Subtest: complete reset cancels road-world requests before deleting cached world data
ok 50 - complete reset cancels road-world requests before deleting cached world data
  ---
  duration_ms: 0.652468
  type: 'test'
  ...
# Subtest: barrier highlighting is clipped to the build-radius portion of a road
ok 51 - barrier highlighting is clipped to the build-radius portion of a road
  ---
  duration_ms: 3.03514
  type: 'test'
  ...
# Subtest: build placement overlay draws valid sites, build radius and candidate effect radius
ok 52 - build placement overlay draws valid sites, build radius and candidate effect radius
  ---
  duration_ms: 2.339224
  type: 'test'
  ...
# Subtest: barrier overlay tolerates a minimal canvas implementation
ok 53 - barrier overlay tolerates a minimal canvas implementation
  ---
  duration_ms: 1.044857
  type: 'test'
  ...
# Subtest: renderer draws construction guidance after combat effects so candidates stay visible
ok 54 - renderer draws construction guidance after combat effects so candidates stay visible
  ---
  duration_ms: 17.016497
  type: 'test'
  ...
# Subtest: existing facilities do not expand construction beyond bases and the player
ok 55 - existing facilities do not expand construction beyond bases and the player
  ---
  duration_ms: 6.545454
  type: 'test'
  ...
# Subtest: previewing a candidate does not consume resources or create a defense
ok 56 - previewing a candidate does not consume resources or create a defense
  ---
  duration_ms: 1.967428
  type: 'test'
  ...
# Subtest: a confirmed candidate consumes resources exactly once and creates the selected defense
ok 57 - a confirmed candidate consumes resources exactly once and creates the selected defense
  ---
  duration_ms: 1.96227
  type: 'test'
  ...
# Subtest: a stale candidate is rejected without spending resources
ok 58 - a stale candidate is rejected without spending resources
  ---
  duration_ms: 1.078532
  type: 'test'
  ...
# Subtest: candidate confirmation rechecks resources that changed after preview
ok 59 - candidate confirmation rechecks resources that changed after preview
  ---
  duration_ms: 1.130648
  type: 'test'
  ...
# Subtest: barrier candidates retain the tapped road position and reject out-of-range points
ok 60 - barrier candidates retain the tapped road position and reject out-of-range points
  ---
  duration_ms: 1.182455
  type: 'test'
  ...
# Subtest: rebuilding a ruined placement at the same world time creates a distinct defense id
ok 61 - rebuilding a ruined placement at the same world time creates a distinct defense id
  ---
  duration_ms: 1.302295
  type: 'test'
  ...
# Subtest: preview skips an occupied nearest intersection when another valid intersection is within the tap tolerance
ok 62 - preview skips an occupied nearest intersection when another valid intersection is within the tap tolerance
  ---
  duration_ms: 0.935946
  type: 'test'
  ...
# Subtest: preview skips an occupied nearest road when another valid road is within the tap tolerance
ok 63 - preview skips an occupied nearest road when another valid road is within the tap tolerance
  ---
  duration_ms: 2.173697
  type: 'test'
  ...
# Subtest: player position creates a second build zone away from the home base
ok 64 - player position creates a second build zone away from the home base
  ---
  duration_ms: 4.178573
  type: 'test'
  ...
# Subtest: a current-location candidate is rejected if the player leaves its build zone before confirmation
ok 65 - a current-location candidate is rejected if the player leaves its build zone before confirmation
  ---
  duration_ms: 1.036763
  type: 'test'
  ...
# Subtest: overlapping home-base and player positions are represented as one build zone
ok 66 - overlapping home-base and player positions are represented as one build zone
  ---
  duration_ms: 0.35092
  type: 'test'
  ...
# Subtest: a remote facility stays outside the build zone until the player physically reaches it
ok 67 - a remote facility stays outside the build zone until the player physically reaches it
  ---
  duration_ms: 0.560281
  type: 'test'
  ...
# Subtest: removing a defense reopens its placement and invalidates enemy routes
ok 68 - removing a defense reopens its placement and invalidates enemy routes
  ---
  duration_ms: 0.88857
  type: 'test'
  ...
# Subtest: removing an unknown defense does not mutate the state
ok 69 - removing an unknown defense does not mutate the state
  ---
  duration_ms: 0.363283
  type: 'test'
  ...
# Subtest: inventory has one canonical resource store and preserves overflow
ok 70 - inventory has one canonical resource store and preserves overflow
  ---
  duration_ms: 5.571296
  type: 'test'
  ...
# Subtest: production reserves inputs once and completes through the civilization update
ok 71 - production reserves inputs once and completes through the civilization update
  ---
  duration_ms: 4.006737
  type: 'test'
  ...
# Subtest: removed resource outpost subsystem is absent from civilization runtime
ok 72 - removed resource outpost subsystem is absent from civilization runtime
  ---
  duration_ms: 0.244425
  type: 'test'
  ...
# Subtest: settlement damage ruins a building and disables its production
ok 73 - settlement damage ruins a building and disables its production
  ---
  duration_ms: 1.47204
  type: 'test'
  ...
# Subtest: production overflow stays in the building buffer until collection
ok 74 - production overflow stays in the building buffer until collection
  ---
  duration_ms: 1.28799
  type: 'test'
  ...
# Subtest: every civilization project uses implemented requirements and fits the unlocked settlement slots
ok 75 - every civilization project uses implemented requirements and fits the unlocked settlement slots
  ---
  duration_ms: 0.718665
  type: 'test'
  ...
# Subtest: map tap only selects a build candidate and confirmation performs the mutation
ok 76 - map tap only selects a build candidate and confirmation performs the mutation
  ---
  duration_ms: 108.448001
  type: 'test'
  ...
# Subtest: combat UI no longer calls immediate buildAt from map taps
ok 77 - combat UI no longer calls immediate buildAt from map taps
  ---
  duration_ms: 7.600724
  type: 'test'
  ...
# Subtest: an invalid second tap clears the previous candidate to prevent confirming the wrong location
ok 78 - an invalid second tap clears the previous candidate to prevent confirming the wrong location
  ---
  duration_ms: 2.55821
  type: 'test'
  ...
# Subtest: build confirmation is disabled while the selected facility is unaffordable
ok 79 - build confirmation is disabled while the selected facility is unaffordable
  ---
  duration_ms: 2.423924
  type: 'test'
  ...
# Subtest: context explanations are collapsed by default and metrics remain visible
ok 80 - context explanations are collapsed by default and metrics remain visible
  ---
  duration_ms: 1.447362
  type: 'test'
  ...
# Subtest: an opened context explanation remains open after the live HUD rerenders
ok 81 - an opened context explanation remains open after the live HUD rerenders
  ---
  duration_ms: 1.763914
  type: 'test'
  ...
# Subtest: context metrics use a fixed three-column grid to reduce panel height
ok 82 - context metrics use a fixed three-column grid to reduce panel height
  ---
  duration_ms: 10.134792
  type: 'test'
  ...
# Subtest: defense removal requires a second confirmation and then clears the selected facility
ok 83 - defense removal requires a second confirmation and then clears the selected facility
  ---
  duration_ms: 3.963304
  type: 'test'
  ...
# Subtest: tapping the selected facility again closes the compact context panel
ok 84 - tapping the selected facility again closes the compact context panel
  ---
  duration_ms: 2.763709
  type: 'test'
  ...
# Subtest: combat effect buffer is capped and prunes expired effects
ok 85 - combat effect buffer is capped and prunes expired effects
  ---
  duration_ms: 1.832987
  type: 'test'
  ...
# Subtest: event bus creates transient shot and city warning effects
ok 86 - event bus creates transient shot and city warning effects
  ---
  duration_ms: 6.573107
  type: 'test'
  ...
# Subtest: manual defense upgrade events create a visible pulse
ok 87 - manual defense upgrade events create a visible pulse
  ---
  duration_ms: 0.794308
  type: 'test'
  ...
# Subtest: barrier changes weighted enemy route without creating another graph
ok 88 - barrier changes weighted enemy route without creating another graph
  ---
  duration_ms: 12.037819
  type: 'test'
  ...
# Subtest: enemy position follows path direction rather than edge storage direction
ok 89 - enemy position follows path direction rather than edge storage direction
  ---
  duration_ms: 1.939268
  type: 'test'
  ...
# Subtest: build range is measured from established home base
ok 90 - build range is measured from established home base
  ---
  duration_ms: 3.006113
  type: 'test'
  ...
# Subtest: gun tower damages an enemy in range
ok 91 - gun tower damages an enemy in range
  ---
  duration_ms: 2.664536
  type: 'test'
  ...
# Subtest: enemy reaching the city deals damage and is removed
ok 92 - enemy reaching the city deals damage and is removed
  ---
  duration_ms: 1.884443
  type: 'test'
  ...
# Subtest: repair relay consumes resources and repairs only the most damaged target
ok 93 - repair relay consumes resources and repairs only the most damaged target
  ---
  duration_ms: 1.09856
  type: 'test'
  ...
# Subtest: city recovers after a quiet period and a large update only heals post-cooldown time
ok 94 - city recovers after a quiet period and a large update only heals post-cooldown time
  ---
  duration_ms: 84.557565
  type: 'test'
  ...
# Subtest: city defeat never creates negative resources and reports unpaid emergency recovery honestly
ok 95 - city defeat never creates negative resources and reports unpaid emergency recovery honestly
  ---
  duration_ms: 24.254683
  type: 'test'
  ...
# Subtest: civilization level raises major and field base squad capacity
ok 96 - civilization level raises major and field base squad capacity
  ---
  duration_ms: 3.067394
  type: 'test'
  ...
# Subtest: one major base can dispatch several squads until its civilization capacity is full
ok 97 - one major base can dispatch several squads until its civilization capacity is full
  ---
  duration_ms: 4.503172
  type: 'test'
  ...
# Subtest: recovering squads occupy only their own slot and do not block other free slots
ok 98 - recovering squads occupy only their own slot and do not block other free slots
  ---
  duration_ms: 2.059606
  type: 'test'
  ...
# Subtest: field bases also support multiple light squads according to civilization level
ok 99 - field bases also support multiple light squads according to civilization level
  ---
  duration_ms: 2.289082
  type: 'test'
  ...
# Subtest: every settlement building has a concise gameplay description
ok 100 - every settlement building has a concise gameplay description
  ---
  duration_ms: 0.582445
  type: 'test'
  ...
# Subtest: default resource HUD renders every owned resource as an independent chip
ok 101 - default resource HUD renders every owned resource as an independent chip
  ---
  duration_ms: 1.694184
  type: 'test'
  ...
# Subtest: resource HUD uses a non-overlapping scrollable two-row dock
ok 102 - resource HUD uses a non-overlapping scrollable two-row dock
  ---
  duration_ms: 22.897532
  type: 'test'
  ...
# Subtest: barrier has player-facing role, effect, placement and numeric metrics
ok 103 - barrier has player-facing role, effect, placement and numeric metrics
  ---
  duration_ms: 2.263578
  type: 'test'
  ...
# Subtest: gun has player-facing role, effect, placement and numeric metrics
ok 104 - gun has player-facing role, effect, placement and numeric metrics
  ---
  duration_ms: 0.572109
  type: 'test'
  ...
# Subtest: mortar has player-facing role, effect, placement and numeric metrics
ok 105 - mortar has player-facing role, effect, placement and numeric metrics
  ---
  duration_ms: 0.38251
  type: 'test'
  ...
# Subtest: slow has player-facing role, effect, placement and numeric metrics
ok 106 - slow has player-facing role, effect, placement and numeric metrics
  ---
  duration_ms: 0.374223
  type: 'test'
  ...
# Subtest: relay has player-facing role, effect, placement and numeric metrics
ok 107 - relay has player-facing role, effect, placement and numeric metrics
  ---
  duration_ms: 1.070426
  type: 'test'
  ...
# Subtest: all defense tiers define deterministic durability and sequential upgrade costs
ok 108 - all defense tiers define deterministic durability and sequential upgrade costs
  ---
  duration_ms: 2.983734
  type: 'test'
  ...
# Subtest: defense upgrades are sequential and locked to civilization level
ok 109 - defense upgrades are sequential and locked to civilization level
  ---
  duration_ms: 5.879725
  type: 'test'
  ...
# Subtest: upgrading preserves damage ratio instead of fully healing the facility
ok 110 - upgrading preserves damage ratio instead of fully healing the facility
  ---
  duration_ms: 1.407284
  type: 'test'
  ...
# Subtest: tier synchronization upgrades legacy durability without changing its health percentage
ok 111 - tier synchronization upgrades legacy durability without changing its health percentage
  ---
  duration_ms: 0.481588
  type: 'test'
  ...
# Subtest: destroyed and maximum-tier defenses cannot be upgraded
ok 112 - destroyed and maximum-tier defenses cannot be upgraded
  ---
  duration_ms: 2.575579
  type: 'test'
  ...
# Subtest: gate conversion starts at tier two and preserves the prior health ratio
ok 113 - gate conversion starts at tier two and preserves the prior health ratio
  ---
  duration_ms: 1.087541
  type: 'test'
  ...
# Subtest: combat UI keeps the normal facility panel compact and opens upgrade details only on demand
ok 114 - combat UI keeps the normal facility panel compact and opens upgrade details only on demand
  ---
  duration_ms: 69.843401
  type: 'test'
  ...
# Subtest: facility explanation replaces the metric view instead of stacking below it
ok 115 - facility explanation replaces the metric view instead of stacking below it
  ---
  duration_ms: 2.662278
  type: 'test'
  ...
# Subtest: civilization panel explains the current defense tier ceiling and next unlock
ok 116 - civilization panel explains the current defense tier ceiling and next unlock
  ---
  duration_ms: 16.067297
  type: 'test'
  ...
# Subtest: applying a tier uses the explicit durability table for every facility class
ok 117 - applying a tier uses the explicit durability table for every facility class
  ---
  duration_ms: 0.89298
  type: 'test'
  ...
# Subtest: upgraded attack statistics are used by live combat rather than only the UI
ok 118 - upgraded attack statistics are used by live combat rather than only the UI
  ---
  duration_ms: 3.454857
  type: 'test'
  ...
# Subtest: defense panel uses a compact capped layout with fixed visible actions
ok 119 - defense panel uses a compact capped layout with fixed visible actions
  ---
  duration_ms: 12.939853
  type: 'test'
  ...
# Subtest: asset loader starts with the current application-relative stylesheet
ok 120 - asset loader starts with the current application-relative stylesheet
  ---
  duration_ms: 16.945936
  type: 'test'
  ...
# Subtest: asset loader recovers a legacy fr path through the canonical frontline-roads directory
ok 121 - asset loader recovers a legacy fr path through the canonical frontline-roads directory
  ---
  duration_ms: 10.31218
  type: 'test'
  ...
# Subtest: top HUD no longer exposes a global deployment button
ok 122 - top HUD no longer exposes a global deployment button
  ---
  duration_ms: 10.891266
  type: 'test'
  ...
# Subtest: enemy-base deployment opens with the tapped target fixed
ok 123 - enemy-base deployment opens with the tapped target fixed
  ---
  duration_ms: 15.817883
  type: 'test'
  ...
# Subtest: recovery-item deployment keeps the selected item fixed and only offers retrieval squads
ok 124 - recovery-item deployment keeps the selected item fixed and only offers retrieval squads
  ---
  duration_ms: 1.656136
  type: 'test'
  ...
# Subtest: combat target context exposes direct deployment actions
ok 125 - combat target context exposes direct deployment actions
  ---
  duration_ms: 4.281779
  type: 'test'
  ...
# Subtest: combat renderer includes visible friendly squad markers
ok 126 - combat renderer includes visible friendly squad markers
  ---
  duration_ms: 3.33328
  type: 'test'
  ...
# Subtest: enemy types make different barrier decisions from break time and detour time
ok 127 - enemy types make different barrier decisions from break time and detour time
  ---
  duration_ms: 5.984011
  type: 'test'
  ...
# Subtest: balanced infantry breaches a weakened wall instead of taking a long detour
ok 128 - balanced infantry breaches a weakened wall instead of taking a long detour
  ---
  duration_ms: 0.905832
  type: 'test'
  ...
# Subtest: raider selects repair support before ordinary weapon towers
ok 129 - raider selects repair support before ordinary weapon towers
  ---
  duration_ms: 3.987703
  type: 'test'
  ...
# Subtest: rope cutter selects slowing equipment before repair support
ok 130 - rope cutter selects slowing equipment before repair support
  ---
  duration_ms: 0.997173
  type: 'test'
  ...
# Subtest: specialist damages its selected facility and invalidates shared targets when it is destroyed
ok 131 - specialist damages its selected facility and invalidates shared targets when it is destroyed
  ---
  duration_ms: 1.743043
  type: 'test'
  ...
# Subtest: a newly built priority facility requests rerouting without teleporting an enemy off its current road
ok 132 - a newly built priority facility requests rerouting without teleporting an enemy off its current road
  ---
  duration_ms: 3.878933
  type: 'test'
  ...
# Subtest: civilization generations contain expanded valid enemy variants with explicit personalities
ok 133 - civilization generations contain expanded valid enemy variants with explicit personalities
  ---
  duration_ms: 2.815964
  type: 'test'
  ...
# Subtest: flanking enemies choose a bounded longer side road while direct infantry uses the shortest road
ok 134 - flanking enemies choose a bounded longer side road while direct infantry uses the shortest road
  ---
  duration_ms: 5.899223
  type: 'test'
  ...
# Subtest: marauder personality prioritizes a field base over an equally reachable city
ok 135 - marauder personality prioritizes a field base over an equally reachable city
  ---
  duration_ms: 5.337149
  type: 'test'
  ...
# Subtest: squad hunter plans toward an active friendly squad and damages it after contact
ok 136 - squad hunter plans toward an active friendly squad and damages it after contact
  ---
  duration_ms: 4.253953
  type: 'test'
  ...
# Subtest: war drummer speed aura accelerates nearby allies without accelerating itself
ok 137 - war drummer speed aura accelerates nearby allies without accelerating itself
  ---
  duration_ms: 2.086466
  type: 'test'
  ...
# Subtest: civilization level four rotates doctrines and introduces the new generation across repeated waves
ok 138 - civilization level four rotates doctrines and introduces the new generation across repeated waves
  ---
  duration_ms: 6.59429
  type: 'test'
  ...
# Subtest: personality route and doctrine metadata survive the unchanged save schema
ok 139 - personality route and doctrine metadata survive the unchanged save schema
  ---
  duration_ms: 3.872755
  type: 'test'
  ...
# Subtest: loaded source chunk materializes a persistent enemy-source site
ok 140 - loaded source chunk materializes a persistent enemy-source site
  ---
  duration_ms: 4.968715
  type: 'test'
  ...
# Subtest: player can clear an enemy source on site and stop future frontier waves
ok 141 - player can clear an enemy source on site and stop future frontier waves
  ---
  duration_ms: 6.350467
  type: 'test'
  ...
# Subtest: enemy source interaction requires proximity and a clear local area
ok 142 - enemy source interaction requires proximity and a clear local area
  ---
  duration_ms: 1.796385
  type: 'test'
  ...
# Subtest: loaded chunks are processed once for deterministic ambient discoveries
ok 143 - loaded chunks are processed once for deterministic ambient discoveries
  ---
  duration_ms: 1.774375
  type: 'test'
  ...
# Subtest: exploration renderer draws active sites with a minimal canvas context
ok 144 - exploration renderer draws active sites with a minimal canvas context
  ---
  duration_ms: 1.405423
  type: 'test'
  ...
# Subtest: civilization level provides a separate simple-base limit
ok 145 - civilization level provides a separate simple-base limit
  ---
  duration_ms: 2.072604
  type: 'test'
  ...
# Subtest: simple-base placement requires civilization unlock, fresh GPS, road access and separation
ok 146 - simple-base placement requires civilization unlock, fresh GPS, road access and separation
  ---
  duration_ms: 3.504101
  type: 'test'
  ...
# Subtest: simple-base placement accepts a fresh stationary GPS fix and a road node within the wider placement radius
ok 147 - simple-base placement accepts a fresh stationary GPS fix and a road node within the wider placement radius
  ---
  duration_ms: 1.048158
  type: 'test'
  ...
# Subtest: simple bases require and consume the processed-resource cost for their slot
ok 148 - simple bases require and consume the processed-resource cost for their slot
  ---
  duration_ms: 2.995408
  type: 'test'
  ...
# Subtest: simple base has 40 HP and creates only a 50m construction anchor
ok 149 - simple base has 40 HP and creates only a 50m construction anchor
  ---
  duration_ms: 2.056413
  type: 'test'
  ...
# Subtest: current assault squad can deploy from an active simple base
ok 150 - current assault squad can deploy from an active simple base
  ---
  duration_ms: 2.567029
  type: 'test'
  ...
# Subtest: nearby enemies can destroy a simple base and remove its construction and deployment roles
ok 151 - nearby enemies can destroy a simple base and remove its construction and deployment roles
  ---
  duration_ms: 5.629906
  type: 'test'
  ...
# Subtest: destroyed simple base keeps its slot and can only be rebuilt at the site
ok 152 - destroyed simple base keeps its slot and can only be rebuilt at the site
  ---
  duration_ms: 1.437954
  type: 'test'
  ...
# Subtest: simple-base state survives save and restore without precise location metadata
ok 153 - simple-base state survives save and restore without precise location metadata
  ---
  duration_ms: 5.023801
  type: 'test'
  ...
# Subtest: level-four civilization progress counts active simple bases instead of obsolete outposts
ok 154 - level-four civilization progress counts active simple bases instead of obsolete outposts
  ---
  duration_ms: 2.167347
  type: 'test'
  ...
# Subtest: a distant simple base does not pull attackers away from a much nearer city
ok 155 - a distant simple base does not pull attackers away from a much nearer city
  ---
  duration_ms: 1.235476
  type: 'test'
  ...
# Subtest: standing at a simple base keeps the wider current-location construction zone
ok 156 - standing at a simple base keeps the wider current-location construction zone
  ---
  duration_ms: 1.005609
  type: 'test'
  ...
# Subtest: a major base cannot be placed on top of an active simple base
ok 157 - a major base cannot be placed on top of an active simple base
  ---
  duration_ms: 1.120033
  type: 'test'
  ...
# Subtest: a destroyed simple-base ruin still blocks overlapping major-base placement
ok 158 - a destroyed simple-base ruin still blocks overlapping major-base placement
  ---
  duration_ms: 0.821109
  type: 'test'
  ...
# Subtest: an active simple base anchors regional simulation but a destroyed one does not
ok 159 - an active simple base anchors regional simulation but a destroyed one does not
  ---
  duration_ms: 47.712303
  type: 'test'
  ...
# Subtest: an enemy chooses a nearby simple base when it is meaningfully closer than the city
ok 160 - an enemy chooses a nearby simple base when it is meaningfully closer than the city
  ---
  duration_ms: 1.395805
  type: 'test'
  ...
# Subtest: deployment preview is non-destructive and dispatch spends the assault cost once
ok 161 - deployment preview is non-destructive and dispatch spends the assault cost once
  ---
  duration_ms: 7.839913
  type: 'test'
  ...
# Subtest: friendly squad stops to fight enemies and both sides exchange damage
ok 162 - friendly squad stops to fight enemies and both sides exchange damage
  ---
  duration_ms: 9.23612
  type: 'test'
  ...
# Subtest: squad destroys an enemy base, schedules respawn and returns to its origin
ok 163 - squad destroys an enemy base, schedules respawn and returns to its origin
  ---
  duration_ms: 7.699596
  type: 'test'
  ...
# Subtest: friendly squads survive JSON save and restore without exact base coordinates
ok 164 - friendly squads survive JSON save and restore without exact base coordinates
  ---
  duration_ms: 4.215096
  type: 'test'
  ...
# Subtest: remote friendly squads only advance when the dormant regional interval is due
ok 165 - remote friendly squads only advance when the dormant regional interval is due
  ---
  duration_ms: 24.897635
  type: 'test'
  ...
# Subtest: friendly order overlay draws selectable nodes, routes, destination and waypoints on a minimal canvas
ok 166 - friendly order overlay draws selectable nodes, routes, destination and waypoints on a minimal canvas
  ---
  duration_ms: 6.985528
  type: 'test'
  ...
# Subtest: combat UI exposes stop, retreat, withdraw, resume and two-waypoint route planning
ok 167 - combat UI exposes stop, retreat, withdraw, resume and two-waypoint route planning
  ---
  duration_ms: 11.85631
  type: 'test'
  ...
# Subtest: renderer places squad order guidance above combat and construction layers
ok 168 - renderer places squad order guidance above combat and construction layers
  ---
  duration_ms: 3.665573
  type: 'test'
  ...
# Subtest: stop holds a squad at its exact road position while retaining the mission
ok 169 - stop holds a squad at its exact road position while retaining the mission
  ---
  duration_ms: 8.978704
  type: 'test'
  ...
# Subtest: route command issued mid-edge preserves position and joins the chosen route at the next intersection
ok 170 - route command issued mid-edge preserves position and joins the chosen route at the next intersection
  ---
  duration_ms: 2.095638
  type: 'test'
  ...
# Subtest: retreat reaches the selected node, stops there, and keeps the original attack mission
ok 171 - retreat reaches the selected node, stops there, and keeps the original attack mission
  ---
  duration_ms: 3.209543
  type: 'test'
  ...
# Subtest: withdraw abandons the mission and begins recovery only after it reaches the origin
ok 172 - withdraw abandons the mission and begins recovery only after it reaches the origin
  ---
  duration_ms: 3.608158
  type: 'test'
  ...
# Subtest: stopping a retreat preserves the retreat destination for route-selected resume
ok 173 - stopping a retreat preserves the retreat destination for route-selected resume
  ---
  duration_ms: 0.958266
  type: 'test'
  ...
# Subtest: retreat validation rejects a node closer to the hostile base and accepts an owned base behind the squad
ok 174 - retreat validation rejects a node closer to the hostile base and accepts an owned base behind the squad
  ---
  duration_ms: 1.192886
  type: 'test'
  ...
# Subtest: route planner exposes distinct shortest, enemy-avoidance and friendly-support choices when the road graph allows them
ok 175 - route planner exposes distinct shortest, enemy-avoidance and friendly-support choices when the road graph allows them
  ---
  duration_ms: 5.492533
  type: 'test'
  ...
# Subtest: waypoints force every generated route through the selected intersections
ok 176 - waypoints force every generated route through the selected intersections
  ---
  duration_ms: 1.276442
  type: 'test'
  ...
# Subtest: retreating through a newly encountered enemy does not grant invulnerability
ok 177 - retreating through a newly encountered enemy does not grant invulnerability
  ---
  duration_ms: 53.463064
  type: 'test'
  ...
# Subtest: friendly orders, selected route and history survive save and restore
ok 178 - friendly orders, selected route and history survive save and restore
  ---
  duration_ms: 4.478429
  type: 'test'
  ...
# Subtest: a rejected withdraw route leaves the original mission untouched
ok 179 - a rejected withdraw route leaves the original mission untouched
  ---
  duration_ms: 0.683902
  type: 'test'
  ...
# Subtest: route orders reject paths whose edges do not connect the declared node sequence
ok 180 - route orders reject paths whose edges do not connect the declared node sequence
  ---
  duration_ms: 0.411758
  type: 'test'
  ...
# Subtest: route estimates include the remaining distance on the squad current road segment
ok 181 - route estimates include the remaining distance on the squad current road segment
  ---
  duration_ms: 0.57453
  type: 'test'
  ...
# Subtest: a map tap near a displayed route selects that route instead of becoming a waypoint
ok 182 - a map tap near a displayed route selects that route instead of becoming a waypoint
  ---
  duration_ms: 1.18088
  type: 'test'
  ...
# Subtest: civilization level one unlocks treatment and field aid with the approved progression
ok 183 - civilization level one unlocks treatment and field aid with the approved progression
  ---
  duration_ms: 2.497822
  type: 'test'
  ...
# Subtest: major bases recover a returned squad to full health and keep it ready for redeployment
ok 184 - major bases recover a returned squad to full health and keep it ready for redeployment
  ---
  duration_ms: 8.157828
  type: 'test'
  ...
# Subtest: a treatment facility accelerates healing and reorganization at a major base
ok 185 - a treatment facility accelerates healing and reorganization at a major base
  ---
  duration_ms: 2.214841
  type: 'test'
  ...
# Subtest: a field base without an aid station reorganizes but does not heal a light squad
ok 186 - a field base without an aid station reorganizes but does not heal a light squad
  ---
  duration_ms: 1.250891
  type: 'test'
  ...
# Subtest: a field aid station heals assault and skirmisher squads up to seventy percent
ok 187 - a field aid station heals assault and skirmisher squads up to seventy percent
  ---
  duration_ms: 1.444135
  type: 'test'
  ...
# Subtest: field aid does not heal non-light squads if legacy data places one at a field base
ok 188 - field aid does not heal non-light squads if legacy data places one at a field base
  ---
  duration_ms: 0.853535
  type: 'test'
  ...
# Subtest: a recovering squad occupies one slot while another free slot remains usable
ok 189 - a recovering squad occupies one slot while another free slot remains usable
  ---
  duration_ms: 6.758248
  type: 'test'
  ...
# Subtest: selecting a different type replaces a ready garrison only when every squad slot is occupied
ok 190 - selecting a different type replaces a ready garrison only when every squad slot is occupied
  ---
  duration_ms: 2.522384
  type: 'test'
  ...
# Subtest: medical and field aid facilities are restricted to their matching base types and one slot each
ok 191 - medical and field aid facilities are restricted to their matching base types and one slot each
  ---
  duration_ms: 3.91856
  type: 'test'
  ...
# Subtest: destroying a treatment facility immediately falls back to natural base recovery
ok 192 - destroying a treatment facility immediately falls back to natural base recovery
  ---
  duration_ms: 1.518915
  type: 'test'
  ...
# Subtest: recovery state and progress survive save and restore
ok 193 - recovery state and progress survive save and restore
  ---
  duration_ms: 5.964275
  type: 'test'
  ...
# Subtest: a recovering squad evacuates to the nearest major base when its field base is destroyed
ok 194 - a recovering squad evacuates to the nearest major base when its field base is destroyed
  ---
  duration_ms: 4.276335
  type: 'test'
  ...
# Subtest: recovery and ready garrisons reject tactical movement orders
ok 195 - recovery and ready garrisons reject tactical movement orders
  ---
  duration_ms: 0.804776
  type: 'test'
  ...
# Subtest: treatment capacity queues excess squads without losing recovery state
ok 196 - treatment capacity queues excess squads without losing recovery state
  ---
  duration_ms: 0.54849
  type: 'test'
  ...
# Subtest: tier-three treatment facilities process two recovering squads at once
ok 197 - tier-three treatment facilities process two recovering squads at once
  ---
  duration_ms: 0.323794
  type: 'test'
  ...
# Subtest: friendly unit unlock levels and simple-base deployment restrictions are enforced
ok 198 - friendly unit unlock levels and simple-base deployment restrictions are enforced
  ---
  duration_ms: 5.852536
  type: 'test'
  ...
# Subtest: skirmisher damage strongly favors light enemies and is weak against armored enemies
ok 199 - skirmisher damage strongly favors light enemies and is weak against armored enemies
  ---
  duration_ms: 0.498231
  type: 'test'
  ...
# Subtest: siege squad damages enemy bases much faster than the assault squad
ok 200 - siege squad damages enemy bases much faster than the assault squad
  ---
  duration_ms: 6.402957
  type: 'test'
  ...
# Subtest: nearby heavy squad intercepts part of the damage aimed at another friendly squad
ok 201 - nearby heavy squad intercepts part of the damage aimed at another friendly squad
  ---
  duration_ms: 2.326191
  type: 'test'
  ...
# Subtest: expedition squad heals only after its non-combat recovery delay
ok 202 - expedition squad heals only after its non-combat recovery delay
  ---
  duration_ms: 1.052089
  type: 'test'
  ...
# Subtest: all friendly unit types preserve their identity and combat state through save and restore
ok 203 - all friendly unit types preserve their identity and combat state through save and restore
  ---
  duration_ms: 4.616427
  type: 'test'
  ...
# Subtest: skirmisher prioritizes a light specialist over a nearer ordinary infantry target
ok 204 - skirmisher prioritizes a light specialist over a nearer ordinary infantry target
  ---
  duration_ms: 1.436132
  type: 'test'
  ...
# Subtest: mixed friendly unit types remain valid through extended regional combat simulation
ok 205 - mixed friendly unit types remain valid through extended regional combat simulation
  ---
  duration_ms: 154.037949
  type: 'test'
  ...
# Subtest: dead-end roads at unexplored chunk borders become frontier candidates
ok 206 - dead-end roads at unexplored chunk borders become frontier candidates
  ---
  duration_ms: 4.002235
  type: 'test'
  ...
# Subtest: frontier source stays fixed while its entry point advances with map expansion
ok 207 - frontier source stays fixed while its entry point advances with map expansion
  ---
  duration_ms: 3.936238
  type: 'test'
  ...
# Subtest: frontier system launches enemies from a map-edge entry node
ok 208 - frontier system launches enemies from a map-edge entry node
  ---
  duration_ms: 2.771087
  type: 'test'
  ...
# Subtest: frontier identity is hidden until the signal is localized
ok 209 - frontier identity is hidden until the signal is localized
  ---
  duration_ms: 0.423318
  type: 'test'
  ...
# Subtest: frontier renderer tolerates a minimal canvas context
ok 210 - frontier renderer tolerates a minimal canvas context
  ---
  duration_ms: 1.591012
  type: 'test'
  ...
# Subtest: balanced opening reaches civilization level one without collapse on a line road network
ok 211 - balanced opening reaches civilization level one without collapse on a line road network
  ---
  duration_ms: 495.176869
  type: 'test'
  ...
# Subtest: balanced opening reaches civilization level one without collapse on a cross road network
ok 212 - balanced opening reaches civilization level one without collapse on a cross road network
  ---
  duration_ms: 302.497552
  type: 'test'
  ...
# Subtest: balanced opening reaches civilization level one without collapse on a grid road network
ok 213 - balanced opening reaches civilization level one without collapse on a grid road network
  ---
  duration_ms: 269.309121
  type: 'test'
  ...
# Subtest: attack-only opening can suppress the first bases but still causes material losses
ok 214 - attack-only opening can suppress the first bases but still causes material losses
  ---
  duration_ms: 370.806572
  type: 'test'
  ...
# Subtest: batch production queues 1, 5, 10 or the maximum without double-reserving inputs
ok 215 - batch production queues 1, 5, 10 or the maximum without double-reserving inputs
  ---
  duration_ms: 9.802812
  type: 'test'
  ...
# Subtest: project-only production caps queued units, starts the existing order, and cannot overshoot the target
ok 216 - project-only production caps queued units, starts the existing order, and cannot overshoot the target
  ---
  duration_ms: 2.354954
  type: 'test'
  ...
# Subtest: safe civilization contribution keeps the declared defense reserve while explicit full contribution may use it
ok 217 - safe civilization contribution keeps the declared defense reserve while explicit full contribution may use it
  ---
  duration_ms: 3.067046
  type: 'test'
  ...
# Subtest: coordinated deployment can use multiple slots from one base and synchronizes mixed squads to one arrival time
ok 218 - coordinated deployment can use multiple slots from one base and synchronizes mixed squads to one arrival time
  ---
  duration_ms: 12.125506
  type: 'test'
  ...
# Subtest: simple-base network diagnostic distinguishes sufficient and insufficient acquired roads
ok 219 - simple-base network diagnostic distinguishes sufficient and insufficient acquired roads
  ---
  duration_ms: 2.33507
  type: 'test'
  ...
# Subtest: listed barrier sites use an in-range projection and remain valid for construction on dense roads
ok 220 - listed barrier sites use an in-range projection and remain valid for construction on dense roads
  ---
  duration_ms: 3.096452
  type: 'test'
  ...
# Subtest: gameplay stabilization controls are present in UI source and field-base text includes retrieval squads
ok 221 - gameplay stabilization controls are present in UI source and field-base text includes retrieval squads
  ---
  duration_ms: 27.27805
  type: 'test'
  ...
# Subtest: source module graph has no circular dependencies
ok 222 - source module graph has no circular dependencies
  ---
  duration_ms: 178.110751
  type: 'test'
  ...
# Subtest: twelve-hour simulation remains bounded, serializable and within enemy cap
ok 223 - twelve-hour simulation remains bounded, serializable and within enemy cap
  ---
  duration_ms: 6945.336424
  type: 'test'
  ...
# Subtest: same state and elapsed time produce the same offline game result
ok 224 - same state and elapsed time produce the same offline game result
  ---
  duration_ms: 1379.823744
  type: 'test'
  ...
# Subtest: legacy save is converted once into the clean schema
ok 225 - legacy save is converted once into the clean schema
  ---
  duration_ms: 8.163776
  type: 'test'
  ...
# Subtest: tower reload preserves elapsed remainder and gives the same result at 20 Hz or one coarse update
ok 226 - tower reload preserves elapsed remainder and gives the same result at 20 Hz or one coarse update
  ---
  duration_ms: 13.273668
  type: 'test'
  ...
# Subtest: enemy departure delay and road-edge overflow are consumed in the same update
ok 227 - enemy departure delay and road-edge overflow are consumed in the same update
  ---
  duration_ms: 8.754901
  type: 'test'
  ...
# Subtest: offline 0.25-second simulation matches live 20 Hz for a deterministic defense interval
ok 228 - offline 0.25-second simulation matches live 20 Hz for a deterministic defense interval
  ---
  duration_ms: 113.237199
  type: 'test'
  ...
# Subtest: offline simulation is bounded and reports the applied duration
ok 229 - offline simulation is bounded and reports the applied duration
  ---
  duration_ms: 2.219406
  type: 'test'
  ...
# Subtest: offline simulation advances the canonical world clock
ok 230 - offline simulation advances the canonical world clock
  ---
  duration_ms: 0.726015
  type: 'test'
  ...
# Subtest: default endpoints use the configured public instances
ok 231 - default endpoints use the configured public instances
  ---
  duration_ms: 2.39381
  type: 'test'
  ...
# Subtest: query filters road classes before download
ok 232 - query filters road classes before download
  ---
  duration_ms: 0.769402
  type: 'test'
  ...
# Subtest: browser request uses one minimal POST attempt per endpoint
ok 233 - browser request uses one minimal POST attempt per endpoint
  ---
  duration_ms: 2.049822
  type: 'test'
  ...
# Subtest: failed endpoint falls back to the next endpoint
ok 234 - failed endpoint falls back to the next endpoint
  ---
  duration_ms: 1.168023
  type: 'test'
  ...
# Subtest: all failures include endpoint and POST diagnostics
ok 235 - all failures include endpoint and POST diagnostics
  ---
  duration_ms: 2.148551
  type: 'test'
  ...
# Subtest: caller abort stops attempts immediately
ok 236 - caller abort stops attempts immediately
  ---
  duration_ms: 1.383405
  type: 'test'
  ...
# Subtest: injected development fetch is used directly
ok 237 - injected development fetch is used directly
  ---
  duration_ms: 0.718303
  type: 'test'
  ...
# Subtest: balanced profile limits simulation, rendering and DPR
ok 238 - balanced profile limits simulation, rendering and DPR
  ---
  duration_ms: 1.561732
  type: 'test'
  ...
# Subtest: game loop decouples simulation, civilization and rendering rates
ok 239 - game loop decouples simulation, civilization and rendering rates
  ---
  duration_ms: 1.337539
  type: 'test'
  ...
# Subtest: game loop preserves simulation backlog instead of discarding a slow frame
ok 240 - game loop preserves simulation backlog instead of discarding a slow frame
  ---
  duration_ms: 0.550473
  type: 'test'
  ...
# Subtest: combat spatial index returns only nearby active enemies
ok 241 - combat spatial index returns only nearby active enemies
  ---
  duration_ms: 1.96484
  type: 'test'
  ...
# Subtest: renderer caches static radar and road layers between frames
ok 242 - renderer caches static radar and road layers between frames
  ---
  duration_ms: 4.724246
  type: 'test'
  ...
# Subtest: tactical route choices use spatial snapshots instead of rescanning every enemy and defense per road edge
ok 243 - tactical route choices use spatial snapshots instead of rescanning every enemy and defense per road edge
  ---
  duration_ms: 164.248383
  type: 'test'
  ...
# Subtest: civilization level increases the active player-base limit by one
ok 244 - civilization level increases the active player-base limit by one
  ---
  duration_ms: 1.64414
  type: 'test'
  ...
# Subtest: base placement requires an unlocked slot, fresh position, nearby road and minimum separation
ok 245 - base placement requires an unlocked slot, fresh position, nearby road and minimum separation
  ---
  duration_ms: 5.316187
  type: 'test'
  ...
# Subtest: additional major bases require and consume escalating processed-resource costs
ok 246 - additional major bases require and consume escalating processed-resource costs
  ---
  duration_ms: 3.137936
  type: 'test'
  ...
# Subtest: establishing a base adds a remote construction and simulation anchor
ok 247 - establishing a base adds a remote construction and simulation anchor
  ---
  duration_ms: 2.426887
  type: 'test'
  ...
# Subtest: secondary bases survive save and restore without retaining exact location fields
ok 248 - secondary bases survive save and restore without retaining exact location fields
  ---
  duration_ms: 3.766203
  type: 'test'
  ...
# Subtest: civilization projects require cumulative artifacts recovered in the field
ok 249 - civilization projects require cumulative artifacts recovered in the field
  ---
  duration_ms: 1.418343
  type: 'test'
  ...
# Subtest: destroying a resource enemy base secures its declared reward in one recoverable cache
ok 250 - destroying a resource enemy base secures its declared reward in one recoverable cache
  ---
  duration_ms: 8.518427
  type: 'test'
  ...
# Subtest: resource enemy bases return within the progression window while strategic bases retain long recovery
ok 251 - resource enemy bases return within the progression window while strategic bases retain long recovery
  ---
  duration_ms: 1.185159
  type: 'test'
  ...
# Subtest: legacy resource-outpost data is stripped during runtime normalization
ok 252 - legacy resource-outpost data is stripped during runtime normalization
  ---
  duration_ms: 0.68585
  type: 'test'
  ...
# Subtest: PWA registers the current service worker on HTTPS
ok 253 - PWA registers the current service worker on HTTPS
  ---
  duration_ms: 2.740487
  type: 'test'
  ...
# Subtest: PWA is skipped for an allowed development fixture
ok 254 - PWA is skipped for an allowed development fixture
  ---
  duration_ms: 1.144962
  type: 'test'
  ...
# Subtest: public devFixture query does not disable production PWA registration
ok 255 - public devFixture query does not disable production PWA registration
  ---
  duration_ms: 0.512645
  type: 'test'
  ...
# Subtest: PWA registration failure does not stop the game
ok 256 - PWA registration failure does not stop the game
  ---
  duration_ms: 0.620291
  type: 'test'
  ...
# Subtest: radar renderer is integrated without changing the map input owner
ok 257 - radar renderer is integrated without changing the map input owner
  ---
  duration_ms: 15.33355
  type: 'test'
  ...
# Subtest: radar theme exposes tactical palette and mobile layout rules
ok 258 - radar theme exposes tactical palette and mobile layout rules
  ---
  duration_ms: 4.726122
  type: 'test'
  ...
# Subtest: combat and road renderers use radar glyphs and glow rather than emoji labels
ok 259 - combat and road renderers use radar glyphs and glow rather than emoji labels
  ---
  duration_ms: 7.45517
  type: 'test'
  ...
# Subtest: radar canvas layers render with a minimal canvas context
ok 260 - radar canvas layers render with a minimal canvas context
  ---
  duration_ms: 6.997618
  type: 'test'
  ...
# Subtest: playing footer stays clear of the combat toolbar
ok 261 - playing footer stays clear of the combat toolbar
  ---
  duration_ms: 2.968859
  type: 'test'
  ...
# Subtest: radar preferences apply defaults and cycle without game state
ok 262 - radar preferences apply defaults and cycle without game state
  ---
  duration_ms: 2.314745
  type: 'test'
  ...
# Subtest: bootstrap imports RadarPreferences before constructing it
ok 263 - bootstrap imports RadarPreferences before constructing it
  ---
  duration_ms: 15.653933
  type: 'test'
  ...
# Subtest: touch devices default to the power-saving radar profile
ok 264 - touch devices default to the power-saving radar profile
  ---
  duration_ms: 0.667891
  type: 'test'
  ...
# Subtest: destroying an enemy base creates one persistent recovery item at the destroyed base
ok 265 - destroying an enemy base creates one persistent recovery item at the destroyed base
  ---
  duration_ms: 4.307493
  type: 'test'
  ...
# Subtest: recovery requires the player to be within the physical collection range
ok 266 - recovery requires the player to be within the physical collection range
  ---
  duration_ms: 1.359219
  type: 'test'
  ...
# Subtest: recovery rejects stale or inaccurate geolocation even at the item position
ok 267 - recovery rejects stale or inaccurate geolocation even at the item position
  ---
  duration_ms: 0.637735
  type: 'test'
  ...
# Subtest: manual collection requires five seconds in range, grants once and removes the recovered item
ok 268 - manual collection requires five seconds in range, grants once and removes the recovered item
  ---
  duration_ms: 2.406234
  type: 'test'
  ...
# Subtest: leaving the collection radius cancels progress without removing the item
ok 269 - leaving the collection radius cancels progress without removing the item
  ---
  duration_ms: 0.977435
  type: 'test'
  ...
# Subtest: uncollected recovery items survive save and restore while live location freshness does not
ok 270 - uncollected recovery items survive save and restore while live location freshness does not
  ---
  duration_ms: 2.935607
  type: 'test'
  ...
# Subtest: refactor schema 1 scrap is migrated into canonical resources
ok 271 - refactor schema 1 scrap is migrated into canonical resources
  ---
  duration_ms: 5.067704
  type: 'test'
  ...
# Subtest: retrieval squad is deliberately weak and works from major and field bases
ok 272 - retrieval squad is deliberately weak and works from major and field bases
  ---
  duration_ms: 4.495845
  type: 'test'
  ...
# Subtest: dispatch reserves a recovery item and preview does not mutate it
ok 273 - dispatch reserves a recovery item and preview does not mutate it
  ---
  duration_ms: 6.045727
  type: 'test'
  ...
# Subtest: retrieval squad collects for eight seconds and grants the artifact only after returning
ok 274 - retrieval squad collects for eight seconds and grants the artifact only after returning
  ---
  duration_ms: 8.65526
  type: 'test'
  ...
# Subtest: destroying a squad before pickup releases the item at its original location
ok 275 - destroying a squad before pickup releases the item at its original location
  ---
  duration_ms: 1.640425
  type: 'test'
  ...
# Subtest: destroying a squad while carrying drops the item at the destruction point
ok 276 - destroying a squad while carrying drops the item at the destruction point
  ---
  duration_ms: 4.989129
  type: 'test'
  ...
# Subtest: withdrawing before pickup abandons the recovery mission and releases the item
ok 277 - withdrawing before pickup abandons the recovery mission and releases the item
  ---
  duration_ms: 1.263111
  type: 'test'
  ...
# Subtest: field bases can deploy and reorganize retrieval squads
ok 278 - field bases can deploy and reorganize retrieval squads
  ---
  duration_ms: 1.292255
  type: 'test'
  ...
# Subtest: reserved recovery mission survives save and restore without exposing exact live location data
ok 279 - reserved recovery mission survives save and restore without exposing exact live location data
  ---
  duration_ms: 3.430807
  type: 'test'
  ...
# Subtest: manual collection in progress blocks deployment without consuming resources or changing a ready squad
ok 280 - manual collection in progress blocks deployment without consuming resources or changing a ready squad
  ---
  duration_ms: 1.371965
  type: 'test'
  ...
# Subtest: orphaned reservations become available again after squad data is lost
ok 281 - orphaned reservations become available again after squad data is lost
  ---
  duration_ms: 1.427682
  type: 'test'
  ...
# Subtest: a real heavy enemy quickly destroys the weak retrieval squad and releases its reservation
ok 282 - a real heavy enemy quickly destroys the weak retrieval squad and releases its reservation
  ---
  duration_ms: 3.666572
  type: 'test'
  ...
# Subtest: remote retrieval completes under active, peripheral, and dormant regional intervals
ok 283 - remote retrieval completes under active, peripheral, and dormant regional intervals
  ---
  duration_ms: 45.213045
  type: 'test'
  ...
# Subtest: world chunks use deterministic grid ids and reversible centers
ok 284 - world chunks use deterministic grid ids and reversible centers
  ---
  duration_ms: 3.714035
  type: 'test'
  ...
# Subtest: initial chunk state does not assume that the cleaned initial graph fully covers surrounding chunks
ok 285 - initial chunk state does not assume that the cleaned initial graph fully covers surrounding chunks
  ---
  duration_ms: 0.520108
  type: 'test'
  ...
# Subtest: graph merge preserves existing ids, joins nearby endpoints and removes duplicate edges
ok 286 - graph merge preserves existing ids, joins nearby endpoints and removes duplicate edges
  ---
  duration_ms: 3.311327
  type: 'test'
  ...
# Subtest: chunk cache isolates worlds and can remove one world
ok 287 - chunk cache isolates worlds and can remove one world
  ---
  duration_ms: 0.743854
  type: 'test'
  ...
# Subtest: RoadService chunk acquisition projects roads into the original world coordinate system
ok 288 - RoadService chunk acquisition projects roads into the original world coordinate system
  ---
  duration_ms: 18.296073
  type: 'test'
  ...
# Subtest: parallel carriageways with the same identity collapse into one gameplay road
ok 289 - parallel carriageways with the same identity collapse into one gameplay road
  ---
  duration_ms: 4.251532
  type: 'test'
  ...
# Subtest: nearby roads with different names remain separate
ok 290 - nearby roads with different names remain separate
  ---
  duration_ms: 0.715548
  type: 'test'
  ...
# Subtest: clustered intersections build a connected graph and combat route
ok 291 - clustered intersections build a connected graph and combat route
  ---
  duration_ms: 6.617359
  type: 'test'
  ...
# Subtest: one RoadService load performs one acquisition and produces indexed graph data
ok 292 - one RoadService load performs one acquisition and produces indexed graph data
  ---
  duration_ms: 31.258879
  type: 'test'
  ...
# Subtest: chunk prefetch only includes crossed or nearby grid edges
ok 293 - chunk prefetch only includes crossed or nearby grid edges
  ---
  duration_ms: 3.25204
  type: 'test'
  ...
# Subtest: manager merges a new chunk, records it and persists a compact cache entry
ok 294 - manager merges a new chunk, records it and persists a compact cache entry
  ---
  duration_ms: 10.822859
  type: 'test'
  ...
# Subtest: manager loads a cached chunk without calling the road server
ok 295 - manager loads a cached chunk without calling the road server
  ---
  duration_ms: 2.437392
  type: 'test'
  ...
# Subtest: failed acquisitions cool down without blocking unrelated nearby chunks
ok 296 - failed acquisitions cool down without blocking unrelated nearby chunks
  ---
  duration_ms: 24.563315
  type: 'test'
  ...
# Subtest: chunk centers remain based on the original world center
ok 297 - chunk centers remain based on the original world center
  ---
  duration_ms: 0.450394
  type: 'test'
  ...
# Subtest: legacy initial coverage is released while explicitly merged chunks remain confirmed
ok 298 - legacy initial coverage is released while explicitly merged chunks remain confirmed
  ---
  duration_ms: 1.130475
  type: 'test'
  ...
# Subtest: approaching a visible road endpoint queues forward chunks before the grid boundary
ok 299 - approaching a visible road endpoint queues forward chunks before the grid boundary
  ---
  duration_ms: 3.487109
  type: 'test'
  ...
# Subtest: movement lookahead queues the travel direction even before the player reaches a chunk edge
ok 300 - movement lookahead queues the travel direction even before the player reaches a chunk edge
  ---
  duration_ms: 3.434038
  type: 'test'
  ...
# Subtest: frontier failures retry after the shorter movement cooldown
ok 301 - frontier failures retry after the shorter movement cooldown
  ---
  duration_ms: 3.665745
  type: 'test'
  ...
# Subtest: an internal cul-de-sac does not masquerade as the outer road frontier
ok 302 - an internal cul-de-sac does not masquerade as the outer road frontier
  ---
  duration_ms: 3.681888
  type: 'test'
  ...
# Subtest: lookahead road chunks remain hidden until the player physically enters them
ok 303 - lookahead road chunks remain hidden until the player physically enters them
  ---
  duration_ms: 3.865741
  type: 'test'
  ...
# Subtest: road-frontier movement completes acquisition and merges the new road into the live map
ok 304 - road-frontier movement completes acquisition and merges the new road into the live map
  ---
  duration_ms: 31.872372
  type: 'test'
  ...
# Subtest: aborting road acquisition prevents a late response from repopulating reset state
ok 305 - aborting road acquisition prevents a late response from repopulating reset state
  ---
  duration_ms: 2.826872
  type: 'test'
  ...
# Subtest: save data remains JSON and graph indexes are reconstructed after load
ok 306 - save data remains JSON and graph indexes are reconstructed after load
  ---
  duration_ms: 6.210187
  type: 'test'
  ...
# Subtest: v0.19 object-form road graphs remain loadable after compact saves are introduced
ok 307 - v0.19 object-form road graphs remain loadable after compact saves are introduced
  ---
  duration_ms: 0.786576
  type: 'test'
  ...
# Subtest: detached-state save consumes one caller-owned snapshot without mutating the live source state
ok 308 - detached-state save consumes one caller-owned snapshot without mutating the live source state
  ---
  duration_ms: 0.963363
  type: 'test'
  ...
# Subtest: lifecycle follows the new startup sequence
ok 309 - lifecycle follows the new startup sequence
  ---
  duration_ms: 4.583815
  type: 'test'
  ...
# Subtest: invalid transition is rejected
ok 310 - invalid transition is rejected
  ---
  duration_ms: 1.160905
  type: 'test'
  ...
# Subtest: state snapshots cannot mutate the store
ok 311 - state snapshots cannot mutate the store
  ---
  duration_ms: 1.05446
  type: 'test'
  ...
# Subtest: failed transactions leave the committed state untouched
ok 312 - failed transactions leave the committed state untouched
  ---
  duration_ms: 4.275789
  type: 'test'
  ...
# Subtest: mutator exceptions roll back state and buffered domain events
ok 313 - mutator exceptions roll back state and buffered domain events
  ---
  duration_ms: 0.74833
  type: 'test'
  ...
# Subtest: read returns detached object values and old mutation APIs are absent
ok 314 - read returns detached object values and old mutation APIs are absent
  ---
  duration_ms: 0.526308
  type: 'test'
  ...
# Subtest: asynchronous mutators are rejected before they can commit a draft
ok 315 - asynchronous mutators are rejected before they can commit a draft
  ---
  duration_ms: 0.846546
  type: 'test'
  ...
# Subtest: listener failures are isolated after a successful committed transaction
ok 316 - listener failures are isolated after a successful committed transaction
  ---
  duration_ms: 0.85184
  type: 'test'
  ...
# Subtest: source contains no legacy function override pattern or duplicate fetchRoadGraph
ok 317 - source contains no legacy function override pattern or duplicate fetchRoadGraph
  ---
  duration_ms: 152.764916
  type: 'test'
  ...
# Subtest: repair relay remains available as a build tool
ok 318 - repair relay remains available as a build tool
  ---
  duration_ms: 7.556651
  type: 'test'
  ...
# Subtest: survey facility is a civilization level 1 tower with approved tier progression
ok 319 - survey facility is a civilization level 1 tower with approved tier progression
  ---
  duration_ms: 4.930651
  type: 'test'
  ...
# Subtest: survey facility cannot be built before civilization level 1 or from the player-only build zone
ok 320 - survey facility cannot be built before civilization level 1 or from the player-only build zone
  ---
  duration_ms: 3.988025
  type: 'test'
  ...
# Subtest: each owned base can operate only one active survey facility
ok 321 - each owned base can operate only one active survey facility
  ---
  duration_ms: 2.541691
  type: 'test'
  ...
# Subtest: survey candidate selection expands one adjacent unloaded chunk inside the tier radius
ok 322 - survey candidate selection expands one adjacent unloaded chunk inside the tier radius
  ---
  duration_ms: 18.741529
  type: 'test'
  ...
# Subtest: survey-loaded roads are recorded separately from physically observed regions
ok 323 - survey-loaded roads are recorded separately from physically observed regions
  ---
  duration_ms: 8.226373
  type: 'test'
  ...
# Subtest: remote survey does not reveal exact frontier sources or ambient exploration sites
ok 324 - remote survey does not reveal exact frontier sources or ambient exploration sites
  ---
  duration_ms: 2.692084
  type: 'test'
  ...
# Subtest: entering a surveyed chunk promotes it to physical observation and reveals local content
ok 325 - entering a surveyed chunk promotes it to physical observation and reveals local content
  ---
  duration_ms: 7.846472
  type: 'test'
  ...
# Subtest: survey scheduler serializes facilities and enforces a global real-time cooldown
ok 326 - survey scheduler serializes facilities and enforces a global real-time cooldown
  ---
  duration_ms: 4.018869
  type: 'test'
  ...
# Subtest: survey status reports radius, cadence and remaining expansion work
ok 327 - survey status reports radius, cadence and remaining expansion work
  ---
  duration_ms: 1.68364
  type: 'test'
  ...
# Subtest: survey tower upgrade remains gated by the matching civilization level
ok 328 - survey tower upgrade remains gated by the matching civilization level
  ---
  duration_ms: 1.586866
  type: 'test'
  ...
# Subtest: a survey facility anchored to a destroyed simple base stops operating until the base is rebuilt
ok 329 - a survey facility anchored to a destroyed simple base stops operating until the base is rebuilt
  ---
  duration_ms: 0.653244
  type: 'test'
  ...
# Subtest: survey-only road chunks do not receive exact enemy bases before physical observation
ok 330 - survey-only road chunks do not receive exact enemy bases before physical observation
  ---
  duration_ms: 2.362218
  type: 'test'
  ...
# Subtest: survey progress and physical-observation boundaries survive save and restore
ok 331 - survey progress and physical-observation boundaries survive save and restore
  ---
  duration_ms: 2.129387
  type: 'test'
  ...
# Subtest: resource outpost runtime is completely removed while legacy saves are safely stripped
ok 332 - resource outpost runtime is completely removed while legacy saves are safely stripped
  ---
  duration_ms: 23.148264
  type: 'test'
  ...
# Subtest: resource-camp capture rewards cover the mandatory ore gates of later civilization projects
ok 333 - resource-camp capture rewards cover the mandatory ore gates of later civilization projects
  ---
  duration_ms: 0.518346
  type: 'test'
  ...
# Subtest: project-only trial bronze goes directly to the active project and cannot be overproduced
ok 334 - project-only trial bronze goes directly to the active project and cannot be overproduced
  ---
  duration_ms: 3.518908
  type: 'test'
  ...
# Subtest: actual smelting chains turn scheduled resource-camp rewards into the mandatory bronze and iron progression totals
ok 335 - actual smelting chains turn scheduled resource-camp rewards into the mandatory bronze and iron progression totals
  ---
  duration_ms: 12.180589
  type: 'test'
  ...
# Subtest: wave doctrine changes actual routing and resource-base composition rather than only the label
ok 336 - wave doctrine changes actual routing and resource-base composition rather than only the label
  ---
  duration_ms: 7.350219
  type: 'test'
  ...
# Subtest: upgraded tower ranges affect evasive route selection
ok 337 - upgraded tower ranges affect evasive route selection
  ---
  duration_ms: 1.497428
  type: 'test'
  ...
# Subtest: shield tiers use their declared protection values and new enemies use correct friendly matchups
ok 338 - shield tiers use their declared protection values and new enemies use correct friendly matchups
  ---
  duration_ms: 1.37637
  type: 'test'
  ...
# Subtest: hunters abandon squads outside their pursuit radius
ok 339 - hunters abandon squads outside their pursuit radius
  ---
  duration_ms: 3.151906
  type: 'test'
  ...
# Subtest: additional major bases are real attack targets, can be destroyed, persist, and rebuild on site
ok 340 - additional major bases are real attack targets, can be destroyed, persist, and rebuild on site
  ---
  duration_ms: 2.761637
  type: 'test'
  ...
# Subtest: spawned and legacy-loaded enemies retain their defined visual radius and field-base UI lists retrieval units
ok 341 - spawned and legacy-loaded enemies retain their defined visual radius and field-base UI lists retrieval units
  ---
  duration_ms: 12.711426
  type: 'test'
  ...
# Subtest: destroyed major-base ruins still occupy their slot and block overlapping replacement placement
ok 342 - destroyed major-base ruins still occupy their slot and block overlapping replacement placement
  ---
  duration_ms: 2.318329
  type: 'test'
  ...
# Subtest: only one tab owns the synchronous storage lease
ok 343 - only one tab owns the synchronous storage lease
  ---
  duration_ms: 2.207321
  type: 'test'
  ...
# Subtest: broadcast fallback elects one primary tab when storage is unavailable
ok 344 - broadcast fallback elects one primary tab when storage is unavailable
  ---
  duration_ms: 1.201617
  type: 'test'
  ...
# Subtest: remaining route distance accounts for current edge progress
ok 345 - remaining route distance accounts for current edge progress
  ---
  duration_ms: 1.870163
  type: 'test'
  ...
# Subtest: threat level escalates from contact to critical
ok 346 - threat level escalates from contact to critical
  ---
  duration_ms: 0.79509
  type: 'test'
  ...
# Subtest: clear threat reports stable defense line
ok 347 - clear threat reports stable defense line
  ---
  duration_ms: 0.447689
  type: 'test'
  ...
# Subtest: tactical routes and focus render with a minimal canvas context
ok 348 - tactical routes and focus render with a minimal canvas context
  ---
  duration_ms: 19.032632
  type: 'test'
  ...
# Subtest: selected enemy base no longer renders a misleading player capture radius
ok 349 - selected enemy base no longer renders a misleading player capture radius
  ---
  duration_ms: 0.80575
  type: 'test'
  ...
# Subtest: HUD and modal CSS do not use unreadably small explicit type
ok 350 - HUD and modal CSS do not use unreadably small explicit type
  ---
  duration_ms: 13.160046
  type: 'test'
  ...
# Subtest: Canvas labels retain a readable minimum without changing world scale
ok 351 - Canvas labels retain a readable minimum without changing world scale
  ---
  duration_ms: 11.667146
  type: 'test'
  ...
# Subtest: larger tool labels receive matching control height and context clearance
ok 352 - larger tool labels receive matching control height and context clearance
  ---
  duration_ms: 3.796646
  type: 'test'
  ...
# Subtest: opening command, civilization and deployment UI does not mutate committed game state
ok 353 - opening command, civilization and deployment UI does not mutate committed game state
  ---
  duration_ms: 16.618992
  type: 'test'
  ...
# Subtest: periodic HUD refresh shares one detached state snapshot across all UI panels
ok 354 - periodic HUD refresh shares one detached state snapshot across all UI panels
  ---
  duration_ms: 9.644137
  type: 'test'
  ...
# Subtest: a fully destroyed wave increments perfect defense streak exactly once
ok 355 - a fully destroyed wave increments perfect defense streak exactly once
  ---
  duration_ms: 9.000177
  type: 'test'
  ...
# Subtest: enemy-base guard launches once and does not count as a perfect defense wave
ok 356 - enemy-base guard launches once and does not count as a perfect defense wave
  ---
  duration_ms: 2.726321
  type: 'test'
  ...
# Subtest: civilization level creates resource bases without duplicating them
ok 357 - civilization level creates resource bases without duplicating them
  ---
  duration_ms: 18.951646
  type: 'test'
  ...
# Subtest: initial base placement excludes civilization resource bases
ok 358 - initial base placement excludes civilization resource bases
  ---
  duration_ms: 30.055227
  type: 'test'
  ...
# Subtest: destroyed base waits for its respawn timer and then reappears elsewhere
ok 359 - destroyed base waits for its respawn timer and then reappears elsewhere
  ---
  duration_ms: 2.459717
  type: 'test'
  ...
# Subtest: initial enemy bases spread across independent road fronts when the graph permits it
ok 360 - initial enemy bases spread across independent road fronts when the graph permits it
  ---
  duration_ms: 2.123445
  type: 'test'
  ...
# Subtest: stacked initial enemy bases receive progressively longer opening delays on a one-front road
ok 361 - stacked initial enemy bases receive progressively longer opening delays on a one-front road
  ---
  duration_ms: 2.282167
  type: 'test'
  ...
# Subtest: region activity follows the nearest city or player anchor
ok 362 - region activity follows the nearest city or player anchor
  ---
  duration_ms: 3.730427
  type: 'test'
  ...
# Subtest: regional clocks only release peripheral and dormant simulation at their intervals
ok 363 - regional clocks only release peripheral and dormant simulation at their intervals
  ---
  duration_ms: 2.207639
  type: 'test'
  ...
# Subtest: dormant enemies and facilities advance only when the remote interval is due
ok 364 - dormant enemies and facilities advance only when the remote interval is due
  ---
  duration_ms: 16.202558
  type: 'test'
  ...
# Subtest: road graph spatial index excludes distant roads from local queries
ok 365 - road graph spatial index excludes distant roads from local queries
  ---
  duration_ms: 1.806916
  type: 'test'
  ...
# Subtest: expanded road graphs use compact save encoding and restore gameplay fields
ok 366 - expanded road graphs use compact save encoding and restore gameplay fields
  ---
  duration_ms: 8.36612
  type: 'test'
  ...
1..366
# tests 366
# suites 0
# pass 366
# fail 0
# cancelled 0
# skipped 0
# todo 0
# duration_ms 28683.088935
