TAP version 13
# Subtest: HTML references only existing local app resources and required controls exist
ok 1 - HTML references only existing local app resources and required controls exist
  ---
  duration_ms: 7.414699
  type: 'test'
  ...
# Subtest: every required DOM id used by bootstrap exists in HTML
ok 2 - every required DOM id used by bootstrap exists in HTML
  ---
  duration_ms: 3.398545
  type: 'test'
  ...
# Subtest: service worker app shell contains every runtime source file and all paths exist
ok 3 - service worker app shell contains every runtime source file and all paths exist
  ---
  duration_ms: 18.904366
  type: 'test'
  ...
# Subtest: development tree has no premature single-HTML build output
ok 4 - development tree has no premature single-HTML build output
  ---
  duration_ms: 1.210696
  type: 'test'
  ...
# Subtest: service worker only deletes FRONTLINE ROADS caches
ok 5 - service worker only deletes FRONTLINE ROADS caches
  ---
  duration_ms: 1.601727
  type: 'test'
  ...
# Subtest: service worker falls back to HTML only for navigation requests
ok 6 - service worker falls back to HTML only for navigation requests
  ---
  duration_ms: 1.001655
  type: 'test'
  ...
# Subtest: release version is synchronized across package, runtime label and service-worker cache
ok 7 - release version is synchronized across package, runtime label and service-worker cache
  ---
  duration_ms: 2.736701
  type: 'test'
  ...
# Subtest: obsolete top alert frame is absent from the play HUD
ok 8 - obsolete top alert frame is absent from the play HUD
  ---
  duration_ms: 1.139464
  type: 'test'
  ...
# Subtest: storage denial is detected without crashing construction
ok 9 - storage denial is detected without crashing construction
  ---
  duration_ms: 1.172244
  type: 'test'
  ...
# Subtest: invalid shallow save is quarantined instead of bricking startup
ok 10 - invalid shallow save is quarantined instead of bricking startup
  ---
  duration_ms: 1.345561
  type: 'test'
  ...
# Subtest: saved game removes exact position history and rounds map origin
ok 11 - saved game removes exact position history and rounds map origin
  ---
  duration_ms: 2.377145
  type: 'test'
  ...
# Subtest: state validation rejects malformed saved road graph
ok 12 - state validation rejects malformed saved road graph
  ---
  duration_ms: 0.349069
  type: 'test'
  ...
# Subtest: stone gate conversion cannot be used before civilization level 2
ok 13 - stone gate conversion cannot be used before civilization level 2
  ---
  duration_ms: 0.962281
  type: 'test'
  ...
# Subtest: path invalidation waits for the current edge instead of teleporting backward
ok 14 - path invalidation waits for the current edge instead of teleporting backward
  ---
  duration_ms: 1.387865
  type: 'test'
  ...
# Subtest: grade-separated endpoints are not merged into one intersection
ok 15 - grade-separated endpoints are not merged into one intersection
  ---
  duration_ms: 1.110963
  type: 'test'
  ...
# Subtest: long OSM geometry is subdivided rather than discarded
ok 16 - long OSM geometry is subdivided rather than discarded
  ---
  duration_ms: 2.920615
  type: 'test'
  ...
# Subtest: complete reset clears current, legacy, and backup save keys
ok 17 - complete reset clears current, legacy, and backup save keys
  ---
  duration_ms: 0.461537
  type: 'test'
  ...
# Subtest: production source only enables dev fixture on local or explicit test origins
ok 18 - production source only enables dev fixture on local or explicit test origins
  ---
  duration_ms: 7.956601
  type: 'test'
  ...
# Subtest: development fixture disables browser JSONP and uses injected road data
ok 19 - development fixture disables browser JSONP and uses injected road data
  ---
  duration_ms: 1.796302
  type: 'test'
  ...
# Subtest: tier-zero area and slow defenses use the approved restrained values
ok 20 - tier-zero area and slow defenses use the approved restrained values
  ---
  duration_ms: 1.123431
  type: 'test'
  ...
# Subtest: area defense applies full damage to one target, reduced splash and a hard target cap
ok 21 - area defense applies full damage to one target, reduced splash and a hard target cap
  ---
  duration_ms: 1.123732
  type: 'test'
  ...
# Subtest: slow defense affects only the nearest approved number of targets
ok 22 - slow defense affects only the nearest approved number of targets
  ---
  duration_ms: 0.366165
  type: 'test'
  ...
# Subtest: enemy base growth follows age thresholds and civilization caps
ok 23 - enemy base growth follows age thresholds and civilization caps
  ---
  duration_ms: 0.290892
  type: 'test'
  ...
# Subtest: enemy level multipliers scale durability, attack and speed without runaway speed growth
ok 24 - enemy level multipliers scale durability, attack and speed without runaway speed growth
  ---
  duration_ms: 0.214179
  type: 'test'
  ...
# Subtest: spawned enemies retain the source base level and scaled HP for their lifetime
ok 25 - spawned enemies retain the source base level and scaled HP for their lifetime
  ---
  duration_ms: 0.358934
  type: 'test'
  ...
# Subtest: enemy base levels add exactly one unit per level
ok 26 - enemy base levels add exactly one unit per level
  ---
  duration_ms: 0.478292
  type: 'test'
  ...
# Subtest: new civilization enemy generations phase in at 15, 30, 45 and 60 minutes
ok 27 - new civilization enemy generations phase in at 15, 30, 45 and 60 minutes
  ---
  duration_ms: 0.166268
  type: 'test'
  ...
# Subtest: higher enemy base levels increase pressure gradually rather than all at once
ok 28 - higher enemy base levels increase pressure gradually rather than all at once
  ---
  duration_ms: 0.304012
  type: 'test'
  ...
# Subtest: a level-two mixed wave now reaches a city defended only by tier-zero area and slow facilities
ok 29 - a level-two mixed wave now reaches a city defended only by tier-zero area and slow facilities
  ---
  duration_ms: 11.604432
  type: 'test'
  ...
# Subtest: a heavier level-two formation creates meaningful pressure without instantly defeating the city
ok 30 - a heavier level-two formation creates meaningful pressure without instantly defeating the city
  ---
  duration_ms: 5.884027
  type: 'test'
  ...
# Subtest: enemy base level increases emit one visible threat notification
ok 31 - enemy base level increases emit one visible threat notification
  ---
  duration_ms: 0.966888
  type: 'test'
  ...
# Subtest: enemy individual level and scaled HP survive save and restore
ok 32 - enemy individual level and scaled HP survive save and restore
  ---
  duration_ms: 21.379828
  type: 'test'
  ...
# Subtest: a new civilization generation keeps the previous generation during its opening grace window
ok 33 - a new civilization generation keeps the previous generation during its opening grace window
  ---
  duration_ms: 0.352815
  type: 'test'
  ...
# Subtest: enemy system applies the spawned enemy level to movement and city damage
ok 34 - enemy system applies the spawned enemy level to movement and city damage
  ---
  duration_ms: 0.22821
  type: 'test'
  ...
# Subtest: base command panel summarizes remote threats, facilities, squads and recoveries
ok 35 - base command panel summarizes remote threats, facilities, squads and recoveries
  ---
  duration_ms: 1.797654
  type: 'test'
  ...
# Subtest: base command UI lists all bases and switches the map camera without moving the player
ok 36 - base command UI lists all bases and switches the map camera without moving the player
  ---
  duration_ms: 1.562254
  type: 'test'
  ...
# Subtest: base command UI establishes an unlocked base at the current road position
ok 37 - base command UI establishes an unlocked base at the current road position
  ---
  duration_ms: 0.942853
  type: 'test'
  ...
# Subtest: combat renderer includes a distinct marker for secondary player bases
ok 38 - combat renderer includes a distinct marker for secondary player bases
  ---
  duration_ms: 6.804276
  type: 'test'
  ...
# Subtest: base command UI lists simple bases separately and can focus or rebuild a destroyed one
ok 39 - base command UI lists simple bases separately and can focus or rebuild a destroyed one
  ---
  duration_ms: 1.797594
  type: 'test'
  ...
# Subtest: combat renderer includes a distinct marker for simple bases and ruins
ok 40 - combat renderer includes a distinct marker for simple bases and ruins
  ---
  duration_ms: 1.613941
  type: 'test'
  ...
# Subtest: selection snaps to the existing graph and creates a base without refetching
ok 41 - selection snaps to the existing graph and creates a base without refetching
  ---
  duration_ms: 1.340464
  type: 'test'
  ...
# Subtest: a tap outside the road tolerance is rejected
ok 42 - a tap outside the road tolerance is rejected
  ---
  duration_ms: 0.141681
  type: 'test'
  ...
# Subtest: base placement uses a dedicated map viewport instead of drawing behind controls
ok 43 - base placement uses a dedicated map viewport instead of drawing behind controls
  ---
  duration_ms: 5.674596
  type: 'test'
  ...
# Subtest: base placement screen keeps the canvas clip synchronized with the viewport
ok 44 - base placement screen keeps the canvas clip synchronized with the viewport
  ---
  duration_ms: 2.377201
  type: 'test'
  ...
# Subtest: barrier highlighting is clipped to the build-radius portion of a road
ok 45 - barrier highlighting is clipped to the build-radius portion of a road
  ---
  duration_ms: 1.150031
  type: 'test'
  ...
# Subtest: build placement overlay draws valid sites, build radius and candidate effect radius
ok 46 - build placement overlay draws valid sites, build radius and candidate effect radius
  ---
  duration_ms: 0.662135
  type: 'test'
  ...
# Subtest: barrier overlay tolerates a minimal canvas implementation
ok 47 - barrier overlay tolerates a minimal canvas implementation
  ---
  duration_ms: 0.380226
  type: 'test'
  ...
# Subtest: renderer draws construction guidance after combat effects so candidates stay visible
ok 48 - renderer draws construction guidance after combat effects so candidates stay visible
  ---
  duration_ms: 5.238232
  type: 'test'
  ...
# Subtest: existing facilities expand build sites beyond the original home-base range
ok 49 - existing facilities expand build sites beyond the original home-base range
  ---
  duration_ms: 3.80411
  type: 'test'
  ...
# Subtest: previewing a candidate does not consume resources or create a defense
ok 50 - previewing a candidate does not consume resources or create a defense
  ---
  duration_ms: 0.740983
  type: 'test'
  ...
# Subtest: a confirmed candidate consumes resources exactly once and creates the selected defense
ok 51 - a confirmed candidate consumes resources exactly once and creates the selected defense
  ---
  duration_ms: 0.906318
  type: 'test'
  ...
# Subtest: a stale candidate is rejected without spending resources
ok 52 - a stale candidate is rejected without spending resources
  ---
  duration_ms: 0.630508
  type: 'test'
  ...
# Subtest: candidate confirmation rechecks resources that changed after preview
ok 53 - candidate confirmation rechecks resources that changed after preview
  ---
  duration_ms: 0.553874
  type: 'test'
  ...
# Subtest: barrier candidates retain the tapped road position and reject out-of-range points
ok 54 - barrier candidates retain the tapped road position and reject out-of-range points
  ---
  duration_ms: 0.569637
  type: 'test'
  ...
# Subtest: rebuilding a ruined placement at the same world time creates a distinct defense id
ok 55 - rebuilding a ruined placement at the same world time creates a distinct defense id
  ---
  duration_ms: 0.794461
  type: 'test'
  ...
# Subtest: preview skips an occupied nearest intersection when another valid intersection is within the tap tolerance
ok 56 - preview skips an occupied nearest intersection when another valid intersection is within the tap tolerance
  ---
  duration_ms: 0.470009
  type: 'test'
  ...
# Subtest: preview skips an occupied nearest road when another valid road is within the tap tolerance
ok 57 - preview skips an occupied nearest road when another valid road is within the tap tolerance
  ---
  duration_ms: 0.815333
  type: 'test'
  ...
# Subtest: player position creates a second build zone away from the home base
ok 58 - player position creates a second build zone away from the home base
  ---
  duration_ms: 0.783295
  type: 'test'
  ...
# Subtest: a current-location candidate is rejected if the player leaves its build zone before confirmation
ok 59 - a current-location candidate is rejected if the player leaves its build zone before confirmation
  ---
  duration_ms: 0.313567
  type: 'test'
  ...
# Subtest: overlapping home-base and player positions are represented as one build zone
ok 60 - overlapping home-base and player positions are represented as one build zone
  ---
  duration_ms: 0.212095
  type: 'test'
  ...
# Subtest: existing facilities create expanded construction anchors for additional defenses
ok 61 - existing facilities create expanded construction anchors for additional defenses
  ---
  duration_ms: 1.507603
  type: 'test'
  ...
# Subtest: inventory has one canonical resource store and preserves overflow
ok 62 - inventory has one canonical resource store and preserves overflow
  ---
  duration_ms: 2.242876
  type: 'test'
  ...
# Subtest: production reserves inputs once and completes through the civilization update
ok 63 - production reserves inputs once and completes through the civilization update
  ---
  duration_ms: 1.440463
  type: 'test'
  ...
# Subtest: enemy bases are no longer captured by standing nearby
ok 64 - enemy bases are no longer captured by standing nearby
  ---
  duration_ms: 0.090344
  type: 'test'
  ...
# Subtest: legacy ruined outposts can still be restored and produce resources
ok 65 - legacy ruined outposts can still be restored and produce resources
  ---
  duration_ms: 0.744207
  type: 'test'
  ...
# Subtest: settlement damage ruins a building and disables its production
ok 66 - settlement damage ruins a building and disables its production
  ---
  duration_ms: 0.421877
  type: 'test'
  ...
# Subtest: production overflow stays in the building buffer until collection
ok 67 - production overflow stays in the building buffer until collection
  ---
  duration_ms: 0.629316
  type: 'test'
  ...
# Subtest: every civilization project uses implemented requirements and fits the unlocked settlement slots
ok 68 - every civilization project uses implemented requirements and fits the unlocked settlement slots
  ---
  duration_ms: 0.397461
  type: 'test'
  ...
# Subtest: map tap only selects a build candidate and confirmation performs the mutation
ok 69 - map tap only selects a build candidate and confirmation performs the mutation
  ---
  duration_ms: 37.644637
  type: 'test'
  ...
# Subtest: combat UI no longer calls immediate buildAt from map taps
ok 70 - combat UI no longer calls immediate buildAt from map taps
  ---
  duration_ms: 2.593879
  type: 'test'
  ...
# Subtest: an invalid second tap clears the previous candidate to prevent confirming the wrong location
ok 71 - an invalid second tap clears the previous candidate to prevent confirming the wrong location
  ---
  duration_ms: 1.275637
  type: 'test'
  ...
# Subtest: build confirmation is disabled while the selected facility is unaffordable
ok 72 - build confirmation is disabled while the selected facility is unaffordable
  ---
  duration_ms: 1.40204
  type: 'test'
  ...
# Subtest: context explanations are collapsed by default and metrics remain visible
ok 73 - context explanations are collapsed by default and metrics remain visible
  ---
  duration_ms: 0.792709
  type: 'test'
  ...
# Subtest: combat effect buffer is capped and prunes expired effects
ok 74 - combat effect buffer is capped and prunes expired effects
  ---
  duration_ms: 0.796495
  type: 'test'
  ...
# Subtest: event bus creates transient shot and city warning effects
ok 75 - event bus creates transient shot and city warning effects
  ---
  duration_ms: 2.390841
  type: 'test'
  ...
# Subtest: manual defense upgrade events create a visible pulse
ok 76 - manual defense upgrade events create a visible pulse
  ---
  duration_ms: 0.33643
  type: 'test'
  ...
# Subtest: barrier changes weighted enemy route without creating another graph
ok 77 - barrier changes weighted enemy route without creating another graph
  ---
  duration_ms: 1.99709
  type: 'test'
  ...
# Subtest: enemy position follows path direction rather than edge storage direction
ok 78 - enemy position follows path direction rather than edge storage direction
  ---
  duration_ms: 0.86046
  type: 'test'
  ...
# Subtest: build range is measured from established home base
ok 79 - build range is measured from established home base
  ---
  duration_ms: 1.634882
  type: 'test'
  ...
# Subtest: gun tower damages an enemy in range
ok 80 - gun tower damages an enemy in range
  ---
  duration_ms: 1.387013
  type: 'test'
  ...
# Subtest: enemy reaching the city deals damage and is removed
ok 81 - enemy reaching the city deals damage and is removed
  ---
  duration_ms: 0.973087
  type: 'test'
  ...
# Subtest: repair relay consumes resources and repairs only the most damaged target
ok 82 - repair relay consumes resources and repairs only the most damaged target
  ---
  duration_ms: 0.518451
  type: 'test'
  ...
# Subtest: city recovers after a quiet period and a large update only heals post-cooldown time
ok 83 - city recovers after a quiet period and a large update only heals post-cooldown time
  ---
  duration_ms: 35.000463
  type: 'test'
  ...
# Subtest: city defeat never creates negative resources and reports unpaid emergency recovery honestly
ok 84 - city defeat never creates negative resources and reports unpaid emergency recovery honestly
  ---
  duration_ms: 8.408162
  type: 'test'
  ...
# Subtest: barrier has player-facing role, effect, placement and numeric metrics
ok 85 - barrier has player-facing role, effect, placement and numeric metrics
  ---
  duration_ms: 0.824055
  type: 'test'
  ...
# Subtest: gun has player-facing role, effect, placement and numeric metrics
ok 86 - gun has player-facing role, effect, placement and numeric metrics
  ---
  duration_ms: 0.178736
  type: 'test'
  ...
# Subtest: mortar has player-facing role, effect, placement and numeric metrics
ok 87 - mortar has player-facing role, effect, placement and numeric metrics
  ---
  duration_ms: 0.102672
  type: 'test'
  ...
# Subtest: slow has player-facing role, effect, placement and numeric metrics
ok 88 - slow has player-facing role, effect, placement and numeric metrics
  ---
  duration_ms: 0.079158
  type: 'test'
  ...
# Subtest: relay has player-facing role, effect, placement and numeric metrics
ok 89 - relay has player-facing role, effect, placement and numeric metrics
  ---
  duration_ms: 0.323641
  type: 'test'
  ...
# Subtest: all defense tiers define deterministic durability and sequential upgrade costs
ok 90 - all defense tiers define deterministic durability and sequential upgrade costs
  ---
  duration_ms: 0.940368
  type: 'test'
  ...
# Subtest: defense upgrades are sequential and locked to civilization level
ok 91 - defense upgrades are sequential and locked to civilization level
  ---
  duration_ms: 2.355133
  type: 'test'
  ...
# Subtest: upgrading preserves damage ratio instead of fully healing the facility
ok 92 - upgrading preserves damage ratio instead of fully healing the facility
  ---
  duration_ms: 0.57861
  type: 'test'
  ...
# Subtest: tier synchronization upgrades legacy durability without changing its health percentage
ok 93 - tier synchronization upgrades legacy durability without changing its health percentage
  ---
  duration_ms: 0.190423
  type: 'test'
  ...
# Subtest: destroyed and maximum-tier defenses cannot be upgraded
ok 94 - destroyed and maximum-tier defenses cannot be upgraded
  ---
  duration_ms: 0.318103
  type: 'test'
  ...
# Subtest: gate conversion starts at tier two and preserves the prior health ratio
ok 95 - gate conversion starts at tier two and preserves the prior health ratio
  ---
  duration_ms: 0.447155
  type: 'test'
  ...
# Subtest: combat UI shows the current tier name, next-tier changes, cost and lock state
ok 96 - combat UI shows the current tier name, next-tier changes, cost and lock state
  ---
  duration_ms: 21.642734
  type: 'test'
  ...
# Subtest: civilization panel explains the current defense tier ceiling and next unlock
ok 97 - civilization panel explains the current defense tier ceiling and next unlock
  ---
  duration_ms: 6.515202
  type: 'test'
  ...
# Subtest: applying a tier uses the explicit durability table for every facility class
ok 98 - applying a tier uses the explicit durability table for every facility class
  ---
  duration_ms: 0.5916
  type: 'test'
  ...
# Subtest: upgraded attack statistics are used by live combat rather than only the UI
ok 99 - upgraded attack statistics are used by live combat rather than only the UI
  ---
  duration_ms: 1.655282
  type: 'test'
  ...
# Subtest: defense details remain scrollable after the larger upgrade preview is added
ok 100 - defense details remain scrollable after the larger upgrade preview is added
  ---
  duration_ms: 2.868332
  type: 'test'
  ...
# Subtest: top HUD no longer exposes a global deployment button
ok 101 - top HUD no longer exposes a global deployment button
  ---
  duration_ms: 4.148431
  type: 'test'
  ...
# Subtest: enemy-base deployment opens with the tapped target fixed
ok 102 - enemy-base deployment opens with the tapped target fixed
  ---
  duration_ms: 6.954736
  type: 'test'
  ...
# Subtest: recovery-item deployment keeps the selected item fixed and only offers retrieval squads
ok 103 - recovery-item deployment keeps the selected item fixed and only offers retrieval squads
  ---
  duration_ms: 0.830025
  type: 'test'
  ...
# Subtest: combat target context exposes direct deployment actions
ok 104 - combat target context exposes direct deployment actions
  ---
  duration_ms: 2.372208
  type: 'test'
  ...
# Subtest: combat renderer includes visible friendly squad markers
ok 105 - combat renderer includes visible friendly squad markers
  ---
  duration_ms: 1.486446
  type: 'test'
  ...
# Subtest: enemy types make different barrier decisions from break time and detour time
ok 106 - enemy types make different barrier decisions from break time and detour time
  ---
  duration_ms: 2.061897
  type: 'test'
  ...
# Subtest: balanced infantry breaches a weakened wall instead of taking a long detour
ok 107 - balanced infantry breaches a weakened wall instead of taking a long detour
  ---
  duration_ms: 0.367546
  type: 'test'
  ...
# Subtest: raider selects repair support before ordinary weapon towers
ok 108 - raider selects repair support before ordinary weapon towers
  ---
  duration_ms: 1.498289
  type: 'test'
  ...
# Subtest: rope cutter selects slowing equipment before repair support
ok 109 - rope cutter selects slowing equipment before repair support
  ---
  duration_ms: 0.552111
  type: 'test'
  ...
# Subtest: specialist damages its selected facility and invalidates shared targets when it is destroyed
ok 110 - specialist damages its selected facility and invalidates shared targets when it is destroyed
  ---
  duration_ms: 0.526242
  type: 'test'
  ...
# Subtest: a newly built priority facility requests rerouting without teleporting an enemy off its current road
ok 111 - a newly built priority facility requests rerouting without teleporting an enemy off its current road
  ---
  duration_ms: 1.41198
  type: 'test'
  ...
# Subtest: loaded source chunk materializes a persistent enemy-source site
ok 112 - loaded source chunk materializes a persistent enemy-source site
  ---
  duration_ms: 1.951794
  type: 'test'
  ...
# Subtest: player can clear an enemy source on site and stop future frontier waves
ok 113 - player can clear an enemy source on site and stop future frontier waves
  ---
  duration_ms: 2.317047
  type: 'test'
  ...
# Subtest: enemy source interaction requires proximity and a clear local area
ok 114 - enemy source interaction requires proximity and a clear local area
  ---
  duration_ms: 0.760181
  type: 'test'
  ...
# Subtest: loaded chunks are processed once for deterministic ambient discoveries
ok 115 - loaded chunks are processed once for deterministic ambient discoveries
  ---
  duration_ms: 0.79994
  type: 'test'
  ...
# Subtest: exploration renderer draws active sites with a minimal canvas context
ok 116 - exploration renderer draws active sites with a minimal canvas context
  ---
  duration_ms: 0.656527
  type: 'test'
  ...
# Subtest: civilization level provides a separate simple-base limit
ok 117 - civilization level provides a separate simple-base limit
  ---
  duration_ms: 0.909193
  type: 'test'
  ...
# Subtest: simple-base placement requires civilization unlock, fresh GPS, road access and separation
ok 118 - simple-base placement requires civilization unlock, fresh GPS, road access and separation
  ---
  duration_ms: 1.563045
  type: 'test'
  ...
# Subtest: simple bases require and consume the processed-resource cost for their slot
ok 119 - simple bases require and consume the processed-resource cost for their slot
  ---
  duration_ms: 1.174296
  type: 'test'
  ...
# Subtest: simple base has 40 HP and creates only a 50m construction anchor
ok 120 - simple base has 40 HP and creates only a 50m construction anchor
  ---
  duration_ms: 2.388283
  type: 'test'
  ...
# Subtest: current assault squad can deploy from an active simple base
ok 121 - current assault squad can deploy from an active simple base
  ---
  duration_ms: 0.984524
  type: 'test'
  ...
# Subtest: nearby enemies can destroy a simple base and remove its construction and deployment roles
ok 122 - nearby enemies can destroy a simple base and remove its construction and deployment roles
  ---
  duration_ms: 1.989359
  type: 'test'
  ...
# Subtest: destroyed simple base keeps its slot and can only be rebuilt at the site
ok 123 - destroyed simple base keeps its slot and can only be rebuilt at the site
  ---
  duration_ms: 0.664028
  type: 'test'
  ...
# Subtest: simple-base state survives save and restore without precise location metadata
ok 124 - simple-base state survives save and restore without precise location metadata
  ---
  duration_ms: 1.340734
  type: 'test'
  ...
# Subtest: level-four civilization progress counts active simple bases instead of obsolete outposts
ok 125 - level-four civilization progress counts active simple bases instead of obsolete outposts
  ---
  duration_ms: 1.335091
  type: 'test'
  ...
# Subtest: a distant simple base does not pull attackers away from a much nearer city
ok 126 - a distant simple base does not pull attackers away from a much nearer city
  ---
  duration_ms: 0.701002
  type: 'test'
  ...
# Subtest: standing at a simple base keeps the wider current-location construction zone
ok 127 - standing at a simple base keeps the wider current-location construction zone
  ---
  duration_ms: 0.579142
  type: 'test'
  ...
# Subtest: a major base cannot be placed on top of an active simple base
ok 128 - a major base cannot be placed on top of an active simple base
  ---
  duration_ms: 0.601655
  type: 'test'
  ...
# Subtest: a destroyed simple-base ruin still blocks overlapping major-base placement
ok 129 - a destroyed simple-base ruin still blocks overlapping major-base placement
  ---
  duration_ms: 0.327878
  type: 'test'
  ...
# Subtest: an active simple base anchors regional simulation but a destroyed one does not
ok 130 - an active simple base anchors regional simulation but a destroyed one does not
  ---
  duration_ms: 13.182419
  type: 'test'
  ...
# Subtest: an enemy chooses a nearby simple base when it is meaningfully closer than the city
ok 131 - an enemy chooses a nearby simple base when it is meaningfully closer than the city
  ---
  duration_ms: 0.621214
  type: 'test'
  ...
# Subtest: deployment preview is non-destructive and dispatch spends the assault cost once
ok 132 - deployment preview is non-destructive and dispatch spends the assault cost once
  ---
  duration_ms: 5.457007
  type: 'test'
  ...
# Subtest: friendly squad stops to fight enemies and both sides exchange damage
ok 133 - friendly squad stops to fight enemies and both sides exchange damage
  ---
  duration_ms: 3.648648
  type: 'test'
  ...
# Subtest: squad destroys an enemy base, schedules respawn and returns to its origin
ok 134 - squad destroys an enemy base, schedules respawn and returns to its origin
  ---
  duration_ms: 4.01711
  type: 'test'
  ...
# Subtest: friendly squads survive JSON save and restore without exact base coordinates
ok 135 - friendly squads survive JSON save and restore without exact base coordinates
  ---
  duration_ms: 1.49246
  type: 'test'
  ...
# Subtest: remote friendly squads only advance when the dormant regional interval is due
ok 136 - remote friendly squads only advance when the dormant regional interval is due
  ---
  duration_ms: 7.756438
  type: 'test'
  ...
# Subtest: friendly order overlay draws selectable nodes, routes, destination and waypoints on a minimal canvas
ok 137 - friendly order overlay draws selectable nodes, routes, destination and waypoints on a minimal canvas
  ---
  duration_ms: 3.064108
  type: 'test'
  ...
# Subtest: combat UI exposes stop, retreat, withdraw, resume and two-waypoint route planning
ok 138 - combat UI exposes stop, retreat, withdraw, resume and two-waypoint route planning
  ---
  duration_ms: 3.809166
  type: 'test'
  ...
# Subtest: renderer places squad order guidance above combat and construction layers
ok 139 - renderer places squad order guidance above combat and construction layers
  ---
  duration_ms: 1.900892
  type: 'test'
  ...
# Subtest: stop holds a squad at its exact road position while retaining the mission
ok 140 - stop holds a squad at its exact road position while retaining the mission
  ---
  duration_ms: 4.394833
  type: 'test'
  ...
# Subtest: route command issued mid-edge preserves position and joins the chosen route at the next intersection
ok 141 - route command issued mid-edge preserves position and joins the chosen route at the next intersection
  ---
  duration_ms: 0.950854
  type: 'test'
  ...
# Subtest: retreat reaches the selected node, stops there, and keeps the original attack mission
ok 142 - retreat reaches the selected node, stops there, and keeps the original attack mission
  ---
  duration_ms: 1.605648
  type: 'test'
  ...
# Subtest: withdraw abandons the mission and begins recovery only after it reaches the origin
ok 143 - withdraw abandons the mission and begins recovery only after it reaches the origin
  ---
  duration_ms: 2.583203
  type: 'test'
  ...
# Subtest: stopping a retreat preserves the retreat destination for route-selected resume
ok 144 - stopping a retreat preserves the retreat destination for route-selected resume
  ---
  duration_ms: 0.428557
  type: 'test'
  ...
# Subtest: retreat validation rejects a node closer to the hostile base and accepts an owned base behind the squad
ok 145 - retreat validation rejects a node closer to the hostile base and accepts an owned base behind the squad
  ---
  duration_ms: 0.532482
  type: 'test'
  ...
# Subtest: route planner exposes distinct shortest, enemy-avoidance and friendly-support choices when the road graph allows them
ok 146 - route planner exposes distinct shortest, enemy-avoidance and friendly-support choices when the road graph allows them
  ---
  duration_ms: 1.76838
  type: 'test'
  ...
# Subtest: waypoints force every generated route through the selected intersections
ok 147 - waypoints force every generated route through the selected intersections
  ---
  duration_ms: 0.674003
  type: 'test'
  ...
# Subtest: retreating through a newly encountered enemy does not grant invulnerability
ok 148 - retreating through a newly encountered enemy does not grant invulnerability
  ---
  duration_ms: 17.606544
  type: 'test'
  ...
# Subtest: friendly orders, selected route and history survive save and restore
ok 149 - friendly orders, selected route and history survive save and restore
  ---
  duration_ms: 1.721111
  type: 'test'
  ...
# Subtest: a rejected withdraw route leaves the original mission untouched
ok 150 - a rejected withdraw route leaves the original mission untouched
  ---
  duration_ms: 0.310902
  type: 'test'
  ...
# Subtest: route orders reject paths whose edges do not connect the declared node sequence
ok 151 - route orders reject paths whose edges do not connect the declared node sequence
  ---
  duration_ms: 0.181981
  type: 'test'
  ...
# Subtest: route estimates include the remaining distance on the squad current road segment
ok 152 - route estimates include the remaining distance on the squad current road segment
  ---
  duration_ms: 0.252385
  type: 'test'
  ...
# Subtest: a map tap near a displayed route selects that route instead of becoming a waypoint
ok 153 - a map tap near a displayed route selects that route instead of becoming a waypoint
  ---
  duration_ms: 0.559072
  type: 'test'
  ...
# Subtest: civilization level one unlocks treatment and field aid with the approved progression
ok 154 - civilization level one unlocks treatment and field aid with the approved progression
  ---
  duration_ms: 1.132094
  type: 'test'
  ...
# Subtest: major bases recover a returned squad to full health and keep it ready for redeployment
ok 155 - major bases recover a returned squad to full health and keep it ready for redeployment
  ---
  duration_ms: 2.516994
  type: 'test'
  ...
# Subtest: a treatment facility accelerates healing and reorganization at a major base
ok 156 - a treatment facility accelerates healing and reorganization at a major base
  ---
  duration_ms: 2.367893
  type: 'test'
  ...
# Subtest: a field base without an aid station reorganizes but does not heal a light squad
ok 157 - a field base without an aid station reorganizes but does not heal a light squad
  ---
  duration_ms: 0.864356
  type: 'test'
  ...
# Subtest: a field aid station heals assault and skirmisher squads up to seventy percent
ok 158 - a field aid station heals assault and skirmisher squads up to seventy percent
  ---
  duration_ms: 0.773521
  type: 'test'
  ...
# Subtest: field aid does not heal non-light squads if legacy data places one at a field base
ok 159 - field aid does not heal non-light squads if legacy data places one at a field base
  ---
  duration_ms: 0.661785
  type: 'test'
  ...
# Subtest: recovering squads block dispatch while a ready squad of the same type redeploys without cost
ok 160 - recovering squads block dispatch while a ready squad of the same type redeploys without cost
  ---
  duration_ms: 3.131167
  type: 'test'
  ...
# Subtest: selecting a different type replaces a ready garrison and charges the new formation cost
ok 161 - selecting a different type replaces a ready garrison and charges the new formation cost
  ---
  duration_ms: 0.609326
  type: 'test'
  ...
# Subtest: medical and field aid facilities are restricted to their matching base types and one slot each
ok 162 - medical and field aid facilities are restricted to their matching base types and one slot each
  ---
  duration_ms: 2.033795
  type: 'test'
  ...
# Subtest: destroying a treatment facility immediately falls back to natural base recovery
ok 163 - destroying a treatment facility immediately falls back to natural base recovery
  ---
  duration_ms: 0.673521
  type: 'test'
  ...
# Subtest: recovery state and progress survive save and restore
ok 164 - recovery state and progress survive save and restore
  ---
  duration_ms: 1.784315
  type: 'test'
  ...
# Subtest: a recovering squad evacuates to the nearest major base when its field base is destroyed
ok 165 - a recovering squad evacuates to the nearest major base when its field base is destroyed
  ---
  duration_ms: 6.290773
  type: 'test'
  ...
# Subtest: recovery and ready garrisons reject tactical movement orders
ok 166 - recovery and ready garrisons reject tactical movement orders
  ---
  duration_ms: 0.709265
  type: 'test'
  ...
# Subtest: treatment capacity queues excess squads without losing recovery state
ok 167 - treatment capacity queues excess squads without losing recovery state
  ---
  duration_ms: 0.367246
  type: 'test'
  ...
# Subtest: tier-three treatment facilities process two recovering squads at once
ok 168 - tier-three treatment facilities process two recovering squads at once
  ---
  duration_ms: 0.199697
  type: 'test'
  ...
# Subtest: friendly unit unlock levels and simple-base deployment restrictions are enforced
ok 169 - friendly unit unlock levels and simple-base deployment restrictions are enforced
  ---
  duration_ms: 3.344821
  type: 'test'
  ...
# Subtest: skirmisher damage strongly favors light enemies and is weak against armored enemies
ok 170 - skirmisher damage strongly favors light enemies and is weak against armored enemies
  ---
  duration_ms: 0.247428
  type: 'test'
  ...
# Subtest: siege squad damages enemy bases much faster than the assault squad
ok 171 - siege squad damages enemy bases much faster than the assault squad
  ---
  duration_ms: 3.899851
  type: 'test'
  ...
# Subtest: nearby heavy squad intercepts part of the damage aimed at another friendly squad
ok 172 - nearby heavy squad intercepts part of the damage aimed at another friendly squad
  ---
  duration_ms: 0.946978
  type: 'test'
  ...
# Subtest: expedition squad heals only after its non-combat recovery delay
ok 173 - expedition squad heals only after its non-combat recovery delay
  ---
  duration_ms: 0.517961
  type: 'test'
  ...
# Subtest: all friendly unit types preserve their identity and combat state through save and restore
ok 174 - all friendly unit types preserve their identity and combat state through save and restore
  ---
  duration_ms: 2.076238
  type: 'test'
  ...
# Subtest: skirmisher prioritizes a light specialist over a nearer ordinary infantry target
ok 175 - skirmisher prioritizes a light specialist over a nearer ordinary infantry target
  ---
  duration_ms: 1.025991
  type: 'test'
  ...
# Subtest: mixed friendly unit types remain valid through extended regional combat simulation
ok 176 - mixed friendly unit types remain valid through extended regional combat simulation
  ---
  duration_ms: 46.925813
  type: 'test'
  ...
# Subtest: dead-end roads at unexplored chunk borders become frontier candidates
ok 177 - dead-end roads at unexplored chunk borders become frontier candidates
  ---
  duration_ms: 1.51224
  type: 'test'
  ...
# Subtest: frontier source stays fixed while its entry point advances with map expansion
ok 178 - frontier source stays fixed while its entry point advances with map expansion
  ---
  duration_ms: 1.648367
  type: 'test'
  ...
# Subtest: frontier system launches enemies from a map-edge entry node
ok 179 - frontier system launches enemies from a map-edge entry node
  ---
  duration_ms: 1.137001
  type: 'test'
  ...
# Subtest: frontier identity is hidden until the signal is localized
ok 180 - frontier identity is hidden until the signal is localized
  ---
  duration_ms: 0.172988
  type: 'test'
  ...
# Subtest: frontier renderer tolerates a minimal canvas context
ok 181 - frontier renderer tolerates a minimal canvas context
  ---
  duration_ms: 0.613543
  type: 'test'
  ...
# Subtest: balanced opening reaches civilization level one without collapse on a line road network
ok 182 - balanced opening reaches civilization level one without collapse on a line road network
  ---
  duration_ms: 136.377248
  type: 'test'
  ...
# Subtest: balanced opening reaches civilization level one without collapse on a cross road network
ok 183 - balanced opening reaches civilization level one without collapse on a cross road network
  ---
  duration_ms: 86.275977
  type: 'test'
  ...
# Subtest: balanced opening reaches civilization level one without collapse on a grid road network
ok 184 - balanced opening reaches civilization level one without collapse on a grid road network
  ---
  duration_ms: 58.078974
  type: 'test'
  ...
# Subtest: attack-only opening cannot erase every enemy base without material losses
ok 185 - attack-only opening cannot erase every enemy base without material losses
  ---
  duration_ms: 132.458529
  type: 'test'
  ...
# Subtest: source module graph has no circular dependencies
ok 186 - source module graph has no circular dependencies
  ---
  duration_ms: 65.322768
  type: 'test'
  ...
# Subtest: twelve-hour simulation remains bounded, serializable and within enemy cap
ok 187 - twelve-hour simulation remains bounded, serializable and within enemy cap
  ---
  duration_ms: 585.370994
  type: 'test'
  ...
# Subtest: same state and elapsed time produce the same offline game result
ok 188 - same state and elapsed time produce the same offline game result
  ---
  duration_ms: 389.557021
  type: 'test'
  ...
# Subtest: legacy save is converted once into the clean schema
ok 189 - legacy save is converted once into the clean schema
  ---
  duration_ms: 3.708125
  type: 'test'
  ...
# Subtest: offline simulation is bounded and reports the applied duration
ok 190 - offline simulation is bounded and reports the applied duration
  ---
  duration_ms: 0.898857
  type: 'test'
  ...
# Subtest: offline simulation advances the canonical world clock
ok 191 - offline simulation advances the canonical world clock
  ---
  duration_ms: 0.320657
  type: 'test'
  ...
# Subtest: default endpoints use current public global instances
ok 192 - default endpoints use current public global instances
  ---
  duration_ms: 1.358576
  type: 'test'
  ...
# Subtest: query filters road classes before download
ok 193 - query filters road classes before download
  ---
  duration_ms: 0.320186
  type: 'test'
  ...
# Subtest: JSONP URL contains encoded query and callback
ok 194 - JSONP URL contains encoded query and callback
  ---
  duration_ms: 0.358714
  type: 'test'
  ...
# Subtest: browser JSONP resolves payload and cleans callback
ok 195 - browser JSONP resolves payload and cleans callback
  ---
  duration_ms: 0.566352
  type: 'test'
  ...
# Subtest: browser mode prefers JSONP and does not call fetch after success
ok 196 - browser mode prefers JSONP and does not call fetch after success
  ---
  duration_ms: 0.417691
  type: 'test'
  ...
# Subtest: JSONP failure falls back to official minimal POST request
ok 197 - JSONP failure falls back to official minimal POST request
  ---
  duration_ms: 0.580443
  type: 'test'
  ...
# Subtest: failed endpoint falls back to the next endpoint
ok 198 - failed endpoint falls back to the next endpoint
  ---
  duration_ms: 0.348088
  type: 'test'
  ...
# Subtest: all failures include endpoint and transport diagnostics
ok 199 - all failures include endpoint and transport diagnostics
  ---
  duration_ms: 0.650047
  type: 'test'
  ...
# Subtest: caller abort stops attempts immediately
ok 200 - caller abort stops attempts immediately
  ---
  duration_ms: 0.688715
  type: 'test'
  ...
# Subtest: development client can disable JSONP and use the injected fetch directly
ok 201 - development client can disable JSONP and use the injected fetch directly
  ---
  duration_ms: 0.548286
  type: 'test'
  ...
# Subtest: balanced profile limits simulation, rendering and DPR
ok 202 - balanced profile limits simulation, rendering and DPR
  ---
  duration_ms: 0.778578
  type: 'test'
  ...
# Subtest: game loop decouples simulation, civilization and rendering rates
ok 203 - game loop decouples simulation, civilization and rendering rates
  ---
  duration_ms: 0.645901
  type: 'test'
  ...
# Subtest: combat spatial index returns only nearby active enemies
ok 204 - combat spatial index returns only nearby active enemies
  ---
  duration_ms: 0.851187
  type: 'test'
  ...
# Subtest: renderer caches static radar and road layers between frames
ok 205 - renderer caches static radar and road layers between frames
  ---
  duration_ms: 3.074258
  type: 'test'
  ...
# Subtest: tactical route choices use spatial snapshots instead of rescanning every enemy and defense per road edge
ok 206 - tactical route choices use spatial snapshots instead of rescanning every enemy and defense per road edge
  ---
  duration_ms: 79.426213
  type: 'test'
  ...
# Subtest: civilization level increases the active player-base limit by one
ok 207 - civilization level increases the active player-base limit by one
  ---
  duration_ms: 0.716376
  type: 'test'
  ...
# Subtest: base placement requires an unlocked slot, fresh position, nearby road and minimum separation
ok 208 - base placement requires an unlocked slot, fresh position, nearby road and minimum separation
  ---
  duration_ms: 1.459802
  type: 'test'
  ...
# Subtest: additional major bases require and consume escalating processed-resource costs
ok 209 - additional major bases require and consume escalating processed-resource costs
  ---
  duration_ms: 1.468755
  type: 'test'
  ...
# Subtest: establishing a base adds a remote construction and simulation anchor
ok 210 - establishing a base adds a remote construction and simulation anchor
  ---
  duration_ms: 1.511468
  type: 'test'
  ...
# Subtest: secondary bases survive save and restore without retaining exact location fields
ok 211 - secondary bases survive save and restore without retaining exact location fields
  ---
  duration_ms: 1.453362
  type: 'test'
  ...
# Subtest: civilization projects require cumulative artifacts recovered in the field
ok 212 - civilization projects require cumulative artifacts recovered in the field
  ---
  duration_ms: 0.612531
  type: 'test'
  ...
# Subtest: PWA registers the current service worker on HTTPS
ok 213 - PWA registers the current service worker on HTTPS
  ---
  duration_ms: 1.125154
  type: 'test'
  ...
# Subtest: PWA is skipped for an allowed development fixture
ok 214 - PWA is skipped for an allowed development fixture
  ---
  duration_ms: 0.218525
  type: 'test'
  ...
# Subtest: public devFixture query does not disable production PWA registration
ok 215 - public devFixture query does not disable production PWA registration
  ---
  duration_ms: 1.002141
  type: 'test'
  ...
# Subtest: PWA registration failure does not stop the game
ok 216 - PWA registration failure does not stop the game
  ---
  duration_ms: 0.287388
  type: 'test'
  ...
# Subtest: radar renderer is integrated without changing the map input owner
ok 217 - radar renderer is integrated without changing the map input owner
  ---
  duration_ms: 6.529057
  type: 'test'
  ...
# Subtest: radar theme exposes tactical palette and mobile layout rules
ok 218 - radar theme exposes tactical palette and mobile layout rules
  ---
  duration_ms: 1.875725
  type: 'test'
  ...
# Subtest: combat and road renderers use radar glyphs and glow rather than emoji labels
ok 219 - combat and road renderers use radar glyphs and glow rather than emoji labels
  ---
  duration_ms: 3.330009
  type: 'test'
  ...
# Subtest: radar canvas layers render with a minimal canvas context
ok 220 - radar canvas layers render with a minimal canvas context
  ---
  duration_ms: 2.674348
  type: 'test'
  ...
# Subtest: playing footer stays clear of the combat toolbar
ok 221 - playing footer stays clear of the combat toolbar
  ---
  duration_ms: 1.31085
  type: 'test'
  ...
# Subtest: radar preferences apply defaults and cycle without game state
ok 222 - radar preferences apply defaults and cycle without game state
  ---
  duration_ms: 0.938857
  type: 'test'
  ...
# Subtest: bootstrap imports RadarPreferences before constructing it
ok 223 - bootstrap imports RadarPreferences before constructing it
  ---
  duration_ms: 5.775001
  type: 'test'
  ...
# Subtest: touch devices default to the power-saving radar profile
ok 224 - touch devices default to the power-saving radar profile
  ---
  duration_ms: 0.38292
  type: 'test'
  ...
# Subtest: destroying an enemy base creates one persistent recovery item at the destroyed base
ok 225 - destroying an enemy base creates one persistent recovery item at the destroyed base
  ---
  duration_ms: 1.550302
  type: 'test'
  ...
# Subtest: recovery requires the player to be within the physical collection range
ok 226 - recovery requires the player to be within the physical collection range
  ---
  duration_ms: 0.560424
  type: 'test'
  ...
# Subtest: recovery rejects stale or inaccurate geolocation even at the item position
ok 227 - recovery rejects stale or inaccurate geolocation even at the item position
  ---
  duration_ms: 0.236021
  type: 'test'
  ...
# Subtest: manual collection requires five seconds in range, grants once and removes the recovered item
ok 228 - manual collection requires five seconds in range, grants once and removes the recovered item
  ---
  duration_ms: 0.597719
  type: 'test'
  ...
# Subtest: leaving the collection radius cancels progress without removing the item
ok 229 - leaving the collection radius cancels progress without removing the item
  ---
  duration_ms: 0.363611
  type: 'test'
  ...
# Subtest: uncollected recovery items survive save and restore while live location freshness does not
ok 230 - uncollected recovery items survive save and restore while live location freshness does not
  ---
  duration_ms: 1.267846
  type: 'test'
  ...
# Subtest: refactor schema 1 scrap is migrated into canonical resources
ok 231 - refactor schema 1 scrap is migrated into canonical resources
  ---
  duration_ms: 2.384387
  type: 'test'
  ...
# Subtest: retrieval squad is deliberately weak and works from major and field bases
ok 232 - retrieval squad is deliberately weak and works from major and field bases
  ---
  duration_ms: 0.823635
  type: 'test'
  ...
# Subtest: dispatch reserves a recovery item and preview does not mutate it
ok 233 - dispatch reserves a recovery item and preview does not mutate it
  ---
  duration_ms: 2.749806
  type: 'test'
  ...
# Subtest: retrieval squad collects for eight seconds and grants the artifact only after returning
ok 234 - retrieval squad collects for eight seconds and grants the artifact only after returning
  ---
  duration_ms: 6.266036
  type: 'test'
  ...
# Subtest: destroying a squad before pickup releases the item at its original location
ok 235 - destroying a squad before pickup releases the item at its original location
  ---
  duration_ms: 1.063022
  type: 'test'
  ...
# Subtest: destroying a squad while carrying drops the item at the destruction point
ok 236 - destroying a squad while carrying drops the item at the destruction point
  ---
  duration_ms: 2.916864
  type: 'test'
  ...
# Subtest: withdrawing before pickup abandons the recovery mission and releases the item
ok 237 - withdrawing before pickup abandons the recovery mission and releases the item
  ---
  duration_ms: 0.597589
  type: 'test'
  ...
# Subtest: field bases can deploy and reorganize retrieval squads
ok 238 - field bases can deploy and reorganize retrieval squads
  ---
  duration_ms: 0.547144
  type: 'test'
  ...
# Subtest: reserved recovery mission survives save and restore without exposing exact live location data
ok 239 - reserved recovery mission survives save and restore without exposing exact live location data
  ---
  duration_ms: 1.211793
  type: 'test'
  ...
# Subtest: manual collection in progress blocks deployment without consuming resources or changing a ready squad
ok 240 - manual collection in progress blocks deployment without consuming resources or changing a ready squad
  ---
  duration_ms: 0.696677
  type: 'test'
  ...
# Subtest: orphaned reservations become available again after squad data is lost
ok 241 - orphaned reservations become available again after squad data is lost
  ---
  duration_ms: 0.509367
  type: 'test'
  ...
# Subtest: a real heavy enemy quickly destroys the weak retrieval squad and releases its reservation
ok 242 - a real heavy enemy quickly destroys the weak retrieval squad and releases its reservation
  ---
  duration_ms: 1.143111
  type: 'test'
  ...
# Subtest: remote retrieval completes under active, peripheral, and dormant regional intervals
ok 243 - remote retrieval completes under active, peripheral, and dormant regional intervals
  ---
  duration_ms: 38.968195
  type: 'test'
  ...
# Subtest: world chunks use deterministic grid ids and reversible centers
ok 244 - world chunks use deterministic grid ids and reversible centers
  ---
  duration_ms: 1.353033
  type: 'test'
  ...
# Subtest: initial chunk state only marks chunks fully covered by the initial acquisition
ok 245 - initial chunk state only marks chunks fully covered by the initial acquisition
  ---
  duration_ms: 0.36325
  type: 'test'
  ...
# Subtest: graph merge preserves existing ids, joins nearby endpoints and removes duplicate edges
ok 246 - graph merge preserves existing ids, joins nearby endpoints and removes duplicate edges
  ---
  duration_ms: 1.345221
  type: 'test'
  ...
# Subtest: chunk cache isolates worlds and can remove one world
ok 247 - chunk cache isolates worlds and can remove one world
  ---
  duration_ms: 0.399143
  type: 'test'
  ...
# Subtest: RoadService chunk acquisition projects roads into the original world coordinate system
ok 248 - RoadService chunk acquisition projects roads into the original world coordinate system
  ---
  duration_ms: 7.258953
  type: 'test'
  ...
# Subtest: parallel carriageways with the same identity collapse into one gameplay road
ok 249 - parallel carriageways with the same identity collapse into one gameplay road
  ---
  duration_ms: 2.014307
  type: 'test'
  ...
# Subtest: nearby roads with different names remain separate
ok 250 - nearby roads with different names remain separate
  ---
  duration_ms: 0.264333
  type: 'test'
  ...
# Subtest: clustered intersections build a connected graph and combat route
ok 251 - clustered intersections build a connected graph and combat route
  ---
  duration_ms: 2.249035
  type: 'test'
  ...
# Subtest: one RoadService load performs one acquisition and produces indexed graph data
ok 252 - one RoadService load performs one acquisition and produces indexed graph data
  ---
  duration_ms: 14.796652
  type: 'test'
  ...
# Subtest: chunk prefetch only includes crossed or nearby grid edges
ok 253 - chunk prefetch only includes crossed or nearby grid edges
  ---
  duration_ms: 1.072876
  type: 'test'
  ...
# Subtest: manager merges a new chunk, records it and persists a compact cache entry
ok 254 - manager merges a new chunk, records it and persists a compact cache entry
  ---
  duration_ms: 2.647654
  type: 'test'
  ...
# Subtest: manager loads a cached chunk without calling the road server
ok 255 - manager loads a cached chunk without calling the road server
  ---
  duration_ms: 0.68572
  type: 'test'
  ...
# Subtest: failed acquisitions cool down without blocking unrelated nearby chunks
ok 256 - failed acquisitions cool down without blocking unrelated nearby chunks
  ---
  duration_ms: 0.664589
  type: 'test'
  ...
# Subtest: chunk centers remain based on the original world center
ok 257 - chunk centers remain based on the original world center
  ---
  duration_ms: 0.112537
  type: 'test'
  ...
# Subtest: save data remains JSON and graph indexes are reconstructed after load
ok 258 - save data remains JSON and graph indexes are reconstructed after load
  ---
  duration_ms: 2.430586
  type: 'test'
  ...
# Subtest: v0.19 object-form road graphs remain loadable after compact saves are introduced
ok 259 - v0.19 object-form road graphs remain loadable after compact saves are introduced
  ---
  duration_ms: 0.306736
  type: 'test'
  ...
# Subtest: lifecycle follows the new startup sequence
ok 260 - lifecycle follows the new startup sequence
  ---
  duration_ms: 1.253961
  type: 'test'
  ...
# Subtest: invalid transition is rejected
ok 261 - invalid transition is rejected
  ---
  duration_ms: 0.490169
  type: 'test'
  ...
# Subtest: state snapshots cannot mutate the store
ok 262 - state snapshots cannot mutate the store
  ---
  duration_ms: 0.229371
  type: 'test'
  ...
# Subtest: source contains no legacy function override pattern or duplicate fetchRoadGraph
ok 263 - source contains no legacy function override pattern or duplicate fetchRoadGraph
  ---
  duration_ms: 63.53336
  type: 'test'
  ...
# Subtest: repair relay remains available as a build tool
ok 264 - repair relay remains available as a build tool
  ---
  duration_ms: 2.518467
  type: 'test'
  ...
# Subtest: survey facility is a civilization level 1 tower with approved tier progression
ok 265 - survey facility is a civilization level 1 tower with approved tier progression
  ---
  duration_ms: 1.649724
  type: 'test'
  ...
# Subtest: survey facility cannot be built before civilization level 1 or from the player-only build zone
ok 266 - survey facility cannot be built before civilization level 1 or from the player-only build zone
  ---
  duration_ms: 1.830694
  type: 'test'
  ...
# Subtest: each owned base can operate only one active survey facility
ok 267 - each owned base can operate only one active survey facility
  ---
  duration_ms: 1.223365
  type: 'test'
  ...
# Subtest: survey candidate selection expands one adjacent unloaded chunk inside the tier radius
ok 268 - survey candidate selection expands one adjacent unloaded chunk inside the tier radius
  ---
  duration_ms: 8.465083
  type: 'test'
  ...
# Subtest: survey-loaded roads are recorded separately from physically observed regions
ok 269 - survey-loaded roads are recorded separately from physically observed regions
  ---
  duration_ms: 2.634023
  type: 'test'
  ...
# Subtest: remote survey does not reveal exact frontier sources or ambient exploration sites
ok 270 - remote survey does not reveal exact frontier sources or ambient exploration sites
  ---
  duration_ms: 1.091113
  type: 'test'
  ...
# Subtest: entering a surveyed chunk promotes it to physical observation and reveals local content
ok 271 - entering a surveyed chunk promotes it to physical observation and reveals local content
  ---
  duration_ms: 1.847248
  type: 'test'
  ...
# Subtest: survey scheduler serializes facilities and enforces a global real-time cooldown
ok 272 - survey scheduler serializes facilities and enforces a global real-time cooldown
  ---
  duration_ms: 1.428781
  type: 'test'
  ...
# Subtest: survey status reports radius, cadence and remaining expansion work
ok 273 - survey status reports radius, cadence and remaining expansion work
  ---
  duration_ms: 0.555446
  type: 'test'
  ...
# Subtest: survey tower upgrade remains gated by the matching civilization level
ok 274 - survey tower upgrade remains gated by the matching civilization level
  ---
  duration_ms: 0.647914
  type: 'test'
  ...
# Subtest: a survey facility anchored to a destroyed simple base stops operating until the base is rebuilt
ok 275 - a survey facility anchored to a destroyed simple base stops operating until the base is rebuilt
  ---
  duration_ms: 0.324823
  type: 'test'
  ...
# Subtest: survey-only road chunks do not receive exact enemy bases before physical observation
ok 276 - survey-only road chunks do not receive exact enemy bases before physical observation
  ---
  duration_ms: 1.076902
  type: 'test'
  ...
# Subtest: survey progress and physical-observation boundaries survive save and restore
ok 277 - survey progress and physical-observation boundaries survive save and restore
  ---
  duration_ms: 0.936964
  type: 'test'
  ...
# Subtest: only one tab owns the synchronous storage lease
ok 278 - only one tab owns the synchronous storage lease
  ---
  duration_ms: 0.8135
  type: 'test'
  ...
# Subtest: broadcast fallback elects one primary tab when storage is unavailable
ok 279 - broadcast fallback elects one primary tab when storage is unavailable
  ---
  duration_ms: 0.493604
  type: 'test'
  ...
# Subtest: remaining route distance accounts for current edge progress
ok 280 - remaining route distance accounts for current edge progress
  ---
  duration_ms: 1.192995
  type: 'test'
  ...
# Subtest: threat level escalates from contact to critical
ok 281 - threat level escalates from contact to critical
  ---
  duration_ms: 0.369279
  type: 'test'
  ...
# Subtest: clear threat reports stable defense line
ok 282 - clear threat reports stable defense line
  ---
  duration_ms: 0.196112
  type: 'test'
  ...
# Subtest: tactical routes and focus render with a minimal canvas context
ok 283 - tactical routes and focus render with a minimal canvas context
  ---
  duration_ms: 6.080536
  type: 'test'
  ...
# Subtest: selected enemy base no longer renders a misleading player capture radius
ok 284 - selected enemy base no longer renders a misleading player capture radius
  ---
  duration_ms: 0.381477
  type: 'test'
  ...
# Subtest: HUD and modal CSS do not use unreadably small explicit type
ok 285 - HUD and modal CSS do not use unreadably small explicit type
  ---
  duration_ms: 5.32092
  type: 'test'
  ...
# Subtest: Canvas labels retain a readable minimum without changing world scale
ok 286 - Canvas labels retain a readable minimum without changing world scale
  ---
  duration_ms: 4.655541
  type: 'test'
  ...
# Subtest: larger tool labels receive matching control height and context clearance
ok 287 - larger tool labels receive matching control height and context clearance
  ---
  duration_ms: 1.402852
  type: 'test'
  ...
# Subtest: a fully destroyed wave increments perfect defense streak exactly once
ok 288 - a fully destroyed wave increments perfect defense streak exactly once
  ---
  duration_ms: 3.648708
  type: 'test'
  ...
# Subtest: enemy-base guard launches once and does not count as a perfect defense wave
ok 289 - enemy-base guard launches once and does not count as a perfect defense wave
  ---
  duration_ms: 1.166055
  type: 'test'
  ...
# Subtest: civilization level creates resource bases without duplicating them
ok 290 - civilization level creates resource bases without duplicating them
  ---
  duration_ms: 7.460829
  type: 'test'
  ...
# Subtest: initial base placement excludes civilization resource bases
ok 291 - initial base placement excludes civilization resource bases
  ---
  duration_ms: 10.756227
  type: 'test'
  ...
# Subtest: destroyed base waits for its respawn timer and then reappears elsewhere
ok 292 - destroyed base waits for its respawn timer and then reappears elsewhere
  ---
  duration_ms: 1.133947
  type: 'test'
  ...
# Subtest: initial enemy bases spread across independent road fronts when the graph permits it
ok 293 - initial enemy bases spread across independent road fronts when the graph permits it
  ---
  duration_ms: 0.982661
  type: 'test'
  ...
# Subtest: stacked initial enemy bases receive progressively longer opening delays on a one-front road
ok 294 - stacked initial enemy bases receive progressively longer opening delays on a one-front road
  ---
  duration_ms: 1.004594
  type: 'test'
  ...
# Subtest: region activity follows the nearest city or player anchor
ok 295 - region activity follows the nearest city or player anchor
  ---
  duration_ms: 2.009084
  type: 'test'
  ...
# Subtest: regional clocks only release peripheral and dormant simulation at their intervals
ok 296 - regional clocks only release peripheral and dormant simulation at their intervals
  ---
  duration_ms: 0.856564
  type: 'test'
  ...
# Subtest: dormant enemies and facilities advance only when the remote interval is due
ok 297 - dormant enemies and facilities advance only when the remote interval is due
  ---
  duration_ms: 4.39651
  type: 'test'
  ...
# Subtest: road graph spatial index excludes distant roads from local queries
ok 298 - road graph spatial index excludes distant roads from local queries
  ---
  duration_ms: 1.62651
  type: 'test'
  ...
# Subtest: expanded road graphs use compact save encoding and restore gameplay fields
ok 299 - expanded road graphs use compact save encoding and restore gameplay fields
  ---
  duration_ms: 4.495713
  type: 'test'
  ...
1..299
# tests 299
# suites 0
# pass 299
# fail 0
# cancelled 0
# skipped 0
# todo 0
# duration_ms 8001.477263
