TAP version 13
# Subtest: HTML references only existing local app resources and required controls exist
ok 1 - HTML references only existing local app resources and required controls exist
  ---
  duration_ms: 6.957765
  type: 'test'
  ...
# Subtest: every required DOM id used by bootstrap exists in HTML
ok 2 - every required DOM id used by bootstrap exists in HTML
  ---
  duration_ms: 3.288172
  type: 'test'
  ...
# Subtest: service worker app shell contains every runtime source file and all paths exist
ok 3 - service worker app shell contains every runtime source file and all paths exist
  ---
  duration_ms: 17.407555
  type: 'test'
  ...
# Subtest: development tree has no premature single-HTML build output
ok 4 - development tree has no premature single-HTML build output
  ---
  duration_ms: 0.967029
  type: 'test'
  ...
# Subtest: service worker only deletes FRONTLINE ROADS caches
ok 5 - service worker only deletes FRONTLINE ROADS caches
  ---
  duration_ms: 1.04085
  type: 'test'
  ...
# Subtest: service worker falls back to HTML only for navigation requests
ok 6 - service worker falls back to HTML only for navigation requests
  ---
  duration_ms: 1.110212
  type: 'test'
  ...
# Subtest: release version is synchronized across package, runtime label and service-worker cache
ok 7 - release version is synchronized across package, runtime label and service-worker cache
  ---
  duration_ms: 2.872345
  type: 'test'
  ...
# Subtest: obsolete top alert frame is absent from the play HUD
ok 8 - obsolete top alert frame is absent from the play HUD
  ---
  duration_ms: 1.108935
  type: 'test'
  ...
# Subtest: storage denial is detected without crashing construction
ok 9 - storage denial is detected without crashing construction
  ---
  duration_ms: 1.204683
  type: 'test'
  ...
# Subtest: invalid shallow save is quarantined instead of bricking startup
ok 10 - invalid shallow save is quarantined instead of bricking startup
  ---
  duration_ms: 1.18249
  type: 'test'
  ...
# Subtest: saved game removes exact position history and rounds map origin
ok 11 - saved game removes exact position history and rounds map origin
  ---
  duration_ms: 1.929452
  type: 'test'
  ...
# Subtest: state validation rejects malformed saved road graph
ok 12 - state validation rejects malformed saved road graph
  ---
  duration_ms: 0.249741
  type: 'test'
  ...
# Subtest: stone gate conversion cannot be used before civilization level 2
ok 13 - stone gate conversion cannot be used before civilization level 2
  ---
  duration_ms: 0.626312
  type: 'test'
  ...
# Subtest: path invalidation waits for the current edge instead of teleporting backward
ok 14 - path invalidation waits for the current edge instead of teleporting backward
  ---
  duration_ms: 2.087381
  type: 'test'
  ...
# Subtest: grade-separated endpoints are not merged into one intersection
ok 15 - grade-separated endpoints are not merged into one intersection
  ---
  duration_ms: 1.203862
  type: 'test'
  ...
# Subtest: long OSM geometry is subdivided rather than discarded
ok 16 - long OSM geometry is subdivided rather than discarded
  ---
  duration_ms: 1.375406
  type: 'test'
  ...
# Subtest: complete reset clears current, legacy, and backup save keys
ok 17 - complete reset clears current, legacy, and backup save keys
  ---
  duration_ms: 0.364372
  type: 'test'
  ...
# Subtest: production source only enables dev fixture on local or explicit test origins
ok 18 - production source only enables dev fixture on local or explicit test origins
  ---
  duration_ms: 8.227879
  type: 'test'
  ...
# Subtest: development fixture disables browser JSONP and uses injected road data
ok 19 - development fixture disables browser JSONP and uses injected road data
  ---
  duration_ms: 2.727043
  type: 'test'
  ...
# Subtest: tier-zero area and slow defenses use the approved restrained values
ok 20 - tier-zero area and slow defenses use the approved restrained values
  ---
  duration_ms: 1.412673
  type: 'test'
  ...
# Subtest: area defense applies full damage to one target, reduced splash and a hard target cap
ok 21 - area defense applies full damage to one target, reduced splash and a hard target cap
  ---
  duration_ms: 1.277522
  type: 'test'
  ...
# Subtest: slow defense affects only the nearest approved number of targets
ok 22 - slow defense affects only the nearest approved number of targets
  ---
  duration_ms: 0.344583
  type: 'test'
  ...
# Subtest: enemy base growth follows age thresholds and civilization caps
ok 23 - enemy base growth follows age thresholds and civilization caps
  ---
  duration_ms: 0.292485
  type: 'test'
  ...
# Subtest: enemy level multipliers scale durability, attack and speed without runaway speed growth
ok 24 - enemy level multipliers scale durability, attack and speed without runaway speed growth
  ---
  duration_ms: 0.249691
  type: 'test'
  ...
# Subtest: spawned enemies retain the source base level and scaled HP for their lifetime
ok 25 - spawned enemies retain the source base level and scaled HP for their lifetime
  ---
  duration_ms: 0.378954
  type: 'test'
  ...
# Subtest: enemy base levels add exactly one unit per level
ok 26 - enemy base levels add exactly one unit per level
  ---
  duration_ms: 0.637028
  type: 'test'
  ...
# Subtest: new civilization enemy generations phase in at 15, 30, 45 and 60 minutes
ok 27 - new civilization enemy generations phase in at 15, 30, 45 and 60 minutes
  ---
  duration_ms: 0.176173
  type: 'test'
  ...
# Subtest: higher enemy base levels increase pressure gradually rather than all at once
ok 28 - higher enemy base levels increase pressure gradually rather than all at once
  ---
  duration_ms: 0.428949
  type: 'test'
  ...
# Subtest: a level-two mixed wave now reaches a city defended only by tier-zero area and slow facilities
ok 29 - a level-two mixed wave now reaches a city defended only by tier-zero area and slow facilities
  ---
  duration_ms: 13.302621
  type: 'test'
  ...
# Subtest: a heavier level-two formation creates meaningful pressure without instantly defeating the city
ok 30 - a heavier level-two formation creates meaningful pressure without instantly defeating the city
  ---
  duration_ms: 7.060091
  type: 'test'
  ...
# Subtest: enemy base level increases emit one visible threat notification
ok 31 - enemy base level increases emit one visible threat notification
  ---
  duration_ms: 1.173776
  type: 'test'
  ...
# Subtest: enemy individual level and scaled HP survive save and restore
ok 32 - enemy individual level and scaled HP survive save and restore
  ---
  duration_ms: 24.234714
  type: 'test'
  ...
# Subtest: a new civilization generation keeps the previous generation during its opening grace window
ok 33 - a new civilization generation keeps the previous generation during its opening grace window
  ---
  duration_ms: 0.544911
  type: 'test'
  ...
# Subtest: enemy system applies the spawned enemy level to movement and city damage
ok 34 - enemy system applies the spawned enemy level to movement and city damage
  ---
  duration_ms: 0.23544
  type: 'test'
  ...
# Subtest: base command panel summarizes remote threats, facilities, squads and recoveries
ok 35 - base command panel summarizes remote threats, facilities, squads and recoveries
  ---
  duration_ms: 1.963112
  type: 'test'
  ...
# Subtest: base command UI lists all bases and switches the map camera without moving the player
ok 36 - base command UI lists all bases and switches the map camera without moving the player
  ---
  duration_ms: 1.680792
  type: 'test'
  ...
# Subtest: base command UI establishes an unlocked base at the current road position
ok 37 - base command UI establishes an unlocked base at the current road position
  ---
  duration_ms: 1.104634
  type: 'test'
  ...
# Subtest: combat renderer includes a distinct marker for secondary player bases
ok 38 - combat renderer includes a distinct marker for secondary player bases
  ---
  duration_ms: 6.510808
  type: 'test'
  ...
# Subtest: base command UI lists simple bases separately and can focus or rebuild a destroyed one
ok 39 - base command UI lists simple bases separately and can focus or rebuild a destroyed one
  ---
  duration_ms: 2.027227
  type: 'test'
  ...
# Subtest: combat renderer includes a distinct marker for simple bases and ruins
ok 40 - combat renderer includes a distinct marker for simple bases and ruins
  ---
  duration_ms: 1.622445
  type: 'test'
  ...
# Subtest: selection snaps to the existing graph and creates a base without refetching
ok 41 - selection snaps to the existing graph and creates a base without refetching
  ---
  duration_ms: 1.703039
  type: 'test'
  ...
# Subtest: a tap outside the road tolerance is rejected
ok 42 - a tap outside the road tolerance is rejected
  ---
  duration_ms: 0.157294
  type: 'test'
  ...
# Subtest: base placement uses a dedicated map viewport instead of drawing behind controls
ok 43 - base placement uses a dedicated map viewport instead of drawing behind controls
  ---
  duration_ms: 6.010454
  type: 'test'
  ...
# Subtest: base placement screen keeps the canvas clip synchronized with the viewport
ok 44 - base placement screen keeps the canvas clip synchronized with the viewport
  ---
  duration_ms: 2.458558
  type: 'test'
  ...
# Subtest: barrier highlighting is clipped to the build-radius portion of a road
ok 45 - barrier highlighting is clipped to the build-radius portion of a road
  ---
  duration_ms: 1.201168
  type: 'test'
  ...
# Subtest: build placement overlay draws valid sites, build radius and candidate effect radius
ok 46 - build placement overlay draws valid sites, build radius and candidate effect radius
  ---
  duration_ms: 0.750256
  type: 'test'
  ...
# Subtest: barrier overlay tolerates a minimal canvas implementation
ok 47 - barrier overlay tolerates a minimal canvas implementation
  ---
  duration_ms: 0.321989
  type: 'test'
  ...
# Subtest: renderer draws construction guidance after combat effects so candidates stay visible
ok 48 - renderer draws construction guidance after combat effects so candidates stay visible
  ---
  duration_ms: 5.774698
  type: 'test'
  ...
# Subtest: existing facilities expand build sites beyond the original home-base range
ok 49 - existing facilities expand build sites beyond the original home-base range
  ---
  duration_ms: 4.665392
  type: 'test'
  ...
# Subtest: previewing a candidate does not consume resources or create a defense
ok 50 - previewing a candidate does not consume resources or create a defense
  ---
  duration_ms: 0.802424
  type: 'test'
  ...
# Subtest: a confirmed candidate consumes resources exactly once and creates the selected defense
ok 51 - a confirmed candidate consumes resources exactly once and creates the selected defense
  ---
  duration_ms: 0.840762
  type: 'test'
  ...
# Subtest: a stale candidate is rejected without spending resources
ok 52 - a stale candidate is rejected without spending resources
  ---
  duration_ms: 0.539553
  type: 'test'
  ...
# Subtest: candidate confirmation rechecks resources that changed after preview
ok 53 - candidate confirmation rechecks resources that changed after preview
  ---
  duration_ms: 0.463199
  type: 'test'
  ...
# Subtest: barrier candidates retain the tapped road position and reject out-of-range points
ok 54 - barrier candidates retain the tapped road position and reject out-of-range points
  ---
  duration_ms: 0.526323
  type: 'test'
  ...
# Subtest: rebuilding a ruined placement at the same world time creates a distinct defense id
ok 55 - rebuilding a ruined placement at the same world time creates a distinct defense id
  ---
  duration_ms: 0.765459
  type: 'test'
  ...
# Subtest: preview skips an occupied nearest intersection when another valid intersection is within the tap tolerance
ok 56 - preview skips an occupied nearest intersection when another valid intersection is within the tap tolerance
  ---
  duration_ms: 0.447686
  type: 'test'
  ...
# Subtest: preview skips an occupied nearest road when another valid road is within the tap tolerance
ok 57 - preview skips an occupied nearest road when another valid road is within the tap tolerance
  ---
  duration_ms: 0.635215
  type: 'test'
  ...
# Subtest: player position creates a second build zone away from the home base
ok 58 - player position creates a second build zone away from the home base
  ---
  duration_ms: 0.580153
  type: 'test'
  ...
# Subtest: a current-location candidate is rejected if the player leaves its build zone before confirmation
ok 59 - a current-location candidate is rejected if the player leaves its build zone before confirmation
  ---
  duration_ms: 0.33617
  type: 'test'
  ...
# Subtest: overlapping home-base and player positions are represented as one build zone
ok 60 - overlapping home-base and player positions are represented as one build zone
  ---
  duration_ms: 0.206748
  type: 'test'
  ...
# Subtest: existing facilities create expanded construction anchors for additional defenses
ok 61 - existing facilities create expanded construction anchors for additional defenses
  ---
  duration_ms: 0.3293
  type: 'test'
  ...
# Subtest: inventory has one canonical resource store and preserves overflow
ok 62 - inventory has one canonical resource store and preserves overflow
  ---
  duration_ms: 2.599748
  type: 'test'
  ...
# Subtest: production reserves inputs once and completes through the civilization update
ok 63 - production reserves inputs once and completes through the civilization update
  ---
  duration_ms: 1.315357
  type: 'test'
  ...
# Subtest: enemy bases are no longer captured by standing nearby
ok 64 - enemy bases are no longer captured by standing nearby
  ---
  duration_ms: 0.094361
  type: 'test'
  ...
# Subtest: legacy ruined outposts can still be restored and produce resources
ok 65 - legacy ruined outposts can still be restored and produce resources
  ---
  duration_ms: 0.763316
  type: 'test'
  ...
# Subtest: settlement damage ruins a building and disables its production
ok 66 - settlement damage ruins a building and disables its production
  ---
  duration_ms: 0.885017
  type: 'test'
  ...
# Subtest: production overflow stays in the building buffer until collection
ok 67 - production overflow stays in the building buffer until collection
  ---
  duration_ms: 0.930314
  type: 'test'
  ...
# Subtest: every civilization project uses implemented requirements and fits the unlocked settlement slots
ok 68 - every civilization project uses implemented requirements and fits the unlocked settlement slots
  ---
  duration_ms: 0.467826
  type: 'test'
  ...
# Subtest: map tap only selects a build candidate and confirmation performs the mutation
ok 69 - map tap only selects a build candidate and confirmation performs the mutation
  ---
  duration_ms: 38.907193
  type: 'test'
  ...
# Subtest: combat UI no longer calls immediate buildAt from map taps
ok 70 - combat UI no longer calls immediate buildAt from map taps
  ---
  duration_ms: 4.597612
  type: 'test'
  ...
# Subtest: an invalid second tap clears the previous candidate to prevent confirming the wrong location
ok 71 - an invalid second tap clears the previous candidate to prevent confirming the wrong location
  ---
  duration_ms: 1.49864
  type: 'test'
  ...
# Subtest: build confirmation is disabled while the selected facility is unaffordable
ok 72 - build confirmation is disabled while the selected facility is unaffordable
  ---
  duration_ms: 1.208118
  type: 'test'
  ...
# Subtest: context explanations are collapsed by default and metrics remain visible
ok 73 - context explanations are collapsed by default and metrics remain visible
  ---
  duration_ms: 0.676576
  type: 'test'
  ...
# Subtest: an opened context explanation remains open after the live HUD rerenders
ok 74 - an opened context explanation remains open after the live HUD rerenders
  ---
  duration_ms: 0.686011
  type: 'test'
  ...
# Subtest: context metrics use a fixed three-column grid to reduce panel height
ok 75 - context metrics use a fixed three-column grid to reduce panel height
  ---
  duration_ms: 2.510736
  type: 'test'
  ...
# Subtest: combat effect buffer is capped and prunes expired effects
ok 76 - combat effect buffer is capped and prunes expired effects
  ---
  duration_ms: 0.729836
  type: 'test'
  ...
# Subtest: event bus creates transient shot and city warning effects
ok 77 - event bus creates transient shot and city warning effects
  ---
  duration_ms: 2.832796
  type: 'test'
  ...
# Subtest: manual defense upgrade events create a visible pulse
ok 78 - manual defense upgrade events create a visible pulse
  ---
  duration_ms: 0.321619
  type: 'test'
  ...
# Subtest: barrier changes weighted enemy route without creating another graph
ok 79 - barrier changes weighted enemy route without creating another graph
  ---
  duration_ms: 2.544816
  type: 'test'
  ...
# Subtest: enemy position follows path direction rather than edge storage direction
ok 80 - enemy position follows path direction rather than edge storage direction
  ---
  duration_ms: 0.973018
  type: 'test'
  ...
# Subtest: build range is measured from established home base
ok 81 - build range is measured from established home base
  ---
  duration_ms: 1.725372
  type: 'test'
  ...
# Subtest: gun tower damages an enemy in range
ok 82 - gun tower damages an enemy in range
  ---
  duration_ms: 3.25637
  type: 'test'
  ...
# Subtest: enemy reaching the city deals damage and is removed
ok 83 - enemy reaching the city deals damage and is removed
  ---
  duration_ms: 0.918166
  type: 'test'
  ...
# Subtest: repair relay consumes resources and repairs only the most damaged target
ok 84 - repair relay consumes resources and repairs only the most damaged target
  ---
  duration_ms: 0.413435
  type: 'test'
  ...
# Subtest: city recovers after a quiet period and a large update only heals post-cooldown time
ok 85 - city recovers after a quiet period and a large update only heals post-cooldown time
  ---
  duration_ms: 39.883351
  type: 'test'
  ...
# Subtest: city defeat never creates negative resources and reports unpaid emergency recovery honestly
ok 86 - city defeat never creates negative resources and reports unpaid emergency recovery honestly
  ---
  duration_ms: 9.186975
  type: 'test'
  ...
# Subtest: barrier has player-facing role, effect, placement and numeric metrics
ok 87 - barrier has player-facing role, effect, placement and numeric metrics
  ---
  duration_ms: 0.760872
  type: 'test'
  ...
# Subtest: gun has player-facing role, effect, placement and numeric metrics
ok 88 - gun has player-facing role, effect, placement and numeric metrics
  ---
  duration_ms: 0.218555
  type: 'test'
  ...
# Subtest: mortar has player-facing role, effect, placement and numeric metrics
ok 89 - mortar has player-facing role, effect, placement and numeric metrics
  ---
  duration_ms: 0.106028
  type: 'test'
  ...
# Subtest: slow has player-facing role, effect, placement and numeric metrics
ok 90 - slow has player-facing role, effect, placement and numeric metrics
  ---
  duration_ms: 0.082072
  type: 'test'
  ...
# Subtest: relay has player-facing role, effect, placement and numeric metrics
ok 91 - relay has player-facing role, effect, placement and numeric metrics
  ---
  duration_ms: 0.2552
  type: 'test'
  ...
# Subtest: all defense tiers define deterministic durability and sequential upgrade costs
ok 92 - all defense tiers define deterministic durability and sequential upgrade costs
  ---
  duration_ms: 1.063793
  type: 'test'
  ...
# Subtest: defense upgrades are sequential and locked to civilization level
ok 93 - defense upgrades are sequential and locked to civilization level
  ---
  duration_ms: 2.699277
  type: 'test'
  ...
# Subtest: upgrading preserves damage ratio instead of fully healing the facility
ok 94 - upgrading preserves damage ratio instead of fully healing the facility
  ---
  duration_ms: 0.609537
  type: 'test'
  ...
# Subtest: tier synchronization upgrades legacy durability without changing its health percentage
ok 95 - tier synchronization upgrades legacy durability without changing its health percentage
  ---
  duration_ms: 0.220479
  type: 'test'
  ...
# Subtest: destroyed and maximum-tier defenses cannot be upgraded
ok 96 - destroyed and maximum-tier defenses cannot be upgraded
  ---
  duration_ms: 0.324113
  type: 'test'
  ...
# Subtest: gate conversion starts at tier two and preserves the prior health ratio
ok 97 - gate conversion starts at tier two and preserves the prior health ratio
  ---
  duration_ms: 0.462829
  type: 'test'
  ...
# Subtest: combat UI shows the current tier name, next-tier changes, cost and lock state
ok 98 - combat UI shows the current tier name, next-tier changes, cost and lock state
  ---
  duration_ms: 21.897648
  type: 'test'
  ...
# Subtest: civilization panel explains the current defense tier ceiling and next unlock
ok 99 - civilization panel explains the current defense tier ceiling and next unlock
  ---
  duration_ms: 5.052449
  type: 'test'
  ...
# Subtest: applying a tier uses the explicit durability table for every facility class
ok 100 - applying a tier uses the explicit durability table for every facility class
  ---
  duration_ms: 0.469459
  type: 'test'
  ...
# Subtest: upgraded attack statistics are used by live combat rather than only the UI
ok 101 - upgraded attack statistics are used by live combat rather than only the UI
  ---
  duration_ms: 1.425961
  type: 'test'
  ...
# Subtest: defense details remain scrollable after the larger upgrade preview is added
ok 102 - defense details remain scrollable after the larger upgrade preview is added
  ---
  duration_ms: 2.814608
  type: 'test'
  ...
# Subtest: top HUD no longer exposes a global deployment button
ok 103 - top HUD no longer exposes a global deployment button
  ---
  duration_ms: 3.759554
  type: 'test'
  ...
# Subtest: enemy-base deployment opens with the tapped target fixed
ok 104 - enemy-base deployment opens with the tapped target fixed
  ---
  duration_ms: 5.889318
  type: 'test'
  ...
# Subtest: recovery-item deployment keeps the selected item fixed and only offers retrieval squads
ok 105 - recovery-item deployment keeps the selected item fixed and only offers retrieval squads
  ---
  duration_ms: 0.775434
  type: 'test'
  ...
# Subtest: combat target context exposes direct deployment actions
ok 106 - combat target context exposes direct deployment actions
  ---
  duration_ms: 2.098467
  type: 'test'
  ...
# Subtest: combat renderer includes visible friendly squad markers
ok 107 - combat renderer includes visible friendly squad markers
  ---
  duration_ms: 1.262974
  type: 'test'
  ...
# Subtest: enemy types make different barrier decisions from break time and detour time
ok 108 - enemy types make different barrier decisions from break time and detour time
  ---
  duration_ms: 2.635912
  type: 'test'
  ...
# Subtest: balanced infantry breaches a weakened wall instead of taking a long detour
ok 109 - balanced infantry breaches a weakened wall instead of taking a long detour
  ---
  duration_ms: 0.442258
  type: 'test'
  ...
# Subtest: raider selects repair support before ordinary weapon towers
ok 110 - raider selects repair support before ordinary weapon towers
  ---
  duration_ms: 2.776502
  type: 'test'
  ...
# Subtest: rope cutter selects slowing equipment before repair support
ok 111 - rope cutter selects slowing equipment before repair support
  ---
  duration_ms: 0.678149
  type: 'test'
  ...
# Subtest: specialist damages its selected facility and invalidates shared targets when it is destroyed
ok 112 - specialist damages its selected facility and invalidates shared targets when it is destroyed
  ---
  duration_ms: 0.568075
  type: 'test'
  ...
# Subtest: a newly built priority facility requests rerouting without teleporting an enemy off its current road
ok 113 - a newly built priority facility requests rerouting without teleporting an enemy off its current road
  ---
  duration_ms: 1.400424
  type: 'test'
  ...
# Subtest: civilization generations contain expanded valid enemy variants with explicit personalities
ok 114 - civilization generations contain expanded valid enemy variants with explicit personalities
  ---
  duration_ms: 1.053337
  type: 'test'
  ...
# Subtest: flanking enemies choose a bounded longer side road while direct infantry uses the shortest road
ok 115 - flanking enemies choose a bounded longer side road while direct infantry uses the shortest road
  ---
  duration_ms: 2.478999
  type: 'test'
  ...
# Subtest: marauder personality prioritizes a field base over an equally reachable city
ok 116 - marauder personality prioritizes a field base over an equally reachable city
  ---
  duration_ms: 1.699544
  type: 'test'
  ...
# Subtest: squad hunter plans toward an active friendly squad and damages it after contact
ok 117 - squad hunter plans toward an active friendly squad and damages it after contact
  ---
  duration_ms: 0.871817
  type: 'test'
  ...
# Subtest: war drummer speed aura accelerates nearby allies without accelerating itself
ok 118 - war drummer speed aura accelerates nearby allies without accelerating itself
  ---
  duration_ms: 0.663918
  type: 'test'
  ...
# Subtest: civilization level four rotates doctrines and introduces the new generation across repeated waves
ok 119 - civilization level four rotates doctrines and introduces the new generation across repeated waves
  ---
  duration_ms: 3.478897
  type: 'test'
  ...
# Subtest: personality route and doctrine metadata survive the unchanged save schema
ok 120 - personality route and doctrine metadata survive the unchanged save schema
  ---
  duration_ms: 1.806518
  type: 'test'
  ...
# Subtest: loaded source chunk materializes a persistent enemy-source site
ok 121 - loaded source chunk materializes a persistent enemy-source site
  ---
  duration_ms: 2.136209
  type: 'test'
  ...
# Subtest: player can clear an enemy source on site and stop future frontier waves
ok 122 - player can clear an enemy source on site and stop future frontier waves
  ---
  duration_ms: 3.961149
  type: 'test'
  ...
# Subtest: enemy source interaction requires proximity and a clear local area
ok 123 - enemy source interaction requires proximity and a clear local area
  ---
  duration_ms: 0.822764
  type: 'test'
  ...
# Subtest: loaded chunks are processed once for deterministic ambient discoveries
ok 124 - loaded chunks are processed once for deterministic ambient discoveries
  ---
  duration_ms: 0.804377
  type: 'test'
  ...
# Subtest: exploration renderer draws active sites with a minimal canvas context
ok 125 - exploration renderer draws active sites with a minimal canvas context
  ---
  duration_ms: 0.565621
  type: 'test'
  ...
# Subtest: civilization level provides a separate simple-base limit
ok 126 - civilization level provides a separate simple-base limit
  ---
  duration_ms: 0.835812
  type: 'test'
  ...
# Subtest: simple-base placement requires civilization unlock, fresh GPS, road access and separation
ok 127 - simple-base placement requires civilization unlock, fresh GPS, road access and separation
  ---
  duration_ms: 1.531648
  type: 'test'
  ...
# Subtest: simple bases require and consume the processed-resource cost for their slot
ok 128 - simple bases require and consume the processed-resource cost for their slot
  ---
  duration_ms: 1.143631
  type: 'test'
  ...
# Subtest: simple base has 40 HP and creates only a 50m construction anchor
ok 129 - simple base has 40 HP and creates only a 50m construction anchor
  ---
  duration_ms: 1.065454
  type: 'test'
  ...
# Subtest: current assault squad can deploy from an active simple base
ok 130 - current assault squad can deploy from an active simple base
  ---
  duration_ms: 0.869272
  type: 'test'
  ...
# Subtest: nearby enemies can destroy a simple base and remove its construction and deployment roles
ok 131 - nearby enemies can destroy a simple base and remove its construction and deployment roles
  ---
  duration_ms: 2.127343
  type: 'test'
  ...
# Subtest: destroyed simple base keeps its slot and can only be rebuilt at the site
ok 132 - destroyed simple base keeps its slot and can only be rebuilt at the site
  ---
  duration_ms: 0.593803
  type: 'test'
  ...
# Subtest: simple-base state survives save and restore without precise location metadata
ok 133 - simple-base state survives save and restore without precise location metadata
  ---
  duration_ms: 1.333643
  type: 'test'
  ...
# Subtest: level-four civilization progress counts active simple bases instead of obsolete outposts
ok 134 - level-four civilization progress counts active simple bases instead of obsolete outposts
  ---
  duration_ms: 1.286648
  type: 'test'
  ...
# Subtest: a distant simple base does not pull attackers away from a much nearer city
ok 135 - a distant simple base does not pull attackers away from a much nearer city
  ---
  duration_ms: 0.777106
  type: 'test'
  ...
# Subtest: standing at a simple base keeps the wider current-location construction zone
ok 136 - standing at a simple base keeps the wider current-location construction zone
  ---
  duration_ms: 0.531681
  type: 'test'
  ...
# Subtest: a major base cannot be placed on top of an active simple base
ok 137 - a major base cannot be placed on top of an active simple base
  ---
  duration_ms: 0.559032
  type: 'test'
  ...
# Subtest: a destroyed simple-base ruin still blocks overlapping major-base placement
ok 138 - a destroyed simple-base ruin still blocks overlapping major-base placement
  ---
  duration_ms: 0.276441
  type: 'test'
  ...
# Subtest: an active simple base anchors regional simulation but a destroyed one does not
ok 139 - an active simple base anchors regional simulation but a destroyed one does not
  ---
  duration_ms: 10.881736
  type: 'test'
  ...
# Subtest: an enemy chooses a nearby simple base when it is meaningfully closer than the city
ok 140 - an enemy chooses a nearby simple base when it is meaningfully closer than the city
  ---
  duration_ms: 0.404922
  type: 'test'
  ...
# Subtest: deployment preview is non-destructive and dispatch spends the assault cost once
ok 141 - deployment preview is non-destructive and dispatch spends the assault cost once
  ---
  duration_ms: 4.312522
  type: 'test'
  ...
# Subtest: friendly squad stops to fight enemies and both sides exchange damage
ok 142 - friendly squad stops to fight enemies and both sides exchange damage
  ---
  duration_ms: 3.139378
  type: 'test'
  ...
# Subtest: squad destroys an enemy base, schedules respawn and returns to its origin
ok 143 - squad destroys an enemy base, schedules respawn and returns to its origin
  ---
  duration_ms: 4.026527
  type: 'test'
  ...
# Subtest: friendly squads survive JSON save and restore without exact base coordinates
ok 144 - friendly squads survive JSON save and restore without exact base coordinates
  ---
  duration_ms: 1.621191
  type: 'test'
  ...
# Subtest: remote friendly squads only advance when the dormant regional interval is due
ok 145 - remote friendly squads only advance when the dormant regional interval is due
  ---
  duration_ms: 8.187414
  type: 'test'
  ...
# Subtest: friendly order overlay draws selectable nodes, routes, destination and waypoints on a minimal canvas
ok 146 - friendly order overlay draws selectable nodes, routes, destination and waypoints on a minimal canvas
  ---
  duration_ms: 3.259362
  type: 'test'
  ...
# Subtest: combat UI exposes stop, retreat, withdraw, resume and two-waypoint route planning
ok 147 - combat UI exposes stop, retreat, withdraw, resume and two-waypoint route planning
  ---
  duration_ms: 3.965952
  type: 'test'
  ...
# Subtest: renderer places squad order guidance above combat and construction layers
ok 148 - renderer places squad order guidance above combat and construction layers
  ---
  duration_ms: 1.472659
  type: 'test'
  ...
# Subtest: stop holds a squad at its exact road position while retaining the mission
ok 149 - stop holds a squad at its exact road position while retaining the mission
  ---
  duration_ms: 3.598371
  type: 'test'
  ...
# Subtest: route command issued mid-edge preserves position and joins the chosen route at the next intersection
ok 150 - route command issued mid-edge preserves position and joins the chosen route at the next intersection
  ---
  duration_ms: 1.961101
  type: 'test'
  ...
# Subtest: retreat reaches the selected node, stops there, and keeps the original attack mission
ok 151 - retreat reaches the selected node, stops there, and keeps the original attack mission
  ---
  duration_ms: 1.388134
  type: 'test'
  ...
# Subtest: withdraw abandons the mission and begins recovery only after it reaches the origin
ok 152 - withdraw abandons the mission and begins recovery only after it reaches the origin
  ---
  duration_ms: 2.142866
  type: 'test'
  ...
# Subtest: stopping a retreat preserves the retreat destination for route-selected resume
ok 153 - stopping a retreat preserves the retreat destination for route-selected resume
  ---
  duration_ms: 0.589386
  type: 'test'
  ...
# Subtest: retreat validation rejects a node closer to the hostile base and accepts an owned base behind the squad
ok 154 - retreat validation rejects a node closer to the hostile base and accepts an owned base behind the squad
  ---
  duration_ms: 0.612691
  type: 'test'
  ...
# Subtest: route planner exposes distinct shortest, enemy-avoidance and friendly-support choices when the road graph allows them
ok 155 - route planner exposes distinct shortest, enemy-avoidance and friendly-support choices when the road graph allows them
  ---
  duration_ms: 1.721049
  type: 'test'
  ...
# Subtest: waypoints force every generated route through the selected intersections
ok 156 - waypoints force every generated route through the selected intersections
  ---
  duration_ms: 0.64602
  type: 'test'
  ...
# Subtest: retreating through a newly encountered enemy does not grant invulnerability
ok 157 - retreating through a newly encountered enemy does not grant invulnerability
  ---
  duration_ms: 17.407273
  type: 'test'
  ...
# Subtest: friendly orders, selected route and history survive save and restore
ok 158 - friendly orders, selected route and history survive save and restore
  ---
  duration_ms: 1.719937
  type: 'test'
  ...
# Subtest: a rejected withdraw route leaves the original mission untouched
ok 159 - a rejected withdraw route leaves the original mission untouched
  ---
  duration_ms: 0.461666
  type: 'test'
  ...
# Subtest: route orders reject paths whose edges do not connect the declared node sequence
ok 160 - route orders reject paths whose edges do not connect the declared node sequence
  ---
  duration_ms: 0.182982
  type: 'test'
  ...
# Subtest: route estimates include the remaining distance on the squad current road segment
ok 161 - route estimates include the remaining distance on the squad current road segment
  ---
  duration_ms: 0.266667
  type: 'test'
  ...
# Subtest: a map tap near a displayed route selects that route instead of becoming a waypoint
ok 162 - a map tap near a displayed route selects that route instead of becoming a waypoint
  ---
  duration_ms: 0.577799
  type: 'test'
  ...
# Subtest: civilization level one unlocks treatment and field aid with the approved progression
ok 163 - civilization level one unlocks treatment and field aid with the approved progression
  ---
  duration_ms: 0.985916
  type: 'test'
  ...
# Subtest: major bases recover a returned squad to full health and keep it ready for redeployment
ok 164 - major bases recover a returned squad to full health and keep it ready for redeployment
  ---
  duration_ms: 3.244434
  type: 'test'
  ...
# Subtest: a treatment facility accelerates healing and reorganization at a major base
ok 165 - a treatment facility accelerates healing and reorganization at a major base
  ---
  duration_ms: 1.364989
  type: 'test'
  ...
# Subtest: a field base without an aid station reorganizes but does not heal a light squad
ok 166 - a field base without an aid station reorganizes but does not heal a light squad
  ---
  duration_ms: 0.853669
  type: 'test'
  ...
# Subtest: a field aid station heals assault and skirmisher squads up to seventy percent
ok 167 - a field aid station heals assault and skirmisher squads up to seventy percent
  ---
  duration_ms: 0.814271
  type: 'test'
  ...
# Subtest: field aid does not heal non-light squads if legacy data places one at a field base
ok 168 - field aid does not heal non-light squads if legacy data places one at a field base
  ---
  duration_ms: 0.647933
  type: 'test'
  ...
# Subtest: recovering squads block dispatch while a ready squad of the same type redeploys without cost
ok 169 - recovering squads block dispatch while a ready squad of the same type redeploys without cost
  ---
  duration_ms: 2.954753
  type: 'test'
  ...
# Subtest: selecting a different type replaces a ready garrison and charges the new formation cost
ok 170 - selecting a different type replaces a ready garrison and charges the new formation cost
  ---
  duration_ms: 0.515527
  type: 'test'
  ...
# Subtest: medical and field aid facilities are restricted to their matching base types and one slot each
ok 171 - medical and field aid facilities are restricted to their matching base types and one slot each
  ---
  duration_ms: 3.054532
  type: 'test'
  ...
# Subtest: destroying a treatment facility immediately falls back to natural base recovery
ok 172 - destroying a treatment facility immediately falls back to natural base recovery
  ---
  duration_ms: 0.540144
  type: 'test'
  ...
# Subtest: recovery state and progress survive save and restore
ok 173 - recovery state and progress survive save and restore
  ---
  duration_ms: 1.338961
  type: 'test'
  ...
# Subtest: a recovering squad evacuates to the nearest major base when its field base is destroyed
ok 174 - a recovering squad evacuates to the nearest major base when its field base is destroyed
  ---
  duration_ms: 3.26219
  type: 'test'
  ...
# Subtest: recovery and ready garrisons reject tactical movement orders
ok 175 - recovery and ready garrisons reject tactical movement orders
  ---
  duration_ms: 0.446504
  type: 'test'
  ...
# Subtest: treatment capacity queues excess squads without losing recovery state
ok 176 - treatment capacity queues excess squads without losing recovery state
  ---
  duration_ms: 0.221289
  type: 'test'
  ...
# Subtest: tier-three treatment facilities process two recovering squads at once
ok 177 - tier-three treatment facilities process two recovering squads at once
  ---
  duration_ms: 0.169822
  type: 'test'
  ...
# Subtest: friendly unit unlock levels and simple-base deployment restrictions are enforced
ok 178 - friendly unit unlock levels and simple-base deployment restrictions are enforced
  ---
  duration_ms: 2.669389
  type: 'test'
  ...
# Subtest: skirmisher damage strongly favors light enemies and is weak against armored enemies
ok 179 - skirmisher damage strongly favors light enemies and is weak against armored enemies
  ---
  duration_ms: 0.20852
  type: 'test'
  ...
# Subtest: siege squad damages enemy bases much faster than the assault squad
ok 180 - siege squad damages enemy bases much faster than the assault squad
  ---
  duration_ms: 2.461044
  type: 'test'
  ...
# Subtest: nearby heavy squad intercepts part of the damage aimed at another friendly squad
ok 181 - nearby heavy squad intercepts part of the damage aimed at another friendly squad
  ---
  duration_ms: 1.065425
  type: 'test'
  ...
# Subtest: expedition squad heals only after its non-combat recovery delay
ok 182 - expedition squad heals only after its non-combat recovery delay
  ---
  duration_ms: 0.444612
  type: 'test'
  ...
# Subtest: all friendly unit types preserve their identity and combat state through save and restore
ok 183 - all friendly unit types preserve their identity and combat state through save and restore
  ---
  duration_ms: 1.676623
  type: 'test'
  ...
# Subtest: skirmisher prioritizes a light specialist over a nearer ordinary infantry target
ok 184 - skirmisher prioritizes a light specialist over a nearer ordinary infantry target
  ---
  duration_ms: 0.927659
  type: 'test'
  ...
# Subtest: mixed friendly unit types remain valid through extended regional combat simulation
ok 185 - mixed friendly unit types remain valid through extended regional combat simulation
  ---
  duration_ms: 44.322454
  type: 'test'
  ...
# Subtest: dead-end roads at unexplored chunk borders become frontier candidates
ok 186 - dead-end roads at unexplored chunk borders become frontier candidates
  ---
  duration_ms: 1.67445
  type: 'test'
  ...
# Subtest: frontier source stays fixed while its entry point advances with map expansion
ok 187 - frontier source stays fixed while its entry point advances with map expansion
  ---
  duration_ms: 1.544116
  type: 'test'
  ...
# Subtest: frontier system launches enemies from a map-edge entry node
ok 188 - frontier system launches enemies from a map-edge entry node
  ---
  duration_ms: 1.062119
  type: 'test'
  ...
# Subtest: frontier identity is hidden until the signal is localized
ok 189 - frontier identity is hidden until the signal is localized
  ---
  duration_ms: 0.187639
  type: 'test'
  ...
# Subtest: frontier renderer tolerates a minimal canvas context
ok 190 - frontier renderer tolerates a minimal canvas context
  ---
  duration_ms: 0.624588
  type: 'test'
  ...
# Subtest: balanced opening reaches civilization level one without collapse on a line road network
ok 191 - balanced opening reaches civilization level one without collapse on a line road network
  ---
  duration_ms: 154.782154
  type: 'test'
  ...
# Subtest: balanced opening reaches civilization level one without collapse on a cross road network
ok 192 - balanced opening reaches civilization level one without collapse on a cross road network
  ---
  duration_ms: 73.468682
  type: 'test'
  ...
# Subtest: balanced opening reaches civilization level one without collapse on a grid road network
ok 193 - balanced opening reaches civilization level one without collapse on a grid road network
  ---
  duration_ms: 68.731148
  type: 'test'
  ...
# Subtest: attack-only opening cannot erase every enemy base without material losses
ok 194 - attack-only opening cannot erase every enemy base without material losses
  ---
  duration_ms: 138.919312
  type: 'test'
  ...
# Subtest: source module graph has no circular dependencies
ok 195 - source module graph has no circular dependencies
  ---
  duration_ms: 65.036158
  type: 'test'
  ...
# Subtest: twelve-hour simulation remains bounded, serializable and within enemy cap
ok 196 - twelve-hour simulation remains bounded, serializable and within enemy cap
  ---
  duration_ms: 623.877658
  type: 'test'
  ...
# Subtest: same state and elapsed time produce the same offline game result
ok 197 - same state and elapsed time produce the same offline game result
  ---
  duration_ms: 409.666386
  type: 'test'
  ...
# Subtest: legacy save is converted once into the clean schema
ok 198 - legacy save is converted once into the clean schema
  ---
  duration_ms: 2.608749
  type: 'test'
  ...
# Subtest: offline simulation is bounded and reports the applied duration
ok 199 - offline simulation is bounded and reports the applied duration
  ---
  duration_ms: 0.932386
  type: 'test'
  ...
# Subtest: offline simulation advances the canonical world clock
ok 200 - offline simulation advances the canonical world clock
  ---
  duration_ms: 0.36295
  type: 'test'
  ...
# Subtest: default endpoints use current public global instances
ok 201 - default endpoints use current public global instances
  ---
  duration_ms: 1.306452
  type: 'test'
  ...
# Subtest: query filters road classes before download
ok 202 - query filters road classes before download
  ---
  duration_ms: 0.244774
  type: 'test'
  ...
# Subtest: JSONP URL contains encoded query and callback
ok 203 - JSONP URL contains encoded query and callback
  ---
  duration_ms: 0.337201
  type: 'test'
  ...
# Subtest: browser JSONP resolves payload and cleans callback
ok 204 - browser JSONP resolves payload and cleans callback
  ---
  duration_ms: 0.582206
  type: 'test'
  ...
# Subtest: browser mode prefers JSONP and does not call fetch after success
ok 205 - browser mode prefers JSONP and does not call fetch after success
  ---
  duration_ms: 0.408788
  type: 'test'
  ...
# Subtest: JSONP failure falls back to official minimal POST request
ok 206 - JSONP failure falls back to official minimal POST request
  ---
  duration_ms: 0.548746
  type: 'test'
  ...
# Subtest: failed endpoint falls back to the next endpoint
ok 207 - failed endpoint falls back to the next endpoint
  ---
  duration_ms: 0.321979
  type: 'test'
  ...
# Subtest: all failures include endpoint and transport diagnostics
ok 208 - all failures include endpoint and transport diagnostics
  ---
  duration_ms: 0.666661
  type: 'test'
  ...
# Subtest: caller abort stops attempts immediately
ok 209 - caller abort stops attempts immediately
  ---
  duration_ms: 0.612311
  type: 'test'
  ...
# Subtest: development client can disable JSONP and use the injected fetch directly
ok 210 - development client can disable JSONP and use the injected fetch directly
  ---
  duration_ms: 1.345065
  type: 'test'
  ...
# Subtest: balanced profile limits simulation, rendering and DPR
ok 211 - balanced profile limits simulation, rendering and DPR
  ---
  duration_ms: 0.708464
  type: 'test'
  ...
# Subtest: game loop decouples simulation, civilization and rendering rates
ok 212 - game loop decouples simulation, civilization and rendering rates
  ---
  duration_ms: 0.655684
  type: 'test'
  ...
# Subtest: combat spatial index returns only nearby active enemies
ok 213 - combat spatial index returns only nearby active enemies
  ---
  duration_ms: 0.867841
  type: 'test'
  ...
# Subtest: renderer caches static radar and road layers between frames
ok 214 - renderer caches static radar and road layers between frames
  ---
  duration_ms: 2.36036
  type: 'test'
  ...
# Subtest: tactical route choices use spatial snapshots instead of rescanning every enemy and defense per road edge
ok 215 - tactical route choices use spatial snapshots instead of rescanning every enemy and defense per road edge
  ---
  duration_ms: 82.945463
  type: 'test'
  ...
# Subtest: civilization level increases the active player-base limit by one
ok 216 - civilization level increases the active player-base limit by one
  ---
  duration_ms: 0.671939
  type: 'test'
  ...
# Subtest: base placement requires an unlocked slot, fresh position, nearby road and minimum separation
ok 217 - base placement requires an unlocked slot, fresh position, nearby road and minimum separation
  ---
  duration_ms: 1.496805
  type: 'test'
  ...
# Subtest: additional major bases require and consume escalating processed-resource costs
ok 218 - additional major bases require and consume escalating processed-resource costs
  ---
  duration_ms: 1.430668
  type: 'test'
  ...
# Subtest: establishing a base adds a remote construction and simulation anchor
ok 219 - establishing a base adds a remote construction and simulation anchor
  ---
  duration_ms: 1.251201
  type: 'test'
  ...
# Subtest: secondary bases survive save and restore without retaining exact location fields
ok 220 - secondary bases survive save and restore without retaining exact location fields
  ---
  duration_ms: 1.528823
  type: 'test'
  ...
# Subtest: civilization projects require cumulative artifacts recovered in the field
ok 221 - civilization projects require cumulative artifacts recovered in the field
  ---
  duration_ms: 0.588686
  type: 'test'
  ...
# Subtest: PWA registers the current service worker on HTTPS
ok 222 - PWA registers the current service worker on HTTPS
  ---
  duration_ms: 1.212924
  type: 'test'
  ...
# Subtest: PWA is skipped for an allowed development fixture
ok 223 - PWA is skipped for an allowed development fixture
  ---
  duration_ms: 0.361988
  type: 'test'
  ...
# Subtest: public devFixture query does not disable production PWA registration
ok 224 - public devFixture query does not disable production PWA registration
  ---
  duration_ms: 1.256649
  type: 'test'
  ...
# Subtest: PWA registration failure does not stop the game
ok 225 - PWA registration failure does not stop the game
  ---
  duration_ms: 0.231064
  type: 'test'
  ...
# Subtest: radar renderer is integrated without changing the map input owner
ok 226 - radar renderer is integrated without changing the map input owner
  ---
  duration_ms: 6.982688
  type: 'test'
  ...
# Subtest: radar theme exposes tactical palette and mobile layout rules
ok 227 - radar theme exposes tactical palette and mobile layout rules
  ---
  duration_ms: 1.957286
  type: 'test'
  ...
# Subtest: combat and road renderers use radar glyphs and glow rather than emoji labels
ok 228 - combat and road renderers use radar glyphs and glow rather than emoji labels
  ---
  duration_ms: 3.484521
  type: 'test'
  ...
# Subtest: radar canvas layers render with a minimal canvas context
ok 229 - radar canvas layers render with a minimal canvas context
  ---
  duration_ms: 2.466378
  type: 'test'
  ...
# Subtest: playing footer stays clear of the combat toolbar
ok 230 - playing footer stays clear of the combat toolbar
  ---
  duration_ms: 1.460526
  type: 'test'
  ...
# Subtest: radar preferences apply defaults and cycle without game state
ok 231 - radar preferences apply defaults and cycle without game state
  ---
  duration_ms: 0.96159
  type: 'test'
  ...
# Subtest: bootstrap imports RadarPreferences before constructing it
ok 232 - bootstrap imports RadarPreferences before constructing it
  ---
  duration_ms: 5.866257
  type: 'test'
  ...
# Subtest: touch devices default to the power-saving radar profile
ok 233 - touch devices default to the power-saving radar profile
  ---
  duration_ms: 0.353436
  type: 'test'
  ...
# Subtest: destroying an enemy base creates one persistent recovery item at the destroyed base
ok 234 - destroying an enemy base creates one persistent recovery item at the destroyed base
  ---
  duration_ms: 1.807187
  type: 'test'
  ...
# Subtest: recovery requires the player to be within the physical collection range
ok 235 - recovery requires the player to be within the physical collection range
  ---
  duration_ms: 0.572561
  type: 'test'
  ...
# Subtest: recovery rejects stale or inaccurate geolocation even at the item position
ok 236 - recovery rejects stale or inaccurate geolocation even at the item position
  ---
  duration_ms: 0.223682
  type: 'test'
  ...
# Subtest: manual collection requires five seconds in range, grants once and removes the recovered item
ok 237 - manual collection requires five seconds in range, grants once and removes the recovered item
  ---
  duration_ms: 0.603518
  type: 'test'
  ...
# Subtest: leaving the collection radius cancels progress without removing the item
ok 238 - leaving the collection radius cancels progress without removing the item
  ---
  duration_ms: 0.391913
  type: 'test'
  ...
# Subtest: uncollected recovery items survive save and restore while live location freshness does not
ok 239 - uncollected recovery items survive save and restore while live location freshness does not
  ---
  duration_ms: 1.357779
  type: 'test'
  ...
# Subtest: refactor schema 1 scrap is migrated into canonical resources
ok 240 - refactor schema 1 scrap is migrated into canonical resources
  ---
  duration_ms: 2.309754
  type: 'test'
  ...
# Subtest: retrieval squad is deliberately weak and works from major and field bases
ok 241 - retrieval squad is deliberately weak and works from major and field bases
  ---
  duration_ms: 0.96821
  type: 'test'
  ...
# Subtest: dispatch reserves a recovery item and preview does not mutate it
ok 242 - dispatch reserves a recovery item and preview does not mutate it
  ---
  duration_ms: 3.388964
  type: 'test'
  ...
# Subtest: retrieval squad collects for eight seconds and grants the artifact only after returning
ok 243 - retrieval squad collects for eight seconds and grants the artifact only after returning
  ---
  duration_ms: 6.117095
  type: 'test'
  ...
# Subtest: destroying a squad before pickup releases the item at its original location
ok 244 - destroying a squad before pickup releases the item at its original location
  ---
  duration_ms: 1.06564
  type: 'test'
  ...
# Subtest: destroying a squad while carrying drops the item at the destruction point
ok 245 - destroying a squad while carrying drops the item at the destruction point
  ---
  duration_ms: 2.796223
  type: 'test'
  ...
# Subtest: withdrawing before pickup abandons the recovery mission and releases the item
ok 246 - withdrawing before pickup abandons the recovery mission and releases the item
  ---
  duration_ms: 0.664548
  type: 'test'
  ...
# Subtest: field bases can deploy and reorganize retrieval squads
ok 247 - field bases can deploy and reorganize retrieval squads
  ---
  duration_ms: 0.586132
  type: 'test'
  ...
# Subtest: reserved recovery mission survives save and restore without exposing exact live location data
ok 248 - reserved recovery mission survives save and restore without exposing exact live location data
  ---
  duration_ms: 1.337158
  type: 'test'
  ...
# Subtest: manual collection in progress blocks deployment without consuming resources or changing a ready squad
ok 249 - manual collection in progress blocks deployment without consuming resources or changing a ready squad
  ---
  duration_ms: 0.710536
  type: 'test'
  ...
# Subtest: orphaned reservations become available again after squad data is lost
ok 250 - orphaned reservations become available again after squad data is lost
  ---
  duration_ms: 0.589056
  type: 'test'
  ...
# Subtest: a real heavy enemy quickly destroys the weak retrieval squad and releases its reservation
ok 251 - a real heavy enemy quickly destroys the weak retrieval squad and releases its reservation
  ---
  duration_ms: 1.299342
  type: 'test'
  ...
# Subtest: remote retrieval completes under active, peripheral, and dormant regional intervals
ok 252 - remote retrieval completes under active, peripheral, and dormant regional intervals
  ---
  duration_ms: 33.151409
  type: 'test'
  ...
# Subtest: world chunks use deterministic grid ids and reversible centers
ok 253 - world chunks use deterministic grid ids and reversible centers
  ---
  duration_ms: 1.344293
  type: 'test'
  ...
# Subtest: initial chunk state only marks chunks fully covered by the initial acquisition
ok 254 - initial chunk state only marks chunks fully covered by the initial acquisition
  ---
  duration_ms: 0.366786
  type: 'test'
  ...
# Subtest: graph merge preserves existing ids, joins nearby endpoints and removes duplicate edges
ok 255 - graph merge preserves existing ids, joins nearby endpoints and removes duplicate edges
  ---
  duration_ms: 1.293358
  type: 'test'
  ...
# Subtest: chunk cache isolates worlds and can remove one world
ok 256 - chunk cache isolates worlds and can remove one world
  ---
  duration_ms: 0.471811
  type: 'test'
  ...
# Subtest: RoadService chunk acquisition projects roads into the original world coordinate system
ok 257 - RoadService chunk acquisition projects roads into the original world coordinate system
  ---
  duration_ms: 7.617492
  type: 'test'
  ...
# Subtest: parallel carriageways with the same identity collapse into one gameplay road
ok 258 - parallel carriageways with the same identity collapse into one gameplay road
  ---
  duration_ms: 1.925789
  type: 'test'
  ...
# Subtest: nearby roads with different names remain separate
ok 259 - nearby roads with different names remain separate
  ---
  duration_ms: 0.260988
  type: 'test'
  ...
# Subtest: clustered intersections build a connected graph and combat route
ok 260 - clustered intersections build a connected graph and combat route
  ---
  duration_ms: 2.973712
  type: 'test'
  ...
# Subtest: one RoadService load performs one acquisition and produces indexed graph data
ok 261 - one RoadService load performs one acquisition and produces indexed graph data
  ---
  duration_ms: 13.872728
  type: 'test'
  ...
# Subtest: chunk prefetch only includes crossed or nearby grid edges
ok 262 - chunk prefetch only includes crossed or nearby grid edges
  ---
  duration_ms: 1.194305
  type: 'test'
  ...
# Subtest: manager merges a new chunk, records it and persists a compact cache entry
ok 263 - manager merges a new chunk, records it and persists a compact cache entry
  ---
  duration_ms: 3.073366
  type: 'test'
  ...
# Subtest: manager loads a cached chunk without calling the road server
ok 264 - manager loads a cached chunk without calling the road server
  ---
  duration_ms: 0.715574
  type: 'test'
  ...
# Subtest: failed acquisitions cool down without blocking unrelated nearby chunks
ok 265 - failed acquisitions cool down without blocking unrelated nearby chunks
  ---
  duration_ms: 0.678228
  type: 'test'
  ...
# Subtest: chunk centers remain based on the original world center
ok 266 - chunk centers remain based on the original world center
  ---
  duration_ms: 0.113038
  type: 'test'
  ...
# Subtest: save data remains JSON and graph indexes are reconstructed after load
ok 267 - save data remains JSON and graph indexes are reconstructed after load
  ---
  duration_ms: 2.734677
  type: 'test'
  ...
# Subtest: v0.19 object-form road graphs remain loadable after compact saves are introduced
ok 268 - v0.19 object-form road graphs remain loadable after compact saves are introduced
  ---
  duration_ms: 0.314808
  type: 'test'
  ...
# Subtest: lifecycle follows the new startup sequence
ok 269 - lifecycle follows the new startup sequence
  ---
  duration_ms: 1.800177
  type: 'test'
  ...
# Subtest: invalid transition is rejected
ok 270 - invalid transition is rejected
  ---
  duration_ms: 0.52459
  type: 'test'
  ...
# Subtest: state snapshots cannot mutate the store
ok 271 - state snapshots cannot mutate the store
  ---
  duration_ms: 0.228049
  type: 'test'
  ...
# Subtest: source contains no legacy function override pattern or duplicate fetchRoadGraph
ok 272 - source contains no legacy function override pattern or duplicate fetchRoadGraph
  ---
  duration_ms: 70.015922
  type: 'test'
  ...
# Subtest: repair relay remains available as a build tool
ok 273 - repair relay remains available as a build tool
  ---
  duration_ms: 3.291124
  type: 'test'
  ...
# Subtest: survey facility is a civilization level 1 tower with approved tier progression
ok 274 - survey facility is a civilization level 1 tower with approved tier progression
  ---
  duration_ms: 2.171599
  type: 'test'
  ...
# Subtest: survey facility cannot be built before civilization level 1 or from the player-only build zone
ok 275 - survey facility cannot be built before civilization level 1 or from the player-only build zone
  ---
  duration_ms: 2.055777
  type: 'test'
  ...
# Subtest: each owned base can operate only one active survey facility
ok 276 - each owned base can operate only one active survey facility
  ---
  duration_ms: 1.660359
  type: 'test'
  ...
# Subtest: survey candidate selection expands one adjacent unloaded chunk inside the tier radius
ok 277 - survey candidate selection expands one adjacent unloaded chunk inside the tier radius
  ---
  duration_ms: 7.41994
  type: 'test'
  ...
# Subtest: survey-loaded roads are recorded separately from physically observed regions
ok 278 - survey-loaded roads are recorded separately from physically observed regions
  ---
  duration_ms: 3.173414
  type: 'test'
  ...
# Subtest: remote survey does not reveal exact frontier sources or ambient exploration sites
ok 279 - remote survey does not reveal exact frontier sources or ambient exploration sites
  ---
  duration_ms: 1.081789
  type: 'test'
  ...
# Subtest: entering a surveyed chunk promotes it to physical observation and reveals local content
ok 280 - entering a surveyed chunk promotes it to physical observation and reveals local content
  ---
  duration_ms: 1.854868
  type: 'test'
  ...
# Subtest: survey scheduler serializes facilities and enforces a global real-time cooldown
ok 281 - survey scheduler serializes facilities and enforces a global real-time cooldown
  ---
  duration_ms: 1.629083
  type: 'test'
  ...
# Subtest: survey status reports radius, cadence and remaining expansion work
ok 282 - survey status reports radius, cadence and remaining expansion work
  ---
  duration_ms: 0.600323
  type: 'test'
  ...
# Subtest: survey tower upgrade remains gated by the matching civilization level
ok 283 - survey tower upgrade remains gated by the matching civilization level
  ---
  duration_ms: 0.660252
  type: 'test'
  ...
# Subtest: a survey facility anchored to a destroyed simple base stops operating until the base is rebuilt
ok 284 - a survey facility anchored to a destroyed simple base stops operating until the base is rebuilt
  ---
  duration_ms: 0.328028
  type: 'test'
  ...
# Subtest: survey-only road chunks do not receive exact enemy bases before physical observation
ok 285 - survey-only road chunks do not receive exact enemy bases before physical observation
  ---
  duration_ms: 1.166294
  type: 'test'
  ...
# Subtest: survey progress and physical-observation boundaries survive save and restore
ok 286 - survey progress and physical-observation boundaries survive save and restore
  ---
  duration_ms: 1.154296
  type: 'test'
  ...
# Subtest: only one tab owns the synchronous storage lease
ok 287 - only one tab owns the synchronous storage lease
  ---
  duration_ms: 1.014328
  type: 'test'
  ...
# Subtest: broadcast fallback elects one primary tab when storage is unavailable
ok 288 - broadcast fallback elects one primary tab when storage is unavailable
  ---
  duration_ms: 0.822443
  type: 'test'
  ...
# Subtest: remaining route distance accounts for current edge progress
ok 289 - remaining route distance accounts for current edge progress
  ---
  duration_ms: 0.874761
  type: 'test'
  ...
# Subtest: threat level escalates from contact to critical
ok 290 - threat level escalates from contact to critical
  ---
  duration_ms: 1.774184
  type: 'test'
  ...
# Subtest: clear threat reports stable defense line
ok 291 - clear threat reports stable defense line
  ---
  duration_ms: 0.397571
  type: 'test'
  ...
# Subtest: tactical routes and focus render with a minimal canvas context
ok 292 - tactical routes and focus render with a minimal canvas context
  ---
  duration_ms: 7.227358
  type: 'test'
  ...
# Subtest: selected enemy base no longer renders a misleading player capture radius
ok 293 - selected enemy base no longer renders a misleading player capture radius
  ---
  duration_ms: 0.40393
  type: 'test'
  ...
# Subtest: HUD and modal CSS do not use unreadably small explicit type
ok 294 - HUD and modal CSS do not use unreadably small explicit type
  ---
  duration_ms: 5.600324
  type: 'test'
  ...
# Subtest: Canvas labels retain a readable minimum without changing world scale
ok 295 - Canvas labels retain a readable minimum without changing world scale
  ---
  duration_ms: 4.727079
  type: 'test'
  ...
# Subtest: larger tool labels receive matching control height and context clearance
ok 296 - larger tool labels receive matching control height and context clearance
  ---
  duration_ms: 1.4191
  type: 'test'
  ...
# Subtest: a fully destroyed wave increments perfect defense streak exactly once
ok 297 - a fully destroyed wave increments perfect defense streak exactly once
  ---
  duration_ms: 3.646132
  type: 'test'
  ...
# Subtest: enemy-base guard launches once and does not count as a perfect defense wave
ok 298 - enemy-base guard launches once and does not count as a perfect defense wave
  ---
  duration_ms: 1.199173
  type: 'test'
  ...
# Subtest: civilization level creates resource bases without duplicating them
ok 299 - civilization level creates resource bases without duplicating them
  ---
  duration_ms: 7.830004
  type: 'test'
  ...
# Subtest: initial base placement excludes civilization resource bases
ok 300 - initial base placement excludes civilization resource bases
  ---
  duration_ms: 11.088455
  type: 'test'
  ...
# Subtest: destroyed base waits for its respawn timer and then reappears elsewhere
ok 301 - destroyed base waits for its respawn timer and then reappears elsewhere
  ---
  duration_ms: 0.881581
  type: 'test'
  ...
# Subtest: initial enemy bases spread across independent road fronts when the graph permits it
ok 302 - initial enemy bases spread across independent road fronts when the graph permits it
  ---
  duration_ms: 0.905897
  type: 'test'
  ...
# Subtest: stacked initial enemy bases receive progressively longer opening delays on a one-front road
ok 303 - stacked initial enemy bases receive progressively longer opening delays on a one-front road
  ---
  duration_ms: 0.935771
  type: 'test'
  ...
# Subtest: region activity follows the nearest city or player anchor
ok 304 - region activity follows the nearest city or player anchor
  ---
  duration_ms: 1.657445
  type: 'test'
  ...
# Subtest: regional clocks only release peripheral and dormant simulation at their intervals
ok 305 - regional clocks only release peripheral and dormant simulation at their intervals
  ---
  duration_ms: 0.80033
  type: 'test'
  ...
# Subtest: dormant enemies and facilities advance only when the remote interval is due
ok 306 - dormant enemies and facilities advance only when the remote interval is due
  ---
  duration_ms: 5.276051
  type: 'test'
  ...
# Subtest: road graph spatial index excludes distant roads from local queries
ok 307 - road graph spatial index excludes distant roads from local queries
  ---
  duration_ms: 2.051096
  type: 'test'
  ...
# Subtest: expanded road graphs use compact save encoding and restore gameplay fields
ok 308 - expanded road graphs use compact save encoding and restore gameplay fields
  ---
  duration_ms: 3.429704
  type: 'test'
  ...
1..308
# tests 308
# suites 0
# pass 308
# fail 0
# cancelled 0
# skipped 0
# todo 0
# duration_ms 8447.37371
