
> frontline-roads-refactor@0.20.0 verify
> npm run syntax && npm test


> frontline-roads-refactor@0.20.0 syntax
> find src tests -name '*.js' -print0 | xargs -0 -n1 node --check && node --check sw.js


> frontline-roads-refactor@0.20.0 test
> node --test

TAP version 13
# Subtest: HTML references only existing local app resources and required controls exist
ok 1 - HTML references only existing local app resources and required controls exist
  ---
  duration_ms: 8.305981
  type: 'test'
  ...
# Subtest: every required DOM id used by bootstrap exists in HTML
ok 2 - every required DOM id used by bootstrap exists in HTML
  ---
  duration_ms: 4.891527
  type: 'test'
  ...
# Subtest: service worker app shell contains every runtime source file and all paths exist
ok 3 - service worker app shell contains every runtime source file and all paths exist
  ---
  duration_ms: 92.769554
  type: 'test'
  ...
# Subtest: development tree has no premature single-HTML build output
ok 4 - development tree has no premature single-HTML build output
  ---
  duration_ms: 1.317301
  type: 'test'
  ...
# Subtest: service worker only deletes FRONTLINE ROADS caches
ok 5 - service worker only deletes FRONTLINE ROADS caches
  ---
  duration_ms: 1.533272
  type: 'test'
  ...
# Subtest: service worker falls back to HTML only for navigation requests
ok 6 - service worker falls back to HTML only for navigation requests
  ---
  duration_ms: 0.998599
  type: 'test'
  ...
# Subtest: release version is synchronized across package, runtime label and service-worker cache
ok 7 - release version is synchronized across package, runtime label and service-worker cache
  ---
  duration_ms: 3.029453
  type: 'test'
  ...
# Subtest: storage denial is detected without crashing construction
ok 8 - storage denial is detected without crashing construction
  ---
  duration_ms: 1.173163
  type: 'test'
  ...
# Subtest: invalid shallow save is quarantined instead of bricking startup
ok 9 - invalid shallow save is quarantined instead of bricking startup
  ---
  duration_ms: 1.252272
  type: 'test'
  ...
# Subtest: saved game removes exact position history and rounds map origin
ok 10 - saved game removes exact position history and rounds map origin
  ---
  duration_ms: 1.510853
  type: 'test'
  ...
# Subtest: state validation rejects malformed saved road graph
ok 11 - state validation rejects malformed saved road graph
  ---
  duration_ms: 0.141634
  type: 'test'
  ...
# Subtest: stone gate conversion cannot be used before civilization level 2
ok 12 - stone gate conversion cannot be used before civilization level 2
  ---
  duration_ms: 0.521418
  type: 'test'
  ...
# Subtest: path invalidation waits for the current edge instead of teleporting backward
ok 13 - path invalidation waits for the current edge instead of teleporting backward
  ---
  duration_ms: 0.635009
  type: 'test'
  ...
# Subtest: grade-separated endpoints are not merged into one intersection
ok 14 - grade-separated endpoints are not merged into one intersection
  ---
  duration_ms: 1.27377
  type: 'test'
  ...
# Subtest: long OSM geometry is subdivided rather than discarded
ok 15 - long OSM geometry is subdivided rather than discarded
  ---
  duration_ms: 2.030868
  type: 'test'
  ...
# Subtest: complete reset clears current, legacy, and backup save keys
ok 16 - complete reset clears current, legacy, and backup save keys
  ---
  duration_ms: 0.435438
  type: 'test'
  ...
# Subtest: production source only enables dev fixture on local or explicit test origins
ok 17 - production source only enables dev fixture on local or explicit test origins
  ---
  duration_ms: 87.961975
  type: 'test'
  ...
# Subtest: development fixture disables browser JSONP and uses injected road data
ok 18 - development fixture disables browser JSONP and uses injected road data
  ---
  duration_ms: 1.534679
  type: 'test'
  ...
# Subtest: selection snaps to the existing graph and creates a base without refetching
ok 19 - selection snaps to the existing graph and creates a base without refetching
  ---
  duration_ms: 1.815498
  type: 'test'
  ...
# Subtest: a tap outside the road tolerance is rejected
ok 20 - a tap outside the road tolerance is rejected
  ---
  duration_ms: 0.15911
  type: 'test'
  ...
# Subtest: base placement uses a dedicated map viewport instead of drawing behind controls
ok 21 - base placement uses a dedicated map viewport instead of drawing behind controls
  ---
  duration_ms: 6.84991
  type: 'test'
  ...
# Subtest: base placement screen keeps the canvas clip synchronized with the viewport
ok 22 - base placement screen keeps the canvas clip synchronized with the viewport
  ---
  duration_ms: 2.634712
  type: 'test'
  ...
# Subtest: barrier highlighting is clipped to the build-radius portion of a road
ok 23 - barrier highlighting is clipped to the build-radius portion of a road
  ---
  duration_ms: 1.461638
  type: 'test'
  ...
# Subtest: build placement overlay draws valid sites, build radius and candidate effect radius
ok 24 - build placement overlay draws valid sites, build radius and candidate effect radius
  ---
  duration_ms: 0.834972
  type: 'test'
  ...
# Subtest: barrier overlay tolerates a minimal canvas implementation
ok 25 - barrier overlay tolerates a minimal canvas implementation
  ---
  duration_ms: 0.414296
  type: 'test'
  ...
# Subtest: renderer draws construction guidance after combat effects so candidates stay visible
ok 26 - renderer draws construction guidance after combat effects so candidates stay visible
  ---
  duration_ms: 8.020089
  type: 'test'
  ...
# Subtest: build sites expose only unoccupied placements inside the home-base range
ok 27 - build sites expose only unoccupied placements inside the home-base range
  ---
  duration_ms: 2.665317
  type: 'test'
  ...
# Subtest: previewing a candidate does not consume resources or create a defense
ok 28 - previewing a candidate does not consume resources or create a defense
  ---
  duration_ms: 0.666598
  type: 'test'
  ...
# Subtest: a confirmed candidate consumes resources exactly once and creates the selected defense
ok 29 - a confirmed candidate consumes resources exactly once and creates the selected defense
  ---
  duration_ms: 0.765247
  type: 'test'
  ...
# Subtest: a stale candidate is rejected without spending resources
ok 30 - a stale candidate is rejected without spending resources
  ---
  duration_ms: 0.444692
  type: 'test'
  ...
# Subtest: candidate confirmation rechecks resources that changed after preview
ok 31 - candidate confirmation rechecks resources that changed after preview
  ---
  duration_ms: 0.432313
  type: 'test'
  ...
# Subtest: barrier candidates retain the tapped road position and reject out-of-range points
ok 32 - barrier candidates retain the tapped road position and reject out-of-range points
  ---
  duration_ms: 0.459695
  type: 'test'
  ...
# Subtest: rebuilding a ruined placement at the same world time creates a distinct defense id
ok 33 - rebuilding a ruined placement at the same world time creates a distinct defense id
  ---
  duration_ms: 1.55824
  type: 'test'
  ...
# Subtest: preview skips an occupied nearest intersection when another valid intersection is within the tap tolerance
ok 34 - preview skips an occupied nearest intersection when another valid intersection is within the tap tolerance
  ---
  duration_ms: 0.274665
  type: 'test'
  ...
# Subtest: preview skips an occupied nearest road when another valid road is within the tap tolerance
ok 35 - preview skips an occupied nearest road when another valid road is within the tap tolerance
  ---
  duration_ms: 0.909759
  type: 'test'
  ...
# Subtest: player position creates a second build zone away from the home base
ok 36 - player position creates a second build zone away from the home base
  ---
  duration_ms: 0.606807
  type: 'test'
  ...
# Subtest: a current-location candidate is rejected if the player leaves its build zone before confirmation
ok 37 - a current-location candidate is rejected if the player leaves its build zone before confirmation
  ---
  duration_ms: 0.27148
  type: 'test'
  ...
# Subtest: overlapping home-base and player positions are represented as one build zone
ok 38 - overlapping home-base and player positions are represented as one build zone
  ---
  duration_ms: 0.220453
  type: 'test'
  ...
# Subtest: inventory has one canonical resource store and preserves overflow
ok 39 - inventory has one canonical resource store and preserves overflow
  ---
  duration_ms: 2.128416
  type: 'test'
  ...
# Subtest: production reserves inputs once and completes through the civilization update
ok 40 - production reserves inputs once and completes through the civilization update
  ---
  duration_ms: 2.03485
  type: 'test'
  ...
# Subtest: enemy base capture requires the player to be on site and progresses over time
ok 41 - enemy base capture requires the player to be on site and progresses over time
  ---
  duration_ms: 0.82706
  type: 'test'
  ...
# Subtest: a captured outpost must be restored before it becomes active
ok 42 - a captured outpost must be restored before it becomes active
  ---
  duration_ms: 0.842564
  type: 'test'
  ...
# Subtest: settlement damage ruins a building and disables its production
ok 43 - settlement damage ruins a building and disables its production
  ---
  duration_ms: 0.560327
  type: 'test'
  ...
# Subtest: production overflow stays in the building buffer until collection
ok 44 - production overflow stays in the building buffer until collection
  ---
  duration_ms: 1.867226
  type: 'test'
  ...
# Subtest: enemy base capture boundary uses the shared capture-range constant
ok 45 - enemy base capture boundary uses the shared capture-range constant
  ---
  duration_ms: 0.620168
  type: 'test'
  ...
# Subtest: map tap only selects a build candidate and confirmation performs the mutation
ok 46 - map tap only selects a build candidate and confirmation performs the mutation
  ---
  duration_ms: 100.416278
  type: 'test'
  ...
# Subtest: combat UI no longer calls immediate buildAt from map taps
ok 47 - combat UI no longer calls immediate buildAt from map taps
  ---
  duration_ms: 80.689474
  type: 'test'
  ...
# Subtest: an invalid second tap clears the previous candidate to prevent confirming the wrong location
ok 48 - an invalid second tap clears the previous candidate to prevent confirming the wrong location
  ---
  duration_ms: 1.373295
  type: 'test'
  ...
# Subtest: build confirmation is disabled while the selected facility is unaffordable
ok 49 - build confirmation is disabled while the selected facility is unaffordable
  ---
  duration_ms: 1.202357
  type: 'test'
  ...
# Subtest: combat effect buffer is capped and prunes expired effects
ok 50 - combat effect buffer is capped and prunes expired effects
  ---
  duration_ms: 0.824265
  type: 'test'
  ...
# Subtest: event bus creates transient shot and city warning effects
ok 51 - event bus creates transient shot and city warning effects
  ---
  duration_ms: 3.561626
  type: 'test'
  ...
# Subtest: manual defense upgrade events create a visible pulse
ok 52 - manual defense upgrade events create a visible pulse
  ---
  duration_ms: 0.407396
  type: 'test'
  ...
# Subtest: barrier changes weighted enemy route without creating another graph
ok 53 - barrier changes weighted enemy route without creating another graph
  ---
  duration_ms: 2.148687
  type: 'test'
  ...
# Subtest: enemy position follows path direction rather than edge storage direction
ok 54 - enemy position follows path direction rather than edge storage direction
  ---
  duration_ms: 0.919139
  type: 'test'
  ...
# Subtest: build range is measured from established home base
ok 55 - build range is measured from established home base
  ---
  duration_ms: 79.770131
  type: 'test'
  ...
# Subtest: gun tower damages an enemy in range
ok 56 - gun tower damages an enemy in range
  ---
  duration_ms: 0.932389
  type: 'test'
  ...
# Subtest: enemy reaching the city deals damage and is removed
ok 57 - enemy reaching the city deals damage and is removed
  ---
  duration_ms: 0.684975
  type: 'test'
  ...
# Subtest: repair relay consumes resources and repairs only the most damaged target
ok 58 - repair relay consumes resources and repairs only the most damaged target
  ---
  duration_ms: 0.389319
  type: 'test'
  ...
# Subtest: city defeat never creates negative resources and reports unpaid emergency recovery honestly
ok 59 - city defeat never creates negative resources and reports unpaid emergency recovery honestly
  ---
  duration_ms: 97.300766
  type: 'test'
  ...
# Subtest: barrier has player-facing role, effect, placement and numeric metrics
ok 60 - barrier has player-facing role, effect, placement and numeric metrics
  ---
  duration_ms: 0.833689
  type: 'test'
  ...
# Subtest: gun has player-facing role, effect, placement and numeric metrics
ok 61 - gun has player-facing role, effect, placement and numeric metrics
  ---
  duration_ms: 0.170989
  type: 'test'
  ...
# Subtest: mortar has player-facing role, effect, placement and numeric metrics
ok 62 - mortar has player-facing role, effect, placement and numeric metrics
  ---
  duration_ms: 0.082154
  type: 'test'
  ...
# Subtest: slow has player-facing role, effect, placement and numeric metrics
ok 63 - slow has player-facing role, effect, placement and numeric metrics
  ---
  duration_ms: 0.133762
  type: 'test'
  ...
# Subtest: relay has player-facing role, effect, placement and numeric metrics
ok 64 - relay has player-facing role, effect, placement and numeric metrics
  ---
  duration_ms: 0.45649
  type: 'test'
  ...
# Subtest: enemy types make different barrier decisions from break time and detour time
ok 65 - enemy types make different barrier decisions from break time and detour time
  ---
  duration_ms: 2.300847
  type: 'test'
  ...
# Subtest: balanced infantry breaches a weakened wall instead of taking a long detour
ok 66 - balanced infantry breaches a weakened wall instead of taking a long detour
  ---
  duration_ms: 0.409979
  type: 'test'
  ...
# Subtest: raider selects repair support before ordinary weapon towers
ok 67 - raider selects repair support before ordinary weapon towers
  ---
  duration_ms: 1.363139
  type: 'test'
  ...
# Subtest: rope cutter selects slowing equipment before repair support
ok 68 - rope cutter selects slowing equipment before repair support
  ---
  duration_ms: 1.326264
  type: 'test'
  ...
# Subtest: specialist damages its selected facility and invalidates shared targets when it is destroyed
ok 69 - specialist damages its selected facility and invalidates shared targets when it is destroyed
  ---
  duration_ms: 0.479144
  type: 'test'
  ...
# Subtest: a newly built priority facility requests rerouting without teleporting an enemy off its current road
ok 70 - a newly built priority facility requests rerouting without teleporting an enemy off its current road
  ---
  duration_ms: 1.29083
  type: 'test'
  ...
# Subtest: loaded source chunk materializes a persistent enemy-source site
ok 71 - loaded source chunk materializes a persistent enemy-source site
  ---
  duration_ms: 3.236952
  type: 'test'
  ...
# Subtest: player can clear an enemy source on site and stop future frontier waves
ok 72 - player can clear an enemy source on site and stop future frontier waves
  ---
  duration_ms: 2.28701
  type: 'test'
  ...
# Subtest: enemy source interaction requires proximity and a clear local area
ok 73 - enemy source interaction requires proximity and a clear local area
  ---
  duration_ms: 0.836004
  type: 'test'
  ...
# Subtest: loaded chunks are processed once for deterministic ambient discoveries
ok 74 - loaded chunks are processed once for deterministic ambient discoveries
  ---
  duration_ms: 0.807821
  type: 'test'
  ...
# Subtest: exploration renderer draws active sites with a minimal canvas context
ok 75 - exploration renderer draws active sites with a minimal canvas context
  ---
  duration_ms: 0.534678
  type: 'test'
  ...
# Subtest: dead-end roads at unexplored chunk borders become frontier candidates
ok 76 - dead-end roads at unexplored chunk borders become frontier candidates
  ---
  duration_ms: 2.166684
  type: 'test'
  ...
# Subtest: frontier source stays fixed while its entry point advances with map expansion
ok 77 - frontier source stays fixed while its entry point advances with map expansion
  ---
  duration_ms: 1.792338
  type: 'test'
  ...
# Subtest: frontier system launches enemies from a map-edge entry node
ok 78 - frontier system launches enemies from a map-edge entry node
  ---
  duration_ms: 1.12515
  type: 'test'
  ...
# Subtest: frontier identity is hidden until the signal is localized
ok 79 - frontier identity is hidden until the signal is localized
  ---
  duration_ms: 0.214033
  type: 'test'
  ...
# Subtest: frontier renderer tolerates a minimal canvas context
ok 80 - frontier renderer tolerates a minimal canvas context
  ---
  duration_ms: 1.716714
  type: 'test'
  ...
# Subtest: source module graph has no circular dependencies
ok 81 - source module graph has no circular dependencies
  ---
  duration_ms: 394.384146
  type: 'test'
  ...
# Subtest: twelve-hour simulation remains bounded, serializable and within enemy cap
ok 82 - twelve-hour simulation remains bounded, serializable and within enemy cap
  ---
  duration_ms: 1212.949275
  type: 'test'
  ...
# Subtest: same state and elapsed time produce the same offline game result
ok 83 - same state and elapsed time produce the same offline game result
  ---
  duration_ms: 278.196486
  type: 'test'
  ...
# Subtest: legacy save is converted once into the clean schema
ok 84 - legacy save is converted once into the clean schema
  ---
  duration_ms: 2.45579
  type: 'test'
  ...
# Subtest: offline simulation is bounded and reports the applied duration
ok 85 - offline simulation is bounded and reports the applied duration
  ---
  duration_ms: 1.672201
  type: 'test'
  ...
# Subtest: offline simulation advances the canonical world clock
ok 86 - offline simulation advances the canonical world clock
  ---
  duration_ms: 0.501117
  type: 'test'
  ...
# Subtest: default endpoints use current public global instances
ok 87 - default endpoints use current public global instances
  ---
  duration_ms: 1.679217
  type: 'test'
  ...
# Subtest: query filters road classes before download
ok 88 - query filters road classes before download
  ---
  duration_ms: 0.393224
  type: 'test'
  ...
# Subtest: JSONP URL contains encoded query and callback
ok 89 - JSONP URL contains encoded query and callback
  ---
  duration_ms: 0.398082
  type: 'test'
  ...
# Subtest: browser JSONP resolves payload and cleans callback
ok 90 - browser JSONP resolves payload and cleans callback
  ---
  duration_ms: 0.701761
  type: 'test'
  ...
# Subtest: browser mode prefers JSONP and does not call fetch after success
ok 91 - browser mode prefers JSONP and does not call fetch after success
  ---
  duration_ms: 0.450541
  type: 'test'
  ...
# Subtest: JSONP failure falls back to official minimal POST request
ok 92 - JSONP failure falls back to official minimal POST request
  ---
  duration_ms: 0.651685
  type: 'test'
  ...
# Subtest: failed endpoint falls back to the next endpoint
ok 93 - failed endpoint falls back to the next endpoint
  ---
  duration_ms: 0.416779
  type: 'test'
  ...
# Subtest: all failures include endpoint and transport diagnostics
ok 94 - all failures include endpoint and transport diagnostics
  ---
  duration_ms: 0.743223
  type: 'test'
  ...
# Subtest: caller abort stops attempts immediately
ok 95 - caller abort stops attempts immediately
  ---
  duration_ms: 0.766689
  type: 'test'
  ...
# Subtest: development client can disable JSONP and use the injected fetch directly
ok 96 - development client can disable JSONP and use the injected fetch directly
  ---
  duration_ms: 2.026683
  type: 'test'
  ...
# Subtest: balanced profile limits simulation, rendering and DPR
ok 97 - balanced profile limits simulation, rendering and DPR
  ---
  duration_ms: 0.832858
  type: 'test'
  ...
# Subtest: game loop decouples simulation, civilization and rendering rates
ok 98 - game loop decouples simulation, civilization and rendering rates
  ---
  duration_ms: 0.705286
  type: 'test'
  ...
# Subtest: combat spatial index returns only nearby active enemies
ok 99 - combat spatial index returns only nearby active enemies
  ---
  duration_ms: 0.977577
  type: 'test'
  ...
# Subtest: renderer caches static radar and road layers between frames
ok 100 - renderer caches static radar and road layers between frames
  ---
  duration_ms: 1.969576
  type: 'test'
  ...
# Subtest: PWA registers the current service worker on HTTPS
ok 101 - PWA registers the current service worker on HTTPS
  ---
  duration_ms: 1.359905
  type: 'test'
  ...
# Subtest: PWA is skipped for an allowed development fixture
ok 102 - PWA is skipped for an allowed development fixture
  ---
  duration_ms: 0.35039
  type: 'test'
  ...
# Subtest: public devFixture query does not disable production PWA registration
ok 103 - public devFixture query does not disable production PWA registration
  ---
  duration_ms: 2.254917
  type: 'test'
  ...
# Subtest: PWA registration failure does not stop the game
ok 104 - PWA registration failure does not stop the game
  ---
  duration_ms: 0.340174
  type: 'test'
  ...
# Subtest: radar renderer is integrated without changing the map input owner
ok 105 - radar renderer is integrated without changing the map input owner
  ---
  duration_ms: 87.540958
  type: 'test'
  ...
# Subtest: radar theme exposes tactical palette and mobile layout rules
ok 106 - radar theme exposes tactical palette and mobile layout rules
  ---
  duration_ms: 2.611376
  type: 'test'
  ...
# Subtest: combat and road renderers use radar glyphs and glow rather than emoji labels
ok 107 - combat and road renderers use radar glyphs and glow rather than emoji labels
  ---
  duration_ms: 4.489614
  type: 'test'
  ...
# Subtest: radar canvas layers render with a minimal canvas context
ok 108 - radar canvas layers render with a minimal canvas context
  ---
  duration_ms: 2.657406
  type: 'test'
  ...
# Subtest: playing footer stays clear of the combat toolbar
ok 109 - playing footer stays clear of the combat toolbar
  ---
  duration_ms: 1.33075
  type: 'test'
  ...
# Subtest: radar preferences apply defaults and cycle without game state
ok 110 - radar preferences apply defaults and cycle without game state
  ---
  duration_ms: 0.994753
  type: 'test'
  ...
# Subtest: bootstrap imports RadarPreferences before constructing it
ok 111 - bootstrap imports RadarPreferences before constructing it
  ---
  duration_ms: 7.93808
  type: 'test'
  ...
# Subtest: touch devices default to the power-saving radar profile
ok 112 - touch devices default to the power-saving radar profile
  ---
  duration_ms: 0.392884
  type: 'test'
  ...
# Subtest: refactor schema 1 scrap is migrated into canonical resources
ok 113 - refactor schema 1 scrap is migrated into canonical resources
  ---
  duration_ms: 2.351127
  type: 'test'
  ...
# Subtest: world chunks use deterministic grid ids and reversible centers
ok 114 - world chunks use deterministic grid ids and reversible centers
  ---
  duration_ms: 1.662603
  type: 'test'
  ...
# Subtest: initial chunk state only marks chunks fully covered by the initial acquisition
ok 115 - initial chunk state only marks chunks fully covered by the initial acquisition
  ---
  duration_ms: 0.442139
  type: 'test'
  ...
# Subtest: graph merge preserves existing ids, joins nearby endpoints and removes duplicate edges
ok 116 - graph merge preserves existing ids, joins nearby endpoints and removes duplicate edges
  ---
  duration_ms: 1.362087
  type: 'test'
  ...
# Subtest: chunk cache isolates worlds and can remove one world
ok 117 - chunk cache isolates worlds and can remove one world
  ---
  duration_ms: 0.453656
  type: 'test'
  ...
# Subtest: RoadService chunk acquisition projects roads into the original world coordinate system
ok 118 - RoadService chunk acquisition projects roads into the original world coordinate system
  ---
  duration_ms: 85.75558
  type: 'test'
  ...
# Subtest: parallel carriageways with the same identity collapse into one gameplay road
ok 119 - parallel carriageways with the same identity collapse into one gameplay road
  ---
  duration_ms: 2.450963
  type: 'test'
  ...
# Subtest: nearby roads with different names remain separate
ok 120 - nearby roads with different names remain separate
  ---
  duration_ms: 0.306153
  type: 'test'
  ...
# Subtest: clustered intersections build a connected graph and combat route
ok 121 - clustered intersections build a connected graph and combat route
  ---
  duration_ms: 2.481665
  type: 'test'
  ...
# Subtest: one RoadService load performs one acquisition and produces indexed graph data
ok 122 - one RoadService load performs one acquisition and produces indexed graph data
  ---
  duration_ms: 93.395981
  type: 'test'
  ...
# Subtest: chunk prefetch only includes crossed or nearby grid edges
ok 123 - chunk prefetch only includes crossed or nearby grid edges
  ---
  duration_ms: 1.613027
  type: 'test'
  ...
# Subtest: manager merges a new chunk, records it and persists a compact cache entry
ok 124 - manager merges a new chunk, records it and persists a compact cache entry
  ---
  duration_ms: 2.931345
  type: 'test'
  ...
# Subtest: manager loads a cached chunk without calling the road server
ok 125 - manager loads a cached chunk without calling the road server
  ---
  duration_ms: 0.974182
  type: 'test'
  ...
# Subtest: failed acquisitions are cooled down instead of queued on every position update
ok 126 - failed acquisitions are cooled down instead of queued on every position update
  ---
  duration_ms: 1.026731
  type: 'test'
  ...
# Subtest: chunk centers remain based on the original world center
ok 127 - chunk centers remain based on the original world center
  ---
  duration_ms: 0.22477
  type: 'test'
  ...
# Subtest: save data remains JSON and graph indexes are reconstructed after load
ok 128 - save data remains JSON and graph indexes are reconstructed after load
  ---
  duration_ms: 2.88514
  type: 'test'
  ...
# Subtest: v0.19 object-form road graphs remain loadable after compact saves are introduced
ok 129 - v0.19 object-form road graphs remain loadable after compact saves are introduced
  ---
  duration_ms: 1.054304
  type: 'test'
  ...
# Subtest: lifecycle follows the new startup sequence
ok 130 - lifecycle follows the new startup sequence
  ---
  duration_ms: 2.982516
  type: 'test'
  ...
# Subtest: invalid transition is rejected
ok 131 - invalid transition is rejected
  ---
  duration_ms: 0.540977
  type: 'test'
  ...
# Subtest: state snapshots cannot mutate the store
ok 132 - state snapshots cannot mutate the store
  ---
  duration_ms: 0.226642
  type: 'test'
  ...
# Subtest: source contains no legacy function override pattern or duplicate fetchRoadGraph
ok 133 - source contains no legacy function override pattern or duplicate fetchRoadGraph
  ---
  duration_ms: 131.283255
  type: 'test'
  ...
# Subtest: repair relay remains available as a build tool
ok 134 - repair relay remains available as a build tool
  ---
  duration_ms: 2.198487
  type: 'test'
  ...
# Subtest: only one tab owns the synchronous storage lease
ok 135 - only one tab owns the synchronous storage lease
  ---
  duration_ms: 1.138591
  type: 'test'
  ...
# Subtest: broadcast fallback elects one primary tab when storage is unavailable
ok 136 - broadcast fallback elects one primary tab when storage is unavailable
  ---
  duration_ms: 0.740915
  type: 'test'
  ...
# Subtest: remaining route distance accounts for current edge progress
ok 137 - remaining route distance accounts for current edge progress
  ---
  duration_ms: 2.344183
  type: 'test'
  ...
# Subtest: threat level escalates from contact to critical
ok 138 - threat level escalates from contact to critical
  ---
  duration_ms: 0.421006
  type: 'test'
  ...
# Subtest: clear threat reports stable defense line
ok 139 - clear threat reports stable defense line
  ---
  duration_ms: 0.199321
  type: 'test'
  ...
# Subtest: tactical routes and focus render with a minimal canvas context
ok 140 - tactical routes and focus render with a minimal canvas context
  ---
  duration_ms: 7.146283
  type: 'test'
  ...
# Subtest: selected enemy base renders its exact capture radius
ok 141 - selected enemy base renders its exact capture radius
  ---
  duration_ms: 0.784906
  type: 'test'
  ...
# Subtest: a fully destroyed wave increments perfect defense streak exactly once
ok 142 - a fully destroyed wave increments perfect defense streak exactly once
  ---
  duration_ms: 3.367669
  type: 'test'
  ...
# Subtest: civilization level creates resource bases without duplicating them
ok 143 - civilization level creates resource bases without duplicating them
  ---
  duration_ms: 1.343961
  type: 'test'
  ...
# Subtest: initial base placement excludes civilization resource bases
ok 144 - initial base placement excludes civilization resource bases
  ---
  duration_ms: 13.160065
  type: 'test'
  ...
# Subtest: captured base waits for its respawn timer and then reappears elsewhere
ok 145 - captured base waits for its respawn timer and then reappears elsewhere
  ---
  duration_ms: 0.889644
  type: 'test'
  ...
# Subtest: region activity follows the nearest city or player anchor
ok 146 - region activity follows the nearest city or player anchor
  ---
  duration_ms: 1.446686
  type: 'test'
  ...
# Subtest: regional clocks only release peripheral and dormant simulation at their intervals
ok 147 - regional clocks only release peripheral and dormant simulation at their intervals
  ---
  duration_ms: 0.762272
  type: 'test'
  ...
# Subtest: dormant enemies and facilities advance only when the remote interval is due
ok 148 - dormant enemies and facilities advance only when the remote interval is due
  ---
  duration_ms: 3.036358
  type: 'test'
  ...
# Subtest: road graph spatial index excludes distant roads from local queries
ok 149 - road graph spatial index excludes distant roads from local queries
  ---
  duration_ms: 0.843575
  type: 'test'
  ...
# Subtest: expanded road graphs use compact save encoding and restore gameplay fields
ok 150 - expanded road graphs use compact save encoding and restore gameplay fields
  ---
  duration_ms: 3.425586
  type: 'test'
  ...
1..150
# tests 150
# suites 0
# pass 150
# fail 0
# cancelled 0
# skipped 0
# todo 0
# duration_ms 2570.430469
