FRONTLINE ROADS v0.33.0 verification
VERSION=0.33.0
SYNTAX_STATUS=0


> frontline-roads-refactor@0.33.0 syntax
> find src tests tools -type f \( -name '*.js' -o -name '*.mjs' \) -print0 | xargs -0 -n1 node --check && node --check sw.js


TEST_STATUS=0

> frontline-roads-refactor@0.33.0 test
> node --test --test-concurrency=4

TAP version 13
# Subtest: HTML references only existing local app resources and required controls exist
ok 1 - HTML references only existing local app resources and required controls exist
  ---
  duration_ms: 47.432386
  type: 'test'
  ...
# Subtest: every required DOM id used by bootstrap exists in HTML
ok 2 - every required DOM id used by bootstrap exists in HTML
  ---
  duration_ms: 14.307077
  type: 'test'
  ...
# Subtest: service worker app shell contains every runtime source file and all paths exist
ok 3 - service worker app shell contains every runtime source file and all paths exist
  ---
  duration_ms: 124.658195
  type: 'test'
  ...
# Subtest: development tree has no premature single-HTML build output
ok 4 - development tree has no premature single-HTML build output
  ---
  duration_ms: 4.417624
  type: 'test'
  ...
# Subtest: service worker only deletes FRONTLINE ROADS caches
ok 5 - service worker only deletes FRONTLINE ROADS caches
  ---
  duration_ms: 5.952195
  type: 'test'
  ...
# Subtest: service worker falls back to HTML only for navigation requests
ok 6 - service worker falls back to HTML only for navigation requests
  ---
  duration_ms: 4.038438
  type: 'test'
  ...
# Subtest: release version is synchronized across package, runtime label, HTML loader and service-worker cache
ok 7 - release version is synchronized across package, runtime label, HTML loader and service-worker cache
  ---
  duration_ms: 39.566518
  type: 'test'
  ...
# Subtest: asset startup does not delete caches or unregister service workers before boot
ok 8 - asset startup does not delete caches or unregister service workers before boot
  ---
  duration_ms: 5.684708
  type: 'test'
  ...
# Subtest: GitHub Pages package includes no-Jekyll markers and synchronized root and legacy redirects
ok 9 - GitHub Pages package includes no-Jekyll markers and synchronized root and legacy redirects
  ---
  duration_ms: 10.920274
  type: 'test'
  ...
# Subtest: obsolete top alert frame is absent from the play HUD
ok 10 - obsolete top alert frame is absent from the play HUD
  ---
  duration_ms: 10.648346
  type: 'test'
  ...
# Subtest: storage denial is detected without crashing construction
ok 11 - storage denial is detected without crashing construction
  ---
  duration_ms: 5.046433
  type: 'test'
  ...
# Subtest: invalid shallow save is quarantined instead of bricking startup
ok 12 - invalid shallow save is quarantined instead of bricking startup
  ---
  duration_ms: 3.658489
  type: 'test'
  ...
# Subtest: saved game removes exact position history and rounds map origin
ok 13 - saved game removes exact position history and rounds map origin
  ---
  duration_ms: 4.418217
  type: 'test'
  ...
# Subtest: state validation rejects malformed saved road graph
ok 14 - state validation rejects malformed saved road graph
  ---
  duration_ms: 0.58458
  type: 'test'
  ...
# Subtest: stone gate conversion cannot be used before civilization level 2
ok 15 - stone gate conversion cannot be used before civilization level 2
  ---
  duration_ms: 1.422334
  type: 'test'
  ...
# Subtest: path invalidation waits for the current edge instead of teleporting backward
ok 16 - path invalidation waits for the current edge instead of teleporting backward
  ---
  duration_ms: 2.655992
  type: 'test'
  ...
# Subtest: grade-separated endpoints are not merged into one intersection
ok 17 - grade-separated endpoints are not merged into one intersection
  ---
  duration_ms: 24.084479
  type: 'test'
  ...
# Subtest: long OSM geometry is subdivided rather than discarded
ok 18 - long OSM geometry is subdivided rather than discarded
  ---
  duration_ms: 5.459007
  type: 'test'
  ...
# Subtest: complete reset clears current, legacy, and backup save keys
ok 19 - complete reset clears current, legacy, and backup save keys
  ---
  duration_ms: 0.950696
  type: 'test'
  ...
# Subtest: production source only enables dev fixture on local or explicit test origins
ok 20 - production source only enables dev fixture on local or explicit test origins
  ---
  duration_ms: 36.046494
  type: 'test'
  ...
# Subtest: road loading keeps injected fetch and isolates the script fallback in an opaque sandbox
ok 21 - road loading keeps injected fetch and isolates the script fallback in an opaque sandbox
  ---
  duration_ms: 7.900581
  type: 'test'
  ...
# Subtest: tier-zero area and slow defenses use the approved restrained values
ok 22 - tier-zero area and slow defenses use the approved restrained values
  ---
  duration_ms: 4.405605
  type: 'test'
  ...
# Subtest: area defense applies full damage to one target, reduced splash and a hard target cap
ok 23 - area defense applies full damage to one target, reduced splash and a hard target cap
  ---
  duration_ms: 3.446011
  type: 'test'
  ...
# Subtest: slow defense affects only the nearest approved number of targets
ok 24 - slow defense affects only the nearest approved number of targets
  ---
  duration_ms: 0.98608
  type: 'test'
  ...
# Subtest: enemy base growth follows age thresholds and civilization caps
ok 25 - enemy base growth follows age thresholds and civilization caps
  ---
  duration_ms: 0.644675
  type: 'test'
  ...
# Subtest: enemy level multipliers scale durability, attack and speed without runaway speed growth
ok 26 - enemy level multipliers scale durability, attack and speed without runaway speed growth
  ---
  duration_ms: 0.565347
  type: 'test'
  ...
# Subtest: spawned enemies retain the source base level and scaled HP for their lifetime
ok 27 - spawned enemies retain the source base level and scaled HP for their lifetime
  ---
  duration_ms: 1.51086
  type: 'test'
  ...
# Subtest: enemy base levels add exactly one unit per level
ok 28 - enemy base levels add exactly one unit per level
  ---
  duration_ms: 1.201942
  type: 'test'
  ...
# Subtest: new civilization enemy generations phase in at 15, 30, 45 and 60 minutes
ok 29 - new civilization enemy generations phase in at 15, 30, 45 and 60 minutes
  ---
  duration_ms: 0.433994
  type: 'test'
  ...
# Subtest: higher enemy base levels increase pressure gradually rather than all at once
ok 30 - higher enemy base levels increase pressure gradually rather than all at once
  ---
  duration_ms: 0.727678
  type: 'test'
  ...
# Subtest: a level-two mixed wave now reaches a city defended only by tier-zero area and slow facilities
ok 31 - a level-two mixed wave now reaches a city defended only by tier-zero area and slow facilities
  ---
  duration_ms: 67.79624
  type: 'test'
  ...
# Subtest: a heavier level-two formation creates meaningful pressure without instantly defeating the city
ok 32 - a heavier level-two formation creates meaningful pressure without instantly defeating the city
  ---
  duration_ms: 29.611466
  type: 'test'
  ...
# Subtest: enemy base level increases emit one visible threat notification
ok 33 - enemy base level increases emit one visible threat notification
  ---
  duration_ms: 3.464718
  type: 'test'
  ...
# Subtest: enemy individual level and scaled HP survive save and restore
ok 34 - enemy individual level and scaled HP survive save and restore
  ---
  duration_ms: 176.646873
  type: 'test'
  ...
# Subtest: a new civilization generation keeps the previous generation during its opening grace window
ok 35 - a new civilization generation keeps the previous generation during its opening grace window
  ---
  duration_ms: 5.216375
  type: 'test'
  ...
# Subtest: enemy system applies the spawned enemy level to movement and city damage
ok 36 - enemy system applies the spawned enemy level to movement and city damage
  ---
  duration_ms: 2.084747
  type: 'test'
  ...
# Subtest: base command panel summarizes remote threats, facilities, squads and recoveries
ok 37 - base command panel summarizes remote threats, facilities, squads and recoveries
  ---
  duration_ms: 5.366578
  type: 'test'
  ...
# Subtest: base command UI lists all bases and switches the map camera without moving the player
ok 38 - base command UI lists all bases and switches the map camera without moving the player
  ---
  duration_ms: 4.160026
  type: 'test'
  ...
# Subtest: base command UI establishes an unlocked base at the current road position
ok 39 - base command UI establishes an unlocked base at the current road position
  ---
  duration_ms: 2.613498
  type: 'test'
  ...
# Subtest: combat renderer includes a distinct marker for secondary player bases
ok 40 - combat renderer includes a distinct marker for secondary player bases
  ---
  duration_ms: 42.29214
  type: 'test'
  ...
# Subtest: base command UI lists simple bases separately and can focus or rebuild a destroyed one
ok 41 - base command UI lists simple bases separately and can focus or rebuild a destroyed one
  ---
  duration_ms: 6.429003
  type: 'test'
  ...
# Subtest: combat renderer includes a distinct marker for simple bases and ruins
ok 42 - combat renderer includes a distinct marker for simple bases and ruins
  ---
  duration_ms: 5.552949
  type: 'test'
  ...
# Subtest: selection snaps to the existing graph and creates a base without refetching
ok 43 - selection snaps to the existing graph and creates a base without refetching
  ---
  duration_ms: 4.390668
  type: 'test'
  ...
# Subtest: a tap outside the road tolerance is rejected
ok 44 - a tap outside the road tolerance is rejected
  ---
  duration_ms: 0.518191
  type: 'test'
  ...
# Subtest: base placement uses a dedicated map viewport instead of drawing behind controls
ok 45 - base placement uses a dedicated map viewport instead of drawing behind controls
  ---
  duration_ms: 48.085125
  type: 'test'
  ...
# Subtest: base placement screen keeps the canvas clip synchronized with the viewport
ok 46 - base placement screen keeps the canvas clip synchronized with the viewport
  ---
  duration_ms: 24.391938
  type: 'test'
  ...
# Subtest: renderer switches to a brighter static scene for base selection
ok 47 - renderer switches to a brighter static scene for base selection
  ---
  duration_ms: 7.136338
  type: 'test'
  ...
# Subtest: startup quarantines only validation failures and isolates optional cache restoration
ok 48 - startup quarantines only validation failures and isolates optional cache restoration
  ---
  duration_ms: 2.568861
  type: 'test'
  ...
# Subtest: offline restoration has an explicit rollback boundary and UI failure preserves the save
ok 49 - offline restoration has an explicit rollback boundary and UI failure preserves the save
  ---
  duration_ms: 0.679548
  type: 'test'
  ...
# Subtest: complete reset cancels road-world requests before deleting cached world data
ok 50 - complete reset cancels road-world requests before deleting cached world data
  ---
  duration_ms: 0.568556
  type: 'test'
  ...
# Subtest: barrier highlighting is clipped to the build-radius portion of a road
ok 51 - barrier highlighting is clipped to the build-radius portion of a road
  ---
  duration_ms: 3.41789
  type: 'test'
  ...
# Subtest: build placement overlay draws valid sites, build radius and candidate effect radius
ok 52 - build placement overlay draws valid sites, build radius and candidate effect radius
  ---
  duration_ms: 1.793566
  type: 'test'
  ...
# Subtest: barrier overlay tolerates a minimal canvas implementation
ok 53 - barrier overlay tolerates a minimal canvas implementation
  ---
  duration_ms: 20.909556
  type: 'test'
  ...
# Subtest: renderer draws construction guidance after combat effects so candidates stay visible
ok 54 - renderer draws construction guidance after combat effects so candidates stay visible
  ---
  duration_ms: 27.664915
  type: 'test'
  ...
# Subtest: existing facilities do not expand construction beyond bases and the player
ok 55 - existing facilities do not expand construction beyond bases and the player
  ---
  duration_ms: 35.226967
  type: 'test'
  ...
# Subtest: previewing a candidate does not consume resources or create a defense
ok 56 - previewing a candidate does not consume resources or create a defense
  ---
  duration_ms: 2.556819
  type: 'test'
  ...
# Subtest: a confirmed candidate consumes resources exactly once and creates the selected defense
ok 57 - a confirmed candidate consumes resources exactly once and creates the selected defense
  ---
  duration_ms: 3.542909
  type: 'test'
  ...
# Subtest: a stale candidate is rejected without spending resources
ok 58 - a stale candidate is rejected without spending resources
  ---
  duration_ms: 12.909738
  type: 'test'
  ...
# Subtest: candidate confirmation rechecks resources that changed after preview
ok 59 - candidate confirmation rechecks resources that changed after preview
  ---
  duration_ms: 2.18639
  type: 'test'
  ...
# Subtest: barrier candidates retain the tapped road position and reject out-of-range points
ok 60 - barrier candidates retain the tapped road position and reject out-of-range points
  ---
  duration_ms: 2.035968
  type: 'test'
  ...
# Subtest: a removed destroyed placement is immediately available for replacement construction
ok 61 - a removed destroyed placement is immediately available for replacement construction
  ---
  duration_ms: 1.893758
  type: 'test'
  ...
# Subtest: preview skips an occupied nearest intersection when another valid intersection is within the tap tolerance
ok 62 - preview skips an occupied nearest intersection when another valid intersection is within the tap tolerance
  ---
  duration_ms: 1.333709
  type: 'test'
  ...
# Subtest: preview skips an occupied nearest road when another valid road is within the tap tolerance
ok 63 - preview skips an occupied nearest road when another valid road is within the tap tolerance
  ---
  duration_ms: 2.148414
  type: 'test'
  ...
# Subtest: player position creates a second build zone away from the home base
ok 64 - player position creates a second build zone away from the home base
  ---
  duration_ms: 1.472922
  type: 'test'
  ...
# Subtest: a current-location candidate is rejected if the player leaves its build zone before confirmation
ok 65 - a current-location candidate is rejected if the player leaves its build zone before confirmation
  ---
  duration_ms: 0.745157
  type: 'test'
  ...
# Subtest: overlapping home-base and player positions are represented as one build zone
ok 66 - overlapping home-base and player positions are represented as one build zone
  ---
  duration_ms: 0.468537
  type: 'test'
  ...
# Subtest: a remote facility stays outside the build zone until the player physically reaches it
ok 67 - a remote facility stays outside the build zone until the player physically reaches it
  ---
  duration_ms: 0.667797
  type: 'test'
  ...
# Subtest: removing a defense reopens its placement and invalidates enemy routes
ok 68 - removing a defense reopens its placement and invalidates enemy routes
  ---
  duration_ms: 0.664715
  type: 'test'
  ...
# Subtest: removing an unknown defense does not mutate the state
ok 69 - removing an unknown defense does not mutate the state
  ---
  duration_ms: 0.341895
  type: 'test'
  ...
# Subtest: late civilization balance report covers every level and defense profile
ok 70 - late civilization balance report covers every level and defense profile
  ---
  duration_ms: 12.991936
  type: 'test'
  ...
# Subtest: civilization data extends cleanly through level seven
ok 71 - civilization data extends cleanly through level seven
  ---
  duration_ms: 5.483104
  type: 'test'
  ...
# Subtest: level seven removes territory limits while keeping bounded construction reach
ok 72 - level seven removes territory limits while keeping bounded construction reach
  ---
  duration_ms: 0.493091
  type: 'test'
  ...
# Subtest: late resources, recipes and settlement facilities all have canonical definitions
ok 73 - late resources, recipes and settlement facilities all have canonical definitions
  ---
  duration_ms: 17.133865
  type: 'test'
  ...
# Subtest: every defense line has a complete late-game tier and one non-duplicated explanation
ok 74 - every defense line has a complete late-game tier and one non-duplicated explanation
  ---
  duration_ms: 7.377003
  type: 'test'
  ...
# Subtest: late friendly forces unlock with equipment scaling but retain finite command limits
ok 75 - late friendly forces unlock with equipment scaling but retain finite command limits
  ---
  duration_ms: 0.997373
  type: 'test'
  ...
# Subtest: late enemy generations and density remain hard-capped
ok 76 - late enemy generations and density remain hard-capped
  ---
  duration_ms: 0.732363
  type: 'test'
  ...
# Subtest: enemy base network upgrades old advanced camps and never plans more than ten active types
ok 77 - enemy base network upgrades old advanced camps and never plans more than ten active types
  ---
  duration_ms: 1.464898
  type: 'test'
  ...
# Subtest: a carried wave clock launches only one wave per update instead of dumping its backlog
ok 78 - a carried wave clock launches only one wave per update instead of dumping its backlog
  ---
  duration_ms: 2.200727
  type: 'test'
  ...
# Subtest: civilization durability upgrades preserve existing health percentages
ok 79 - civilization durability upgrades preserve existing health percentages
  ---
  duration_ms: 1.989346
  type: 'test'
  ...
# Subtest: engineer repair, artillery splash and command aura operate in live friendly combat
ok 80 - engineer repair, artillery splash and command aura operate in live friendly combat
  ---
  duration_ms: 6.639882
  type: 'test'
  ...
# Subtest: inventory has one canonical resource store and preserves overflow
ok 81 - inventory has one canonical resource store and preserves overflow
  ---
  duration_ms: 9.175841
  type: 'test'
  ...
# Subtest: production reserves inputs once and completes through the civilization update
ok 82 - production reserves inputs once and completes through the civilization update
  ---
  duration_ms: 4.992701
  type: 'test'
  ...
# Subtest: removed resource outpost subsystem is absent from civilization runtime
ok 83 - removed resource outpost subsystem is absent from civilization runtime
  ---
  duration_ms: 0.354352
  type: 'test'
  ...
# Subtest: settlement damage removes a destroyed building and its production queue
ok 84 - settlement damage removes a destroyed building and its production queue
  ---
  duration_ms: 2.159522
  type: 'test'
  ...
# Subtest: production overflow stays in the building buffer until collection
ok 85 - production overflow stays in the building buffer until collection
  ---
  duration_ms: 1.997789
  type: 'test'
  ...
# Subtest: every civilization project uses implemented requirements and fits the unlocked settlement slots
ok 86 - every civilization project uses implemented requirements and fits the unlocked settlement slots
  ---
  duration_ms: 1.409013
  type: 'test'
  ...
# Subtest: city defeat payment preserves the repair reserve and may pay only the safe surplus
ok 87 - city defeat payment preserves the repair reserve and may pay only the safe surplus
  ---
  duration_ms: 7.680709
  type: 'test'
  ...
# Subtest: enemy regroup deadlines extend but never shorten an existing recovery window
ok 88 - enemy regroup deadlines extend but never shorten an existing recovery window
  ---
  duration_ms: 1.28906
  type: 'test'
  ...
# Subtest: enemy bases pause their launch clock during regroup and resume afterward
ok 89 - enemy bases pause their launch clock during regroup and resume afterward
  ---
  duration_ms: 2.924759
  type: 'test'
  ...
# Subtest: damaged tower repair keeps the fifty-five percent material rate
ok 90 - damaged tower repair keeps the fifty-five percent material rate
  ---
  duration_ms: 1.585375
  type: 'test'
  ...
# Subtest: dedicated barrier repair costs remain unchanged
ok 91 - dedicated barrier repair costs remain unchanged
  ---
  duration_ms: 0.521158
  type: 'test'
  ...
# Subtest: regroup timing produces the same result in active and offline progression
ok 92 - regroup timing produces the same result in active and offline progression
  ---
  duration_ms: 14.028263
  type: 'test'
  ...
# Subtest: map tap only selects a build candidate and confirmation performs the mutation
ok 93 - map tap only selects a build candidate and confirmation performs the mutation
  ---
  duration_ms: 219.178375
  type: 'test'
  ...
# Subtest: combat UI no longer calls immediate buildAt from map taps
ok 94 - combat UI no longer calls immediate buildAt from map taps
  ---
  duration_ms: 6.286036
  type: 'test'
  ...
# Subtest: an invalid second tap clears the previous candidate to prevent confirming the wrong location
ok 95 - an invalid second tap clears the previous candidate to prevent confirming the wrong location
  ---
  duration_ms: 3.005519
  type: 'test'
  ...
# Subtest: build confirmation is disabled while the selected facility is unaffordable
ok 96 - build confirmation is disabled while the selected facility is unaffordable
  ---
  duration_ms: 2.426658
  type: 'test'
  ...
# Subtest: context explanations are collapsed by default and metrics remain visible
ok 97 - context explanations are collapsed by default and metrics remain visible
  ---
  duration_ms: 1.798114
  type: 'test'
  ...
# Subtest: an opened context explanation remains open after the live HUD rerenders
ok 98 - an opened context explanation remains open after the live HUD rerenders
  ---
  duration_ms: 1.803916
  type: 'test'
  ...
# Subtest: context metrics use a fixed three-column grid to reduce panel height
ok 99 - context metrics use a fixed three-column grid to reduce panel height
  ---
  duration_ms: 42.268696
  type: 'test'
  ...
# Subtest: defense removal requires a second confirmation and then clears the selected facility
ok 100 - defense removal requires a second confirmation and then clears the selected facility
  ---
  duration_ms: 4.146498
  type: 'test'
  ...
# Subtest: tapping the selected facility again closes the compact context panel
ok 101 - tapping the selected facility again closes the compact context panel
  ---
  duration_ms: 3.098587
  type: 'test'
  ...
# Subtest: combat effect buffer is capped and prunes expired effects
ok 102 - combat effect buffer is capped and prunes expired effects
  ---
  duration_ms: 1.736246
  type: 'test'
  ...
# Subtest: event bus creates transient shot and city warning effects
ok 103 - event bus creates transient shot and city warning effects
  ---
  duration_ms: 7.120527
  type: 'test'
  ...
# Subtest: manual defense upgrade events create a visible pulse
ok 104 - manual defense upgrade events create a visible pulse
  ---
  duration_ms: 0.746202
  type: 'test'
  ...
# Subtest: barrier changes weighted enemy route without creating another graph
ok 105 - barrier changes weighted enemy route without creating another graph
  ---
  duration_ms: 6.999504
  type: 'test'
  ...
# Subtest: enemy position follows path direction rather than edge storage direction
ok 106 - enemy position follows path direction rather than edge storage direction
  ---
  duration_ms: 2.007868
  type: 'test'
  ...
# Subtest: build range is measured from established home base
ok 107 - build range is measured from established home base
  ---
  duration_ms: 4.569516
  type: 'test'
  ...
# Subtest: gun tower damages an enemy in range
ok 108 - gun tower damages an enemy in range
  ---
  duration_ms: 3.206235
  type: 'test'
  ...
# Subtest: enemy reaching the city deals damage and is removed
ok 109 - enemy reaching the city deals damage and is removed
  ---
  duration_ms: 2.552003
  type: 'test'
  ...
# Subtest: repair relay consumes resources and repairs only the most damaged target
ok 110 - repair relay consumes resources and repairs only the most damaged target
  ---
  duration_ms: 1.299401
  type: 'test'
  ...
# Subtest: city recovers after a quiet period and a large update only heals post-cooldown time
ok 111 - city recovers after a quiet period and a large update only heals post-cooldown time
  ---
  duration_ms: 164.926862
  type: 'test'
  ...
# Subtest: city defeat never creates negative resources and reports unpaid emergency recovery honestly
ok 112 - city defeat never creates negative resources and reports unpaid emergency recovery honestly
  ---
  duration_ms: 25.106518
  type: 'test'
  ...
# Subtest: civilization level raises major and field base squad capacity
ok 113 - civilization level raises major and field base squad capacity
  ---
  duration_ms: 3.603712
  type: 'test'
  ...
# Subtest: one major base can dispatch several squads until its civilization capacity is full
ok 114 - one major base can dispatch several squads until its civilization capacity is full
  ---
  duration_ms: 5.839264
  type: 'test'
  ...
# Subtest: recovering squads occupy only their own slot and do not block other free slots
ok 115 - recovering squads occupy only their own slot and do not block other free slots
  ---
  duration_ms: 27.078689
  type: 'test'
  ...
# Subtest: field bases also support multiple light squads according to civilization level
ok 116 - field bases also support multiple light squads according to civilization level
  ---
  duration_ms: 4.8229
  type: 'test'
  ...
# Subtest: every settlement building has a concise gameplay description
ok 117 - every settlement building has a concise gameplay description
  ---
  duration_ms: 0.940009
  type: 'test'
  ...
# Subtest: default resource HUD renders every owned resource as an independent chip
ok 118 - default resource HUD renders every owned resource as an independent chip
  ---
  duration_ms: 2.361078
  type: 'test'
  ...
# Subtest: resource HUD uses a non-overlapping content-sized scroll strip
ok 119 - resource HUD uses a non-overlapping content-sized scroll strip
  ---
  duration_ms: 22.967443
  type: 'test'
  ...
# Subtest: civilization build ranges use explicit bounded progression instead of exponential doubling
ok 120 - civilization build ranges use explicit bounded progression instead of exponential doubling
  ---
  duration_ms: 3.137617
  type: 'test'
  ...
# Subtest: an active enemy marker is a valid moving intercept deployment target
ok 121 - an active enemy marker is a valid moving intercept deployment target
  ---
  duration_ms: 5.730949
  type: 'test'
  ...
# Subtest: intercept squad replans to the selected enemy next road node and returns when the enemy is gone
ok 122 - intercept squad replans to the selected enemy next road node and returns when the enemy is gone
  ---
  duration_ms: 3.386728
  type: 'test'
  ...
# Subtest: gameplay HUD exposes independent zoom, selected-base and current-position camera controls
ok 123 - gameplay HUD exposes independent zoom, selected-base and current-position camera controls
  ---
  duration_ms: 26.280061
  type: 'test'
  ...
# Subtest: barrier has player-facing role, effect, placement and numeric metrics
ok 124 - barrier has player-facing role, effect, placement and numeric metrics
  ---
  duration_ms: 2.64385
  type: 'test'
  ...
# Subtest: gun has player-facing role, effect, placement and numeric metrics
ok 125 - gun has player-facing role, effect, placement and numeric metrics
  ---
  duration_ms: 1.69366
  type: 'test'
  ...
# Subtest: mortar has player-facing role, effect, placement and numeric metrics
ok 126 - mortar has player-facing role, effect, placement and numeric metrics
  ---
  duration_ms: 0.654481
  type: 'test'
  ...
# Subtest: slow has player-facing role, effect, placement and numeric metrics
ok 127 - slow has player-facing role, effect, placement and numeric metrics
  ---
  duration_ms: 0.340776
  type: 'test'
  ...
# Subtest: relay has player-facing role, effect, placement and numeric metrics
ok 128 - relay has player-facing role, effect, placement and numeric metrics
  ---
  duration_ms: 0.677143
  type: 'test'
  ...
# Subtest: all defense tiers define deterministic durability and sequential upgrade costs
ok 129 - all defense tiers define deterministic durability and sequential upgrade costs
  ---
  duration_ms: 2.452638
  type: 'test'
  ...
# Subtest: defense upgrades are sequential and locked to civilization level
ok 130 - defense upgrades are sequential and locked to civilization level
  ---
  duration_ms: 34.712148
  type: 'test'
  ...
# Subtest: upgrading preserves damage ratio instead of fully healing the facility
ok 131 - upgrading preserves damage ratio instead of fully healing the facility
  ---
  duration_ms: 1.733653
  type: 'test'
  ...
# Subtest: tier synchronization upgrades legacy durability without changing its health percentage
ok 132 - tier synchronization upgrades legacy durability without changing its health percentage
  ---
  duration_ms: 0.558084
  type: 'test'
  ...
# Subtest: destroyed and maximum-tier defenses cannot be upgraded
ok 133 - destroyed and maximum-tier defenses cannot be upgraded
  ---
  duration_ms: 1.470721
  type: 'test'
  ...
# Subtest: gate conversion starts at tier two and preserves the prior health ratio
ok 134 - gate conversion starts at tier two and preserves the prior health ratio
  ---
  duration_ms: 1.761081
  type: 'test'
  ...
# Subtest: combat UI keeps the normal facility panel compact and opens upgrade details only on demand
ok 135 - combat UI keeps the normal facility panel compact and opens upgrade details only on demand
  ---
  duration_ms: 133.758821
  type: 'test'
  ...
# Subtest: facility explanation replaces the metric view instead of stacking below it
ok 136 - facility explanation replaces the metric view instead of stacking below it
  ---
  duration_ms: 6.104027
  type: 'test'
  ...
# Subtest: civilization panel explains the current defense tier ceiling and next unlock
ok 137 - civilization panel explains the current defense tier ceiling and next unlock
  ---
  duration_ms: 24.557169
  type: 'test'
  ...
# Subtest: applying a tier uses the explicit durability table for every facility class
ok 138 - applying a tier uses the explicit durability table for every facility class
  ---
  duration_ms: 1.185758
  type: 'test'
  ...
# Subtest: upgraded attack statistics are used by live combat rather than only the UI
ok 139 - upgraded attack statistics are used by live combat rather than only the UI
  ---
  duration_ms: 3.464791
  type: 'test'
  ...
# Subtest: defense panel uses a compact capped layout with fixed visible actions
ok 140 - defense panel uses a compact capped layout with fixed visible actions
  ---
  duration_ms: 22.28134
  type: 'test'
  ...
# Subtest: enemy density rises by civilization level while the opening generation stays unchanged
ok 141 - enemy density rises by civilization level while the opening generation stays unchanged
  ---
  duration_ms: 6.155238
  type: 'test'
  ...
# Subtest: civilization grace period delays the new density tier until the generation is active
ok 142 - civilization grace period delays the new density tier until the generation is active
  ---
  duration_ms: 0.904868
  type: 'test'
  ...
# Subtest: enemy spawning respects the civilization-specific population cap and the hard ceiling
ok 143 - enemy spawning respects the civilization-specific population cap and the hard ceiling
  ---
  duration_ms: 15.44571
  type: 'test'
  ...
# Subtest: UI snapshots reuse the detached road graph while refreshing mutable gameplay data
ok 144 - UI snapshots reuse the detached road graph while refreshing mutable gameplay data
  ---
  duration_ms: 6.762951
  type: 'test'
  ...
# Subtest: balanced rendering reuses the combat layer until simulation state changes
ok 145 - balanced rendering reuses the combat layer until simulation state changes
  ---
  duration_ms: 40.62173
  type: 'test'
  ...
# Subtest: automatic survey polling does not clone or transact the full world every HUD refresh
ok 146 - automatic survey polling does not clone or transact the full world every HUD refresh
  ---
  duration_ms: 2.328323
  type: 'test'
  ...
# Subtest: asset loader starts with the current application-relative stylesheet
ok 147 - asset loader starts with the current application-relative stylesheet
  ---
  duration_ms: 16.281996
  type: 'test'
  ...
# Subtest: asset loader recovers a legacy fr path through the canonical frontline-roads directory
ok 148 - asset loader recovers a legacy fr path through the canonical frontline-roads directory
  ---
  duration_ms: 40.060951
  type: 'test'
  ...
# Subtest: top HUD no longer exposes a global deployment button
ok 149 - top HUD no longer exposes a global deployment button
  ---
  duration_ms: 51.666993
  type: 'test'
  ...
# Subtest: enemy-base deployment opens with the tapped target fixed
ok 150 - enemy-base deployment opens with the tapped target fixed
  ---
  duration_ms: 39.6225
  type: 'test'
  ...
# Subtest: enemy-unit deployment opens an intercept mission for the tapped moving marker
ok 151 - enemy-unit deployment opens an intercept mission for the tapped moving marker
  ---
  duration_ms: 1.905152
  type: 'test'
  ...
# Subtest: recovery-item deployment keeps the selected item fixed and only offers retrieval squads
ok 152 - recovery-item deployment keeps the selected item fixed and only offers retrieval squads
  ---
  duration_ms: 2.185146
  type: 'test'
  ...
# Subtest: combat target context exposes direct deployment actions
ok 153 - combat target context exposes direct deployment actions
  ---
  duration_ms: 9.970304
  type: 'test'
  ...
# Subtest: combat renderer includes visible friendly squad markers
ok 154 - combat renderer includes visible friendly squad markers
  ---
  duration_ms: 7.099797
  type: 'test'
  ...
# Subtest: legacy destroyed facilities are removed during normalization and free the placement
ok 155 - legacy destroyed facilities are removed during normalization and free the placement
  ---
  duration_ms: 8.929084
  type: 'test'
  ...
# Subtest: normalization keeps only one active facility when a legacy save overlaps placements
ok 156 - normalization keeps only one active facility when a legacy save overlaps placements
  ---
  duration_ms: 4.241309
  type: 'test'
  ...
# Subtest: a gate is deleted at zero HP and the attacking enemy continues through the opened road
ok 157 - a gate is deleted at zero HP and the attacking enemy continues through the opened road
  ---
  duration_ms: 13.620078
  type: 'test'
  ...
# Subtest: obsolete ruin UI and rendering code is removed
ok 158 - obsolete ruin UI and rendering code is removed
  ---
  duration_ms: 34.212471
  type: 'test'
  ...
# Subtest: HUD still reports repair demand only for surviving damaged facilities
ok 159 - HUD still reports repair demand only for surviving damaged facilities
  ---
  duration_ms: 7.424468
  type: 'test'
  ...
# Subtest: enemy types make different barrier decisions from break time and detour time
ok 160 - enemy types make different barrier decisions from break time and detour time
  ---
  duration_ms: 7.979951
  type: 'test'
  ...
# Subtest: balanced infantry breaches a weakened wall instead of taking a long detour
ok 161 - balanced infantry breaches a weakened wall instead of taking a long detour
  ---
  duration_ms: 1.298641
  type: 'test'
  ...
# Subtest: raider selects repair support before ordinary weapon towers
ok 162 - raider selects repair support before ordinary weapon towers
  ---
  duration_ms: 5.032331
  type: 'test'
  ...
# Subtest: rope cutter selects slowing equipment before repair support
ok 163 - rope cutter selects slowing equipment before repair support
  ---
  duration_ms: 1.642756
  type: 'test'
  ...
# Subtest: specialist damages its selected facility and invalidates shared targets when it is destroyed
ok 164 - specialist damages its selected facility and invalidates shared targets when it is destroyed
  ---
  duration_ms: 3.395169
  type: 'test'
  ...
# Subtest: a newly built priority facility requests rerouting without teleporting an enemy off its current road
ok 165 - a newly built priority facility requests rerouting without teleporting an enemy off its current road
  ---
  duration_ms: 6.645743
  type: 'test'
  ...
# Subtest: civilization generations contain expanded valid enemy variants with explicit personalities
ok 166 - civilization generations contain expanded valid enemy variants with explicit personalities
  ---
  duration_ms: 3.170985
  type: 'test'
  ...
# Subtest: flanking enemies choose a bounded longer side road while direct infantry uses the shortest road
ok 167 - flanking enemies choose a bounded longer side road while direct infantry uses the shortest road
  ---
  duration_ms: 9.881936
  type: 'test'
  ...
# Subtest: marauder personality prioritizes a field base over an equally reachable city
ok 168 - marauder personality prioritizes a field base over an equally reachable city
  ---
  duration_ms: 18.411552
  type: 'test'
  ...
# Subtest: squad hunter plans toward an active friendly squad and damages it after contact
ok 169 - squad hunter plans toward an active friendly squad and damages it after contact
  ---
  duration_ms: 2.61746
  type: 'test'
  ...
# Subtest: war drummer speed aura accelerates nearby allies without accelerating itself
ok 170 - war drummer speed aura accelerates nearby allies without accelerating itself
  ---
  duration_ms: 4.509654
  type: 'test'
  ...
# Subtest: civilization level four rotates doctrines and introduces the new generation across repeated waves
ok 171 - civilization level four rotates doctrines and introduces the new generation across repeated waves
  ---
  duration_ms: 13.84515
  type: 'test'
  ...
# Subtest: personality route and doctrine metadata survive the unchanged save schema
ok 172 - personality route and doctrine metadata survive the unchanged save schema
  ---
  duration_ms: 6.138041
  type: 'test'
  ...
# Subtest: loaded source chunk materializes a persistent enemy-source site
ok 173 - loaded source chunk materializes a persistent enemy-source site
  ---
  duration_ms: 32.118427
  type: 'test'
  ...
# Subtest: player can clear an enemy source on site and stop future frontier waves
ok 174 - player can clear an enemy source on site and stop future frontier waves
  ---
  duration_ms: 8.248256
  type: 'test'
  ...
# Subtest: enemy source interaction requires proximity and a clear local area
ok 175 - enemy source interaction requires proximity and a clear local area
  ---
  duration_ms: 2.645078
  type: 'test'
  ...
# Subtest: loaded chunks are processed once for deterministic ambient discoveries
ok 176 - loaded chunks are processed once for deterministic ambient discoveries
  ---
  duration_ms: 2.745609
  type: 'test'
  ...
# Subtest: exploration renderer draws active sites with a minimal canvas context
ok 177 - exploration renderer draws active sites with a minimal canvas context
  ---
  duration_ms: 1.695639
  type: 'test'
  ...
# Subtest: civilization level provides a separate simple-base limit
ok 178 - civilization level provides a separate simple-base limit
  ---
  duration_ms: 3.352199
  type: 'test'
  ...
# Subtest: simple-base placement requires civilization unlock, fresh GPS, road access and separation
ok 179 - simple-base placement requires civilization unlock, fresh GPS, road access and separation
  ---
  duration_ms: 7.508588
  type: 'test'
  ...
# Subtest: simple-base placement accepts a fresh stationary GPS fix and a road node within the wider placement radius
ok 180 - simple-base placement accepts a fresh stationary GPS fix and a road node within the wider placement radius
  ---
  duration_ms: 1.126089
  type: 'test'
  ...
# Subtest: simple bases require and consume the processed-resource cost for their slot
ok 181 - simple bases require and consume the processed-resource cost for their slot
  ---
  duration_ms: 3.381731
  type: 'test'
  ...
# Subtest: simple base uses civilization-scaled HP and its construction anchor grows to the level 1 bounded range
ok 182 - simple base uses civilization-scaled HP and its construction anchor grows to the level 1 bounded range
  ---
  duration_ms: 19.789319
  type: 'test'
  ...
# Subtest: current assault squad can deploy from an active simple base
ok 183 - current assault squad can deploy from an active simple base
  ---
  duration_ms: 3.845906
  type: 'test'
  ...
# Subtest: nearby enemies can destroy a simple base and remove its construction and deployment roles
ok 184 - nearby enemies can destroy a simple base and remove its construction and deployment roles
  ---
  duration_ms: 13.060265
  type: 'test'
  ...
# Subtest: destroyed simple base keeps its slot and can only be rebuilt at the site
ok 185 - destroyed simple base keeps its slot and can only be rebuilt at the site
  ---
  duration_ms: 2.388334
  type: 'test'
  ...
# Subtest: simple-base state survives save and restore without precise location metadata
ok 186 - simple-base state survives save and restore without precise location metadata
  ---
  duration_ms: 12.549292
  type: 'test'
  ...
# Subtest: level-four civilization progress counts active simple bases instead of obsolete outposts
ok 187 - level-four civilization progress counts active simple bases instead of obsolete outposts
  ---
  duration_ms: 2.998987
  type: 'test'
  ...
# Subtest: a distant simple base does not pull attackers away from a much nearer city
ok 188 - a distant simple base does not pull attackers away from a much nearer city
  ---
  duration_ms: 1.477834
  type: 'test'
  ...
# Subtest: standing at a level-one simple base uses its bounded 75m construction zone
ok 189 - standing at a level-one simple base uses its bounded 75m construction zone
  ---
  duration_ms: 1.396994
  type: 'test'
  ...
# Subtest: a major base cannot be placed on top of an active simple base
ok 190 - a major base cannot be placed on top of an active simple base
  ---
  duration_ms: 1.325668
  type: 'test'
  ...
# Subtest: a destroyed simple-base ruin still blocks overlapping major-base placement
ok 191 - a destroyed simple-base ruin still blocks overlapping major-base placement
  ---
  duration_ms: 0.613539
  type: 'test'
  ...
# Subtest: an active simple base anchors regional simulation but a destroyed one does not
ok 192 - an active simple base anchors regional simulation but a destroyed one does not
  ---
  duration_ms: 69.380524
  type: 'test'
  ...
# Subtest: an enemy chooses a nearby simple base when it is meaningfully closer than the city
ok 193 - an enemy chooses a nearby simple base when it is meaningfully closer than the city
  ---
  duration_ms: 1.799632
  type: 'test'
  ...
# Subtest: deployment preview is non-destructive and dispatch spends the assault cost once
ok 194 - deployment preview is non-destructive and dispatch spends the assault cost once
  ---
  duration_ms: 11.952967
  type: 'test'
  ...
# Subtest: friendly squad stops to fight enemies and both sides exchange damage
ok 195 - friendly squad stops to fight enemies and both sides exchange damage
  ---
  duration_ms: 12.955045
  type: 'test'
  ...
# Subtest: squad destroys an enemy base, schedules respawn and returns to its origin
ok 196 - squad destroys an enemy base, schedules respawn and returns to its origin
  ---
  duration_ms: 9.731119
  type: 'test'
  ...
# Subtest: friendly squads survive JSON save and restore without exact base coordinates
ok 197 - friendly squads survive JSON save and restore without exact base coordinates
  ---
  duration_ms: 7.65903
  type: 'test'
  ...
# Subtest: remote friendly squads only advance when the dormant regional interval is due
ok 198 - remote friendly squads only advance when the dormant regional interval is due
  ---
  duration_ms: 42.301365
  type: 'test'
  ...
# Subtest: friendly order overlay draws selectable nodes, routes, destination and waypoints on a minimal canvas
ok 199 - friendly order overlay draws selectable nodes, routes, destination and waypoints on a minimal canvas
  ---
  duration_ms: 12.427628
  type: 'test'
  ...
# Subtest: combat UI exposes stop, retreat, withdraw, resume and two-waypoint route planning
ok 200 - combat UI exposes stop, retreat, withdraw, resume and two-waypoint route planning
  ---
  duration_ms: 38.159059
  type: 'test'
  ...
# Subtest: renderer places squad order guidance above combat and construction layers
ok 201 - renderer places squad order guidance above combat and construction layers
  ---
  duration_ms: 4.058359
  type: 'test'
  ...
# Subtest: stop holds a squad at its exact road position while retaining the mission
ok 202 - stop holds a squad at its exact road position while retaining the mission
  ---
  duration_ms: 12.76961
  type: 'test'
  ...
# Subtest: route command issued mid-edge preserves position and joins the chosen route at the next intersection
ok 203 - route command issued mid-edge preserves position and joins the chosen route at the next intersection
  ---
  duration_ms: 2.446781
  type: 'test'
  ...
# Subtest: retreat reaches the selected node, stops there, and keeps the original attack mission
ok 204 - retreat reaches the selected node, stops there, and keeps the original attack mission
  ---
  duration_ms: 4.289418
  type: 'test'
  ...
# Subtest: withdraw abandons the mission and begins recovery only after it reaches the origin
ok 205 - withdraw abandons the mission and begins recovery only after it reaches the origin
  ---
  duration_ms: 5.240979
  type: 'test'
  ...
# Subtest: stopping a retreat preserves the retreat destination for route-selected resume
ok 206 - stopping a retreat preserves the retreat destination for route-selected resume
  ---
  duration_ms: 1.302627
  type: 'test'
  ...
# Subtest: retreat validation rejects a node closer to the hostile base and accepts an owned base behind the squad
ok 207 - retreat validation rejects a node closer to the hostile base and accepts an owned base behind the squad
  ---
  duration_ms: 2.206718
  type: 'test'
  ...
# Subtest: route planner exposes distinct shortest, enemy-avoidance and friendly-support choices when the road graph allows them
ok 208 - route planner exposes distinct shortest, enemy-avoidance and friendly-support choices when the road graph allows them
  ---
  duration_ms: 6.124285
  type: 'test'
  ...
# Subtest: waypoints force every generated route through the selected intersections
ok 209 - waypoints force every generated route through the selected intersections
  ---
  duration_ms: 2.861356
  type: 'test'
  ...
# Subtest: retreating through a newly encountered enemy does not grant invulnerability
ok 210 - retreating through a newly encountered enemy does not grant invulnerability
  ---
  duration_ms: 91.072507
  type: 'test'
  ...
# Subtest: friendly orders, selected route and history survive save and restore
ok 211 - friendly orders, selected route and history survive save and restore
  ---
  duration_ms: 5.963082
  type: 'test'
  ...
# Subtest: a rejected withdraw route leaves the original mission untouched
ok 212 - a rejected withdraw route leaves the original mission untouched
  ---
  duration_ms: 0.941486
  type: 'test'
  ...
# Subtest: route orders reject paths whose edges do not connect the declared node sequence
ok 213 - route orders reject paths whose edges do not connect the declared node sequence
  ---
  duration_ms: 0.391213
  type: 'test'
  ...
# Subtest: route estimates include the remaining distance on the squad current road segment
ok 214 - route estimates include the remaining distance on the squad current road segment
  ---
  duration_ms: 0.689611
  type: 'test'
  ...
# Subtest: a map tap near a displayed route selects that route instead of becoming a waypoint
ok 215 - a map tap near a displayed route selects that route instead of becoming a waypoint
  ---
  duration_ms: 1.869704
  type: 'test'
  ...
# Subtest: civilization level one unlocks one area recovery facility and a distinct field barracks
ok 216 - civilization level one unlocks one area recovery facility and a distinct field barracks
  ---
  duration_ms: 2.891279
  type: 'test'
  ...
# Subtest: major-base logistics restore a returned squad while the area recovery facility remains a separate field effect
ok 217 - major-base logistics restore a returned squad while the area recovery facility remains a separate field effect
  ---
  duration_ms: 4.774856
  type: 'test'
  ...
# Subtest: a field base reorganizes squads without providing innate healing
ok 218 - a field base reorganizes squads without providing innate healing
  ---
  duration_ms: 1.440258
  type: 'test'
  ...
# Subtest: a recovery facility gradually heals every friendly squad inside its radius
ok 219 - a recovery facility gradually heals every friendly squad inside its radius
  ---
  duration_ms: 1.572209
  type: 'test'
  ...
# Subtest: the defense update loop applies recovery-facility healing without a separate recovery queue
ok 220 - the defense update loop applies recovery-facility healing without a separate recovery queue
  ---
  duration_ms: 0.957699
  type: 'test'
  ...
# Subtest: a disabled recovery facility provides no healing
ok 221 - a disabled recovery facility provides no healing
  ---
  duration_ms: 0.529694
  type: 'test'
  ...
# Subtest: a field barracks adds exactly one squad slot to its field base
ok 222 - a field barracks adds exactly one squad slot to its field base
  ---
  duration_ms: 3.645549
  type: 'test'
  ...
# Subtest: field barracks is field-only while recovery facilities can use major, field, and expedition anchors
ok 223 - field barracks is field-only while recovery facilities can use major, field, and expedition anchors
  ---
  duration_ms: 4.213546
  type: 'test'
  ...
# Subtest: an expedition squad creates a fixed 120 meter moving construction anchor and ordinary squads do not
ok 224 - an expedition squad creates a fixed 120 meter moving construction anchor and ordinary squads do not
  ---
  duration_ms: 3.624317
  type: 'test'
  ...
# Subtest: a recovering squad occupies a slot while another slot remains usable
ok 225 - a recovering squad occupies a slot while another slot remains usable
  ---
  duration_ms: 5.188622
  type: 'test'
  ...
# Subtest: major-base recovery progress survives save and restore without duplicate healing
ok 226 - major-base recovery progress survives save and restore without duplicate healing
  ---
  duration_ms: 16.148457
  type: 'test'
  ...
# Subtest: a recovering squad evacuates to a major base when its field base is destroyed
ok 227 - a recovering squad evacuates to a major base when its field base is destroyed
  ---
  duration_ms: 7.204551
  type: 'test'
  ...
# Subtest: recovery and ready garrisons reject tactical movement orders
ok 228 - recovery and ready garrisons reject tactical movement orders
  ---
  duration_ms: 0.772267
  type: 'test'
  ...
# Subtest: legacy field-aid facilities migrate once into field barracks without leaving recovery behavior behind
ok 229 - legacy field-aid facilities migrate once into field barracks without leaving recovery behavior behind
  ---
  duration_ms: 5.725868
  type: 'test'
  ...
# Subtest: base reorganization remains sequential and is not accelerated by recovery facilities
ok 230 - base reorganization remains sequential and is not accelerated by recovery facilities
  ---
  duration_ms: 0.60021
  type: 'test'
  ...
# Subtest: friendly unit unlock levels and simple-base deployment restrictions are enforced
ok 231 - friendly unit unlock levels and simple-base deployment restrictions are enforced
  ---
  duration_ms: 8.107507
  type: 'test'
  ...
# Subtest: skirmisher damage strongly favors light enemies and is weak against armored enemies
ok 232 - skirmisher damage strongly favors light enemies and is weak against armored enemies
  ---
  duration_ms: 0.579518
  type: 'test'
  ...
# Subtest: siege squad damages enemy bases much faster than the assault squad
ok 233 - siege squad damages enemy bases much faster than the assault squad
  ---
  duration_ms: 8.08809
  type: 'test'
  ...
# Subtest: nearby heavy squad intercepts part of the damage aimed at another friendly squad
ok 234 - nearby heavy squad intercepts part of the damage aimed at another friendly squad
  ---
  duration_ms: 2.789648
  type: 'test'
  ...
# Subtest: expedition squad heals only after its non-combat recovery delay
ok 235 - expedition squad heals only after its non-combat recovery delay
  ---
  duration_ms: 1.032901
  type: 'test'
  ...
# Subtest: all friendly unit types preserve their identity and combat state through save and restore
ok 236 - all friendly unit types preserve their identity and combat state through save and restore
  ---
  duration_ms: 6.077665
  type: 'test'
  ...
# Subtest: skirmisher prioritizes a light specialist over a nearer ordinary infantry target
ok 237 - skirmisher prioritizes a light specialist over a nearer ordinary infantry target
  ---
  duration_ms: 2.168579
  type: 'test'
  ...
# Subtest: mixed friendly unit types remain valid through extended regional combat simulation
ok 238 - mixed friendly unit types remain valid through extended regional combat simulation
  ---
  duration_ms: 389.349995
  type: 'test'
  ...
# Subtest: dead-end roads at unexplored chunk borders become frontier candidates
ok 239 - dead-end roads at unexplored chunk borders become frontier candidates
  ---
  duration_ms: 4.606265
  type: 'test'
  ...
# Subtest: frontier source stays fixed while its entry point advances with map expansion
ok 240 - frontier source stays fixed while its entry point advances with map expansion
  ---
  duration_ms: 4.408225
  type: 'test'
  ...
# Subtest: frontier system launches enemies from a map-edge entry node
ok 241 - frontier system launches enemies from a map-edge entry node
  ---
  duration_ms: 3.263788
  type: 'test'
  ...
# Subtest: frontier identity is hidden until the signal is localized
ok 242 - frontier identity is hidden until the signal is localized
  ---
  duration_ms: 5.951301
  type: 'test'
  ...
# Subtest: frontier renderer tolerates a minimal canvas context
ok 243 - frontier renderer tolerates a minimal canvas context
  ---
  duration_ms: 1.618348
  type: 'test'
  ...
# Subtest: balanced opening reaches civilization level one without collapse on a line road network
ok 244 - balanced opening reaches civilization level one without collapse on a line road network
  ---
  duration_ms: 1029.01373
  type: 'test'
  ...
# Subtest: balanced opening reaches civilization level one without collapse on a cross road network
ok 245 - balanced opening reaches civilization level one without collapse on a cross road network
  ---
  duration_ms: 717.299523
  type: 'test'
  ...
# Subtest: balanced opening reaches civilization level one without collapse on a grid road network
ok 246 - balanced opening reaches civilization level one without collapse on a grid road network
  ---
  duration_ms: 575.374872
  type: 'test'
  ...
# Subtest: attack-only opening can suppress the first bases but still causes material losses
ok 247 - attack-only opening can suppress the first bases but still causes material losses
  ---
  duration_ms: 892.081273
  type: 'test'
  ...
# Subtest: batch production queues 1, 5, 10 or the maximum without double-reserving inputs
ok 248 - batch production queues 1, 5, 10 or the maximum without double-reserving inputs
  ---
  duration_ms: 15.062362
  type: 'test'
  ...
# Subtest: project-only production caps queued units, starts the existing order, and cannot overshoot the target
ok 249 - project-only production caps queued units, starts the existing order, and cannot overshoot the target
  ---
  duration_ms: 3.346724
  type: 'test'
  ...
# Subtest: safe civilization contribution keeps the declared defense reserve while explicit full contribution may use it
ok 250 - safe civilization contribution keeps the declared defense reserve while explicit full contribution may use it
  ---
  duration_ms: 6.993714
  type: 'test'
  ...
# Subtest: coordinated deployment can use multiple slots from one base and synchronizes mixed squads to one arrival time
ok 251 - coordinated deployment can use multiple slots from one base and synchronizes mixed squads to one arrival time
  ---
  duration_ms: 16.874028
  type: 'test'
  ...
# Subtest: simple-base network diagnostic distinguishes sufficient and insufficient acquired roads
ok 252 - simple-base network diagnostic distinguishes sufficient and insufficient acquired roads
  ---
  duration_ms: 4.242719
  type: 'test'
  ...
# Subtest: listed barrier sites use an in-range projection and remain valid for construction on dense roads
ok 253 - listed barrier sites use an in-range projection and remain valid for construction on dense roads
  ---
  duration_ms: 4.91896
  type: 'test'
  ...
# Subtest: gameplay stabilization controls are present in UI source and field-base text includes retrieval squads
ok 254 - gameplay stabilization controls are present in UI source and field-base text includes retrieval squads
  ---
  duration_ms: 85.598302
  type: 'test'
  ...
# Subtest: gameplay camera controls are part of the HUD grid instead of overlaying the tactical map
ok 255 - gameplay camera controls are part of the HUD grid instead of overlaying the tactical map
  ---
  duration_ms: 19.636659
  type: 'test'
  ...
# Subtest: deterministic civilization pressure playtest passes every declared balance check
ok 256 - deterministic civilization pressure playtest passes every declared balance check
  ---
  duration_ms: 6.747771
  type: 'test'
  ...
# Subtest: source module graph has no circular dependencies
ok 257 - source module graph has no circular dependencies
  ---
  duration_ms: 501.834854
  type: 'test'
  ...
# Subtest: twenty-four-hour simulation remains bounded, serializable and within enemy cap
ok 258 - twenty-four-hour simulation remains bounded, serializable and within enemy cap
  ---
  duration_ms: 10802.804502
  type: 'test'
  ...
# Subtest: same state and elapsed time produce the same offline game result
ok 259 - same state and elapsed time produce the same offline game result
  ---
  duration_ms: 1021.548902
  type: 'test'
  ...
# Subtest: legacy save is converted once into the clean schema
ok 260 - legacy save is converted once into the clean schema
  ---
  duration_ms: 62.180858
  type: 'test'
  ...
# Subtest: modal overlay never uses backdrop blur and modal card stays composited as visible UI
ok 261 - modal overlay never uses backdrop blur and modal card stays composited as visible UI
  ---
  duration_ms: 16.322128
  type: 'test'
  ...
# Subtest: radar quality selectors do not style modal overlays or modal cards
ok 262 - radar quality selectors do not style modal overlays or modal cards
  ---
  duration_ms: 7.902774
  type: 'test'
  ...
# Subtest: modal visibility updates accessibility state and backdrop click can always dismiss it
ok 263 - modal visibility updates accessibility state and backdrop click can always dismiss it
  ---
  duration_ms: 0.91978
  type: 'test'
  ...
# Subtest: all full-screen command panels use the shared emergency dismiss behavior
ok 264 - all full-screen command panels use the shared emergency dismiss behavior
  ---
  duration_ms: 10.024993
  type: 'test'
  ...
# Subtest: tower reload preserves elapsed remainder and gives the same result at 20 Hz or one coarse update
ok 265 - tower reload preserves elapsed remainder and gives the same result at 20 Hz or one coarse update
  ---
  duration_ms: 12.090572
  type: 'test'
  ...
# Subtest: enemy departure delay and road-edge overflow are consumed in the same update
ok 266 - enemy departure delay and road-edge overflow are consumed in the same update
  ---
  duration_ms: 41.468919
  type: 'test'
  ...
# Subtest: offline 0.25-second simulation matches live 20 Hz for a deterministic defense interval
ok 267 - offline 0.25-second simulation matches live 20 Hz for a deterministic defense interval
  ---
  duration_ms: 216.040249
  type: 'test'
  ...
# Subtest: offline simulation is bounded and reports the applied duration
ok 268 - offline simulation is bounded and reports the applied duration
  ---
  duration_ms: 2.98418
  type: 'test'
  ...
# Subtest: offline simulation advances the canonical world clock
ok 269 - offline simulation advances the canonical world clock
  ---
  duration_ms: 0.905275
  type: 'test'
  ...
# Subtest: default endpoints use the configured public instances
ok 270 - default endpoints use the configured public instances
  ---
  duration_ms: 5.619865
  type: 'test'
  ...
# Subtest: query filters road classes before download
ok 271 - query filters road classes before download
  ---
  duration_ms: 1.214287
  type: 'test'
  ...
# Subtest: browser request starts with a form-encoded POST and stops after success
ok 272 - browser request starts with a form-encoded POST and stops after success
  ---
  duration_ms: 2.727373
  type: 'test'
  ...
# Subtest: a blocked POST falls back to a non-script GET on the same endpoint
ok 273 - a blocked POST falls back to a non-script GET on the same endpoint
  ---
  duration_ms: 1.62031
  type: 'test'
  ...
# Subtest: successful GET is remembered so later road expansions avoid the blocked POST
ok 274 - successful GET is remembered so later road expansions avoid the blocked POST
  ---
  duration_ms: 1.476114
  type: 'test'
  ...
# Subtest: failed POST and GET fall back to the next endpoint
ok 275 - failed POST and GET fall back to the next endpoint
  ---
  duration_ms: 6.353138
  type: 'test'
  ...
# Subtest: all failures include endpoint and both secure transport diagnostics
ok 276 - all failures include endpoint and both secure transport diagnostics
  ---
  duration_ms: 2.30468
  type: 'test'
  ...
# Subtest: failed fetch transports fall back to opaque sandbox JSONP and remember it
ok 277 - failed fetch transports fall back to opaque sandbox JSONP and remember it
  ---
  duration_ms: 1.298265
  type: 'test'
  ...
# Subtest: an empty road result requires confirmation from two independent endpoints
ok 278 - an empty road result requires confirmation from two independent endpoints
  ---
  duration_ms: 1.676382
  type: 'test'
  ...
# Subtest: roads from a second endpoint override a false empty response from the first
ok 279 - roads from a second endpoint override a false empty response from the first
  ---
  duration_ms: 1.846751
  type: 'test'
  ...
# Subtest: caller abort stops attempts immediately
ok 280 - caller abort stops attempts immediately
  ---
  duration_ms: 1.27489
  type: 'test'
  ...
# Subtest: injected development fetch is used directly
ok 281 - injected development fetch is used directly
  ---
  duration_ms: 0.683126
  type: 'test'
  ...
# Subtest: chunk expansion query uses a compact bounding box instead of an around search
ok 282 - chunk expansion query uses a compact bounding box instead of an around search
  ---
  duration_ms: 0.703089
  type: 'test'
  ...
# Subtest: successful endpoint and transport survive a client recreation and are attempted first
ok 283 - successful endpoint and transport survive a client recreation and are attempted first
  ---
  duration_ms: 1.535866
  type: 'test'
  ...
# Subtest: request metadata exposes the query shape for survey diagnostics
ok 284 - request metadata exposes the query shape for survey diagnostics
  ---
  duration_ms: 0.702945
  type: 'test'
  ...
# Subtest: balanced profile limits simulation, rendering and DPR
ok 285 - balanced profile limits simulation, rendering and DPR
  ---
  duration_ms: 2.018812
  type: 'test'
  ...
# Subtest: game loop decouples simulation, civilization and rendering rates
ok 286 - game loop decouples simulation, civilization and rendering rates
  ---
  duration_ms: 2.22466
  type: 'test'
  ...
# Subtest: game loop preserves simulation backlog instead of discarding a slow frame
ok 287 - game loop preserves simulation backlog instead of discarding a slow frame
  ---
  duration_ms: 0.970385
  type: 'test'
  ...
# Subtest: combat spatial index returns only nearby active enemies
ok 288 - combat spatial index returns only nearby active enemies
  ---
  duration_ms: 2.372846
  type: 'test'
  ...
# Subtest: renderer caches static radar and road layers between frames
ok 289 - renderer caches static radar and road layers between frames
  ---
  duration_ms: 33.474479
  type: 'test'
  ...
# Subtest: tactical route choices use spatial snapshots instead of rescanning every enemy and defense per road edge
ok 290 - tactical route choices use spatial snapshots instead of rescanning every enemy and defense per road edge
  ---
  duration_ms: 341.637436
  type: 'test'
  ...
# Subtest: same-schema saves missing the old initialization flag remove destroyed facilities and preserve active survey facilities
ok 291 - same-schema saves missing the old initialization flag remove destroyed facilities and preserve active survey facilities
  ---
  duration_ms: 15.615417
  type: 'test'
  ...
# Subtest: normalization removes zero-HP defenses even when legacy ruin flags are absent
ok 292 - normalization removes zero-HP defenses even when legacy ruin flags are absent
  ---
  duration_ms: 1.653682
  type: 'test'
  ...
# Subtest: loaded road chunks are reconstructed from the persisted graph so survey can expand from initial roads
ok 293 - loaded road chunks are reconstructed from the persisted graph so survey can expand from initial roads
  ---
  duration_ms: 0.597411
  type: 'test'
  ...
# Subtest: survey network failures become retry-wait state instead of a permanent raw error
ok 294 - survey network failures become retry-wait state instead of a permanent raw error
  ---
  duration_ms: 64.10607
  type: 'test'
  ...
# Subtest: critical facility operations persist immediately and obsolete wreck UI is absent
ok 295 - critical facility operations persist immediately and obsolete wreck UI is absent
  ---
  duration_ms: 11.966797
  type: 'test'
  ...
# Subtest: civilization level increases the active player-base limit by one
ok 296 - civilization level increases the active player-base limit by one
  ---
  duration_ms: 2.275459
  type: 'test'
  ...
# Subtest: base placement requires an unlocked slot, fresh position, nearby road and minimum separation
ok 297 - base placement requires an unlocked slot, fresh position, nearby road and minimum separation
  ---
  duration_ms: 4.850306
  type: 'test'
  ...
# Subtest: additional major bases require and consume escalating processed-resource costs
ok 298 - additional major bases require and consume escalating processed-resource costs
  ---
  duration_ms: 4.392029
  type: 'test'
  ...
# Subtest: establishing a base adds a remote construction and simulation anchor
ok 299 - establishing a base adds a remote construction and simulation anchor
  ---
  duration_ms: 3.589422
  type: 'test'
  ...
# Subtest: secondary bases survive save and restore without retaining exact location fields
ok 300 - secondary bases survive save and restore without retaining exact location fields
  ---
  duration_ms: 5.430436
  type: 'test'
  ...
# Subtest: civilization projects require cumulative artifacts recovered in the field
ok 301 - civilization projects require cumulative artifacts recovered in the field
  ---
  duration_ms: 2.11686
  type: 'test'
  ...
# Subtest: destroying a resource enemy base secures its declared reward in one recoverable cache
ok 302 - destroying a resource enemy base secures its declared reward in one recoverable cache
  ---
  duration_ms: 28.156319
  type: 'test'
  ...
# Subtest: resource enemy bases return within the progression window while strategic bases retain long recovery
ok 303 - resource enemy bases return within the progression window while strategic bases retain long recovery
  ---
  duration_ms: 2.044975
  type: 'test'
  ...
# Subtest: legacy resource-outpost data is stripped during runtime normalization
ok 304 - legacy resource-outpost data is stripped during runtime normalization
  ---
  duration_ms: 1.145925
  type: 'test'
  ...
# Subtest: PWA registers the current service worker on HTTPS
ok 305 - PWA registers the current service worker on HTTPS
  ---
  duration_ms: 3.310457
  type: 'test'
  ...
# Subtest: PWA is skipped for an allowed development fixture
ok 306 - PWA is skipped for an allowed development fixture
  ---
  duration_ms: 0.989467
  type: 'test'
  ...
# Subtest: public devFixture query does not disable production PWA registration
ok 307 - public devFixture query does not disable production PWA registration
  ---
  duration_ms: 0.700814
  type: 'test'
  ...
# Subtest: PWA registration failure does not stop the game
ok 308 - PWA registration failure does not stop the game
  ---
  duration_ms: 0.85874
  type: 'test'
  ...
# Subtest: radar renderer is integrated without changing the map input owner
ok 309 - radar renderer is integrated without changing the map input owner
  ---
  duration_ms: 29.82497
  type: 'test'
  ...
# Subtest: radar theme exposes tactical palette and mobile layout rules
ok 310 - radar theme exposes tactical palette and mobile layout rules
  ---
  duration_ms: 5.593669
  type: 'test'
  ...
# Subtest: combat and road renderers use radar glyphs and glow rather than emoji labels
ok 311 - combat and road renderers use radar glyphs and glow rather than emoji labels
  ---
  duration_ms: 7.81292
  type: 'test'
  ...
# Subtest: radar canvas layers render with a minimal canvas context
ok 312 - radar canvas layers render with a minimal canvas context
  ---
  duration_ms: 6.022817
  type: 'test'
  ...
# Subtest: playing footer stays clear of the combat toolbar
ok 313 - playing footer stays clear of the combat toolbar
  ---
  duration_ms: 3.503824
  type: 'test'
  ...
# Subtest: radar preferences apply defaults and cycle without game state
ok 314 - radar preferences apply defaults and cycle without game state
  ---
  duration_ms: 2.301501
  type: 'test'
  ...
# Subtest: bootstrap imports RadarPreferences before constructing it
ok 315 - bootstrap imports RadarPreferences before constructing it
  ---
  duration_ms: 15.246438
  type: 'test'
  ...
# Subtest: touch devices default to the power-saving radar profile
ok 316 - touch devices default to the power-saving radar profile
  ---
  duration_ms: 0.752883
  type: 'test'
  ...
# Subtest: destroying an enemy base creates one persistent recovery item at the destroyed base
ok 317 - destroying an enemy base creates one persistent recovery item at the destroyed base
  ---
  duration_ms: 5.407251
  type: 'test'
  ...
# Subtest: recovery requires the player to be within the physical collection range
ok 318 - recovery requires the player to be within the physical collection range
  ---
  duration_ms: 1.390256
  type: 'test'
  ...
# Subtest: recovery rejects stale or inaccurate geolocation even at the item position
ok 319 - recovery rejects stale or inaccurate geolocation even at the item position
  ---
  duration_ms: 0.889686
  type: 'test'
  ...
# Subtest: manual collection requires five seconds in range, grants once and removes the recovered item
ok 320 - manual collection requires five seconds in range, grants once and removes the recovered item
  ---
  duration_ms: 2.503938
  type: 'test'
  ...
# Subtest: leaving the collection radius cancels progress without removing the item
ok 321 - leaving the collection radius cancels progress without removing the item
  ---
  duration_ms: 1.256249
  type: 'test'
  ...
# Subtest: uncollected recovery items survive save and restore while live location freshness does not
ok 322 - uncollected recovery items survive save and restore while live location freshness does not
  ---
  duration_ms: 3.685803
  type: 'test'
  ...
# Subtest: refactor schema 1 scrap is migrated into canonical resources
ok 323 - refactor schema 1 scrap is migrated into canonical resources
  ---
  duration_ms: 10.818919
  type: 'test'
  ...
# Subtest: retrieval squad is deliberately weak and works from major and field bases
ok 324 - retrieval squad is deliberately weak and works from major and field bases
  ---
  duration_ms: 2.671383
  type: 'test'
  ...
# Subtest: dispatch reserves a recovery item and preview does not mutate it
ok 325 - dispatch reserves a recovery item and preview does not mutate it
  ---
  duration_ms: 7.007166
  type: 'test'
  ...
# Subtest: retrieval squad collects for eight seconds and grants the artifact only after returning
ok 326 - retrieval squad collects for eight seconds and grants the artifact only after returning
  ---
  duration_ms: 37.192495
  type: 'test'
  ...
# Subtest: destroying a squad before pickup releases the item at its original location
ok 327 - destroying a squad before pickup releases the item at its original location
  ---
  duration_ms: 5.265437
  type: 'test'
  ...
# Subtest: destroying a squad while carrying drops the item at the destruction point
ok 328 - destroying a squad while carrying drops the item at the destruction point
  ---
  duration_ms: 4.697439
  type: 'test'
  ...
# Subtest: withdrawing before pickup abandons the recovery mission and releases the item
ok 329 - withdrawing before pickup abandons the recovery mission and releases the item
  ---
  duration_ms: 1.761521
  type: 'test'
  ...
# Subtest: field bases can deploy and reorganize retrieval squads
ok 330 - field bases can deploy and reorganize retrieval squads
  ---
  duration_ms: 1.240205
  type: 'test'
  ...
# Subtest: reserved recovery mission survives save and restore without exposing exact live location data
ok 331 - reserved recovery mission survives save and restore without exposing exact live location data
  ---
  duration_ms: 4.010107
  type: 'test'
  ...
# Subtest: manual collection in progress blocks deployment without consuming resources or changing a ready squad
ok 332 - manual collection in progress blocks deployment without consuming resources or changing a ready squad
  ---
  duration_ms: 1.474121
  type: 'test'
  ...
# Subtest: orphaned reservations become available again after squad data is lost
ok 333 - orphaned reservations become available again after squad data is lost
  ---
  duration_ms: 1.577964
  type: 'test'
  ...
# Subtest: a real heavy enemy quickly destroys the weak retrieval squad and releases its reservation
ok 334 - a real heavy enemy quickly destroys the weak retrieval squad and releases its reservation
  ---
  duration_ms: 3.375898
  type: 'test'
  ...
# Subtest: remote retrieval completes under active, peripheral, and dormant regional intervals
ok 335 - remote retrieval completes under active, peripheral, and dormant regional intervals
  ---
  duration_ms: 109.105336
  type: 'test'
  ...
# Subtest: the unified Overpass query and parser include trunk and motorway classes
ok 336 - the unified Overpass query and parser include trunk and motorway classes
  ---
  duration_ms: 55.258549
  type: 'test'
  ...
# Subtest: initial acquisition preserves a disconnected major road instead of keeping only the center component
ok 337 - initial acquisition preserves a disconnected major road instead of keeping only the center component
  ---
  duration_ms: 11.547127
  type: 'test'
  ...
# Subtest: parallel major carriageways remain separate physical roads
ok 338 - parallel major carriageways remain separate physical roads
  ---
  duration_ms: 5.255764
  type: 'test'
  ...
# Subtest: chunk acquisition retains a sparse major road crossing the chunk boundary
ok 339 - chunk acquisition retains a sparse major road crossing the chunk boundary
  ---
  duration_ms: 1.826087
  type: 'test'
  ...
# Subtest: source identities survive compact save encoding and prevent overlap duplication after restore
ok 340 - source identities survive compact save encoding and prevent overlap duplication after restore
  ---
  duration_ms: 11.940061
  type: 'test'
  ...
# Subtest: initial acquisition marks edge chunks for refresh instead of treating partial circle coverage as complete
ok 341 - initial acquisition marks edge chunks for refresh instead of treating partial circle coverage as complete
  ---
  duration_ms: 1.018878
  type: 'test'
  ...
# Subtest: old road coverage is marked for reacquisition after the completeness specification changes
ok 342 - old road coverage is marked for reacquisition after the completeness specification changes
  ---
  duration_ms: 1.882483
  type: 'test'
  ...
# Subtest: a migrated loaded chunk is fetched again and its refresh marker is cleared only after integration
ok 343 - a migrated loaded chunk is fetched again and its refresh marker is cleared only after integration
  ---
  duration_ms: 6.162685
  type: 'test'
  ...
# Subtest: world chunks use deterministic grid ids and reversible centers
ok 344 - world chunks use deterministic grid ids and reversible centers
  ---
  duration_ms: 3.921344
  type: 'test'
  ...
# Subtest: initial chunk state does not assume that the cleaned initial graph fully covers surrounding chunks
ok 345 - initial chunk state does not assume that the cleaned initial graph fully covers surrounding chunks
  ---
  duration_ms: 0.524692
  type: 'test'
  ...
# Subtest: graph merge preserves existing ids, joins nearby endpoints and removes duplicate edges
ok 346 - graph merge preserves existing ids, joins nearby endpoints and removes duplicate edges
  ---
  duration_ms: 3.880394
  type: 'test'
  ...
# Subtest: chunk cache isolates worlds and can remove one world
ok 347 - chunk cache isolates worlds and can remove one world
  ---
  duration_ms: 0.800906
  type: 'test'
  ...
# Subtest: RoadService chunk acquisition projects roads into the original world coordinate system
ok 348 - RoadService chunk acquisition projects roads into the original world coordinate system
  ---
  duration_ms: 12.687486
  type: 'test'
  ...
# Subtest: service roads are available while private driveway-like service ways remain excluded
ok 349 - service roads are available while private driveway-like service ways remain excluded
  ---
  duration_ms: 2.196512
  type: 'test'
  ...
# Subtest: player frontier movement uses sandbox fallback, grows the live map and survives save restore
ok 350 - player frontier movement uses sandbox fallback, grows the live map and survives save restore
  ---
  duration_ms: 38.880981
  type: 'test'
  ...
# Subtest: wooden survey tower uses the same acquisition stack and records a real merged road result
ok 351 - wooden survey tower uses the same acquisition stack and records a real merged road result
  ---
  duration_ms: 11.876925
  type: 'test'
  ...
# Subtest: v2 false-empty and stale cache markers are released so old saves can expand again
ok 352 - v2 false-empty and stale cache markers are released so old saves can expand again
  ---
  duration_ms: 1.284935
  type: 'test'
  ...
# Subtest: clustered intersections build a connected graph and combat route
ok 353 - clustered intersections build a connected graph and combat route
  ---
  duration_ms: 6.403355
  type: 'test'
  ...
# Subtest: one RoadService load performs one acquisition and produces indexed graph data
ok 354 - one RoadService load performs one acquisition and produces indexed graph data
  ---
  duration_ms: 46.002967
  type: 'test'
  ...
# Subtest: chunk prefetch only includes crossed or nearby grid edges
ok 355 - chunk prefetch only includes crossed or nearby grid edges
  ---
  duration_ms: 3.528133
  type: 'test'
  ...
# Subtest: manager merges a new chunk, records it and persists a compact cache entry
ok 356 - manager merges a new chunk, records it and persists a compact cache entry
  ---
  duration_ms: 33.640452
  type: 'test'
  ...
# Subtest: manager loads a cached chunk without calling the road server
ok 357 - manager loads a cached chunk without calling the road server
  ---
  duration_ms: 2.279695
  type: 'test'
  ...
# Subtest: failed acquisitions cool down without blocking unrelated nearby chunks
ok 358 - failed acquisitions cool down without blocking unrelated nearby chunks
  ---
  duration_ms: 22.025165
  type: 'test'
  ...
# Subtest: chunk centers remain based on the original world center
ok 359 - chunk centers remain based on the original world center
  ---
  duration_ms: 0.474071
  type: 'test'
  ...
# Subtest: legacy unrelated coverage is released while graph-derived and explicitly merged chunks remain confirmed
ok 360 - legacy unrelated coverage is released while graph-derived and explicitly merged chunks remain confirmed
  ---
  duration_ms: 1.012333
  type: 'test'
  ...
# Subtest: approaching a visible road endpoint queues forward chunks before the grid boundary
ok 361 - approaching a visible road endpoint queues forward chunks before the grid boundary
  ---
  duration_ms: 3.144675
  type: 'test'
  ...
# Subtest: movement lookahead queues the travel direction even before the player reaches a chunk edge
ok 362 - movement lookahead queues the travel direction even before the player reaches a chunk edge
  ---
  duration_ms: 2.974477
  type: 'test'
  ...
# Subtest: frontier failures retry after the shorter movement cooldown
ok 363 - frontier failures retry after the shorter movement cooldown
  ---
  duration_ms: 3.005806
  type: 'test'
  ...
# Subtest: an internal cul-de-sac does not masquerade as the outer road frontier
ok 364 - an internal cul-de-sac does not masquerade as the outer road frontier
  ---
  duration_ms: 2.808377
  type: 'test'
  ...
# Subtest: lookahead road chunks remain hidden until the player physically enters them
ok 365 - lookahead road chunks remain hidden until the player physically enters them
  ---
  duration_ms: 4.595919
  type: 'test'
  ...
# Subtest: road-frontier movement completes acquisition and merges the new road into the live map
ok 366 - road-frontier movement completes acquisition and merges the new road into the live map
  ---
  duration_ms: 53.374761
  type: 'test'
  ...
# Subtest: aborting road acquisition prevents a late response from repopulating reset state
ok 367 - aborting road acquisition prevents a late response from repopulating reset state
  ---
  duration_ms: 4.086879
  type: 'test'
  ...
# Subtest: an old cached empty graph is discarded and reacquired instead of blocking map growth
ok 368 - an old cached empty graph is discarded and reacquired instead of blocking map growth
  ---
  duration_ms: 3.829865
  type: 'test'
  ...
# Subtest: JSONP URL includes the Overpass query and isolated callback name
ok 369 - JSONP URL includes the Overpass query and isolated callback name
  ---
  duration_ms: 2.262191
  type: 'test'
  ...
# Subtest: sandbox transport uses an opaque-origin iframe and returns only the validated payload
ok 370 - sandbox transport uses an opaque-origin iframe and returns only the validated payload
  ---
  duration_ms: 4.010174
  type: 'test'
  ...
# Subtest: sandbox transport aborts without leaving the iframe or message listener behind
ok 371 - sandbox transport aborts without leaving the iframe or message listener behind
  ---
  duration_ms: 1.736268
  type: 'test'
  ...
# Subtest: save data remains JSON and graph indexes are reconstructed after load
ok 372 - save data remains JSON and graph indexes are reconstructed after load
  ---
  duration_ms: 7.60863
  type: 'test'
  ...
# Subtest: v0.19 object-form road graphs remain loadable after compact saves are introduced
ok 373 - v0.19 object-form road graphs remain loadable after compact saves are introduced
  ---
  duration_ms: 0.838954
  type: 'test'
  ...
# Subtest: detached-state save consumes one caller-owned snapshot without mutating the live source state
ok 374 - detached-state save consumes one caller-owned snapshot without mutating the live source state
  ---
  duration_ms: 1.104468
  type: 'test'
  ...
# Subtest: lifecycle follows the new startup sequence
ok 375 - lifecycle follows the new startup sequence
  ---
  duration_ms: 5.209586
  type: 'test'
  ...
# Subtest: invalid transition is rejected
ok 376 - invalid transition is rejected
  ---
  duration_ms: 1.049469
  type: 'test'
  ...
# Subtest: state snapshots cannot mutate the store
ok 377 - state snapshots cannot mutate the store
  ---
  duration_ms: 0.891059
  type: 'test'
  ...
# Subtest: failed transactions leave the committed state untouched
ok 378 - failed transactions leave the committed state untouched
  ---
  duration_ms: 4.32059
  type: 'test'
  ...
# Subtest: mutator exceptions roll back state and buffered domain events
ok 379 - mutator exceptions roll back state and buffered domain events
  ---
  duration_ms: 1.301398
  type: 'test'
  ...
# Subtest: read returns detached object values and old mutation APIs are absent
ok 380 - read returns detached object values and old mutation APIs are absent
  ---
  duration_ms: 0.59258
  type: 'test'
  ...
# Subtest: asynchronous mutators are rejected before they can commit a draft
ok 381 - asynchronous mutators are rejected before they can commit a draft
  ---
  duration_ms: 0.743118
  type: 'test'
  ...
# Subtest: listener failures are isolated after a successful committed transaction
ok 382 - listener failures are isolated after a successful committed transaction
  ---
  duration_ms: 0.879938
  type: 'test'
  ...
# Subtest: source contains no legacy function override pattern or duplicate fetchRoadGraph
ok 383 - source contains no legacy function override pattern or duplicate fetchRoadGraph
  ---
  duration_ms: 302.911743
  type: 'test'
  ...
# Subtest: repair relay remains available as a build tool
ok 384 - repair relay remains available as a build tool
  ---
  duration_ms: 9.474297
  type: 'test'
  ...
# Subtest: base construction ranges grow gradually with a hard cap while the current-position radius stays fixed
ok 385 - base construction ranges grow gradually with a hard cap while the current-position radius stays fixed
  ---
  duration_ms: 6.424477
  type: 'test'
  ...
# Subtest: civilization advancement unlocks nearby road sites without covering the initial road map
ok 386 - civilization advancement unlocks nearby road sites without covering the initial road map
  ---
  duration_ms: 2.533279
  type: 'test'
  ...
# Subtest: civilization growth does not turn the player position into an unlimited mobile construction anchor
ok 387 - civilization growth does not turn the player position into an unlimited mobile construction anchor
  ---
  duration_ms: 4.255889
  type: 'test'
  ...
# Subtest: build placement cache includes the actual anchor radius so a civilization level-up redraws sites
ok 388 - build placement cache includes the actual anchor radius so a civilization level-up redraws sites
  ---
  duration_ms: 44.167789
  type: 'test'
  ...
# Subtest: survey facility UI exposes manual retry and an observable successful connection record
ok 389 - survey facility UI exposes manual retry and an observable successful connection record
  ---
  duration_ms: 8.18891
  type: 'test'
  ...
# Subtest: survey facility is a civilization level 1 tower with approved tier progression
ok 390 - survey facility is a civilization level 1 tower with approved tier progression
  ---
  duration_ms: 4.955684
  type: 'test'
  ...
# Subtest: survey facility cannot be built before civilization level 1 or from the player-only build zone
ok 391 - survey facility cannot be built before civilization level 1 or from the player-only build zone
  ---
  duration_ms: 4.502589
  type: 'test'
  ...
# Subtest: each owned base can operate only one active survey facility
ok 392 - each owned base can operate only one active survey facility
  ---
  duration_ms: 2.392477
  type: 'test'
  ...
# Subtest: survey candidate selection expands one adjacent unloaded chunk inside the tier radius
ok 393 - survey candidate selection expands one adjacent unloaded chunk inside the tier radius
  ---
  duration_ms: 47.177138
  type: 'test'
  ...
# Subtest: survey-loaded roads are recorded separately from physically observed regions
ok 394 - survey-loaded roads are recorded separately from physically observed regions
  ---
  duration_ms: 14.918377
  type: 'test'
  ...
# Subtest: remote survey does not reveal exact frontier sources or ambient exploration sites
ok 395 - remote survey does not reveal exact frontier sources or ambient exploration sites
  ---
  duration_ms: 2.612241
  type: 'test'
  ...
# Subtest: entering a surveyed chunk promotes it to physical observation and reveals local content
ok 396 - entering a surveyed chunk promotes it to physical observation and reveals local content
  ---
  duration_ms: 8.889363
  type: 'test'
  ...
# Subtest: survey scheduler serializes facilities and enforces a global real-time cooldown
ok 397 - survey scheduler serializes facilities and enforces a global real-time cooldown
  ---
  duration_ms: 5.602009
  type: 'test'
  ...
# Subtest: survey status reports radius, cadence and remaining expansion work
ok 398 - survey status reports radius, cadence and remaining expansion work
  ---
  duration_ms: 2.178063
  type: 'test'
  ...
# Subtest: survey tower upgrade remains gated by the matching civilization level
ok 399 - survey tower upgrade remains gated by the matching civilization level
  ---
  duration_ms: 1.973799
  type: 'test'
  ...
# Subtest: a survey facility anchored to a destroyed simple base stops operating until the base is rebuilt
ok 400 - a survey facility anchored to a destroyed simple base stops operating until the base is rebuilt
  ---
  duration_ms: 0.982504
  type: 'test'
  ...
# Subtest: survey-only road chunks do not receive exact enemy bases before physical observation
ok 401 - survey-only road chunks do not receive exact enemy bases before physical observation
  ---
  duration_ms: 3.929623
  type: 'test'
  ...
# Subtest: survey progress and physical-observation boundaries survive save and restore
ok 402 - survey progress and physical-observation boundaries survive save and restore
  ---
  duration_ms: 3.178938
  type: 'test'
  ...
# Subtest: manual survey bypasses a previous retry cooldown and records the real connection used after success
ok 403 - manual survey bypasses a previous retry cooldown and records the real connection used after success
  ---
  duration_ms: 61.307102
  type: 'test'
  ...
# Subtest: survey diagnostics distinguish successful communication from later road-processing failure
ok 404 - survey diagnostics distinguish successful communication from later road-processing failure
  ---
  duration_ms: 6.45397
  type: 'test'
  ...
# Subtest: resource outpost runtime is completely removed while legacy saves are safely stripped
ok 405 - resource outpost runtime is completely removed while legacy saves are safely stripped
  ---
  duration_ms: 27.064041
  type: 'test'
  ...
# Subtest: resource-camp capture rewards cover the mandatory ore gates of later civilization projects
ok 406 - resource-camp capture rewards cover the mandatory ore gates of later civilization projects
  ---
  duration_ms: 0.601328
  type: 'test'
  ...
# Subtest: project-only trial bronze goes directly to the active project and cannot be overproduced
ok 407 - project-only trial bronze goes directly to the active project and cannot be overproduced
  ---
  duration_ms: 21.116716
  type: 'test'
  ...
# Subtest: actual smelting chains turn scheduled resource-camp rewards into the mandatory bronze and iron progression totals
ok 408 - actual smelting chains turn scheduled resource-camp rewards into the mandatory bronze and iron progression totals
  ---
  duration_ms: 17.950859
  type: 'test'
  ...
# Subtest: wave doctrine changes actual routing and resource-base composition rather than only the label
ok 409 - wave doctrine changes actual routing and resource-base composition rather than only the label
  ---
  duration_ms: 9.153835
  type: 'test'
  ...
# Subtest: upgraded tower ranges affect evasive route selection
ok 410 - upgraded tower ranges affect evasive route selection
  ---
  duration_ms: 1.721393
  type: 'test'
  ...
# Subtest: shield tiers use their declared protection values and new enemies use correct friendly matchups
ok 411 - shield tiers use their declared protection values and new enemies use correct friendly matchups
  ---
  duration_ms: 1.749067
  type: 'test'
  ...
# Subtest: hunters abandon squads outside their pursuit radius
ok 412 - hunters abandon squads outside their pursuit radius
  ---
  duration_ms: 3.91194
  type: 'test'
  ...
# Subtest: additional major bases are real attack targets, can be destroyed, persist, and rebuild on site
ok 413 - additional major bases are real attack targets, can be destroyed, persist, and rebuild on site
  ---
  duration_ms: 3.971151
  type: 'test'
  ...
# Subtest: spawned and legacy-loaded enemies retain their defined visual radius and field-base UI lists retrieval units
ok 414 - spawned and legacy-loaded enemies retain their defined visual radius and field-base UI lists retrieval units
  ---
  duration_ms: 18.314886
  type: 'test'
  ...
# Subtest: destroyed major-base ruins still occupy their slot and block overlapping replacement placement
ok 415 - destroyed major-base ruins still occupy their slot and block overlapping replacement placement
  ---
  duration_ms: 2.18088
  type: 'test'
  ...
# Subtest: only one tab owns the synchronous storage lease
ok 416 - only one tab owns the synchronous storage lease
  ---
  duration_ms: 2.866108
  type: 'test'
  ...
# Subtest: broadcast fallback elects one primary tab when storage is unavailable
ok 417 - broadcast fallback elects one primary tab when storage is unavailable
  ---
  duration_ms: 2.583658
  type: 'test'
  ...
# Subtest: remaining route distance accounts for current edge progress
ok 418 - remaining route distance accounts for current edge progress
  ---
  duration_ms: 1.691577
  type: 'test'
  ...
# Subtest: threat level escalates from contact to critical
ok 419 - threat level escalates from contact to critical
  ---
  duration_ms: 1.204796
  type: 'test'
  ...
# Subtest: clear threat reports stable defense line
ok 420 - clear threat reports stable defense line
  ---
  duration_ms: 0.515187
  type: 'test'
  ...
# Subtest: tactical routes and focus render with a minimal canvas context
ok 421 - tactical routes and focus render with a minimal canvas context
  ---
  duration_ms: 47.658079
  type: 'test'
  ...
# Subtest: selected enemy base no longer renders a misleading player capture radius
ok 422 - selected enemy base no longer renders a misleading player capture radius
  ---
  duration_ms: 1.496188
  type: 'test'
  ...
# Subtest: HUD and modal CSS do not use unreadably small explicit type
ok 423 - HUD and modal CSS do not use unreadably small explicit type
  ---
  duration_ms: 14.522706
  type: 'test'
  ...
# Subtest: Canvas labels retain a readable minimum without changing world scale
ok 424 - Canvas labels retain a readable minimum without changing world scale
  ---
  duration_ms: 13.787245
  type: 'test'
  ...
# Subtest: larger tool labels receive matching control height and context clearance
ok 425 - larger tool labels receive matching control height and context clearance
  ---
  duration_ms: 3.621328
  type: 'test'
  ...
# Subtest: opening command, civilization and deployment UI does not mutate committed game state
ok 426 - opening command, civilization and deployment UI does not mutate committed game state
  ---
  duration_ms: 18.321256
  type: 'test'
  ...
# Subtest: periodic HUD refresh shares one detached state snapshot across all UI panels
ok 427 - periodic HUD refresh shares one detached state snapshot across all UI panels
  ---
  duration_ms: 27.34461
  type: 'test'
  ...
# Subtest: a fully destroyed wave increments perfect defense streak exactly once
ok 428 - a fully destroyed wave increments perfect defense streak exactly once
  ---
  duration_ms: 9.903867
  type: 'test'
  ...
# Subtest: enemy-base guard launches once and does not count as a perfect defense wave
ok 429 - enemy-base guard launches once and does not count as a perfect defense wave
  ---
  duration_ms: 2.759012
  type: 'test'
  ...
# Subtest: civilization level creates resource bases without duplicating them
ok 430 - civilization level creates resource bases without duplicating them
  ---
  duration_ms: 24.634923
  type: 'test'
  ...
# Subtest: initial base placement excludes civilization resource bases
ok 431 - initial base placement excludes civilization resource bases
  ---
  duration_ms: 41.284787
  type: 'test'
  ...
# Subtest: destroyed base waits for its respawn timer and then reappears elsewhere
ok 432 - destroyed base waits for its respawn timer and then reappears elsewhere
  ---
  duration_ms: 2.851192
  type: 'test'
  ...
# Subtest: initial enemy bases spread across independent road fronts when the graph permits it
ok 433 - initial enemy bases spread across independent road fronts when the graph permits it
  ---
  duration_ms: 2.102595
  type: 'test'
  ...
# Subtest: stacked initial enemy bases receive progressively longer opening delays on a one-front road
ok 434 - stacked initial enemy bases receive progressively longer opening delays on a one-front road
  ---
  duration_ms: 5.541932
  type: 'test'
  ...
# Subtest: region activity follows the nearest city or player anchor
ok 435 - region activity follows the nearest city or player anchor
  ---
  duration_ms: 3.990484
  type: 'test'
  ...
# Subtest: regional clocks only release peripheral and dormant simulation at their intervals
ok 436 - regional clocks only release peripheral and dormant simulation at their intervals
  ---
  duration_ms: 1.921757
  type: 'test'
  ...
# Subtest: dormant enemies and facilities advance only when the remote interval is due
ok 437 - dormant enemies and facilities advance only when the remote interval is due
  ---
  duration_ms: 14.737881
  type: 'test'
  ...
# Subtest: road graph spatial index excludes distant roads from local queries
ok 438 - road graph spatial index excludes distant roads from local queries
  ---
  duration_ms: 2.275873
  type: 'test'
  ...
# Subtest: expanded road graphs use compact save encoding and restore gameplay fields
ok 439 - expanded road graphs use compact save encoding and restore gameplay fields
  ---
  duration_ms: 11.291437
  type: 'test'
  ...
1..439
# tests 439
# suites 0
# pass 439
# fail 0
# cancelled 0
# skipped 0
# todo 0
# duration_ms 18266.844862
