
> frontline-roads-refactor@0.17.1 verify
> npm run syntax && npm test


> frontline-roads-refactor@0.17.1 syntax
> find src tests -name '*.js' -print0 | xargs -0 -n1 node --check && node --check sw.js


> frontline-roads-refactor@0.17.1 test
> node --test

TAP version 13
# Subtest: HTML references only existing local app resources and required controls exist
ok 1 - HTML references only existing local app resources and required controls exist
  ---
  duration_ms: 73.924064
  type: 'test'
  ...
# Subtest: every required DOM id used by bootstrap exists in HTML
ok 2 - every required DOM id used by bootstrap exists in HTML
  ---
  duration_ms: 9.163612
  type: 'test'
  ...
# Subtest: service worker app shell contains every runtime source file and all paths exist
ok 3 - service worker app shell contains every runtime source file and all paths exist
  ---
  duration_ms: 185.411213
  type: 'test'
  ...
# Subtest: development tree has no premature single-HTML build output
ok 4 - development tree has no premature single-HTML build output
  ---
  duration_ms: 5.819165
  type: 'test'
  ...
# Subtest: service worker only deletes FRONTLINE ROADS caches
ok 5 - service worker only deletes FRONTLINE ROADS caches
  ---
  duration_ms: 3.813361
  type: 'test'
  ...
# Subtest: service worker falls back to HTML only for navigation requests
ok 6 - service worker falls back to HTML only for navigation requests
  ---
  duration_ms: 3.480639
  type: 'test'
  ...
# Subtest: storage denial is detected without crashing construction
ok 7 - storage denial is detected without crashing construction
  ---
  duration_ms: 3.333702
  type: 'test'
  ...
# Subtest: invalid shallow save is quarantined instead of bricking startup
ok 8 - invalid shallow save is quarantined instead of bricking startup
  ---
  duration_ms: 3.134208
  type: 'test'
  ...
# Subtest: saved game removes exact position history and rounds map origin
ok 9 - saved game removes exact position history and rounds map origin
  ---
  duration_ms: 3.338645
  type: 'test'
  ...
# Subtest: state validation rejects malformed saved road graph
ok 10 - state validation rejects malformed saved road graph
  ---
  duration_ms: 0.40383
  type: 'test'
  ...
# Subtest: stone gate conversion cannot be used before civilization level 2
ok 11 - stone gate conversion cannot be used before civilization level 2
  ---
  duration_ms: 65.906833
  type: 'test'
  ...
# Subtest: path invalidation waits for the current edge instead of teleporting backward
ok 12 - path invalidation waits for the current edge instead of teleporting backward
  ---
  duration_ms: 2.422698
  type: 'test'
  ...
# Subtest: grade-separated endpoints are not merged into one intersection
ok 13 - grade-separated endpoints are not merged into one intersection
  ---
  duration_ms: 3.765518
  type: 'test'
  ...
# Subtest: long OSM geometry is subdivided rather than discarded
ok 14 - long OSM geometry is subdivided rather than discarded
  ---
  duration_ms: 3.754603
  type: 'test'
  ...
# Subtest: complete reset clears current, legacy, and backup save keys
ok 15 - complete reset clears current, legacy, and backup save keys
  ---
  duration_ms: 2.418842
  type: 'test'
  ...
# Subtest: production source only enables dev fixture on local or explicit test origins
ok 16 - production source only enables dev fixture on local or explicit test origins
  ---
  duration_ms: 107.733817
  type: 'test'
  ...
# Subtest: development fixture disables browser JSONP and uses injected road data
ok 17 - development fixture disables browser JSONP and uses injected road data
  ---
  duration_ms: 6.156188
  type: 'test'
  ...
# Subtest: selection snaps to the existing graph and creates a base without refetching
ok 18 - selection snaps to the existing graph and creates a base without refetching
  ---
  duration_ms: 4.543106
  type: 'test'
  ...
# Subtest: a tap outside the road tolerance is rejected
ok 19 - a tap outside the road tolerance is rejected
  ---
  duration_ms: 0.366693
  type: 'test'
  ...
# Subtest: base placement uses a dedicated map viewport instead of drawing behind controls
ok 20 - base placement uses a dedicated map viewport instead of drawing behind controls
  ---
  duration_ms: 101.919427
  type: 'test'
  ...
# Subtest: base placement screen keeps the canvas clip synchronized with the viewport
ok 21 - base placement screen keeps the canvas clip synchronized with the viewport
  ---
  duration_ms: 79.726146
  type: 'test'
  ...
# Subtest: inventory has one canonical resource store and preserves overflow
ok 22 - inventory has one canonical resource store and preserves overflow
  ---
  duration_ms: 5.739207
  type: 'test'
  ...
# Subtest: production reserves inputs once and completes through the civilization update
ok 23 - production reserves inputs once and completes through the civilization update
  ---
  duration_ms: 4.939983
  type: 'test'
  ...
# Subtest: enemy base capture requires the player to be on site and progresses over time
ok 24 - enemy base capture requires the player to be on site and progresses over time
  ---
  duration_ms: 1.566029
  type: 'test'
  ...
# Subtest: a captured outpost must be restored before it becomes active
ok 25 - a captured outpost must be restored before it becomes active
  ---
  duration_ms: 1.837656
  type: 'test'
  ...
# Subtest: settlement damage ruins a building and disables its production
ok 26 - settlement damage ruins a building and disables its production
  ---
  duration_ms: 3.156236
  type: 'test'
  ...
# Subtest: production overflow stays in the building buffer until collection
ok 27 - production overflow stays in the building buffer until collection
  ---
  duration_ms: 1.730069
  type: 'test'
  ...
# Subtest: combat effect buffer is capped and prunes expired effects
ok 28 - combat effect buffer is capped and prunes expired effects
  ---
  duration_ms: 2.502482
  type: 'test'
  ...
# Subtest: event bus creates transient shot and city warning effects
ok 29 - event bus creates transient shot and city warning effects
  ---
  duration_ms: 83.784981
  type: 'test'
  ...
# Subtest: manual defense upgrade events create a visible pulse
ok 30 - manual defense upgrade events create a visible pulse
  ---
  duration_ms: 2.158666
  type: 'test'
  ...
# Subtest: barrier changes weighted enemy route without creating another graph
ok 31 - barrier changes weighted enemy route without creating another graph
  ---
  duration_ms: 69.064915
  type: 'test'
  ...
# Subtest: enemy position follows path direction rather than edge storage direction
ok 32 - enemy position follows path direction rather than edge storage direction
  ---
  duration_ms: 2.440038
  type: 'test'
  ...
# Subtest: build range is measured from established home base
ok 33 - build range is measured from established home base
  ---
  duration_ms: 3.614037
  type: 'test'
  ...
# Subtest: gun tower damages an enemy in range
ok 34 - gun tower damages an enemy in range
  ---
  duration_ms: 2.853764
  type: 'test'
  ...
# Subtest: enemy reaching the city deals damage and is removed
ok 35 - enemy reaching the city deals damage and is removed
  ---
  duration_ms: 10.873467
  type: 'test'
  ...
# Subtest: repair relay consumes resources and repairs only the most damaged target
ok 36 - repair relay consumes resources and repairs only the most damaged target
  ---
  duration_ms: 1.074494
  type: 'test'
  ...
# Subtest: city defeat never creates negative resources and reports unpaid emergency recovery honestly
ok 37 - city defeat never creates negative resources and reports unpaid emergency recovery honestly
  ---
  duration_ms: 191.809634
  type: 'test'
  ...
# Subtest: source module graph has no circular dependencies
ok 38 - source module graph has no circular dependencies
  ---
  duration_ms: 872.14553
  type: 'test'
  ...
# Subtest: twelve-hour simulation remains bounded, serializable and within enemy cap
ok 39 - twelve-hour simulation remains bounded, serializable and within enemy cap
  ---
  duration_ms: 1799.009728
  type: 'test'
  ...
# Subtest: same state and elapsed time produce the same offline game result
ok 40 - same state and elapsed time produce the same offline game result
  ---
  duration_ms: 481.428802
  type: 'test'
  ...
# Subtest: legacy save is converted once into the clean schema
ok 41 - legacy save is converted once into the clean schema
  ---
  duration_ms: 79.920005
  type: 'test'
  ...
# Subtest: offline simulation is bounded and reports the applied duration
ok 42 - offline simulation is bounded and reports the applied duration
  ---
  duration_ms: 74.445879
  type: 'test'
  ...
# Subtest: offline simulation advances the canonical world clock
ok 43 - offline simulation advances the canonical world clock
  ---
  duration_ms: 0.98879
  type: 'test'
  ...
# Subtest: default endpoints use current public global instances
ok 44 - default endpoints use current public global instances
  ---
  duration_ms: 22.943326
  type: 'test'
  ...
# Subtest: query filters road classes before download
ok 45 - query filters road classes before download
  ---
  duration_ms: 1.21008
  type: 'test'
  ...
# Subtest: JSONP URL contains encoded query and callback
ok 46 - JSONP URL contains encoded query and callback
  ---
  duration_ms: 0.985317
  type: 'test'
  ...
# Subtest: browser JSONP resolves payload and cleans callback
ok 47 - browser JSONP resolves payload and cleans callback
  ---
  duration_ms: 1.857226
  type: 'test'
  ...
# Subtest: browser mode prefers JSONP and does not call fetch after success
ok 48 - browser mode prefers JSONP and does not call fetch after success
  ---
  duration_ms: 1.274024
  type: 'test'
  ...
# Subtest: JSONP failure falls back to official minimal POST request
ok 49 - JSONP failure falls back to official minimal POST request
  ---
  duration_ms: 1.97114
  type: 'test'
  ...
# Subtest: failed endpoint falls back to the next endpoint
ok 50 - failed endpoint falls back to the next endpoint
  ---
  duration_ms: 1.195066
  type: 'test'
  ...
# Subtest: all failures include endpoint and transport diagnostics
ok 51 - all failures include endpoint and transport diagnostics
  ---
  duration_ms: 66.697943
  type: 'test'
  ...
# Subtest: caller abort stops attempts immediately
ok 52 - caller abort stops attempts immediately
  ---
  duration_ms: 2.300398
  type: 'test'
  ...
# Subtest: development client can disable JSONP and use the injected fetch directly
ok 53 - development client can disable JSONP and use the injected fetch directly
  ---
  duration_ms: 1.794112
  type: 'test'
  ...
# Subtest: balanced profile limits simulation, rendering and DPR
ok 54 - balanced profile limits simulation, rendering and DPR
  ---
  duration_ms: 2.57705
  type: 'test'
  ...
# Subtest: game loop decouples simulation, civilization and rendering rates
ok 55 - game loop decouples simulation, civilization and rendering rates
  ---
  duration_ms: 1.895405
  type: 'test'
  ...
# Subtest: combat spatial index returns only nearby active enemies
ok 56 - combat spatial index returns only nearby active enemies
  ---
  duration_ms: 2.870541
  type: 'test'
  ...
# Subtest: renderer caches static radar and road layers between frames
ok 57 - renderer caches static radar and road layers between frames
  ---
  duration_ms: 7.779503
  type: 'test'
  ...
# Subtest: PWA registers the current service worker on HTTPS
ok 58 - PWA registers the current service worker on HTTPS
  ---
  duration_ms: 3.375344
  type: 'test'
  ...
# Subtest: PWA is skipped for an allowed development fixture
ok 59 - PWA is skipped for an allowed development fixture
  ---
  duration_ms: 0.795659
  type: 'test'
  ...
# Subtest: public devFixture query does not disable production PWA registration
ok 60 - public devFixture query does not disable production PWA registration
  ---
  duration_ms: 14.172049
  type: 'test'
  ...
# Subtest: PWA registration failure does not stop the game
ok 61 - PWA registration failure does not stop the game
  ---
  duration_ms: 0.714247
  type: 'test'
  ...
# Subtest: radar renderer is integrated without changing the map input owner
ok 62 - radar renderer is integrated without changing the map input owner
  ---
  duration_ms: 100.009677
  type: 'test'
  ...
# Subtest: radar theme exposes tactical palette and mobile layout rules
ok 63 - radar theme exposes tactical palette and mobile layout rules
  ---
  duration_ms: 7.435414
  type: 'test'
  ...
# Subtest: combat and road renderers use radar glyphs and glow rather than emoji labels
ok 64 - combat and road renderers use radar glyphs and glow rather than emoji labels
  ---
  duration_ms: 28.184253
  type: 'test'
  ...
# Subtest: radar canvas layers render with a minimal canvas context
ok 65 - radar canvas layers render with a minimal canvas context
  ---
  duration_ms: 71.778415
  type: 'test'
  ...
# Subtest: playing footer stays clear of the combat toolbar
ok 66 - playing footer stays clear of the combat toolbar
  ---
  duration_ms: 6.195059
  type: 'test'
  ...
# Subtest: radar preferences apply defaults and cycle without game state
ok 67 - radar preferences apply defaults and cycle without game state
  ---
  duration_ms: 2.858355
  type: 'test'
  ...
# Subtest: bootstrap imports RadarPreferences before constructing it
ok 68 - bootstrap imports RadarPreferences before constructing it
  ---
  duration_ms: 85.731052
  type: 'test'
  ...
# Subtest: touch devices default to the power-saving radar profile
ok 69 - touch devices default to the power-saving radar profile
  ---
  duration_ms: 1.00265
  type: 'test'
  ...
# Subtest: refactor schema 1 scrap is migrated into canonical resources
ok 70 - refactor schema 1 scrap is migrated into canonical resources
  ---
  duration_ms: 63.130248
  type: 'test'
  ...
# Subtest: parallel carriageways with the same identity collapse into one gameplay road
ok 71 - parallel carriageways with the same identity collapse into one gameplay road
  ---
  duration_ms: 67.635361
  type: 'test'
  ...
# Subtest: nearby roads with different names remain separate
ok 72 - nearby roads with different names remain separate
  ---
  duration_ms: 0.805187
  type: 'test'
  ...
# Subtest: clustered intersections build a connected graph and path
ok 73 - clustered intersections build a connected graph and path
  ---
  duration_ms: 6.816821
  type: 'test'
  ...
# Subtest: one RoadService load performs one acquisition and produces indexed graph data
ok 74 - one RoadService load performs one acquisition and produces indexed graph data
  ---
  duration_ms: 98.142146
  type: 'test'
  ...
# Subtest: save data remains JSON and graph indexes are reconstructed after load
ok 75 - save data remains JSON and graph indexes are reconstructed after load
  ---
  duration_ms: 5.41262
  type: 'test'
  ...
# Subtest: lifecycle follows the new startup sequence
ok 76 - lifecycle follows the new startup sequence
  ---
  duration_ms: 5.73884
  type: 'test'
  ...
# Subtest: invalid transition is rejected
ok 77 - invalid transition is rejected
  ---
  duration_ms: 1.093767
  type: 'test'
  ...
# Subtest: state snapshots cannot mutate the store
ok 78 - state snapshots cannot mutate the store
  ---
  duration_ms: 0.598261
  type: 'test'
  ...
# Subtest: source contains no legacy function override pattern or duplicate fetchRoadGraph
ok 79 - source contains no legacy function override pattern or duplicate fetchRoadGraph
  ---
  duration_ms: 335.943965
  type: 'test'
  ...
# Subtest: repair relay remains available as a build tool
ok 80 - repair relay remains available as a build tool
  ---
  duration_ms: 58.452622
  type: 'test'
  ...
# Subtest: only one tab owns the synchronous storage lease
ok 81 - only one tab owns the synchronous storage lease
  ---
  duration_ms: 2.34534
  type: 'test'
  ...
# Subtest: broadcast fallback elects one primary tab when storage is unavailable
ok 82 - broadcast fallback elects one primary tab when storage is unavailable
  ---
  duration_ms: 70.202101
  type: 'test'
  ...
# Subtest: remaining route distance accounts for current edge progress
ok 83 - remaining route distance accounts for current edge progress
  ---
  duration_ms: 3.010109
  type: 'test'
  ...
# Subtest: threat level escalates from contact to critical
ok 84 - threat level escalates from contact to critical
  ---
  duration_ms: 0.956318
  type: 'test'
  ...
# Subtest: clear threat reports stable defense line
ok 85 - clear threat reports stable defense line
  ---
  duration_ms: 0.704485
  type: 'test'
  ...
# Subtest: tactical routes and focus render with a minimal canvas context
ok 86 - tactical routes and focus render with a minimal canvas context
  ---
  duration_ms: 20.750127
  type: 'test'
  ...
# Subtest: a fully destroyed wave increments perfect defense streak exactly once
ok 87 - a fully destroyed wave increments perfect defense streak exactly once
  ---
  duration_ms: 9.197686
  type: 'test'
  ...
# Subtest: civilization level creates resource bases without duplicating them
ok 88 - civilization level creates resource bases without duplicating them
  ---
  duration_ms: 2.791086
  type: 'test'
  ...
# Subtest: initial base placement excludes civilization resource bases
ok 89 - initial base placement excludes civilization resource bases
  ---
  duration_ms: 18.573018
  type: 'test'
  ...
# Subtest: captured base waits for its respawn timer and then reappears elsewhere
ok 90 - captured base waits for its respawn timer and then reappears elsewhere
  ---
  duration_ms: 1.661277
  type: 'test'
  ...
1..90
# tests 90
# suites 0
# pass 90
# fail 0
# cancelled 0
# skipped 0
# todo 0
# duration_ms 3738.03645
