
> frontline-roads-refactor@0.25.0 verify
> npm run syntax && npm test


> frontline-roads-refactor@0.25.0 syntax
> find src tests -name '*.js' -print0 | xargs -0 -n1 node --check && node --check sw.js


> frontline-roads-refactor@0.25.0 test
> node --test

TAP version 13
# Subtest: HTML references only existing local app resources and required controls exist
ok 1 - HTML references only existing local app resources and required controls exist
  ---
  duration_ms: 10.069846
  type: 'test'
  ...
# Subtest: every required DOM id used by bootstrap exists in HTML
ok 2 - every required DOM id used by bootstrap exists in HTML
  ---
  duration_ms: 6.13854
  type: 'test'
  ...
# Subtest: service worker app shell contains every runtime source file and all paths exist
ok 3 - service worker app shell contains every runtime source file and all paths exist
  ---
  duration_ms: 96.37139
  type: 'test'
  ...
# Subtest: development tree has no premature single-HTML build output
ok 4 - development tree has no premature single-HTML build output
  ---
  duration_ms: 1.700107
  type: 'test'
  ...
# Subtest: service worker only deletes FRONTLINE ROADS caches
ok 5 - service worker only deletes FRONTLINE ROADS caches
  ---
  duration_ms: 1.923695
  type: 'test'
  ...
# Subtest: service worker falls back to HTML only for navigation requests
ok 6 - service worker falls back to HTML only for navigation requests
  ---
  duration_ms: 1.347943
  type: 'test'
  ...
# Subtest: release version is synchronized across package, runtime label and service-worker cache
ok 7 - release version is synchronized across package, runtime label and service-worker cache
  ---
  duration_ms: 78.392693
  type: 'test'
  ...
# Subtest: storage denial is detected without crashing construction
ok 8 - storage denial is detected without crashing construction
  ---
  duration_ms: 81.274445
  type: 'test'
  ...
# Subtest: invalid shallow save is quarantined instead of bricking startup
ok 9 - invalid shallow save is quarantined instead of bricking startup
  ---
  duration_ms: 1.933274
  type: 'test'
  ...
# Subtest: saved game removes exact position history and rounds map origin
ok 10 - saved game removes exact position history and rounds map origin
  ---
  duration_ms: 3.114051
  type: 'test'
  ...
# Subtest: state validation rejects malformed saved road graph
ok 11 - state validation rejects malformed saved road graph
  ---
  duration_ms: 0.362061
  type: 'test'
  ...
# Subtest: stone gate conversion cannot be used before civilization level 2
ok 12 - stone gate conversion cannot be used before civilization level 2
  ---
  duration_ms: 1.072133
  type: 'test'
  ...
# Subtest: path invalidation waits for the current edge instead of teleporting backward
ok 13 - path invalidation waits for the current edge instead of teleporting backward
  ---
  duration_ms: 1.539255
  type: 'test'
  ...
# Subtest: grade-separated endpoints are not merged into one intersection
ok 14 - grade-separated endpoints are not merged into one intersection
  ---
  duration_ms: 1.392179
  type: 'test'
  ...
# Subtest: long OSM geometry is subdivided rather than discarded
ok 15 - long OSM geometry is subdivided rather than discarded
  ---
  duration_ms: 2.568581
  type: 'test'
  ...
# Subtest: complete reset clears current, legacy, and backup save keys
ok 16 - complete reset clears current, legacy, and backup save keys
  ---
  duration_ms: 0.73621
  type: 'test'
  ...
# Subtest: production source only enables dev fixture on local or explicit test origins
ok 17 - production source only enables dev fixture on local or explicit test origins
  ---
  duration_ms: 89.641574
  type: 'test'
  ...
# Subtest: development fixture disables browser JSONP and uses injected road data
ok 18 - development fixture disables browser JSONP and uses injected road data
  ---
  duration_ms: 2.443927
  type: 'test'
  ...
# Subtest: tier-zero area and slow defenses use the approved restrained values
ok 19 - tier-zero area and slow defenses use the approved restrained values
  ---
  duration_ms: 1.799599
  type: 'test'
  ...
# Subtest: area defense applies full damage to one target, reduced splash and a hard target cap
ok 20 - area defense applies full damage to one target, reduced splash and a hard target cap
  ---
  duration_ms: 1.482692
  type: 'test'
  ...
# Subtest: slow defense affects only the nearest approved number of targets
ok 21 - slow defense affects only the nearest approved number of targets
  ---
  duration_ms: 0.379722
  type: 'test'
  ...
# Subtest: enemy base growth follows age thresholds and civilization caps
ok 22 - enemy base growth follows age thresholds and civilization caps
  ---
  duration_ms: 0.307935
  type: 'test'
  ...
# Subtest: enemy level multipliers scale durability, attack and speed without runaway speed growth
ok 23 - enemy level multipliers scale durability, attack and speed without runaway speed growth
  ---
  duration_ms: 0.262986
  type: 'test'
  ...
# Subtest: spawned enemies retain the source base level and scaled HP for their lifetime
ok 24 - spawned enemies retain the source base level and scaled HP for their lifetime
  ---
  duration_ms: 0.415746
  type: 'test'
  ...
# Subtest: enemy base levels add exactly one unit per level
ok 25 - enemy base levels add exactly one unit per level
  ---
  duration_ms: 0.571944
  type: 'test'
  ...
# Subtest: new civilization enemy generations phase in at 15, 30, 45 and 60 minutes
ok 26 - new civilization enemy generations phase in at 15, 30, 45 and 60 minutes
  ---
  duration_ms: 0.207957
  type: 'test'
  ...
# Subtest: higher enemy base levels increase pressure gradually rather than all at once
ok 27 - higher enemy base levels increase pressure gradually rather than all at once
  ---
  duration_ms: 0.404121
  type: 'test'
  ...
# Subtest: a level-two mixed wave now reaches a city defended only by tier-zero area and slow facilities
ok 28 - a level-two mixed wave now reaches a city defended only by tier-zero area and slow facilities
  ---
  duration_ms: 15.571112
  type: 'test'
  ...
# Subtest: a heavier level-two formation creates meaningful pressure without instantly defeating the city
ok 29 - a heavier level-two formation creates meaningful pressure without instantly defeating the city
  ---
  duration_ms: 84.346384
  type: 'test'
  ...
# Subtest: enemy base level increases emit one visible threat notification
ok 30 - enemy base level increases emit one visible threat notification
  ---
  duration_ms: 1.750201
  type: 'test'
  ...
# Subtest: enemy individual level and scaled HP survive save and restore
ok 31 - enemy individual level and scaled HP survive save and restore
  ---
  duration_ms: 112.395098
  type: 'test'
  ...
# Subtest: a new civilization generation keeps the previous generation during its opening grace window
ok 32 - a new civilization generation keeps the previous generation during its opening grace window
  ---
  duration_ms: 0.738851
  type: 'test'
  ...
# Subtest: enemy system applies the spawned enemy level to movement and city damage
ok 33 - enemy system applies the spawned enemy level to movement and city damage
  ---
  duration_ms: 0.327252
  type: 'test'
  ...
# Subtest: base command panel summarizes remote threats, facilities, squads and recoveries
ok 34 - base command panel summarizes remote threats, facilities, squads and recoveries
  ---
  duration_ms: 3.28322
  type: 'test'
  ...
# Subtest: base command UI lists all bases and switches the map camera without moving the player
ok 35 - base command UI lists all bases and switches the map camera without moving the player
  ---
  duration_ms: 2.393883
  type: 'test'
  ...
# Subtest: base command UI establishes an unlocked base at the current road position
ok 36 - base command UI establishes an unlocked base at the current road position
  ---
  duration_ms: 1.485452
  type: 'test'
  ...
# Subtest: combat renderer includes a distinct marker for secondary player bases
ok 37 - combat renderer includes a distinct marker for secondary player bases
  ---
  duration_ms: 9.314647
  type: 'test'
  ...
# Subtest: base command UI lists simple bases separately and can focus or rebuild a destroyed one
ok 38 - base command UI lists simple bases separately and can focus or rebuild a destroyed one
  ---
  duration_ms: 2.963005
  type: 'test'
  ...
# Subtest: combat renderer includes a distinct marker for simple bases and ruins
ok 39 - combat renderer includes a distinct marker for simple bases and ruins
  ---
  duration_ms: 2.153804
  type: 'test'
  ...
# Subtest: selection snaps to the existing graph and creates a base without refetching
ok 40 - selection snaps to the existing graph and creates a base without refetching
  ---
  duration_ms: 78.371382
  type: 'test'
  ...
# Subtest: a tap outside the road tolerance is rejected
ok 41 - a tap outside the road tolerance is rejected
  ---
  duration_ms: 0.249973
  type: 'test'
  ...
# Subtest: base placement uses a dedicated map viewport instead of drawing behind controls
ok 42 - base placement uses a dedicated map viewport instead of drawing behind controls
  ---
  duration_ms: 8.475226
  type: 'test'
  ...
# Subtest: base placement screen keeps the canvas clip synchronized with the viewport
ok 43 - base placement screen keeps the canvas clip synchronized with the viewport
  ---
  duration_ms: 83.478011
  type: 'test'
  ...
# Subtest: barrier highlighting is clipped to the build-radius portion of a road
ok 44 - barrier highlighting is clipped to the build-radius portion of a road
  ---
  duration_ms: 1.792421
  type: 'test'
  ...
# Subtest: build placement overlay draws valid sites, build radius and candidate effect radius
ok 45 - build placement overlay draws valid sites, build radius and candidate effect radius
  ---
  duration_ms: 1.13523
  type: 'test'
  ...
# Subtest: barrier overlay tolerates a minimal canvas implementation
ok 46 - barrier overlay tolerates a minimal canvas implementation
  ---
  duration_ms: 0.51156
  type: 'test'
  ...
# Subtest: renderer draws construction guidance after combat effects so candidates stay visible
ok 47 - renderer draws construction guidance after combat effects so candidates stay visible
  ---
  duration_ms: 84.200572
  type: 'test'
  ...
# Subtest: build sites expose only unoccupied placements inside the home-base range
ok 48 - build sites expose only unoccupied placements inside the home-base range
  ---
  duration_ms: 3.476864
  type: 'test'
  ...
# Subtest: previewing a candidate does not consume resources or create a defense
ok 49 - previewing a candidate does not consume resources or create a defense
  ---
  duration_ms: 1.020241
  type: 'test'
  ...
# Subtest: a confirmed candidate consumes resources exactly once and creates the selected defense
ok 50 - a confirmed candidate consumes resources exactly once and creates the selected defense
  ---
  duration_ms: 3.61396
  type: 'test'
  ...
# Subtest: a stale candidate is rejected without spending resources
ok 51 - a stale candidate is rejected without spending resources
  ---
  duration_ms: 0.848759
  type: 'test'
  ...
# Subtest: candidate confirmation rechecks resources that changed after preview
ok 52 - candidate confirmation rechecks resources that changed after preview
  ---
  duration_ms: 0.599832
  type: 'test'
  ...
# Subtest: barrier candidates retain the tapped road position and reject out-of-range points
ok 53 - barrier candidates retain the tapped road position and reject out-of-range points
  ---
  duration_ms: 0.578093
  type: 'test'
  ...
# Subtest: rebuilding a ruined placement at the same world time creates a distinct defense id
ok 54 - rebuilding a ruined placement at the same world time creates a distinct defense id
  ---
  duration_ms: 0.903862
  type: 'test'
  ...
# Subtest: preview skips an occupied nearest intersection when another valid intersection is within the tap tolerance
ok 55 - preview skips an occupied nearest intersection when another valid intersection is within the tap tolerance
  ---
  duration_ms: 0.505994
  type: 'test'
  ...
# Subtest: preview skips an occupied nearest road when another valid road is within the tap tolerance
ok 56 - preview skips an occupied nearest road when another valid road is within the tap tolerance
  ---
  duration_ms: 0.738495
  type: 'test'
  ...
# Subtest: player position creates a second build zone away from the home base
ok 57 - player position creates a second build zone away from the home base
  ---
  duration_ms: 0.713161
  type: 'test'
  ...
# Subtest: a current-location candidate is rejected if the player leaves its build zone before confirmation
ok 58 - a current-location candidate is rejected if the player leaves its build zone before confirmation
  ---
  duration_ms: 0.363944
  type: 'test'
  ...
# Subtest: overlapping home-base and player positions are represented as one build zone
ok 59 - overlapping home-base and player positions are represented as one build zone
  ---
  duration_ms: 0.280176
  type: 'test'
  ...
# Subtest: inventory has one canonical resource store and preserves overflow
ok 60 - inventory has one canonical resource store and preserves overflow
  ---
  duration_ms: 6.168521
  type: 'test'
  ...
# Subtest: production reserves inputs once and completes through the civilization update
ok 61 - production reserves inputs once and completes through the civilization update
  ---
  duration_ms: 1.917653
  type: 'test'
  ...
# Subtest: enemy bases are no longer captured by standing nearby
ok 62 - enemy bases are no longer captured by standing nearby
  ---
  duration_ms: 0.148448
  type: 'test'
  ...
# Subtest: legacy ruined outposts can still be restored and produce resources
ok 63 - legacy ruined outposts can still be restored and produce resources
  ---
  duration_ms: 1.129637
  type: 'test'
  ...
# Subtest: settlement damage ruins a building and disables its production
ok 64 - settlement damage ruins a building and disables its production
  ---
  duration_ms: 0.773434
  type: 'test'
  ...
# Subtest: production overflow stays in the building buffer until collection
ok 65 - production overflow stays in the building buffer until collection
  ---
  duration_ms: 0.886411
  type: 'test'
  ...
# Subtest: map tap only selects a build candidate and confirmation performs the mutation
ok 66 - map tap only selects a build candidate and confirmation performs the mutation
  ---
  duration_ms: 203.250177
  type: 'test'
  ...
# Subtest: combat UI no longer calls immediate buildAt from map taps
ok 67 - combat UI no longer calls immediate buildAt from map taps
  ---
  duration_ms: 5.162135
  type: 'test'
  ...
# Subtest: an invalid second tap clears the previous candidate to prevent confirming the wrong location
ok 68 - an invalid second tap clears the previous candidate to prevent confirming the wrong location
  ---
  duration_ms: 1.677496
  type: 'test'
  ...
# Subtest: build confirmation is disabled while the selected facility is unaffordable
ok 69 - build confirmation is disabled while the selected facility is unaffordable
  ---
  duration_ms: 1.524154
  type: 'test'
  ...
# Subtest: combat effect buffer is capped and prunes expired effects
ok 70 - combat effect buffer is capped and prunes expired effects
  ---
  duration_ms: 0.997398
  type: 'test'
  ...
# Subtest: event bus creates transient shot and city warning effects
ok 71 - event bus creates transient shot and city warning effects
  ---
  duration_ms: 3.486808
  type: 'test'
  ...
# Subtest: manual defense upgrade events create a visible pulse
ok 72 - manual defense upgrade events create a visible pulse
  ---
  duration_ms: 0.35606
  type: 'test'
  ...
# Subtest: barrier changes weighted enemy route without creating another graph
ok 73 - barrier changes weighted enemy route without creating another graph
  ---
  duration_ms: 2.384825
  type: 'test'
  ...
# Subtest: enemy position follows path direction rather than edge storage direction
ok 74 - enemy position follows path direction rather than edge storage direction
  ---
  duration_ms: 77.527655
  type: 'test'
  ...
# Subtest: build range is measured from established home base
ok 75 - build range is measured from established home base
  ---
  duration_ms: 2.211138
  type: 'test'
  ...
# Subtest: gun tower damages an enemy in range
ok 76 - gun tower damages an enemy in range
  ---
  duration_ms: 1.22788
  type: 'test'
  ...
# Subtest: enemy reaching the city deals damage and is removed
ok 77 - enemy reaching the city deals damage and is removed
  ---
  duration_ms: 0.941859
  type: 'test'
  ...
# Subtest: repair relay consumes resources and repairs only the most damaged target
ok 78 - repair relay consumes resources and repairs only the most damaged target
  ---
  duration_ms: 0.451935
  type: 'test'
  ...
# Subtest: city defeat never creates negative resources and reports unpaid emergency recovery honestly
ok 79 - city defeat never creates negative resources and reports unpaid emergency recovery honestly
  ---
  duration_ms: 110.600401
  type: 'test'
  ...
# Subtest: barrier has player-facing role, effect, placement and numeric metrics
ok 80 - barrier has player-facing role, effect, placement and numeric metrics
  ---
  duration_ms: 0.967712
  type: 'test'
  ...
# Subtest: gun has player-facing role, effect, placement and numeric metrics
ok 81 - gun has player-facing role, effect, placement and numeric metrics
  ---
  duration_ms: 0.23147
  type: 'test'
  ...
# Subtest: mortar has player-facing role, effect, placement and numeric metrics
ok 82 - mortar has player-facing role, effect, placement and numeric metrics
  ---
  duration_ms: 0.132187
  type: 'test'
  ...
# Subtest: slow has player-facing role, effect, placement and numeric metrics
ok 83 - slow has player-facing role, effect, placement and numeric metrics
  ---
  duration_ms: 0.13107
  type: 'test'
  ...
# Subtest: relay has player-facing role, effect, placement and numeric metrics
ok 84 - relay has player-facing role, effect, placement and numeric metrics
  ---
  duration_ms: 0.411823
  type: 'test'
  ...
# Subtest: all defense tiers define deterministic durability and sequential upgrade costs
ok 85 - all defense tiers define deterministic durability and sequential upgrade costs
  ---
  duration_ms: 1.187738
  type: 'test'
  ...
# Subtest: defense upgrades are sequential and locked to civilization level
ok 86 - defense upgrades are sequential and locked to civilization level
  ---
  duration_ms: 83.481277
  type: 'test'
  ...
# Subtest: upgrading preserves damage ratio instead of fully healing the facility
ok 87 - upgrading preserves damage ratio instead of fully healing the facility
  ---
  duration_ms: 0.907319
  type: 'test'
  ...
# Subtest: tier synchronization upgrades legacy durability without changing its health percentage
ok 88 - tier synchronization upgrades legacy durability without changing its health percentage
  ---
  duration_ms: 0.340347
  type: 'test'
  ...
# Subtest: destroyed and maximum-tier defenses cannot be upgraded
ok 89 - destroyed and maximum-tier defenses cannot be upgraded
  ---
  duration_ms: 0.80264
  type: 'test'
  ...
# Subtest: gate conversion starts at tier two and preserves the prior health ratio
ok 90 - gate conversion starts at tier two and preserves the prior health ratio
  ---
  duration_ms: 0.883061
  type: 'test'
  ...
# Subtest: combat UI shows the current tier name, next-tier changes, cost and lock state
ok 91 - combat UI shows the current tier name, next-tier changes, cost and lock state
  ---
  duration_ms: 111.511813
  type: 'test'
  ...
# Subtest: civilization panel explains the current defense tier ceiling and next unlock
ok 92 - civilization panel explains the current defense tier ceiling and next unlock
  ---
  duration_ms: 87.472118
  type: 'test'
  ...
# Subtest: applying a tier uses the explicit durability table for every facility class
ok 93 - applying a tier uses the explicit durability table for every facility class
  ---
  duration_ms: 0.609044
  type: 'test'
  ...
# Subtest: upgraded attack statistics are used by live combat rather than only the UI
ok 94 - upgraded attack statistics are used by live combat rather than only the UI
  ---
  duration_ms: 1.922201
  type: 'test'
  ...
# Subtest: defense details remain scrollable after the larger upgrade preview is added
ok 95 - defense details remain scrollable after the larger upgrade preview is added
  ---
  duration_ms: 4.464201
  type: 'test'
  ...
# Subtest: deployment UI shows origin, target, route and dispatch action
ok 96 - deployment UI shows origin, target, route and dispatch action
  ---
  duration_ms: 92.493314
  type: 'test'
  ...
# Subtest: combat renderer includes visible friendly squad markers
ok 97 - combat renderer includes visible friendly squad markers
  ---
  duration_ms: 4.810545
  type: 'test'
  ...
# Subtest: enemy types make different barrier decisions from break time and detour time
ok 98 - enemy types make different barrier decisions from break time and detour time
  ---
  duration_ms: 2.467505
  type: 'test'
  ...
# Subtest: balanced infantry breaches a weakened wall instead of taking a long detour
ok 99 - balanced infantry breaches a weakened wall instead of taking a long detour
  ---
  duration_ms: 0.476127
  type: 'test'
  ...
# Subtest: raider selects repair support before ordinary weapon towers
ok 100 - raider selects repair support before ordinary weapon towers
  ---
  duration_ms: 81.003428
  type: 'test'
  ...
# Subtest: rope cutter selects slowing equipment before repair support
ok 101 - rope cutter selects slowing equipment before repair support
  ---
  duration_ms: 0.543518
  type: 'test'
  ...
# Subtest: specialist damages its selected facility and invalidates shared targets when it is destroyed
ok 102 - specialist damages its selected facility and invalidates shared targets when it is destroyed
  ---
  duration_ms: 0.541609
  type: 'test'
  ...
# Subtest: a newly built priority facility requests rerouting without teleporting an enemy off its current road
ok 103 - a newly built priority facility requests rerouting without teleporting an enemy off its current road
  ---
  duration_ms: 2.206379
  type: 'test'
  ...
# Subtest: loaded source chunk materializes a persistent enemy-source site
ok 104 - loaded source chunk materializes a persistent enemy-source site
  ---
  duration_ms: 2.311625
  type: 'test'
  ...
# Subtest: player can clear an enemy source on site and stop future frontier waves
ok 105 - player can clear an enemy source on site and stop future frontier waves
  ---
  duration_ms: 2.792288
  type: 'test'
  ...
# Subtest: enemy source interaction requires proximity and a clear local area
ok 106 - enemy source interaction requires proximity and a clear local area
  ---
  duration_ms: 0.940443
  type: 'test'
  ...
# Subtest: loaded chunks are processed once for deterministic ambient discoveries
ok 107 - loaded chunks are processed once for deterministic ambient discoveries
  ---
  duration_ms: 1.026775
  type: 'test'
  ...
# Subtest: exploration renderer draws active sites with a minimal canvas context
ok 108 - exploration renderer draws active sites with a minimal canvas context
  ---
  duration_ms: 3.025228
  type: 'test'
  ...
# Subtest: civilization level provides a separate simple-base limit
ok 109 - civilization level provides a separate simple-base limit
  ---
  duration_ms: 1.173792
  type: 'test'
  ...
# Subtest: simple-base placement requires civilization unlock, fresh GPS, road access and separation
ok 110 - simple-base placement requires civilization unlock, fresh GPS, road access and separation
  ---
  duration_ms: 2.133414
  type: 'test'
  ...
# Subtest: simple base has 40 HP and creates only a 50m construction anchor
ok 111 - simple base has 40 HP and creates only a 50m construction anchor
  ---
  duration_ms: 1.545323
  type: 'test'
  ...
# Subtest: current assault squad can deploy from an active simple base
ok 112 - current assault squad can deploy from an active simple base
  ---
  duration_ms: 1.497708
  type: 'test'
  ...
# Subtest: nearby enemies can destroy a simple base and remove its construction and deployment roles
ok 113 - nearby enemies can destroy a simple base and remove its construction and deployment roles
  ---
  duration_ms: 2.685081
  type: 'test'
  ...
# Subtest: destroyed simple base keeps its slot and can only be rebuilt at the site
ok 114 - destroyed simple base keeps its slot and can only be rebuilt at the site
  ---
  duration_ms: 0.561505
  type: 'test'
  ...
# Subtest: simple-base state survives save and restore without precise location metadata
ok 115 - simple-base state survives save and restore without precise location metadata
  ---
  duration_ms: 1.822861
  type: 'test'
  ...
# Subtest: a distant simple base does not pull attackers away from a much nearer city
ok 116 - a distant simple base does not pull attackers away from a much nearer city
  ---
  duration_ms: 0.551124
  type: 'test'
  ...
# Subtest: standing at a simple base keeps the wider current-location construction zone
ok 117 - standing at a simple base keeps the wider current-location construction zone
  ---
  duration_ms: 1.269859
  type: 'test'
  ...
# Subtest: a major base cannot be placed on top of an active simple base
ok 118 - a major base cannot be placed on top of an active simple base
  ---
  duration_ms: 0.978359
  type: 'test'
  ...
# Subtest: a destroyed simple-base ruin still blocks overlapping major-base placement
ok 119 - a destroyed simple-base ruin still blocks overlapping major-base placement
  ---
  duration_ms: 80.704622
  type: 'test'
  ...
# Subtest: an active simple base anchors regional simulation but a destroyed one does not
ok 120 - an active simple base anchors regional simulation but a destroyed one does not
  ---
  duration_ms: 13.977251
  type: 'test'
  ...
# Subtest: an enemy chooses a nearby simple base when it is meaningfully closer than the city
ok 121 - an enemy chooses a nearby simple base when it is meaningfully closer than the city
  ---
  duration_ms: 0.756411
  type: 'test'
  ...
# Subtest: deployment preview is non-destructive and dispatch spends the assault cost once
ok 122 - deployment preview is non-destructive and dispatch spends the assault cost once
  ---
  duration_ms: 3.531672
  type: 'test'
  ...
# Subtest: friendly squad stops to fight enemies and both sides exchange damage
ok 123 - friendly squad stops to fight enemies and both sides exchange damage
  ---
  duration_ms: 4.297529
  type: 'test'
  ...
# Subtest: squad destroys an enemy base, schedules respawn and returns to its origin
ok 124 - squad destroys an enemy base, schedules respawn and returns to its origin
  ---
  duration_ms: 2.901521
  type: 'test'
  ...
# Subtest: friendly squads survive JSON save and restore without exact base coordinates
ok 125 - friendly squads survive JSON save and restore without exact base coordinates
  ---
  duration_ms: 1.661392
  type: 'test'
  ...
# Subtest: remote friendly squads only advance when the dormant regional interval is due
ok 126 - remote friendly squads only advance when the dormant regional interval is due
  ---
  duration_ms: 80.872961
  type: 'test'
  ...
# Subtest: friendly order overlay draws selectable nodes, routes, destination and waypoints on a minimal canvas
ok 127 - friendly order overlay draws selectable nodes, routes, destination and waypoints on a minimal canvas
  ---
  duration_ms: 4.217242
  type: 'test'
  ...
# Subtest: combat UI exposes stop, retreat, withdraw, resume and two-waypoint route planning
ok 128 - combat UI exposes stop, retreat, withdraw, resume and two-waypoint route planning
  ---
  duration_ms: 87.814416
  type: 'test'
  ...
# Subtest: renderer places squad order guidance above combat and construction layers
ok 129 - renderer places squad order guidance above combat and construction layers
  ---
  duration_ms: 1.978137
  type: 'test'
  ...
# Subtest: stop holds a squad at its exact road position while retaining the mission
ok 130 - stop holds a squad at its exact road position while retaining the mission
  ---
  duration_ms: 85.216527
  type: 'test'
  ...
# Subtest: route command issued mid-edge preserves position and joins the chosen route at the next intersection
ok 131 - route command issued mid-edge preserves position and joins the chosen route at the next intersection
  ---
  duration_ms: 1.209629
  type: 'test'
  ...
# Subtest: retreat reaches the selected node, stops there, and keeps the original attack mission
ok 132 - retreat reaches the selected node, stops there, and keeps the original attack mission
  ---
  duration_ms: 2.102565
  type: 'test'
  ...
# Subtest: withdraw abandons the mission and removes the squad only after it reaches the origin
ok 133 - withdraw abandons the mission and removes the squad only after it reaches the origin
  ---
  duration_ms: 1.982413
  type: 'test'
  ...
# Subtest: stopping a retreat preserves the retreat destination for route-selected resume
ok 134 - stopping a retreat preserves the retreat destination for route-selected resume
  ---
  duration_ms: 0.584332
  type: 'test'
  ...
# Subtest: retreat validation rejects a node closer to the hostile base and accepts an owned base behind the squad
ok 135 - retreat validation rejects a node closer to the hostile base and accepts an owned base behind the squad
  ---
  duration_ms: 1.612753
  type: 'test'
  ...
# Subtest: route planner exposes distinct shortest, enemy-avoidance and friendly-support choices when the road graph allows them
ok 136 - route planner exposes distinct shortest, enemy-avoidance and friendly-support choices when the road graph allows them
  ---
  duration_ms: 2.199066
  type: 'test'
  ...
# Subtest: waypoints force every generated route through the selected intersections
ok 137 - waypoints force every generated route through the selected intersections
  ---
  duration_ms: 0.844946
  type: 'test'
  ...
# Subtest: retreating through a newly encountered enemy does not grant invulnerability
ok 138 - retreating through a newly encountered enemy does not grant invulnerability
  ---
  duration_ms: 108.270305
  type: 'test'
  ...
# Subtest: friendly orders, selected route and history survive save and restore
ok 139 - friendly orders, selected route and history survive save and restore
  ---
  duration_ms: 78.868997
  type: 'test'
  ...
# Subtest: a rejected withdraw route leaves the original mission untouched
ok 140 - a rejected withdraw route leaves the original mission untouched
  ---
  duration_ms: 0.384301
  type: 'test'
  ...
# Subtest: route orders reject paths whose edges do not connect the declared node sequence
ok 141 - route orders reject paths whose edges do not connect the declared node sequence
  ---
  duration_ms: 0.233566
  type: 'test'
  ...
# Subtest: route estimates include the remaining distance on the squad current road segment
ok 142 - route estimates include the remaining distance on the squad current road segment
  ---
  duration_ms: 0.337147
  type: 'test'
  ...
# Subtest: a map tap near a displayed route selects that route instead of becoming a waypoint
ok 143 - a map tap near a displayed route selects that route instead of becoming a waypoint
  ---
  duration_ms: 0.758492
  type: 'test'
  ...
# Subtest: dead-end roads at unexplored chunk borders become frontier candidates
ok 144 - dead-end roads at unexplored chunk borders become frontier candidates
  ---
  duration_ms: 2.237919
  type: 'test'
  ...
# Subtest: frontier source stays fixed while its entry point advances with map expansion
ok 145 - frontier source stays fixed while its entry point advances with map expansion
  ---
  duration_ms: 2.293291
  type: 'test'
  ...
# Subtest: frontier system launches enemies from a map-edge entry node
ok 146 - frontier system launches enemies from a map-edge entry node
  ---
  duration_ms: 1.458136
  type: 'test'
  ...
# Subtest: frontier identity is hidden until the signal is localized
ok 147 - frontier identity is hidden until the signal is localized
  ---
  duration_ms: 0.210581
  type: 'test'
  ...
# Subtest: frontier renderer tolerates a minimal canvas context
ok 148 - frontier renderer tolerates a minimal canvas context
  ---
  duration_ms: 0.783689
  type: 'test'
  ...
# Subtest: source module graph has no circular dependencies
ok 149 - source module graph has no circular dependencies
  ---
  duration_ms: 413.837243
  type: 'test'
  ...
# Subtest: twelve-hour simulation remains bounded, serializable and within enemy cap
ok 150 - twelve-hour simulation remains bounded, serializable and within enemy cap
  ---
  duration_ms: 1932.493306
  type: 'test'
  ...
# Subtest: same state and elapsed time produce the same offline game result
ok 151 - same state and elapsed time produce the same offline game result
  ---
  duration_ms: 587.701147
  type: 'test'
  ...
# Subtest: legacy save is converted once into the clean schema
ok 152 - legacy save is converted once into the clean schema
  ---
  duration_ms: 4.387416
  type: 'test'
  ...
# Subtest: offline simulation is bounded and reports the applied duration
ok 153 - offline simulation is bounded and reports the applied duration
  ---
  duration_ms: 1.12457
  type: 'test'
  ...
# Subtest: offline simulation advances the canonical world clock
ok 154 - offline simulation advances the canonical world clock
  ---
  duration_ms: 0.488306
  type: 'test'
  ...
# Subtest: default endpoints use current public global instances
ok 155 - default endpoints use current public global instances
  ---
  duration_ms: 2.296292
  type: 'test'
  ...
# Subtest: query filters road classes before download
ok 156 - query filters road classes before download
  ---
  duration_ms: 0.411779
  type: 'test'
  ...
# Subtest: JSONP URL contains encoded query and callback
ok 157 - JSONP URL contains encoded query and callback
  ---
  duration_ms: 0.438271
  type: 'test'
  ...
# Subtest: browser JSONP resolves payload and cleans callback
ok 158 - browser JSONP resolves payload and cleans callback
  ---
  duration_ms: 0.727993
  type: 'test'
  ...
# Subtest: browser mode prefers JSONP and does not call fetch after success
ok 159 - browser mode prefers JSONP and does not call fetch after success
  ---
  duration_ms: 0.453209
  type: 'test'
  ...
# Subtest: JSONP failure falls back to official minimal POST request
ok 160 - JSONP failure falls back to official minimal POST request
  ---
  duration_ms: 0.708045
  type: 'test'
  ...
# Subtest: failed endpoint falls back to the next endpoint
ok 161 - failed endpoint falls back to the next endpoint
  ---
  duration_ms: 0.397719
  type: 'test'
  ...
# Subtest: all failures include endpoint and transport diagnostics
ok 162 - all failures include endpoint and transport diagnostics
  ---
  duration_ms: 0.838761
  type: 'test'
  ...
# Subtest: caller abort stops attempts immediately
ok 163 - caller abort stops attempts immediately
  ---
  duration_ms: 0.782307
  type: 'test'
  ...
# Subtest: development client can disable JSONP and use the injected fetch directly
ok 164 - development client can disable JSONP and use the injected fetch directly
  ---
  duration_ms: 0.683342
  type: 'test'
  ...
# Subtest: balanced profile limits simulation, rendering and DPR
ok 165 - balanced profile limits simulation, rendering and DPR
  ---
  duration_ms: 0.870387
  type: 'test'
  ...
# Subtest: game loop decouples simulation, civilization and rendering rates
ok 166 - game loop decouples simulation, civilization and rendering rates
  ---
  duration_ms: 0.816171
  type: 'test'
  ...
# Subtest: combat spatial index returns only nearby active enemies
ok 167 - combat spatial index returns only nearby active enemies
  ---
  duration_ms: 1.06079
  type: 'test'
  ...
# Subtest: renderer caches static radar and road layers between frames
ok 168 - renderer caches static radar and road layers between frames
  ---
  duration_ms: 3.316862
  type: 'test'
  ...
# Subtest: tactical route choices use spatial snapshots instead of rescanning every enemy and defense per road edge
ok 169 - tactical route choices use spatial snapshots instead of rescanning every enemy and defense per road edge
  ---
  duration_ms: 600.421029
  type: 'test'
  ...
# Subtest: civilization level increases the active player-base limit by one
ok 170 - civilization level increases the active player-base limit by one
  ---
  duration_ms: 0.845433
  type: 'test'
  ...
# Subtest: base placement requires an unlocked slot, fresh position, nearby road and minimum separation
ok 171 - base placement requires an unlocked slot, fresh position, nearby road and minimum separation
  ---
  duration_ms: 1.756682
  type: 'test'
  ...
# Subtest: establishing a base adds a remote construction and simulation anchor
ok 172 - establishing a base adds a remote construction and simulation anchor
  ---
  duration_ms: 2.012393
  type: 'test'
  ...
# Subtest: secondary bases survive save and restore without retaining exact location fields
ok 173 - secondary bases survive save and restore without retaining exact location fields
  ---
  duration_ms: 2.354482
  type: 'test'
  ...
# Subtest: civilization projects require cumulative artifacts recovered in the field
ok 174 - civilization projects require cumulative artifacts recovered in the field
  ---
  duration_ms: 1.521892
  type: 'test'
  ...
# Subtest: PWA registers the current service worker on HTTPS
ok 175 - PWA registers the current service worker on HTTPS
  ---
  duration_ms: 1.429856
  type: 'test'
  ...
# Subtest: PWA is skipped for an allowed development fixture
ok 176 - PWA is skipped for an allowed development fixture
  ---
  duration_ms: 0.34648
  type: 'test'
  ...
# Subtest: public devFixture query does not disable production PWA registration
ok 177 - public devFixture query does not disable production PWA registration
  ---
  duration_ms: 2.390216
  type: 'test'
  ...
# Subtest: PWA registration failure does not stop the game
ok 178 - PWA registration failure does not stop the game
  ---
  duration_ms: 0.372743
  type: 'test'
  ...
# Subtest: radar renderer is integrated without changing the map input owner
ok 179 - radar renderer is integrated without changing the map input owner
  ---
  duration_ms: 8.867275
  type: 'test'
  ...
# Subtest: radar theme exposes tactical palette and mobile layout rules
ok 180 - radar theme exposes tactical palette and mobile layout rules
  ---
  duration_ms: 82.809624
  type: 'test'
  ...
# Subtest: combat and road renderers use radar glyphs and glow rather than emoji labels
ok 181 - combat and road renderers use radar glyphs and glow rather than emoji labels
  ---
  duration_ms: 4.416648
  type: 'test'
  ...
# Subtest: radar canvas layers render with a minimal canvas context
ok 182 - radar canvas layers render with a minimal canvas context
  ---
  duration_ms: 3.55168
  type: 'test'
  ...
# Subtest: playing footer stays clear of the combat toolbar
ok 183 - playing footer stays clear of the combat toolbar
  ---
  duration_ms: 1.563457
  type: 'test'
  ...
# Subtest: radar preferences apply defaults and cycle without game state
ok 184 - radar preferences apply defaults and cycle without game state
  ---
  duration_ms: 1.176284
  type: 'test'
  ...
# Subtest: bootstrap imports RadarPreferences before constructing it
ok 185 - bootstrap imports RadarPreferences before constructing it
  ---
  duration_ms: 88.647492
  type: 'test'
  ...
# Subtest: touch devices default to the power-saving radar profile
ok 186 - touch devices default to the power-saving radar profile
  ---
  duration_ms: 0.391048
  type: 'test'
  ...
# Subtest: destroying an enemy base creates one persistent recovery item at the destroyed base
ok 187 - destroying an enemy base creates one persistent recovery item at the destroyed base
  ---
  duration_ms: 2.01127
  type: 'test'
  ...
# Subtest: recovery requires the player to be within the physical collection range
ok 188 - recovery requires the player to be within the physical collection range
  ---
  duration_ms: 0.895978
  type: 'test'
  ...
# Subtest: recovery rejects stale or inaccurate geolocation even at the item position
ok 189 - recovery rejects stale or inaccurate geolocation even at the item position
  ---
  duration_ms: 0.35576
  type: 'test'
  ...
# Subtest: manual collection requires five seconds in range, grants once and removes the recovered item
ok 190 - manual collection requires five seconds in range, grants once and removes the recovered item
  ---
  duration_ms: 0.784495
  type: 'test'
  ...
# Subtest: leaving the collection radius cancels progress without removing the item
ok 191 - leaving the collection radius cancels progress without removing the item
  ---
  duration_ms: 0.599781
  type: 'test'
  ...
# Subtest: uncollected recovery items survive save and restore while live location freshness does not
ok 192 - uncollected recovery items survive save and restore while live location freshness does not
  ---
  duration_ms: 1.826737
  type: 'test'
  ...
# Subtest: refactor schema 1 scrap is migrated into canonical resources
ok 193 - refactor schema 1 scrap is migrated into canonical resources
  ---
  duration_ms: 83.825878
  type: 'test'
  ...
# Subtest: world chunks use deterministic grid ids and reversible centers
ok 194 - world chunks use deterministic grid ids and reversible centers
  ---
  duration_ms: 85.065957
  type: 'test'
  ...
# Subtest: initial chunk state only marks chunks fully covered by the initial acquisition
ok 195 - initial chunk state only marks chunks fully covered by the initial acquisition
  ---
  duration_ms: 0.54768
  type: 'test'
  ...
# Subtest: graph merge preserves existing ids, joins nearby endpoints and removes duplicate edges
ok 196 - graph merge preserves existing ids, joins nearby endpoints and removes duplicate edges
  ---
  duration_ms: 1.664948
  type: 'test'
  ...
# Subtest: chunk cache isolates worlds and can remove one world
ok 197 - chunk cache isolates worlds and can remove one world
  ---
  duration_ms: 0.384316
  type: 'test'
  ...
# Subtest: RoadService chunk acquisition projects roads into the original world coordinate system
ok 198 - RoadService chunk acquisition projects roads into the original world coordinate system
  ---
  duration_ms: 10.655726
  type: 'test'
  ...
# Subtest: parallel carriageways with the same identity collapse into one gameplay road
ok 199 - parallel carriageways with the same identity collapse into one gameplay road
  ---
  duration_ms: 2.677856
  type: 'test'
  ...
# Subtest: nearby roads with different names remain separate
ok 200 - nearby roads with different names remain separate
  ---
  duration_ms: 0.285963
  type: 'test'
  ...
# Subtest: clustered intersections build a connected graph and combat route
ok 201 - clustered intersections build a connected graph and combat route
  ---
  duration_ms: 3.558521
  type: 'test'
  ...
# Subtest: one RoadService load performs one acquisition and produces indexed graph data
ok 202 - one RoadService load performs one acquisition and produces indexed graph data
  ---
  duration_ms: 102.718593
  type: 'test'
  ...
# Subtest: chunk prefetch only includes crossed or nearby grid edges
ok 203 - chunk prefetch only includes crossed or nearby grid edges
  ---
  duration_ms: 1.60086
  type: 'test'
  ...
# Subtest: manager merges a new chunk, records it and persists a compact cache entry
ok 204 - manager merges a new chunk, records it and persists a compact cache entry
  ---
  duration_ms: 84.287318
  type: 'test'
  ...
# Subtest: manager loads a cached chunk without calling the road server
ok 205 - manager loads a cached chunk without calling the road server
  ---
  duration_ms: 1.083635
  type: 'test'
  ...
# Subtest: failed acquisitions cool down without blocking unrelated nearby chunks
ok 206 - failed acquisitions cool down without blocking unrelated nearby chunks
  ---
  duration_ms: 1.082771
  type: 'test'
  ...
# Subtest: chunk centers remain based on the original world center
ok 207 - chunk centers remain based on the original world center
  ---
  duration_ms: 0.22898
  type: 'test'
  ...
# Subtest: save data remains JSON and graph indexes are reconstructed after load
ok 208 - save data remains JSON and graph indexes are reconstructed after load
  ---
  duration_ms: 3.205517
  type: 'test'
  ...
# Subtest: v0.19 object-form road graphs remain loadable after compact saves are introduced
ok 209 - v0.19 object-form road graphs remain loadable after compact saves are introduced
  ---
  duration_ms: 76.668207
  type: 'test'
  ...
# Subtest: lifecycle follows the new startup sequence
ok 210 - lifecycle follows the new startup sequence
  ---
  duration_ms: 2.012712
  type: 'test'
  ...
# Subtest: invalid transition is rejected
ok 211 - invalid transition is rejected
  ---
  duration_ms: 0.633565
  type: 'test'
  ...
# Subtest: state snapshots cannot mutate the store
ok 212 - state snapshots cannot mutate the store
  ---
  duration_ms: 0.408174
  type: 'test'
  ...
# Subtest: source contains no legacy function override pattern or duplicate fetchRoadGraph
ok 213 - source contains no legacy function override pattern or duplicate fetchRoadGraph
  ---
  duration_ms: 388.657261
  type: 'test'
  ...
# Subtest: repair relay remains available as a build tool
ok 214 - repair relay remains available as a build tool
  ---
  duration_ms: 2.055663
  type: 'test'
  ...
# Subtest: survey facility is a civilization level 1 tower with approved tier progression
ok 215 - survey facility is a civilization level 1 tower with approved tier progression
  ---
  duration_ms: 2.055616
  type: 'test'
  ...
# Subtest: survey facility cannot be built before civilization level 1 or from the player-only build zone
ok 216 - survey facility cannot be built before civilization level 1 or from the player-only build zone
  ---
  duration_ms: 2.219811
  type: 'test'
  ...
# Subtest: each owned base can operate only one active survey facility
ok 217 - each owned base can operate only one active survey facility
  ---
  duration_ms: 2.607656
  type: 'test'
  ...
# Subtest: survey candidate selection expands one adjacent unloaded chunk inside the tier radius
ok 218 - survey candidate selection expands one adjacent unloaded chunk inside the tier radius
  ---
  duration_ms: 69.163059
  type: 'test'
  ...
# Subtest: survey-loaded roads are recorded separately from physically observed regions
ok 219 - survey-loaded roads are recorded separately from physically observed regions
  ---
  duration_ms: 3.460066
  type: 'test'
  ...
# Subtest: remote survey does not reveal exact frontier sources or ambient exploration sites
ok 220 - remote survey does not reveal exact frontier sources or ambient exploration sites
  ---
  duration_ms: 1.145131
  type: 'test'
  ...
# Subtest: entering a surveyed chunk promotes it to physical observation and reveals local content
ok 221 - entering a surveyed chunk promotes it to physical observation and reveals local content
  ---
  duration_ms: 1.495175
  type: 'test'
  ...
# Subtest: survey scheduler serializes facilities and enforces a global real-time cooldown
ok 222 - survey scheduler serializes facilities and enforces a global real-time cooldown
  ---
  duration_ms: 1.673058
  type: 'test'
  ...
# Subtest: survey status reports radius, cadence and remaining expansion work
ok 223 - survey status reports radius, cadence and remaining expansion work
  ---
  duration_ms: 0.734607
  type: 'test'
  ...
# Subtest: survey tower upgrade remains gated by the matching civilization level
ok 224 - survey tower upgrade remains gated by the matching civilization level
  ---
  duration_ms: 0.702911
  type: 'test'
  ...
# Subtest: a survey facility anchored to a destroyed simple base stops operating until the base is rebuilt
ok 225 - a survey facility anchored to a destroyed simple base stops operating until the base is rebuilt
  ---
  duration_ms: 0.334967
  type: 'test'
  ...
# Subtest: survey-only road chunks do not receive exact enemy bases before physical observation
ok 226 - survey-only road chunks do not receive exact enemy bases before physical observation
  ---
  duration_ms: 0.933124
  type: 'test'
  ...
# Subtest: survey progress and physical-observation boundaries survive save and restore
ok 227 - survey progress and physical-observation boundaries survive save and restore
  ---
  duration_ms: 1.374814
  type: 'test'
  ...
# Subtest: only one tab owns the synchronous storage lease
ok 228 - only one tab owns the synchronous storage lease
  ---
  duration_ms: 1.052425
  type: 'test'
  ...
# Subtest: broadcast fallback elects one primary tab when storage is unavailable
ok 229 - broadcast fallback elects one primary tab when storage is unavailable
  ---
  duration_ms: 0.778686
  type: 'test'
  ...
# Subtest: remaining route distance accounts for current edge progress
ok 230 - remaining route distance accounts for current edge progress
  ---
  duration_ms: 1.121909
  type: 'test'
  ...
# Subtest: threat level escalates from contact to critical
ok 231 - threat level escalates from contact to critical
  ---
  duration_ms: 0.435552
  type: 'test'
  ...
# Subtest: clear threat reports stable defense line
ok 232 - clear threat reports stable defense line
  ---
  duration_ms: 0.241707
  type: 'test'
  ...
# Subtest: tactical routes and focus render with a minimal canvas context
ok 233 - tactical routes and focus render with a minimal canvas context
  ---
  duration_ms: 78.490636
  type: 'test'
  ...
# Subtest: selected enemy base no longer renders a misleading player capture radius
ok 234 - selected enemy base no longer renders a misleading player capture radius
  ---
  duration_ms: 0.516858
  type: 'test'
  ...
# Subtest: HUD and modal CSS do not use unreadably small explicit type
ok 235 - HUD and modal CSS do not use unreadably small explicit type
  ---
  duration_ms: 6.976402
  type: 'test'
  ...
# Subtest: Canvas labels retain a readable minimum without changing world scale
ok 236 - Canvas labels retain a readable minimum without changing world scale
  ---
  duration_ms: 4.952913
  type: 'test'
  ...
# Subtest: larger tool labels receive matching control height and context clearance
ok 237 - larger tool labels receive matching control height and context clearance
  ---
  duration_ms: 3.410963
  type: 'test'
  ...
# Subtest: a fully destroyed wave increments perfect defense streak exactly once
ok 238 - a fully destroyed wave increments perfect defense streak exactly once
  ---
  duration_ms: 6.355426
  type: 'test'
  ...
# Subtest: civilization level creates resource bases without duplicating them
ok 239 - civilization level creates resource bases without duplicating them
  ---
  duration_ms: 1.366691
  type: 'test'
  ...
# Subtest: initial base placement excludes civilization resource bases
ok 240 - initial base placement excludes civilization resource bases
  ---
  duration_ms: 78.16035
  type: 'test'
  ...
# Subtest: destroyed base waits for its respawn timer and then reappears elsewhere
ok 241 - destroyed base waits for its respawn timer and then reappears elsewhere
  ---
  duration_ms: 0.99262
  type: 'test'
  ...
# Subtest: region activity follows the nearest city or player anchor
ok 242 - region activity follows the nearest city or player anchor
  ---
  duration_ms: 2.198366
  type: 'test'
  ...
# Subtest: regional clocks only release peripheral and dormant simulation at their intervals
ok 243 - regional clocks only release peripheral and dormant simulation at their intervals
  ---
  duration_ms: 0.927359
  type: 'test'
  ...
# Subtest: dormant enemies and facilities advance only when the remote interval is due
ok 244 - dormant enemies and facilities advance only when the remote interval is due
  ---
  duration_ms: 4.756679
  type: 'test'
  ...
# Subtest: road graph spatial index excludes distant roads from local queries
ok 245 - road graph spatial index excludes distant roads from local queries
  ---
  duration_ms: 1.42095
  type: 'test'
  ...
# Subtest: expanded road graphs use compact save encoding and restore gameplay fields
ok 246 - expanded road graphs use compact save encoding and restore gameplay fields
  ---
  duration_ms: 5.025615
  type: 'test'
  ...
1..246
# tests 246
# suites 0
# pass 246
# fail 0
# cancelled 0
# skipped 0
# todo 0
# duration_ms 4319.182941
