
> frontline-roads-refactor@0.21.0 verify
> npm run syntax && npm test


> frontline-roads-refactor@0.21.0 syntax
> find src tests -name '*.js' -print0 | xargs -0 -n1 node --check && node --check sw.js


> frontline-roads-refactor@0.21.0 test
> node --test

TAP version 13
# Subtest: HTML references only existing local app resources and required controls exist
ok 1 - HTML references only existing local app resources and required controls exist
  ---
  duration_ms: 12.473987
  type: 'test'
  ...
# Subtest: every required DOM id used by bootstrap exists in HTML
ok 2 - every required DOM id used by bootstrap exists in HTML
  ---
  duration_ms: 8.513763
  type: 'test'
  ...
# Subtest: service worker app shell contains every runtime source file and all paths exist
ok 3 - service worker app shell contains every runtime source file and all paths exist
  ---
  duration_ms: 180.172159
  type: 'test'
  ...
# Subtest: development tree has no premature single-HTML build output
ok 4 - development tree has no premature single-HTML build output
  ---
  duration_ms: 2.719149
  type: 'test'
  ...
# Subtest: service worker only deletes FRONTLINE ROADS caches
ok 5 - service worker only deletes FRONTLINE ROADS caches
  ---
  duration_ms: 3.386455
  type: 'test'
  ...
# Subtest: service worker falls back to HTML only for navigation requests
ok 6 - service worker falls back to HTML only for navigation requests
  ---
  duration_ms: 2.65844
  type: 'test'
  ...
# Subtest: release version is synchronized across package, runtime label and service-worker cache
ok 7 - release version is synchronized across package, runtime label and service-worker cache
  ---
  duration_ms: 15.479211
  type: 'test'
  ...
# Subtest: storage denial is detected without crashing construction
ok 8 - storage denial is detected without crashing construction
  ---
  duration_ms: 77.827472
  type: 'test'
  ...
# Subtest: invalid shallow save is quarantined instead of bricking startup
ok 9 - invalid shallow save is quarantined instead of bricking startup
  ---
  duration_ms: 2.044853
  type: 'test'
  ...
# Subtest: saved game removes exact position history and rounds map origin
ok 10 - saved game removes exact position history and rounds map origin
  ---
  duration_ms: 3.273163
  type: 'test'
  ...
# Subtest: state validation rejects malformed saved road graph
ok 11 - state validation rejects malformed saved road graph
  ---
  duration_ms: 0.430204
  type: 'test'
  ...
# Subtest: stone gate conversion cannot be used before civilization level 2
ok 12 - stone gate conversion cannot be used before civilization level 2
  ---
  duration_ms: 1.040643
  type: 'test'
  ...
# Subtest: path invalidation waits for the current edge instead of teleporting backward
ok 13 - path invalidation waits for the current edge instead of teleporting backward
  ---
  duration_ms: 1.658677
  type: 'test'
  ...
# Subtest: grade-separated endpoints are not merged into one intersection
ok 14 - grade-separated endpoints are not merged into one intersection
  ---
  duration_ms: 2.080344
  type: 'test'
  ...
# Subtest: long OSM geometry is subdivided rather than discarded
ok 15 - long OSM geometry is subdivided rather than discarded
  ---
  duration_ms: 3.315625
  type: 'test'
  ...
# Subtest: complete reset clears current, legacy, and backup save keys
ok 16 - complete reset clears current, legacy, and backup save keys
  ---
  duration_ms: 0.850854
  type: 'test'
  ...
# Subtest: production source only enables dev fixture on local or explicit test origins
ok 17 - production source only enables dev fixture on local or explicit test origins
  ---
  duration_ms: 94.362224
  type: 'test'
  ...
# Subtest: development fixture disables browser JSONP and uses injected road data
ok 18 - development fixture disables browser JSONP and uses injected road data
  ---
  duration_ms: 2.417367
  type: 'test'
  ...
# Subtest: base command panel summarizes remote threats, facilities, squads and recoveries
ok 19 - base command panel summarizes remote threats, facilities, squads and recoveries
  ---
  duration_ms: 3.949347
  type: 'test'
  ...
# Subtest: base command UI lists all bases and switches the map camera without moving the player
ok 20 - base command UI lists all bases and switches the map camera without moving the player
  ---
  duration_ms: 2.513945
  type: 'test'
  ...
# Subtest: base command UI establishes an unlocked base at the current road position
ok 21 - base command UI establishes an unlocked base at the current road position
  ---
  duration_ms: 1.540197
  type: 'test'
  ...
# Subtest: combat renderer includes a distinct marker for secondary player bases
ok 22 - combat renderer includes a distinct marker for secondary player bases
  ---
  duration_ms: 9.548881
  type: 'test'
  ...
# Subtest: selection snaps to the existing graph and creates a base without refetching
ok 23 - selection snaps to the existing graph and creates a base without refetching
  ---
  duration_ms: 3.682302
  type: 'test'
  ...
# Subtest: a tap outside the road tolerance is rejected
ok 24 - a tap outside the road tolerance is rejected
  ---
  duration_ms: 0.321868
  type: 'test'
  ...
# Subtest: base placement uses a dedicated map viewport instead of drawing behind controls
ok 25 - base placement uses a dedicated map viewport instead of drawing behind controls
  ---
  duration_ms: 10.544129
  type: 'test'
  ...
# Subtest: base placement screen keeps the canvas clip synchronized with the viewport
ok 26 - base placement screen keeps the canvas clip synchronized with the viewport
  ---
  duration_ms: 4.447006
  type: 'test'
  ...
# Subtest: barrier highlighting is clipped to the build-radius portion of a road
ok 27 - barrier highlighting is clipped to the build-radius portion of a road
  ---
  duration_ms: 2.245867
  type: 'test'
  ...
# Subtest: build placement overlay draws valid sites, build radius and candidate effect radius
ok 28 - build placement overlay draws valid sites, build radius and candidate effect radius
  ---
  duration_ms: 1.190279
  type: 'test'
  ...
# Subtest: barrier overlay tolerates a minimal canvas implementation
ok 29 - barrier overlay tolerates a minimal canvas implementation
  ---
  duration_ms: 0.599284
  type: 'test'
  ...
# Subtest: renderer draws construction guidance after combat effects so candidates stay visible
ok 30 - renderer draws construction guidance after combat effects so candidates stay visible
  ---
  duration_ms: 84.647893
  type: 'test'
  ...
# Subtest: build sites expose only unoccupied placements inside the home-base range
ok 31 - build sites expose only unoccupied placements inside the home-base range
  ---
  duration_ms: 5.655229
  type: 'test'
  ...
# Subtest: previewing a candidate does not consume resources or create a defense
ok 32 - previewing a candidate does not consume resources or create a defense
  ---
  duration_ms: 1.423093
  type: 'test'
  ...
# Subtest: a confirmed candidate consumes resources exactly once and creates the selected defense
ok 33 - a confirmed candidate consumes resources exactly once and creates the selected defense
  ---
  duration_ms: 1.279431
  type: 'test'
  ...
# Subtest: a stale candidate is rejected without spending resources
ok 34 - a stale candidate is rejected without spending resources
  ---
  duration_ms: 0.81972
  type: 'test'
  ...
# Subtest: candidate confirmation rechecks resources that changed after preview
ok 35 - candidate confirmation rechecks resources that changed after preview
  ---
  duration_ms: 0.720453
  type: 'test'
  ...
# Subtest: barrier candidates retain the tapped road position and reject out-of-range points
ok 36 - barrier candidates retain the tapped road position and reject out-of-range points
  ---
  duration_ms: 1.214712
  type: 'test'
  ...
# Subtest: rebuilding a ruined placement at the same world time creates a distinct defense id
ok 37 - rebuilding a ruined placement at the same world time creates a distinct defense id
  ---
  duration_ms: 0.986959
  type: 'test'
  ...
# Subtest: preview skips an occupied nearest intersection when another valid intersection is within the tap tolerance
ok 38 - preview skips an occupied nearest intersection when another valid intersection is within the tap tolerance
  ---
  duration_ms: 0.682239
  type: 'test'
  ...
# Subtest: preview skips an occupied nearest road when another valid road is within the tap tolerance
ok 39 - preview skips an occupied nearest road when another valid road is within the tap tolerance
  ---
  duration_ms: 1.614572
  type: 'test'
  ...
# Subtest: player position creates a second build zone away from the home base
ok 40 - player position creates a second build zone away from the home base
  ---
  duration_ms: 0.958349
  type: 'test'
  ...
# Subtest: a current-location candidate is rejected if the player leaves its build zone before confirmation
ok 41 - a current-location candidate is rejected if the player leaves its build zone before confirmation
  ---
  duration_ms: 0.434277
  type: 'test'
  ...
# Subtest: overlapping home-base and player positions are represented as one build zone
ok 42 - overlapping home-base and player positions are represented as one build zone
  ---
  duration_ms: 0.40169
  type: 'test'
  ...
# Subtest: inventory has one canonical resource store and preserves overflow
ok 43 - inventory has one canonical resource store and preserves overflow
  ---
  duration_ms: 4.653184
  type: 'test'
  ...
# Subtest: production reserves inputs once and completes through the civilization update
ok 44 - production reserves inputs once and completes through the civilization update
  ---
  duration_ms: 2.660804
  type: 'test'
  ...
# Subtest: enemy bases are no longer captured by standing nearby
ok 45 - enemy bases are no longer captured by standing nearby
  ---
  duration_ms: 0.226346
  type: 'test'
  ...
# Subtest: legacy ruined outposts can still be restored and produce resources
ok 46 - legacy ruined outposts can still be restored and produce resources
  ---
  duration_ms: 77.890617
  type: 'test'
  ...
# Subtest: settlement damage ruins a building and disables its production
ok 47 - settlement damage ruins a building and disables its production
  ---
  duration_ms: 1.000932
  type: 'test'
  ...
# Subtest: production overflow stays in the building buffer until collection
ok 48 - production overflow stays in the building buffer until collection
  ---
  duration_ms: 1.258523
  type: 'test'
  ...
# Subtest: map tap only selects a build candidate and confirmation performs the mutation
ok 49 - map tap only selects a build candidate and confirmation performs the mutation
  ---
  duration_ms: 197.957647
  type: 'test'
  ...
# Subtest: combat UI no longer calls immediate buildAt from map taps
ok 50 - combat UI no longer calls immediate buildAt from map taps
  ---
  duration_ms: 4.230838
  type: 'test'
  ...
# Subtest: an invalid second tap clears the previous candidate to prevent confirming the wrong location
ok 51 - an invalid second tap clears the previous candidate to prevent confirming the wrong location
  ---
  duration_ms: 1.74394
  type: 'test'
  ...
# Subtest: build confirmation is disabled while the selected facility is unaffordable
ok 52 - build confirmation is disabled while the selected facility is unaffordable
  ---
  duration_ms: 1.826663
  type: 'test'
  ...
# Subtest: combat effect buffer is capped and prunes expired effects
ok 53 - combat effect buffer is capped and prunes expired effects
  ---
  duration_ms: 1.161731
  type: 'test'
  ...
# Subtest: event bus creates transient shot and city warning effects
ok 54 - event bus creates transient shot and city warning effects
  ---
  duration_ms: 75.898297
  type: 'test'
  ...
# Subtest: manual defense upgrade events create a visible pulse
ok 55 - manual defense upgrade events create a visible pulse
  ---
  duration_ms: 0.535159
  type: 'test'
  ...
# Subtest: barrier changes weighted enemy route without creating another graph
ok 56 - barrier changes weighted enemy route without creating another graph
  ---
  duration_ms: 82.694879
  type: 'test'
  ...
# Subtest: enemy position follows path direction rather than edge storage direction
ok 57 - enemy position follows path direction rather than edge storage direction
  ---
  duration_ms: 1.747848
  type: 'test'
  ...
# Subtest: build range is measured from established home base
ok 58 - build range is measured from established home base
  ---
  duration_ms: 2.460657
  type: 'test'
  ...
# Subtest: gun tower damages an enemy in range
ok 59 - gun tower damages an enemy in range
  ---
  duration_ms: 2.009927
  type: 'test'
  ...
# Subtest: enemy reaching the city deals damage and is removed
ok 60 - enemy reaching the city deals damage and is removed
  ---
  duration_ms: 1.466652
  type: 'test'
  ...
# Subtest: repair relay consumes resources and repairs only the most damaged target
ok 61 - repair relay consumes resources and repairs only the most damaged target
  ---
  duration_ms: 0.869274
  type: 'test'
  ...
# Subtest: city defeat never creates negative resources and reports unpaid emergency recovery honestly
ok 62 - city defeat never creates negative resources and reports unpaid emergency recovery honestly
  ---
  duration_ms: 195.025633
  type: 'test'
  ...
# Subtest: barrier has player-facing role, effect, placement and numeric metrics
ok 63 - barrier has player-facing role, effect, placement and numeric metrics
  ---
  duration_ms: 1.200861
  type: 'test'
  ...
# Subtest: gun has player-facing role, effect, placement and numeric metrics
ok 64 - gun has player-facing role, effect, placement and numeric metrics
  ---
  duration_ms: 0.323205
  type: 'test'
  ...
# Subtest: mortar has player-facing role, effect, placement and numeric metrics
ok 65 - mortar has player-facing role, effect, placement and numeric metrics
  ---
  duration_ms: 0.136651
  type: 'test'
  ...
# Subtest: slow has player-facing role, effect, placement and numeric metrics
ok 66 - slow has player-facing role, effect, placement and numeric metrics
  ---
  duration_ms: 0.200463
  type: 'test'
  ...
# Subtest: relay has player-facing role, effect, placement and numeric metrics
ok 67 - relay has player-facing role, effect, placement and numeric metrics
  ---
  duration_ms: 0.752514
  type: 'test'
  ...
# Subtest: deployment UI shows origin, target, route and dispatch action
ok 68 - deployment UI shows origin, target, route and dispatch action
  ---
  duration_ms: 91.585679
  type: 'test'
  ...
# Subtest: combat renderer includes visible friendly squad markers
ok 69 - combat renderer includes visible friendly squad markers
  ---
  duration_ms: 3.590235
  type: 'test'
  ...
# Subtest: enemy types make different barrier decisions from break time and detour time
ok 70 - enemy types make different barrier decisions from break time and detour time
  ---
  duration_ms: 3.38566
  type: 'test'
  ...
# Subtest: balanced infantry breaches a weakened wall instead of taking a long detour
ok 71 - balanced infantry breaches a weakened wall instead of taking a long detour
  ---
  duration_ms: 0.616556
  type: 'test'
  ...
# Subtest: raider selects repair support before ordinary weapon towers
ok 72 - raider selects repair support before ordinary weapon towers
  ---
  duration_ms: 2.952365
  type: 'test'
  ...
# Subtest: rope cutter selects slowing equipment before repair support
ok 73 - rope cutter selects slowing equipment before repair support
  ---
  duration_ms: 77.28055
  type: 'test'
  ...
# Subtest: specialist damages its selected facility and invalidates shared targets when it is destroyed
ok 74 - specialist damages its selected facility and invalidates shared targets when it is destroyed
  ---
  duration_ms: 0.737655
  type: 'test'
  ...
# Subtest: a newly built priority facility requests rerouting without teleporting an enemy off its current road
ok 75 - a newly built priority facility requests rerouting without teleporting an enemy off its current road
  ---
  duration_ms: 2.56615
  type: 'test'
  ...
# Subtest: loaded source chunk materializes a persistent enemy-source site
ok 76 - loaded source chunk materializes a persistent enemy-source site
  ---
  duration_ms: 5.304356
  type: 'test'
  ...
# Subtest: player can clear an enemy source on site and stop future frontier waves
ok 77 - player can clear an enemy source on site and stop future frontier waves
  ---
  duration_ms: 3.406702
  type: 'test'
  ...
# Subtest: enemy source interaction requires proximity and a clear local area
ok 78 - enemy source interaction requires proximity and a clear local area
  ---
  duration_ms: 1.258573
  type: 'test'
  ...
# Subtest: loaded chunks are processed once for deterministic ambient discoveries
ok 79 - loaded chunks are processed once for deterministic ambient discoveries
  ---
  duration_ms: 1.429384
  type: 'test'
  ...
# Subtest: exploration renderer draws active sites with a minimal canvas context
ok 80 - exploration renderer draws active sites with a minimal canvas context
  ---
  duration_ms: 0.916912
  type: 'test'
  ...
# Subtest: deployment preview is non-destructive and dispatch spends the assault cost once
ok 81 - deployment preview is non-destructive and dispatch spends the assault cost once
  ---
  duration_ms: 4.673701
  type: 'test'
  ...
# Subtest: friendly squad stops to fight enemies and both sides exchange damage
ok 82 - friendly squad stops to fight enemies and both sides exchange damage
  ---
  duration_ms: 4.357439
  type: 'test'
  ...
# Subtest: squad destroys an enemy base, schedules respawn and returns to its origin
ok 83 - squad destroys an enemy base, schedules respawn and returns to its origin
  ---
  duration_ms: 80.121992
  type: 'test'
  ...
# Subtest: friendly squads survive JSON save and restore without exact base coordinates
ok 84 - friendly squads survive JSON save and restore without exact base coordinates
  ---
  duration_ms: 3.339974
  type: 'test'
  ...
# Subtest: remote friendly squads only advance when the dormant regional interval is due
ok 85 - remote friendly squads only advance when the dormant regional interval is due
  ---
  duration_ms: 4.640452
  type: 'test'
  ...
# Subtest: dead-end roads at unexplored chunk borders become frontier candidates
ok 86 - dead-end roads at unexplored chunk borders become frontier candidates
  ---
  duration_ms: 79.645637
  type: 'test'
  ...
# Subtest: frontier source stays fixed while its entry point advances with map expansion
ok 87 - frontier source stays fixed while its entry point advances with map expansion
  ---
  duration_ms: 3.085311
  type: 'test'
  ...
# Subtest: frontier system launches enemies from a map-edge entry node
ok 88 - frontier system launches enemies from a map-edge entry node
  ---
  duration_ms: 1.851406
  type: 'test'
  ...
# Subtest: frontier identity is hidden until the signal is localized
ok 89 - frontier identity is hidden until the signal is localized
  ---
  duration_ms: 0.373347
  type: 'test'
  ...
# Subtest: frontier renderer tolerates a minimal canvas context
ok 90 - frontier renderer tolerates a minimal canvas context
  ---
  duration_ms: 2.707058
  type: 'test'
  ...
# Subtest: source module graph has no circular dependencies
ok 91 - source module graph has no circular dependencies
  ---
  duration_ms: 683.731105
  type: 'test'
  ...
# Subtest: twelve-hour simulation remains bounded, serializable and within enemy cap
ok 92 - twelve-hour simulation remains bounded, serializable and within enemy cap
  ---
  duration_ms: 2185.269538
  type: 'test'
  ...
# Subtest: same state and elapsed time produce the same offline game result
ok 93 - same state and elapsed time produce the same offline game result
  ---
  duration_ms: 656.425458
  type: 'test'
  ...
# Subtest: legacy save is converted once into the clean schema
ok 94 - legacy save is converted once into the clean schema
  ---
  duration_ms: 85.695547
  type: 'test'
  ...
# Subtest: offline simulation is bounded and reports the applied duration
ok 95 - offline simulation is bounded and reports the applied duration
  ---
  duration_ms: 1.863697
  type: 'test'
  ...
# Subtest: offline simulation advances the canonical world clock
ok 96 - offline simulation advances the canonical world clock
  ---
  duration_ms: 0.85058
  type: 'test'
  ...
# Subtest: default endpoints use current public global instances
ok 97 - default endpoints use current public global instances
  ---
  duration_ms: 3.00291
  type: 'test'
  ...
# Subtest: query filters road classes before download
ok 98 - query filters road classes before download
  ---
  duration_ms: 0.659204
  type: 'test'
  ...
# Subtest: JSONP URL contains encoded query and callback
ok 99 - JSONP URL contains encoded query and callback
  ---
  duration_ms: 0.7278
  type: 'test'
  ...
# Subtest: browser JSONP resolves payload and cleans callback
ok 100 - browser JSONP resolves payload and cleans callback
  ---
  duration_ms: 1.143511
  type: 'test'
  ...
# Subtest: browser mode prefers JSONP and does not call fetch after success
ok 101 - browser mode prefers JSONP and does not call fetch after success
  ---
  duration_ms: 0.678293
  type: 'test'
  ...
# Subtest: JSONP failure falls back to official minimal POST request
ok 102 - JSONP failure falls back to official minimal POST request
  ---
  duration_ms: 1.279327
  type: 'test'
  ...
# Subtest: failed endpoint falls back to the next endpoint
ok 103 - failed endpoint falls back to the next endpoint
  ---
  duration_ms: 0.74107
  type: 'test'
  ...
# Subtest: all failures include endpoint and transport diagnostics
ok 104 - all failures include endpoint and transport diagnostics
  ---
  duration_ms: 1.36325
  type: 'test'
  ...
# Subtest: caller abort stops attempts immediately
ok 105 - caller abort stops attempts immediately
  ---
  duration_ms: 1.072331
  type: 'test'
  ...
# Subtest: development client can disable JSONP and use the injected fetch directly
ok 106 - development client can disable JSONP and use the injected fetch directly
  ---
  duration_ms: 83.280461
  type: 'test'
  ...
# Subtest: balanced profile limits simulation, rendering and DPR
ok 107 - balanced profile limits simulation, rendering and DPR
  ---
  duration_ms: 1.13905
  type: 'test'
  ...
# Subtest: game loop decouples simulation, civilization and rendering rates
ok 108 - game loop decouples simulation, civilization and rendering rates
  ---
  duration_ms: 0.912525
  type: 'test'
  ...
# Subtest: combat spatial index returns only nearby active enemies
ok 109 - combat spatial index returns only nearby active enemies
  ---
  duration_ms: 4.717431
  type: 'test'
  ...
# Subtest: renderer caches static radar and road layers between frames
ok 110 - renderer caches static radar and road layers between frames
  ---
  duration_ms: 84.146712
  type: 'test'
  ...
# Subtest: civilization level increases the active player-base limit by one
ok 111 - civilization level increases the active player-base limit by one
  ---
  duration_ms: 1.012487
  type: 'test'
  ...
# Subtest: base placement requires an unlocked slot, fresh position, nearby road and minimum separation
ok 112 - base placement requires an unlocked slot, fresh position, nearby road and minimum separation
  ---
  duration_ms: 2.459861
  type: 'test'
  ...
# Subtest: establishing a base adds a remote construction and simulation anchor
ok 113 - establishing a base adds a remote construction and simulation anchor
  ---
  duration_ms: 1.526881
  type: 'test'
  ...
# Subtest: secondary bases survive save and restore without retaining exact location fields
ok 114 - secondary bases survive save and restore without retaining exact location fields
  ---
  duration_ms: 2.190481
  type: 'test'
  ...
# Subtest: civilization projects require cumulative artifacts recovered in the field
ok 115 - civilization projects require cumulative artifacts recovered in the field
  ---
  duration_ms: 1.553819
  type: 'test'
  ...
# Subtest: PWA registers the current service worker on HTTPS
ok 116 - PWA registers the current service worker on HTTPS
  ---
  duration_ms: 1.975236
  type: 'test'
  ...
# Subtest: PWA is skipped for an allowed development fixture
ok 117 - PWA is skipped for an allowed development fixture
  ---
  duration_ms: 0.478034
  type: 'test'
  ...
# Subtest: public devFixture query does not disable production PWA registration
ok 118 - public devFixture query does not disable production PWA registration
  ---
  duration_ms: 2.970744
  type: 'test'
  ...
# Subtest: PWA registration failure does not stop the game
ok 119 - PWA registration failure does not stop the game
  ---
  duration_ms: 0.473608
  type: 'test'
  ...
# Subtest: radar renderer is integrated without changing the map input owner
ok 120 - radar renderer is integrated without changing the map input owner
  ---
  duration_ms: 12.32895
  type: 'test'
  ...
# Subtest: radar theme exposes tactical palette and mobile layout rules
ok 121 - radar theme exposes tactical palette and mobile layout rules
  ---
  duration_ms: 81.195672
  type: 'test'
  ...
# Subtest: combat and road renderers use radar glyphs and glow rather than emoji labels
ok 122 - combat and road renderers use radar glyphs and glow rather than emoji labels
  ---
  duration_ms: 5.717909
  type: 'test'
  ...
# Subtest: radar canvas layers render with a minimal canvas context
ok 123 - radar canvas layers render with a minimal canvas context
  ---
  duration_ms: 4.94446
  type: 'test'
  ...
# Subtest: playing footer stays clear of the combat toolbar
ok 124 - playing footer stays clear of the combat toolbar
  ---
  duration_ms: 2.778118
  type: 'test'
  ...
# Subtest: radar preferences apply defaults and cycle without game state
ok 125 - radar preferences apply defaults and cycle without game state
  ---
  duration_ms: 1.75243
  type: 'test'
  ...
# Subtest: bootstrap imports RadarPreferences before constructing it
ok 126 - bootstrap imports RadarPreferences before constructing it
  ---
  duration_ms: 12.636542
  type: 'test'
  ...
# Subtest: touch devices default to the power-saving radar profile
ok 127 - touch devices default to the power-saving radar profile
  ---
  duration_ms: 0.48954
  type: 'test'
  ...
# Subtest: destroying an enemy base creates one persistent recovery item at the destroyed base
ok 128 - destroying an enemy base creates one persistent recovery item at the destroyed base
  ---
  duration_ms: 3.288609
  type: 'test'
  ...
# Subtest: recovery requires the player to be within the physical collection range
ok 129 - recovery requires the player to be within the physical collection range
  ---
  duration_ms: 0.857263
  type: 'test'
  ...
# Subtest: recovery rejects stale or inaccurate geolocation even at the item position
ok 130 - recovery rejects stale or inaccurate geolocation even at the item position
  ---
  duration_ms: 0.448332
  type: 'test'
  ...
# Subtest: manual collection requires five seconds in range, grants once and removes the recovered item
ok 131 - manual collection requires five seconds in range, grants once and removes the recovered item
  ---
  duration_ms: 81.791534
  type: 'test'
  ...
# Subtest: leaving the collection radius cancels progress without removing the item
ok 132 - leaving the collection radius cancels progress without removing the item
  ---
  duration_ms: 3.900066
  type: 'test'
  ...
# Subtest: uncollected recovery items survive save and restore while live location freshness does not
ok 133 - uncollected recovery items survive save and restore while live location freshness does not
  ---
  duration_ms: 2.868859
  type: 'test'
  ...
# Subtest: refactor schema 1 scrap is migrated into canonical resources
ok 134 - refactor schema 1 scrap is migrated into canonical resources
  ---
  duration_ms: 5.110811
  type: 'test'
  ...
# Subtest: world chunks use deterministic grid ids and reversible centers
ok 135 - world chunks use deterministic grid ids and reversible centers
  ---
  duration_ms: 77.429952
  type: 'test'
  ...
# Subtest: initial chunk state only marks chunks fully covered by the initial acquisition
ok 136 - initial chunk state only marks chunks fully covered by the initial acquisition
  ---
  duration_ms: 0.682128
  type: 'test'
  ...
# Subtest: graph merge preserves existing ids, joins nearby endpoints and removes duplicate edges
ok 137 - graph merge preserves existing ids, joins nearby endpoints and removes duplicate edges
  ---
  duration_ms: 2.516298
  type: 'test'
  ...
# Subtest: chunk cache isolates worlds and can remove one world
ok 138 - chunk cache isolates worlds and can remove one world
  ---
  duration_ms: 0.857827
  type: 'test'
  ...
# Subtest: RoadService chunk acquisition projects roads into the original world coordinate system
ok 139 - RoadService chunk acquisition projects roads into the original world coordinate system
  ---
  duration_ms: 96.040472
  type: 'test'
  ...
# Subtest: parallel carriageways with the same identity collapse into one gameplay road
ok 140 - parallel carriageways with the same identity collapse into one gameplay road
  ---
  duration_ms: 3.955929
  type: 'test'
  ...
# Subtest: nearby roads with different names remain separate
ok 141 - nearby roads with different names remain separate
  ---
  duration_ms: 0.412876
  type: 'test'
  ...
# Subtest: clustered intersections build a connected graph and combat route
ok 142 - clustered intersections build a connected graph and combat route
  ---
  duration_ms: 84.96931
  type: 'test'
  ...
# Subtest: one RoadService load performs one acquisition and produces indexed graph data
ok 143 - one RoadService load performs one acquisition and produces indexed graph data
  ---
  duration_ms: 184.290318
  type: 'test'
  ...
# Subtest: chunk prefetch only includes crossed or nearby grid edges
ok 144 - chunk prefetch only includes crossed or nearby grid edges
  ---
  duration_ms: 2.128938
  type: 'test'
  ...
# Subtest: manager merges a new chunk, records it and persists a compact cache entry
ok 145 - manager merges a new chunk, records it and persists a compact cache entry
  ---
  duration_ms: 4.996547
  type: 'test'
  ...
# Subtest: manager loads a cached chunk without calling the road server
ok 146 - manager loads a cached chunk without calling the road server
  ---
  duration_ms: 2.688597
  type: 'test'
  ...
# Subtest: failed acquisitions are cooled down instead of queued on every position update
ok 147 - failed acquisitions are cooled down instead of queued on every position update
  ---
  duration_ms: 1.584141
  type: 'test'
  ...
# Subtest: chunk centers remain based on the original world center
ok 148 - chunk centers remain based on the original world center
  ---
  duration_ms: 0.28863
  type: 'test'
  ...
# Subtest: save data remains JSON and graph indexes are reconstructed after load
ok 149 - save data remains JSON and graph indexes are reconstructed after load
  ---
  duration_ms: 77.884279
  type: 'test'
  ...
# Subtest: v0.19 object-form road graphs remain loadable after compact saves are introduced
ok 150 - v0.19 object-form road graphs remain loadable after compact saves are introduced
  ---
  duration_ms: 0.550588
  type: 'test'
  ...
# Subtest: lifecycle follows the new startup sequence
ok 151 - lifecycle follows the new startup sequence
  ---
  duration_ms: 3.931526
  type: 'test'
  ...
# Subtest: invalid transition is rejected
ok 152 - invalid transition is rejected
  ---
  duration_ms: 1.175128
  type: 'test'
  ...
# Subtest: state snapshots cannot mutate the store
ok 153 - state snapshots cannot mutate the store
  ---
  duration_ms: 0.526753
  type: 'test'
  ...
# Subtest: source contains no legacy function override pattern or duplicate fetchRoadGraph
ok 154 - source contains no legacy function override pattern or duplicate fetchRoadGraph
  ---
  duration_ms: 314.02437
  type: 'test'
  ...
# Subtest: repair relay remains available as a build tool
ok 155 - repair relay remains available as a build tool
  ---
  duration_ms: 2.31664
  type: 'test'
  ...
# Subtest: only one tab owns the synchronous storage lease
ok 156 - only one tab owns the synchronous storage lease
  ---
  duration_ms: 1.573674
  type: 'test'
  ...
# Subtest: broadcast fallback elects one primary tab when storage is unavailable
ok 157 - broadcast fallback elects one primary tab when storage is unavailable
  ---
  duration_ms: 1.307636
  type: 'test'
  ...
# Subtest: remaining route distance accounts for current edge progress
ok 158 - remaining route distance accounts for current edge progress
  ---
  duration_ms: 2.283216
  type: 'test'
  ...
# Subtest: threat level escalates from contact to critical
ok 159 - threat level escalates from contact to critical
  ---
  duration_ms: 0.685141
  type: 'test'
  ...
# Subtest: clear threat reports stable defense line
ok 160 - clear threat reports stable defense line
  ---
  duration_ms: 0.314128
  type: 'test'
  ...
# Subtest: tactical routes and focus render with a minimal canvas context
ok 161 - tactical routes and focus render with a minimal canvas context
  ---
  duration_ms: 12.402898
  type: 'test'
  ...
# Subtest: selected enemy base no longer renders a misleading player capture radius
ok 162 - selected enemy base no longer renders a misleading player capture radius
  ---
  duration_ms: 0.733248
  type: 'test'
  ...
# Subtest: a fully destroyed wave increments perfect defense streak exactly once
ok 163 - a fully destroyed wave increments perfect defense streak exactly once
  ---
  duration_ms: 5.603528
  type: 'test'
  ...
# Subtest: civilization level creates resource bases without duplicating them
ok 164 - civilization level creates resource bases without duplicating them
  ---
  duration_ms: 1.899713
  type: 'test'
  ...
# Subtest: initial base placement excludes civilization resource bases
ok 165 - initial base placement excludes civilization resource bases
  ---
  duration_ms: 77.266878
  type: 'test'
  ...
# Subtest: destroyed base waits for its respawn timer and then reappears elsewhere
ok 166 - destroyed base waits for its respawn timer and then reappears elsewhere
  ---
  duration_ms: 1.533806
  type: 'test'
  ...
# Subtest: region activity follows the nearest city or player anchor
ok 167 - region activity follows the nearest city or player anchor
  ---
  duration_ms: 3.235887
  type: 'test'
  ...
# Subtest: regional clocks only release peripheral and dormant simulation at their intervals
ok 168 - regional clocks only release peripheral and dormant simulation at their intervals
  ---
  duration_ms: 1.229739
  type: 'test'
  ...
# Subtest: dormant enemies and facilities advance only when the remote interval is due
ok 169 - dormant enemies and facilities advance only when the remote interval is due
  ---
  duration_ms: 5.932346
  type: 'test'
  ...
# Subtest: road graph spatial index excludes distant roads from local queries
ok 170 - road graph spatial index excludes distant roads from local queries
  ---
  duration_ms: 1.892635
  type: 'test'
  ...
# Subtest: expanded road graphs use compact save encoding and restore gameplay fields
ok 171 - expanded road graphs use compact save encoding and restore gameplay fields
  ---
  duration_ms: 8.219025
  type: 'test'
  ...
1..171
# tests 171
# suites 0
# pass 171
# fail 0
# cancelled 0
# skipped 0
# todo 0
# duration_ms 4678.008067
