
> frontline-roads-refactor@0.22.0 verify
> npm run syntax && npm test


> frontline-roads-refactor@0.22.0 syntax
> find src tests -name '*.js' -print0 | xargs -0 -n1 node --check && node --check sw.js


> frontline-roads-refactor@0.22.0 test
> node --test

TAP version 13
# Subtest: HTML references only existing local app resources and required controls exist
ok 1 - HTML references only existing local app resources and required controls exist
  ---
  duration_ms: 73.778745
  type: 'test'
  ...
# Subtest: every required DOM id used by bootstrap exists in HTML
ok 2 - every required DOM id used by bootstrap exists in HTML
  ---
  duration_ms: 5.296648
  type: 'test'
  ...
# Subtest: service worker app shell contains every runtime source file and all paths exist
ok 3 - service worker app shell contains every runtime source file and all paths exist
  ---
  duration_ms: 104.577946
  type: 'test'
  ...
# Subtest: development tree has no premature single-HTML build output
ok 4 - development tree has no premature single-HTML build output
  ---
  duration_ms: 1.492677
  type: 'test'
  ...
# Subtest: service worker only deletes FRONTLINE ROADS caches
ok 5 - service worker only deletes FRONTLINE ROADS caches
  ---
  duration_ms: 1.25619
  type: 'test'
  ...
# Subtest: service worker falls back to HTML only for navigation requests
ok 6 - service worker falls back to HTML only for navigation requests
  ---
  duration_ms: 1.387652
  type: 'test'
  ...
# Subtest: release version is synchronized across package, runtime label and service-worker cache
ok 7 - release version is synchronized across package, runtime label and service-worker cache
  ---
  duration_ms: 83.461826
  type: 'test'
  ...
# Subtest: storage denial is detected without crashing construction
ok 8 - storage denial is detected without crashing construction
  ---
  duration_ms: 1.249684
  type: 'test'
  ...
# Subtest: invalid shallow save is quarantined instead of bricking startup
ok 9 - invalid shallow save is quarantined instead of bricking startup
  ---
  duration_ms: 1.334353
  type: 'test'
  ...
# Subtest: saved game removes exact position history and rounds map origin
ok 10 - saved game removes exact position history and rounds map origin
  ---
  duration_ms: 2.416975
  type: 'test'
  ...
# Subtest: state validation rejects malformed saved road graph
ok 11 - state validation rejects malformed saved road graph
  ---
  duration_ms: 0.327834
  type: 'test'
  ...
# Subtest: stone gate conversion cannot be used before civilization level 2
ok 12 - stone gate conversion cannot be used before civilization level 2
  ---
  duration_ms: 0.7695
  type: 'test'
  ...
# Subtest: path invalidation waits for the current edge instead of teleporting backward
ok 13 - path invalidation waits for the current edge instead of teleporting backward
  ---
  duration_ms: 1.04059
  type: 'test'
  ...
# Subtest: grade-separated endpoints are not merged into one intersection
ok 14 - grade-separated endpoints are not merged into one intersection
  ---
  duration_ms: 0.965886
  type: 'test'
  ...
# Subtest: long OSM geometry is subdivided rather than discarded
ok 15 - long OSM geometry is subdivided rather than discarded
  ---
  duration_ms: 2.062461
  type: 'test'
  ...
# Subtest: complete reset clears current, legacy, and backup save keys
ok 16 - complete reset clears current, legacy, and backup save keys
  ---
  duration_ms: 0.579173
  type: 'test'
  ...
# Subtest: production source only enables dev fixture on local or explicit test origins
ok 17 - production source only enables dev fixture on local or explicit test origins
  ---
  duration_ms: 88.910568
  type: 'test'
  ...
# Subtest: development fixture disables browser JSONP and uses injected road data
ok 18 - development fixture disables browser JSONP and uses injected road data
  ---
  duration_ms: 1.649007
  type: 'test'
  ...
# Subtest: tier-zero area and slow defenses use the approved restrained values
ok 19 - tier-zero area and slow defenses use the approved restrained values
  ---
  duration_ms: 79.967401
  type: 'test'
  ...
# Subtest: area defense applies full damage to one target, reduced splash and a hard target cap
ok 20 - area defense applies full damage to one target, reduced splash and a hard target cap
  ---
  duration_ms: 1.605171
  type: 'test'
  ...
# Subtest: slow defense affects only the nearest approved number of targets
ok 21 - slow defense affects only the nearest approved number of targets
  ---
  duration_ms: 0.434225
  type: 'test'
  ...
# Subtest: enemy base growth follows age thresholds and civilization caps
ok 22 - enemy base growth follows age thresholds and civilization caps
  ---
  duration_ms: 0.300413
  type: 'test'
  ...
# Subtest: enemy level multipliers scale durability, attack and speed without runaway speed growth
ok 23 - enemy level multipliers scale durability, attack and speed without runaway speed growth
  ---
  duration_ms: 0.214543
  type: 'test'
  ...
# Subtest: spawned enemies retain the source base level and scaled HP for their lifetime
ok 24 - spawned enemies retain the source base level and scaled HP for their lifetime
  ---
  duration_ms: 0.652124
  type: 'test'
  ...
# Subtest: enemy base levels add exactly one unit per level
ok 25 - enemy base levels add exactly one unit per level
  ---
  duration_ms: 0.804503
  type: 'test'
  ...
# Subtest: new civilization enemy generations phase in at 15, 30, 45 and 60 minutes
ok 26 - new civilization enemy generations phase in at 15, 30, 45 and 60 minutes
  ---
  duration_ms: 0.239912
  type: 'test'
  ...
# Subtest: higher enemy base levels increase pressure gradually rather than all at once
ok 27 - higher enemy base levels increase pressure gradually rather than all at once
  ---
  duration_ms: 0.408065
  type: 'test'
  ...
# Subtest: a level-two mixed wave now reaches a city defended only by tier-zero area and slow facilities
ok 28 - a level-two mixed wave now reaches a city defended only by tier-zero area and slow facilities
  ---
  duration_ms: 14.631936
  type: 'test'
  ...
# Subtest: a heavier level-two formation creates meaningful pressure without instantly defeating the city
ok 29 - a heavier level-two formation creates meaningful pressure without instantly defeating the city
  ---
  duration_ms: 84.637734
  type: 'test'
  ...
# Subtest: enemy base level increases emit one visible threat notification
ok 30 - enemy base level increases emit one visible threat notification
  ---
  duration_ms: 1.575702
  type: 'test'
  ...
# Subtest: enemy individual level and scaled HP survive save and restore
ok 31 - enemy individual level and scaled HP survive save and restore
  ---
  duration_ms: 113.01139
  type: 'test'
  ...
# Subtest: a new civilization generation keeps the previous generation during its opening grace window
ok 32 - a new civilization generation keeps the previous generation during its opening grace window
  ---
  duration_ms: 0.303528
  type: 'test'
  ...
# Subtest: enemy system applies the spawned enemy level to movement and city damage
ok 33 - enemy system applies the spawned enemy level to movement and city damage
  ---
  duration_ms: 0.71661
  type: 'test'
  ...
# Subtest: base command panel summarizes remote threats, facilities, squads and recoveries
ok 34 - base command panel summarizes remote threats, facilities, squads and recoveries
  ---
  duration_ms: 2.338247
  type: 'test'
  ...
# Subtest: base command UI lists all bases and switches the map camera without moving the player
ok 35 - base command UI lists all bases and switches the map camera without moving the player
  ---
  duration_ms: 1.43883
  type: 'test'
  ...
# Subtest: base command UI establishes an unlocked base at the current road position
ok 36 - base command UI establishes an unlocked base at the current road position
  ---
  duration_ms: 2.242031
  type: 'test'
  ...
# Subtest: combat renderer includes a distinct marker for secondary player bases
ok 37 - combat renderer includes a distinct marker for secondary player bases
  ---
  duration_ms: 83.107778
  type: 'test'
  ...
# Subtest: selection snaps to the existing graph and creates a base without refetching
ok 38 - selection snaps to the existing graph and creates a base without refetching
  ---
  duration_ms: 2.166232
  type: 'test'
  ...
# Subtest: a tap outside the road tolerance is rejected
ok 39 - a tap outside the road tolerance is rejected
  ---
  duration_ms: 0.196736
  type: 'test'
  ...
# Subtest: base placement uses a dedicated map viewport instead of drawing behind controls
ok 40 - base placement uses a dedicated map viewport instead of drawing behind controls
  ---
  duration_ms: 79.890511
  type: 'test'
  ...
# Subtest: base placement screen keeps the canvas clip synchronized with the viewport
ok 41 - base placement screen keeps the canvas clip synchronized with the viewport
  ---
  duration_ms: 3.675448
  type: 'test'
  ...
# Subtest: barrier highlighting is clipped to the build-radius portion of a road
ok 42 - barrier highlighting is clipped to the build-radius portion of a road
  ---
  duration_ms: 1.591329
  type: 'test'
  ...
# Subtest: build placement overlay draws valid sites, build radius and candidate effect radius
ok 43 - build placement overlay draws valid sites, build radius and candidate effect radius
  ---
  duration_ms: 1.109022
  type: 'test'
  ...
# Subtest: barrier overlay tolerates a minimal canvas implementation
ok 44 - barrier overlay tolerates a minimal canvas implementation
  ---
  duration_ms: 0.459203
  type: 'test'
  ...
# Subtest: renderer draws construction guidance after combat effects so candidates stay visible
ok 45 - renderer draws construction guidance after combat effects so candidates stay visible
  ---
  duration_ms: 7.229763
  type: 'test'
  ...
# Subtest: build sites expose only unoccupied placements inside the home-base range
ok 46 - build sites expose only unoccupied placements inside the home-base range
  ---
  duration_ms: 3.582167
  type: 'test'
  ...
# Subtest: previewing a candidate does not consume resources or create a defense
ok 47 - previewing a candidate does not consume resources or create a defense
  ---
  duration_ms: 0.881319
  type: 'test'
  ...
# Subtest: a confirmed candidate consumes resources exactly once and creates the selected defense
ok 48 - a confirmed candidate consumes resources exactly once and creates the selected defense
  ---
  duration_ms: 1.784636
  type: 'test'
  ...
# Subtest: a stale candidate is rejected without spending resources
ok 49 - a stale candidate is rejected without spending resources
  ---
  duration_ms: 0.658453
  type: 'test'
  ...
# Subtest: candidate confirmation rechecks resources that changed after preview
ok 50 - candidate confirmation rechecks resources that changed after preview
  ---
  duration_ms: 0.469288
  type: 'test'
  ...
# Subtest: barrier candidates retain the tapped road position and reject out-of-range points
ok 51 - barrier candidates retain the tapped road position and reject out-of-range points
  ---
  duration_ms: 0.488557
  type: 'test'
  ...
# Subtest: rebuilding a ruined placement at the same world time creates a distinct defense id
ok 52 - rebuilding a ruined placement at the same world time creates a distinct defense id
  ---
  duration_ms: 0.454625
  type: 'test'
  ...
# Subtest: preview skips an occupied nearest intersection when another valid intersection is within the tap tolerance
ok 53 - preview skips an occupied nearest intersection when another valid intersection is within the tap tolerance
  ---
  duration_ms: 0.301745
  type: 'test'
  ...
# Subtest: preview skips an occupied nearest road when another valid road is within the tap tolerance
ok 54 - preview skips an occupied nearest road when another valid road is within the tap tolerance
  ---
  duration_ms: 1.061456
  type: 'test'
  ...
# Subtest: player position creates a second build zone away from the home base
ok 55 - player position creates a second build zone away from the home base
  ---
  duration_ms: 76.957047
  type: 'test'
  ...
# Subtest: a current-location candidate is rejected if the player leaves its build zone before confirmation
ok 56 - a current-location candidate is rejected if the player leaves its build zone before confirmation
  ---
  duration_ms: 0.576089
  type: 'test'
  ...
# Subtest: overlapping home-base and player positions are represented as one build zone
ok 57 - overlapping home-base and player positions are represented as one build zone
  ---
  duration_ms: 0.322987
  type: 'test'
  ...
# Subtest: inventory has one canonical resource store and preserves overflow
ok 58 - inventory has one canonical resource store and preserves overflow
  ---
  duration_ms: 3.114573
  type: 'test'
  ...
# Subtest: production reserves inputs once and completes through the civilization update
ok 59 - production reserves inputs once and completes through the civilization update
  ---
  duration_ms: 78.312291
  type: 'test'
  ...
# Subtest: enemy bases are no longer captured by standing nearby
ok 60 - enemy bases are no longer captured by standing nearby
  ---
  duration_ms: 0.256217
  type: 'test'
  ...
# Subtest: legacy ruined outposts can still be restored and produce resources
ok 61 - legacy ruined outposts can still be restored and produce resources
  ---
  duration_ms: 1.055452
  type: 'test'
  ...
# Subtest: settlement damage ruins a building and disables its production
ok 62 - settlement damage ruins a building and disables its production
  ---
  duration_ms: 0.49704
  type: 'test'
  ...
# Subtest: production overflow stays in the building buffer until collection
ok 63 - production overflow stays in the building buffer until collection
  ---
  duration_ms: 5.635694
  type: 'test'
  ...
# Subtest: map tap only selects a build candidate and confirmation performs the mutation
ok 64 - map tap only selects a build candidate and confirmation performs the mutation
  ---
  duration_ms: 184.912632
  type: 'test'
  ...
# Subtest: combat UI no longer calls immediate buildAt from map taps
ok 65 - combat UI no longer calls immediate buildAt from map taps
  ---
  duration_ms: 2.966053
  type: 'test'
  ...
# Subtest: an invalid second tap clears the previous candidate to prevent confirming the wrong location
ok 66 - an invalid second tap clears the previous candidate to prevent confirming the wrong location
  ---
  duration_ms: 1.475415
  type: 'test'
  ...
# Subtest: build confirmation is disabled while the selected facility is unaffordable
ok 67 - build confirmation is disabled while the selected facility is unaffordable
  ---
  duration_ms: 1.480042
  type: 'test'
  ...
# Subtest: combat effect buffer is capped and prunes expired effects
ok 68 - combat effect buffer is capped and prunes expired effects
  ---
  duration_ms: 1.008951
  type: 'test'
  ...
# Subtest: event bus creates transient shot and city warning effects
ok 69 - event bus creates transient shot and city warning effects
  ---
  duration_ms: 3.28606
  type: 'test'
  ...
# Subtest: manual defense upgrade events create a visible pulse
ok 70 - manual defense upgrade events create a visible pulse
  ---
  duration_ms: 0.451501
  type: 'test'
  ...
# Subtest: barrier changes weighted enemy route without creating another graph
ok 71 - barrier changes weighted enemy route without creating another graph
  ---
  duration_ms: 88.565428
  type: 'test'
  ...
# Subtest: enemy position follows path direction rather than edge storage direction
ok 72 - enemy position follows path direction rather than edge storage direction
  ---
  duration_ms: 1.193861
  type: 'test'
  ...
# Subtest: build range is measured from established home base
ok 73 - build range is measured from established home base
  ---
  duration_ms: 1.923435
  type: 'test'
  ...
# Subtest: gun tower damages an enemy in range
ok 74 - gun tower damages an enemy in range
  ---
  duration_ms: 1.132759
  type: 'test'
  ...
# Subtest: enemy reaching the city deals damage and is removed
ok 75 - enemy reaching the city deals damage and is removed
  ---
  duration_ms: 1.092748
  type: 'test'
  ...
# Subtest: repair relay consumes resources and repairs only the most damaged target
ok 76 - repair relay consumes resources and repairs only the most damaged target
  ---
  duration_ms: 0.517521
  type: 'test'
  ...
# Subtest: city defeat never creates negative resources and reports unpaid emergency recovery honestly
ok 77 - city defeat never creates negative resources and reports unpaid emergency recovery honestly
  ---
  duration_ms: 100.381964
  type: 'test'
  ...
# Subtest: barrier has player-facing role, effect, placement and numeric metrics
ok 78 - barrier has player-facing role, effect, placement and numeric metrics
  ---
  duration_ms: 0.976643
  type: 'test'
  ...
# Subtest: gun has player-facing role, effect, placement and numeric metrics
ok 79 - gun has player-facing role, effect, placement and numeric metrics
  ---
  duration_ms: 0.244159
  type: 'test'
  ...
# Subtest: mortar has player-facing role, effect, placement and numeric metrics
ok 80 - mortar has player-facing role, effect, placement and numeric metrics
  ---
  duration_ms: 0.161855
  type: 'test'
  ...
# Subtest: slow has player-facing role, effect, placement and numeric metrics
ok 81 - slow has player-facing role, effect, placement and numeric metrics
  ---
  duration_ms: 0.154103
  type: 'test'
  ...
# Subtest: relay has player-facing role, effect, placement and numeric metrics
ok 82 - relay has player-facing role, effect, placement and numeric metrics
  ---
  duration_ms: 0.652174
  type: 'test'
  ...
# Subtest: deployment UI shows origin, target, route and dispatch action
ok 83 - deployment UI shows origin, target, route and dispatch action
  ---
  duration_ms: 87.749708
  type: 'test'
  ...
# Subtest: combat renderer includes visible friendly squad markers
ok 84 - combat renderer includes visible friendly squad markers
  ---
  duration_ms: 2.659862
  type: 'test'
  ...
# Subtest: enemy types make different barrier decisions from break time and detour time
ok 85 - enemy types make different barrier decisions from break time and detour time
  ---
  duration_ms: 82.54951
  type: 'test'
  ...
# Subtest: balanced infantry breaches a weakened wall instead of taking a long detour
ok 86 - balanced infantry breaches a weakened wall instead of taking a long detour
  ---
  duration_ms: 1.235749
  type: 'test'
  ...
# Subtest: raider selects repair support before ordinary weapon towers
ok 87 - raider selects repair support before ordinary weapon towers
  ---
  duration_ms: 1.570028
  type: 'test'
  ...
# Subtest: rope cutter selects slowing equipment before repair support
ok 88 - rope cutter selects slowing equipment before repair support
  ---
  duration_ms: 0.465643
  type: 'test'
  ...
# Subtest: specialist damages its selected facility and invalidates shared targets when it is destroyed
ok 89 - specialist damages its selected facility and invalidates shared targets when it is destroyed
  ---
  duration_ms: 0.709055
  type: 'test'
  ...
# Subtest: a newly built priority facility requests rerouting without teleporting an enemy off its current road
ok 90 - a newly built priority facility requests rerouting without teleporting an enemy off its current road
  ---
  duration_ms: 1.56479
  type: 'test'
  ...
# Subtest: loaded source chunk materializes a persistent enemy-source site
ok 91 - loaded source chunk materializes a persistent enemy-source site
  ---
  duration_ms: 3.43465
  type: 'test'
  ...
# Subtest: player can clear an enemy source on site and stop future frontier waves
ok 92 - player can clear an enemy source on site and stop future frontier waves
  ---
  duration_ms: 2.460796
  type: 'test'
  ...
# Subtest: enemy source interaction requires proximity and a clear local area
ok 93 - enemy source interaction requires proximity and a clear local area
  ---
  duration_ms: 0.763701
  type: 'test'
  ...
# Subtest: loaded chunks are processed once for deterministic ambient discoveries
ok 94 - loaded chunks are processed once for deterministic ambient discoveries
  ---
  duration_ms: 0.876782
  type: 'test'
  ...
# Subtest: exploration renderer draws active sites with a minimal canvas context
ok 95 - exploration renderer draws active sites with a minimal canvas context
  ---
  duration_ms: 0.593865
  type: 'test'
  ...
# Subtest: deployment preview is non-destructive and dispatch spends the assault cost once
ok 96 - deployment preview is non-destructive and dispatch spends the assault cost once
  ---
  duration_ms: 3.294603
  type: 'test'
  ...
# Subtest: friendly squad stops to fight enemies and both sides exchange damage
ok 97 - friendly squad stops to fight enemies and both sides exchange damage
  ---
  duration_ms: 3.55391
  type: 'test'
  ...
# Subtest: squad destroys an enemy base, schedules respawn and returns to its origin
ok 98 - squad destroys an enemy base, schedules respawn and returns to its origin
  ---
  duration_ms: 2.571118
  type: 'test'
  ...
# Subtest: friendly squads survive JSON save and restore without exact base coordinates
ok 99 - friendly squads survive JSON save and restore without exact base coordinates
  ---
  duration_ms: 1.572301
  type: 'test'
  ...
# Subtest: remote friendly squads only advance when the dormant regional interval is due
ok 100 - remote friendly squads only advance when the dormant regional interval is due
  ---
  duration_ms: 2.119061
  type: 'test'
  ...
# Subtest: dead-end roads at unexplored chunk borders become frontier candidates
ok 101 - dead-end roads at unexplored chunk borders become frontier candidates
  ---
  duration_ms: 2.046666
  type: 'test'
  ...
# Subtest: frontier source stays fixed while its entry point advances with map expansion
ok 102 - frontier source stays fixed while its entry point advances with map expansion
  ---
  duration_ms: 2.349042
  type: 'test'
  ...
# Subtest: frontier system launches enemies from a map-edge entry node
ok 103 - frontier system launches enemies from a map-edge entry node
  ---
  duration_ms: 1.294663
  type: 'test'
  ...
# Subtest: frontier identity is hidden until the signal is localized
ok 104 - frontier identity is hidden until the signal is localized
  ---
  duration_ms: 2.488327
  type: 'test'
  ...
# Subtest: frontier renderer tolerates a minimal canvas context
ok 105 - frontier renderer tolerates a minimal canvas context
  ---
  duration_ms: 0.826075
  type: 'test'
  ...
# Subtest: source module graph has no circular dependencies
ok 106 - source module graph has no circular dependencies
  ---
  duration_ms: 394.785532
  type: 'test'
  ...
# Subtest: twelve-hour simulation remains bounded, serializable and within enemy cap
ok 107 - twelve-hour simulation remains bounded, serializable and within enemy cap
  ---
  duration_ms: 1581.543669
  type: 'test'
  ...
# Subtest: same state and elapsed time produce the same offline game result
ok 108 - same state and elapsed time produce the same offline game result
  ---
  duration_ms: 403.328467
  type: 'test'
  ...
# Subtest: legacy save is converted once into the clean schema
ok 109 - legacy save is converted once into the clean schema
  ---
  duration_ms: 2.991501
  type: 'test'
  ...
# Subtest: offline simulation is bounded and reports the applied duration
ok 110 - offline simulation is bounded and reports the applied duration
  ---
  duration_ms: 1.110044
  type: 'test'
  ...
# Subtest: offline simulation advances the canonical world clock
ok 111 - offline simulation advances the canonical world clock
  ---
  duration_ms: 0.418001
  type: 'test'
  ...
# Subtest: default endpoints use current public global instances
ok 112 - default endpoints use current public global instances
  ---
  duration_ms: 1.569717
  type: 'test'
  ...
# Subtest: query filters road classes before download
ok 113 - query filters road classes before download
  ---
  duration_ms: 0.324609
  type: 'test'
  ...
# Subtest: JSONP URL contains encoded query and callback
ok 114 - JSONP URL contains encoded query and callback
  ---
  duration_ms: 0.346503
  type: 'test'
  ...
# Subtest: browser JSONP resolves payload and cleans callback
ok 115 - browser JSONP resolves payload and cleans callback
  ---
  duration_ms: 0.712254
  type: 'test'
  ...
# Subtest: browser mode prefers JSONP and does not call fetch after success
ok 116 - browser mode prefers JSONP and does not call fetch after success
  ---
  duration_ms: 0.431721
  type: 'test'
  ...
# Subtest: JSONP failure falls back to official minimal POST request
ok 117 - JSONP failure falls back to official minimal POST request
  ---
  duration_ms: 0.718674
  type: 'test'
  ...
# Subtest: failed endpoint falls back to the next endpoint
ok 118 - failed endpoint falls back to the next endpoint
  ---
  duration_ms: 0.363458
  type: 'test'
  ...
# Subtest: all failures include endpoint and transport diagnostics
ok 119 - all failures include endpoint and transport diagnostics
  ---
  duration_ms: 0.757613
  type: 'test'
  ...
# Subtest: caller abort stops attempts immediately
ok 120 - caller abort stops attempts immediately
  ---
  duration_ms: 0.736251
  type: 'test'
  ...
# Subtest: development client can disable JSONP and use the injected fetch directly
ok 121 - development client can disable JSONP and use the injected fetch directly
  ---
  duration_ms: 2.1751
  type: 'test'
  ...
# Subtest: balanced profile limits simulation, rendering and DPR
ok 122 - balanced profile limits simulation, rendering and DPR
  ---
  duration_ms: 0.831964
  type: 'test'
  ...
# Subtest: game loop decouples simulation, civilization and rendering rates
ok 123 - game loop decouples simulation, civilization and rendering rates
  ---
  duration_ms: 3.741969
  type: 'test'
  ...
# Subtest: combat spatial index returns only nearby active enemies
ok 124 - combat spatial index returns only nearby active enemies
  ---
  duration_ms: 1.245869
  type: 'test'
  ...
# Subtest: renderer caches static radar and road layers between frames
ok 125 - renderer caches static radar and road layers between frames
  ---
  duration_ms: 2.611779
  type: 'test'
  ...
# Subtest: civilization level increases the active player-base limit by one
ok 126 - civilization level increases the active player-base limit by one
  ---
  duration_ms: 0.760206
  type: 'test'
  ...
# Subtest: base placement requires an unlocked slot, fresh position, nearby road and minimum separation
ok 127 - base placement requires an unlocked slot, fresh position, nearby road and minimum separation
  ---
  duration_ms: 82.026823
  type: 'test'
  ...
# Subtest: establishing a base adds a remote construction and simulation anchor
ok 128 - establishing a base adds a remote construction and simulation anchor
  ---
  duration_ms: 1.24629
  type: 'test'
  ...
# Subtest: secondary bases survive save and restore without retaining exact location fields
ok 129 - secondary bases survive save and restore without retaining exact location fields
  ---
  duration_ms: 1.486542
  type: 'test'
  ...
# Subtest: civilization projects require cumulative artifacts recovered in the field
ok 130 - civilization projects require cumulative artifacts recovered in the field
  ---
  duration_ms: 1.106048
  type: 'test'
  ...
# Subtest: PWA registers the current service worker on HTTPS
ok 131 - PWA registers the current service worker on HTTPS
  ---
  duration_ms: 1.195793
  type: 'test'
  ...
# Subtest: PWA is skipped for an allowed development fixture
ok 132 - PWA is skipped for an allowed development fixture
  ---
  duration_ms: 0.519553
  type: 'test'
  ...
# Subtest: public devFixture query does not disable production PWA registration
ok 133 - public devFixture query does not disable production PWA registration
  ---
  duration_ms: 2.293114
  type: 'test'
  ...
# Subtest: PWA registration failure does not stop the game
ok 134 - PWA registration failure does not stop the game
  ---
  duration_ms: 0.394014
  type: 'test'
  ...
# Subtest: radar renderer is integrated without changing the map input owner
ok 135 - radar renderer is integrated without changing the map input owner
  ---
  duration_ms: 7.631283
  type: 'test'
  ...
# Subtest: radar theme exposes tactical palette and mobile layout rules
ok 136 - radar theme exposes tactical palette and mobile layout rules
  ---
  duration_ms: 82.993395
  type: 'test'
  ...
# Subtest: combat and road renderers use radar glyphs and glow rather than emoji labels
ok 137 - combat and road renderers use radar glyphs and glow rather than emoji labels
  ---
  duration_ms: 4.876184
  type: 'test'
  ...
# Subtest: radar canvas layers render with a minimal canvas context
ok 138 - radar canvas layers render with a minimal canvas context
  ---
  duration_ms: 3.651407
  type: 'test'
  ...
# Subtest: playing footer stays clear of the combat toolbar
ok 139 - playing footer stays clear of the combat toolbar
  ---
  duration_ms: 2.753262
  type: 'test'
  ...
# Subtest: radar preferences apply defaults and cycle without game state
ok 140 - radar preferences apply defaults and cycle without game state
  ---
  duration_ms: 1.280831
  type: 'test'
  ...
# Subtest: bootstrap imports RadarPreferences before constructing it
ok 141 - bootstrap imports RadarPreferences before constructing it
  ---
  duration_ms: 7.517802
  type: 'test'
  ...
# Subtest: touch devices default to the power-saving radar profile
ok 142 - touch devices default to the power-saving radar profile
  ---
  duration_ms: 0.295456
  type: 'test'
  ...
# Subtest: destroying an enemy base creates one persistent recovery item at the destroyed base
ok 143 - destroying an enemy base creates one persistent recovery item at the destroyed base
  ---
  duration_ms: 82.182984
  type: 'test'
  ...
# Subtest: recovery requires the player to be within the physical collection range
ok 144 - recovery requires the player to be within the physical collection range
  ---
  duration_ms: 0.555758
  type: 'test'
  ...
# Subtest: recovery rejects stale or inaccurate geolocation even at the item position
ok 145 - recovery rejects stale or inaccurate geolocation even at the item position
  ---
  duration_ms: 0.210618
  type: 'test'
  ...
# Subtest: manual collection requires five seconds in range, grants once and removes the recovered item
ok 146 - manual collection requires five seconds in range, grants once and removes the recovered item
  ---
  duration_ms: 0.55048
  type: 'test'
  ...
# Subtest: leaving the collection radius cancels progress without removing the item
ok 147 - leaving the collection radius cancels progress without removing the item
  ---
  duration_ms: 0.415146
  type: 'test'
  ...
# Subtest: uncollected recovery items survive save and restore while live location freshness does not
ok 148 - uncollected recovery items survive save and restore while live location freshness does not
  ---
  duration_ms: 1.33264
  type: 'test'
  ...
# Subtest: refactor schema 1 scrap is migrated into canonical resources
ok 149 - refactor schema 1 scrap is migrated into canonical resources
  ---
  duration_ms: 2.552199
  type: 'test'
  ...
# Subtest: world chunks use deterministic grid ids and reversible centers
ok 150 - world chunks use deterministic grid ids and reversible centers
  ---
  duration_ms: 1.473006
  type: 'test'
  ...
# Subtest: initial chunk state only marks chunks fully covered by the initial acquisition
ok 151 - initial chunk state only marks chunks fully covered by the initial acquisition
  ---
  duration_ms: 0.518833
  type: 'test'
  ...
# Subtest: graph merge preserves existing ids, joins nearby endpoints and removes duplicate edges
ok 152 - graph merge preserves existing ids, joins nearby endpoints and removes duplicate edges
  ---
  duration_ms: 1.593744
  type: 'test'
  ...
# Subtest: chunk cache isolates worlds and can remove one world
ok 153 - chunk cache isolates worlds and can remove one world
  ---
  duration_ms: 0.500505
  type: 'test'
  ...
# Subtest: RoadService chunk acquisition projects roads into the original world coordinate system
ok 154 - RoadService chunk acquisition projects roads into the original world coordinate system
  ---
  duration_ms: 9.553623
  type: 'test'
  ...
# Subtest: parallel carriageways with the same identity collapse into one gameplay road
ok 155 - parallel carriageways with the same identity collapse into one gameplay road
  ---
  duration_ms: 1.967377
  type: 'test'
  ...
# Subtest: nearby roads with different names remain separate
ok 156 - nearby roads with different names remain separate
  ---
  duration_ms: 0.294614
  type: 'test'
  ...
# Subtest: clustered intersections build a connected graph and combat route
ok 157 - clustered intersections build a connected graph and combat route
  ---
  duration_ms: 3.143651
  type: 'test'
  ...
# Subtest: one RoadService load performs one acquisition and produces indexed graph data
ok 158 - one RoadService load performs one acquisition and produces indexed graph data
  ---
  duration_ms: 92.440121
  type: 'test'
  ...
# Subtest: chunk prefetch only includes crossed or nearby grid edges
ok 159 - chunk prefetch only includes crossed or nearby grid edges
  ---
  duration_ms: 1.42521
  type: 'test'
  ...
# Subtest: manager merges a new chunk, records it and persists a compact cache entry
ok 160 - manager merges a new chunk, records it and persists a compact cache entry
  ---
  duration_ms: 3.228835
  type: 'test'
  ...
# Subtest: manager loads a cached chunk without calling the road server
ok 161 - manager loads a cached chunk without calling the road server
  ---
  duration_ms: 0.812495
  type: 'test'
  ...
# Subtest: failed acquisitions are cooled down instead of queued on every position update
ok 162 - failed acquisitions are cooled down instead of queued on every position update
  ---
  duration_ms: 77.840529
  type: 'test'
  ...
# Subtest: chunk centers remain based on the original world center
ok 163 - chunk centers remain based on the original world center
  ---
  duration_ms: 0.195034
  type: 'test'
  ...
# Subtest: save data remains JSON and graph indexes are reconstructed after load
ok 164 - save data remains JSON and graph indexes are reconstructed after load
  ---
  duration_ms: 2.671419
  type: 'test'
  ...
# Subtest: v0.19 object-form road graphs remain loadable after compact saves are introduced
ok 165 - v0.19 object-form road graphs remain loadable after compact saves are introduced
  ---
  duration_ms: 0.333132
  type: 'test'
  ...
# Subtest: lifecycle follows the new startup sequence
ok 166 - lifecycle follows the new startup sequence
  ---
  duration_ms: 3.23618
  type: 'test'
  ...
# Subtest: invalid transition is rejected
ok 167 - invalid transition is rejected
  ---
  duration_ms: 0.564271
  type: 'test'
  ...
# Subtest: state snapshots cannot mutate the store
ok 168 - state snapshots cannot mutate the store
  ---
  duration_ms: 0.247083
  type: 'test'
  ...
# Subtest: source contains no legacy function override pattern or duplicate fetchRoadGraph
ok 169 - source contains no legacy function override pattern or duplicate fetchRoadGraph
  ---
  duration_ms: 206.367007
  type: 'test'
  ...
# Subtest: repair relay remains available as a build tool
ok 170 - repair relay remains available as a build tool
  ---
  duration_ms: 1.421454
  type: 'test'
  ...
# Subtest: only one tab owns the synchronous storage lease
ok 171 - only one tab owns the synchronous storage lease
  ---
  duration_ms: 0.915541
  type: 'test'
  ...
# Subtest: broadcast fallback elects one primary tab when storage is unavailable
ok 172 - broadcast fallback elects one primary tab when storage is unavailable
  ---
  duration_ms: 0.765624
  type: 'test'
  ...
# Subtest: remaining route distance accounts for current edge progress
ok 173 - remaining route distance accounts for current edge progress
  ---
  duration_ms: 1.265168
  type: 'test'
  ...
# Subtest: threat level escalates from contact to critical
ok 174 - threat level escalates from contact to critical
  ---
  duration_ms: 0.539454
  type: 'test'
  ...
# Subtest: clear threat reports stable defense line
ok 175 - clear threat reports stable defense line
  ---
  duration_ms: 0.26529
  type: 'test'
  ...
# Subtest: tactical routes and focus render with a minimal canvas context
ok 176 - tactical routes and focus render with a minimal canvas context
  ---
  duration_ms: 82.627093
  type: 'test'
  ...
# Subtest: selected enemy base no longer renders a misleading player capture radius
ok 177 - selected enemy base no longer renders a misleading player capture radius
  ---
  duration_ms: 0.601256
  type: 'test'
  ...
# Subtest: HUD and modal CSS do not use unreadably small explicit type
ok 178 - HUD and modal CSS do not use unreadably small explicit type
  ---
  duration_ms: 6.182018
  type: 'test'
  ...
# Subtest: Canvas labels retain a readable minimum without changing world scale
ok 179 - Canvas labels retain a readable minimum without changing world scale
  ---
  duration_ms: 4.467977
  type: 'test'
  ...
# Subtest: larger tool labels receive matching control height and context clearance
ok 180 - larger tool labels receive matching control height and context clearance
  ---
  duration_ms: 2.989423
  type: 'test'
  ...
# Subtest: a fully destroyed wave increments perfect defense streak exactly once
ok 181 - a fully destroyed wave increments perfect defense streak exactly once
  ---
  duration_ms: 3.733115
  type: 'test'
  ...
# Subtest: civilization level creates resource bases without duplicating them
ok 182 - civilization level creates resource bases without duplicating them
  ---
  duration_ms: 1.156754
  type: 'test'
  ...
# Subtest: initial base placement excludes civilization resource bases
ok 183 - initial base placement excludes civilization resource bases
  ---
  duration_ms: 11.678337
  type: 'test'
  ...
# Subtest: destroyed base waits for its respawn timer and then reappears elsewhere
ok 184 - destroyed base waits for its respawn timer and then reappears elsewhere
  ---
  duration_ms: 0.926216
  type: 'test'
  ...
# Subtest: region activity follows the nearest city or player anchor
ok 185 - region activity follows the nearest city or player anchor
  ---
  duration_ms: 1.944598
  type: 'test'
  ...
# Subtest: regional clocks only release peripheral and dormant simulation at their intervals
ok 186 - regional clocks only release peripheral and dormant simulation at their intervals
  ---
  duration_ms: 0.878354
  type: 'test'
  ...
# Subtest: dormant enemies and facilities advance only when the remote interval is due
ok 187 - dormant enemies and facilities advance only when the remote interval is due
  ---
  duration_ms: 3.987543
  type: 'test'
  ...
# Subtest: road graph spatial index excludes distant roads from local queries
ok 188 - road graph spatial index excludes distant roads from local queries
  ---
  duration_ms: 1.122042
  type: 'test'
  ...
# Subtest: expanded road graphs use compact save encoding and restore gameplay fields
ok 189 - expanded road graphs use compact save encoding and restore gameplay fields
  ---
  duration_ms: 3.995245
  type: 'test'
  ...
1..189
# tests 189
# suites 0
# pass 189
# fail 0
# cancelled 0
# skipped 0
# todo 0
# duration_ms 3416.419427
