
> frontline-roads-refactor@0.28.1 verify
> npm run syntax && npm test


> frontline-roads-refactor@0.28.1 syntax
> find src tests -name '*.js' -print0 | xargs -0 -n1 node --check && node --check sw.js


> frontline-roads-refactor@0.28.1 test
> node --test

TAP version 13
# Subtest: HTML references only existing local app resources and required controls exist
ok 1 - HTML references only existing local app resources and required controls exist
  ---
  duration_ms: 68.541618
  type: 'test'
  ...
# Subtest: every required DOM id used by bootstrap exists in HTML
ok 2 - every required DOM id used by bootstrap exists in HTML
  ---
  duration_ms: 9.182399
  type: 'test'
  ...
# Subtest: service worker app shell contains every runtime source file and all paths exist
ok 3 - service worker app shell contains every runtime source file and all paths exist
  ---
  duration_ms: 217.899291
  type: 'test'
  ...
# Subtest: development tree has no premature single-HTML build output
ok 4 - development tree has no premature single-HTML build output
  ---
  duration_ms: 2.880739
  type: 'test'
  ...
# Subtest: service worker only deletes FRONTLINE ROADS caches
ok 5 - service worker only deletes FRONTLINE ROADS caches
  ---
  duration_ms: 4.533787
  type: 'test'
  ...
# Subtest: service worker falls back to HTML only for navigation requests
ok 6 - service worker falls back to HTML only for navigation requests
  ---
  duration_ms: 5.41411
  type: 'test'
  ...
# Subtest: release version is synchronized across package, runtime label and service-worker cache
ok 7 - release version is synchronized across package, runtime label and service-worker cache
  ---
  duration_ms: 66.516145
  type: 'test'
  ...
# Subtest: storage denial is detected without crashing construction
ok 8 - storage denial is detected without crashing construction
  ---
  duration_ms: 2.507519
  type: 'test'
  ...
# Subtest: invalid shallow save is quarantined instead of bricking startup
ok 9 - invalid shallow save is quarantined instead of bricking startup
  ---
  duration_ms: 2.459984
  type: 'test'
  ...
# Subtest: saved game removes exact position history and rounds map origin
ok 10 - saved game removes exact position history and rounds map origin
  ---
  duration_ms: 3.80337
  type: 'test'
  ...
# Subtest: state validation rejects malformed saved road graph
ok 11 - state validation rejects malformed saved road graph
  ---
  duration_ms: 0.441817
  type: 'test'
  ...
# Subtest: stone gate conversion cannot be used before civilization level 2
ok 12 - stone gate conversion cannot be used before civilization level 2
  ---
  duration_ms: 1.232861
  type: 'test'
  ...
# Subtest: path invalidation waits for the current edge instead of teleporting backward
ok 13 - path invalidation waits for the current edge instead of teleporting backward
  ---
  duration_ms: 2.969759
  type: 'test'
  ...
# Subtest: grade-separated endpoints are not merged into one intersection
ok 14 - grade-separated endpoints are not merged into one intersection
  ---
  duration_ms: 2.00722
  type: 'test'
  ...
# Subtest: long OSM geometry is subdivided rather than discarded
ok 15 - long OSM geometry is subdivided rather than discarded
  ---
  duration_ms: 50.012511
  type: 'test'
  ...
# Subtest: complete reset clears current, legacy, and backup save keys
ok 16 - complete reset clears current, legacy, and backup save keys
  ---
  duration_ms: 22.32303
  type: 'test'
  ...
# Subtest: production source only enables dev fixture on local or explicit test origins
ok 17 - production source only enables dev fixture on local or explicit test origins
  ---
  duration_ms: 93.038617
  type: 'test'
  ...
# Subtest: development fixture disables browser JSONP and uses injected road data
ok 18 - development fixture disables browser JSONP and uses injected road data
  ---
  duration_ms: 3.430174
  type: 'test'
  ...
# Subtest: tier-zero area and slow defenses use the approved restrained values
ok 19 - tier-zero area and slow defenses use the approved restrained values
  ---
  duration_ms: 3.017517
  type: 'test'
  ...
# Subtest: area defense applies full damage to one target, reduced splash and a hard target cap
ok 20 - area defense applies full damage to one target, reduced splash and a hard target cap
  ---
  duration_ms: 2.861275
  type: 'test'
  ...
# Subtest: slow defense affects only the nearest approved number of targets
ok 21 - slow defense affects only the nearest approved number of targets
  ---
  duration_ms: 0.761109
  type: 'test'
  ...
# Subtest: enemy base growth follows age thresholds and civilization caps
ok 22 - enemy base growth follows age thresholds and civilization caps
  ---
  duration_ms: 0.668744
  type: 'test'
  ...
# Subtest: enemy level multipliers scale durability, attack and speed without runaway speed growth
ok 23 - enemy level multipliers scale durability, attack and speed without runaway speed growth
  ---
  duration_ms: 0.552478
  type: 'test'
  ...
# Subtest: spawned enemies retain the source base level and scaled HP for their lifetime
ok 24 - spawned enemies retain the source base level and scaled HP for their lifetime
  ---
  duration_ms: 1.193357
  type: 'test'
  ...
# Subtest: enemy base levels add exactly one unit per level
ok 25 - enemy base levels add exactly one unit per level
  ---
  duration_ms: 1.485489
  type: 'test'
  ...
# Subtest: new civilization enemy generations phase in at 15, 30, 45 and 60 minutes
ok 26 - new civilization enemy generations phase in at 15, 30, 45 and 60 minutes
  ---
  duration_ms: 0.407085
  type: 'test'
  ...
# Subtest: higher enemy base levels increase pressure gradually rather than all at once
ok 27 - higher enemy base levels increase pressure gradually rather than all at once
  ---
  duration_ms: 0.683058
  type: 'test'
  ...
# Subtest: a level-two mixed wave now reaches a city defended only by tier-zero area and slow facilities
ok 28 - a level-two mixed wave now reaches a city defended only by tier-zero area and slow facilities
  ---
  duration_ms: 127.433921
  type: 'test'
  ...
# Subtest: a heavier level-two formation creates meaningful pressure without instantly defeating the city
ok 29 - a heavier level-two formation creates meaningful pressure without instantly defeating the city
  ---
  duration_ms: 63.215559
  type: 'test'
  ...
# Subtest: enemy base level increases emit one visible threat notification
ok 30 - enemy base level increases emit one visible threat notification
  ---
  duration_ms: 1.867272
  type: 'test'
  ...
# Subtest: enemy individual level and scaled HP survive save and restore
ok 31 - enemy individual level and scaled HP survive save and restore
  ---
  duration_ms: 292.251246
  type: 'test'
  ...
# Subtest: a new civilization generation keeps the previous generation during its opening grace window
ok 32 - a new civilization generation keeps the previous generation during its opening grace window
  ---
  duration_ms: 0.84122
  type: 'test'
  ...
# Subtest: enemy system applies the spawned enemy level to movement and city damage
ok 33 - enemy system applies the spawned enemy level to movement and city damage
  ---
  duration_ms: 0.627858
  type: 'test'
  ...
# Subtest: base command panel summarizes remote threats, facilities, squads and recoveries
ok 34 - base command panel summarizes remote threats, facilities, squads and recoveries
  ---
  duration_ms: 4.991257
  type: 'test'
  ...
# Subtest: base command UI lists all bases and switches the map camera without moving the player
ok 35 - base command UI lists all bases and switches the map camera without moving the player
  ---
  duration_ms: 4.653091
  type: 'test'
  ...
# Subtest: base command UI establishes an unlocked base at the current road position
ok 36 - base command UI establishes an unlocked base at the current road position
  ---
  duration_ms: 4.382775
  type: 'test'
  ...
# Subtest: combat renderer includes a distinct marker for secondary player bases
ok 37 - combat renderer includes a distinct marker for secondary player bases
  ---
  duration_ms: 133.732001
  type: 'test'
  ...
# Subtest: base command UI lists simple bases separately and can focus or rebuild a destroyed one
ok 38 - base command UI lists simple bases separately and can focus or rebuild a destroyed one
  ---
  duration_ms: 4.113704
  type: 'test'
  ...
# Subtest: combat renderer includes a distinct marker for simple bases and ruins
ok 39 - combat renderer includes a distinct marker for simple bases and ruins
  ---
  duration_ms: 40.588347
  type: 'test'
  ...
# Subtest: selection snaps to the existing graph and creates a base without refetching
ok 40 - selection snaps to the existing graph and creates a base without refetching
  ---
  duration_ms: 5.123694
  type: 'test'
  ...
# Subtest: a tap outside the road tolerance is rejected
ok 41 - a tap outside the road tolerance is rejected
  ---
  duration_ms: 0.318746
  type: 'test'
  ...
# Subtest: base placement uses a dedicated map viewport instead of drawing behind controls
ok 42 - base placement uses a dedicated map viewport instead of drawing behind controls
  ---
  duration_ms: 27.89551
  type: 'test'
  ...
# Subtest: base placement screen keeps the canvas clip synchronized with the viewport
ok 43 - base placement screen keeps the canvas clip synchronized with the viewport
  ---
  duration_ms: 62.536332
  type: 'test'
  ...
# Subtest: barrier highlighting is clipped to the build-radius portion of a road
ok 44 - barrier highlighting is clipped to the build-radius portion of a road
  ---
  duration_ms: 3.34997
  type: 'test'
  ...
# Subtest: build placement overlay draws valid sites, build radius and candidate effect radius
ok 45 - build placement overlay draws valid sites, build radius and candidate effect radius
  ---
  duration_ms: 1.908171
  type: 'test'
  ...
# Subtest: barrier overlay tolerates a minimal canvas implementation
ok 46 - barrier overlay tolerates a minimal canvas implementation
  ---
  duration_ms: 1.849918
  type: 'test'
  ...
# Subtest: renderer draws construction guidance after combat effects so candidates stay visible
ok 47 - renderer draws construction guidance after combat effects so candidates stay visible
  ---
  duration_ms: 103.192091
  type: 'test'
  ...
# Subtest: build sites expose only unoccupied placements inside the home-base range
ok 48 - build sites expose only unoccupied placements inside the home-base range
  ---
  duration_ms: 11.628629
  type: 'test'
  ...
# Subtest: previewing a candidate does not consume resources or create a defense
ok 49 - previewing a candidate does not consume resources or create a defense
  ---
  duration_ms: 2.093232
  type: 'test'
  ...
# Subtest: a confirmed candidate consumes resources exactly once and creates the selected defense
ok 50 - a confirmed candidate consumes resources exactly once and creates the selected defense
  ---
  duration_ms: 11.528925
  type: 'test'
  ...
# Subtest: a stale candidate is rejected without spending resources
ok 51 - a stale candidate is rejected without spending resources
  ---
  duration_ms: 3.041891
  type: 'test'
  ...
# Subtest: candidate confirmation rechecks resources that changed after preview
ok 52 - candidate confirmation rechecks resources that changed after preview
  ---
  duration_ms: 1.906032
  type: 'test'
  ...
# Subtest: barrier candidates retain the tapped road position and reject out-of-range points
ok 53 - barrier candidates retain the tapped road position and reject out-of-range points
  ---
  duration_ms: 1.135008
  type: 'test'
  ...
# Subtest: rebuilding a ruined placement at the same world time creates a distinct defense id
ok 54 - rebuilding a ruined placement at the same world time creates a distinct defense id
  ---
  duration_ms: 50.597561
  type: 'test'
  ...
# Subtest: preview skips an occupied nearest intersection when another valid intersection is within the tap tolerance
ok 55 - preview skips an occupied nearest intersection when another valid intersection is within the tap tolerance
  ---
  duration_ms: 1.000999
  type: 'test'
  ...
# Subtest: preview skips an occupied nearest road when another valid road is within the tap tolerance
ok 56 - preview skips an occupied nearest road when another valid road is within the tap tolerance
  ---
  duration_ms: 1.42922
  type: 'test'
  ...
# Subtest: player position creates a second build zone away from the home base
ok 57 - player position creates a second build zone away from the home base
  ---
  duration_ms: 1.666352
  type: 'test'
  ...
# Subtest: a current-location candidate is rejected if the player leaves its build zone before confirmation
ok 58 - a current-location candidate is rejected if the player leaves its build zone before confirmation
  ---
  duration_ms: 0.665936
  type: 'test'
  ...
# Subtest: overlapping home-base and player positions are represented as one build zone
ok 59 - overlapping home-base and player positions are represented as one build zone
  ---
  duration_ms: 0.545514
  type: 'test'
  ...
# Subtest: inventory has one canonical resource store and preserves overflow
ok 60 - inventory has one canonical resource store and preserves overflow
  ---
  duration_ms: 5.758786
  type: 'test'
  ...
# Subtest: production reserves inputs once and completes through the civilization update
ok 61 - production reserves inputs once and completes through the civilization update
  ---
  duration_ms: 3.627571
  type: 'test'
  ...
# Subtest: enemy bases are no longer captured by standing nearby
ok 62 - enemy bases are no longer captured by standing nearby
  ---
  duration_ms: 0.256861
  type: 'test'
  ...
# Subtest: legacy ruined outposts can still be restored and produce resources
ok 63 - legacy ruined outposts can still be restored and produce resources
  ---
  duration_ms: 1.697178
  type: 'test'
  ...
# Subtest: settlement damage ruins a building and disables its production
ok 64 - settlement damage ruins a building and disables its production
  ---
  duration_ms: 0.967463
  type: 'test'
  ...
# Subtest: production overflow stays in the building buffer until collection
ok 65 - production overflow stays in the building buffer until collection
  ---
  duration_ms: 1.497187
  type: 'test'
  ...
# Subtest: map tap only selects a build candidate and confirmation performs the mutation
ok 66 - map tap only selects a build candidate and confirmation performs the mutation
  ---
  duration_ms: 391.855671
  type: 'test'
  ...
# Subtest: combat UI no longer calls immediate buildAt from map taps
ok 67 - combat UI no longer calls immediate buildAt from map taps
  ---
  duration_ms: 5.770629
  type: 'test'
  ...
# Subtest: an invalid second tap clears the previous candidate to prevent confirming the wrong location
ok 68 - an invalid second tap clears the previous candidate to prevent confirming the wrong location
  ---
  duration_ms: 2.399802
  type: 'test'
  ...
# Subtest: build confirmation is disabled while the selected facility is unaffordable
ok 69 - build confirmation is disabled while the selected facility is unaffordable
  ---
  duration_ms: 2.832949
  type: 'test'
  ...
# Subtest: combat effect buffer is capped and prunes expired effects
ok 70 - combat effect buffer is capped and prunes expired effects
  ---
  duration_ms: 1.666032
  type: 'test'
  ...
# Subtest: event bus creates transient shot and city warning effects
ok 71 - event bus creates transient shot and city warning effects
  ---
  duration_ms: 2.501113
  type: 'test'
  ...
# Subtest: manual defense upgrade events create a visible pulse
ok 72 - manual defense upgrade events create a visible pulse
  ---
  duration_ms: 0.629882
  type: 'test'
  ...
# Subtest: barrier changes weighted enemy route without creating another graph
ok 73 - barrier changes weighted enemy route without creating another graph
  ---
  duration_ms: 4.214174
  type: 'test'
  ...
# Subtest: enemy position follows path direction rather than edge storage direction
ok 74 - enemy position follows path direction rather than edge storage direction
  ---
  duration_ms: 1.961757
  type: 'test'
  ...
# Subtest: build range is measured from established home base
ok 75 - build range is measured from established home base
  ---
  duration_ms: 3.712209
  type: 'test'
  ...
# Subtest: gun tower damages an enemy in range
ok 76 - gun tower damages an enemy in range
  ---
  duration_ms: 2.225028
  type: 'test'
  ...
# Subtest: enemy reaching the city deals damage and is removed
ok 77 - enemy reaching the city deals damage and is removed
  ---
  duration_ms: 2.070475
  type: 'test'
  ...
# Subtest: repair relay consumes resources and repairs only the most damaged target
ok 78 - repair relay consumes resources and repairs only the most damaged target
  ---
  duration_ms: 0.920979
  type: 'test'
  ...
# Subtest: city defeat never creates negative resources and reports unpaid emergency recovery honestly
ok 79 - city defeat never creates negative resources and reports unpaid emergency recovery honestly
  ---
  duration_ms: 282.272338
  type: 'test'
  ...
# Subtest: barrier has player-facing role, effect, placement and numeric metrics
ok 80 - barrier has player-facing role, effect, placement and numeric metrics
  ---
  duration_ms: 1.762794
  type: 'test'
  ...
# Subtest: gun has player-facing role, effect, placement and numeric metrics
ok 81 - gun has player-facing role, effect, placement and numeric metrics
  ---
  duration_ms: 0.394708
  type: 'test'
  ...
# Subtest: mortar has player-facing role, effect, placement and numeric metrics
ok 82 - mortar has player-facing role, effect, placement and numeric metrics
  ---
  duration_ms: 0.430893
  type: 'test'
  ...
# Subtest: slow has player-facing role, effect, placement and numeric metrics
ok 83 - slow has player-facing role, effect, placement and numeric metrics
  ---
  duration_ms: 0.221443
  type: 'test'
  ...
# Subtest: relay has player-facing role, effect, placement and numeric metrics
ok 84 - relay has player-facing role, effect, placement and numeric metrics
  ---
  duration_ms: 0.666936
  type: 'test'
  ...
# Subtest: all defense tiers define deterministic durability and sequential upgrade costs
ok 85 - all defense tiers define deterministic durability and sequential upgrade costs
  ---
  duration_ms: 2.01125
  type: 'test'
  ...
# Subtest: defense upgrades are sequential and locked to civilization level
ok 86 - defense upgrades are sequential and locked to civilization level
  ---
  duration_ms: 4.542543
  type: 'test'
  ...
# Subtest: upgrading preserves damage ratio instead of fully healing the facility
ok 87 - upgrading preserves damage ratio instead of fully healing the facility
  ---
  duration_ms: 0.989954
  type: 'test'
  ...
# Subtest: tier synchronization upgrades legacy durability without changing its health percentage
ok 88 - tier synchronization upgrades legacy durability without changing its health percentage
  ---
  duration_ms: 0.31934
  type: 'test'
  ...
# Subtest: destroyed and maximum-tier defenses cannot be upgraded
ok 89 - destroyed and maximum-tier defenses cannot be upgraded
  ---
  duration_ms: 68.992664
  type: 'test'
  ...
# Subtest: gate conversion starts at tier two and preserves the prior health ratio
ok 90 - gate conversion starts at tier two and preserves the prior health ratio
  ---
  duration_ms: 1.226293
  type: 'test'
  ...
# Subtest: combat UI shows the current tier name, next-tier changes, cost and lock state
ok 91 - combat UI shows the current tier name, next-tier changes, cost and lock state
  ---
  duration_ms: 325.20248
  type: 'test'
  ...
# Subtest: civilization panel explains the current defense tier ceiling and next unlock
ok 92 - civilization panel explains the current defense tier ceiling and next unlock
  ---
  duration_ms: 86.863587
  type: 'test'
  ...
# Subtest: applying a tier uses the explicit durability table for every facility class
ok 93 - applying a tier uses the explicit durability table for every facility class
  ---
  duration_ms: 0.817671
  type: 'test'
  ...
# Subtest: upgraded attack statistics are used by live combat rather than only the UI
ok 94 - upgraded attack statistics are used by live combat rather than only the UI
  ---
  duration_ms: 2.629539
  type: 'test'
  ...
# Subtest: defense details remain scrollable after the larger upgrade preview is added
ok 95 - defense details remain scrollable after the larger upgrade preview is added
  ---
  duration_ms: 90.515338
  type: 'test'
  ...
# Subtest: top HUD no longer exposes a global deployment button
ok 96 - top HUD no longer exposes a global deployment button
  ---
  duration_ms: 22.705953
  type: 'test'
  ...
# Subtest: enemy-base deployment opens with the tapped target fixed
ok 97 - enemy-base deployment opens with the tapped target fixed
  ---
  duration_ms: 84.756376
  type: 'test'
  ...
# Subtest: recovery-item deployment keeps the selected item fixed and only offers retrieval squads
ok 98 - recovery-item deployment keeps the selected item fixed and only offers retrieval squads
  ---
  duration_ms: 1.968371
  type: 'test'
  ...
# Subtest: combat target context exposes direct deployment actions
ok 99 - combat target context exposes direct deployment actions
  ---
  duration_ms: 94.234451
  type: 'test'
  ...
# Subtest: combat renderer includes visible friendly squad markers
ok 100 - combat renderer includes visible friendly squad markers
  ---
  duration_ms: 5.604693
  type: 'test'
  ...
# Subtest: enemy types make different barrier decisions from break time and detour time
ok 101 - enemy types make different barrier decisions from break time and detour time
  ---
  duration_ms: 6.098861
  type: 'test'
  ...
# Subtest: balanced infantry breaches a weakened wall instead of taking a long detour
ok 102 - balanced infantry breaches a weakened wall instead of taking a long detour
  ---
  duration_ms: 0.880445
  type: 'test'
  ...
# Subtest: raider selects repair support before ordinary weapon towers
ok 103 - raider selects repair support before ordinary weapon towers
  ---
  duration_ms: 2.089357
  type: 'test'
  ...
# Subtest: rope cutter selects slowing equipment before repair support
ok 104 - rope cutter selects slowing equipment before repair support
  ---
  duration_ms: 1.348959
  type: 'test'
  ...
# Subtest: specialist damages its selected facility and invalidates shared targets when it is destroyed
ok 105 - specialist damages its selected facility and invalidates shared targets when it is destroyed
  ---
  duration_ms: 2.074206
  type: 'test'
  ...
# Subtest: a newly built priority facility requests rerouting without teleporting an enemy off its current road
ok 106 - a newly built priority facility requests rerouting without teleporting an enemy off its current road
  ---
  duration_ms: 4.686752
  type: 'test'
  ...
# Subtest: loaded source chunk materializes a persistent enemy-source site
ok 107 - loaded source chunk materializes a persistent enemy-source site
  ---
  duration_ms: 6.093208
  type: 'test'
  ...
# Subtest: player can clear an enemy source on site and stop future frontier waves
ok 108 - player can clear an enemy source on site and stop future frontier waves
  ---
  duration_ms: 78.723158
  type: 'test'
  ...
# Subtest: enemy source interaction requires proximity and a clear local area
ok 109 - enemy source interaction requires proximity and a clear local area
  ---
  duration_ms: 2.174016
  type: 'test'
  ...
# Subtest: loaded chunks are processed once for deterministic ambient discoveries
ok 110 - loaded chunks are processed once for deterministic ambient discoveries
  ---
  duration_ms: 95.040151
  type: 'test'
  ...
# Subtest: exploration renderer draws active sites with a minimal canvas context
ok 111 - exploration renderer draws active sites with a minimal canvas context
  ---
  duration_ms: 1.453784
  type: 'test'
  ...
# Subtest: civilization level provides a separate simple-base limit
ok 112 - civilization level provides a separate simple-base limit
  ---
  duration_ms: 2.337121
  type: 'test'
  ...
# Subtest: simple-base placement requires civilization unlock, fresh GPS, road access and separation
ok 113 - simple-base placement requires civilization unlock, fresh GPS, road access and separation
  ---
  duration_ms: 3.550145
  type: 'test'
  ...
# Subtest: simple base has 40 HP and creates only a 50m construction anchor
ok 114 - simple base has 40 HP and creates only a 50m construction anchor
  ---
  duration_ms: 2.723481
  type: 'test'
  ...
# Subtest: current assault squad can deploy from an active simple base
ok 115 - current assault squad can deploy from an active simple base
  ---
  duration_ms: 2.642912
  type: 'test'
  ...
# Subtest: nearby enemies can destroy a simple base and remove its construction and deployment roles
ok 116 - nearby enemies can destroy a simple base and remove its construction and deployment roles
  ---
  duration_ms: 3.601551
  type: 'test'
  ...
# Subtest: destroyed simple base keeps its slot and can only be rebuilt at the site
ok 117 - destroyed simple base keeps its slot and can only be rebuilt at the site
  ---
  duration_ms: 0.798841
  type: 'test'
  ...
# Subtest: simple-base state survives save and restore without precise location metadata
ok 118 - simple-base state survives save and restore without precise location metadata
  ---
  duration_ms: 2.534086
  type: 'test'
  ...
# Subtest: a distant simple base does not pull attackers away from a much nearer city
ok 119 - a distant simple base does not pull attackers away from a much nearer city
  ---
  duration_ms: 81.054554
  type: 'test'
  ...
# Subtest: standing at a simple base keeps the wider current-location construction zone
ok 120 - standing at a simple base keeps the wider current-location construction zone
  ---
  duration_ms: 2.798972
  type: 'test'
  ...
# Subtest: a major base cannot be placed on top of an active simple base
ok 121 - a major base cannot be placed on top of an active simple base
  ---
  duration_ms: 1.726648
  type: 'test'
  ...
# Subtest: a destroyed simple-base ruin still blocks overlapping major-base placement
ok 122 - a destroyed simple-base ruin still blocks overlapping major-base placement
  ---
  duration_ms: 0.642355
  type: 'test'
  ...
# Subtest: an active simple base anchors regional simulation but a destroyed one does not
ok 123 - an active simple base anchors regional simulation but a destroyed one does not
  ---
  duration_ms: 110.407298
  type: 'test'
  ...
# Subtest: an enemy chooses a nearby simple base when it is meaningfully closer than the city
ok 124 - an enemy chooses a nearby simple base when it is meaningfully closer than the city
  ---
  duration_ms: 1.083474
  type: 'test'
  ...
# Subtest: deployment preview is non-destructive and dispatch spends the assault cost once
ok 125 - deployment preview is non-destructive and dispatch spends the assault cost once
  ---
  duration_ms: 94.790544
  type: 'test'
  ...
# Subtest: friendly squad stops to fight enemies and both sides exchange damage
ok 126 - friendly squad stops to fight enemies and both sides exchange damage
  ---
  duration_ms: 86.115893
  type: 'test'
  ...
# Subtest: squad destroys an enemy base, schedules respawn and returns to its origin
ok 127 - squad destroys an enemy base, schedules respawn and returns to its origin
  ---
  duration_ms: 9.758546
  type: 'test'
  ...
# Subtest: friendly squads survive JSON save and restore without exact base coordinates
ok 128 - friendly squads survive JSON save and restore without exact base coordinates
  ---
  duration_ms: 4.171992
  type: 'test'
  ...
# Subtest: remote friendly squads only advance when the dormant regional interval is due
ok 129 - remote friendly squads only advance when the dormant regional interval is due
  ---
  duration_ms: 3.732409
  type: 'test'
  ...
# Subtest: friendly order overlay draws selectable nodes, routes, destination and waypoints on a minimal canvas
ok 130 - friendly order overlay draws selectable nodes, routes, destination and waypoints on a minimal canvas
  ---
  duration_ms: 184.632497
  type: 'test'
  ...
# Subtest: combat UI exposes stop, retreat, withdraw, resume and two-waypoint route planning
ok 131 - combat UI exposes stop, retreat, withdraw, resume and two-waypoint route planning
  ---
  duration_ms: 9.255724
  type: 'test'
  ...
# Subtest: renderer places squad order guidance above combat and construction layers
ok 132 - renderer places squad order guidance above combat and construction layers
  ---
  duration_ms: 3.471098
  type: 'test'
  ...
# Subtest: stop holds a squad at its exact road position while retaining the mission
ok 133 - stop holds a squad at its exact road position while retaining the mission
  ---
  duration_ms: 9.080292
  type: 'test'
  ...
# Subtest: route command issued mid-edge preserves position and joins the chosen route at the next intersection
ok 134 - route command issued mid-edge preserves position and joins the chosen route at the next intersection
  ---
  duration_ms: 1.944586
  type: 'test'
  ...
# Subtest: retreat reaches the selected node, stops there, and keeps the original attack mission
ok 135 - retreat reaches the selected node, stops there, and keeps the original attack mission
  ---
  duration_ms: 84.338577
  type: 'test'
  ...
# Subtest: withdraw abandons the mission and begins recovery only after it reaches the origin
ok 136 - withdraw abandons the mission and begins recovery only after it reaches the origin
  ---
  duration_ms: 6.705413
  type: 'test'
  ...
# Subtest: stopping a retreat preserves the retreat destination for route-selected resume
ok 137 - stopping a retreat preserves the retreat destination for route-selected resume
  ---
  duration_ms: 1.058363
  type: 'test'
  ...
# Subtest: retreat validation rejects a node closer to the hostile base and accepts an owned base behind the squad
ok 138 - retreat validation rejects a node closer to the hostile base and accepts an owned base behind the squad
  ---
  duration_ms: 1.212496
  type: 'test'
  ...
# Subtest: route planner exposes distinct shortest, enemy-avoidance and friendly-support choices when the road graph allows them
ok 139 - route planner exposes distinct shortest, enemy-avoidance and friendly-support choices when the road graph allows them
  ---
  duration_ms: 3.878676
  type: 'test'
  ...
# Subtest: waypoints force every generated route through the selected intersections
ok 140 - waypoints force every generated route through the selected intersections
  ---
  duration_ms: 1.256284
  type: 'test'
  ...
# Subtest: retreating through a newly encountered enemy does not grant invulnerability
ok 141 - retreating through a newly encountered enemy does not grant invulnerability
  ---
  duration_ms: 305.02518
  type: 'test'
  ...
# Subtest: friendly orders, selected route and history survive save and restore
ok 142 - friendly orders, selected route and history survive save and restore
  ---
  duration_ms: 80.892056
  type: 'test'
  ...
# Subtest: a rejected withdraw route leaves the original mission untouched
ok 143 - a rejected withdraw route leaves the original mission untouched
  ---
  duration_ms: 0.859213
  type: 'test'
  ...
# Subtest: route orders reject paths whose edges do not connect the declared node sequence
ok 144 - route orders reject paths whose edges do not connect the declared node sequence
  ---
  duration_ms: 0.448905
  type: 'test'
  ...
# Subtest: route estimates include the remaining distance on the squad current road segment
ok 145 - route estimates include the remaining distance on the squad current road segment
  ---
  duration_ms: 0.571209
  type: 'test'
  ...
# Subtest: a map tap near a displayed route selects that route instead of becoming a waypoint
ok 146 - a map tap near a displayed route selects that route instead of becoming a waypoint
  ---
  duration_ms: 1.31056
  type: 'test'
  ...
# Subtest: civilization level one unlocks treatment and field aid with the approved progression
ok 147 - civilization level one unlocks treatment and field aid with the approved progression
  ---
  duration_ms: 2.496096
  type: 'test'
  ...
# Subtest: major bases recover a returned squad to full health and keep it ready for redeployment
ok 148 - major bases recover a returned squad to full health and keep it ready for redeployment
  ---
  duration_ms: 5.961871
  type: 'test'
  ...
# Subtest: a treatment facility accelerates healing and reorganization at a major base
ok 149 - a treatment facility accelerates healing and reorganization at a major base
  ---
  duration_ms: 5.489839
  type: 'test'
  ...
# Subtest: a field base without an aid station reorganizes but does not heal a light squad
ok 150 - a field base without an aid station reorganizes but does not heal a light squad
  ---
  duration_ms: 2.128669
  type: 'test'
  ...
# Subtest: a field aid station heals assault and skirmisher squads up to seventy percent
ok 151 - a field aid station heals assault and skirmisher squads up to seventy percent
  ---
  duration_ms: 78.35465
  type: 'test'
  ...
# Subtest: field aid does not heal non-light squads if legacy data places one at a field base
ok 152 - field aid does not heal non-light squads if legacy data places one at a field base
  ---
  duration_ms: 1.676429
  type: 'test'
  ...
# Subtest: recovering squads block dispatch while a ready squad of the same type redeploys without cost
ok 153 - recovering squads block dispatch while a ready squad of the same type redeploys without cost
  ---
  duration_ms: 7.344655
  type: 'test'
  ...
# Subtest: selecting a different type replaces a ready garrison and charges the new formation cost
ok 154 - selecting a different type replaces a ready garrison and charges the new formation cost
  ---
  duration_ms: 1.285786
  type: 'test'
  ...
# Subtest: medical and field aid facilities are restricted to their matching base types and one slot each
ok 155 - medical and field aid facilities are restricted to their matching base types and one slot each
  ---
  duration_ms: 3.920037
  type: 'test'
  ...
# Subtest: destroying a treatment facility immediately falls back to natural base recovery
ok 156 - destroying a treatment facility immediately falls back to natural base recovery
  ---
  duration_ms: 1.137735
  type: 'test'
  ...
# Subtest: recovery state and progress survive save and restore
ok 157 - recovery state and progress survive save and restore
  ---
  duration_ms: 2.734568
  type: 'test'
  ...
# Subtest: a recovering squad evacuates to the nearest major base when its field base is destroyed
ok 158 - a recovering squad evacuates to the nearest major base when its field base is destroyed
  ---
  duration_ms: 86.436414
  type: 'test'
  ...
# Subtest: recovery and ready garrisons reject tactical movement orders
ok 159 - recovery and ready garrisons reject tactical movement orders
  ---
  duration_ms: 1.199271
  type: 'test'
  ...
# Subtest: treatment capacity queues excess squads without losing recovery state
ok 160 - treatment capacity queues excess squads without losing recovery state
  ---
  duration_ms: 0.653417
  type: 'test'
  ...
# Subtest: tier-three treatment facilities process two recovering squads at once
ok 161 - tier-three treatment facilities process two recovering squads at once
  ---
  duration_ms: 0.427486
  type: 'test'
  ...
# Subtest: friendly unit unlock levels and simple-base deployment restrictions are enforced
ok 162 - friendly unit unlock levels and simple-base deployment restrictions are enforced
  ---
  duration_ms: 85.758712
  type: 'test'
  ...
# Subtest: skirmisher damage strongly favors light enemies and is weak against armored enemies
ok 163 - skirmisher damage strongly favors light enemies and is weak against armored enemies
  ---
  duration_ms: 0.513979
  type: 'test'
  ...
# Subtest: siege squad damages enemy bases much faster than the assault squad
ok 164 - siege squad damages enemy bases much faster than the assault squad
  ---
  duration_ms: 3.715835
  type: 'test'
  ...
# Subtest: nearby heavy squad intercepts part of the damage aimed at another friendly squad
ok 165 - nearby heavy squad intercepts part of the damage aimed at another friendly squad
  ---
  duration_ms: 2.857815
  type: 'test'
  ...
# Subtest: expedition squad heals only after its non-combat recovery delay
ok 166 - expedition squad heals only after its non-combat recovery delay
  ---
  duration_ms: 1.361691
  type: 'test'
  ...
# Subtest: all friendly unit types preserve their identity and combat state through save and restore
ok 167 - all friendly unit types preserve their identity and combat state through save and restore
  ---
  duration_ms: 5.205691
  type: 'test'
  ...
# Subtest: skirmisher prioritizes a light specialist over a nearer ordinary infantry target
ok 168 - skirmisher prioritizes a light specialist over a nearer ordinary infantry target
  ---
  duration_ms: 83.154414
  type: 'test'
  ...
# Subtest: mixed friendly unit types remain valid through extended regional combat simulation
ok 169 - mixed friendly unit types remain valid through extended regional combat simulation
  ---
  duration_ms: 499.568849
  type: 'test'
  ...
# Subtest: dead-end roads at unexplored chunk borders become frontier candidates
ok 170 - dead-end roads at unexplored chunk borders become frontier candidates
  ---
  duration_ms: 3.173376
  type: 'test'
  ...
# Subtest: frontier source stays fixed while its entry point advances with map expansion
ok 171 - frontier source stays fixed while its entry point advances with map expansion
  ---
  duration_ms: 80.243913
  type: 'test'
  ...
# Subtest: frontier system launches enemies from a map-edge entry node
ok 172 - frontier system launches enemies from a map-edge entry node
  ---
  duration_ms: 2.450231
  type: 'test'
  ...
# Subtest: frontier identity is hidden until the signal is localized
ok 173 - frontier identity is hidden until the signal is localized
  ---
  duration_ms: 0.333851
  type: 'test'
  ...
# Subtest: frontier renderer tolerates a minimal canvas context
ok 174 - frontier renderer tolerates a minimal canvas context
  ---
  duration_ms: 1.518759
  type: 'test'
  ...
# Subtest: source module graph has no circular dependencies
ok 175 - source module graph has no circular dependencies
  ---
  duration_ms: 1099.18897
  type: 'test'
  ...
# Subtest: twelve-hour simulation remains bounded, serializable and within enemy cap
ok 176 - twelve-hour simulation remains bounded, serializable and within enemy cap
  ---
  duration_ms: 3369.972066
  type: 'test'
  ...
# Subtest: same state and elapsed time produce the same offline game result
ok 177 - same state and elapsed time produce the same offline game result
  ---
  duration_ms: 848.325321
  type: 'test'
  ...
# Subtest: legacy save is converted once into the clean schema
ok 178 - legacy save is converted once into the clean schema
  ---
  duration_ms: 6.993839
  type: 'test'
  ...
# Subtest: offline simulation is bounded and reports the applied duration
ok 179 - offline simulation is bounded and reports the applied duration
  ---
  duration_ms: 2.551479
  type: 'test'
  ...
# Subtest: offline simulation advances the canonical world clock
ok 180 - offline simulation advances the canonical world clock
  ---
  duration_ms: 0.769397
  type: 'test'
  ...
# Subtest: default endpoints use current public global instances
ok 181 - default endpoints use current public global instances
  ---
  duration_ms: 3.638871
  type: 'test'
  ...
# Subtest: query filters road classes before download
ok 182 - query filters road classes before download
  ---
  duration_ms: 0.546645
  type: 'test'
  ...
# Subtest: JSONP URL contains encoded query and callback
ok 183 - JSONP URL contains encoded query and callback
  ---
  duration_ms: 0.59945
  type: 'test'
  ...
# Subtest: browser JSONP resolves payload and cleans callback
ok 184 - browser JSONP resolves payload and cleans callback
  ---
  duration_ms: 0.982024
  type: 'test'
  ...
# Subtest: browser mode prefers JSONP and does not call fetch after success
ok 185 - browser mode prefers JSONP and does not call fetch after success
  ---
  duration_ms: 0.766284
  type: 'test'
  ...
# Subtest: JSONP failure falls back to official minimal POST request
ok 186 - JSONP failure falls back to official minimal POST request
  ---
  duration_ms: 1.215379
  type: 'test'
  ...
# Subtest: failed endpoint falls back to the next endpoint
ok 187 - failed endpoint falls back to the next endpoint
  ---
  duration_ms: 0.550763
  type: 'test'
  ...
# Subtest: all failures include endpoint and transport diagnostics
ok 188 - all failures include endpoint and transport diagnostics
  ---
  duration_ms: 1.133678
  type: 'test'
  ...
# Subtest: caller abort stops attempts immediately
ok 189 - caller abort stops attempts immediately
  ---
  duration_ms: 1.031723
  type: 'test'
  ...
# Subtest: development client can disable JSONP and use the injected fetch directly
ok 190 - development client can disable JSONP and use the injected fetch directly
  ---
  duration_ms: 81.589924
  type: 'test'
  ...
# Subtest: balanced profile limits simulation, rendering and DPR
ok 191 - balanced profile limits simulation, rendering and DPR
  ---
  duration_ms: 1.530405
  type: 'test'
  ...
# Subtest: game loop decouples simulation, civilization and rendering rates
ok 192 - game loop decouples simulation, civilization and rendering rates
  ---
  duration_ms: 1.300696
  type: 'test'
  ...
# Subtest: combat spatial index returns only nearby active enemies
ok 193 - combat spatial index returns only nearby active enemies
  ---
  duration_ms: 1.923469
  type: 'test'
  ...
# Subtest: renderer caches static radar and road layers between frames
ok 194 - renderer caches static radar and road layers between frames
  ---
  duration_ms: 77.897438
  type: 'test'
  ...
# Subtest: tactical route choices use spatial snapshots instead of rescanning every enemy and defense per road edge
ok 195 - tactical route choices use spatial snapshots instead of rescanning every enemy and defense per road edge
  ---
  duration_ms: 1012.227695
  type: 'test'
  ...
# Subtest: civilization level increases the active player-base limit by one
ok 196 - civilization level increases the active player-base limit by one
  ---
  duration_ms: 1.606609
  type: 'test'
  ...
# Subtest: base placement requires an unlocked slot, fresh position, nearby road and minimum separation
ok 197 - base placement requires an unlocked slot, fresh position, nearby road and minimum separation
  ---
  duration_ms: 3.5904
  type: 'test'
  ...
# Subtest: establishing a base adds a remote construction and simulation anchor
ok 198 - establishing a base adds a remote construction and simulation anchor
  ---
  duration_ms: 3.96748
  type: 'test'
  ...
# Subtest: secondary bases survive save and restore without retaining exact location fields
ok 199 - secondary bases survive save and restore without retaining exact location fields
  ---
  duration_ms: 5.648278
  type: 'test'
  ...
# Subtest: civilization projects require cumulative artifacts recovered in the field
ok 200 - civilization projects require cumulative artifacts recovered in the field
  ---
  duration_ms: 2.114396
  type: 'test'
  ...
# Subtest: PWA registers the current service worker on HTTPS
ok 201 - PWA registers the current service worker on HTTPS
  ---
  duration_ms: 2.429762
  type: 'test'
  ...
# Subtest: PWA is skipped for an allowed development fixture
ok 202 - PWA is skipped for an allowed development fixture
  ---
  duration_ms: 0.50692
  type: 'test'
  ...
# Subtest: public devFixture query does not disable production PWA registration
ok 203 - public devFixture query does not disable production PWA registration
  ---
  duration_ms: 75.277322
  type: 'test'
  ...
# Subtest: PWA registration failure does not stop the game
ok 204 - PWA registration failure does not stop the game
  ---
  duration_ms: 0.705004
  type: 'test'
  ...
# Subtest: radar renderer is integrated without changing the map input owner
ok 205 - radar renderer is integrated without changing the map input owner
  ---
  duration_ms: 18.710067
  type: 'test'
  ...
# Subtest: radar theme exposes tactical palette and mobile layout rules
ok 206 - radar theme exposes tactical palette and mobile layout rules
  ---
  duration_ms: 76.685356
  type: 'test'
  ...
# Subtest: combat and road renderers use radar glyphs and glow rather than emoji labels
ok 207 - combat and road renderers use radar glyphs and glow rather than emoji labels
  ---
  duration_ms: 9.910329
  type: 'test'
  ...
# Subtest: radar canvas layers render with a minimal canvas context
ok 208 - radar canvas layers render with a minimal canvas context
  ---
  duration_ms: 8.610635
  type: 'test'
  ...
# Subtest: playing footer stays clear of the combat toolbar
ok 209 - playing footer stays clear of the combat toolbar
  ---
  duration_ms: 81.622198
  type: 'test'
  ...
# Subtest: radar preferences apply defaults and cycle without game state
ok 210 - radar preferences apply defaults and cycle without game state
  ---
  duration_ms: 1.961794
  type: 'test'
  ...
# Subtest: bootstrap imports RadarPreferences before constructing it
ok 211 - bootstrap imports RadarPreferences before constructing it
  ---
  duration_ms: 95.589848
  type: 'test'
  ...
# Subtest: touch devices default to the power-saving radar profile
ok 212 - touch devices default to the power-saving radar profile
  ---
  duration_ms: 0.705161
  type: 'test'
  ...
# Subtest: destroying an enemy base creates one persistent recovery item at the destroyed base
ok 213 - destroying an enemy base creates one persistent recovery item at the destroyed base
  ---
  duration_ms: 4.84336
  type: 'test'
  ...
# Subtest: recovery requires the player to be within the physical collection range
ok 214 - recovery requires the player to be within the physical collection range
  ---
  duration_ms: 1.106776
  type: 'test'
  ...
# Subtest: recovery rejects stale or inaccurate geolocation even at the item position
ok 215 - recovery rejects stale or inaccurate geolocation even at the item position
  ---
  duration_ms: 0.593821
  type: 'test'
  ...
# Subtest: manual collection requires five seconds in range, grants once and removes the recovered item
ok 216 - manual collection requires five seconds in range, grants once and removes the recovered item
  ---
  duration_ms: 1.306713
  type: 'test'
  ...
# Subtest: leaving the collection radius cancels progress without removing the item
ok 217 - leaving the collection radius cancels progress without removing the item
  ---
  duration_ms: 1.04736
  type: 'test'
  ...
# Subtest: uncollected recovery items survive save and restore while live location freshness does not
ok 218 - uncollected recovery items survive save and restore while live location freshness does not
  ---
  duration_ms: 2.40537
  type: 'test'
  ...
# Subtest: refactor schema 1 scrap is migrated into canonical resources
ok 219 - refactor schema 1 scrap is migrated into canonical resources
  ---
  duration_ms: 77.053086
  type: 'test'
  ...
# Subtest: retrieval squad is deliberately weak and works from major and field bases
ok 220 - retrieval squad is deliberately weak and works from major and field bases
  ---
  duration_ms: 2.173269
  type: 'test'
  ...
# Subtest: dispatch reserves a recovery item and preview does not mutate it
ok 221 - dispatch reserves a recovery item and preview does not mutate it
  ---
  duration_ms: 6.33081
  type: 'test'
  ...
# Subtest: retrieval squad collects for eight seconds and grants the artifact only after returning
ok 222 - retrieval squad collects for eight seconds and grants the artifact only after returning
  ---
  duration_ms: 92.59343
  type: 'test'
  ...
# Subtest: destroying a squad before pickup releases the item at its original location
ok 223 - destroying a squad before pickup releases the item at its original location
  ---
  duration_ms: 2.604359
  type: 'test'
  ...
# Subtest: destroying a squad while carrying drops the item at the destruction point
ok 224 - destroying a squad while carrying drops the item at the destruction point
  ---
  duration_ms: 5.809847
  type: 'test'
  ...
# Subtest: withdrawing before pickup abandons the recovery mission and releases the item
ok 225 - withdrawing before pickup abandons the recovery mission and releases the item
  ---
  duration_ms: 1.362083
  type: 'test'
  ...
# Subtest: field bases can deploy and reorganize retrieval squads
ok 226 - field bases can deploy and reorganize retrieval squads
  ---
  duration_ms: 1.339853
  type: 'test'
  ...
# Subtest: reserved recovery mission survives save and restore without exposing exact live location data
ok 227 - reserved recovery mission survives save and restore without exposing exact live location data
  ---
  duration_ms: 2.082451
  type: 'test'
  ...
# Subtest: manual collection in progress blocks deployment without consuming resources or changing a ready squad
ok 228 - manual collection in progress blocks deployment without consuming resources or changing a ready squad
  ---
  duration_ms: 77.666094
  type: 'test'
  ...
# Subtest: orphaned reservations become available again after squad data is lost
ok 229 - orphaned reservations become available again after squad data is lost
  ---
  duration_ms: 1.506956
  type: 'test'
  ...
# Subtest: a real heavy enemy quickly destroys the weak retrieval squad and releases its reservation
ok 230 - a real heavy enemy quickly destroys the weak retrieval squad and releases its reservation
  ---
  duration_ms: 3.081574
  type: 'test'
  ...
# Subtest: remote retrieval completes under active, peripheral, and dormant regional intervals
ok 231 - remote retrieval completes under active, peripheral, and dormant regional intervals
  ---
  duration_ms: 416.475498
  type: 'test'
  ...
# Subtest: world chunks use deterministic grid ids and reversible centers
ok 232 - world chunks use deterministic grid ids and reversible centers
  ---
  duration_ms: 3.917125
  type: 'test'
  ...
# Subtest: initial chunk state only marks chunks fully covered by the initial acquisition
ok 233 - initial chunk state only marks chunks fully covered by the initial acquisition
  ---
  duration_ms: 64.977898
  type: 'test'
  ...
# Subtest: graph merge preserves existing ids, joins nearby endpoints and removes duplicate edges
ok 234 - graph merge preserves existing ids, joins nearby endpoints and removes duplicate edges
  ---
  duration_ms: 4.57158
  type: 'test'
  ...
# Subtest: chunk cache isolates worlds and can remove one world
ok 235 - chunk cache isolates worlds and can remove one world
  ---
  duration_ms: 1.645361
  type: 'test'
  ...
# Subtest: RoadService chunk acquisition projects roads into the original world coordinate system
ok 236 - RoadService chunk acquisition projects roads into the original world coordinate system
  ---
  duration_ms: 95.76804
  type: 'test'
  ...
# Subtest: parallel carriageways with the same identity collapse into one gameplay road
ok 237 - parallel carriageways with the same identity collapse into one gameplay road
  ---
  duration_ms: 75.149896
  type: 'test'
  ...
# Subtest: nearby roads with different names remain separate
ok 238 - nearby roads with different names remain separate
  ---
  duration_ms: 0.676781
  type: 'test'
  ...
# Subtest: clustered intersections build a connected graph and combat route
ok 239 - clustered intersections build a connected graph and combat route
  ---
  duration_ms: 7.411809
  type: 'test'
  ...
# Subtest: one RoadService load performs one acquisition and produces indexed graph data
ok 240 - one RoadService load performs one acquisition and produces indexed graph data
  ---
  duration_ms: 287.410435
  type: 'test'
  ...
# Subtest: chunk prefetch only includes crossed or nearby grid edges
ok 241 - chunk prefetch only includes crossed or nearby grid edges
  ---
  duration_ms: 3.262106
  type: 'test'
  ...
# Subtest: manager merges a new chunk, records it and persists a compact cache entry
ok 242 - manager merges a new chunk, records it and persists a compact cache entry
  ---
  duration_ms: 6.738241
  type: 'test'
  ...
# Subtest: manager loads a cached chunk without calling the road server
ok 243 - manager loads a cached chunk without calling the road server
  ---
  duration_ms: 1.601939
  type: 'test'
  ...
# Subtest: failed acquisitions cool down without blocking unrelated nearby chunks
ok 244 - failed acquisitions cool down without blocking unrelated nearby chunks
  ---
  duration_ms: 1.432699
  type: 'test'
  ...
# Subtest: chunk centers remain based on the original world center
ok 245 - chunk centers remain based on the original world center
  ---
  duration_ms: 0.248158
  type: 'test'
  ...
# Subtest: save data remains JSON and graph indexes are reconstructed after load
ok 246 - save data remains JSON and graph indexes are reconstructed after load
  ---
  duration_ms: 4.656174
  type: 'test'
  ...
# Subtest: v0.19 object-form road graphs remain loadable after compact saves are introduced
ok 247 - v0.19 object-form road graphs remain loadable after compact saves are introduced
  ---
  duration_ms: 0.71143
  type: 'test'
  ...
# Subtest: lifecycle follows the new startup sequence
ok 248 - lifecycle follows the new startup sequence
  ---
  duration_ms: 3.324187
  type: 'test'
  ...
# Subtest: invalid transition is rejected
ok 249 - invalid transition is rejected
  ---
  duration_ms: 1.034777
  type: 'test'
  ...
# Subtest: state snapshots cannot mutate the store
ok 250 - state snapshots cannot mutate the store
  ---
  duration_ms: 0.39771
  type: 'test'
  ...
# Subtest: source contains no legacy function override pattern or duplicate fetchRoadGraph
ok 251 - source contains no legacy function override pattern or duplicate fetchRoadGraph
  ---
  duration_ms: 702.972807
  type: 'test'
  ...
# Subtest: repair relay remains available as a build tool
ok 252 - repair relay remains available as a build tool
  ---
  duration_ms: 16.357845
  type: 'test'
  ...
# Subtest: survey facility is a civilization level 1 tower with approved tier progression
ok 253 - survey facility is a civilization level 1 tower with approved tier progression
  ---
  duration_ms: 4.191969
  type: 'test'
  ...
# Subtest: survey facility cannot be built before civilization level 1 or from the player-only build zone
ok 254 - survey facility cannot be built before civilization level 1 or from the player-only build zone
  ---
  duration_ms: 4.50245
  type: 'test'
  ...
# Subtest: each owned base can operate only one active survey facility
ok 255 - each owned base can operate only one active survey facility
  ---
  duration_ms: 2.759287
  type: 'test'
  ...
# Subtest: survey candidate selection expands one adjacent unloaded chunk inside the tier radius
ok 256 - survey candidate selection expands one adjacent unloaded chunk inside the tier radius
  ---
  duration_ms: 15.966081
  type: 'test'
  ...
# Subtest: survey-loaded roads are recorded separately from physically observed regions
ok 257 - survey-loaded roads are recorded separately from physically observed regions
  ---
  duration_ms: 4.225627
  type: 'test'
  ...
# Subtest: remote survey does not reveal exact frontier sources or ambient exploration sites
ok 258 - remote survey does not reveal exact frontier sources or ambient exploration sites
  ---
  duration_ms: 1.523372
  type: 'test'
  ...
# Subtest: entering a surveyed chunk promotes it to physical observation and reveals local content
ok 259 - entering a surveyed chunk promotes it to physical observation and reveals local content
  ---
  duration_ms: 2.142482
  type: 'test'
  ...
# Subtest: survey scheduler serializes facilities and enforces a global real-time cooldown
ok 260 - survey scheduler serializes facilities and enforces a global real-time cooldown
  ---
  duration_ms: 63.122746
  type: 'test'
  ...
# Subtest: survey status reports radius, cadence and remaining expansion work
ok 261 - survey status reports radius, cadence and remaining expansion work
  ---
  duration_ms: 1.693141
  type: 'test'
  ...
# Subtest: survey tower upgrade remains gated by the matching civilization level
ok 262 - survey tower upgrade remains gated by the matching civilization level
  ---
  duration_ms: 1.480902
  type: 'test'
  ...
# Subtest: a survey facility anchored to a destroyed simple base stops operating until the base is rebuilt
ok 263 - a survey facility anchored to a destroyed simple base stops operating until the base is rebuilt
  ---
  duration_ms: 0.623549
  type: 'test'
  ...
# Subtest: survey-only road chunks do not receive exact enemy bases before physical observation
ok 264 - survey-only road chunks do not receive exact enemy bases before physical observation
  ---
  duration_ms: 2.149066
  type: 'test'
  ...
# Subtest: survey progress and physical-observation boundaries survive save and restore
ok 265 - survey progress and physical-observation boundaries survive save and restore
  ---
  duration_ms: 1.914256
  type: 'test'
  ...
# Subtest: only one tab owns the synchronous storage lease
ok 266 - only one tab owns the synchronous storage lease
  ---
  duration_ms: 1.646232
  type: 'test'
  ...
# Subtest: broadcast fallback elects one primary tab when storage is unavailable
ok 267 - broadcast fallback elects one primary tab when storage is unavailable
  ---
  duration_ms: 1.839353
  type: 'test'
  ...
# Subtest: remaining route distance accounts for current edge progress
ok 268 - remaining route distance accounts for current edge progress
  ---
  duration_ms: 1.573267
  type: 'test'
  ...
# Subtest: threat level escalates from contact to critical
ok 269 - threat level escalates from contact to critical
  ---
  duration_ms: 0.715915
  type: 'test'
  ...
# Subtest: clear threat reports stable defense line
ok 270 - clear threat reports stable defense line
  ---
  duration_ms: 0.364925
  type: 'test'
  ...
# Subtest: tactical routes and focus render with a minimal canvas context
ok 271 - tactical routes and focus render with a minimal canvas context
  ---
  duration_ms: 85.88472
  type: 'test'
  ...
# Subtest: selected enemy base no longer renders a misleading player capture radius
ok 272 - selected enemy base no longer renders a misleading player capture radius
  ---
  duration_ms: 0.761139
  type: 'test'
  ...
# Subtest: HUD and modal CSS do not use unreadably small explicit type
ok 273 - HUD and modal CSS do not use unreadably small explicit type
  ---
  duration_ms: 10.76186
  type: 'test'
  ...
# Subtest: Canvas labels retain a readable minimum without changing world scale
ok 274 - Canvas labels retain a readable minimum without changing world scale
  ---
  duration_ms: 7.62199
  type: 'test'
  ...
# Subtest: larger tool labels receive matching control height and context clearance
ok 275 - larger tool labels receive matching control height and context clearance
  ---
  duration_ms: 76.151732
  type: 'test'
  ...
# Subtest: a fully destroyed wave increments perfect defense streak exactly once
ok 276 - a fully destroyed wave increments perfect defense streak exactly once
  ---
  duration_ms: 6.198117
  type: 'test'
  ...
# Subtest: civilization level creates resource bases without duplicating them
ok 277 - civilization level creates resource bases without duplicating them
  ---
  duration_ms: 1.885915
  type: 'test'
  ...
# Subtest: initial base placement excludes civilization resource bases
ok 278 - initial base placement excludes civilization resource bases
  ---
  duration_ms: 76.929888
  type: 'test'
  ...
# Subtest: destroyed base waits for its respawn timer and then reappears elsewhere
ok 279 - destroyed base waits for its respawn timer and then reappears elsewhere
  ---
  duration_ms: 1.829481
  type: 'test'
  ...
# Subtest: region activity follows the nearest city or player anchor
ok 280 - region activity follows the nearest city or player anchor
  ---
  duration_ms: 3.497484
  type: 'test'
  ...
# Subtest: regional clocks only release peripheral and dormant simulation at their intervals
ok 281 - regional clocks only release peripheral and dormant simulation at their intervals
  ---
  duration_ms: 1.463603
  type: 'test'
  ...
# Subtest: dormant enemies and facilities advance only when the remote interval is due
ok 282 - dormant enemies and facilities advance only when the remote interval is due
  ---
  duration_ms: 7.370322
  type: 'test'
  ...
# Subtest: road graph spatial index excludes distant roads from local queries
ok 283 - road graph spatial index excludes distant roads from local queries
  ---
  duration_ms: 2.112098
  type: 'test'
  ...
# Subtest: expanded road graphs use compact save encoding and restore gameplay fields
ok 284 - expanded road graphs use compact save encoding and restore gameplay fields
  ---
  duration_ms: 6.77382
  type: 'test'
  ...
1..284
# tests 284
# suites 0
# pass 284
# fail 0
# cancelled 0
# skipped 0
# todo 0
# duration_ms 7656.38874
