FRONTLINE ROADS v0.33.1 verification
VERSION=0.33.1
UTC=2026-06-25T18:37:26Z

> frontline-roads-refactor@0.33.1 verify
> npm run syntax && npm test


> frontline-roads-refactor@0.33.1 syntax
> find src tests tools -type f \( -name '*.js' -o -name '*.mjs' \) -print0 | xargs -0 -n1 node --check && node --check sw.js


> frontline-roads-refactor@0.33.1 test
> node --test --test-concurrency=4

TAP version 13
# Subtest: HTML references only existing local app resources and required controls exist
ok 1 - HTML references only existing local app resources and required controls exist
  ---
  duration_ms: 7.341219
  type: 'test'
  ...
# Subtest: every required DOM id used by bootstrap exists in HTML
ok 2 - every required DOM id used by bootstrap exists in HTML
  ---
  duration_ms: 3.517248
  type: 'test'
  ...
# Subtest: service worker app shell contains every runtime source file and all paths exist
ok 3 - service worker app shell contains every runtime source file and all paths exist
  ---
  duration_ms: 50.6721
  type: 'test'
  ...
# Subtest: development tree has no premature single-HTML build output
ok 4 - development tree has no premature single-HTML build output
  ---
  duration_ms: 1.23251
  type: 'test'
  ...
# Subtest: service worker only deletes FRONTLINE ROADS caches
ok 5 - service worker only deletes FRONTLINE ROADS caches
  ---
  duration_ms: 0.852065
  type: 'test'
  ...
# Subtest: service worker falls back to HTML only for navigation requests
ok 6 - service worker falls back to HTML only for navigation requests
  ---
  duration_ms: 1.057176
  type: 'test'
  ...
# Subtest: release version is synchronized across package, runtime label, HTML loader and service-worker cache
ok 7 - release version is synchronized across package, runtime label, HTML loader and service-worker cache
  ---
  duration_ms: 3.069874
  type: 'test'
  ...
# Subtest: asset startup does not delete caches or unregister service workers before boot
ok 8 - asset startup does not delete caches or unregister service workers before boot
  ---
  duration_ms: 1.017178
  type: 'test'
  ...
# Subtest: GitHub Pages package includes no-Jekyll markers and synchronized root and legacy redirects
ok 9 - GitHub Pages package includes no-Jekyll markers and synchronized root and legacy redirects
  ---
  duration_ms: 2.751711
  type: 'test'
  ...
# Subtest: obsolete top alert frame is absent from the play HUD
ok 10 - obsolete top alert frame is absent from the play HUD
  ---
  duration_ms: 1.847219
  type: 'test'
  ...
# Subtest: storage denial is detected without crashing construction
ok 11 - storage denial is detected without crashing construction
  ---
  duration_ms: 0.878593
  type: 'test'
  ...
# Subtest: invalid shallow save is quarantined instead of bricking startup
ok 12 - invalid shallow save is quarantined instead of bricking startup
  ---
  duration_ms: 1.971217
  type: 'test'
  ...
# Subtest: saved game removes exact position history and rounds map origin
ok 13 - saved game removes exact position history and rounds map origin
  ---
  duration_ms: 1.9562
  type: 'test'
  ...
# Subtest: state validation rejects malformed saved road graph
ok 14 - state validation rejects malformed saved road graph
  ---
  duration_ms: 0.227105
  type: 'test'
  ...
# Subtest: stone gate conversion cannot be used before civilization level 2
ok 15 - stone gate conversion cannot be used before civilization level 2
  ---
  duration_ms: 0.56343
  type: 'test'
  ...
# Subtest: path invalidation waits for the current edge instead of teleporting backward
ok 16 - path invalidation waits for the current edge instead of teleporting backward
  ---
  duration_ms: 1.24345
  type: 'test'
  ...
# Subtest: grade-separated endpoints are not merged into one intersection
ok 17 - grade-separated endpoints are not merged into one intersection
  ---
  duration_ms: 1.392645
  type: 'test'
  ...
# Subtest: long OSM geometry is subdivided rather than discarded
ok 18 - long OSM geometry is subdivided rather than discarded
  ---
  duration_ms: 2.097027
  type: 'test'
  ...
# Subtest: complete reset clears current, legacy, and backup save keys
ok 19 - complete reset clears current, legacy, and backup save keys
  ---
  duration_ms: 0.39415
  type: 'test'
  ...
# Subtest: production source only enables dev fixture on local or explicit test origins
ok 20 - production source only enables dev fixture on local or explicit test origins
  ---
  duration_ms: 9.35275
  type: 'test'
  ...
# Subtest: road loading keeps injected fetch and isolates the script fallback in an opaque sandbox
ok 21 - road loading keeps injected fetch and isolates the script fallback in an opaque sandbox
  ---
  duration_ms: 2.183425
  type: 'test'
  ...
# Subtest: tier-zero area and slow defenses use the approved restrained values
ok 22 - tier-zero area and slow defenses use the approved restrained values
  ---
  duration_ms: 1.278292
  type: 'test'
  ...
# Subtest: area defense applies full damage to one target, reduced splash and a hard target cap
ok 23 - area defense applies full damage to one target, reduced splash and a hard target cap
  ---
  duration_ms: 1.236931
  type: 'test'
  ...
# Subtest: slow defense affects only the nearest approved number of targets
ok 24 - slow defense affects only the nearest approved number of targets
  ---
  duration_ms: 0.402393
  type: 'test'
  ...
# Subtest: enemy base growth follows age thresholds and civilization caps
ok 25 - enemy base growth follows age thresholds and civilization caps
  ---
  duration_ms: 0.234656
  type: 'test'
  ...
# Subtest: enemy level multipliers scale durability, attack and speed without runaway speed growth
ok 26 - enemy level multipliers scale durability, attack and speed without runaway speed growth
  ---
  duration_ms: 0.255827
  type: 'test'
  ...
# Subtest: spawned enemies retain the source base level and scaled HP for their lifetime
ok 27 - spawned enemies retain the source base level and scaled HP for their lifetime
  ---
  duration_ms: 0.658209
  type: 'test'
  ...
# Subtest: enemy base levels add exactly one unit per level
ok 28 - enemy base levels add exactly one unit per level
  ---
  duration_ms: 0.575608
  type: 'test'
  ...
# Subtest: new civilization enemy generations phase in at 15, 30, 45 and 60 minutes
ok 29 - new civilization enemy generations phase in at 15, 30, 45 and 60 minutes
  ---
  duration_ms: 0.197862
  type: 'test'
  ...
# Subtest: higher enemy base levels increase pressure gradually rather than all at once
ok 30 - higher enemy base levels increase pressure gradually rather than all at once
  ---
  duration_ms: 0.330387
  type: 'test'
  ...
# Subtest: a level-two mixed wave now reaches a city defended only by tier-zero area and slow facilities
ok 31 - a level-two mixed wave now reaches a city defended only by tier-zero area and slow facilities
  ---
  duration_ms: 14.505641
  type: 'test'
  ...
# Subtest: a heavier level-two formation creates meaningful pressure without instantly defeating the city
ok 32 - a heavier level-two formation creates meaningful pressure without instantly defeating the city
  ---
  duration_ms: 52.658459
  type: 'test'
  ...
# Subtest: enemy base level increases emit one visible threat notification
ok 33 - enemy base level increases emit one visible threat notification
  ---
  duration_ms: 1.275448
  type: 'test'
  ...
# Subtest: enemy individual level and scaled HP survive save and restore
ok 34 - enemy individual level and scaled HP survive save and restore
  ---
  duration_ms: 27.382899
  type: 'test'
  ...
# Subtest: a new civilization generation keeps the previous generation during its opening grace window
ok 35 - a new civilization generation keeps the previous generation during its opening grace window
  ---
  duration_ms: 1.013181
  type: 'test'
  ...
# Subtest: enemy system applies the spawned enemy level to movement and city damage
ok 36 - enemy system applies the spawned enemy level to movement and city damage
  ---
  duration_ms: 0.303187
  type: 'test'
  ...
# Subtest: base command panel summarizes remote threats, facilities, squads and recoveries
ok 37 - base command panel summarizes remote threats, facilities, squads and recoveries
  ---
  duration_ms: 2.11975
  type: 'test'
  ...
# Subtest: base command UI lists all bases and switches the map camera without moving the player
ok 38 - base command UI lists all bases and switches the map camera without moving the player
  ---
  duration_ms: 1.726772
  type: 'test'
  ...
# Subtest: base command UI establishes an unlocked base at the current road position
ok 39 - base command UI establishes an unlocked base at the current road position
  ---
  duration_ms: 1.408819
  type: 'test'
  ...
# Subtest: combat renderer includes a distinct marker for secondary player bases
ok 40 - combat renderer includes a distinct marker for secondary player bases
  ---
  duration_ms: 4.937694
  type: 'test'
  ...
# Subtest: base command UI lists simple bases separately and can focus or rebuild a destroyed one
ok 41 - base command UI lists simple bases separately and can focus or rebuild a destroyed one
  ---
  duration_ms: 2.27245
  type: 'test'
  ...
# Subtest: combat renderer includes a distinct marker for simple bases and ruins
ok 42 - combat renderer includes a distinct marker for simple bases and ruins
  ---
  duration_ms: 2.670957
  type: 'test'
  ...
# Subtest: selection snaps to the existing graph and creates a base without refetching
ok 43 - selection snaps to the existing graph and creates a base without refetching
  ---
  duration_ms: 1.57633
  type: 'test'
  ...
# Subtest: a tap outside the road tolerance is rejected
ok 44 - a tap outside the road tolerance is rejected
  ---
  duration_ms: 0.140387
  type: 'test'
  ...
# Subtest: base placement uses a dedicated map viewport instead of drawing behind controls
ok 45 - base placement uses a dedicated map viewport instead of drawing behind controls
  ---
  duration_ms: 6.312583
  type: 'test'
  ...
# Subtest: base placement screen keeps the canvas clip synchronized with the viewport
ok 46 - base placement screen keeps the canvas clip synchronized with the viewport
  ---
  duration_ms: 4.043113
  type: 'test'
  ...
# Subtest: renderer switches to a brighter static scene for base selection
ok 47 - renderer switches to a brighter static scene for base selection
  ---
  duration_ms: 2.21437
  type: 'test'
  ...
# Subtest: startup quarantines only validation failures and isolates optional cache restoration
ok 48 - startup quarantines only validation failures and isolates optional cache restoration
  ---
  duration_ms: 0.862961
  type: 'test'
  ...
# Subtest: offline restoration has an explicit rollback boundary and UI failure preserves the save
ok 49 - offline restoration has an explicit rollback boundary and UI failure preserves the save
  ---
  duration_ms: 0.275937
  type: 'test'
  ...
# Subtest: complete reset cancels road-world requests before deleting cached world data
ok 50 - complete reset cancels road-world requests before deleting cached world data
  ---
  duration_ms: 0.207546
  type: 'test'
  ...
# Subtest: barrier highlighting is clipped to the build-radius portion of a road
ok 51 - barrier highlighting is clipped to the build-radius portion of a road
  ---
  duration_ms: 1.510238
  type: 'test'
  ...
# Subtest: build placement overlay draws valid sites, build radius and candidate effect radius
ok 52 - build placement overlay draws valid sites, build radius and candidate effect radius
  ---
  duration_ms: 0.746369
  type: 'test'
  ...
# Subtest: barrier overlay tolerates a minimal canvas implementation
ok 53 - barrier overlay tolerates a minimal canvas implementation
  ---
  duration_ms: 0.37372
  type: 'test'
  ...
# Subtest: renderer draws construction guidance after combat effects so candidates stay visible
ok 54 - renderer draws construction guidance after combat effects so candidates stay visible
  ---
  duration_ms: 6.300005
  type: 'test'
  ...
# Subtest: existing facilities do not expand construction beyond bases and the player
ok 55 - existing facilities do not expand construction beyond bases and the player
  ---
  duration_ms: 2.705052
  type: 'test'
  ...
# Subtest: previewing a candidate does not consume resources or create a defense
ok 56 - previewing a candidate does not consume resources or create a defense
  ---
  duration_ms: 0.725838
  type: 'test'
  ...
# Subtest: a confirmed candidate consumes resources exactly once and creates the selected defense
ok 57 - a confirmed candidate consumes resources exactly once and creates the selected defense
  ---
  duration_ms: 0.752979
  type: 'test'
  ...
# Subtest: a stale candidate is rejected without spending resources
ok 58 - a stale candidate is rejected without spending resources
  ---
  duration_ms: 0.401091
  type: 'test'
  ...
# Subtest: candidate confirmation rechecks resources that changed after preview
ok 59 - candidate confirmation rechecks resources that changed after preview
  ---
  duration_ms: 0.489681
  type: 'test'
  ...
# Subtest: barrier candidates retain the tapped road position and reject out-of-range points
ok 60 - barrier candidates retain the tapped road position and reject out-of-range points
  ---
  duration_ms: 0.582067
  type: 'test'
  ...
# Subtest: a removed destroyed placement is immediately available for replacement construction
ok 61 - a removed destroyed placement is immediately available for replacement construction
  ---
  duration_ms: 2.206834
  type: 'test'
  ...
# Subtest: preview skips an occupied nearest intersection when another valid intersection is within the tap tolerance
ok 62 - preview skips an occupied nearest intersection when another valid intersection is within the tap tolerance
  ---
  duration_ms: 0.360751
  type: 'test'
  ...
# Subtest: preview skips an occupied nearest road when another valid road is within the tap tolerance
ok 63 - preview skips an occupied nearest road when another valid road is within the tap tolerance
  ---
  duration_ms: 0.769177
  type: 'test'
  ...
# Subtest: player position creates a second build zone away from the home base
ok 64 - player position creates a second build zone away from the home base
  ---
  duration_ms: 0.59142
  type: 'test'
  ...
# Subtest: a current-location candidate is rejected if the player leaves its build zone before confirmation
ok 65 - a current-location candidate is rejected if the player leaves its build zone before confirmation
  ---
  duration_ms: 0.397715
  type: 'test'
  ...
# Subtest: overlapping home-base and player positions are represented as one build zone
ok 66 - overlapping home-base and player positions are represented as one build zone
  ---
  duration_ms: 0.189329
  type: 'test'
  ...
# Subtest: a remote facility stays outside the build zone until the player physically reaches it
ok 67 - a remote facility stays outside the build zone until the player physically reaches it
  ---
  duration_ms: 0.297368
  type: 'test'
  ...
# Subtest: removing a defense reopens its placement and invalidates enemy routes
ok 68 - removing a defense reopens its placement and invalidates enemy routes
  ---
  duration_ms: 0.349274
  type: 'test'
  ...
# Subtest: removing an unknown defense does not mutate the state
ok 69 - removing an unknown defense does not mutate the state
  ---
  duration_ms: 0.166465
  type: 'test'
  ...
# Subtest: late civilization balance report covers every level and defense profile
ok 70 - late civilization balance report covers every level and defense profile
  ---
  duration_ms: 4.798114
  type: 'test'
  ...
# Subtest: civilization data extends cleanly through level seven
ok 71 - civilization data extends cleanly through level seven
  ---
  duration_ms: 2.215972
  type: 'test'
  ...
# Subtest: level seven removes territory limits while keeping bounded construction reach
ok 72 - level seven removes territory limits while keeping bounded construction reach
  ---
  duration_ms: 0.244079
  type: 'test'
  ...
# Subtest: late resources, recipes and settlement facilities all have canonical definitions
ok 73 - late resources, recipes and settlement facilities all have canonical definitions
  ---
  duration_ms: 0.39426
  type: 'test'
  ...
# Subtest: every defense line has a complete late-game tier and one non-duplicated explanation
ok 74 - every defense line has a complete late-game tier and one non-duplicated explanation
  ---
  duration_ms: 1.538014
  type: 'test'
  ...
# Subtest: late friendly forces unlock with equipment scaling but retain finite command limits
ok 75 - late friendly forces unlock with equipment scaling but retain finite command limits
  ---
  duration_ms: 0.401842
  type: 'test'
  ...
# Subtest: late enemy generations and density remain hard-capped
ok 76 - late enemy generations and density remain hard-capped
  ---
  duration_ms: 0.355984
  type: 'test'
  ...
# Subtest: enemy base network upgrades old advanced camps and never plans more than ten active types
ok 77 - enemy base network upgrades old advanced camps and never plans more than ten active types
  ---
  duration_ms: 0.619883
  type: 'test'
  ...
# Subtest: a carried wave clock launches only one wave per update instead of dumping its backlog
ok 78 - a carried wave clock launches only one wave per update instead of dumping its backlog
  ---
  duration_ms: 0.88679
  type: 'test'
  ...
# Subtest: civilization durability upgrades preserve existing health percentages
ok 79 - civilization durability upgrades preserve existing health percentages
  ---
  duration_ms: 0.874267
  type: 'test'
  ...
# Subtest: engineer repair, artillery splash and command aura operate in live friendly combat
ok 80 - engineer repair, artillery splash and command aura operate in live friendly combat
  ---
  duration_ms: 3.240631
  type: 'test'
  ...
# Subtest: inventory has one canonical resource store and preserves overflow
ok 81 - inventory has one canonical resource store and preserves overflow
  ---
  duration_ms: 2.53706
  type: 'test'
  ...
# Subtest: production reserves inputs once and completes through the civilization update
ok 82 - production reserves inputs once and completes through the civilization update
  ---
  duration_ms: 1.736342
  type: 'test'
  ...
# Subtest: removed resource outpost subsystem is absent from civilization runtime
ok 83 - removed resource outpost subsystem is absent from civilization runtime
  ---
  duration_ms: 0.117162
  type: 'test'
  ...
# Subtest: settlement damage removes a destroyed building and its production queue
ok 84 - settlement damage removes a destroyed building and its production queue
  ---
  duration_ms: 0.763464
  type: 'test'
  ...
# Subtest: production overflow stays in the building buffer until collection
ok 85 - production overflow stays in the building buffer until collection
  ---
  duration_ms: 0.599803
  type: 'test'
  ...
# Subtest: every civilization project uses implemented requirements and fits the unlocked settlement slots
ok 86 - every civilization project uses implemented requirements and fits the unlocked settlement slots
  ---
  duration_ms: 0.501188
  type: 'test'
  ...
# Subtest: city defeat payment preserves the repair reserve and may pay only the safe surplus
ok 87 - city defeat payment preserves the repair reserve and may pay only the safe surplus
  ---
  duration_ms: 39.52191
  type: 'test'
  ...
# Subtest: enemy regroup deadlines extend but never shorten an existing recovery window
ok 88 - enemy regroup deadlines extend but never shorten an existing recovery window
  ---
  duration_ms: 0.494097
  type: 'test'
  ...
# Subtest: enemy bases pause their launch clock during regroup and resume afterward
ok 89 - enemy bases pause their launch clock during regroup and resume afterward
  ---
  duration_ms: 1.003577
  type: 'test'
  ...
# Subtest: damaged tower repair keeps the fifty-five percent material rate
ok 90 - damaged tower repair keeps the fifty-five percent material rate
  ---
  duration_ms: 0.567055
  type: 'test'
  ...
# Subtest: dedicated barrier repair costs remain unchanged
ok 91 - dedicated barrier repair costs remain unchanged
  ---
  duration_ms: 0.21042
  type: 'test'
  ...
# Subtest: regroup timing produces the same result in active and offline progression
ok 92 - regroup timing produces the same result in active and offline progression
  ---
  duration_ms: 5.604181
  type: 'test'
  ...
# Subtest: map tap only selects a build candidate and confirmation performs the mutation
ok 93 - map tap only selects a build candidate and confirmation performs the mutation
  ---
  duration_ms: 46.36272
  type: 'test'
  ...
# Subtest: combat UI no longer calls immediate buildAt from map taps
ok 94 - combat UI no longer calls immediate buildAt from map taps
  ---
  duration_ms: 1.689216
  type: 'test'
  ...
# Subtest: an invalid second tap clears the previous candidate to prevent confirming the wrong location
ok 95 - an invalid second tap clears the previous candidate to prevent confirming the wrong location
  ---
  duration_ms: 1.308482
  type: 'test'
  ...
# Subtest: build confirmation is disabled while the selected facility is unaffordable
ok 96 - build confirmation is disabled while the selected facility is unaffordable
  ---
  duration_ms: 1.208029
  type: 'test'
  ...
# Subtest: context explanations are collapsed by default and metrics remain visible
ok 97 - context explanations are collapsed by default and metrics remain visible
  ---
  duration_ms: 0.708423
  type: 'test'
  ...
# Subtest: an opened context explanation remains open after the live HUD rerenders
ok 98 - an opened context explanation remains open after the live HUD rerenders
  ---
  duration_ms: 33.004951
  type: 'test'
  ...
# Subtest: context metrics use a fixed three-column grid to reduce panel height
ok 99 - context metrics use a fixed three-column grid to reduce panel height
  ---
  duration_ms: 3.632558
  type: 'test'
  ...
# Subtest: defense removal requires a second confirmation and then clears the selected facility
ok 100 - defense removal requires a second confirmation and then clears the selected facility
  ---
  duration_ms: 1.286795
  type: 'test'
  ...
# Subtest: tapping the selected facility again closes the compact context panel
ok 101 - tapping the selected facility again closes the compact context panel
  ---
  duration_ms: 0.915247
  type: 'test'
  ...
# Subtest: combat effect buffer is capped and prunes expired effects
ok 102 - combat effect buffer is capped and prunes expired effects
  ---
  duration_ms: 0.713701
  type: 'test'
  ...
# Subtest: event bus creates transient shot and city warning effects
ok 103 - event bus creates transient shot and city warning effects
  ---
  duration_ms: 3.048438
  type: 'test'
  ...
# Subtest: manual defense upgrade events create a visible pulse
ok 104 - manual defense upgrade events create a visible pulse
  ---
  duration_ms: 0.276908
  type: 'test'
  ...
# Subtest: barrier changes weighted enemy route without creating another graph
ok 105 - barrier changes weighted enemy route without creating another graph
  ---
  duration_ms: 2.231144
  type: 'test'
  ...
# Subtest: enemy position follows path direction rather than edge storage direction
ok 106 - enemy position follows path direction rather than edge storage direction
  ---
  duration_ms: 0.832165
  type: 'test'
  ...
# Subtest: build range is measured from established home base
ok 107 - build range is measured from established home base
  ---
  duration_ms: 1.537023
  type: 'test'
  ...
# Subtest: gun tower damages an enemy in range
ok 108 - gun tower damages an enemy in range
  ---
  duration_ms: 1.150964
  type: 'test'
  ...
# Subtest: enemy reaching the city deals damage and is removed
ok 109 - enemy reaching the city deals damage and is removed
  ---
  duration_ms: 0.906515
  type: 'test'
  ...
# Subtest: repair relay consumes resources and repairs only the most damaged target
ok 110 - repair relay consumes resources and repairs only the most damaged target
  ---
  duration_ms: 0.487177
  type: 'test'
  ...
# Subtest: city recovers after a quiet period and a large update only heals post-cooldown time
ok 111 - city recovers after a quiet period and a large update only heals post-cooldown time
  ---
  duration_ms: 70.016469
  type: 'test'
  ...
# Subtest: city defeat never creates negative resources and reports unpaid emergency recovery honestly
ok 112 - city defeat never creates negative resources and reports unpaid emergency recovery honestly
  ---
  duration_ms: 8.044774
  type: 'test'
  ...
# Subtest: civilization level raises major and field base squad capacity
ok 113 - civilization level raises major and field base squad capacity
  ---
  duration_ms: 1.325872
  type: 'test'
  ...
# Subtest: one major base can dispatch several squads until its civilization capacity is full
ok 114 - one major base can dispatch several squads until its civilization capacity is full
  ---
  duration_ms: 2.204121
  type: 'test'
  ...
# Subtest: recovering squads occupy only their own slot and do not block other free slots
ok 115 - recovering squads occupy only their own slot and do not block other free slots
  ---
  duration_ms: 0.832856
  type: 'test'
  ...
# Subtest: field bases also support multiple light squads according to civilization level
ok 116 - field bases also support multiple light squads according to civilization level
  ---
  duration_ms: 1.06627
  type: 'test'
  ...
# Subtest: every settlement building has a concise gameplay description
ok 117 - every settlement building has a concise gameplay description
  ---
  duration_ms: 0.306872
  type: 'test'
  ...
# Subtest: default resource HUD renders every owned resource as an independent chip
ok 118 - default resource HUD renders every owned resource as an independent chip
  ---
  duration_ms: 2.106772
  type: 'test'
  ...
# Subtest: resource HUD uses a non-overlapping content-sized scroll strip
ok 119 - resource HUD uses a non-overlapping content-sized scroll strip
  ---
  duration_ms: 5.359971
  type: 'test'
  ...
# Subtest: civilization build ranges use explicit bounded progression instead of exponential doubling
ok 120 - civilization build ranges use explicit bounded progression instead of exponential doubling
  ---
  duration_ms: 1.156523
  type: 'test'
  ...
# Subtest: an active enemy marker is a valid moving intercept deployment target
ok 121 - an active enemy marker is a valid moving intercept deployment target
  ---
  duration_ms: 2.491849
  type: 'test'
  ...
# Subtest: intercept squad replans to the selected enemy next road node and returns when the enemy is gone
ok 122 - intercept squad replans to the selected enemy next road node and returns when the enemy is gone
  ---
  duration_ms: 1.576871
  type: 'test'
  ...
# Subtest: gameplay HUD exposes independent zoom, selected-base and current-position camera controls
ok 123 - gameplay HUD exposes independent zoom, selected-base and current-position camera controls
  ---
  duration_ms: 7.846171
  type: 'test'
  ...
# Subtest: barrier has player-facing role, effect, placement and numeric metrics
ok 124 - barrier has player-facing role, effect, placement and numeric metrics
  ---
  duration_ms: 0.679981
  type: 'test'
  ...
# Subtest: gun has player-facing role, effect, placement and numeric metrics
ok 125 - gun has player-facing role, effect, placement and numeric metrics
  ---
  duration_ms: 0.303172
  type: 'test'
  ...
# Subtest: mortar has player-facing role, effect, placement and numeric metrics
ok 126 - mortar has player-facing role, effect, placement and numeric metrics
  ---
  duration_ms: 0.165704
  type: 'test'
  ...
# Subtest: slow has player-facing role, effect, placement and numeric metrics
ok 127 - slow has player-facing role, effect, placement and numeric metrics
  ---
  duration_ms: 0.086928
  type: 'test'
  ...
# Subtest: relay has player-facing role, effect, placement and numeric metrics
ok 128 - relay has player-facing role, effect, placement and numeric metrics
  ---
  duration_ms: 0.132826
  type: 'test'
  ...
# Subtest: all defense tiers define deterministic durability and sequential upgrade costs
ok 129 - all defense tiers define deterministic durability and sequential upgrade costs
  ---
  duration_ms: 1.077857
  type: 'test'
  ...
# Subtest: defense upgrades are sequential and locked to civilization level
ok 130 - defense upgrades are sequential and locked to civilization level
  ---
  duration_ms: 3.50529
  type: 'test'
  ...
# Subtest: upgrading preserves damage ratio instead of fully healing the facility
ok 131 - upgrading preserves damage ratio instead of fully healing the facility
  ---
  duration_ms: 0.501128
  type: 'test'
  ...
# Subtest: tier synchronization upgrades legacy durability without changing its health percentage
ok 132 - tier synchronization upgrades legacy durability without changing its health percentage
  ---
  duration_ms: 0.161227
  type: 'test'
  ...
# Subtest: destroyed and maximum-tier defenses cannot be upgraded
ok 133 - destroyed and maximum-tier defenses cannot be upgraded
  ---
  duration_ms: 0.379178
  type: 'test'
  ...
# Subtest: gate conversion starts at tier two and preserves the prior health ratio
ok 134 - gate conversion starts at tier two and preserves the prior health ratio
  ---
  duration_ms: 0.45465
  type: 'test'
  ...
# Subtest: combat UI keeps the normal facility panel compact and opens upgrade details only on demand
ok 135 - combat UI keeps the normal facility panel compact and opens upgrade details only on demand
  ---
  duration_ms: 23.502696
  type: 'test'
  ...
# Subtest: facility explanation replaces the metric view instead of stacking below it
ok 136 - facility explanation replaces the metric view instead of stacking below it
  ---
  duration_ms: 0.968175
  type: 'test'
  ...
# Subtest: civilization panel explains the current defense tier ceiling and next unlock
ok 137 - civilization panel explains the current defense tier ceiling and next unlock
  ---
  duration_ms: 6.190724
  type: 'test'
  ...
# Subtest: applying a tier uses the explicit durability table for every facility class
ok 138 - applying a tier uses the explicit durability table for every facility class
  ---
  duration_ms: 0.544572
  type: 'test'
  ...
# Subtest: upgraded attack statistics are used by live combat rather than only the UI
ok 139 - upgraded attack statistics are used by live combat rather than only the UI
  ---
  duration_ms: 1.134521
  type: 'test'
  ...
# Subtest: defense panel uses a compact capped layout with fixed visible actions
ok 140 - defense panel uses a compact capped layout with fixed visible actions
  ---
  duration_ms: 2.83973
  type: 'test'
  ...
# Subtest: enemy density rises by civilization level while the opening generation stays unchanged
ok 141 - enemy density rises by civilization level while the opening generation stays unchanged
  ---
  duration_ms: 1.65724
  type: 'test'
  ...
# Subtest: civilization grace period delays the new density tier until the generation is active
ok 142 - civilization grace period delays the new density tier until the generation is active
  ---
  duration_ms: 0.218652
  type: 'test'
  ...
# Subtest: enemy spawning respects the civilization-specific population cap and the hard ceiling
ok 143 - enemy spawning respects the civilization-specific population cap and the hard ceiling
  ---
  duration_ms: 4.102605
  type: 'test'
  ...
# Subtest: UI snapshots reuse the detached road graph while refreshing mutable gameplay data
ok 144 - UI snapshots reuse the detached road graph while refreshing mutable gameplay data
  ---
  duration_ms: 1.2428
  type: 'test'
  ...
# Subtest: balanced rendering reuses the combat layer until simulation state changes
ok 145 - balanced rendering reuses the combat layer until simulation state changes
  ---
  duration_ms: 9.905744
  type: 'test'
  ...
# Subtest: automatic survey polling does not clone or transact the full world every HUD refresh
ok 146 - automatic survey polling does not clone or transact the full world every HUD refresh
  ---
  duration_ms: 0.695895
  type: 'test'
  ...
# Subtest: asset loader starts with the current application-relative stylesheet
ok 147 - asset loader starts with the current application-relative stylesheet
  ---
  duration_ms: 6.952992
  type: 'test'
  ...
# Subtest: asset loader recovers a legacy fr path through the canonical frontline-roads directory
ok 148 - asset loader recovers a legacy fr path through the canonical frontline-roads directory
  ---
  duration_ms: 39.45772
  type: 'test'
  ...
# Subtest: top HUD no longer exposes a global deployment button
ok 149 - top HUD no longer exposes a global deployment button
  ---
  duration_ms: 40.801037
  type: 'test'
  ...
# Subtest: enemy-base deployment opens with the tapped target fixed
ok 150 - enemy-base deployment opens with the tapped target fixed
  ---
  duration_ms: 7.747681
  type: 'test'
  ...
# Subtest: enemy-unit deployment opens an intercept mission for the tapped moving marker
ok 151 - enemy-unit deployment opens an intercept mission for the tapped moving marker
  ---
  duration_ms: 0.663897
  type: 'test'
  ...
# Subtest: recovery-item deployment keeps the selected item fixed and only offers retrieval squads
ok 152 - recovery-item deployment keeps the selected item fixed and only offers retrieval squads
  ---
  duration_ms: 0.722564
  type: 'test'
  ...
# Subtest: combat target context exposes direct deployment actions
ok 153 - combat target context exposes direct deployment actions
  ---
  duration_ms: 4.019798
  type: 'test'
  ...
# Subtest: combat renderer includes visible friendly squad markers
ok 154 - combat renderer includes visible friendly squad markers
  ---
  duration_ms: 1.605003
  type: 'test'
  ...
# Subtest: legacy destroyed facilities are removed during normalization and free the placement
ok 155 - legacy destroyed facilities are removed during normalization and free the placement
  ---
  duration_ms: 3.657765
  type: 'test'
  ...
# Subtest: normalization keeps only one active facility when a legacy save overlaps placements
ok 156 - normalization keeps only one active facility when a legacy save overlaps placements
  ---
  duration_ms: 1.57578
  type: 'test'
  ...
# Subtest: a gate is deleted at zero HP and the attacking enemy continues through the opened road
ok 157 - a gate is deleted at zero HP and the attacking enemy continues through the opened road
  ---
  duration_ms: 6.027449
  type: 'test'
  ...
# Subtest: obsolete ruin UI and rendering code is removed
ok 158 - obsolete ruin UI and rendering code is removed
  ---
  duration_ms: 11.670981
  type: 'test'
  ...
# Subtest: HUD still reports repair demand only for surviving damaged facilities
ok 159 - HUD still reports repair demand only for surviving damaged facilities
  ---
  duration_ms: 1.907583
  type: 'test'
  ...
# Subtest: enemy types make different barrier decisions from break time and detour time
ok 160 - enemy types make different barrier decisions from break time and detour time
  ---
  duration_ms: 2.939928
  type: 'test'
  ...
# Subtest: balanced infantry breaches a weakened wall instead of taking a long detour
ok 161 - balanced infantry breaches a weakened wall instead of taking a long detour
  ---
  duration_ms: 0.591711
  type: 'test'
  ...
# Subtest: raider selects repair support before ordinary weapon towers
ok 162 - raider selects repair support before ordinary weapon towers
  ---
  duration_ms: 2.30917
  type: 'test'
  ...
# Subtest: rope cutter selects slowing equipment before repair support
ok 163 - rope cutter selects slowing equipment before repair support
  ---
  duration_ms: 0.542339
  type: 'test'
  ...
# Subtest: specialist damages its selected facility and invalidates shared targets when it is destroyed
ok 164 - specialist damages its selected facility and invalidates shared targets when it is destroyed
  ---
  duration_ms: 0.745878
  type: 'test'
  ...
# Subtest: a newly built priority facility requests rerouting without teleporting an enemy off its current road
ok 165 - a newly built priority facility requests rerouting without teleporting an enemy off its current road
  ---
  duration_ms: 1.626274
  type: 'test'
  ...
# Subtest: civilization generations contain expanded valid enemy variants with explicit personalities
ok 166 - civilization generations contain expanded valid enemy variants with explicit personalities
  ---
  duration_ms: 1.504344
  type: 'test'
  ...
# Subtest: flanking enemies choose a bounded longer side road while direct infantry uses the shortest road
ok 167 - flanking enemies choose a bounded longer side road while direct infantry uses the shortest road
  ---
  duration_ms: 2.766112
  type: 'test'
  ...
# Subtest: marauder personality prioritizes a field base over an equally reachable city
ok 168 - marauder personality prioritizes a field base over an equally reachable city
  ---
  duration_ms: 2.766683
  type: 'test'
  ...
# Subtest: squad hunter plans toward an active friendly squad and damages it after contact
ok 169 - squad hunter plans toward an active friendly squad and damages it after contact
  ---
  duration_ms: 1.341194
  type: 'test'
  ...
# Subtest: war drummer speed aura accelerates nearby allies without accelerating itself
ok 170 - war drummer speed aura accelerates nearby allies without accelerating itself
  ---
  duration_ms: 1.60674
  type: 'test'
  ...
# Subtest: civilization level four rotates doctrines and introduces the new generation across repeated waves
ok 171 - civilization level four rotates doctrines and introduces the new generation across repeated waves
  ---
  duration_ms: 3.822487
  type: 'test'
  ...
# Subtest: personality route and doctrine metadata survive the unchanged save schema
ok 172 - personality route and doctrine metadata survive the unchanged save schema
  ---
  duration_ms: 2.102154
  type: 'test'
  ...
# Subtest: loaded source chunk materializes a persistent enemy-source site
ok 173 - loaded source chunk materializes a persistent enemy-source site
  ---
  duration_ms: 2.786383
  type: 'test'
  ...
# Subtest: player can clear an enemy source on site and stop future frontier waves
ok 174 - player can clear an enemy source on site and stop future frontier waves
  ---
  duration_ms: 3.242088
  type: 'test'
  ...
# Subtest: enemy source interaction requires proximity and a clear local area
ok 175 - enemy source interaction requires proximity and a clear local area
  ---
  duration_ms: 0.960824
  type: 'test'
  ...
# Subtest: loaded chunks are processed once for deterministic ambient discoveries
ok 176 - loaded chunks are processed once for deterministic ambient discoveries
  ---
  duration_ms: 0.846507
  type: 'test'
  ...
# Subtest: exploration renderer draws active sites with a minimal canvas context
ok 177 - exploration renderer draws active sites with a minimal canvas context
  ---
  duration_ms: 0.590289
  type: 'test'
  ...
# Subtest: civilization level provides a separate simple-base limit
ok 178 - civilization level provides a separate simple-base limit
  ---
  duration_ms: 0.938582
  type: 'test'
  ...
# Subtest: simple-base placement requires civilization unlock, fresh GPS, road access and separation
ok 179 - simple-base placement requires civilization unlock, fresh GPS, road access and separation
  ---
  duration_ms: 1.963401
  type: 'test'
  ...
# Subtest: simple-base placement accepts a fresh stationary GPS fix and a road node within the wider placement radius
ok 180 - simple-base placement accepts a fresh stationary GPS fix and a road node within the wider placement radius
  ---
  duration_ms: 0.648324
  type: 'test'
  ...
# Subtest: simple bases require and consume the processed-resource cost for their slot
ok 181 - simple bases require and consume the processed-resource cost for their slot
  ---
  duration_ms: 1.174709
  type: 'test'
  ...
# Subtest: simple base uses civilization-scaled HP and its construction anchor grows to the level 1 bounded range
ok 182 - simple base uses civilization-scaled HP and its construction anchor grows to the level 1 bounded range
  ---
  duration_ms: 1.268747
  type: 'test'
  ...
# Subtest: current assault squad can deploy from an active simple base
ok 183 - current assault squad can deploy from an active simple base
  ---
  duration_ms: 1.159376
  type: 'test'
  ...
# Subtest: nearby enemies can destroy a simple base and remove its construction and deployment roles
ok 184 - nearby enemies can destroy a simple base and remove its construction and deployment roles
  ---
  duration_ms: 3.211803
  type: 'test'
  ...
# Subtest: destroyed simple base keeps its slot and can only be rebuilt at the site
ok 185 - destroyed simple base keeps its slot and can only be rebuilt at the site
  ---
  duration_ms: 0.824294
  type: 'test'
  ...
# Subtest: simple-base state survives save and restore without precise location metadata
ok 186 - simple-base state survives save and restore without precise location metadata
  ---
  duration_ms: 2.58458
  type: 'test'
  ...
# Subtest: level-four civilization progress counts active simple bases instead of obsolete outposts
ok 187 - level-four civilization progress counts active simple bases instead of obsolete outposts
  ---
  duration_ms: 1.189351
  type: 'test'
  ...
# Subtest: a distant simple base does not pull attackers away from a much nearer city
ok 188 - a distant simple base does not pull attackers away from a much nearer city
  ---
  duration_ms: 0.560054
  type: 'test'
  ...
# Subtest: standing at a level-one simple base uses its bounded 75m construction zone
ok 189 - standing at a level-one simple base uses its bounded 75m construction zone
  ---
  duration_ms: 0.422722
  type: 'test'
  ...
# Subtest: a major base cannot be placed on top of an active simple base
ok 190 - a major base cannot be placed on top of an active simple base
  ---
  duration_ms: 0.497282
  type: 'test'
  ...
# Subtest: a destroyed simple-base ruin still blocks overlapping major-base placement
ok 191 - a destroyed simple-base ruin still blocks overlapping major-base placement
  ---
  duration_ms: 0.396634
  type: 'test'
  ...
# Subtest: an active simple base anchors regional simulation but a destroyed one does not
ok 192 - an active simple base anchors regional simulation but a destroyed one does not
  ---
  duration_ms: 13.443747
  type: 'test'
  ...
# Subtest: an enemy chooses a nearby simple base when it is meaningfully closer than the city
ok 193 - an enemy chooses a nearby simple base when it is meaningfully closer than the city
  ---
  duration_ms: 0.534527
  type: 'test'
  ...
# Subtest: deployment preview is non-destructive and dispatch spends the assault cost once
ok 194 - deployment preview is non-destructive and dispatch spends the assault cost once
  ---
  duration_ms: 3.942835
  type: 'test'
  ...
# Subtest: friendly squad stops to fight enemies and both sides exchange damage
ok 195 - friendly squad stops to fight enemies and both sides exchange damage
  ---
  duration_ms: 4.280181
  type: 'test'
  ...
# Subtest: squad destroys an enemy base, schedules respawn and returns to its origin
ok 196 - squad destroys an enemy base, schedules respawn and returns to its origin
  ---
  duration_ms: 4.519164
  type: 'test'
  ...
# Subtest: friendly squads survive JSON save and restore without exact base coordinates
ok 197 - friendly squads survive JSON save and restore without exact base coordinates
  ---
  duration_ms: 3.459233
  type: 'test'
  ...
# Subtest: remote friendly squads only advance when the dormant regional interval is due
ok 198 - remote friendly squads only advance when the dormant regional interval is due
  ---
  duration_ms: 8.567458
  type: 'test'
  ...
# Subtest: friendly order overlay draws selectable nodes, routes, destination and waypoints on a minimal canvas
ok 199 - friendly order overlay draws selectable nodes, routes, destination and waypoints on a minimal canvas
  ---
  duration_ms: 4.036583
  type: 'test'
  ...
# Subtest: combat UI exposes stop, retreat, withdraw, resume and two-waypoint route planning
ok 200 - combat UI exposes stop, retreat, withdraw, resume and two-waypoint route planning
  ---
  duration_ms: 5.24389
  type: 'test'
  ...
# Subtest: renderer places squad order guidance above combat and construction layers
ok 201 - renderer places squad order guidance above combat and construction layers
  ---
  duration_ms: 34.743559
  type: 'test'
  ...
# Subtest: stop holds a squad at its exact road position while retaining the mission
ok 202 - stop holds a squad at its exact road position while retaining the mission
  ---
  duration_ms: 5.487309
  type: 'test'
  ...
# Subtest: route command issued mid-edge preserves position and joins the chosen route at the next intersection
ok 203 - route command issued mid-edge preserves position and joins the chosen route at the next intersection
  ---
  duration_ms: 0.720721
  type: 'test'
  ...
# Subtest: retreat reaches the selected node, stops there, and keeps the original attack mission
ok 204 - retreat reaches the selected node, stops there, and keeps the original attack mission
  ---
  duration_ms: 1.417086
  type: 'test'
  ...
# Subtest: withdraw abandons the mission and begins recovery only after it reaches the origin
ok 205 - withdraw abandons the mission and begins recovery only after it reaches the origin
  ---
  duration_ms: 1.878977
  type: 'test'
  ...
# Subtest: stopping a retreat preserves the retreat destination for route-selected resume
ok 206 - stopping a retreat preserves the retreat destination for route-selected resume
  ---
  duration_ms: 0.463742
  type: 'test'
  ...
# Subtest: retreat validation rejects a node closer to the hostile base and accepts an owned base behind the squad
ok 207 - retreat validation rejects a node closer to the hostile base and accepts an owned base behind the squad
  ---
  duration_ms: 0.545383
  type: 'test'
  ...
# Subtest: route planner exposes distinct shortest, enemy-avoidance and friendly-support choices when the road graph allows them
ok 208 - route planner exposes distinct shortest, enemy-avoidance and friendly-support choices when the road graph allows them
  ---
  duration_ms: 1.952605
  type: 'test'
  ...
# Subtest: waypoints force every generated route through the selected intersections
ok 209 - waypoints force every generated route through the selected intersections
  ---
  duration_ms: 0.74039
  type: 'test'
  ...
# Subtest: retreating through a newly encountered enemy does not grant invulnerability
ok 210 - retreating through a newly encountered enemy does not grant invulnerability
  ---
  duration_ms: 24.859808
  type: 'test'
  ...
# Subtest: friendly orders, selected route and history survive save and restore
ok 211 - friendly orders, selected route and history survive save and restore
  ---
  duration_ms: 2.316621
  type: 'test'
  ...
# Subtest: a rejected withdraw route leaves the original mission untouched
ok 212 - a rejected withdraw route leaves the original mission untouched
  ---
  duration_ms: 0.371547
  type: 'test'
  ...
# Subtest: route orders reject paths whose edges do not connect the declared node sequence
ok 213 - route orders reject paths whose edges do not connect the declared node sequence
  ---
  duration_ms: 0.252472
  type: 'test'
  ...
# Subtest: route estimates include the remaining distance on the squad current road segment
ok 214 - route estimates include the remaining distance on the squad current road segment
  ---
  duration_ms: 0.401931
  type: 'test'
  ...
# Subtest: a map tap near a displayed route selects that route instead of becoming a waypoint
ok 215 - a map tap near a displayed route selects that route instead of becoming a waypoint
  ---
  duration_ms: 0.70651
  type: 'test'
  ...
# Subtest: civilization level one unlocks one area recovery facility and a distinct field barracks
ok 216 - civilization level one unlocks one area recovery facility and a distinct field barracks
  ---
  duration_ms: 0.836191
  type: 'test'
  ...
# Subtest: major-base logistics restore a returned squad while the area recovery facility remains a separate field effect
ok 217 - major-base logistics restore a returned squad while the area recovery facility remains a separate field effect
  ---
  duration_ms: 1.796695
  type: 'test'
  ...
# Subtest: a field base reorganizes squads without providing innate healing
ok 218 - a field base reorganizes squads without providing innate healing
  ---
  duration_ms: 0.610579
  type: 'test'
  ...
# Subtest: a recovery facility gradually heals every friendly squad inside its radius
ok 219 - a recovery facility gradually heals every friendly squad inside its radius
  ---
  duration_ms: 0.832155
  type: 'test'
  ...
# Subtest: the defense update loop applies recovery-facility healing without a separate recovery queue
ok 220 - the defense update loop applies recovery-facility healing without a separate recovery queue
  ---
  duration_ms: 0.386288
  type: 'test'
  ...
# Subtest: a disabled recovery facility provides no healing
ok 221 - a disabled recovery facility provides no healing
  ---
  duration_ms: 0.210871
  type: 'test'
  ...
# Subtest: a field barracks adds exactly one squad slot to its field base
ok 222 - a field barracks adds exactly one squad slot to its field base
  ---
  duration_ms: 0.328464
  type: 'test'
  ...
# Subtest: field barracks is field-only while recovery facilities can use major, field, and expedition anchors
ok 223 - field barracks is field-only while recovery facilities can use major, field, and expedition anchors
  ---
  duration_ms: 2.802176
  type: 'test'
  ...
# Subtest: an expedition squad creates a fixed 120 meter moving construction anchor and ordinary squads do not
ok 224 - an expedition squad creates a fixed 120 meter moving construction anchor and ordinary squads do not
  ---
  duration_ms: 1.705656
  type: 'test'
  ...
# Subtest: a recovering squad occupies a slot while another slot remains usable
ok 225 - a recovering squad occupies a slot while another slot remains usable
  ---
  duration_ms: 2.130607
  type: 'test'
  ...
# Subtest: major-base recovery progress survives save and restore without duplicate healing
ok 226 - major-base recovery progress survives save and restore without duplicate healing
  ---
  duration_ms: 1.621507
  type: 'test'
  ...
# Subtest: a recovering squad evacuates to a major base when its field base is destroyed
ok 227 - a recovering squad evacuates to a major base when its field base is destroyed
  ---
  duration_ms: 2.810167
  type: 'test'
  ...
# Subtest: recovery and ready garrisons reject tactical movement orders
ok 228 - recovery and ready garrisons reject tactical movement orders
  ---
  duration_ms: 0.305711
  type: 'test'
  ...
# Subtest: legacy field-aid facilities migrate once into field barracks without leaving recovery behavior behind
ok 229 - legacy field-aid facilities migrate once into field barracks without leaving recovery behavior behind
  ---
  duration_ms: 1.538385
  type: 'test'
  ...
# Subtest: base reorganization remains sequential and is not accelerated by recovery facilities
ok 230 - base reorganization remains sequential and is not accelerated by recovery facilities
  ---
  duration_ms: 1.302333
  type: 'test'
  ...
# Subtest: friendly unit unlock levels and simple-base deployment restrictions are enforced
ok 231 - friendly unit unlock levels and simple-base deployment restrictions are enforced
  ---
  duration_ms: 2.993857
  type: 'test'
  ...
# Subtest: skirmisher damage strongly favors light enemies and is weak against armored enemies
ok 232 - skirmisher damage strongly favors light enemies and is weak against armored enemies
  ---
  duration_ms: 0.215678
  type: 'test'
  ...
# Subtest: siege squad damages enemy bases much faster than the assault squad
ok 233 - siege squad damages enemy bases much faster than the assault squad
  ---
  duration_ms: 3.677704
  type: 'test'
  ...
# Subtest: nearby heavy squad intercepts part of the damage aimed at another friendly squad
ok 234 - nearby heavy squad intercepts part of the damage aimed at another friendly squad
  ---
  duration_ms: 1.276369
  type: 'test'
  ...
# Subtest: expedition squad heals only after its non-combat recovery delay
ok 235 - expedition squad heals only after its non-combat recovery delay
  ---
  duration_ms: 0.489521
  type: 'test'
  ...
# Subtest: all friendly unit types preserve their identity and combat state through save and restore
ok 236 - all friendly unit types preserve their identity and combat state through save and restore
  ---
  duration_ms: 2.481003
  type: 'test'
  ...
# Subtest: skirmisher prioritizes a light specialist over a nearer ordinary infantry target
ok 237 - skirmisher prioritizes a light specialist over a nearer ordinary infantry target
  ---
  duration_ms: 0.757625
  type: 'test'
  ...
# Subtest: mixed friendly unit types remain valid through extended regional combat simulation
ok 238 - mixed friendly unit types remain valid through extended regional combat simulation
  ---
  duration_ms: 166.648085
  type: 'test'
  ...
# Subtest: dead-end roads at unexplored chunk borders become frontier candidates
ok 239 - dead-end roads at unexplored chunk borders become frontier candidates
  ---
  duration_ms: 1.994367
  type: 'test'
  ...
# Subtest: frontier source stays fixed while its entry point advances with map expansion
ok 240 - frontier source stays fixed while its entry point advances with map expansion
  ---
  duration_ms: 1.404207
  type: 'test'
  ...
# Subtest: frontier system launches enemies from a map-edge entry node
ok 241 - frontier system launches enemies from a map-edge entry node
  ---
  duration_ms: 1.000242
  type: 'test'
  ...
# Subtest: frontier identity is hidden until the signal is localized
ok 242 - frontier identity is hidden until the signal is localized
  ---
  duration_ms: 1.5653
  type: 'test'
  ...
# Subtest: frontier renderer tolerates a minimal canvas context
ok 243 - frontier renderer tolerates a minimal canvas context
  ---
  duration_ms: 0.651459
  type: 'test'
  ...
# Subtest: balanced opening reaches civilization level one without collapse on a line road network
ok 244 - balanced opening reaches civilization level one without collapse on a line road network
  ---
  duration_ms: 394.959829
  type: 'test'
  ...
# Subtest: balanced opening reaches civilization level one without collapse on a cross road network
ok 245 - balanced opening reaches civilization level one without collapse on a cross road network
  ---
  duration_ms: 278.313251
  type: 'test'
  ...
# Subtest: balanced opening reaches civilization level one without collapse on a grid road network
ok 246 - balanced opening reaches civilization level one without collapse on a grid road network
  ---
  duration_ms: 130.524543
  type: 'test'
  ...
# Subtest: attack-only opening can suppress the first bases but still causes material losses
ok 247 - attack-only opening can suppress the first bases but still causes material losses
  ---
  duration_ms: 296.141108
  type: 'test'
  ...
# Subtest: batch production queues 1, 5, 10 or the maximum without double-reserving inputs
ok 248 - batch production queues 1, 5, 10 or the maximum without double-reserving inputs
  ---
  duration_ms: 5.463574
  type: 'test'
  ...
# Subtest: project-only production caps queued units, starts the existing order, and cannot overshoot the target
ok 249 - project-only production caps queued units, starts the existing order, and cannot overshoot the target
  ---
  duration_ms: 0.848361
  type: 'test'
  ...
# Subtest: safe civilization contribution keeps the declared defense reserve while explicit full contribution may use it
ok 250 - safe civilization contribution keeps the declared defense reserve while explicit full contribution may use it
  ---
  duration_ms: 1.615202
  type: 'test'
  ...
# Subtest: coordinated deployment can use multiple slots from one base and synchronizes mixed squads to one arrival time
ok 251 - coordinated deployment can use multiple slots from one base and synchronizes mixed squads to one arrival time
  ---
  duration_ms: 6.434415
  type: 'test'
  ...
# Subtest: simple-base network diagnostic distinguishes sufficient and insufficient acquired roads
ok 252 - simple-base network diagnostic distinguishes sufficient and insufficient acquired roads
  ---
  duration_ms: 1.183975
  type: 'test'
  ...
# Subtest: listed barrier sites use an in-range projection and remain valid for construction on dense roads
ok 253 - listed barrier sites use an in-range projection and remain valid for construction on dense roads
  ---
  duration_ms: 1.752654
  type: 'test'
  ...
# Subtest: gameplay stabilization controls are present in UI source and field-base text includes retrieval squads
ok 254 - gameplay stabilization controls are present in UI source and field-base text includes retrieval squads
  ---
  duration_ms: 10.397828
  type: 'test'
  ...
# Subtest: gameplay camera controls are part of the HUD grid instead of overlaying the tactical map
ok 255 - gameplay camera controls are part of the HUD grid instead of overlaying the tactical map
  ---
  duration_ms: 5.889321
  type: 'test'
  ...
# Subtest: deterministic civilization pressure playtest passes every declared balance check
ok 256 - deterministic civilization pressure playtest passes every declared balance check
  ---
  duration_ms: 1.949239
  type: 'test'
  ...
# Subtest: source module graph has no circular dependencies
ok 257 - source module graph has no circular dependencies
  ---
  duration_ms: 174.139558
  type: 'test'
  ...
# Subtest: twenty-four-hour simulation remains bounded, serializable and within enemy cap
ok 258 - twenty-four-hour simulation remains bounded, serializable and within enemy cap
  ---
  duration_ms: 3600.608678
  type: 'test'
  ...
# Subtest: same state and elapsed time produce the same offline game result
ok 259 - same state and elapsed time produce the same offline game result
  ---
  duration_ms: 299.797301
  type: 'test'
  ...
# Subtest: legacy save is converted once into the clean schema
ok 260 - legacy save is converted once into the clean schema
  ---
  duration_ms: 3.063386
  type: 'test'
  ...
# Subtest: modal overlay never uses backdrop blur and modal card stays composited as visible UI
ok 261 - modal overlay never uses backdrop blur and modal card stays composited as visible UI
  ---
  duration_ms: 5.385529
  type: 'test'
  ...
# Subtest: radar quality selectors do not style modal overlays or modal cards
ok 262 - radar quality selectors do not style modal overlays or modal cards
  ---
  duration_ms: 1.644854
  type: 'test'
  ...
# Subtest: modal visibility updates accessibility state and backdrop click can always dismiss it
ok 263 - modal visibility updates accessibility state and backdrop click can always dismiss it
  ---
  duration_ms: 0.283888
  type: 'test'
  ...
# Subtest: all full-screen command panels use the shared emergency dismiss behavior
ok 264 - all full-screen command panels use the shared emergency dismiss behavior
  ---
  duration_ms: 4.497495
  type: 'test'
  ...
# Subtest: tower reload preserves elapsed remainder and gives the same result at 20 Hz or one coarse update
ok 265 - tower reload preserves elapsed remainder and gives the same result at 20 Hz or one coarse update
  ---
  duration_ms: 3.739482
  type: 'test'
  ...
# Subtest: enemy departure delay and road-edge overflow are consumed in the same update
ok 266 - enemy departure delay and road-edge overflow are consumed in the same update
  ---
  duration_ms: 56.294627
  type: 'test'
  ...
# Subtest: offline 0.25-second simulation matches live 20 Hz for a deterministic defense interval
ok 267 - offline 0.25-second simulation matches live 20 Hz for a deterministic defense interval
  ---
  duration_ms: 35.555033
  type: 'test'
  ...
# Subtest: offline simulation is bounded and reports the applied duration
ok 268 - offline simulation is bounded and reports the applied duration
  ---
  duration_ms: 0.94296
  type: 'test'
  ...
# Subtest: offline simulation advances the canonical world clock
ok 269 - offline simulation advances the canonical world clock
  ---
  duration_ms: 0.319782
  type: 'test'
  ...
# Subtest: default endpoints use the configured public instances
ok 270 - default endpoints use the configured public instances
  ---
  duration_ms: 1.623769
  type: 'test'
  ...
# Subtest: query filters road classes before download
ok 271 - query filters road classes before download
  ---
  duration_ms: 0.442232
  type: 'test'
  ...
# Subtest: browser request starts with a form-encoded POST and stops after success
ok 272 - browser request starts with a form-encoded POST and stops after success
  ---
  duration_ms: 0.963721
  type: 'test'
  ...
# Subtest: a blocked POST falls back to a non-script GET on the same endpoint
ok 273 - a blocked POST falls back to a non-script GET on the same endpoint
  ---
  duration_ms: 0.602628
  type: 'test'
  ...
# Subtest: successful GET is remembered so later road expansions avoid the blocked POST
ok 274 - successful GET is remembered so later road expansions avoid the blocked POST
  ---
  duration_ms: 0.558213
  type: 'test'
  ...
# Subtest: failed POST and GET fall back to the next endpoint
ok 275 - failed POST and GET fall back to the next endpoint
  ---
  duration_ms: 2.023869
  type: 'test'
  ...
# Subtest: all failures include endpoint and both secure transport diagnostics
ok 276 - all failures include endpoint and both secure transport diagnostics
  ---
  duration_ms: 0.829913
  type: 'test'
  ...
# Subtest: failed fetch transports fall back to opaque sandbox JSONP and remember it
ok 277 - failed fetch transports fall back to opaque sandbox JSONP and remember it
  ---
  duration_ms: 0.451916
  type: 'test'
  ...
# Subtest: an empty road result requires confirmation from two independent endpoints
ok 278 - an empty road result requires confirmation from two independent endpoints
  ---
  duration_ms: 0.553286
  type: 'test'
  ...
# Subtest: roads from a second endpoint override a false empty response from the first
ok 279 - roads from a second endpoint override a false empty response from the first
  ---
  duration_ms: 0.581056
  type: 'test'
  ...
# Subtest: caller abort stops attempts immediately
ok 280 - caller abort stops attempts immediately
  ---
  duration_ms: 0.387171
  type: 'test'
  ...
# Subtest: injected development fetch is used directly
ok 281 - injected development fetch is used directly
  ---
  duration_ms: 0.19639
  type: 'test'
  ...
# Subtest: chunk expansion query uses a compact bounding box instead of an around search
ok 282 - chunk expansion query uses a compact bounding box instead of an around search
  ---
  duration_ms: 0.310457
  type: 'test'
  ...
# Subtest: successful endpoint and transport survive a client recreation and are attempted first
ok 283 - successful endpoint and transport survive a client recreation and are attempted first
  ---
  duration_ms: 0.636759
  type: 'test'
  ...
# Subtest: request metadata exposes the query shape for survey diagnostics
ok 284 - request metadata exposes the query shape for survey diagnostics
  ---
  duration_ms: 0.203
  type: 'test'
  ...
# Subtest: balanced profile limits simulation, rendering and DPR
ok 285 - balanced profile limits simulation, rendering and DPR
  ---
  duration_ms: 0.673513
  type: 'test'
  ...
# Subtest: game loop decouples simulation, civilization and rendering rates
ok 286 - game loop decouples simulation, civilization and rendering rates
  ---
  duration_ms: 0.683428
  type: 'test'
  ...
# Subtest: game loop preserves simulation backlog instead of discarding a slow frame
ok 287 - game loop preserves simulation backlog instead of discarding a slow frame
  ---
  duration_ms: 0.308445
  type: 'test'
  ...
# Subtest: combat spatial index returns only nearby active enemies
ok 288 - combat spatial index returns only nearby active enemies
  ---
  duration_ms: 0.857304
  type: 'test'
  ...
# Subtest: renderer caches static radar and road layers between frames
ok 289 - renderer caches static radar and road layers between frames
  ---
  duration_ms: 38.694337
  type: 'test'
  ...
# Subtest: tactical route choices use spatial snapshots instead of rescanning every enemy and defense per road edge
ok 290 - tactical route choices use spatial snapshots instead of rescanning every enemy and defense per road edge
  ---
  duration_ms: 114.306149
  type: 'test'
  ...
# Subtest: same-schema saves missing the old initialization flag remove destroyed facilities and preserve active survey facilities
ok 291 - same-schema saves missing the old initialization flag remove destroyed facilities and preserve active survey facilities
  ---
  duration_ms: 4.692467
  type: 'test'
  ...
# Subtest: normalization removes zero-HP defenses even when legacy ruin flags are absent
ok 292 - normalization removes zero-HP defenses even when legacy ruin flags are absent
  ---
  duration_ms: 0.82652
  type: 'test'
  ...
# Subtest: loaded road chunks are reconstructed from the persisted graph so survey can expand from initial roads
ok 293 - loaded road chunks are reconstructed from the persisted graph so survey can expand from initial roads
  ---
  duration_ms: 0.351319
  type: 'test'
  ...
# Subtest: survey network failures become retry-wait state instead of a permanent raw error
ok 294 - survey network failures become retry-wait state instead of a permanent raw error
  ---
  duration_ms: 16.046669
  type: 'test'
  ...
# Subtest: critical facility operations persist immediately and obsolete wreck UI is absent
ok 295 - critical facility operations persist immediately and obsolete wreck UI is absent
  ---
  duration_ms: 2.487572
  type: 'test'
  ...
# Subtest: civilization level increases the active player-base limit by one
ok 296 - civilization level increases the active player-base limit by one
  ---
  duration_ms: 0.668737
  type: 'test'
  ...
# Subtest: base placement requires an unlocked slot, fresh position, nearby road and minimum separation
ok 297 - base placement requires an unlocked slot, fresh position, nearby road and minimum separation
  ---
  duration_ms: 1.343694
  type: 'test'
  ...
# Subtest: additional major bases require and consume escalating processed-resource costs
ok 298 - additional major bases require and consume escalating processed-resource costs
  ---
  duration_ms: 1.34778
  type: 'test'
  ...
# Subtest: establishing a base adds a remote construction and simulation anchor
ok 299 - establishing a base adds a remote construction and simulation anchor
  ---
  duration_ms: 1.099013
  type: 'test'
  ...
# Subtest: secondary bases survive save and restore without retaining exact location fields
ok 300 - secondary bases survive save and restore without retaining exact location fields
  ---
  duration_ms: 1.441959
  type: 'test'
  ...
# Subtest: civilization projects require cumulative artifacts recovered in the field
ok 301 - civilization projects require cumulative artifacts recovered in the field
  ---
  duration_ms: 0.612454
  type: 'test'
  ...
# Subtest: destroying a resource enemy base secures its declared reward in one recoverable cache
ok 302 - destroying a resource enemy base secures its declared reward in one recoverable cache
  ---
  duration_ms: 3.330672
  type: 'test'
  ...
# Subtest: resource enemy bases return within the progression window while strategic bases retain long recovery
ok 303 - resource enemy bases return within the progression window while strategic bases retain long recovery
  ---
  duration_ms: 0.573677
  type: 'test'
  ...
# Subtest: legacy resource-outpost data is stripped during runtime normalization
ok 304 - legacy resource-outpost data is stripped during runtime normalization
  ---
  duration_ms: 0.289657
  type: 'test'
  ...
# Subtest: PWA registers the current service worker on HTTPS
ok 305 - PWA registers the current service worker on HTTPS
  ---
  duration_ms: 1.141495
  type: 'test'
  ...
# Subtest: PWA is skipped for an allowed development fixture
ok 306 - PWA is skipped for an allowed development fixture
  ---
  duration_ms: 0.348525
  type: 'test'
  ...
# Subtest: public devFixture query does not disable production PWA registration
ok 307 - public devFixture query does not disable production PWA registration
  ---
  duration_ms: 1.495913
  type: 'test'
  ...
# Subtest: PWA registration failure does not stop the game
ok 308 - PWA registration failure does not stop the game
  ---
  duration_ms: 0.273093
  type: 'test'
  ...
# Subtest: radar renderer is integrated without changing the map input owner
ok 309 - radar renderer is integrated without changing the map input owner
  ---
  duration_ms: 6.3949
  type: 'test'
  ...
# Subtest: radar theme exposes tactical palette and mobile layout rules
ok 310 - radar theme exposes tactical palette and mobile layout rules
  ---
  duration_ms: 1.839235
  type: 'test'
  ...
# Subtest: combat and road renderers use radar glyphs and glow rather than emoji labels
ok 311 - combat and road renderers use radar glyphs and glow rather than emoji labels
  ---
  duration_ms: 3.473012
  type: 'test'
  ...
# Subtest: radar canvas layers render with a minimal canvas context
ok 312 - radar canvas layers render with a minimal canvas context
  ---
  duration_ms: 2.413273
  type: 'test'
  ...
# Subtest: playing footer stays clear of the combat toolbar
ok 313 - playing footer stays clear of the combat toolbar
  ---
  duration_ms: 1.460997
  type: 'test'
  ...
# Subtest: radar preferences apply defaults and cycle without game state
ok 314 - radar preferences apply defaults and cycle without game state
  ---
  duration_ms: 0.907189
  type: 'test'
  ...
# Subtest: bootstrap imports RadarPreferences before constructing it
ok 315 - bootstrap imports RadarPreferences before constructing it
  ---
  duration_ms: 5.73017
  type: 'test'
  ...
# Subtest: touch devices default to the power-saving radar profile
ok 316 - touch devices default to the power-saving radar profile
  ---
  duration_ms: 0.354003
  type: 'test'
  ...
# Subtest: destroying an enemy base creates one persistent recovery item at the destroyed base
ok 317 - destroying an enemy base creates one persistent recovery item at the destroyed base
  ---
  duration_ms: 1.863621
  type: 'test'
  ...
# Subtest: recovery requires the player to be within the physical collection range
ok 318 - recovery requires the player to be within the physical collection range
  ---
  duration_ms: 0.572365
  type: 'test'
  ...
# Subtest: recovery rejects stale or inaccurate geolocation even at the item position
ok 319 - recovery rejects stale or inaccurate geolocation even at the item position
  ---
  duration_ms: 0.266723
  type: 'test'
  ...
# Subtest: manual collection requires five seconds in range, grants once and removes the recovered item
ok 320 - manual collection requires five seconds in range, grants once and removes the recovered item
  ---
  duration_ms: 0.882503
  type: 'test'
  ...
# Subtest: leaving the collection radius cancels progress without removing the item
ok 321 - leaving the collection radius cancels progress without removing the item
  ---
  duration_ms: 0.448542
  type: 'test'
  ...
# Subtest: uncollected recovery items survive save and restore while live location freshness does not
ok 322 - uncollected recovery items survive save and restore while live location freshness does not
  ---
  duration_ms: 1.418784
  type: 'test'
  ...
# Subtest: refactor schema 1 scrap is migrated into canonical resources
ok 323 - refactor schema 1 scrap is migrated into canonical resources
  ---
  duration_ms: 2.223072
  type: 'test'
  ...
# Subtest: retrieval squad is deliberately weak and works from major and field bases
ok 324 - retrieval squad is deliberately weak and works from major and field bases
  ---
  duration_ms: 0.853981
  type: 'test'
  ...
# Subtest: dispatch reserves a recovery item and preview does not mutate it
ok 325 - dispatch reserves a recovery item and preview does not mutate it
  ---
  duration_ms: 2.519359
  type: 'test'
  ...
# Subtest: retrieval squad collects for eight seconds and grants the artifact only after returning
ok 326 - retrieval squad collects for eight seconds and grants the artifact only after returning
  ---
  duration_ms: 4.98232
  type: 'test'
  ...
# Subtest: destroying a squad before pickup releases the item at its original location
ok 327 - destroying a squad before pickup releases the item at its original location
  ---
  duration_ms: 0.612684
  type: 'test'
  ...
# Subtest: destroying a squad while carrying drops the item at the destruction point
ok 328 - destroying a squad while carrying drops the item at the destruction point
  ---
  duration_ms: 2.717622
  type: 'test'
  ...
# Subtest: withdrawing before pickup abandons the recovery mission and releases the item
ok 329 - withdrawing before pickup abandons the recovery mission and releases the item
  ---
  duration_ms: 0.642728
  type: 'test'
  ...
# Subtest: field bases can deploy and reorganize retrieval squads
ok 330 - field bases can deploy and reorganize retrieval squads
  ---
  duration_ms: 0.498806
  type: 'test'
  ...
# Subtest: reserved recovery mission survives save and restore without exposing exact live location data
ok 331 - reserved recovery mission survives save and restore without exposing exact live location data
  ---
  duration_ms: 1.448979
  type: 'test'
  ...
# Subtest: manual collection in progress blocks deployment without consuming resources or changing a ready squad
ok 332 - manual collection in progress blocks deployment without consuming resources or changing a ready squad
  ---
  duration_ms: 0.608879
  type: 'test'
  ...
# Subtest: orphaned reservations become available again after squad data is lost
ok 333 - orphaned reservations become available again after squad data is lost
  ---
  duration_ms: 0.538606
  type: 'test'
  ...
# Subtest: a real heavy enemy quickly destroys the weak retrieval squad and releases its reservation
ok 334 - a real heavy enemy quickly destroys the weak retrieval squad and releases its reservation
  ---
  duration_ms: 1.405565
  type: 'test'
  ...
# Subtest: remote retrieval completes under active, peripheral, and dormant regional intervals
ok 335 - remote retrieval completes under active, peripheral, and dormant regional intervals
  ---
  duration_ms: 57.345742
  type: 'test'
  ...
# Subtest: the unified Overpass query and parser include trunk and motorway classes
ok 336 - the unified Overpass query and parser include trunk and motorway classes
  ---
  duration_ms: 1.139312
  type: 'test'
  ...
# Subtest: initial acquisition preserves a disconnected major road instead of keeping only the center component
ok 337 - initial acquisition preserves a disconnected major road instead of keeping only the center component
  ---
  duration_ms: 4.351634
  type: 'test'
  ...
# Subtest: parallel major carriageways remain separate physical roads
ok 338 - parallel major carriageways remain separate physical roads
  ---
  duration_ms: 1.604168
  type: 'test'
  ...
# Subtest: chunk acquisition retains a sparse major road crossing the chunk boundary
ok 339 - chunk acquisition retains a sparse major road crossing the chunk boundary
  ---
  duration_ms: 0.730728
  type: 'test'
  ...
# Subtest: source identities survive compact save encoding and prevent overlap duplication after restore
ok 340 - source identities survive compact save encoding and prevent overlap duplication after restore
  ---
  duration_ms: 4.771069
  type: 'test'
  ...
# Subtest: initial acquisition marks edge chunks for refresh instead of treating partial circle coverage as complete
ok 341 - initial acquisition marks edge chunks for refresh instead of treating partial circle coverage as complete
  ---
  duration_ms: 0.405589
  type: 'test'
  ...
# Subtest: old road coverage is marked for reacquisition after the completeness specification changes
ok 342 - old road coverage is marked for reacquisition after the completeness specification changes
  ---
  duration_ms: 0.730389
  type: 'test'
  ...
# Subtest: a migrated loaded chunk is fetched again and its refresh marker is cleared only after integration
ok 343 - a migrated loaded chunk is fetched again and its refresh marker is cleared only after integration
  ---
  duration_ms: 2.477378
  type: 'test'
  ...
# Subtest: world chunks use deterministic grid ids and reversible centers
ok 344 - world chunks use deterministic grid ids and reversible centers
  ---
  duration_ms: 1.494977
  type: 'test'
  ...
# Subtest: initial chunk state does not assume that the cleaned initial graph fully covers surrounding chunks
ok 345 - initial chunk state does not assume that the cleaned initial graph fully covers surrounding chunks
  ---
  duration_ms: 0.279342
  type: 'test'
  ...
# Subtest: graph merge preserves existing ids, joins nearby endpoints and removes duplicate edges
ok 346 - graph merge preserves existing ids, joins nearby endpoints and removes duplicate edges
  ---
  duration_ms: 1.585831
  type: 'test'
  ...
# Subtest: chunk cache isolates worlds and can remove one world
ok 347 - chunk cache isolates worlds and can remove one world
  ---
  duration_ms: 0.276218
  type: 'test'
  ...
# Subtest: RoadService chunk acquisition projects roads into the original world coordinate system
ok 348 - RoadService chunk acquisition projects roads into the original world coordinate system
  ---
  duration_ms: 5.196792
  type: 'test'
  ...
# Subtest: service roads are available while private driveway-like service ways remain excluded
ok 349 - service roads are available while private driveway-like service ways remain excluded
  ---
  duration_ms: 0.746902
  type: 'test'
  ...
# Subtest: player frontier movement uses sandbox fallback, grows the live map and survives save restore
ok 350 - player frontier movement uses sandbox fallback, grows the live map and survives save restore
  ---
  duration_ms: 14.5774
  type: 'test'
  ...
# Subtest: wooden survey tower uses the same acquisition stack and records a real merged road result
ok 351 - wooden survey tower uses the same acquisition stack and records a real merged road result
  ---
  duration_ms: 41.500249
  type: 'test'
  ...
# Subtest: v2 false-empty and stale cache markers are released so old saves can expand again
ok 352 - v2 false-empty and stale cache markers are released so old saves can expand again
  ---
  duration_ms: 0.525165
  type: 'test'
  ...
# Subtest: clustered intersections build a connected graph and combat route
ok 353 - clustered intersections build a connected graph and combat route
  ---
  duration_ms: 2.292074
  type: 'test'
  ...
# Subtest: one RoadService load performs one acquisition and produces indexed graph data
ok 354 - one RoadService load performs one acquisition and produces indexed graph data
  ---
  duration_ms: 7.145368
  type: 'test'
  ...
# Subtest: chunk prefetch only includes crossed or nearby grid edges
ok 355 - chunk prefetch only includes crossed or nearby grid edges
  ---
  duration_ms: 1.356052
  type: 'test'
  ...
# Subtest: manager merges a new chunk, records it and persists a compact cache entry
ok 356 - manager merges a new chunk, records it and persists a compact cache entry
  ---
  duration_ms: 5.509543
  type: 'test'
  ...
# Subtest: manager loads a cached chunk without calling the road server
ok 357 - manager loads a cached chunk without calling the road server
  ---
  duration_ms: 1.043801
  type: 'test'
  ...
# Subtest: failed acquisitions cool down without blocking unrelated nearby chunks
ok 358 - failed acquisitions cool down without blocking unrelated nearby chunks
  ---
  duration_ms: 8.501956
  type: 'test'
  ...
# Subtest: chunk centers remain based on the original world center
ok 359 - chunk centers remain based on the original world center
  ---
  duration_ms: 0.156071
  type: 'test'
  ...
# Subtest: legacy unrelated coverage is released while graph-derived and explicitly merged chunks remain confirmed
ok 360 - legacy unrelated coverage is released while graph-derived and explicitly merged chunks remain confirmed
  ---
  duration_ms: 0.453319
  type: 'test'
  ...
# Subtest: approaching a visible road endpoint queues forward chunks before the grid boundary
ok 361 - approaching a visible road endpoint queues forward chunks before the grid boundary
  ---
  duration_ms: 1.224188
  type: 'test'
  ...
# Subtest: movement lookahead queues the travel direction even before the player reaches a chunk edge
ok 362 - movement lookahead queues the travel direction even before the player reaches a chunk edge
  ---
  duration_ms: 1.092723
  type: 'test'
  ...
# Subtest: frontier failures retry after the shorter movement cooldown
ok 363 - frontier failures retry after the shorter movement cooldown
  ---
  duration_ms: 1.113544
  type: 'test'
  ...
# Subtest: an internal cul-de-sac does not masquerade as the outer road frontier
ok 364 - an internal cul-de-sac does not masquerade as the outer road frontier
  ---
  duration_ms: 1.062889
  type: 'test'
  ...
# Subtest: lookahead road chunks remain hidden until the player physically enters them
ok 365 - lookahead road chunks remain hidden until the player physically enters them
  ---
  duration_ms: 1.391705
  type: 'test'
  ...
# Subtest: road-frontier movement completes acquisition and merges the new road into the live map
ok 366 - road-frontier movement completes acquisition and merges the new road into the live map
  ---
  duration_ms: 9.248233
  type: 'test'
  ...
# Subtest: aborting road acquisition prevents a late response from repopulating reset state
ok 367 - aborting road acquisition prevents a late response from repopulating reset state
  ---
  duration_ms: 1.168135
  type: 'test'
  ...
# Subtest: an old cached empty graph is discarded and reacquired instead of blocking map growth
ok 368 - an old cached empty graph is discarded and reacquired instead of blocking map growth
  ---
  duration_ms: 1.34765
  type: 'test'
  ...
# Subtest: JSONP URL includes the Overpass query and isolated callback name
ok 369 - JSONP URL includes the Overpass query and isolated callback name
  ---
  duration_ms: 0.741996
  type: 'test'
  ...
# Subtest: sandbox transport uses an opaque-origin iframe and returns only the validated payload
ok 370 - sandbox transport uses an opaque-origin iframe and returns only the validated payload
  ---
  duration_ms: 1.136063
  type: 'test'
  ...
# Subtest: sandbox transport aborts without leaving the iframe or message listener behind
ok 371 - sandbox transport aborts without leaving the iframe or message listener behind
  ---
  duration_ms: 2.057332
  type: 'test'
  ...
# Subtest: save data remains JSON and graph indexes are reconstructed after load
ok 372 - save data remains JSON and graph indexes are reconstructed after load
  ---
  duration_ms: 2.651705
  type: 'test'
  ...
# Subtest: v0.19 object-form road graphs remain loadable after compact saves are introduced
ok 373 - v0.19 object-form road graphs remain loadable after compact saves are introduced
  ---
  duration_ms: 0.360041
  type: 'test'
  ...
# Subtest: detached-state save consumes one caller-owned snapshot without mutating the live source state
ok 374 - detached-state save consumes one caller-owned snapshot without mutating the live source state
  ---
  duration_ms: 0.538135
  type: 'test'
  ...
# Subtest: cached JavaScript is returned even when the resumed network request never settles
ok 375 - cached JavaScript is returned even when the resumed network request never settles
  ---
  duration_ms: 1.768211
  type: 'test'
  ...
# Subtest: navigation falls back to the installed HTML when the network fails during tab restoration
ok 376 - navigation falls back to the installed HTML when the network fails during tab restoration
  ---
  duration_ms: 2.34341
  type: 'test'
  ...
# Subtest: lifecycle follows the new startup sequence
ok 377 - lifecycle follows the new startup sequence
  ---
  duration_ms: 2.388096
  type: 'test'
  ...
# Subtest: invalid transition is rejected
ok 378 - invalid transition is rejected
  ---
  duration_ms: 0.479227
  type: 'test'
  ...
# Subtest: state snapshots cannot mutate the store
ok 379 - state snapshots cannot mutate the store
  ---
  duration_ms: 0.349156
  type: 'test'
  ...
# Subtest: failed transactions leave the committed state untouched
ok 380 - failed transactions leave the committed state untouched
  ---
  duration_ms: 1.796481
  type: 'test'
  ...
# Subtest: mutator exceptions roll back state and buffered domain events
ok 381 - mutator exceptions roll back state and buffered domain events
  ---
  duration_ms: 0.420681
  type: 'test'
  ...
# Subtest: read returns detached object values and old mutation APIs are absent
ok 382 - read returns detached object values and old mutation APIs are absent
  ---
  duration_ms: 0.179775
  type: 'test'
  ...
# Subtest: asynchronous mutators are rejected before they can commit a draft
ok 383 - asynchronous mutators are rejected before they can commit a draft
  ---
  duration_ms: 0.339872
  type: 'test'
  ...
# Subtest: listener failures are isolated after a successful committed transaction
ok 384 - listener failures are isolated after a successful committed transaction
  ---
  duration_ms: 0.319352
  type: 'test'
  ...
# Subtest: source contains no legacy function override pattern or duplicate fetchRoadGraph
ok 385 - source contains no legacy function override pattern or duplicate fetchRoadGraph
  ---
  duration_ms: 98.460413
  type: 'test'
  ...
# Subtest: repair relay remains available as a build tool
ok 386 - repair relay remains available as a build tool
  ---
  duration_ms: 1.825956
  type: 'test'
  ...
# Subtest: base construction ranges grow gradually with a hard cap while the current-position radius stays fixed
ok 387 - base construction ranges grow gradually with a hard cap while the current-position radius stays fixed
  ---
  duration_ms: 2.345753
  type: 'test'
  ...
# Subtest: civilization advancement unlocks nearby road sites without covering the initial road map
ok 388 - civilization advancement unlocks nearby road sites without covering the initial road map
  ---
  duration_ms: 1.195244
  type: 'test'
  ...
# Subtest: civilization growth does not turn the player position into an unlimited mobile construction anchor
ok 389 - civilization growth does not turn the player position into an unlimited mobile construction anchor
  ---
  duration_ms: 0.350437
  type: 'test'
  ...
# Subtest: build placement cache includes the actual anchor radius so a civilization level-up redraws sites
ok 390 - build placement cache includes the actual anchor radius so a civilization level-up redraws sites
  ---
  duration_ms: 6.548116
  type: 'test'
  ...
# Subtest: survey facility UI exposes manual retry and an observable successful connection record
ok 391 - survey facility UI exposes manual retry and an observable successful connection record
  ---
  duration_ms: 1.221023
  type: 'test'
  ...
# Subtest: survey facility is a civilization level 1 tower with approved tier progression
ok 392 - survey facility is a civilization level 1 tower with approved tier progression
  ---
  duration_ms: 1.750254
  type: 'test'
  ...
# Subtest: survey facility cannot be built before civilization level 1 or from the player-only build zone
ok 393 - survey facility cannot be built before civilization level 1 or from the player-only build zone
  ---
  duration_ms: 1.673801
  type: 'test'
  ...
# Subtest: each owned base can operate only one active survey facility
ok 394 - each owned base can operate only one active survey facility
  ---
  duration_ms: 1.203782
  type: 'test'
  ...
# Subtest: survey candidate selection expands one adjacent unloaded chunk inside the tier radius
ok 395 - survey candidate selection expands one adjacent unloaded chunk inside the tier radius
  ---
  duration_ms: 6.886797
  type: 'test'
  ...
# Subtest: survey-loaded roads are recorded separately from physically observed regions
ok 396 - survey-loaded roads are recorded separately from physically observed regions
  ---
  duration_ms: 4.379219
  type: 'test'
  ...
# Subtest: remote survey does not reveal exact frontier sources or ambient exploration sites
ok 397 - remote survey does not reveal exact frontier sources or ambient exploration sites
  ---
  duration_ms: 0.885447
  type: 'test'
  ...
# Subtest: entering a surveyed chunk promotes it to physical observation and reveals local content
ok 398 - entering a surveyed chunk promotes it to physical observation and reveals local content
  ---
  duration_ms: 2.067943
  type: 'test'
  ...
# Subtest: survey scheduler serializes facilities and enforces a global real-time cooldown
ok 399 - survey scheduler serializes facilities and enforces a global real-time cooldown
  ---
  duration_ms: 2.61446
  type: 'test'
  ...
# Subtest: survey status reports radius, cadence and remaining expansion work
ok 400 - survey status reports radius, cadence and remaining expansion work
  ---
  duration_ms: 0.697079
  type: 'test'
  ...
# Subtest: survey tower upgrade remains gated by the matching civilization level
ok 401 - survey tower upgrade remains gated by the matching civilization level
  ---
  duration_ms: 0.647295
  type: 'test'
  ...
# Subtest: a survey facility anchored to a destroyed simple base stops operating until the base is rebuilt
ok 402 - a survey facility anchored to a destroyed simple base stops operating until the base is rebuilt
  ---
  duration_ms: 0.254055
  type: 'test'
  ...
# Subtest: survey-only road chunks do not receive exact enemy bases before physical observation
ok 403 - survey-only road chunks do not receive exact enemy bases before physical observation
  ---
  duration_ms: 1.121215
  type: 'test'
  ...
# Subtest: survey progress and physical-observation boundaries survive save and restore
ok 404 - survey progress and physical-observation boundaries survive save and restore
  ---
  duration_ms: 1.008929
  type: 'test'
  ...
# Subtest: manual survey bypasses a previous retry cooldown and records the real connection used after success
ok 405 - manual survey bypasses a previous retry cooldown and records the real connection used after success
  ---
  duration_ms: 11.490534
  type: 'test'
  ...
# Subtest: survey diagnostics distinguish successful communication from later road-processing failure
ok 406 - survey diagnostics distinguish successful communication from later road-processing failure
  ---
  duration_ms: 1.735212
  type: 'test'
  ...
# Subtest: resource outpost runtime is completely removed while legacy saves are safely stripped
ok 407 - resource outpost runtime is completely removed while legacy saves are safely stripped
  ---
  duration_ms: 10.142463
  type: 'test'
  ...
# Subtest: resource-camp capture rewards cover the mandatory ore gates of later civilization projects
ok 408 - resource-camp capture rewards cover the mandatory ore gates of later civilization projects
  ---
  duration_ms: 0.224652
  type: 'test'
  ...
# Subtest: project-only trial bronze goes directly to the active project and cannot be overproduced
ok 409 - project-only trial bronze goes directly to the active project and cannot be overproduced
  ---
  duration_ms: 1.56522
  type: 'test'
  ...
# Subtest: actual smelting chains turn scheduled resource-camp rewards into the mandatory bronze and iron progression totals
ok 410 - actual smelting chains turn scheduled resource-camp rewards into the mandatory bronze and iron progression totals
  ---
  duration_ms: 5.529964
  type: 'test'
  ...
# Subtest: wave doctrine changes actual routing and resource-base composition rather than only the label
ok 411 - wave doctrine changes actual routing and resource-base composition rather than only the label
  ---
  duration_ms: 3.908781
  type: 'test'
  ...
# Subtest: upgraded tower ranges affect evasive route selection
ok 412 - upgraded tower ranges affect evasive route selection
  ---
  duration_ms: 0.876744
  type: 'test'
  ...
# Subtest: shield tiers use their declared protection values and new enemies use correct friendly matchups
ok 413 - shield tiers use their declared protection values and new enemies use correct friendly matchups
  ---
  duration_ms: 0.766451
  type: 'test'
  ...
# Subtest: hunters abandon squads outside their pursuit radius
ok 414 - hunters abandon squads outside their pursuit radius
  ---
  duration_ms: 1.333008
  type: 'test'
  ...
# Subtest: additional major bases are real attack targets, can be destroyed, persist, and rebuild on site
ok 415 - additional major bases are real attack targets, can be destroyed, persist, and rebuild on site
  ---
  duration_ms: 1.198399
  type: 'test'
  ...
# Subtest: spawned and legacy-loaded enemies retain their defined visual radius and field-base UI lists retrieval units
ok 416 - spawned and legacy-loaded enemies retain their defined visual radius and field-base UI lists retrieval units
  ---
  duration_ms: 4.148379
  type: 'test'
  ...
# Subtest: destroyed major-base ruins still occupy their slot and block overlapping replacement placement
ok 417 - destroyed major-base ruins still occupy their slot and block overlapping replacement placement
  ---
  duration_ms: 0.879268
  type: 'test'
  ...
# Subtest: only one tab owns the synchronous storage lease
ok 418 - only one tab owns the synchronous storage lease
  ---
  duration_ms: 0.85324
  type: 'test'
  ...
# Subtest: broadcast fallback elects one primary tab when storage is unavailable
ok 419 - broadcast fallback elects one primary tab when storage is unavailable
  ---
  duration_ms: 0.811423
  type: 'test'
  ...
# Subtest: tab return never destroys the live application from pagehide
ok 420 - tab return never destroys the live application from pagehide
  ---
  duration_ms: 0.744699
  type: 'test'
  ...
# Subtest: visible-tab recovery refreshes ownership and restores the established-game UI
ok 421 - visible-tab recovery refreshes ownership and restores the established-game UI
  ---
  duration_ms: 0.20278
  type: 'test'
  ...
# Subtest: service worker serves installed application assets before background refresh
ok 422 - service worker serves installed application assets before background refresh
  ---
  duration_ms: 0.246714
  type: 'test'
  ...
# Subtest: network and boot waits are bounded and recovery does not delete the save
ok 423 - network and boot waits are bounded and recovery does not delete the save
  ---
  duration_ms: 0.178684
  type: 'test'
  ...
# Subtest: remaining route distance accounts for current edge progress
ok 424 - remaining route distance accounts for current edge progress
  ---
  duration_ms: 0.854762
  type: 'test'
  ...
# Subtest: threat level escalates from contact to critical
ok 425 - threat level escalates from contact to critical
  ---
  duration_ms: 0.400531
  type: 'test'
  ...
# Subtest: clear threat reports stable defense line
ok 426 - clear threat reports stable defense line
  ---
  duration_ms: 0.207817
  type: 'test'
  ...
# Subtest: tactical routes and focus render with a minimal canvas context
ok 427 - tactical routes and focus render with a minimal canvas context
  ---
  duration_ms: 8.769666
  type: 'test'
  ...
# Subtest: selected enemy base no longer renders a misleading player capture radius
ok 428 - selected enemy base no longer renders a misleading player capture radius
  ---
  duration_ms: 0.584192
  type: 'test'
  ...
# Subtest: HUD and modal CSS do not use unreadably small explicit type
ok 429 - HUD and modal CSS do not use unreadably small explicit type
  ---
  duration_ms: 5.07366
  type: 'test'
  ...
# Subtest: Canvas labels retain a readable minimum without changing world scale
ok 430 - Canvas labels retain a readable minimum without changing world scale
  ---
  duration_ms: 40.156661
  type: 'test'
  ...
# Subtest: larger tool labels receive matching control height and context clearance
ok 431 - larger tool labels receive matching control height and context clearance
  ---
  duration_ms: 1.504892
  type: 'test'
  ...
# Subtest: opening command, civilization and deployment UI does not mutate committed game state
ok 432 - opening command, civilization and deployment UI does not mutate committed game state
  ---
  duration_ms: 36.608273
  type: 'test'
  ...
# Subtest: periodic HUD refresh shares one detached state snapshot across all UI panels
ok 433 - periodic HUD refresh shares one detached state snapshot across all UI panels
  ---
  duration_ms: 3.983155
  type: 'test'
  ...
# Subtest: a fully destroyed wave increments perfect defense streak exactly once
ok 434 - a fully destroyed wave increments perfect defense streak exactly once
  ---
  duration_ms: 3.718004
  type: 'test'
  ...
# Subtest: enemy-base guard launches once and does not count as a perfect defense wave
ok 435 - enemy-base guard launches once and does not count as a perfect defense wave
  ---
  duration_ms: 1.249935
  type: 'test'
  ...
# Subtest: civilization level creates resource bases without duplicating them
ok 436 - civilization level creates resource bases without duplicating them
  ---
  duration_ms: 8.290859
  type: 'test'
  ...
# Subtest: initial base placement excludes civilization resource bases
ok 437 - initial base placement excludes civilization resource bases
  ---
  duration_ms: 10.175607
  type: 'test'
  ...
# Subtest: destroyed base waits for its respawn timer and then reappears elsewhere
ok 438 - destroyed base waits for its respawn timer and then reappears elsewhere
  ---
  duration_ms: 1.682624
  type: 'test'
  ...
# Subtest: initial enemy bases spread across independent road fronts when the graph permits it
ok 439 - initial enemy bases spread across independent road fronts when the graph permits it
  ---
  duration_ms: 1.426255
  type: 'test'
  ...
# Subtest: stacked initial enemy bases receive progressively longer opening delays on a one-front road
ok 440 - stacked initial enemy bases receive progressively longer opening delays on a one-front road
  ---
  duration_ms: 2.397104
  type: 'test'
  ...
# Subtest: region activity follows the nearest city or player anchor
ok 441 - region activity follows the nearest city or player anchor
  ---
  duration_ms: 1.41572
  type: 'test'
  ...
# Subtest: regional clocks only release peripheral and dormant simulation at their intervals
ok 442 - regional clocks only release peripheral and dormant simulation at their intervals
  ---
  duration_ms: 0.710058
  type: 'test'
  ...
# Subtest: dormant enemies and facilities advance only when the remote interval is due
ok 443 - dormant enemies and facilities advance only when the remote interval is due
  ---
  duration_ms: 5.891092
  type: 'test'
  ...
# Subtest: road graph spatial index excludes distant roads from local queries
ok 444 - road graph spatial index excludes distant roads from local queries
  ---
  duration_ms: 0.926958
  type: 'test'
  ...
# Subtest: expanded road graphs use compact save encoding and restore gameplay fields
ok 445 - expanded road graphs use compact save encoding and restore gameplay fields
  ---
  duration_ms: 4.835448
  type: 'test'
  ...
1..445
# tests 445
# suites 0
# pass 445
# fail 0
# cancelled 0
# skipped 0
# todo 0
# duration_ms 6430.607232
