
> frontline-roads-refactor@0.31.0 verify
> npm run syntax && npm test


> frontline-roads-refactor@0.31.0 syntax
> find src tests -name '*.js' -print0 | xargs -0 -n1 node --check && node --check sw.js


> frontline-roads-refactor@0.31.0 test
> node --test

TAP version 13
# Subtest: HTML references only existing local app resources and required controls exist
ok 1 - HTML references only existing local app resources and required controls exist
  ---
  duration_ms: 8.105198
  type: 'test'
  ...
# Subtest: every required DOM id used by bootstrap exists in HTML
ok 2 - every required DOM id used by bootstrap exists in HTML
  ---
  duration_ms: 4.275431
  type: 'test'
  ...
# Subtest: service worker app shell contains every runtime source file and all paths exist
ok 3 - service worker app shell contains every runtime source file and all paths exist
  ---
  duration_ms: 98.798105
  type: 'test'
  ...
# Subtest: development tree has no premature single-HTML build output
ok 4 - development tree has no premature single-HTML build output
  ---
  duration_ms: 3.096638
  type: 'test'
  ...
# Subtest: service worker only deletes FRONTLINE ROADS caches
ok 5 - service worker only deletes FRONTLINE ROADS caches
  ---
  duration_ms: 79.163013
  type: 'test'
  ...
# Subtest: service worker falls back to HTML only for navigation requests
ok 6 - service worker falls back to HTML only for navigation requests
  ---
  duration_ms: 1.689333
  type: 'test'
  ...
# Subtest: release version is synchronized across package, runtime label, HTML loader and service-worker cache
ok 7 - release version is synchronized across package, runtime label, HTML loader and service-worker cache
  ---
  duration_ms: 5.211894
  type: 'test'
  ...
# Subtest: asset startup does not delete caches or unregister service workers before boot
ok 8 - asset startup does not delete caches or unregister service workers before boot
  ---
  duration_ms: 1.547202
  type: 'test'
  ...
# Subtest: GitHub Pages package includes no-Jekyll markers and the legacy fr redirect
ok 9 - GitHub Pages package includes no-Jekyll markers and the legacy fr redirect
  ---
  duration_ms: 2.901076
  type: 'test'
  ...
# Subtest: obsolete top alert frame is absent from the play HUD
ok 10 - obsolete top alert frame is absent from the play HUD
  ---
  duration_ms: 2.170038
  type: 'test'
  ...
# Subtest: storage denial is detected without crashing construction
ok 11 - storage denial is detected without crashing construction
  ---
  duration_ms: 1.05527
  type: 'test'
  ...
# Subtest: invalid shallow save is quarantined instead of bricking startup
ok 12 - invalid shallow save is quarantined instead of bricking startup
  ---
  duration_ms: 1.166635
  type: 'test'
  ...
# Subtest: saved game removes exact position history and rounds map origin
ok 13 - saved game removes exact position history and rounds map origin
  ---
  duration_ms: 2.00342
  type: 'test'
  ...
# Subtest: state validation rejects malformed saved road graph
ok 14 - state validation rejects malformed saved road graph
  ---
  duration_ms: 0.225916
  type: 'test'
  ...
# Subtest: stone gate conversion cannot be used before civilization level 2
ok 15 - stone gate conversion cannot be used before civilization level 2
  ---
  duration_ms: 1.585394
  type: 'test'
  ...
# Subtest: path invalidation waits for the current edge instead of teleporting backward
ok 16 - path invalidation waits for the current edge instead of teleporting backward
  ---
  duration_ms: 1.413463
  type: 'test'
  ...
# Subtest: grade-separated endpoints are not merged into one intersection
ok 17 - grade-separated endpoints are not merged into one intersection
  ---
  duration_ms: 1.165083
  type: 'test'
  ...
# Subtest: long OSM geometry is subdivided rather than discarded
ok 18 - long OSM geometry is subdivided rather than discarded
  ---
  duration_ms: 79.407633
  type: 'test'
  ...
# Subtest: complete reset clears current, legacy, and backup save keys
ok 19 - complete reset clears current, legacy, and backup save keys
  ---
  duration_ms: 0.431752
  type: 'test'
  ...
# Subtest: production source only enables dev fixture on local or explicit test origins
ok 20 - production source only enables dev fixture on local or explicit test origins
  ---
  duration_ms: 10.598528
  type: 'test'
  ...
# Subtest: development fixture disables browser JSONP and uses injected road data
ok 21 - development fixture disables browser JSONP and uses injected road data
  ---
  duration_ms: 3.904027
  type: 'test'
  ...
# Subtest: tier-zero area and slow defenses use the approved restrained values
ok 22 - tier-zero area and slow defenses use the approved restrained values
  ---
  duration_ms: 1.427494
  type: 'test'
  ...
# Subtest: area defense applies full damage to one target, reduced splash and a hard target cap
ok 23 - area defense applies full damage to one target, reduced splash and a hard target cap
  ---
  duration_ms: 1.242328
  type: 'test'
  ...
# Subtest: slow defense affects only the nearest approved number of targets
ok 24 - slow defense affects only the nearest approved number of targets
  ---
  duration_ms: 0.400946
  type: 'test'
  ...
# Subtest: enemy base growth follows age thresholds and civilization caps
ok 25 - enemy base growth follows age thresholds and civilization caps
  ---
  duration_ms: 0.222761
  type: 'test'
  ...
# Subtest: enemy level multipliers scale durability, attack and speed without runaway speed growth
ok 26 - enemy level multipliers scale durability, attack and speed without runaway speed growth
  ---
  duration_ms: 0.278655
  type: 'test'
  ...
# Subtest: spawned enemies retain the source base level and scaled HP for their lifetime
ok 27 - spawned enemies retain the source base level and scaled HP for their lifetime
  ---
  duration_ms: 0.394998
  type: 'test'
  ...
# Subtest: enemy base levels add exactly one unit per level
ok 28 - enemy base levels add exactly one unit per level
  ---
  duration_ms: 73.072158
  type: 'test'
  ...
# Subtest: new civilization enemy generations phase in at 15, 30, 45 and 60 minutes
ok 29 - new civilization enemy generations phase in at 15, 30, 45 and 60 minutes
  ---
  duration_ms: 0.236992
  type: 'test'
  ...
# Subtest: higher enemy base levels increase pressure gradually rather than all at once
ok 30 - higher enemy base levels increase pressure gradually rather than all at once
  ---
  duration_ms: 0.352825
  type: 'test'
  ...
# Subtest: a level-two mixed wave now reaches a city defended only by tier-zero area and slow facilities
ok 31 - a level-two mixed wave now reaches a city defended only by tier-zero area and slow facilities
  ---
  duration_ms: 16.441199
  type: 'test'
  ...
# Subtest: a heavier level-two formation creates meaningful pressure without instantly defeating the city
ok 32 - a heavier level-two formation creates meaningful pressure without instantly defeating the city
  ---
  duration_ms: 89.24008
  type: 'test'
  ...
# Subtest: enemy base level increases emit one visible threat notification
ok 33 - enemy base level increases emit one visible threat notification
  ---
  duration_ms: 1.228257
  type: 'test'
  ...
# Subtest: enemy individual level and scaled HP survive save and restore
ok 34 - enemy individual level and scaled HP survive save and restore
  ---
  duration_ms: 112.854587
  type: 'test'
  ...
# Subtest: a new civilization generation keeps the previous generation during its opening grace window
ok 35 - a new civilization generation keeps the previous generation during its opening grace window
  ---
  duration_ms: 78.857154
  type: 'test'
  ...
# Subtest: enemy system applies the spawned enemy level to movement and city damage
ok 36 - enemy system applies the spawned enemy level to movement and city damage
  ---
  duration_ms: 0.364663
  type: 'test'
  ...
# Subtest: base command panel summarizes remote threats, facilities, squads and recoveries
ok 37 - base command panel summarizes remote threats, facilities, squads and recoveries
  ---
  duration_ms: 2.501351
  type: 'test'
  ...
# Subtest: base command UI lists all bases and switches the map camera without moving the player
ok 38 - base command UI lists all bases and switches the map camera without moving the player
  ---
  duration_ms: 5.001891
  type: 'test'
  ...
# Subtest: base command UI establishes an unlocked base at the current road position
ok 39 - base command UI establishes an unlocked base at the current road position
  ---
  duration_ms: 77.637134
  type: 'test'
  ...
# Subtest: combat renderer includes a distinct marker for secondary player bases
ok 40 - combat renderer includes a distinct marker for secondary player bases
  ---
  duration_ms: 5.989806
  type: 'test'
  ...
# Subtest: base command UI lists simple bases separately and can focus or rebuild a destroyed one
ok 41 - base command UI lists simple bases separately and can focus or rebuild a destroyed one
  ---
  duration_ms: 2.568457
  type: 'test'
  ...
# Subtest: combat renderer includes a distinct marker for simple bases and ruins
ok 42 - combat renderer includes a distinct marker for simple bases and ruins
  ---
  duration_ms: 1.758255
  type: 'test'
  ...
# Subtest: selection snaps to the existing graph and creates a base without refetching
ok 43 - selection snaps to the existing graph and creates a base without refetching
  ---
  duration_ms: 3.814234
  type: 'test'
  ...
# Subtest: a tap outside the road tolerance is rejected
ok 44 - a tap outside the road tolerance is rejected
  ---
  duration_ms: 0.294167
  type: 'test'
  ...
# Subtest: base placement uses a dedicated map viewport instead of drawing behind controls
ok 45 - base placement uses a dedicated map viewport instead of drawing behind controls
  ---
  duration_ms: 88.193103
  type: 'test'
  ...
# Subtest: base placement screen keeps the canvas clip synchronized with the viewport
ok 46 - base placement screen keeps the canvas clip synchronized with the viewport
  ---
  duration_ms: 3.549166
  type: 'test'
  ...
# Subtest: barrier highlighting is clipped to the build-radius portion of a road
ok 47 - barrier highlighting is clipped to the build-radius portion of a road
  ---
  duration_ms: 1.709333
  type: 'test'
  ...
# Subtest: build placement overlay draws valid sites, build radius and candidate effect radius
ok 48 - build placement overlay draws valid sites, build radius and candidate effect radius
  ---
  duration_ms: 0.904015
  type: 'test'
  ...
# Subtest: barrier overlay tolerates a minimal canvas implementation
ok 49 - barrier overlay tolerates a minimal canvas implementation
  ---
  duration_ms: 0.383811
  type: 'test'
  ...
# Subtest: renderer draws construction guidance after combat effects so candidates stay visible
ok 50 - renderer draws construction guidance after combat effects so candidates stay visible
  ---
  duration_ms: 83.419071
  type: 'test'
  ...
# Subtest: existing facilities do not expand construction beyond bases and the player
ok 51 - existing facilities do not expand construction beyond bases and the player
  ---
  duration_ms: 3.969245
  type: 'test'
  ...
# Subtest: previewing a candidate does not consume resources or create a defense
ok 52 - previewing a candidate does not consume resources or create a defense
  ---
  duration_ms: 0.860871
  type: 'test'
  ...
# Subtest: a confirmed candidate consumes resources exactly once and creates the selected defense
ok 53 - a confirmed candidate consumes resources exactly once and creates the selected defense
  ---
  duration_ms: 0.928922
  type: 'test'
  ...
# Subtest: a stale candidate is rejected without spending resources
ok 54 - a stale candidate is rejected without spending resources
  ---
  duration_ms: 0.421668
  type: 'test'
  ...
# Subtest: candidate confirmation rechecks resources that changed after preview
ok 55 - candidate confirmation rechecks resources that changed after preview
  ---
  duration_ms: 0.483719
  type: 'test'
  ...
# Subtest: barrier candidates retain the tapped road position and reject out-of-range points
ok 56 - barrier candidates retain the tapped road position and reject out-of-range points
  ---
  duration_ms: 0.475707
  type: 'test'
  ...
# Subtest: rebuilding a ruined placement at the same world time creates a distinct defense id
ok 57 - rebuilding a ruined placement at the same world time creates a distinct defense id
  ---
  duration_ms: 0.878487
  type: 'test'
  ...
# Subtest: preview skips an occupied nearest intersection when another valid intersection is within the tap tolerance
ok 58 - preview skips an occupied nearest intersection when another valid intersection is within the tap tolerance
  ---
  duration_ms: 0.506564
  type: 'test'
  ...
# Subtest: preview skips an occupied nearest road when another valid road is within the tap tolerance
ok 59 - preview skips an occupied nearest road when another valid road is within the tap tolerance
  ---
  duration_ms: 0.73272
  type: 'test'
  ...
# Subtest: player position creates a second build zone away from the home base
ok 60 - player position creates a second build zone away from the home base
  ---
  duration_ms: 0.70636
  type: 'test'
  ...
# Subtest: a current-location candidate is rejected if the player leaves its build zone before confirmation
ok 61 - a current-location candidate is rejected if the player leaves its build zone before confirmation
  ---
  duration_ms: 0.464932
  type: 'test'
  ...
# Subtest: overlapping home-base and player positions are represented as one build zone
ok 62 - overlapping home-base and player positions are represented as one build zone
  ---
  duration_ms: 0.198195
  type: 'test'
  ...
# Subtest: a remote facility stays outside the build zone until the player physically reaches it
ok 63 - a remote facility stays outside the build zone until the player physically reaches it
  ---
  duration_ms: 0.32957
  type: 'test'
  ...
# Subtest: removing a defense reopens its placement and invalidates enemy routes
ok 64 - removing a defense reopens its placement and invalidates enemy routes
  ---
  duration_ms: 0.444412
  type: 'test'
  ...
# Subtest: removing an unknown defense does not mutate the state
ok 65 - removing an unknown defense does not mutate the state
  ---
  duration_ms: 0.177484
  type: 'test'
  ...
# Subtest: inventory has one canonical resource store and preserves overflow
ok 66 - inventory has one canonical resource store and preserves overflow
  ---
  duration_ms: 2.464837
  type: 'test'
  ...
# Subtest: production reserves inputs once and completes through the civilization update
ok 67 - production reserves inputs once and completes through the civilization update
  ---
  duration_ms: 1.906671
  type: 'test'
  ...
# Subtest: removed resource outpost subsystem is absent from civilization runtime
ok 68 - removed resource outpost subsystem is absent from civilization runtime
  ---
  duration_ms: 0.136072
  type: 'test'
  ...
# Subtest: settlement damage ruins a building and disables its production
ok 69 - settlement damage ruins a building and disables its production
  ---
  duration_ms: 0.792669
  type: 'test'
  ...
# Subtest: production overflow stays in the building buffer until collection
ok 70 - production overflow stays in the building buffer until collection
  ---
  duration_ms: 0.797296
  type: 'test'
  ...
# Subtest: every civilization project uses implemented requirements and fits the unlocked settlement slots
ok 71 - every civilization project uses implemented requirements and fits the unlocked settlement slots
  ---
  duration_ms: 0.35643
  type: 'test'
  ...
# Subtest: map tap only selects a build candidate and confirmation performs the mutation
ok 72 - map tap only selects a build candidate and confirmation performs the mutation
  ---
  duration_ms: 213.018268
  type: 'test'
  ...
# Subtest: combat UI no longer calls immediate buildAt from map taps
ok 73 - combat UI no longer calls immediate buildAt from map taps
  ---
  duration_ms: 84.399014
  type: 'test'
  ...
# Subtest: an invalid second tap clears the previous candidate to prevent confirming the wrong location
ok 74 - an invalid second tap clears the previous candidate to prevent confirming the wrong location
  ---
  duration_ms: 1.450012
  type: 'test'
  ...
# Subtest: build confirmation is disabled while the selected facility is unaffordable
ok 75 - build confirmation is disabled while the selected facility is unaffordable
  ---
  duration_ms: 1.123311
  type: 'test'
  ...
# Subtest: context explanations are collapsed by default and metrics remain visible
ok 76 - context explanations are collapsed by default and metrics remain visible
  ---
  duration_ms: 0.621114
  type: 'test'
  ...
# Subtest: an opened context explanation remains open after the live HUD rerenders
ok 77 - an opened context explanation remains open after the live HUD rerenders
  ---
  duration_ms: 0.574164
  type: 'test'
  ...
# Subtest: context metrics use a fixed three-column grid to reduce panel height
ok 78 - context metrics use a fixed three-column grid to reduce panel height
  ---
  duration_ms: 2.916674
  type: 'test'
  ...
# Subtest: defense removal requires a second confirmation and then clears the selected facility
ok 79 - defense removal requires a second confirmation and then clears the selected facility
  ---
  duration_ms: 1.407459
  type: 'test'
  ...
# Subtest: tapping the selected facility again closes the compact context panel
ok 80 - tapping the selected facility again closes the compact context panel
  ---
  duration_ms: 1.10941
  type: 'test'
  ...
# Subtest: combat effect buffer is capped and prunes expired effects
ok 81 - combat effect buffer is capped and prunes expired effects
  ---
  duration_ms: 0.801031
  type: 'test'
  ...
# Subtest: event bus creates transient shot and city warning effects
ok 82 - event bus creates transient shot and city warning effects
  ---
  duration_ms: 3.36787
  type: 'test'
  ...
# Subtest: manual defense upgrade events create a visible pulse
ok 83 - manual defense upgrade events create a visible pulse
  ---
  duration_ms: 0.455278
  type: 'test'
  ...
# Subtest: barrier changes weighted enemy route without creating another graph
ok 84 - barrier changes weighted enemy route without creating another graph
  ---
  duration_ms: 2.685034
  type: 'test'
  ...
# Subtest: enemy position follows path direction rather than edge storage direction
ok 85 - enemy position follows path direction rather than edge storage direction
  ---
  duration_ms: 0.925617
  type: 'test'
  ...
# Subtest: build range is measured from established home base
ok 86 - build range is measured from established home base
  ---
  duration_ms: 1.771386
  type: 'test'
  ...
# Subtest: gun tower damages an enemy in range
ok 87 - gun tower damages an enemy in range
  ---
  duration_ms: 1.107427
  type: 'test'
  ...
# Subtest: enemy reaching the city deals damage and is removed
ok 88 - enemy reaching the city deals damage and is removed
  ---
  duration_ms: 81.39196
  type: 'test'
  ...
# Subtest: repair relay consumes resources and repairs only the most damaged target
ok 89 - repair relay consumes resources and repairs only the most damaged target
  ---
  duration_ms: 0.624109
  type: 'test'
  ...
# Subtest: city recovers after a quiet period and a large update only heals post-cooldown time
ok 90 - city recovers after a quiet period and a large update only heals post-cooldown time
  ---
  duration_ms: 203.03733
  type: 'test'
  ...
# Subtest: city defeat never creates negative resources and reports unpaid emergency recovery honestly
ok 91 - city defeat never creates negative resources and reports unpaid emergency recovery honestly
  ---
  duration_ms: 10.10999
  type: 'test'
  ...
# Subtest: barrier has player-facing role, effect, placement and numeric metrics
ok 92 - barrier has player-facing role, effect, placement and numeric metrics
  ---
  duration_ms: 0.923334
  type: 'test'
  ...
# Subtest: gun has player-facing role, effect, placement and numeric metrics
ok 93 - gun has player-facing role, effect, placement and numeric metrics
  ---
  duration_ms: 0.190283
  type: 'test'
  ...
# Subtest: mortar has player-facing role, effect, placement and numeric metrics
ok 94 - mortar has player-facing role, effect, placement and numeric metrics
  ---
  duration_ms: 0.139607
  type: 'test'
  ...
# Subtest: slow has player-facing role, effect, placement and numeric metrics
ok 95 - slow has player-facing role, effect, placement and numeric metrics
  ---
  duration_ms: 0.09371
  type: 'test'
  ...
# Subtest: relay has player-facing role, effect, placement and numeric metrics
ok 96 - relay has player-facing role, effect, placement and numeric metrics
  ---
  duration_ms: 0.459078
  type: 'test'
  ...
# Subtest: all defense tiers define deterministic durability and sequential upgrade costs
ok 97 - all defense tiers define deterministic durability and sequential upgrade costs
  ---
  duration_ms: 0.950874
  type: 'test'
  ...
# Subtest: defense upgrades are sequential and locked to civilization level
ok 98 - defense upgrades are sequential and locked to civilization level
  ---
  duration_ms: 79.10349
  type: 'test'
  ...
# Subtest: upgrading preserves damage ratio instead of fully healing the facility
ok 99 - upgrading preserves damage ratio instead of fully healing the facility
  ---
  duration_ms: 1.306754
  type: 'test'
  ...
# Subtest: tier synchronization upgrades legacy durability without changing its health percentage
ok 100 - tier synchronization upgrades legacy durability without changing its health percentage
  ---
  duration_ms: 0.26196
  type: 'test'
  ...
# Subtest: destroyed and maximum-tier defenses cannot be upgraded
ok 101 - destroyed and maximum-tier defenses cannot be upgraded
  ---
  duration_ms: 0.54435
  type: 'test'
  ...
# Subtest: gate conversion starts at tier two and preserves the prior health ratio
ok 102 - gate conversion starts at tier two and preserves the prior health ratio
  ---
  duration_ms: 0.505272
  type: 'test'
  ...
# Subtest: combat UI keeps the normal facility panel compact and opens upgrade details only on demand
ok 103 - combat UI keeps the normal facility panel compact and opens upgrade details only on demand
  ---
  duration_ms: 197.33476
  type: 'test'
  ...
# Subtest: facility explanation replaces the metric view instead of stacking below it
ok 104 - facility explanation replaces the metric view instead of stacking below it
  ---
  duration_ms: 1.064945
  type: 'test'
  ...
# Subtest: civilization panel explains the current defense tier ceiling and next unlock
ok 105 - civilization panel explains the current defense tier ceiling and next unlock
  ---
  duration_ms: 7.701573
  type: 'test'
  ...
# Subtest: applying a tier uses the explicit durability table for every facility class
ok 106 - applying a tier uses the explicit durability table for every facility class
  ---
  duration_ms: 0.717117
  type: 'test'
  ...
# Subtest: upgraded attack statistics are used by live combat rather than only the UI
ok 107 - upgraded attack statistics are used by live combat rather than only the UI
  ---
  duration_ms: 1.320234
  type: 'test'
  ...
# Subtest: defense panel uses a compact capped layout with fixed visible actions
ok 108 - defense panel uses a compact capped layout with fixed visible actions
  ---
  duration_ms: 5.803209
  type: 'test'
  ...
# Subtest: asset loader starts with the current application-relative stylesheet
ok 109 - asset loader starts with the current application-relative stylesheet
  ---
  duration_ms: 85.633395
  type: 'test'
  ...
# Subtest: asset loader recovers a legacy fr path through the canonical frontline-roads directory
ok 110 - asset loader recovers a legacy fr path through the canonical frontline-roads directory
  ---
  duration_ms: 3.749103
  type: 'test'
  ...
# Subtest: top HUD no longer exposes a global deployment button
ok 111 - top HUD no longer exposes a global deployment button
  ---
  duration_ms: 4.569122
  type: 'test'
  ...
# Subtest: enemy-base deployment opens with the tapped target fixed
ok 112 - enemy-base deployment opens with the tapped target fixed
  ---
  duration_ms: 92.097667
  type: 'test'
  ...
# Subtest: recovery-item deployment keeps the selected item fixed and only offers retrieval squads
ok 113 - recovery-item deployment keeps the selected item fixed and only offers retrieval squads
  ---
  duration_ms: 0.845377
  type: 'test'
  ...
# Subtest: combat target context exposes direct deployment actions
ok 114 - combat target context exposes direct deployment actions
  ---
  duration_ms: 3.742828
  type: 'test'
  ...
# Subtest: combat renderer includes visible friendly squad markers
ok 115 - combat renderer includes visible friendly squad markers
  ---
  duration_ms: 1.638647
  type: 'test'
  ...
# Subtest: enemy types make different barrier decisions from break time and detour time
ok 116 - enemy types make different barrier decisions from break time and detour time
  ---
  duration_ms: 2.58726
  type: 'test'
  ...
# Subtest: balanced infantry breaches a weakened wall instead of taking a long detour
ok 117 - balanced infantry breaches a weakened wall instead of taking a long detour
  ---
  duration_ms: 0.412404
  type: 'test'
  ...
# Subtest: raider selects repair support before ordinary weapon towers
ok 118 - raider selects repair support before ordinary weapon towers
  ---
  duration_ms: 1.901814
  type: 'test'
  ...
# Subtest: rope cutter selects slowing equipment before repair support
ok 119 - rope cutter selects slowing equipment before repair support
  ---
  duration_ms: 0.406876
  type: 'test'
  ...
# Subtest: specialist damages its selected facility and invalidates shared targets when it is destroyed
ok 120 - specialist damages its selected facility and invalidates shared targets when it is destroyed
  ---
  duration_ms: 0.629697
  type: 'test'
  ...
# Subtest: a newly built priority facility requests rerouting without teleporting an enemy off its current road
ok 121 - a newly built priority facility requests rerouting without teleporting an enemy off its current road
  ---
  duration_ms: 1.175289
  type: 'test'
  ...
# Subtest: civilization generations contain expanded valid enemy variants with explicit personalities
ok 122 - civilization generations contain expanded valid enemy variants with explicit personalities
  ---
  duration_ms: 1.541643
  type: 'test'
  ...
# Subtest: flanking enemies choose a bounded longer side road while direct infantry uses the shortest road
ok 123 - flanking enemies choose a bounded longer side road while direct infantry uses the shortest road
  ---
  duration_ms: 3.008385
  type: 'test'
  ...
# Subtest: marauder personality prioritizes a field base over an equally reachable city
ok 124 - marauder personality prioritizes a field base over an equally reachable city
  ---
  duration_ms: 85.919021
  type: 'test'
  ...
# Subtest: squad hunter plans toward an active friendly squad and damages it after contact
ok 125 - squad hunter plans toward an active friendly squad and damages it after contact
  ---
  duration_ms: 1.122941
  type: 'test'
  ...
# Subtest: war drummer speed aura accelerates nearby allies without accelerating itself
ok 126 - war drummer speed aura accelerates nearby allies without accelerating itself
  ---
  duration_ms: 2.241114
  type: 'test'
  ...
# Subtest: civilization level four rotates doctrines and introduces the new generation across repeated waves
ok 127 - civilization level four rotates doctrines and introduces the new generation across repeated waves
  ---
  duration_ms: 4.164266
  type: 'test'
  ...
# Subtest: personality route and doctrine metadata survive the unchanged save schema
ok 128 - personality route and doctrine metadata survive the unchanged save schema
  ---
  duration_ms: 2.432359
  type: 'test'
  ...
# Subtest: loaded source chunk materializes a persistent enemy-source site
ok 129 - loaded source chunk materializes a persistent enemy-source site
  ---
  duration_ms: 2.519779
  type: 'test'
  ...
# Subtest: player can clear an enemy source on site and stop future frontier waves
ok 130 - player can clear an enemy source on site and stop future frontier waves
  ---
  duration_ms: 6.545432
  type: 'test'
  ...
# Subtest: enemy source interaction requires proximity and a clear local area
ok 131 - enemy source interaction requires proximity and a clear local area
  ---
  duration_ms: 80.95139
  type: 'test'
  ...
# Subtest: loaded chunks are processed once for deterministic ambient discoveries
ok 132 - loaded chunks are processed once for deterministic ambient discoveries
  ---
  duration_ms: 1.216871
  type: 'test'
  ...
# Subtest: exploration renderer draws active sites with a minimal canvas context
ok 133 - exploration renderer draws active sites with a minimal canvas context
  ---
  duration_ms: 0.775444
  type: 'test'
  ...
# Subtest: civilization level provides a separate simple-base limit
ok 134 - civilization level provides a separate simple-base limit
  ---
  duration_ms: 0.936633
  type: 'test'
  ...
# Subtest: simple-base placement requires civilization unlock, fresh GPS, road access and separation
ok 135 - simple-base placement requires civilization unlock, fresh GPS, road access and separation
  ---
  duration_ms: 3.097768
  type: 'test'
  ...
# Subtest: simple-base placement accepts a fresh stationary GPS fix and a road node within the wider placement radius
ok 136 - simple-base placement accepts a fresh stationary GPS fix and a road node within the wider placement radius
  ---
  duration_ms: 0.552251
  type: 'test'
  ...
# Subtest: simple bases require and consume the processed-resource cost for their slot
ok 137 - simple bases require and consume the processed-resource cost for their slot
  ---
  duration_ms: 1.661442
  type: 'test'
  ...
# Subtest: simple base has 40 HP and creates only a 50m construction anchor
ok 138 - simple base has 40 HP and creates only a 50m construction anchor
  ---
  duration_ms: 1.098374
  type: 'test'
  ...
# Subtest: current assault squad can deploy from an active simple base
ok 139 - current assault squad can deploy from an active simple base
  ---
  duration_ms: 1.069471
  type: 'test'
  ...
# Subtest: nearby enemies can destroy a simple base and remove its construction and deployment roles
ok 140 - nearby enemies can destroy a simple base and remove its construction and deployment roles
  ---
  duration_ms: 2.67184
  type: 'test'
  ...
# Subtest: destroyed simple base keeps its slot and can only be rebuilt at the site
ok 141 - destroyed simple base keeps its slot and can only be rebuilt at the site
  ---
  duration_ms: 0.674974
  type: 'test'
  ...
# Subtest: simple-base state survives save and restore without precise location metadata
ok 142 - simple-base state survives save and restore without precise location metadata
  ---
  duration_ms: 2.592963
  type: 'test'
  ...
# Subtest: level-four civilization progress counts active simple bases instead of obsolete outposts
ok 143 - level-four civilization progress counts active simple bases instead of obsolete outposts
  ---
  duration_ms: 81.469831
  type: 'test'
  ...
# Subtest: a distant simple base does not pull attackers away from a much nearer city
ok 144 - a distant simple base does not pull attackers away from a much nearer city
  ---
  duration_ms: 0.747172
  type: 'test'
  ...
# Subtest: standing at a simple base keeps the wider current-location construction zone
ok 145 - standing at a simple base keeps the wider current-location construction zone
  ---
  duration_ms: 0.621935
  type: 'test'
  ...
# Subtest: a major base cannot be placed on top of an active simple base
ok 146 - a major base cannot be placed on top of an active simple base
  ---
  duration_ms: 0.61184
  type: 'test'
  ...
# Subtest: a destroyed simple-base ruin still blocks overlapping major-base placement
ok 147 - a destroyed simple-base ruin still blocks overlapping major-base placement
  ---
  duration_ms: 0.355619
  type: 'test'
  ...
# Subtest: an active simple base anchors regional simulation but a destroyed one does not
ok 148 - an active simple base anchors regional simulation but a destroyed one does not
  ---
  duration_ms: 101.303939
  type: 'test'
  ...
# Subtest: an enemy chooses a nearby simple base when it is meaningfully closer than the city
ok 149 - an enemy chooses a nearby simple base when it is meaningfully closer than the city
  ---
  duration_ms: 0.640052
  type: 'test'
  ...
# Subtest: deployment preview is non-destructive and dispatch spends the assault cost once
ok 150 - deployment preview is non-destructive and dispatch spends the assault cost once
  ---
  duration_ms: 3.826563
  type: 'test'
  ...
# Subtest: friendly squad stops to fight enemies and both sides exchange damage
ok 151 - friendly squad stops to fight enemies and both sides exchange damage
  ---
  duration_ms: 83.350634
  type: 'test'
  ...
# Subtest: squad destroys an enemy base, schedules respawn and returns to its origin
ok 152 - squad destroys an enemy base, schedules respawn and returns to its origin
  ---
  duration_ms: 5.879877
  type: 'test'
  ...
# Subtest: friendly squads survive JSON save and restore without exact base coordinates
ok 153 - friendly squads survive JSON save and restore without exact base coordinates
  ---
  duration_ms: 2.073074
  type: 'test'
  ...
# Subtest: remote friendly squads only advance when the dormant regional interval is due
ok 154 - remote friendly squads only advance when the dormant regional interval is due
  ---
  duration_ms: 92.278882
  type: 'test'
  ...
# Subtest: friendly order overlay draws selectable nodes, routes, destination and waypoints on a minimal canvas
ok 155 - friendly order overlay draws selectable nodes, routes, destination and waypoints on a minimal canvas
  ---
  duration_ms: 84.31246
  type: 'test'
  ...
# Subtest: combat UI exposes stop, retreat, withdraw, resume and two-waypoint route planning
ok 156 - combat UI exposes stop, retreat, withdraw, resume and two-waypoint route planning
  ---
  duration_ms: 6.718776
  type: 'test'
  ...
# Subtest: renderer places squad order guidance above combat and construction layers
ok 157 - renderer places squad order guidance above combat and construction layers
  ---
  duration_ms: 1.91308
  type: 'test'
  ...
# Subtest: stop holds a squad at its exact road position while retaining the mission
ok 158 - stop holds a squad at its exact road position while retaining the mission
  ---
  duration_ms: 86.437601
  type: 'test'
  ...
# Subtest: route command issued mid-edge preserves position and joins the chosen route at the next intersection
ok 159 - route command issued mid-edge preserves position and joins the chosen route at the next intersection
  ---
  duration_ms: 0.96098
  type: 'test'
  ...
# Subtest: retreat reaches the selected node, stops there, and keeps the original attack mission
ok 160 - retreat reaches the selected node, stops there, and keeps the original attack mission
  ---
  duration_ms: 1.463697
  type: 'test'
  ...
# Subtest: withdraw abandons the mission and begins recovery only after it reaches the origin
ok 161 - withdraw abandons the mission and begins recovery only after it reaches the origin
  ---
  duration_ms: 2.67519
  type: 'test'
  ...
# Subtest: stopping a retreat preserves the retreat destination for route-selected resume
ok 162 - stopping a retreat preserves the retreat destination for route-selected resume
  ---
  duration_ms: 0.449298
  type: 'test'
  ...
# Subtest: retreat validation rejects a node closer to the hostile base and accepts an owned base behind the squad
ok 163 - retreat validation rejects a node closer to the hostile base and accepts an owned base behind the squad
  ---
  duration_ms: 0.592441
  type: 'test'
  ...
# Subtest: route planner exposes distinct shortest, enemy-avoidance and friendly-support choices when the road graph allows them
ok 164 - route planner exposes distinct shortest, enemy-avoidance and friendly-support choices when the road graph allows them
  ---
  duration_ms: 2.082057
  type: 'test'
  ...
# Subtest: waypoints force every generated route through the selected intersections
ok 165 - waypoints force every generated route through the selected intersections
  ---
  duration_ms: 0.811006
  type: 'test'
  ...
# Subtest: retreating through a newly encountered enemy does not grant invulnerability
ok 166 - retreating through a newly encountered enemy does not grant invulnerability
  ---
  duration_ms: 189.908393
  type: 'test'
  ...
# Subtest: friendly orders, selected route and history survive save and restore
ok 167 - friendly orders, selected route and history survive save and restore
  ---
  duration_ms: 2.3118
  type: 'test'
  ...
# Subtest: a rejected withdraw route leaves the original mission untouched
ok 168 - a rejected withdraw route leaves the original mission untouched
  ---
  duration_ms: 0.496899
  type: 'test'
  ...
# Subtest: route orders reject paths whose edges do not connect the declared node sequence
ok 169 - route orders reject paths whose edges do not connect the declared node sequence
  ---
  duration_ms: 0.231334
  type: 'test'
  ...
# Subtest: route estimates include the remaining distance on the squad current road segment
ok 170 - route estimates include the remaining distance on the squad current road segment
  ---
  duration_ms: 0.297102
  type: 'test'
  ...
# Subtest: a map tap near a displayed route selects that route instead of becoming a waypoint
ok 171 - a map tap near a displayed route selects that route instead of becoming a waypoint
  ---
  duration_ms: 0.701613
  type: 'test'
  ...
# Subtest: civilization level one unlocks treatment and field aid with the approved progression
ok 172 - civilization level one unlocks treatment and field aid with the approved progression
  ---
  duration_ms: 0.999276
  type: 'test'
  ...
# Subtest: major bases recover a returned squad to full health and keep it ready for redeployment
ok 173 - major bases recover a returned squad to full health and keep it ready for redeployment
  ---
  duration_ms: 2.149438
  type: 'test'
  ...
# Subtest: a treatment facility accelerates healing and reorganization at a major base
ok 174 - a treatment facility accelerates healing and reorganization at a major base
  ---
  duration_ms: 1.249539
  type: 'test'
  ...
# Subtest: a field base without an aid station reorganizes but does not heal a light squad
ok 175 - a field base without an aid station reorganizes but does not heal a light squad
  ---
  duration_ms: 1.409347
  type: 'test'
  ...
# Subtest: a field aid station heals assault and skirmisher squads up to seventy percent
ok 176 - a field aid station heals assault and skirmisher squads up to seventy percent
  ---
  duration_ms: 0.999918
  type: 'test'
  ...
# Subtest: field aid does not heal non-light squads if legacy data places one at a field base
ok 177 - field aid does not heal non-light squads if legacy data places one at a field base
  ---
  duration_ms: 0.889393
  type: 'test'
  ...
# Subtest: recovering squads block dispatch while a ready squad of the same type redeploys without cost
ok 178 - recovering squads block dispatch while a ready squad of the same type redeploys without cost
  ---
  duration_ms: 3.904609
  type: 'test'
  ...
# Subtest: selecting a different type replaces a ready garrison and charges the new formation cost
ok 179 - selecting a different type replaces a ready garrison and charges the new formation cost
  ---
  duration_ms: 0.782654
  type: 'test'
  ...
# Subtest: medical and field aid facilities are restricted to their matching base types and one slot each
ok 180 - medical and field aid facilities are restricted to their matching base types and one slot each
  ---
  duration_ms: 3.439727
  type: 'test'
  ...
# Subtest: destroying a treatment facility immediately falls back to natural base recovery
ok 181 - destroying a treatment facility immediately falls back to natural base recovery
  ---
  duration_ms: 0.535056
  type: 'test'
  ...
# Subtest: recovery state and progress survive save and restore
ok 182 - recovery state and progress survive save and restore
  ---
  duration_ms: 1.463548
  type: 'test'
  ...
# Subtest: a recovering squad evacuates to the nearest major base when its field base is destroyed
ok 183 - a recovering squad evacuates to the nearest major base when its field base is destroyed
  ---
  duration_ms: 3.612154
  type: 'test'
  ...
# Subtest: recovery and ready garrisons reject tactical movement orders
ok 184 - recovery and ready garrisons reject tactical movement orders
  ---
  duration_ms: 0.515727
  type: 'test'
  ...
# Subtest: treatment capacity queues excess squads without losing recovery state
ok 185 - treatment capacity queues excess squads without losing recovery state
  ---
  duration_ms: 0.237113
  type: 'test'
  ...
# Subtest: tier-three treatment facilities process two recovering squads at once
ok 186 - tier-three treatment facilities process two recovering squads at once
  ---
  duration_ms: 0.160478
  type: 'test'
  ...
# Subtest: friendly unit unlock levels and simple-base deployment restrictions are enforced
ok 187 - friendly unit unlock levels and simple-base deployment restrictions are enforced
  ---
  duration_ms: 3.786744
  type: 'test'
  ...
# Subtest: skirmisher damage strongly favors light enemies and is weak against armored enemies
ok 188 - skirmisher damage strongly favors light enemies and is weak against armored enemies
  ---
  duration_ms: 0.294128
  type: 'test'
  ...
# Subtest: siege squad damages enemy bases much faster than the assault squad
ok 189 - siege squad damages enemy bases much faster than the assault squad
  ---
  duration_ms: 3.516046
  type: 'test'
  ...
# Subtest: nearby heavy squad intercepts part of the damage aimed at another friendly squad
ok 190 - nearby heavy squad intercepts part of the damage aimed at another friendly squad
  ---
  duration_ms: 1.138604
  type: 'test'
  ...
# Subtest: expedition squad heals only after its non-combat recovery delay
ok 191 - expedition squad heals only after its non-combat recovery delay
  ---
  duration_ms: 0.470039
  type: 'test'
  ...
# Subtest: all friendly unit types preserve their identity and combat state through save and restore
ok 192 - all friendly unit types preserve their identity and combat state through save and restore
  ---
  duration_ms: 82.544029
  type: 'test'
  ...
# Subtest: skirmisher prioritizes a light specialist over a nearer ordinary infantry target
ok 193 - skirmisher prioritizes a light specialist over a nearer ordinary infantry target
  ---
  duration_ms: 1.261446
  type: 'test'
  ...
# Subtest: mixed friendly unit types remain valid through extended regional combat simulation
ok 194 - mixed friendly unit types remain valid through extended regional combat simulation
  ---
  duration_ms: 310.728605
  type: 'test'
  ...
# Subtest: dead-end roads at unexplored chunk borders become frontier candidates
ok 195 - dead-end roads at unexplored chunk borders become frontier candidates
  ---
  duration_ms: 1.871744
  type: 'test'
  ...
# Subtest: frontier source stays fixed while its entry point advances with map expansion
ok 196 - frontier source stays fixed while its entry point advances with map expansion
  ---
  duration_ms: 1.892105
  type: 'test'
  ...
# Subtest: frontier system launches enemies from a map-edge entry node
ok 197 - frontier system launches enemies from a map-edge entry node
  ---
  duration_ms: 85.82474
  type: 'test'
  ...
# Subtest: frontier identity is hidden until the signal is localized
ok 198 - frontier identity is hidden until the signal is localized
  ---
  duration_ms: 0.260318
  type: 'test'
  ...
# Subtest: frontier renderer tolerates a minimal canvas context
ok 199 - frontier renderer tolerates a minimal canvas context
  ---
  duration_ms: 0.864045
  type: 'test'
  ...
# Subtest: balanced opening reaches civilization level one without collapse on a line road network
ok 200 - balanced opening reaches civilization level one without collapse on a line road network
  ---
  duration_ms: 1013.964474
  type: 'test'
  ...
# Subtest: balanced opening reaches civilization level one without collapse on a cross road network
ok 201 - balanced opening reaches civilization level one without collapse on a cross road network
  ---
  duration_ms: 784.885408
  type: 'test'
  ...
# Subtest: balanced opening reaches civilization level one without collapse on a grid road network
ok 202 - balanced opening reaches civilization level one without collapse on a grid road network
  ---
  duration_ms: 298.217116
  type: 'test'
  ...
# Subtest: attack-only opening can suppress the first bases but still causes material losses
ok 203 - attack-only opening can suppress the first bases but still causes material losses
  ---
  duration_ms: 205.221849
  type: 'test'
  ...
# Subtest: batch production queues 1, 5, 10 or the maximum without double-reserving inputs
ok 204 - batch production queues 1, 5, 10 or the maximum without double-reserving inputs
  ---
  duration_ms: 5.237516
  type: 'test'
  ...
# Subtest: project-only production caps queued units, starts the existing order, and cannot overshoot the target
ok 205 - project-only production caps queued units, starts the existing order, and cannot overshoot the target
  ---
  duration_ms: 0.99476
  type: 'test'
  ...
# Subtest: safe civilization contribution keeps the declared defense reserve while explicit full contribution may use it
ok 206 - safe civilization contribution keeps the declared defense reserve while explicit full contribution may use it
  ---
  duration_ms: 1.509636
  type: 'test'
  ...
# Subtest: coordinated deployment uses unique bases and synchronizes mixed squads to one arrival time
ok 207 - coordinated deployment uses unique bases and synchronizes mixed squads to one arrival time
  ---
  duration_ms: 87.881885
  type: 'test'
  ...
# Subtest: simple-base network diagnostic distinguishes sufficient and insufficient acquired roads
ok 208 - simple-base network diagnostic distinguishes sufficient and insufficient acquired roads
  ---
  duration_ms: 1.26413
  type: 'test'
  ...
# Subtest: listed barrier sites use an in-range projection and remain valid for construction on dense roads
ok 209 - listed barrier sites use an in-range projection and remain valid for construction on dense roads
  ---
  duration_ms: 1.442546
  type: 'test'
  ...
# Subtest: gameplay stabilization controls are present in UI source and field-base text includes retrieval squads
ok 210 - gameplay stabilization controls are present in UI source and field-base text includes retrieval squads
  ---
  duration_ms: 95.97768
  type: 'test'
  ...
# Subtest: source module graph has no circular dependencies
ok 211 - source module graph has no circular dependencies
  ---
  duration_ms: 601.664274
  type: 'test'
  ...
# Subtest: twelve-hour simulation remains bounded, serializable and within enemy cap
ok 212 - twelve-hour simulation remains bounded, serializable and within enemy cap
  ---
  duration_ms: 2372.371487
  type: 'test'
  ...
# Subtest: same state and elapsed time produce the same offline game result
ok 213 - same state and elapsed time produce the same offline game result
  ---
  duration_ms: 439.651016
  type: 'test'
  ...
# Subtest: legacy save is converted once into the clean schema
ok 214 - legacy save is converted once into the clean schema
  ---
  duration_ms: 3.891199
  type: 'test'
  ...
# Subtest: offline simulation is bounded and reports the applied duration
ok 215 - offline simulation is bounded and reports the applied duration
  ---
  duration_ms: 1.383509
  type: 'test'
  ...
# Subtest: offline simulation advances the canonical world clock
ok 216 - offline simulation advances the canonical world clock
  ---
  duration_ms: 0.407556
  type: 'test'
  ...
# Subtest: default endpoints use current public global instances
ok 217 - default endpoints use current public global instances
  ---
  duration_ms: 2.122463
  type: 'test'
  ...
# Subtest: query filters road classes before download
ok 218 - query filters road classes before download
  ---
  duration_ms: 0.467966
  type: 'test'
  ...
# Subtest: JSONP URL contains encoded query and callback
ok 219 - JSONP URL contains encoded query and callback
  ---
  duration_ms: 0.47715
  type: 'test'
  ...
# Subtest: browser JSONP resolves payload and cleans callback
ok 220 - browser JSONP resolves payload and cleans callback
  ---
  duration_ms: 0.843625
  type: 'test'
  ...
# Subtest: browser mode prefers JSONP and does not call fetch after success
ok 221 - browser mode prefers JSONP and does not call fetch after success
  ---
  duration_ms: 0.529928
  type: 'test'
  ...
# Subtest: JSONP failure falls back to official minimal POST request
ok 222 - JSONP failure falls back to official minimal POST request
  ---
  duration_ms: 0.765439
  type: 'test'
  ...
# Subtest: failed endpoint falls back to the next endpoint
ok 223 - failed endpoint falls back to the next endpoint
  ---
  duration_ms: 0.444571
  type: 'test'
  ...
# Subtest: all failures include endpoint and transport diagnostics
ok 224 - all failures include endpoint and transport diagnostics
  ---
  duration_ms: 0.898086
  type: 'test'
  ...
# Subtest: caller abort stops attempts immediately
ok 225 - caller abort stops attempts immediately
  ---
  duration_ms: 0.811908
  type: 'test'
  ...
# Subtest: development client can disable JSONP and use the injected fetch directly
ok 226 - development client can disable JSONP and use the injected fetch directly
  ---
  duration_ms: 2.510625
  type: 'test'
  ...
# Subtest: balanced profile limits simulation, rendering and DPR
ok 227 - balanced profile limits simulation, rendering and DPR
  ---
  duration_ms: 0.911796
  type: 'test'
  ...
# Subtest: game loop decouples simulation, civilization and rendering rates
ok 228 - game loop decouples simulation, civilization and rendering rates
  ---
  duration_ms: 85.138228
  type: 'test'
  ...
# Subtest: combat spatial index returns only nearby active enemies
ok 229 - combat spatial index returns only nearby active enemies
  ---
  duration_ms: 1.211111
  type: 'test'
  ...
# Subtest: renderer caches static radar and road layers between frames
ok 230 - renderer caches static radar and road layers between frames
  ---
  duration_ms: 2.440401
  type: 'test'
  ...
# Subtest: tactical route choices use spatial snapshots instead of rescanning every enemy and defense per road edge
ok 231 - tactical route choices use spatial snapshots instead of rescanning every enemy and defense per road edge
  ---
  duration_ms: 709.446369
  type: 'test'
  ...
# Subtest: civilization level increases the active player-base limit by one
ok 232 - civilization level increases the active player-base limit by one
  ---
  duration_ms: 0.951175
  type: 'test'
  ...
# Subtest: base placement requires an unlocked slot, fresh position, nearby road and minimum separation
ok 233 - base placement requires an unlocked slot, fresh position, nearby road and minimum separation
  ---
  duration_ms: 1.831485
  type: 'test'
  ...
# Subtest: additional major bases require and consume escalating processed-resource costs
ok 234 - additional major bases require and consume escalating processed-resource costs
  ---
  duration_ms: 1.528995
  type: 'test'
  ...
# Subtest: establishing a base adds a remote construction and simulation anchor
ok 235 - establishing a base adds a remote construction and simulation anchor
  ---
  duration_ms: 1.309618
  type: 'test'
  ...
# Subtest: secondary bases survive save and restore without retaining exact location fields
ok 236 - secondary bases survive save and restore without retaining exact location fields
  ---
  duration_ms: 2.238881
  type: 'test'
  ...
# Subtest: civilization projects require cumulative artifacts recovered in the field
ok 237 - civilization projects require cumulative artifacts recovered in the field
  ---
  duration_ms: 0.842634
  type: 'test'
  ...
# Subtest: destroying a resource enemy base secures its declared reward in one recoverable cache
ok 238 - destroying a resource enemy base secures its declared reward in one recoverable cache
  ---
  duration_ms: 83.864309
  type: 'test'
  ...
# Subtest: resource enemy bases return within the progression window while strategic bases retain long recovery
ok 239 - resource enemy bases return within the progression window while strategic bases retain long recovery
  ---
  duration_ms: 0.788863
  type: 'test'
  ...
# Subtest: legacy resource-outpost data is stripped during runtime normalization
ok 240 - legacy resource-outpost data is stripped during runtime normalization
  ---
  duration_ms: 0.55123
  type: 'test'
  ...
# Subtest: PWA registers the current service worker on HTTPS
ok 241 - PWA registers the current service worker on HTTPS
  ---
  duration_ms: 1.546721
  type: 'test'
  ...
# Subtest: PWA is skipped for an allowed development fixture
ok 242 - PWA is skipped for an allowed development fixture
  ---
  duration_ms: 0.565411
  type: 'test'
  ...
# Subtest: public devFixture query does not disable production PWA registration
ok 243 - public devFixture query does not disable production PWA registration
  ---
  duration_ms: 0.296851
  type: 'test'
  ...
# Subtest: PWA registration failure does not stop the game
ok 244 - PWA registration failure does not stop the game
  ---
  duration_ms: 0.292445
  type: 'test'
  ...
# Subtest: radar renderer is integrated without changing the map input owner
ok 245 - radar renderer is integrated without changing the map input owner
  ---
  duration_ms: 91.660456
  type: 'test'
  ...
# Subtest: radar theme exposes tactical palette and mobile layout rules
ok 246 - radar theme exposes tactical palette and mobile layout rules
  ---
  duration_ms: 2.978836
  type: 'test'
  ...
# Subtest: combat and road renderers use radar glyphs and glow rather than emoji labels
ok 247 - combat and road renderers use radar glyphs and glow rather than emoji labels
  ---
  duration_ms: 4.442123
  type: 'test'
  ...
# Subtest: radar canvas layers render with a minimal canvas context
ok 248 - radar canvas layers render with a minimal canvas context
  ---
  duration_ms: 86.795704
  type: 'test'
  ...
# Subtest: playing footer stays clear of the combat toolbar
ok 249 - playing footer stays clear of the combat toolbar
  ---
  duration_ms: 1.733254
  type: 'test'
  ...
# Subtest: radar preferences apply defaults and cycle without game state
ok 250 - radar preferences apply defaults and cycle without game state
  ---
  duration_ms: 1.02897
  type: 'test'
  ...
# Subtest: bootstrap imports RadarPreferences before constructing it
ok 251 - bootstrap imports RadarPreferences before constructing it
  ---
  duration_ms: 86.987079
  type: 'test'
  ...
# Subtest: touch devices default to the power-saving radar profile
ok 252 - touch devices default to the power-saving radar profile
  ---
  duration_ms: 0.432814
  type: 'test'
  ...
# Subtest: destroying an enemy base creates one persistent recovery item at the destroyed base
ok 253 - destroying an enemy base creates one persistent recovery item at the destroyed base
  ---
  duration_ms: 2.833485
  type: 'test'
  ...
# Subtest: recovery requires the player to be within the physical collection range
ok 254 - recovery requires the player to be within the physical collection range
  ---
  duration_ms: 0.910214
  type: 'test'
  ...
# Subtest: recovery rejects stale or inaccurate geolocation even at the item position
ok 255 - recovery rejects stale or inaccurate geolocation even at the item position
  ---
  duration_ms: 0.326546
  type: 'test'
  ...
# Subtest: manual collection requires five seconds in range, grants once and removes the recovered item
ok 256 - manual collection requires five seconds in range, grants once and removes the recovered item
  ---
  duration_ms: 1.287566
  type: 'test'
  ...
# Subtest: leaving the collection radius cancels progress without removing the item
ok 257 - leaving the collection radius cancels progress without removing the item
  ---
  duration_ms: 0.482828
  type: 'test'
  ...
# Subtest: uncollected recovery items survive save and restore while live location freshness does not
ok 258 - uncollected recovery items survive save and restore while live location freshness does not
  ---
  duration_ms: 1.600311
  type: 'test'
  ...
# Subtest: refactor schema 1 scrap is migrated into canonical resources
ok 259 - refactor schema 1 scrap is migrated into canonical resources
  ---
  duration_ms: 87.145024
  type: 'test'
  ...
# Subtest: retrieval squad is deliberately weak and works from major and field bases
ok 260 - retrieval squad is deliberately weak and works from major and field bases
  ---
  duration_ms: 85.404394
  type: 'test'
  ...
# Subtest: dispatch reserves a recovery item and preview does not mutate it
ok 261 - dispatch reserves a recovery item and preview does not mutate it
  ---
  duration_ms: 4.850747
  type: 'test'
  ...
# Subtest: retrieval squad collects for eight seconds and grants the artifact only after returning
ok 262 - retrieval squad collects for eight seconds and grants the artifact only after returning
  ---
  duration_ms: 96.662943
  type: 'test'
  ...
# Subtest: destroying a squad before pickup releases the item at its original location
ok 263 - destroying a squad before pickup releases the item at its original location
  ---
  duration_ms: 0.716947
  type: 'test'
  ...
# Subtest: destroying a squad while carrying drops the item at the destruction point
ok 264 - destroying a squad while carrying drops the item at the destruction point
  ---
  duration_ms: 1.870383
  type: 'test'
  ...
# Subtest: withdrawing before pickup abandons the recovery mission and releases the item
ok 265 - withdrawing before pickup abandons the recovery mission and releases the item
  ---
  duration_ms: 0.775754
  type: 'test'
  ...
# Subtest: field bases can deploy and reorganize retrieval squads
ok 266 - field bases can deploy and reorganize retrieval squads
  ---
  duration_ms: 0.576398
  type: 'test'
  ...
# Subtest: reserved recovery mission survives save and restore without exposing exact live location data
ok 267 - reserved recovery mission survives save and restore without exposing exact live location data
  ---
  duration_ms: 1.576475
  type: 'test'
  ...
# Subtest: manual collection in progress blocks deployment without consuming resources or changing a ready squad
ok 268 - manual collection in progress blocks deployment without consuming resources or changing a ready squad
  ---
  duration_ms: 0.899788
  type: 'test'
  ...
# Subtest: orphaned reservations become available again after squad data is lost
ok 269 - orphaned reservations become available again after squad data is lost
  ---
  duration_ms: 0.684117
  type: 'test'
  ...
# Subtest: a real heavy enemy quickly destroys the weak retrieval squad and releases its reservation
ok 270 - a real heavy enemy quickly destroys the weak retrieval squad and releases its reservation
  ---
  duration_ms: 1.835421
  type: 'test'
  ...
# Subtest: remote retrieval completes under active, peripheral, and dormant regional intervals
ok 271 - remote retrieval completes under active, peripheral, and dormant regional intervals
  ---
  duration_ms: 300.92517
  type: 'test'
  ...
# Subtest: world chunks use deterministic grid ids and reversible centers
ok 272 - world chunks use deterministic grid ids and reversible centers
  ---
  duration_ms: 2.130114
  type: 'test'
  ...
# Subtest: initial chunk state does not assume that the cleaned initial graph fully covers surrounding chunks
ok 273 - initial chunk state does not assume that the cleaned initial graph fully covers surrounding chunks
  ---
  duration_ms: 0.280447
  type: 'test'
  ...
# Subtest: graph merge preserves existing ids, joins nearby endpoints and removes duplicate edges
ok 274 - graph merge preserves existing ids, joins nearby endpoints and removes duplicate edges
  ---
  duration_ms: 1.721116
  type: 'test'
  ...
# Subtest: chunk cache isolates worlds and can remove one world
ok 275 - chunk cache isolates worlds and can remove one world
  ---
  duration_ms: 0.387637
  type: 'test'
  ...
# Subtest: RoadService chunk acquisition projects roads into the original world coordinate system
ok 276 - RoadService chunk acquisition projects roads into the original world coordinate system
  ---
  duration_ms: 98.170846
  type: 'test'
  ...
# Subtest: parallel carriageways with the same identity collapse into one gameplay road
ok 277 - parallel carriageways with the same identity collapse into one gameplay road
  ---
  duration_ms: 2.306812
  type: 'test'
  ...
# Subtest: nearby roads with different names remain separate
ok 278 - nearby roads with different names remain separate
  ---
  duration_ms: 0.293236
  type: 'test'
  ...
# Subtest: clustered intersections build a connected graph and combat route
ok 279 - clustered intersections build a connected graph and combat route
  ---
  duration_ms: 3.383103
  type: 'test'
  ...
# Subtest: one RoadService load performs one acquisition and produces indexed graph data
ok 280 - one RoadService load performs one acquisition and produces indexed graph data
  ---
  duration_ms: 103.831378
  type: 'test'
  ...
# Subtest: chunk prefetch only includes crossed or nearby grid edges
ok 281 - chunk prefetch only includes crossed or nearby grid edges
  ---
  duration_ms: 1.760129
  type: 'test'
  ...
# Subtest: manager merges a new chunk, records it and persists a compact cache entry
ok 282 - manager merges a new chunk, records it and persists a compact cache entry
  ---
  duration_ms: 3.409472
  type: 'test'
  ...
# Subtest: manager loads a cached chunk without calling the road server
ok 283 - manager loads a cached chunk without calling the road server
  ---
  duration_ms: 0.927179
  type: 'test'
  ...
# Subtest: failed acquisitions cool down without blocking unrelated nearby chunks
ok 284 - failed acquisitions cool down without blocking unrelated nearby chunks
  ---
  duration_ms: 94.670364
  type: 'test'
  ...
# Subtest: chunk centers remain based on the original world center
ok 285 - chunk centers remain based on the original world center
  ---
  duration_ms: 0.228801
  type: 'test'
  ...
# Subtest: legacy initial coverage is released while explicitly merged chunks remain confirmed
ok 286 - legacy initial coverage is released while explicitly merged chunks remain confirmed
  ---
  duration_ms: 0.528025
  type: 'test'
  ...
# Subtest: approaching a visible road endpoint queues forward chunks before the grid boundary
ok 287 - approaching a visible road endpoint queues forward chunks before the grid boundary
  ---
  duration_ms: 3.438825
  type: 'test'
  ...
# Subtest: movement lookahead queues the travel direction even before the player reaches a chunk edge
ok 288 - movement lookahead queues the travel direction even before the player reaches a chunk edge
  ---
  duration_ms: 0.694523
  type: 'test'
  ...
# Subtest: frontier failures retry after the shorter movement cooldown
ok 289 - frontier failures retry after the shorter movement cooldown
  ---
  duration_ms: 1.459111
  type: 'test'
  ...
# Subtest: an internal cul-de-sac does not masquerade as the outer road frontier
ok 290 - an internal cul-de-sac does not masquerade as the outer road frontier
  ---
  duration_ms: 0.997654
  type: 'test'
  ...
# Subtest: lookahead road chunks remain hidden until the player physically enters them
ok 291 - lookahead road chunks remain hidden until the player physically enters them
  ---
  duration_ms: 0.935452
  type: 'test'
  ...
# Subtest: road-frontier movement completes acquisition and merges the new road into the live map
ok 292 - road-frontier movement completes acquisition and merges the new road into the live map
  ---
  duration_ms: 92.80865
  type: 'test'
  ...
# Subtest: save data remains JSON and graph indexes are reconstructed after load
ok 293 - save data remains JSON and graph indexes are reconstructed after load
  ---
  duration_ms: 2.602622
  type: 'test'
  ...
# Subtest: v0.19 object-form road graphs remain loadable after compact saves are introduced
ok 294 - v0.19 object-form road graphs remain loadable after compact saves are introduced
  ---
  duration_ms: 0.701424
  type: 'test'
  ...
# Subtest: lifecycle follows the new startup sequence
ok 295 - lifecycle follows the new startup sequence
  ---
  duration_ms: 87.19263
  type: 'test'
  ...
# Subtest: invalid transition is rejected
ok 296 - invalid transition is rejected
  ---
  duration_ms: 0.611389
  type: 'test'
  ...
# Subtest: state snapshots cannot mutate the store
ok 297 - state snapshots cannot mutate the store
  ---
  duration_ms: 0.222331
  type: 'test'
  ...
# Subtest: source contains no legacy function override pattern or duplicate fetchRoadGraph
ok 298 - source contains no legacy function override pattern or duplicate fetchRoadGraph
  ---
  duration_ms: 500.913668
  type: 'test'
  ...
# Subtest: repair relay remains available as a build tool
ok 299 - repair relay remains available as a build tool
  ---
  duration_ms: 4.30888
  type: 'test'
  ...
# Subtest: survey facility is a civilization level 1 tower with approved tier progression
ok 300 - survey facility is a civilization level 1 tower with approved tier progression
  ---
  duration_ms: 2.044402
  type: 'test'
  ...
# Subtest: survey facility cannot be built before civilization level 1 or from the player-only build zone
ok 301 - survey facility cannot be built before civilization level 1 or from the player-only build zone
  ---
  duration_ms: 2.10366
  type: 'test'
  ...
# Subtest: each owned base can operate only one active survey facility
ok 302 - each owned base can operate only one active survey facility
  ---
  duration_ms: 1.18271
  type: 'test'
  ...
# Subtest: survey candidate selection expands one adjacent unloaded chunk inside the tier radius
ok 303 - survey candidate selection expands one adjacent unloaded chunk inside the tier radius
  ---
  duration_ms: 79.602573
  type: 'test'
  ...
# Subtest: survey-loaded roads are recorded separately from physically observed regions
ok 304 - survey-loaded roads are recorded separately from physically observed regions
  ---
  duration_ms: 3.719069
  type: 'test'
  ...
# Subtest: remote survey does not reveal exact frontier sources or ambient exploration sites
ok 305 - remote survey does not reveal exact frontier sources or ambient exploration sites
  ---
  duration_ms: 1.198012
  type: 'test'
  ...
# Subtest: entering a surveyed chunk promotes it to physical observation and reveals local content
ok 306 - entering a surveyed chunk promotes it to physical observation and reveals local content
  ---
  duration_ms: 2.632837
  type: 'test'
  ...
# Subtest: survey scheduler serializes facilities and enforces a global real-time cooldown
ok 307 - survey scheduler serializes facilities and enforces a global real-time cooldown
  ---
  duration_ms: 1.616905
  type: 'test'
  ...
# Subtest: survey status reports radius, cadence and remaining expansion work
ok 308 - survey status reports radius, cadence and remaining expansion work
  ---
  duration_ms: 1.786182
  type: 'test'
  ...
# Subtest: survey tower upgrade remains gated by the matching civilization level
ok 309 - survey tower upgrade remains gated by the matching civilization level
  ---
  duration_ms: 0.768604
  type: 'test'
  ...
# Subtest: a survey facility anchored to a destroyed simple base stops operating until the base is rebuilt
ok 310 - a survey facility anchored to a destroyed simple base stops operating until the base is rebuilt
  ---
  duration_ms: 0.371413
  type: 'test'
  ...
# Subtest: survey-only road chunks do not receive exact enemy bases before physical observation
ok 311 - survey-only road chunks do not receive exact enemy bases before physical observation
  ---
  duration_ms: 1.226785
  type: 'test'
  ...
# Subtest: survey progress and physical-observation boundaries survive save and restore
ok 312 - survey progress and physical-observation boundaries survive save and restore
  ---
  duration_ms: 1.016042
  type: 'test'
  ...
# Subtest: resource outpost runtime is completely removed while legacy saves are safely stripped
ok 313 - resource outpost runtime is completely removed while legacy saves are safely stripped
  ---
  duration_ms: 11.736971
  type: 'test'
  ...
# Subtest: resource-camp capture rewards cover the mandatory ore gates of later civilization projects
ok 314 - resource-camp capture rewards cover the mandatory ore gates of later civilization projects
  ---
  duration_ms: 0.24231
  type: 'test'
  ...
# Subtest: project-only trial bronze goes directly to the active project and cannot be overproduced
ok 315 - project-only trial bronze goes directly to the active project and cannot be overproduced
  ---
  duration_ms: 1.798145
  type: 'test'
  ...
# Subtest: actual smelting chains turn scheduled resource-camp rewards into the mandatory bronze and iron progression totals
ok 316 - actual smelting chains turn scheduled resource-camp rewards into the mandatory bronze and iron progression totals
  ---
  duration_ms: 5.370489
  type: 'test'
  ...
# Subtest: wave doctrine changes actual routing and resource-base composition rather than only the label
ok 317 - wave doctrine changes actual routing and resource-base composition rather than only the label
  ---
  duration_ms: 82.905427
  type: 'test'
  ...
# Subtest: upgraded tower ranges affect evasive route selection
ok 318 - upgraded tower ranges affect evasive route selection
  ---
  duration_ms: 0.799349
  type: 'test'
  ...
# Subtest: shield tiers use their declared protection values and new enemies use correct friendly matchups
ok 319 - shield tiers use their declared protection values and new enemies use correct friendly matchups
  ---
  duration_ms: 0.863685
  type: 'test'
  ...
# Subtest: hunters abandon squads outside their pursuit radius
ok 320 - hunters abandon squads outside their pursuit radius
  ---
  duration_ms: 1.257981
  type: 'test'
  ...
# Subtest: additional major bases are real attack targets, can be destroyed, persist, and rebuild on site
ok 321 - additional major bases are real attack targets, can be destroyed, persist, and rebuild on site
  ---
  duration_ms: 1.384179
  type: 'test'
  ...
# Subtest: spawned and legacy-loaded enemies retain their defined visual radius and field-base UI lists retrieval units
ok 322 - spawned and legacy-loaded enemies retain their defined visual radius and field-base UI lists retrieval units
  ---
  duration_ms: 4.779661
  type: 'test'
  ...
# Subtest: destroyed major-base ruins still occupy their slot and block overlapping replacement placement
ok 323 - destroyed major-base ruins still occupy their slot and block overlapping replacement placement
  ---
  duration_ms: 0.949933
  type: 'test'
  ...
# Subtest: only one tab owns the synchronous storage lease
ok 324 - only one tab owns the synchronous storage lease
  ---
  duration_ms: 0.950584
  type: 'test'
  ...
# Subtest: broadcast fallback elects one primary tab when storage is unavailable
ok 325 - broadcast fallback elects one primary tab when storage is unavailable
  ---
  duration_ms: 0.93446
  type: 'test'
  ...
# Subtest: remaining route distance accounts for current edge progress
ok 326 - remaining route distance accounts for current edge progress
  ---
  duration_ms: 0.801843
  type: 'test'
  ...
# Subtest: threat level escalates from contact to critical
ok 327 - threat level escalates from contact to critical
  ---
  duration_ms: 0.351994
  type: 'test'
  ...
# Subtest: clear threat reports stable defense line
ok 328 - clear threat reports stable defense line
  ---
  duration_ms: 0.225445
  type: 'test'
  ...
# Subtest: tactical routes and focus render with a minimal canvas context
ok 329 - tactical routes and focus render with a minimal canvas context
  ---
  duration_ms: 85.319908
  type: 'test'
  ...
# Subtest: selected enemy base no longer renders a misleading player capture radius
ok 330 - selected enemy base no longer renders a misleading player capture radius
  ---
  duration_ms: 2.406666
  type: 'test'
  ...
# Subtest: HUD and modal CSS do not use unreadably small explicit type
ok 331 - HUD and modal CSS do not use unreadably small explicit type
  ---
  duration_ms: 6.545307
  type: 'test'
  ...
# Subtest: Canvas labels retain a readable minimum without changing world scale
ok 332 - Canvas labels retain a readable minimum without changing world scale
  ---
  duration_ms: 83.731586
  type: 'test'
  ...
# Subtest: larger tool labels receive matching control height and context clearance
ok 333 - larger tool labels receive matching control height and context clearance
  ---
  duration_ms: 1.983596
  type: 'test'
  ...
# Subtest: a fully destroyed wave increments perfect defense streak exactly once
ok 334 - a fully destroyed wave increments perfect defense streak exactly once
  ---
  duration_ms: 4.213719
  type: 'test'
  ...
# Subtest: enemy-base guard launches once and does not count as a perfect defense wave
ok 335 - enemy-base guard launches once and does not count as a perfect defense wave
  ---
  duration_ms: 1.248207
  type: 'test'
  ...
# Subtest: civilization level creates resource bases without duplicating them
ok 336 - civilization level creates resource bases without duplicating them
  ---
  duration_ms: 60.884902
  type: 'test'
  ...
# Subtest: initial base placement excludes civilization resource bases
ok 337 - initial base placement excludes civilization resource bases
  ---
  duration_ms: 19.557601
  type: 'test'
  ...
# Subtest: destroyed base waits for its respawn timer and then reappears elsewhere
ok 338 - destroyed base waits for its respawn timer and then reappears elsewhere
  ---
  duration_ms: 1.480092
  type: 'test'
  ...
# Subtest: initial enemy bases spread across independent road fronts when the graph permits it
ok 339 - initial enemy bases spread across independent road fronts when the graph permits it
  ---
  duration_ms: 1.365371
  type: 'test'
  ...
# Subtest: stacked initial enemy bases receive progressively longer opening delays on a one-front road
ok 340 - stacked initial enemy bases receive progressively longer opening delays on a one-front road
  ---
  duration_ms: 1.316078
  type: 'test'
  ...
# Subtest: region activity follows the nearest city or player anchor
ok 341 - region activity follows the nearest city or player anchor
  ---
  duration_ms: 2.248139
  type: 'test'
  ...
# Subtest: regional clocks only release peripheral and dormant simulation at their intervals
ok 342 - regional clocks only release peripheral and dormant simulation at their intervals
  ---
  duration_ms: 0.945998
  type: 'test'
  ...
# Subtest: dormant enemies and facilities advance only when the remote interval is due
ok 343 - dormant enemies and facilities advance only when the remote interval is due
  ---
  duration_ms: 5.541949
  type: 'test'
  ...
# Subtest: road graph spatial index excludes distant roads from local queries
ok 344 - road graph spatial index excludes distant roads from local queries
  ---
  duration_ms: 2.724633
  type: 'test'
  ...
# Subtest: expanded road graphs use compact save encoding and restore gameplay fields
ok 345 - expanded road graphs use compact save encoding and restore gameplay fields
  ---
  duration_ms: 4.357988
  type: 'test'
  ...
1..345
# tests 345
# suites 0
# pass 345
# fail 0
# cancelled 0
# skipped 0
# todo 0
# duration_ms 5118.089246
