
> frontline-roads-refactor@0.32.10 verify
> npm run syntax && npm test


> frontline-roads-refactor@0.32.10 syntax
> find src tests -name '*.js' -print0 | xargs -0 -n1 node --check && node --check sw.js


> frontline-roads-refactor@0.32.10 test
> node --test

TAP version 13
# Subtest: HTML references only existing local app resources and required controls exist
ok 1 - HTML references only existing local app resources and required controls exist
  ---
  duration_ms: 70.700741
  type: 'test'
  ...
# Subtest: every required DOM id used by bootstrap exists in HTML
ok 2 - every required DOM id used by bootstrap exists in HTML
  ---
  duration_ms: 7.601994
  type: 'test'
  ...
# Subtest: service worker app shell contains every runtime source file and all paths exist
ok 3 - service worker app shell contains every runtime source file and all paths exist
  ---
  duration_ms: 189.352647
  type: 'test'
  ...
# Subtest: development tree has no premature single-HTML build output
ok 4 - development tree has no premature single-HTML build output
  ---
  duration_ms: 2.751982
  type: 'test'
  ...
# Subtest: service worker only deletes FRONTLINE ROADS caches
ok 5 - service worker only deletes FRONTLINE ROADS caches
  ---
  duration_ms: 3.235722
  type: 'test'
  ...
# Subtest: service worker falls back to HTML only for navigation requests
ok 6 - service worker falls back to HTML only for navigation requests
  ---
  duration_ms: 2.12801
  type: 'test'
  ...
# Subtest: release version is synchronized across package, runtime label, HTML loader and service-worker cache
ok 7 - release version is synchronized across package, runtime label, HTML loader and service-worker cache
  ---
  duration_ms: 6.638451
  type: 'test'
  ...
# Subtest: asset startup does not delete caches or unregister service workers before boot
ok 8 - asset startup does not delete caches or unregister service workers before boot
  ---
  duration_ms: 2.685184
  type: 'test'
  ...
# Subtest: GitHub Pages package includes no-Jekyll markers and synchronized root and legacy redirects
ok 9 - GitHub Pages package includes no-Jekyll markers and synchronized root and legacy redirects
  ---
  duration_ms: 84.331923
  type: 'test'
  ...
# Subtest: obsolete top alert frame is absent from the play HUD
ok 10 - obsolete top alert frame is absent from the play HUD
  ---
  duration_ms: 3.369672
  type: 'test'
  ...
# Subtest: storage denial is detected without crashing construction
ok 11 - storage denial is detected without crashing construction
  ---
  duration_ms: 2.250146
  type: 'test'
  ...
# Subtest: invalid shallow save is quarantined instead of bricking startup
ok 12 - invalid shallow save is quarantined instead of bricking startup
  ---
  duration_ms: 2.356936
  type: 'test'
  ...
# Subtest: saved game removes exact position history and rounds map origin
ok 13 - saved game removes exact position history and rounds map origin
  ---
  duration_ms: 4.690441
  type: 'test'
  ...
# Subtest: state validation rejects malformed saved road graph
ok 14 - state validation rejects malformed saved road graph
  ---
  duration_ms: 0.516641
  type: 'test'
  ...
# Subtest: stone gate conversion cannot be used before civilization level 2
ok 15 - stone gate conversion cannot be used before civilization level 2
  ---
  duration_ms: 1.710976
  type: 'test'
  ...
# Subtest: path invalidation waits for the current edge instead of teleporting backward
ok 16 - path invalidation waits for the current edge instead of teleporting backward
  ---
  duration_ms: 2.338045
  type: 'test'
  ...
# Subtest: grade-separated endpoints are not merged into one intersection
ok 17 - grade-separated endpoints are not merged into one intersection
  ---
  duration_ms: 1.690884
  type: 'test'
  ...
# Subtest: long OSM geometry is subdivided rather than discarded
ok 18 - long OSM geometry is subdivided rather than discarded
  ---
  duration_ms: 78.546876
  type: 'test'
  ...
# Subtest: complete reset clears current, legacy, and backup save keys
ok 19 - complete reset clears current, legacy, and backup save keys
  ---
  duration_ms: 0.90135
  type: 'test'
  ...
# Subtest: production source only enables dev fixture on local or explicit test origins
ok 20 - production source only enables dev fixture on local or explicit test origins
  ---
  duration_ms: 104.195227
  type: 'test'
  ...
# Subtest: road loading keeps injected fetch and isolates the script fallback in an opaque sandbox
ok 21 - road loading keeps injected fetch and isolates the script fallback in an opaque sandbox
  ---
  duration_ms: 10.16667
  type: 'test'
  ...
# Subtest: tier-zero area and slow defenses use the approved restrained values
ok 22 - tier-zero area and slow defenses use the approved restrained values
  ---
  duration_ms: 2.331039
  type: 'test'
  ...
# Subtest: area defense applies full damage to one target, reduced splash and a hard target cap
ok 23 - area defense applies full damage to one target, reduced splash and a hard target cap
  ---
  duration_ms: 2.468557
  type: 'test'
  ...
# Subtest: slow defense affects only the nearest approved number of targets
ok 24 - slow defense affects only the nearest approved number of targets
  ---
  duration_ms: 0.812809
  type: 'test'
  ...
# Subtest: enemy base growth follows age thresholds and civilization caps
ok 25 - enemy base growth follows age thresholds and civilization caps
  ---
  duration_ms: 0.419796
  type: 'test'
  ...
# Subtest: enemy level multipliers scale durability, attack and speed without runaway speed growth
ok 26 - enemy level multipliers scale durability, attack and speed without runaway speed growth
  ---
  duration_ms: 0.531739
  type: 'test'
  ...
# Subtest: spawned enemies retain the source base level and scaled HP for their lifetime
ok 27 - spawned enemies retain the source base level and scaled HP for their lifetime
  ---
  duration_ms: 0.77112
  type: 'test'
  ...
# Subtest: enemy base levels add exactly one unit per level
ok 28 - enemy base levels add exactly one unit per level
  ---
  duration_ms: 1.004946
  type: 'test'
  ...
# Subtest: new civilization enemy generations phase in at 15, 30, 45 and 60 minutes
ok 29 - new civilization enemy generations phase in at 15, 30, 45 and 60 minutes
  ---
  duration_ms: 0.328121
  type: 'test'
  ...
# Subtest: higher enemy base levels increase pressure gradually rather than all at once
ok 30 - higher enemy base levels increase pressure gradually rather than all at once
  ---
  duration_ms: 0.541713
  type: 'test'
  ...
# Subtest: a level-two mixed wave now reaches a city defended only by tier-zero area and slow facilities
ok 31 - a level-two mixed wave now reaches a city defended only by tier-zero area and slow facilities
  ---
  duration_ms: 180.33911
  type: 'test'
  ...
# Subtest: a heavier level-two formation creates meaningful pressure without instantly defeating the city
ok 32 - a heavier level-two formation creates meaningful pressure without instantly defeating the city
  ---
  duration_ms: 112.429736
  type: 'test'
  ...
# Subtest: enemy base level increases emit one visible threat notification
ok 33 - enemy base level increases emit one visible threat notification
  ---
  duration_ms: 2.074145
  type: 'test'
  ...
# Subtest: enemy individual level and scaled HP survive save and restore
ok 34 - enemy individual level and scaled HP survive save and restore
  ---
  duration_ms: 391.189299
  type: 'test'
  ...
# Subtest: a new civilization generation keeps the previous generation during its opening grace window
ok 35 - a new civilization generation keeps the previous generation during its opening grace window
  ---
  duration_ms: 3.884765
  type: 'test'
  ...
# Subtest: enemy system applies the spawned enemy level to movement and city damage
ok 36 - enemy system applies the spawned enemy level to movement and city damage
  ---
  duration_ms: 0.588487
  type: 'test'
  ...
# Subtest: base command panel summarizes remote threats, facilities, squads and recoveries
ok 37 - base command panel summarizes remote threats, facilities, squads and recoveries
  ---
  duration_ms: 81.38381
  type: 'test'
  ...
# Subtest: base command UI lists all bases and switches the map camera without moving the player
ok 38 - base command UI lists all bases and switches the map camera without moving the player
  ---
  duration_ms: 4.296137
  type: 'test'
  ...
# Subtest: base command UI establishes an unlocked base at the current road position
ok 39 - base command UI establishes an unlocked base at the current road position
  ---
  duration_ms: 2.421617
  type: 'test'
  ...
# Subtest: combat renderer includes a distinct marker for secondary player bases
ok 40 - combat renderer includes a distinct marker for secondary player bases
  ---
  duration_ms: 88.725082
  type: 'test'
  ...
# Subtest: base command UI lists simple bases separately and can focus or rebuild a destroyed one
ok 41 - base command UI lists simple bases separately and can focus or rebuild a destroyed one
  ---
  duration_ms: 5.395775
  type: 'test'
  ...
# Subtest: combat renderer includes a distinct marker for simple bases and ruins
ok 42 - combat renderer includes a distinct marker for simple bases and ruins
  ---
  duration_ms: 6.964833
  type: 'test'
  ...
# Subtest: selection snaps to the existing graph and creates a base without refetching
ok 43 - selection snaps to the existing graph and creates a base without refetching
  ---
  duration_ms: 3.179151
  type: 'test'
  ...
# Subtest: a tap outside the road tolerance is rejected
ok 44 - a tap outside the road tolerance is rejected
  ---
  duration_ms: 0.245297
  type: 'test'
  ...
# Subtest: base placement uses a dedicated map viewport instead of drawing behind controls
ok 45 - base placement uses a dedicated map viewport instead of drawing behind controls
  ---
  duration_ms: 12.680661
  type: 'test'
  ...
# Subtest: base placement screen keeps the canvas clip synchronized with the viewport
ok 46 - base placement screen keeps the canvas clip synchronized with the viewport
  ---
  duration_ms: 88.65091
  type: 'test'
  ...
# Subtest: renderer switches to a brighter static scene for base selection
ok 47 - renderer switches to a brighter static scene for base selection
  ---
  duration_ms: 4.645911
  type: 'test'
  ...
# Subtest: startup quarantines only validation failures and isolates optional cache restoration
ok 48 - startup quarantines only validation failures and isolates optional cache restoration
  ---
  duration_ms: 1.443139
  type: 'test'
  ...
# Subtest: offline restoration has an explicit rollback boundary and UI failure preserves the save
ok 49 - offline restoration has an explicit rollback boundary and UI failure preserves the save
  ---
  duration_ms: 0.441827
  type: 'test'
  ...
# Subtest: complete reset cancels road-world requests before deleting cached world data
ok 50 - complete reset cancels road-world requests before deleting cached world data
  ---
  duration_ms: 0.319493
  type: 'test'
  ...
# Subtest: barrier highlighting is clipped to the build-radius portion of a road
ok 51 - barrier highlighting is clipped to the build-radius portion of a road
  ---
  duration_ms: 2.928667
  type: 'test'
  ...
# Subtest: build placement overlay draws valid sites, build radius and candidate effect radius
ok 52 - build placement overlay draws valid sites, build radius and candidate effect radius
  ---
  duration_ms: 1.671766
  type: 'test'
  ...
# Subtest: barrier overlay tolerates a minimal canvas implementation
ok 53 - barrier overlay tolerates a minimal canvas implementation
  ---
  duration_ms: 0.699194
  type: 'test'
  ...
# Subtest: renderer draws construction guidance after combat effects so candidates stay visible
ok 54 - renderer draws construction guidance after combat effects so candidates stay visible
  ---
  duration_ms: 93.408399
  type: 'test'
  ...
# Subtest: existing facilities do not expand construction beyond bases and the player
ok 55 - existing facilities do not expand construction beyond bases and the player
  ---
  duration_ms: 82.815627
  type: 'test'
  ...
# Subtest: previewing a candidate does not consume resources or create a defense
ok 56 - previewing a candidate does not consume resources or create a defense
  ---
  duration_ms: 1.906356
  type: 'test'
  ...
# Subtest: a confirmed candidate consumes resources exactly once and creates the selected defense
ok 57 - a confirmed candidate consumes resources exactly once and creates the selected defense
  ---
  duration_ms: 1.845074
  type: 'test'
  ...
# Subtest: a stale candidate is rejected without spending resources
ok 58 - a stale candidate is rejected without spending resources
  ---
  duration_ms: 0.932423
  type: 'test'
  ...
# Subtest: candidate confirmation rechecks resources that changed after preview
ok 59 - candidate confirmation rechecks resources that changed after preview
  ---
  duration_ms: 1.172828
  type: 'test'
  ...
# Subtest: barrier candidates retain the tapped road position and reject out-of-range points
ok 60 - barrier candidates retain the tapped road position and reject out-of-range points
  ---
  duration_ms: 1.492348
  type: 'test'
  ...
# Subtest: a removed destroyed placement is immediately available for replacement construction
ok 61 - a removed destroyed placement is immediately available for replacement construction
  ---
  duration_ms: 1.175509
  type: 'test'
  ...
# Subtest: preview skips an occupied nearest intersection when another valid intersection is within the tap tolerance
ok 62 - preview skips an occupied nearest intersection when another valid intersection is within the tap tolerance
  ---
  duration_ms: 0.82132
  type: 'test'
  ...
# Subtest: preview skips an occupied nearest road when another valid road is within the tap tolerance
ok 63 - preview skips an occupied nearest road when another valid road is within the tap tolerance
  ---
  duration_ms: 2.194297
  type: 'test'
  ...
# Subtest: player position creates a second build zone away from the home base
ok 64 - player position creates a second build zone away from the home base
  ---
  duration_ms: 1.532548
  type: 'test'
  ...
# Subtest: a current-location candidate is rejected if the player leaves its build zone before confirmation
ok 65 - a current-location candidate is rejected if the player leaves its build zone before confirmation
  ---
  duration_ms: 0.725828
  type: 'test'
  ...
# Subtest: overlapping home-base and player positions are represented as one build zone
ok 66 - overlapping home-base and player positions are represented as one build zone
  ---
  duration_ms: 0.331955
  type: 'test'
  ...
# Subtest: a remote facility stays outside the build zone until the player physically reaches it
ok 67 - a remote facility stays outside the build zone until the player physically reaches it
  ---
  duration_ms: 0.40178
  type: 'test'
  ...
# Subtest: removing a defense reopens its placement and invalidates enemy routes
ok 68 - removing a defense reopens its placement and invalidates enemy routes
  ---
  duration_ms: 0.493466
  type: 'test'
  ...
# Subtest: removing an unknown defense does not mutate the state
ok 69 - removing an unknown defense does not mutate the state
  ---
  duration_ms: 0.24376
  type: 'test'
  ...
# Subtest: inventory has one canonical resource store and preserves overflow
ok 70 - inventory has one canonical resource store and preserves overflow
  ---
  duration_ms: 6.212806
  type: 'test'
  ...
# Subtest: production reserves inputs once and completes through the civilization update
ok 71 - production reserves inputs once and completes through the civilization update
  ---
  duration_ms: 3.345351
  type: 'test'
  ...
# Subtest: removed resource outpost subsystem is absent from civilization runtime
ok 72 - removed resource outpost subsystem is absent from civilization runtime
  ---
  duration_ms: 0.30734
  type: 'test'
  ...
# Subtest: settlement damage removes a destroyed building and its production queue
ok 73 - settlement damage removes a destroyed building and its production queue
  ---
  duration_ms: 1.710868
  type: 'test'
  ...
# Subtest: production overflow stays in the building buffer until collection
ok 74 - production overflow stays in the building buffer until collection
  ---
  duration_ms: 1.272765
  type: 'test'
  ...
# Subtest: every civilization project uses implemented requirements and fits the unlocked settlement slots
ok 75 - every civilization project uses implemented requirements and fits the unlocked settlement slots
  ---
  duration_ms: 0.89104
  type: 'test'
  ...
# Subtest: city defeat payment preserves the repair reserve and may pay only the safe surplus
ok 76 - city defeat payment preserves the repair reserve and may pay only the safe surplus
  ---
  duration_ms: 8.799975
  type: 'test'
  ...
# Subtest: enemy regroup deadlines extend but never shorten an existing recovery window
ok 77 - enemy regroup deadlines extend but never shorten an existing recovery window
  ---
  duration_ms: 0.917333
  type: 'test'
  ...
# Subtest: enemy bases pause their launch clock during regroup and resume afterward
ok 78 - enemy bases pause their launch clock during regroup and resume afterward
  ---
  duration_ms: 1.895416
  type: 'test'
  ...
# Subtest: damaged tower repair keeps the fifty-five percent material rate
ok 79 - damaged tower repair keeps the fifty-five percent material rate
  ---
  duration_ms: 1.148795
  type: 'test'
  ...
# Subtest: dedicated barrier repair costs remain unchanged
ok 80 - dedicated barrier repair costs remain unchanged
  ---
  duration_ms: 0.387009
  type: 'test'
  ...
# Subtest: regroup timing produces the same result in active and offline progression
ok 81 - regroup timing produces the same result in active and offline progression
  ---
  duration_ms: 80.741407
  type: 'test'
  ...
# Subtest: map tap only selects a build candidate and confirmation performs the mutation
ok 82 - map tap only selects a build candidate and confirmation performs the mutation
  ---
  duration_ms: 595.414851
  type: 'test'
  ...
# Subtest: combat UI no longer calls immediate buildAt from map taps
ok 83 - combat UI no longer calls immediate buildAt from map taps
  ---
  duration_ms: 6.957815
  type: 'test'
  ...
# Subtest: an invalid second tap clears the previous candidate to prevent confirming the wrong location
ok 84 - an invalid second tap clears the previous candidate to prevent confirming the wrong location
  ---
  duration_ms: 2.032459
  type: 'test'
  ...
# Subtest: build confirmation is disabled while the selected facility is unaffordable
ok 85 - build confirmation is disabled while the selected facility is unaffordable
  ---
  duration_ms: 1.755315
  type: 'test'
  ...
# Subtest: context explanations are collapsed by default and metrics remain visible
ok 86 - context explanations are collapsed by default and metrics remain visible
  ---
  duration_ms: 1.559663
  type: 'test'
  ...
# Subtest: an opened context explanation remains open after the live HUD rerenders
ok 87 - an opened context explanation remains open after the live HUD rerenders
  ---
  duration_ms: 1.241187
  type: 'test'
  ...
# Subtest: context metrics use a fixed three-column grid to reduce panel height
ok 88 - context metrics use a fixed three-column grid to reduce panel height
  ---
  duration_ms: 86.712242
  type: 'test'
  ...
# Subtest: defense removal requires a second confirmation and then clears the selected facility
ok 89 - defense removal requires a second confirmation and then clears the selected facility
  ---
  duration_ms: 3.491706
  type: 'test'
  ...
# Subtest: tapping the selected facility again closes the compact context panel
ok 90 - tapping the selected facility again closes the compact context panel
  ---
  duration_ms: 2.104403
  type: 'test'
  ...
# Subtest: combat effect buffer is capped and prunes expired effects
ok 91 - combat effect buffer is capped and prunes expired effects
  ---
  duration_ms: 1.757782
  type: 'test'
  ...
# Subtest: event bus creates transient shot and city warning effects
ok 92 - event bus creates transient shot and city warning effects
  ---
  duration_ms: 5.822772
  type: 'test'
  ...
# Subtest: manual defense upgrade events create a visible pulse
ok 93 - manual defense upgrade events create a visible pulse
  ---
  duration_ms: 0.627443
  type: 'test'
  ...
# Subtest: barrier changes weighted enemy route without creating another graph
ok 94 - barrier changes weighted enemy route without creating another graph
  ---
  duration_ms: 5.184306
  type: 'test'
  ...
# Subtest: enemy position follows path direction rather than edge storage direction
ok 95 - enemy position follows path direction rather than edge storage direction
  ---
  duration_ms: 1.919657
  type: 'test'
  ...
# Subtest: build range is measured from established home base
ok 96 - build range is measured from established home base
  ---
  duration_ms: 3.80501
  type: 'test'
  ...
# Subtest: gun tower damages an enemy in range
ok 97 - gun tower damages an enemy in range
  ---
  duration_ms: 2.519183
  type: 'test'
  ...
# Subtest: enemy reaching the city deals damage and is removed
ok 98 - enemy reaching the city deals damage and is removed
  ---
  duration_ms: 1.939078
  type: 'test'
  ...
# Subtest: repair relay consumes resources and repairs only the most damaged target
ok 99 - repair relay consumes resources and repairs only the most damaged target
  ---
  duration_ms: 0.806253
  type: 'test'
  ...
# Subtest: city recovers after a quiet period and a large update only heals post-cooldown time
ok 100 - city recovers after a quiet period and a large update only heals post-cooldown time
  ---
  duration_ms: 487.285432
  type: 'test'
  ...
# Subtest: city defeat never creates negative resources and reports unpaid emergency recovery honestly
ok 101 - city defeat never creates negative resources and reports unpaid emergency recovery honestly
  ---
  duration_ms: 93.278563
  type: 'test'
  ...
# Subtest: civilization level raises major and field base squad capacity
ok 102 - civilization level raises major and field base squad capacity
  ---
  duration_ms: 2.448761
  type: 'test'
  ...
# Subtest: one major base can dispatch several squads until its civilization capacity is full
ok 103 - one major base can dispatch several squads until its civilization capacity is full
  ---
  duration_ms: 84.644743
  type: 'test'
  ...
# Subtest: recovering squads occupy only their own slot and do not block other free slots
ok 104 - recovering squads occupy only their own slot and do not block other free slots
  ---
  duration_ms: 1.565551
  type: 'test'
  ...
# Subtest: field bases also support multiple light squads according to civilization level
ok 105 - field bases also support multiple light squads according to civilization level
  ---
  duration_ms: 2.2931
  type: 'test'
  ...
# Subtest: every settlement building has a concise gameplay description
ok 106 - every settlement building has a concise gameplay description
  ---
  duration_ms: 0.622991
  type: 'test'
  ...
# Subtest: default resource HUD renders every owned resource as an independent chip
ok 107 - default resource HUD renders every owned resource as an independent chip
  ---
  duration_ms: 1.58963
  type: 'test'
  ...
# Subtest: resource HUD uses a non-overlapping content-sized scroll strip
ok 108 - resource HUD uses a non-overlapping content-sized scroll strip
  ---
  duration_ms: 97.154521
  type: 'test'
  ...
# Subtest: civilization build ranges use explicit bounded progression instead of exponential doubling
ok 109 - civilization build ranges use explicit bounded progression instead of exponential doubling
  ---
  duration_ms: 2.63487
  type: 'test'
  ...
# Subtest: an active enemy marker is a valid moving intercept deployment target
ok 110 - an active enemy marker is a valid moving intercept deployment target
  ---
  duration_ms: 3.958177
  type: 'test'
  ...
# Subtest: intercept squad replans to the selected enemy next road node and returns when the enemy is gone
ok 111 - intercept squad replans to the selected enemy next road node and returns when the enemy is gone
  ---
  duration_ms: 2.357911
  type: 'test'
  ...
# Subtest: gameplay HUD exposes independent zoom, selected-base and current-position camera controls
ok 112 - gameplay HUD exposes independent zoom, selected-base and current-position camera controls
  ---
  duration_ms: 97.464721
  type: 'test'
  ...
# Subtest: barrier has player-facing role, effect, placement and numeric metrics
ok 113 - barrier has player-facing role, effect, placement and numeric metrics
  ---
  duration_ms: 78.171485
  type: 'test'
  ...
# Subtest: gun has player-facing role, effect, placement and numeric metrics
ok 114 - gun has player-facing role, effect, placement and numeric metrics
  ---
  duration_ms: 0.918198
  type: 'test'
  ...
# Subtest: mortar has player-facing role, effect, placement and numeric metrics
ok 115 - mortar has player-facing role, effect, placement and numeric metrics
  ---
  duration_ms: 0.255155
  type: 'test'
  ...
# Subtest: slow has player-facing role, effect, placement and numeric metrics
ok 116 - slow has player-facing role, effect, placement and numeric metrics
  ---
  duration_ms: 0.225276
  type: 'test'
  ...
# Subtest: relay has player-facing role, effect, placement and numeric metrics
ok 117 - relay has player-facing role, effect, placement and numeric metrics
  ---
  duration_ms: 0.429092
  type: 'test'
  ...
# Subtest: all defense tiers define deterministic durability and sequential upgrade costs
ok 118 - all defense tiers define deterministic durability and sequential upgrade costs
  ---
  duration_ms: 1.792394
  type: 'test'
  ...
# Subtest: defense upgrades are sequential and locked to civilization level
ok 119 - defense upgrades are sequential and locked to civilization level
  ---
  duration_ms: 5.689947
  type: 'test'
  ...
# Subtest: upgrading preserves damage ratio instead of fully healing the facility
ok 120 - upgrading preserves damage ratio instead of fully healing the facility
  ---
  duration_ms: 1.350648
  type: 'test'
  ...
# Subtest: tier synchronization upgrades legacy durability without changing its health percentage
ok 121 - tier synchronization upgrades legacy durability without changing its health percentage
  ---
  duration_ms: 0.40867
  type: 'test'
  ...
# Subtest: destroyed and maximum-tier defenses cannot be upgraded
ok 122 - destroyed and maximum-tier defenses cannot be upgraded
  ---
  duration_ms: 0.684871
  type: 'test'
  ...
# Subtest: gate conversion starts at tier two and preserves the prior health ratio
ok 123 - gate conversion starts at tier two and preserves the prior health ratio
  ---
  duration_ms: 2.887923
  type: 'test'
  ...
# Subtest: combat UI keeps the normal facility panel compact and opens upgrade details only on demand
ok 124 - combat UI keeps the normal facility panel compact and opens upgrade details only on demand
  ---
  duration_ms: 301.64072
  type: 'test'
  ...
# Subtest: facility explanation replaces the metric view instead of stacking below it
ok 125 - facility explanation replaces the metric view instead of stacking below it
  ---
  duration_ms: 2.184757
  type: 'test'
  ...
# Subtest: civilization panel explains the current defense tier ceiling and next unlock
ok 126 - civilization panel explains the current defense tier ceiling and next unlock
  ---
  duration_ms: 90.566469
  type: 'test'
  ...
# Subtest: applying a tier uses the explicit durability table for every facility class
ok 127 - applying a tier uses the explicit durability table for every facility class
  ---
  duration_ms: 1.162957
  type: 'test'
  ...
# Subtest: upgraded attack statistics are used by live combat rather than only the UI
ok 128 - upgraded attack statistics are used by live combat rather than only the UI
  ---
  duration_ms: 4.796513
  type: 'test'
  ...
# Subtest: defense panel uses a compact capped layout with fixed visible actions
ok 129 - defense panel uses a compact capped layout with fixed visible actions
  ---
  duration_ms: 84.064863
  type: 'test'
  ...
# Subtest: asset loader starts with the current application-relative stylesheet
ok 130 - asset loader starts with the current application-relative stylesheet
  ---
  duration_ms: 16.015033
  type: 'test'
  ...
# Subtest: asset loader recovers a legacy fr path through the canonical frontline-roads directory
ok 131 - asset loader recovers a legacy fr path through the canonical frontline-roads directory
  ---
  duration_ms: 79.345484
  type: 'test'
  ...
# Subtest: top HUD no longer exposes a global deployment button
ok 132 - top HUD no longer exposes a global deployment button
  ---
  duration_ms: 85.132697
  type: 'test'
  ...
# Subtest: enemy-base deployment opens with the tapped target fixed
ok 133 - enemy-base deployment opens with the tapped target fixed
  ---
  duration_ms: 96.538963
  type: 'test'
  ...
# Subtest: enemy-unit deployment opens an intercept mission for the tapped moving marker
ok 134 - enemy-unit deployment opens an intercept mission for the tapped moving marker
  ---
  duration_ms: 1.425594
  type: 'test'
  ...
# Subtest: recovery-item deployment keeps the selected item fixed and only offers retrieval squads
ok 135 - recovery-item deployment keeps the selected item fixed and only offers retrieval squads
  ---
  duration_ms: 1.099058
  type: 'test'
  ...
# Subtest: combat target context exposes direct deployment actions
ok 136 - combat target context exposes direct deployment actions
  ---
  duration_ms: 8.799428
  type: 'test'
  ...
# Subtest: combat renderer includes visible friendly squad markers
ok 137 - combat renderer includes visible friendly squad markers
  ---
  duration_ms: 2.628358
  type: 'test'
  ...
# Subtest: legacy destroyed facilities are removed during normalization and free the placement
ok 138 - legacy destroyed facilities are removed during normalization and free the placement
  ---
  duration_ms: 7.649967
  type: 'test'
  ...
# Subtest: normalization keeps only one active facility when a legacy save overlaps placements
ok 139 - normalization keeps only one active facility when a legacy save overlaps placements
  ---
  duration_ms: 3.379975
  type: 'test'
  ...
# Subtest: a gate is deleted at zero HP and the attacking enemy continues through the opened road
ok 140 - a gate is deleted at zero HP and the attacking enemy continues through the opened road
  ---
  duration_ms: 90.72844
  type: 'test'
  ...
# Subtest: obsolete ruin UI and rendering code is removed
ok 141 - obsolete ruin UI and rendering code is removed
  ---
  duration_ms: 14.240799
  type: 'test'
  ...
# Subtest: HUD still reports repair demand only for surviving damaged facilities
ok 142 - HUD still reports repair demand only for surviving damaged facilities
  ---
  duration_ms: 183.103377
  type: 'test'
  ...
# Subtest: enemy types make different barrier decisions from break time and detour time
ok 143 - enemy types make different barrier decisions from break time and detour time
  ---
  duration_ms: 85.955444
  type: 'test'
  ...
# Subtest: balanced infantry breaches a weakened wall instead of taking a long detour
ok 144 - balanced infantry breaches a weakened wall instead of taking a long detour
  ---
  duration_ms: 1.084385
  type: 'test'
  ...
# Subtest: raider selects repair support before ordinary weapon towers
ok 145 - raider selects repair support before ordinary weapon towers
  ---
  duration_ms: 9.885406
  type: 'test'
  ...
# Subtest: rope cutter selects slowing equipment before repair support
ok 146 - rope cutter selects slowing equipment before repair support
  ---
  duration_ms: 1.010548
  type: 'test'
  ...
# Subtest: specialist damages its selected facility and invalidates shared targets when it is destroyed
ok 147 - specialist damages its selected facility and invalidates shared targets when it is destroyed
  ---
  duration_ms: 1.017945
  type: 'test'
  ...
# Subtest: a newly built priority facility requests rerouting without teleporting an enemy off its current road
ok 148 - a newly built priority facility requests rerouting without teleporting an enemy off its current road
  ---
  duration_ms: 83.416834
  type: 'test'
  ...
# Subtest: civilization generations contain expanded valid enemy variants with explicit personalities
ok 149 - civilization generations contain expanded valid enemy variants with explicit personalities
  ---
  duration_ms: 2.404578
  type: 'test'
  ...
# Subtest: flanking enemies choose a bounded longer side road while direct infantry uses the shortest road
ok 150 - flanking enemies choose a bounded longer side road while direct infantry uses the shortest road
  ---
  duration_ms: 82.140023
  type: 'test'
  ...
# Subtest: marauder personality prioritizes a field base over an equally reachable city
ok 151 - marauder personality prioritizes a field base over an equally reachable city
  ---
  duration_ms: 3.34798
  type: 'test'
  ...
# Subtest: squad hunter plans toward an active friendly squad and damages it after contact
ok 152 - squad hunter plans toward an active friendly squad and damages it after contact
  ---
  duration_ms: 2.440145
  type: 'test'
  ...
# Subtest: war drummer speed aura accelerates nearby allies without accelerating itself
ok 153 - war drummer speed aura accelerates nearby allies without accelerating itself
  ---
  duration_ms: 4.355337
  type: 'test'
  ...
# Subtest: civilization level four rotates doctrines and introduces the new generation across repeated waves
ok 154 - civilization level four rotates doctrines and introduces the new generation across repeated waves
  ---
  duration_ms: 6.860441
  type: 'test'
  ...
# Subtest: personality route and doctrine metadata survive the unchanged save schema
ok 155 - personality route and doctrine metadata survive the unchanged save schema
  ---
  duration_ms: 2.840523
  type: 'test'
  ...
# Subtest: loaded source chunk materializes a persistent enemy-source site
ok 156 - loaded source chunk materializes a persistent enemy-source site
  ---
  duration_ms: 4.833068
  type: 'test'
  ...
# Subtest: player can clear an enemy source on site and stop future frontier waves
ok 157 - player can clear an enemy source on site and stop future frontier waves
  ---
  duration_ms: 93.574364
  type: 'test'
  ...
# Subtest: enemy source interaction requires proximity and a clear local area
ok 158 - enemy source interaction requires proximity and a clear local area
  ---
  duration_ms: 1.653713
  type: 'test'
  ...
# Subtest: loaded chunks are processed once for deterministic ambient discoveries
ok 159 - loaded chunks are processed once for deterministic ambient discoveries
  ---
  duration_ms: 1.834871
  type: 'test'
  ...
# Subtest: exploration renderer draws active sites with a minimal canvas context
ok 160 - exploration renderer draws active sites with a minimal canvas context
  ---
  duration_ms: 1.405303
  type: 'test'
  ...
# Subtest: civilization level provides a separate simple-base limit
ok 161 - civilization level provides a separate simple-base limit
  ---
  duration_ms: 2.076372
  type: 'test'
  ...
# Subtest: simple-base placement requires civilization unlock, fresh GPS, road access and separation
ok 162 - simple-base placement requires civilization unlock, fresh GPS, road access and separation
  ---
  duration_ms: 2.32016
  type: 'test'
  ...
# Subtest: simple-base placement accepts a fresh stationary GPS fix and a road node within the wider placement radius
ok 163 - simple-base placement accepts a fresh stationary GPS fix and a road node within the wider placement radius
  ---
  duration_ms: 0.754083
  type: 'test'
  ...
# Subtest: simple bases require and consume the processed-resource cost for their slot
ok 164 - simple bases require and consume the processed-resource cost for their slot
  ---
  duration_ms: 2.193703
  type: 'test'
  ...
# Subtest: simple base has 40 HP and its construction anchor grows to the level 1 bounded range
ok 165 - simple base has 40 HP and its construction anchor grows to the level 1 bounded range
  ---
  duration_ms: 1.820025
  type: 'test'
  ...
# Subtest: current assault squad can deploy from an active simple base
ok 166 - current assault squad can deploy from an active simple base
  ---
  duration_ms: 1.941751
  type: 'test'
  ...
# Subtest: nearby enemies can destroy a simple base and remove its construction and deployment roles
ok 167 - nearby enemies can destroy a simple base and remove its construction and deployment roles
  ---
  duration_ms: 5.533717
  type: 'test'
  ...
# Subtest: destroyed simple base keeps its slot and can only be rebuilt at the site
ok 168 - destroyed simple base keeps its slot and can only be rebuilt at the site
  ---
  duration_ms: 1.112897
  type: 'test'
  ...
# Subtest: simple-base state survives save and restore without precise location metadata
ok 169 - simple-base state survives save and restore without precise location metadata
  ---
  duration_ms: 82.213074
  type: 'test'
  ...
# Subtest: level-four civilization progress counts active simple bases instead of obsolete outposts
ok 170 - level-four civilization progress counts active simple bases instead of obsolete outposts
  ---
  duration_ms: 1.871037
  type: 'test'
  ...
# Subtest: a distant simple base does not pull attackers away from a much nearer city
ok 171 - a distant simple base does not pull attackers away from a much nearer city
  ---
  duration_ms: 1.103334
  type: 'test'
  ...
# Subtest: standing at a level-one simple base uses its bounded 75m construction zone
ok 172 - standing at a level-one simple base uses its bounded 75m construction zone
  ---
  duration_ms: 1.061829
  type: 'test'
  ...
# Subtest: a major base cannot be placed on top of an active simple base
ok 173 - a major base cannot be placed on top of an active simple base
  ---
  duration_ms: 1.02109
  type: 'test'
  ...
# Subtest: a destroyed simple-base ruin still blocks overlapping major-base placement
ok 174 - a destroyed simple-base ruin still blocks overlapping major-base placement
  ---
  duration_ms: 0.528744
  type: 'test'
  ...
# Subtest: an active simple base anchors regional simulation but a destroyed one does not
ok 175 - an active simple base anchors regional simulation but a destroyed one does not
  ---
  duration_ms: 110.743612
  type: 'test'
  ...
# Subtest: an enemy chooses a nearby simple base when it is meaningfully closer than the city
ok 176 - an enemy chooses a nearby simple base when it is meaningfully closer than the city
  ---
  duration_ms: 1.04778
  type: 'test'
  ...
# Subtest: deployment preview is non-destructive and dispatch spends the assault cost once
ok 177 - deployment preview is non-destructive and dispatch spends the assault cost once
  ---
  duration_ms: 7.121547
  type: 'test'
  ...
# Subtest: friendly squad stops to fight enemies and both sides exchange damage
ok 178 - friendly squad stops to fight enemies and both sides exchange damage
  ---
  duration_ms: 84.068901
  type: 'test'
  ...
# Subtest: squad destroys an enemy base, schedules respawn and returns to its origin
ok 179 - squad destroys an enemy base, schedules respawn and returns to its origin
  ---
  duration_ms: 6.14347
  type: 'test'
  ...
# Subtest: friendly squads survive JSON save and restore without exact base coordinates
ok 180 - friendly squads survive JSON save and restore without exact base coordinates
  ---
  duration_ms: 4.541058
  type: 'test'
  ...
# Subtest: remote friendly squads only advance when the dormant regional interval is due
ok 181 - remote friendly squads only advance when the dormant regional interval is due
  ---
  duration_ms: 104.823885
  type: 'test'
  ...
# Subtest: friendly order overlay draws selectable nodes, routes, destination and waypoints on a minimal canvas
ok 182 - friendly order overlay draws selectable nodes, routes, destination and waypoints on a minimal canvas
  ---
  duration_ms: 5.225795
  type: 'test'
  ...
# Subtest: combat UI exposes stop, retreat, withdraw, resume and two-waypoint route planning
ok 183 - combat UI exposes stop, retreat, withdraw, resume and two-waypoint route planning
  ---
  duration_ms: 88.288617
  type: 'test'
  ...
# Subtest: renderer places squad order guidance above combat and construction layers
ok 184 - renderer places squad order guidance above combat and construction layers
  ---
  duration_ms: 5.436813
  type: 'test'
  ...
# Subtest: stop holds a squad at its exact road position while retaining the mission
ok 185 - stop holds a squad at its exact road position while retaining the mission
  ---
  duration_ms: 7.155829
  type: 'test'
  ...
# Subtest: route command issued mid-edge preserves position and joins the chosen route at the next intersection
ok 186 - route command issued mid-edge preserves position and joins the chosen route at the next intersection
  ---
  duration_ms: 7.263734
  type: 'test'
  ...
# Subtest: retreat reaches the selected node, stops there, and keeps the original attack mission
ok 187 - retreat reaches the selected node, stops there, and keeps the original attack mission
  ---
  duration_ms: 72.377574
  type: 'test'
  ...
# Subtest: withdraw abandons the mission and begins recovery only after it reaches the origin
ok 188 - withdraw abandons the mission and begins recovery only after it reaches the origin
  ---
  duration_ms: 3.500666
  type: 'test'
  ...
# Subtest: stopping a retreat preserves the retreat destination for route-selected resume
ok 189 - stopping a retreat preserves the retreat destination for route-selected resume
  ---
  duration_ms: 1.138571
  type: 'test'
  ...
# Subtest: retreat validation rejects a node closer to the hostile base and accepts an owned base behind the squad
ok 190 - retreat validation rejects a node closer to the hostile base and accepts an owned base behind the squad
  ---
  duration_ms: 1.363357
  type: 'test'
  ...
# Subtest: route planner exposes distinct shortest, enemy-avoidance and friendly-support choices when the road graph allows them
ok 191 - route planner exposes distinct shortest, enemy-avoidance and friendly-support choices when the road graph allows them
  ---
  duration_ms: 7.997493
  type: 'test'
  ...
# Subtest: waypoints force every generated route through the selected intersections
ok 192 - waypoints force every generated route through the selected intersections
  ---
  duration_ms: 2.531972
  type: 'test'
  ...
# Subtest: retreating through a newly encountered enemy does not grant invulnerability
ok 193 - retreating through a newly encountered enemy does not grant invulnerability
  ---
  duration_ms: 215.573185
  type: 'test'
  ...
# Subtest: friendly orders, selected route and history survive save and restore
ok 194 - friendly orders, selected route and history survive save and restore
  ---
  duration_ms: 3.087933
  type: 'test'
  ...
# Subtest: a rejected withdraw route leaves the original mission untouched
ok 195 - a rejected withdraw route leaves the original mission untouched
  ---
  duration_ms: 60.901296
  type: 'test'
  ...
# Subtest: route orders reject paths whose edges do not connect the declared node sequence
ok 196 - route orders reject paths whose edges do not connect the declared node sequence
  ---
  duration_ms: 0.58856
  type: 'test'
  ...
# Subtest: route estimates include the remaining distance on the squad current road segment
ok 197 - route estimates include the remaining distance on the squad current road segment
  ---
  duration_ms: 0.53792
  type: 'test'
  ...
# Subtest: a map tap near a displayed route selects that route instead of becoming a waypoint
ok 198 - a map tap near a displayed route selects that route instead of becoming a waypoint
  ---
  duration_ms: 0.963607
  type: 'test'
  ...
# Subtest: civilization level one unlocks one area recovery facility and a distinct field barracks
ok 199 - civilization level one unlocks one area recovery facility and a distinct field barracks
  ---
  duration_ms: 1.766204
  type: 'test'
  ...
# Subtest: major-base logistics restore a returned squad while the area recovery facility remains a separate field effect
ok 200 - major-base logistics restore a returned squad while the area recovery facility remains a separate field effect
  ---
  duration_ms: 7.482187
  type: 'test'
  ...
# Subtest: a field base reorganizes squads without providing innate healing
ok 201 - a field base reorganizes squads without providing innate healing
  ---
  duration_ms: 1.200219
  type: 'test'
  ...
# Subtest: a recovery facility gradually heals every friendly squad inside its radius
ok 202 - a recovery facility gradually heals every friendly squad inside its radius
  ---
  duration_ms: 1.152676
  type: 'test'
  ...
# Subtest: the defense update loop applies recovery-facility healing without a separate recovery queue
ok 203 - the defense update loop applies recovery-facility healing without a separate recovery queue
  ---
  duration_ms: 0.627325
  type: 'test'
  ...
# Subtest: a disabled recovery facility provides no healing
ok 204 - a disabled recovery facility provides no healing
  ---
  duration_ms: 0.329782
  type: 'test'
  ...
# Subtest: a field barracks adds exactly one squad slot to its field base
ok 205 - a field barracks adds exactly one squad slot to its field base
  ---
  duration_ms: 0.600306
  type: 'test'
  ...
# Subtest: field barracks is field-only while recovery facilities can use major, field, and expedition anchors
ok 206 - field barracks is field-only while recovery facilities can use major, field, and expedition anchors
  ---
  duration_ms: 2.968781
  type: 'test'
  ...
# Subtest: an expedition squad creates a fixed 120 meter moving construction anchor and ordinary squads do not
ok 207 - an expedition squad creates a fixed 120 meter moving construction anchor and ordinary squads do not
  ---
  duration_ms: 2.967981
  type: 'test'
  ...
# Subtest: a recovering squad occupies a slot while another slot remains usable
ok 208 - a recovering squad occupies a slot while another slot remains usable
  ---
  duration_ms: 75.684773
  type: 'test'
  ...
# Subtest: major-base recovery progress survives save and restore without duplicate healing
ok 209 - major-base recovery progress survives save and restore without duplicate healing
  ---
  duration_ms: 13.274001
  type: 'test'
  ...
# Subtest: a recovering squad evacuates to a major base when its field base is destroyed
ok 210 - a recovering squad evacuates to a major base when its field base is destroyed
  ---
  duration_ms: 7.919054
  type: 'test'
  ...
# Subtest: recovery and ready garrisons reject tactical movement orders
ok 211 - recovery and ready garrisons reject tactical movement orders
  ---
  duration_ms: 0.561832
  type: 'test'
  ...
# Subtest: legacy field-aid facilities migrate once into field barracks without leaving recovery behavior behind
ok 212 - legacy field-aid facilities migrate once into field barracks without leaving recovery behavior behind
  ---
  duration_ms: 3.113037
  type: 'test'
  ...
# Subtest: base reorganization remains sequential and is not accelerated by recovery facilities
ok 213 - base reorganization remains sequential and is not accelerated by recovery facilities
  ---
  duration_ms: 64.79365
  type: 'test'
  ...
# Subtest: friendly unit unlock levels and simple-base deployment restrictions are enforced
ok 214 - friendly unit unlock levels and simple-base deployment restrictions are enforced
  ---
  duration_ms: 66.255959
  type: 'test'
  ...
# Subtest: skirmisher damage strongly favors light enemies and is weak against armored enemies
ok 215 - skirmisher damage strongly favors light enemies and is weak against armored enemies
  ---
  duration_ms: 0.630794
  type: 'test'
  ...
# Subtest: siege squad damages enemy bases much faster than the assault squad
ok 216 - siege squad damages enemy bases much faster than the assault squad
  ---
  duration_ms: 14.510758
  type: 'test'
  ...
# Subtest: nearby heavy squad intercepts part of the damage aimed at another friendly squad
ok 217 - nearby heavy squad intercepts part of the damage aimed at another friendly squad
  ---
  duration_ms: 3.036726
  type: 'test'
  ...
# Subtest: expedition squad heals only after its non-combat recovery delay
ok 218 - expedition squad heals only after its non-combat recovery delay
  ---
  duration_ms: 0.89199
  type: 'test'
  ...
# Subtest: all friendly unit types preserve their identity and combat state through save and restore
ok 219 - all friendly unit types preserve their identity and combat state through save and restore
  ---
  duration_ms: 5.443338
  type: 'test'
  ...
# Subtest: skirmisher prioritizes a light specialist over a nearer ordinary infantry target
ok 220 - skirmisher prioritizes a light specialist over a nearer ordinary infantry target
  ---
  duration_ms: 1.525457
  type: 'test'
  ...
# Subtest: mixed friendly unit types remain valid through extended regional combat simulation
ok 221 - mixed friendly unit types remain valid through extended regional combat simulation
  ---
  duration_ms: 673.994489
  type: 'test'
  ...
# Subtest: dead-end roads at unexplored chunk borders become frontier candidates
ok 222 - dead-end roads at unexplored chunk borders become frontier candidates
  ---
  duration_ms: 3.038921
  type: 'test'
  ...
# Subtest: frontier source stays fixed while its entry point advances with map expansion
ok 223 - frontier source stays fixed while its entry point advances with map expansion
  ---
  duration_ms: 2.787126
  type: 'test'
  ...
# Subtest: frontier system launches enemies from a map-edge entry node
ok 224 - frontier system launches enemies from a map-edge entry node
  ---
  duration_ms: 1.829827
  type: 'test'
  ...
# Subtest: frontier identity is hidden until the signal is localized
ok 225 - frontier identity is hidden until the signal is localized
  ---
  duration_ms: 0.347225
  type: 'test'
  ...
# Subtest: frontier renderer tolerates a minimal canvas context
ok 226 - frontier renderer tolerates a minimal canvas context
  ---
  duration_ms: 1.066474
  type: 'test'
  ...
# Subtest: balanced opening reaches civilization level one without collapse on a line road network
ok 227 - balanced opening reaches civilization level one without collapse on a line road network
  ---
  duration_ms: 2684.582867
  type: 'test'
  ...
# Subtest: balanced opening reaches civilization level one without collapse on a cross road network
ok 228 - balanced opening reaches civilization level one without collapse on a cross road network
  ---
  duration_ms: 907.446054
  type: 'test'
  ...
# Subtest: balanced opening reaches civilization level one without collapse on a grid road network
ok 229 - balanced opening reaches civilization level one without collapse on a grid road network
  ---
  duration_ms: 892.995011
  type: 'test'
  ...
# Subtest: attack-only opening can suppress the first bases but still causes material losses
ok 230 - attack-only opening can suppress the first bases but still causes material losses
  ---
  duration_ms: 671.420774
  type: 'test'
  ...
# Subtest: batch production queues 1, 5, 10 or the maximum without double-reserving inputs
ok 231 - batch production queues 1, 5, 10 or the maximum without double-reserving inputs
  ---
  duration_ms: 92.289984
  type: 'test'
  ...
# Subtest: project-only production caps queued units, starts the existing order, and cannot overshoot the target
ok 232 - project-only production caps queued units, starts the existing order, and cannot overshoot the target
  ---
  duration_ms: 1.422385
  type: 'test'
  ...
# Subtest: safe civilization contribution keeps the declared defense reserve while explicit full contribution may use it
ok 233 - safe civilization contribution keeps the declared defense reserve while explicit full contribution may use it
  ---
  duration_ms: 2.694185
  type: 'test'
  ...
# Subtest: coordinated deployment can use multiple slots from one base and synchronizes mixed squads to one arrival time
ok 234 - coordinated deployment can use multiple slots from one base and synchronizes mixed squads to one arrival time
  ---
  duration_ms: 17.069418
  type: 'test'
  ...
# Subtest: simple-base network diagnostic distinguishes sufficient and insufficient acquired roads
ok 235 - simple-base network diagnostic distinguishes sufficient and insufficient acquired roads
  ---
  duration_ms: 63.168329
  type: 'test'
  ...
# Subtest: listed barrier sites use an in-range projection and remain valid for construction on dense roads
ok 236 - listed barrier sites use an in-range projection and remain valid for construction on dense roads
  ---
  duration_ms: 14.476711
  type: 'test'
  ...
# Subtest: gameplay stabilization controls are present in UI source and field-base text includes retrieval squads
ok 237 - gameplay stabilization controls are present in UI source and field-base text includes retrieval squads
  ---
  duration_ms: 92.80832
  type: 'test'
  ...
# Subtest: source module graph has no circular dependencies
ok 238 - source module graph has no circular dependencies
  ---
  duration_ms: 1416.484511
  type: 'test'
  ...
# Subtest: twelve-hour simulation remains bounded, serializable and within enemy cap
ok 239 - twelve-hour simulation remains bounded, serializable and within enemy cap
  ---
  duration_ms: 7395.04366
  type: 'test'
  ...
# Subtest: same state and elapsed time produce the same offline game result
ok 240 - same state and elapsed time produce the same offline game result
  ---
  duration_ms: 820.598594
  type: 'test'
  ...
# Subtest: legacy save is converted once into the clean schema
ok 241 - legacy save is converted once into the clean schema
  ---
  duration_ms: 8.192609
  type: 'test'
  ...
# Subtest: modal overlay never uses backdrop blur and modal card stays composited as visible UI
ok 242 - modal overlay never uses backdrop blur and modal card stays composited as visible UI
  ---
  duration_ms: 15.845035
  type: 'test'
  ...
# Subtest: radar quality selectors do not style modal overlays or modal cards
ok 243 - radar quality selectors do not style modal overlays or modal cards
  ---
  duration_ms: 65.620923
  type: 'test'
  ...
# Subtest: modal visibility updates accessibility state and backdrop click can always dismiss it
ok 244 - modal visibility updates accessibility state and backdrop click can always dismiss it
  ---
  duration_ms: 0.999574
  type: 'test'
  ...
# Subtest: all full-screen command panels use the shared emergency dismiss behavior
ok 245 - all full-screen command panels use the shared emergency dismiss behavior
  ---
  duration_ms: 12.309642
  type: 'test'
  ...
# Subtest: tower reload preserves elapsed remainder and gives the same result at 20 Hz or one coarse update
ok 246 - tower reload preserves elapsed remainder and gives the same result at 20 Hz or one coarse update
  ---
  duration_ms: 6.759791
  type: 'test'
  ...
# Subtest: enemy departure delay and road-edge overflow are consumed in the same update
ok 247 - enemy departure delay and road-edge overflow are consumed in the same update
  ---
  duration_ms: 79.755582
  type: 'test'
  ...
# Subtest: offline 0.25-second simulation matches live 20 Hz for a deterministic defense interval
ok 248 - offline 0.25-second simulation matches live 20 Hz for a deterministic defense interval
  ---
  duration_ms: 515.536457
  type: 'test'
  ...
# Subtest: offline simulation is bounded and reports the applied duration
ok 249 - offline simulation is bounded and reports the applied duration
  ---
  duration_ms: 1.802526
  type: 'test'
  ...
# Subtest: offline simulation advances the canonical world clock
ok 250 - offline simulation advances the canonical world clock
  ---
  duration_ms: 0.791012
  type: 'test'
  ...
# Subtest: default endpoints use the configured public instances
ok 251 - default endpoints use the configured public instances
  ---
  duration_ms: 16.894438
  type: 'test'
  ...
# Subtest: query filters road classes before download
ok 252 - query filters road classes before download
  ---
  duration_ms: 0.786852
  type: 'test'
  ...
# Subtest: browser request starts with a form-encoded POST and stops after success
ok 253 - browser request starts with a form-encoded POST and stops after success
  ---
  duration_ms: 1.684753
  type: 'test'
  ...
# Subtest: a blocked POST falls back to a non-script GET on the same endpoint
ok 254 - a blocked POST falls back to a non-script GET on the same endpoint
  ---
  duration_ms: 1.013898
  type: 'test'
  ...
# Subtest: successful GET is remembered so later road expansions avoid the blocked POST
ok 255 - successful GET is remembered so later road expansions avoid the blocked POST
  ---
  duration_ms: 68.29557
  type: 'test'
  ...
# Subtest: failed POST and GET fall back to the next endpoint
ok 256 - failed POST and GET fall back to the next endpoint
  ---
  duration_ms: 3.804888
  type: 'test'
  ...
# Subtest: all failures include endpoint and both secure transport diagnostics
ok 257 - all failures include endpoint and both secure transport diagnostics
  ---
  duration_ms: 2.342935
  type: 'test'
  ...
# Subtest: failed fetch transports fall back to opaque sandbox JSONP and remember it
ok 258 - failed fetch transports fall back to opaque sandbox JSONP and remember it
  ---
  duration_ms: 1.917454
  type: 'test'
  ...
# Subtest: an empty road result requires confirmation from two independent endpoints
ok 259 - an empty road result requires confirmation from two independent endpoints
  ---
  duration_ms: 1.387819
  type: 'test'
  ...
# Subtest: roads from a second endpoint override a false empty response from the first
ok 260 - roads from a second endpoint override a false empty response from the first
  ---
  duration_ms: 1.24285
  type: 'test'
  ...
# Subtest: caller abort stops attempts immediately
ok 261 - caller abort stops attempts immediately
  ---
  duration_ms: 0.955845
  type: 'test'
  ...
# Subtest: injected development fetch is used directly
ok 262 - injected development fetch is used directly
  ---
  duration_ms: 0.491837
  type: 'test'
  ...
# Subtest: chunk expansion query uses a compact bounding box instead of an around search
ok 263 - chunk expansion query uses a compact bounding box instead of an around search
  ---
  duration_ms: 0.634805
  type: 'test'
  ...
# Subtest: successful endpoint and transport survive a client recreation and are attempted first
ok 264 - successful endpoint and transport survive a client recreation and are attempted first
  ---
  duration_ms: 1.364043
  type: 'test'
  ...
# Subtest: request metadata exposes the query shape for survey diagnostics
ok 265 - request metadata exposes the query shape for survey diagnostics
  ---
  duration_ms: 0.544963
  type: 'test'
  ...
# Subtest: balanced profile limits simulation, rendering and DPR
ok 266 - balanced profile limits simulation, rendering and DPR
  ---
  duration_ms: 1.675692
  type: 'test'
  ...
# Subtest: game loop decouples simulation, civilization and rendering rates
ok 267 - game loop decouples simulation, civilization and rendering rates
  ---
  duration_ms: 1.247742
  type: 'test'
  ...
# Subtest: game loop preserves simulation backlog instead of discarding a slow frame
ok 268 - game loop preserves simulation backlog instead of discarding a slow frame
  ---
  duration_ms: 77.181629
  type: 'test'
  ...
# Subtest: combat spatial index returns only nearby active enemies
ok 269 - combat spatial index returns only nearby active enemies
  ---
  duration_ms: 4.181759
  type: 'test'
  ...
# Subtest: renderer caches static radar and road layers between frames
ok 270 - renderer caches static radar and road layers between frames
  ---
  duration_ms: 4.71641
  type: 'test'
  ...
# Subtest: tactical route choices use spatial snapshots instead of rescanning every enemy and defense per road edge
ok 271 - tactical route choices use spatial snapshots instead of rescanning every enemy and defense per road edge
  ---
  duration_ms: 994.549447
  type: 'test'
  ...
# Subtest: same-schema saves missing the old initialization flag remove destroyed facilities and preserve active survey facilities
ok 272 - same-schema saves missing the old initialization flag remove destroyed facilities and preserve active survey facilities
  ---
  duration_ms: 9.622359
  type: 'test'
  ...
# Subtest: normalization removes zero-HP defenses even when legacy ruin flags are absent
ok 273 - normalization removes zero-HP defenses even when legacy ruin flags are absent
  ---
  duration_ms: 1.16792
  type: 'test'
  ...
# Subtest: loaded road chunks are reconstructed from the persisted graph so survey can expand from initial roads
ok 274 - loaded road chunks are reconstructed from the persisted graph so survey can expand from initial roads
  ---
  duration_ms: 0.608701
  type: 'test'
  ...
# Subtest: survey network failures become retry-wait state instead of a permanent raw error
ok 275 - survey network failures become retry-wait state instead of a permanent raw error
  ---
  duration_ms: 196.27292
  type: 'test'
  ...
# Subtest: critical facility operations persist immediately and obsolete wreck UI is absent
ok 276 - critical facility operations persist immediately and obsolete wreck UI is absent
  ---
  duration_ms: 88.91474
  type: 'test'
  ...
# Subtest: civilization level increases the active player-base limit by one
ok 277 - civilization level increases the active player-base limit by one
  ---
  duration_ms: 78.750588
  type: 'test'
  ...
# Subtest: base placement requires an unlocked slot, fresh position, nearby road and minimum separation
ok 278 - base placement requires an unlocked slot, fresh position, nearby road and minimum separation
  ---
  duration_ms: 2.946236
  type: 'test'
  ...
# Subtest: additional major bases require and consume escalating processed-resource costs
ok 279 - additional major bases require and consume escalating processed-resource costs
  ---
  duration_ms: 2.778955
  type: 'test'
  ...
# Subtest: establishing a base adds a remote construction and simulation anchor
ok 280 - establishing a base adds a remote construction and simulation anchor
  ---
  duration_ms: 2.365006
  type: 'test'
  ...
# Subtest: secondary bases survive save and restore without retaining exact location fields
ok 281 - secondary bases survive save and restore without retaining exact location fields
  ---
  duration_ms: 2.92471
  type: 'test'
  ...
# Subtest: civilization projects require cumulative artifacts recovered in the field
ok 282 - civilization projects require cumulative artifacts recovered in the field
  ---
  duration_ms: 1.062259
  type: 'test'
  ...
# Subtest: destroying a resource enemy base secures its declared reward in one recoverable cache
ok 283 - destroying a resource enemy base secures its declared reward in one recoverable cache
  ---
  duration_ms: 6.650721
  type: 'test'
  ...
# Subtest: resource enemy bases return within the progression window while strategic bases retain long recovery
ok 284 - resource enemy bases return within the progression window while strategic bases retain long recovery
  ---
  duration_ms: 1.256656
  type: 'test'
  ...
# Subtest: legacy resource-outpost data is stripped during runtime normalization
ok 285 - legacy resource-outpost data is stripped during runtime normalization
  ---
  duration_ms: 0.708952
  type: 'test'
  ...
# Subtest: PWA registers the current service worker on HTTPS
ok 286 - PWA registers the current service worker on HTTPS
  ---
  duration_ms: 2.956947
  type: 'test'
  ...
# Subtest: PWA is skipped for an allowed development fixture
ok 287 - PWA is skipped for an allowed development fixture
  ---
  duration_ms: 0.878605
  type: 'test'
  ...
# Subtest: public devFixture query does not disable production PWA registration
ok 288 - public devFixture query does not disable production PWA registration
  ---
  duration_ms: 84.317056
  type: 'test'
  ...
# Subtest: PWA registration failure does not stop the game
ok 289 - PWA registration failure does not stop the game
  ---
  duration_ms: 0.620414
  type: 'test'
  ...
# Subtest: radar renderer is integrated without changing the map input owner
ok 290 - radar renderer is integrated without changing the map input owner
  ---
  duration_ms: 201.79832
  type: 'test'
  ...
# Subtest: radar theme exposes tactical palette and mobile layout rules
ok 291 - radar theme exposes tactical palette and mobile layout rules
  ---
  duration_ms: 7.175793
  type: 'test'
  ...
# Subtest: combat and road renderers use radar glyphs and glow rather than emoji labels
ok 292 - combat and road renderers use radar glyphs and glow rather than emoji labels
  ---
  duration_ms: 86.695164
  type: 'test'
  ...
# Subtest: radar canvas layers render with a minimal canvas context
ok 293 - radar canvas layers render with a minimal canvas context
  ---
  duration_ms: 6.556635
  type: 'test'
  ...
# Subtest: playing footer stays clear of the combat toolbar
ok 294 - playing footer stays clear of the combat toolbar
  ---
  duration_ms: 86.952737
  type: 'test'
  ...
# Subtest: radar preferences apply defaults and cycle without game state
ok 295 - radar preferences apply defaults and cycle without game state
  ---
  duration_ms: 78.818295
  type: 'test'
  ...
# Subtest: bootstrap imports RadarPreferences before constructing it
ok 296 - bootstrap imports RadarPreferences before constructing it
  ---
  duration_ms: 103.696234
  type: 'test'
  ...
# Subtest: touch devices default to the power-saving radar profile
ok 297 - touch devices default to the power-saving radar profile
  ---
  duration_ms: 0.730108
  type: 'test'
  ...
# Subtest: destroying an enemy base creates one persistent recovery item at the destroyed base
ok 298 - destroying an enemy base creates one persistent recovery item at the destroyed base
  ---
  duration_ms: 3.887949
  type: 'test'
  ...
# Subtest: recovery requires the player to be within the physical collection range
ok 299 - recovery requires the player to be within the physical collection range
  ---
  duration_ms: 1.191602
  type: 'test'
  ...
# Subtest: recovery rejects stale or inaccurate geolocation even at the item position
ok 300 - recovery rejects stale or inaccurate geolocation even at the item position
  ---
  duration_ms: 0.607678
  type: 'test'
  ...
# Subtest: manual collection requires five seconds in range, grants once and removes the recovered item
ok 301 - manual collection requires five seconds in range, grants once and removes the recovered item
  ---
  duration_ms: 1.545481
  type: 'test'
  ...
# Subtest: leaving the collection radius cancels progress without removing the item
ok 302 - leaving the collection radius cancels progress without removing the item
  ---
  duration_ms: 0.671514
  type: 'test'
  ...
# Subtest: uncollected recovery items survive save and restore while live location freshness does not
ok 303 - uncollected recovery items survive save and restore while live location freshness does not
  ---
  duration_ms: 2.111002
  type: 'test'
  ...
# Subtest: refactor schema 1 scrap is migrated into canonical resources
ok 304 - refactor schema 1 scrap is migrated into canonical resources
  ---
  duration_ms: 5.302428
  type: 'test'
  ...
# Subtest: retrieval squad is deliberately weak and works from major and field bases
ok 305 - retrieval squad is deliberately weak and works from major and field bases
  ---
  duration_ms: 2.074684
  type: 'test'
  ...
# Subtest: dispatch reserves a recovery item and preview does not mutate it
ok 306 - dispatch reserves a recovery item and preview does not mutate it
  ---
  duration_ms: 78.361937
  type: 'test'
  ...
# Subtest: retrieval squad collects for eight seconds and grants the artifact only after returning
ok 307 - retrieval squad collects for eight seconds and grants the artifact only after returning
  ---
  duration_ms: 10.661072
  type: 'test'
  ...
# Subtest: destroying a squad before pickup releases the item at its original location
ok 308 - destroying a squad before pickup releases the item at its original location
  ---
  duration_ms: 1.037813
  type: 'test'
  ...
# Subtest: destroying a squad while carrying drops the item at the destruction point
ok 309 - destroying a squad while carrying drops the item at the destruction point
  ---
  duration_ms: 3.352767
  type: 'test'
  ...
# Subtest: withdrawing before pickup abandons the recovery mission and releases the item
ok 310 - withdrawing before pickup abandons the recovery mission and releases the item
  ---
  duration_ms: 1.514532
  type: 'test'
  ...
# Subtest: field bases can deploy and reorganize retrieval squads
ok 311 - field bases can deploy and reorganize retrieval squads
  ---
  duration_ms: 1.058326
  type: 'test'
  ...
# Subtest: reserved recovery mission survives save and restore without exposing exact live location data
ok 312 - reserved recovery mission survives save and restore without exposing exact live location data
  ---
  duration_ms: 81.479041
  type: 'test'
  ...
# Subtest: manual collection in progress blocks deployment without consuming resources or changing a ready squad
ok 313 - manual collection in progress blocks deployment without consuming resources or changing a ready squad
  ---
  duration_ms: 1.549419
  type: 'test'
  ...
# Subtest: orphaned reservations become available again after squad data is lost
ok 314 - orphaned reservations become available again after squad data is lost
  ---
  duration_ms: 1.310033
  type: 'test'
  ...
# Subtest: a real heavy enemy quickly destroys the weak retrieval squad and releases its reservation
ok 315 - a real heavy enemy quickly destroys the weak retrieval squad and releases its reservation
  ---
  duration_ms: 3.814005
  type: 'test'
  ...
# Subtest: remote retrieval completes under active, peripheral, and dormant regional intervals
ok 316 - remote retrieval completes under active, peripheral, and dormant regional intervals
  ---
  duration_ms: 207.950964
  type: 'test'
  ...
# Subtest: the unified Overpass query and parser include trunk and motorway classes
ok 317 - the unified Overpass query and parser include trunk and motorway classes
  ---
  duration_ms: 81.914685
  type: 'test'
  ...
# Subtest: initial acquisition preserves a disconnected major road instead of keeping only the center component
ok 318 - initial acquisition preserves a disconnected major road instead of keeping only the center component
  ---
  duration_ms: 8.565769
  type: 'test'
  ...
# Subtest: parallel major carriageways remain separate physical roads
ok 319 - parallel major carriageways remain separate physical roads
  ---
  duration_ms: 3.531257
  type: 'test'
  ...
# Subtest: chunk acquisition retains a sparse major road crossing the chunk boundary
ok 320 - chunk acquisition retains a sparse major road crossing the chunk boundary
  ---
  duration_ms: 1.593165
  type: 'test'
  ...
# Subtest: source identities survive compact save encoding and prevent overlap duplication after restore
ok 321 - source identities survive compact save encoding and prevent overlap duplication after restore
  ---
  duration_ms: 89.807404
  type: 'test'
  ...
# Subtest: initial acquisition marks edge chunks for refresh instead of treating partial circle coverage as complete
ok 322 - initial acquisition marks edge chunks for refresh instead of treating partial circle coverage as complete
  ---
  duration_ms: 0.933285
  type: 'test'
  ...
# Subtest: old road coverage is marked for reacquisition after the completeness specification changes
ok 323 - old road coverage is marked for reacquisition after the completeness specification changes
  ---
  duration_ms: 1.68041
  type: 'test'
  ...
# Subtest: a migrated loaded chunk is fetched again and its refresh marker is cleared only after integration
ok 324 - a migrated loaded chunk is fetched again and its refresh marker is cleared only after integration
  ---
  duration_ms: 5.704052
  type: 'test'
  ...
# Subtest: world chunks use deterministic grid ids and reversible centers
ok 325 - world chunks use deterministic grid ids and reversible centers
  ---
  duration_ms: 4.147036
  type: 'test'
  ...
# Subtest: initial chunk state does not assume that the cleaned initial graph fully covers surrounding chunks
ok 326 - initial chunk state does not assume that the cleaned initial graph fully covers surrounding chunks
  ---
  duration_ms: 0.581154
  type: 'test'
  ...
# Subtest: graph merge preserves existing ids, joins nearby endpoints and removes duplicate edges
ok 327 - graph merge preserves existing ids, joins nearby endpoints and removes duplicate edges
  ---
  duration_ms: 2.942742
  type: 'test'
  ...
# Subtest: chunk cache isolates worlds and can remove one world
ok 328 - chunk cache isolates worlds and can remove one world
  ---
  duration_ms: 0.690168
  type: 'test'
  ...
# Subtest: RoadService chunk acquisition projects roads into the original world coordinate system
ok 329 - RoadService chunk acquisition projects roads into the original world coordinate system
  ---
  duration_ms: 10.134669
  type: 'test'
  ...
# Subtest: service roads are available while private driveway-like service ways remain excluded
ok 330 - service roads are available while private driveway-like service ways remain excluded
  ---
  duration_ms: 1.762945
  type: 'test'
  ...
# Subtest: player frontier movement uses sandbox fallback, grows the live map and survives save restore
ok 331 - player frontier movement uses sandbox fallback, grows the live map and survives save restore
  ---
  duration_ms: 101.914185
  type: 'test'
  ...
# Subtest: wooden survey tower uses the same acquisition stack and records a real merged road result
ok 332 - wooden survey tower uses the same acquisition stack and records a real merged road result
  ---
  duration_ms: 8.54453
  type: 'test'
  ...
# Subtest: v2 false-empty and stale cache markers are released so old saves can expand again
ok 333 - v2 false-empty and stale cache markers are released so old saves can expand again
  ---
  duration_ms: 0.915183
  type: 'test'
  ...
# Subtest: clustered intersections build a connected graph and combat route
ok 334 - clustered intersections build a connected graph and combat route
  ---
  duration_ms: 82.516376
  type: 'test'
  ...
# Subtest: one RoadService load performs one acquisition and produces indexed graph data
ok 335 - one RoadService load performs one acquisition and produces indexed graph data
  ---
  duration_ms: 94.523465
  type: 'test'
  ...
# Subtest: chunk prefetch only includes crossed or nearby grid edges
ok 336 - chunk prefetch only includes crossed or nearby grid edges
  ---
  duration_ms: 2.341076
  type: 'test'
  ...
# Subtest: manager merges a new chunk, records it and persists a compact cache entry
ok 337 - manager merges a new chunk, records it and persists a compact cache entry
  ---
  duration_ms: 7.307963
  type: 'test'
  ...
# Subtest: manager loads a cached chunk without calling the road server
ok 338 - manager loads a cached chunk without calling the road server
  ---
  duration_ms: 73.389124
  type: 'test'
  ...
# Subtest: failed acquisitions cool down without blocking unrelated nearby chunks
ok 339 - failed acquisitions cool down without blocking unrelated nearby chunks
  ---
  duration_ms: 18.759631
  type: 'test'
  ...
# Subtest: chunk centers remain based on the original world center
ok 340 - chunk centers remain based on the original world center
  ---
  duration_ms: 0.457929
  type: 'test'
  ...
# Subtest: legacy unrelated coverage is released while graph-derived and explicitly merged chunks remain confirmed
ok 341 - legacy unrelated coverage is released while graph-derived and explicitly merged chunks remain confirmed
  ---
  duration_ms: 0.875253
  type: 'test'
  ...
# Subtest: approaching a visible road endpoint queues forward chunks before the grid boundary
ok 342 - approaching a visible road endpoint queues forward chunks before the grid boundary
  ---
  duration_ms: 2.334636
  type: 'test'
  ...
# Subtest: movement lookahead queues the travel direction even before the player reaches a chunk edge
ok 343 - movement lookahead queues the travel direction even before the player reaches a chunk edge
  ---
  duration_ms: 2.401456
  type: 'test'
  ...
# Subtest: frontier failures retry after the shorter movement cooldown
ok 344 - frontier failures retry after the shorter movement cooldown
  ---
  duration_ms: 2.82309
  type: 'test'
  ...
# Subtest: an internal cul-de-sac does not masquerade as the outer road frontier
ok 345 - an internal cul-de-sac does not masquerade as the outer road frontier
  ---
  duration_ms: 2.182272
  type: 'test'
  ...
# Subtest: lookahead road chunks remain hidden until the player physically enters them
ok 346 - lookahead road chunks remain hidden until the player physically enters them
  ---
  duration_ms: 71.242935
  type: 'test'
  ...
# Subtest: road-frontier movement completes acquisition and merges the new road into the live map
ok 347 - road-frontier movement completes acquisition and merges the new road into the live map
  ---
  duration_ms: 22.883704
  type: 'test'
  ...
# Subtest: aborting road acquisition prevents a late response from repopulating reset state
ok 348 - aborting road acquisition prevents a late response from repopulating reset state
  ---
  duration_ms: 2.716897
  type: 'test'
  ...
# Subtest: an old cached empty graph is discarded and reacquired instead of blocking map growth
ok 349 - an old cached empty graph is discarded and reacquired instead of blocking map growth
  ---
  duration_ms: 1.818242
  type: 'test'
  ...
# Subtest: JSONP URL includes the Overpass query and isolated callback name
ok 350 - JSONP URL includes the Overpass query and isolated callback name
  ---
  duration_ms: 1.40442
  type: 'test'
  ...
# Subtest: sandbox transport uses an opaque-origin iframe and returns only the validated payload
ok 351 - sandbox transport uses an opaque-origin iframe and returns only the validated payload
  ---
  duration_ms: 2.321823
  type: 'test'
  ...
# Subtest: sandbox transport aborts without leaving the iframe or message listener behind
ok 352 - sandbox transport aborts without leaving the iframe or message listener behind
  ---
  duration_ms: 4.199393
  type: 'test'
  ...
# Subtest: save data remains JSON and graph indexes are reconstructed after load
ok 353 - save data remains JSON and graph indexes are reconstructed after load
  ---
  duration_ms: 5.358021
  type: 'test'
  ...
# Subtest: v0.19 object-form road graphs remain loadable after compact saves are introduced
ok 354 - v0.19 object-form road graphs remain loadable after compact saves are introduced
  ---
  duration_ms: 0.553618
  type: 'test'
  ...
# Subtest: detached-state save consumes one caller-owned snapshot without mutating the live source state
ok 355 - detached-state save consumes one caller-owned snapshot without mutating the live source state
  ---
  duration_ms: 0.619561
  type: 'test'
  ...
# Subtest: lifecycle follows the new startup sequence
ok 356 - lifecycle follows the new startup sequence
  ---
  duration_ms: 3.842868
  type: 'test'
  ...
# Subtest: invalid transition is rejected
ok 357 - invalid transition is rejected
  ---
  duration_ms: 1.021291
  type: 'test'
  ...
# Subtest: state snapshots cannot mutate the store
ok 358 - state snapshots cannot mutate the store
  ---
  duration_ms: 0.684354
  type: 'test'
  ...
# Subtest: failed transactions leave the committed state untouched
ok 359 - failed transactions leave the committed state untouched
  ---
  duration_ms: 2.049938
  type: 'test'
  ...
# Subtest: mutator exceptions roll back state and buffered domain events
ok 360 - mutator exceptions roll back state and buffered domain events
  ---
  duration_ms: 1.628989
  type: 'test'
  ...
# Subtest: read returns detached object values and old mutation APIs are absent
ok 361 - read returns detached object values and old mutation APIs are absent
  ---
  duration_ms: 0.331599
  type: 'test'
  ...
# Subtest: asynchronous mutators are rejected before they can commit a draft
ok 362 - asynchronous mutators are rejected before they can commit a draft
  ---
  duration_ms: 0.505329
  type: 'test'
  ...
# Subtest: listener failures are isolated after a successful committed transaction
ok 363 - listener failures are isolated after a successful committed transaction
  ---
  duration_ms: 0.500888
  type: 'test'
  ...
# Subtest: source contains no legacy function override pattern or duplicate fetchRoadGraph
ok 364 - source contains no legacy function override pattern or duplicate fetchRoadGraph
  ---
  duration_ms: 695.011339
  type: 'test'
  ...
# Subtest: repair relay remains available as a build tool
ok 365 - repair relay remains available as a build tool
  ---
  duration_ms: 81.361043
  type: 'test'
  ...
# Subtest: base construction ranges grow gradually with a hard cap while the current-position radius stays fixed
ok 366 - base construction ranges grow gradually with a hard cap while the current-position radius stays fixed
  ---
  duration_ms: 5.616345
  type: 'test'
  ...
# Subtest: civilization advancement unlocks nearby road sites without covering the initial road map
ok 367 - civilization advancement unlocks nearby road sites without covering the initial road map
  ---
  duration_ms: 1.419694
  type: 'test'
  ...
# Subtest: civilization growth does not turn the player position into an unlimited mobile construction anchor
ok 368 - civilization growth does not turn the player position into an unlimited mobile construction anchor
  ---
  duration_ms: 0.402131
  type: 'test'
  ...
# Subtest: build placement cache includes the actual anchor radius so a civilization level-up redraws sites
ok 369 - build placement cache includes the actual anchor radius so a civilization level-up redraws sites
  ---
  duration_ms: 91.255557
  type: 'test'
  ...
# Subtest: survey facility UI exposes manual retry and an observable successful connection record
ok 370 - survey facility UI exposes manual retry and an observable successful connection record
  ---
  duration_ms: 2.701617
  type: 'test'
  ...
# Subtest: survey facility is a civilization level 1 tower with approved tier progression
ok 371 - survey facility is a civilization level 1 tower with approved tier progression
  ---
  duration_ms: 3.016958
  type: 'test'
  ...
# Subtest: survey facility cannot be built before civilization level 1 or from the player-only build zone
ok 372 - survey facility cannot be built before civilization level 1 or from the player-only build zone
  ---
  duration_ms: 2.873701
  type: 'test'
  ...
# Subtest: each owned base can operate only one active survey facility
ok 373 - each owned base can operate only one active survey facility
  ---
  duration_ms: 1.670465
  type: 'test'
  ...
# Subtest: survey candidate selection expands one adjacent unloaded chunk inside the tier radius
ok 374 - survey candidate selection expands one adjacent unloaded chunk inside the tier radius
  ---
  duration_ms: 86.840591
  type: 'test'
  ...
# Subtest: survey-loaded roads are recorded separately from physically observed regions
ok 375 - survey-loaded roads are recorded separately from physically observed regions
  ---
  duration_ms: 7.443672
  type: 'test'
  ...
# Subtest: remote survey does not reveal exact frontier sources or ambient exploration sites
ok 376 - remote survey does not reveal exact frontier sources or ambient exploration sites
  ---
  duration_ms: 1.997541
  type: 'test'
  ...
# Subtest: entering a surveyed chunk promotes it to physical observation and reveals local content
ok 377 - entering a surveyed chunk promotes it to physical observation and reveals local content
  ---
  duration_ms: 7.123099
  type: 'test'
  ...
# Subtest: survey scheduler serializes facilities and enforces a global real-time cooldown
ok 378 - survey scheduler serializes facilities and enforces a global real-time cooldown
  ---
  duration_ms: 4.11091
  type: 'test'
  ...
# Subtest: survey status reports radius, cadence and remaining expansion work
ok 379 - survey status reports radius, cadence and remaining expansion work
  ---
  duration_ms: 1.135392
  type: 'test'
  ...
# Subtest: survey tower upgrade remains gated by the matching civilization level
ok 380 - survey tower upgrade remains gated by the matching civilization level
  ---
  duration_ms: 70.028657
  type: 'test'
  ...
# Subtest: a survey facility anchored to a destroyed simple base stops operating until the base is rebuilt
ok 381 - a survey facility anchored to a destroyed simple base stops operating until the base is rebuilt
  ---
  duration_ms: 0.884443
  type: 'test'
  ...
# Subtest: survey-only road chunks do not receive exact enemy bases before physical observation
ok 382 - survey-only road chunks do not receive exact enemy bases before physical observation
  ---
  duration_ms: 2.735781
  type: 'test'
  ...
# Subtest: survey progress and physical-observation boundaries survive save and restore
ok 383 - survey progress and physical-observation boundaries survive save and restore
  ---
  duration_ms: 2.184453
  type: 'test'
  ...
# Subtest: manual survey bypasses a previous retry cooldown and records the real connection used after success
ok 384 - manual survey bypasses a previous retry cooldown and records the real connection used after success
  ---
  duration_ms: 93.942471
  type: 'test'
  ...
# Subtest: survey diagnostics distinguish successful communication from later road-processing failure
ok 385 - survey diagnostics distinguish successful communication from later road-processing failure
  ---
  duration_ms: 4.984244
  type: 'test'
  ...
# Subtest: resource outpost runtime is completely removed while legacy saves are safely stripped
ok 386 - resource outpost runtime is completely removed while legacy saves are safely stripped
  ---
  duration_ms: 21.052924
  type: 'test'
  ...
# Subtest: resource-camp capture rewards cover the mandatory ore gates of later civilization projects
ok 387 - resource-camp capture rewards cover the mandatory ore gates of later civilization projects
  ---
  duration_ms: 76.890203
  type: 'test'
  ...
# Subtest: project-only trial bronze goes directly to the active project and cannot be overproduced
ok 388 - project-only trial bronze goes directly to the active project and cannot be overproduced
  ---
  duration_ms: 4.006505
  type: 'test'
  ...
# Subtest: actual smelting chains turn scheduled resource-camp rewards into the mandatory bronze and iron progression totals
ok 389 - actual smelting chains turn scheduled resource-camp rewards into the mandatory bronze and iron progression totals
  ---
  duration_ms: 9.828164
  type: 'test'
  ...
# Subtest: wave doctrine changes actual routing and resource-base composition rather than only the label
ok 390 - wave doctrine changes actual routing and resource-base composition rather than only the label
  ---
  duration_ms: 5.530699
  type: 'test'
  ...
# Subtest: upgraded tower ranges affect evasive route selection
ok 391 - upgraded tower ranges affect evasive route selection
  ---
  duration_ms: 1.170512
  type: 'test'
  ...
# Subtest: shield tiers use their declared protection values and new enemies use correct friendly matchups
ok 392 - shield tiers use their declared protection values and new enemies use correct friendly matchups
  ---
  duration_ms: 1.225178
  type: 'test'
  ...
# Subtest: hunters abandon squads outside their pursuit radius
ok 393 - hunters abandon squads outside their pursuit radius
  ---
  duration_ms: 2.488614
  type: 'test'
  ...
# Subtest: additional major bases are real attack targets, can be destroyed, persist, and rebuild on site
ok 394 - additional major bases are real attack targets, can be destroyed, persist, and rebuild on site
  ---
  duration_ms: 2.568043
  type: 'test'
  ...
# Subtest: spawned and legacy-loaded enemies retain their defined visual radius and field-base UI lists retrieval units
ok 395 - spawned and legacy-loaded enemies retain their defined visual radius and field-base UI lists retrieval units
  ---
  duration_ms: 81.771389
  type: 'test'
  ...
# Subtest: destroyed major-base ruins still occupy their slot and block overlapping replacement placement
ok 396 - destroyed major-base ruins still occupy their slot and block overlapping replacement placement
  ---
  duration_ms: 1.420123
  type: 'test'
  ...
# Subtest: only one tab owns the synchronous storage lease
ok 397 - only one tab owns the synchronous storage lease
  ---
  duration_ms: 1.711617
  type: 'test'
  ...
# Subtest: broadcast fallback elects one primary tab when storage is unavailable
ok 398 - broadcast fallback elects one primary tab when storage is unavailable
  ---
  duration_ms: 1.3778
  type: 'test'
  ...
# Subtest: remaining route distance accounts for current edge progress
ok 399 - remaining route distance accounts for current edge progress
  ---
  duration_ms: 1.683207
  type: 'test'
  ...
# Subtest: threat level escalates from contact to critical
ok 400 - threat level escalates from contact to critical
  ---
  duration_ms: 0.631258
  type: 'test'
  ...
# Subtest: clear threat reports stable defense line
ok 401 - clear threat reports stable defense line
  ---
  duration_ms: 0.335894
  type: 'test'
  ...
# Subtest: tactical routes and focus render with a minimal canvas context
ok 402 - tactical routes and focus render with a minimal canvas context
  ---
  duration_ms: 87.685735
  type: 'test'
  ...
# Subtest: selected enemy base no longer renders a misleading player capture radius
ok 403 - selected enemy base no longer renders a misleading player capture radius
  ---
  duration_ms: 4.721933
  type: 'test'
  ...
# Subtest: HUD and modal CSS do not use unreadably small explicit type
ok 404 - HUD and modal CSS do not use unreadably small explicit type
  ---
  duration_ms: 10.178726
  type: 'test'
  ...
# Subtest: Canvas labels retain a readable minimum without changing world scale
ok 405 - Canvas labels retain a readable minimum without changing world scale
  ---
  duration_ms: 86.510658
  type: 'test'
  ...
# Subtest: larger tool labels receive matching control height and context clearance
ok 406 - larger tool labels receive matching control height and context clearance
  ---
  duration_ms: 3.237889
  type: 'test'
  ...
# Subtest: opening command, civilization and deployment UI does not mutate committed game state
ok 407 - opening command, civilization and deployment UI does not mutate committed game state
  ---
  duration_ms: 16.37864
  type: 'test'
  ...
# Subtest: periodic HUD refresh shares one detached state snapshot across all UI panels
ok 408 - periodic HUD refresh shares one detached state snapshot across all UI panels
  ---
  duration_ms: 64.494671
  type: 'test'
  ...
# Subtest: a fully destroyed wave increments perfect defense streak exactly once
ok 409 - a fully destroyed wave increments perfect defense streak exactly once
  ---
  duration_ms: 59.178352
  type: 'test'
  ...
# Subtest: enemy-base guard launches once and does not count as a perfect defense wave
ok 410 - enemy-base guard launches once and does not count as a perfect defense wave
  ---
  duration_ms: 2.319169
  type: 'test'
  ...
# Subtest: civilization level creates resource bases without duplicating them
ok 411 - civilization level creates resource bases without duplicating them
  ---
  duration_ms: 14.829966
  type: 'test'
  ...
# Subtest: initial base placement excludes civilization resource bases
ok 412 - initial base placement excludes civilization resource bases
  ---
  duration_ms: 19.244245
  type: 'test'
  ...
# Subtest: destroyed base waits for its respawn timer and then reappears elsewhere
ok 413 - destroyed base waits for its respawn timer and then reappears elsewhere
  ---
  duration_ms: 1.74373
  type: 'test'
  ...
# Subtest: initial enemy bases spread across independent road fronts when the graph permits it
ok 414 - initial enemy bases spread across independent road fronts when the graph permits it
  ---
  duration_ms: 1.793133
  type: 'test'
  ...
# Subtest: stacked initial enemy bases receive progressively longer opening delays on a one-front road
ok 415 - stacked initial enemy bases receive progressively longer opening delays on a one-front road
  ---
  duration_ms: 1.978062
  type: 'test'
  ...
# Subtest: region activity follows the nearest city or player anchor
ok 416 - region activity follows the nearest city or player anchor
  ---
  duration_ms: 2.629046
  type: 'test'
  ...
# Subtest: regional clocks only release peripheral and dormant simulation at their intervals
ok 417 - regional clocks only release peripheral and dormant simulation at their intervals
  ---
  duration_ms: 1.878115
  type: 'test'
  ...
# Subtest: dormant enemies and facilities advance only when the remote interval is due
ok 418 - dormant enemies and facilities advance only when the remote interval is due
  ---
  duration_ms: 11.555231
  type: 'test'
  ...
# Subtest: road graph spatial index excludes distant roads from local queries
ok 419 - road graph spatial index excludes distant roads from local queries
  ---
  duration_ms: 1.859747
  type: 'test'
  ...
# Subtest: expanded road graphs use compact save encoding and restore gameplay fields
ok 420 - expanded road graphs use compact save encoding and restore gameplay fields
  ---
  duration_ms: 8.434265
  type: 'test'
  ...
1..420
# tests 420
# suites 0
# pass 420
# fail 0
# cancelled 0
# skipped 0
# todo 0
# duration_ms 12721.69478
