
> frontline-roads-refactor@0.22.2 verify
> npm run syntax && npm test


> frontline-roads-refactor@0.22.2 syntax
> find src tests -name '*.js' -print0 | xargs -0 -n1 node --check && node --check sw.js


> frontline-roads-refactor@0.22.2 test
> node --test

TAP version 13
# Subtest: HTML references only existing local app resources and required controls exist
ok 1 - HTML references only existing local app resources and required controls exist
  ---
  duration_ms: 7.824311
  type: 'test'
  ...
# Subtest: every required DOM id used by bootstrap exists in HTML
ok 2 - every required DOM id used by bootstrap exists in HTML
  ---
  duration_ms: 4.30335
  type: 'test'
  ...
# Subtest: service worker app shell contains every runtime source file and all paths exist
ok 3 - service worker app shell contains every runtime source file and all paths exist
  ---
  duration_ms: 91.702566
  type: 'test'
  ...
# Subtest: development tree has no premature single-HTML build output
ok 4 - development tree has no premature single-HTML build output
  ---
  duration_ms: 1.682047
  type: 'test'
  ...
# Subtest: service worker only deletes FRONTLINE ROADS caches
ok 5 - service worker only deletes FRONTLINE ROADS caches
  ---
  duration_ms: 1.496717
  type: 'test'
  ...
# Subtest: service worker falls back to HTML only for navigation requests
ok 6 - service worker falls back to HTML only for navigation requests
  ---
  duration_ms: 1.31291
  type: 'test'
  ...
# Subtest: release version is synchronized across package, runtime label and service-worker cache
ok 7 - release version is synchronized across package, runtime label and service-worker cache
  ---
  duration_ms: 2.792101
  type: 'test'
  ...
# Subtest: storage denial is detected without crashing construction
ok 8 - storage denial is detected without crashing construction
  ---
  duration_ms: 1.088792
  type: 'test'
  ...
# Subtest: invalid shallow save is quarantined instead of bricking startup
ok 9 - invalid shallow save is quarantined instead of bricking startup
  ---
  duration_ms: 1.112348
  type: 'test'
  ...
# Subtest: saved game removes exact position history and rounds map origin
ok 10 - saved game removes exact position history and rounds map origin
  ---
  duration_ms: 1.633474
  type: 'test'
  ...
# Subtest: state validation rejects malformed saved road graph
ok 11 - state validation rejects malformed saved road graph
  ---
  duration_ms: 0.212451
  type: 'test'
  ...
# Subtest: stone gate conversion cannot be used before civilization level 2
ok 12 - stone gate conversion cannot be used before civilization level 2
  ---
  duration_ms: 0.56356
  type: 'test'
  ...
# Subtest: path invalidation waits for the current edge instead of teleporting backward
ok 13 - path invalidation waits for the current edge instead of teleporting backward
  ---
  duration_ms: 77.449354
  type: 'test'
  ...
# Subtest: grade-separated endpoints are not merged into one intersection
ok 14 - grade-separated endpoints are not merged into one intersection
  ---
  duration_ms: 1.600498
  type: 'test'
  ...
# Subtest: long OSM geometry is subdivided rather than discarded
ok 15 - long OSM geometry is subdivided rather than discarded
  ---
  duration_ms: 1.985635
  type: 'test'
  ...
# Subtest: complete reset clears current, legacy, and backup save keys
ok 16 - complete reset clears current, legacy, and backup save keys
  ---
  duration_ms: 0.405501
  type: 'test'
  ...
# Subtest: production source only enables dev fixture on local or explicit test origins
ok 17 - production source only enables dev fixture on local or explicit test origins
  ---
  duration_ms: 10.330396
  type: 'test'
  ...
# Subtest: development fixture disables browser JSONP and uses injected road data
ok 18 - development fixture disables browser JSONP and uses injected road data
  ---
  duration_ms: 1.646488
  type: 'test'
  ...
# Subtest: tier-zero area and slow defenses use the approved restrained values
ok 19 - tier-zero area and slow defenses use the approved restrained values
  ---
  duration_ms: 4.005641
  type: 'test'
  ...
# Subtest: area defense applies full damage to one target, reduced splash and a hard target cap
ok 20 - area defense applies full damage to one target, reduced splash and a hard target cap
  ---
  duration_ms: 1.356105
  type: 'test'
  ...
# Subtest: slow defense affects only the nearest approved number of targets
ok 21 - slow defense affects only the nearest approved number of targets
  ---
  duration_ms: 0.362166
  type: 'test'
  ...
# Subtest: enemy base growth follows age thresholds and civilization caps
ok 22 - enemy base growth follows age thresholds and civilization caps
  ---
  duration_ms: 0.296397
  type: 'test'
  ...
# Subtest: enemy level multipliers scale durability, attack and speed without runaway speed growth
ok 23 - enemy level multipliers scale durability, attack and speed without runaway speed growth
  ---
  duration_ms: 0.303808
  type: 'test'
  ...
# Subtest: spawned enemies retain the source base level and scaled HP for their lifetime
ok 24 - spawned enemies retain the source base level and scaled HP for their lifetime
  ---
  duration_ms: 0.45133
  type: 'test'
  ...
# Subtest: enemy base levels add exactly one unit per level
ok 25 - enemy base levels add exactly one unit per level
  ---
  duration_ms: 0.481336
  type: 'test'
  ...
# Subtest: new civilization enemy generations phase in at 15, 30, 45 and 60 minutes
ok 26 - new civilization enemy generations phase in at 15, 30, 45 and 60 minutes
  ---
  duration_ms: 0.150627
  type: 'test'
  ...
# Subtest: higher enemy base levels increase pressure gradually rather than all at once
ok 27 - higher enemy base levels increase pressure gradually rather than all at once
  ---
  duration_ms: 0.289647
  type: 'test'
  ...
# Subtest: a level-two mixed wave now reaches a city defended only by tier-zero area and slow facilities
ok 28 - a level-two mixed wave now reaches a city defended only by tier-zero area and slow facilities
  ---
  duration_ms: 91.450125
  type: 'test'
  ...
# Subtest: a heavier level-two formation creates meaningful pressure without instantly defeating the city
ok 29 - a heavier level-two formation creates meaningful pressure without instantly defeating the city
  ---
  duration_ms: 85.342027
  type: 'test'
  ...
# Subtest: enemy base level increases emit one visible threat notification
ok 30 - enemy base level increases emit one visible threat notification
  ---
  duration_ms: 1.40941
  type: 'test'
  ...
# Subtest: enemy individual level and scaled HP survive save and restore
ok 31 - enemy individual level and scaled HP survive save and restore
  ---
  duration_ms: 110.585986
  type: 'test'
  ...
# Subtest: a new civilization generation keeps the previous generation during its opening grace window
ok 32 - a new civilization generation keeps the previous generation during its opening grace window
  ---
  duration_ms: 0.375116
  type: 'test'
  ...
# Subtest: enemy system applies the spawned enemy level to movement and city damage
ok 33 - enemy system applies the spawned enemy level to movement and city damage
  ---
  duration_ms: 0.297419
  type: 'test'
  ...
# Subtest: base command panel summarizes remote threats, facilities, squads and recoveries
ok 34 - base command panel summarizes remote threats, facilities, squads and recoveries
  ---
  duration_ms: 1.968639
  type: 'test'
  ...
# Subtest: base command UI lists all bases and switches the map camera without moving the player
ok 35 - base command UI lists all bases and switches the map camera without moving the player
  ---
  duration_ms: 1.284567
  type: 'test'
  ...
# Subtest: base command UI establishes an unlocked base at the current road position
ok 36 - base command UI establishes an unlocked base at the current road position
  ---
  duration_ms: 1.214201
  type: 'test'
  ...
# Subtest: combat renderer includes a distinct marker for secondary player bases
ok 37 - combat renderer includes a distinct marker for secondary player bases
  ---
  duration_ms: 6.081738
  type: 'test'
  ...
# Subtest: selection snaps to the existing graph and creates a base without refetching
ok 38 - selection snaps to the existing graph and creates a base without refetching
  ---
  duration_ms: 1.918493
  type: 'test'
  ...
# Subtest: a tap outside the road tolerance is rejected
ok 39 - a tap outside the road tolerance is rejected
  ---
  duration_ms: 0.165679
  type: 'test'
  ...
# Subtest: base placement uses a dedicated map viewport instead of drawing behind controls
ok 40 - base placement uses a dedicated map viewport instead of drawing behind controls
  ---
  duration_ms: 86.907634
  type: 'test'
  ...
# Subtest: base placement screen keeps the canvas clip synchronized with the viewport
ok 41 - base placement screen keeps the canvas clip synchronized with the viewport
  ---
  duration_ms: 3.205669
  type: 'test'
  ...
# Subtest: barrier highlighting is clipped to the build-radius portion of a road
ok 42 - barrier highlighting is clipped to the build-radius portion of a road
  ---
  duration_ms: 1.384058
  type: 'test'
  ...
# Subtest: build placement overlay draws valid sites, build radius and candidate effect radius
ok 43 - build placement overlay draws valid sites, build radius and candidate effect radius
  ---
  duration_ms: 0.783882
  type: 'test'
  ...
# Subtest: barrier overlay tolerates a minimal canvas implementation
ok 44 - barrier overlay tolerates a minimal canvas implementation
  ---
  duration_ms: 0.448737
  type: 'test'
  ...
# Subtest: renderer draws construction guidance after combat effects so candidates stay visible
ok 45 - renderer draws construction guidance after combat effects so candidates stay visible
  ---
  duration_ms: 84.938814
  type: 'test'
  ...
# Subtest: build sites expose only unoccupied placements inside the home-base range
ok 46 - build sites expose only unoccupied placements inside the home-base range
  ---
  duration_ms: 3.260868
  type: 'test'
  ...
# Subtest: previewing a candidate does not consume resources or create a defense
ok 47 - previewing a candidate does not consume resources or create a defense
  ---
  duration_ms: 0.903152
  type: 'test'
  ...
# Subtest: a confirmed candidate consumes resources exactly once and creates the selected defense
ok 48 - a confirmed candidate consumes resources exactly once and creates the selected defense
  ---
  duration_ms: 0.870172
  type: 'test'
  ...
# Subtest: a stale candidate is rejected without spending resources
ok 49 - a stale candidate is rejected without spending resources
  ---
  duration_ms: 0.559414
  type: 'test'
  ...
# Subtest: candidate confirmation rechecks resources that changed after preview
ok 50 - candidate confirmation rechecks resources that changed after preview
  ---
  duration_ms: 1.175312
  type: 'test'
  ...
# Subtest: barrier candidates retain the tapped road position and reject out-of-range points
ok 51 - barrier candidates retain the tapped road position and reject out-of-range points
  ---
  duration_ms: 0.603941
  type: 'test'
  ...
# Subtest: rebuilding a ruined placement at the same world time creates a distinct defense id
ok 52 - rebuilding a ruined placement at the same world time creates a distinct defense id
  ---
  duration_ms: 0.49029
  type: 'test'
  ...
# Subtest: preview skips an occupied nearest intersection when another valid intersection is within the tap tolerance
ok 53 - preview skips an occupied nearest intersection when another valid intersection is within the tap tolerance
  ---
  duration_ms: 0.400374
  type: 'test'
  ...
# Subtest: preview skips an occupied nearest road when another valid road is within the tap tolerance
ok 54 - preview skips an occupied nearest road when another valid road is within the tap tolerance
  ---
  duration_ms: 1.080269
  type: 'test'
  ...
# Subtest: player position creates a second build zone away from the home base
ok 55 - player position creates a second build zone away from the home base
  ---
  duration_ms: 0.671032
  type: 'test'
  ...
# Subtest: a current-location candidate is rejected if the player leaves its build zone before confirmation
ok 56 - a current-location candidate is rejected if the player leaves its build zone before confirmation
  ---
  duration_ms: 0.316317
  type: 'test'
  ...
# Subtest: overlapping home-base and player positions are represented as one build zone
ok 57 - overlapping home-base and player positions are represented as one build zone
  ---
  duration_ms: 0.205951
  type: 'test'
  ...
# Subtest: inventory has one canonical resource store and preserves overflow
ok 58 - inventory has one canonical resource store and preserves overflow
  ---
  duration_ms: 2.444086
  type: 'test'
  ...
# Subtest: production reserves inputs once and completes through the civilization update
ok 59 - production reserves inputs once and completes through the civilization update
  ---
  duration_ms: 78.211318
  type: 'test'
  ...
# Subtest: enemy bases are no longer captured by standing nearby
ok 60 - enemy bases are no longer captured by standing nearby
  ---
  duration_ms: 0.145489
  type: 'test'
  ...
# Subtest: legacy ruined outposts can still be restored and produce resources
ok 61 - legacy ruined outposts can still be restored and produce resources
  ---
  duration_ms: 1.036683
  type: 'test'
  ...
# Subtest: settlement damage ruins a building and disables its production
ok 62 - settlement damage ruins a building and disables its production
  ---
  duration_ms: 0.504331
  type: 'test'
  ...
# Subtest: production overflow stays in the building buffer until collection
ok 63 - production overflow stays in the building buffer until collection
  ---
  duration_ms: 0.703531
  type: 'test'
  ...
# Subtest: map tap only selects a build candidate and confirmation performs the mutation
ok 64 - map tap only selects a build candidate and confirmation performs the mutation
  ---
  duration_ms: 112.394978
  type: 'test'
  ...
# Subtest: combat UI no longer calls immediate buildAt from map taps
ok 65 - combat UI no longer calls immediate buildAt from map taps
  ---
  duration_ms: 4.498806
  type: 'test'
  ...
# Subtest: an invalid second tap clears the previous candidate to prevent confirming the wrong location
ok 66 - an invalid second tap clears the previous candidate to prevent confirming the wrong location
  ---
  duration_ms: 1.473683
  type: 'test'
  ...
# Subtest: build confirmation is disabled while the selected facility is unaffordable
ok 67 - build confirmation is disabled while the selected facility is unaffordable
  ---
  duration_ms: 81.699299
  type: 'test'
  ...
# Subtest: combat effect buffer is capped and prunes expired effects
ok 68 - combat effect buffer is capped and prunes expired effects
  ---
  duration_ms: 0.837313
  type: 'test'
  ...
# Subtest: event bus creates transient shot and city warning effects
ok 69 - event bus creates transient shot and city warning effects
  ---
  duration_ms: 81.195734
  type: 'test'
  ...
# Subtest: manual defense upgrade events create a visible pulse
ok 70 - manual defense upgrade events create a visible pulse
  ---
  duration_ms: 0.353473
  type: 'test'
  ...
# Subtest: barrier changes weighted enemy route without creating another graph
ok 71 - barrier changes weighted enemy route without creating another graph
  ---
  duration_ms: 4.620259
  type: 'test'
  ...
# Subtest: enemy position follows path direction rather than edge storage direction
ok 72 - enemy position follows path direction rather than edge storage direction
  ---
  duration_ms: 1.096184
  type: 'test'
  ...
# Subtest: build range is measured from established home base
ok 73 - build range is measured from established home base
  ---
  duration_ms: 1.186699
  type: 'test'
  ...
# Subtest: gun tower damages an enemy in range
ok 74 - gun tower damages an enemy in range
  ---
  duration_ms: 1.423307
  type: 'test'
  ...
# Subtest: enemy reaching the city deals damage and is removed
ok 75 - enemy reaching the city deals damage and is removed
  ---
  duration_ms: 1.053018
  type: 'test'
  ...
# Subtest: repair relay consumes resources and repairs only the most damaged target
ok 76 - repair relay consumes resources and repairs only the most damaged target
  ---
  duration_ms: 0.504712
  type: 'test'
  ...
# Subtest: city defeat never creates negative resources and reports unpaid emergency recovery honestly
ok 77 - city defeat never creates negative resources and reports unpaid emergency recovery honestly
  ---
  duration_ms: 186.363327
  type: 'test'
  ...
# Subtest: barrier has player-facing role, effect, placement and numeric metrics
ok 78 - barrier has player-facing role, effect, placement and numeric metrics
  ---
  duration_ms: 0.80896
  type: 'test'
  ...
# Subtest: gun has player-facing role, effect, placement and numeric metrics
ok 79 - gun has player-facing role, effect, placement and numeric metrics
  ---
  duration_ms: 0.181504
  type: 'test'
  ...
# Subtest: mortar has player-facing role, effect, placement and numeric metrics
ok 80 - mortar has player-facing role, effect, placement and numeric metrics
  ---
  duration_ms: 0.105389
  type: 'test'
  ...
# Subtest: slow has player-facing role, effect, placement and numeric metrics
ok 81 - slow has player-facing role, effect, placement and numeric metrics
  ---
  duration_ms: 0.083646
  type: 'test'
  ...
# Subtest: relay has player-facing role, effect, placement and numeric metrics
ok 82 - relay has player-facing role, effect, placement and numeric metrics
  ---
  duration_ms: 78.144727
  type: 'test'
  ...
# Subtest: deployment UI shows origin, target, route and dispatch action
ok 83 - deployment UI shows origin, target, route and dispatch action
  ---
  duration_ms: 9.349736
  type: 'test'
  ...
# Subtest: combat renderer includes visible friendly squad markers
ok 84 - combat renderer includes visible friendly squad markers
  ---
  duration_ms: 82.635735
  type: 'test'
  ...
# Subtest: enemy types make different barrier decisions from break time and detour time
ok 85 - enemy types make different barrier decisions from break time and detour time
  ---
  duration_ms: 2.257375
  type: 'test'
  ...
# Subtest: balanced infantry breaches a weakened wall instead of taking a long detour
ok 86 - balanced infantry breaches a weakened wall instead of taking a long detour
  ---
  duration_ms: 1.522411
  type: 'test'
  ...
# Subtest: raider selects repair support before ordinary weapon towers
ok 87 - raider selects repair support before ordinary weapon towers
  ---
  duration_ms: 1.792023
  type: 'test'
  ...
# Subtest: rope cutter selects slowing equipment before repair support
ok 88 - rope cutter selects slowing equipment before repair support
  ---
  duration_ms: 0.495788
  type: 'test'
  ...
# Subtest: specialist damages its selected facility and invalidates shared targets when it is destroyed
ok 89 - specialist damages its selected facility and invalidates shared targets when it is destroyed
  ---
  duration_ms: 0.39739
  type: 'test'
  ...
# Subtest: a newly built priority facility requests rerouting without teleporting an enemy off its current road
ok 90 - a newly built priority facility requests rerouting without teleporting an enemy off its current road
  ---
  duration_ms: 1.302715
  type: 'test'
  ...
# Subtest: loaded source chunk materializes a persistent enemy-source site
ok 91 - loaded source chunk materializes a persistent enemy-source site
  ---
  duration_ms: 3.18548
  type: 'test'
  ...
# Subtest: player can clear an enemy source on site and stop future frontier waves
ok 92 - player can clear an enemy source on site and stop future frontier waves
  ---
  duration_ms: 2.658339
  type: 'test'
  ...
# Subtest: enemy source interaction requires proximity and a clear local area
ok 93 - enemy source interaction requires proximity and a clear local area
  ---
  duration_ms: 0.729521
  type: 'test'
  ...
# Subtest: loaded chunks are processed once for deterministic ambient discoveries
ok 94 - loaded chunks are processed once for deterministic ambient discoveries
  ---
  duration_ms: 0.707978
  type: 'test'
  ...
# Subtest: exploration renderer draws active sites with a minimal canvas context
ok 95 - exploration renderer draws active sites with a minimal canvas context
  ---
  duration_ms: 0.531692
  type: 'test'
  ...
# Subtest: deployment preview is non-destructive and dispatch spends the assault cost once
ok 96 - deployment preview is non-destructive and dispatch spends the assault cost once
  ---
  duration_ms: 2.861083
  type: 'test'
  ...
# Subtest: friendly squad stops to fight enemies and both sides exchange damage
ok 97 - friendly squad stops to fight enemies and both sides exchange damage
  ---
  duration_ms: 2.737357
  type: 'test'
  ...
# Subtest: squad destroys an enemy base, schedules respawn and returns to its origin
ok 98 - squad destroys an enemy base, schedules respawn and returns to its origin
  ---
  duration_ms: 76.987546
  type: 'test'
  ...
# Subtest: friendly squads survive JSON save and restore without exact base coordinates
ok 99 - friendly squads survive JSON save and restore without exact base coordinates
  ---
  duration_ms: 1.877731
  type: 'test'
  ...
# Subtest: remote friendly squads only advance when the dormant regional interval is due
ok 100 - remote friendly squads only advance when the dormant regional interval is due
  ---
  duration_ms: 3.304226
  type: 'test'
  ...
# Subtest: friendly order overlay draws selectable nodes, routes, destination and waypoints on a minimal canvas
ok 101 - friendly order overlay draws selectable nodes, routes, destination and waypoints on a minimal canvas
  ---
  duration_ms: 2.793496
  type: 'test'
  ...
# Subtest: combat UI exposes stop, retreat, withdraw, resume and two-waypoint route planning
ok 102 - combat UI exposes stop, retreat, withdraw, resume and two-waypoint route planning
  ---
  duration_ms: 84.357683
  type: 'test'
  ...
# Subtest: renderer places squad order guidance above combat and construction layers
ok 103 - renderer places squad order guidance above combat and construction layers
  ---
  duration_ms: 1.541308
  type: 'test'
  ...
# Subtest: stop holds a squad at its exact road position while retaining the mission
ok 104 - stop holds a squad at its exact road position while retaining the mission
  ---
  duration_ms: 3.606342
  type: 'test'
  ...
# Subtest: route command issued mid-edge preserves position and joins the chosen route at the next intersection
ok 105 - route command issued mid-edge preserves position and joins the chosen route at the next intersection
  ---
  duration_ms: 0.791764
  type: 'test'
  ...
# Subtest: retreat reaches the selected node, stops there, and keeps the original attack mission
ok 106 - retreat reaches the selected node, stops there, and keeps the original attack mission
  ---
  duration_ms: 1.304647
  type: 'test'
  ...
# Subtest: withdraw abandons the mission and removes the squad only after it reaches the origin
ok 107 - withdraw abandons the mission and removes the squad only after it reaches the origin
  ---
  duration_ms: 0.878785
  type: 'test'
  ...
# Subtest: stopping a retreat preserves the retreat destination for route-selected resume
ok 108 - stopping a retreat preserves the retreat destination for route-selected resume
  ---
  duration_ms: 76.842453
  type: 'test'
  ...
# Subtest: retreat validation rejects a node closer to the hostile base and accepts an owned base behind the squad
ok 109 - retreat validation rejects a node closer to the hostile base and accepts an owned base behind the squad
  ---
  duration_ms: 0.673034
  type: 'test'
  ...
# Subtest: route planner exposes distinct shortest, enemy-avoidance and friendly-support choices when the road graph allows them
ok 110 - route planner exposes distinct shortest, enemy-avoidance and friendly-support choices when the road graph allows them
  ---
  duration_ms: 2.008819
  type: 'test'
  ...
# Subtest: waypoints force every generated route through the selected intersections
ok 111 - waypoints force every generated route through the selected intersections
  ---
  duration_ms: 0.787056
  type: 'test'
  ...
# Subtest: retreating through a newly encountered enemy does not grant invulnerability
ok 112 - retreating through a newly encountered enemy does not grant invulnerability
  ---
  duration_ms: 106.114389
  type: 'test'
  ...
# Subtest: friendly orders, selected route and history survive save and restore
ok 113 - friendly orders, selected route and history survive save and restore
  ---
  duration_ms: 1.824751
  type: 'test'
  ...
# Subtest: a rejected withdraw route leaves the original mission untouched
ok 114 - a rejected withdraw route leaves the original mission untouched
  ---
  duration_ms: 0.325921
  type: 'test'
  ...
# Subtest: route orders reject paths whose edges do not connect the declared node sequence
ok 115 - route orders reject paths whose edges do not connect the declared node sequence
  ---
  duration_ms: 0.23181
  type: 'test'
  ...
# Subtest: route estimates include the remaining distance on the squad current road segment
ok 116 - route estimates include the remaining distance on the squad current road segment
  ---
  duration_ms: 0.335315
  type: 'test'
  ...
# Subtest: a map tap near a displayed route selects that route instead of becoming a waypoint
ok 117 - a map tap near a displayed route selects that route instead of becoming a waypoint
  ---
  duration_ms: 0.669119
  type: 'test'
  ...
# Subtest: dead-end roads at unexplored chunk borders become frontier candidates
ok 118 - dead-end roads at unexplored chunk borders become frontier candidates
  ---
  duration_ms: 1.861216
  type: 'test'
  ...
# Subtest: frontier source stays fixed while its entry point advances with map expansion
ok 119 - frontier source stays fixed while its entry point advances with map expansion
  ---
  duration_ms: 1.684635
  type: 'test'
  ...
# Subtest: frontier system launches enemies from a map-edge entry node
ok 120 - frontier system launches enemies from a map-edge entry node
  ---
  duration_ms: 81.595023
  type: 'test'
  ...
# Subtest: frontier identity is hidden until the signal is localized
ok 121 - frontier identity is hidden until the signal is localized
  ---
  duration_ms: 0.188334
  type: 'test'
  ...
# Subtest: frontier renderer tolerates a minimal canvas context
ok 122 - frontier renderer tolerates a minimal canvas context
  ---
  duration_ms: 1.670398
  type: 'test'
  ...
# Subtest: source module graph has no circular dependencies
ok 123 - source module graph has no circular dependencies
  ---
  duration_ms: 399.962743
  type: 'test'
  ...
# Subtest: twelve-hour simulation remains bounded, serializable and within enemy cap
ok 124 - twelve-hour simulation remains bounded, serializable and within enemy cap
  ---
  duration_ms: 1724.507734
  type: 'test'
  ...
# Subtest: same state and elapsed time produce the same offline game result
ok 125 - same state and elapsed time produce the same offline game result
  ---
  duration_ms: 426.295654
  type: 'test'
  ...
# Subtest: legacy save is converted once into the clean schema
ok 126 - legacy save is converted once into the clean schema
  ---
  duration_ms: 83.334059
  type: 'test'
  ...
# Subtest: offline simulation is bounded and reports the applied duration
ok 127 - offline simulation is bounded and reports the applied duration
  ---
  duration_ms: 0.996923
  type: 'test'
  ...
# Subtest: offline simulation advances the canonical world clock
ok 128 - offline simulation advances the canonical world clock
  ---
  duration_ms: 0.407034
  type: 'test'
  ...
# Subtest: default endpoints use current public global instances
ok 129 - default endpoints use current public global instances
  ---
  duration_ms: 1.661684
  type: 'test'
  ...
# Subtest: query filters road classes before download
ok 130 - query filters road classes before download
  ---
  duration_ms: 0.429758
  type: 'test'
  ...
# Subtest: JSONP URL contains encoded query and callback
ok 131 - JSONP URL contains encoded query and callback
  ---
  duration_ms: 0.441506
  type: 'test'
  ...
# Subtest: browser JSONP resolves payload and cleans callback
ok 132 - browser JSONP resolves payload and cleans callback
  ---
  duration_ms: 0.773696
  type: 'test'
  ...
# Subtest: browser mode prefers JSONP and does not call fetch after success
ok 133 - browser mode prefers JSONP and does not call fetch after success
  ---
  duration_ms: 0.536399
  type: 'test'
  ...
# Subtest: JSONP failure falls back to official minimal POST request
ok 134 - JSONP failure falls back to official minimal POST request
  ---
  duration_ms: 0.790102
  type: 'test'
  ...
# Subtest: failed endpoint falls back to the next endpoint
ok 135 - failed endpoint falls back to the next endpoint
  ---
  duration_ms: 0.423138
  type: 'test'
  ...
# Subtest: all failures include endpoint and transport diagnostics
ok 136 - all failures include endpoint and transport diagnostics
  ---
  duration_ms: 0.959727
  type: 'test'
  ...
# Subtest: caller abort stops attempts immediately
ok 137 - caller abort stops attempts immediately
  ---
  duration_ms: 0.718373
  type: 'test'
  ...
# Subtest: development client can disable JSONP and use the injected fetch directly
ok 138 - development client can disable JSONP and use the injected fetch directly
  ---
  duration_ms: 2.186717
  type: 'test'
  ...
# Subtest: balanced profile limits simulation, rendering and DPR
ok 139 - balanced profile limits simulation, rendering and DPR
  ---
  duration_ms: 0.653034
  type: 'test'
  ...
# Subtest: game loop decouples simulation, civilization and rendering rates
ok 140 - game loop decouples simulation, civilization and rendering rates
  ---
  duration_ms: 0.626765
  type: 'test'
  ...
# Subtest: combat spatial index returns only nearby active enemies
ok 141 - combat spatial index returns only nearby active enemies
  ---
  duration_ms: 0.890051
  type: 'test'
  ...
# Subtest: renderer caches static radar and road layers between frames
ok 142 - renderer caches static radar and road layers between frames
  ---
  duration_ms: 82.652812
  type: 'test'
  ...
# Subtest: tactical route choices use spatial snapshots instead of rescanning every enemy and defense per road edge
ok 143 - tactical route choices use spatial snapshots instead of rescanning every enemy and defense per road edge
  ---
  duration_ms: 512.233112
  type: 'test'
  ...
# Subtest: civilization level increases the active player-base limit by one
ok 144 - civilization level increases the active player-base limit by one
  ---
  duration_ms: 0.857273
  type: 'test'
  ...
# Subtest: base placement requires an unlocked slot, fresh position, nearby road and minimum separation
ok 145 - base placement requires an unlocked slot, fresh position, nearby road and minimum separation
  ---
  duration_ms: 84.262269
  type: 'test'
  ...
# Subtest: establishing a base adds a remote construction and simulation anchor
ok 146 - establishing a base adds a remote construction and simulation anchor
  ---
  duration_ms: 1.379129
  type: 'test'
  ...
# Subtest: secondary bases survive save and restore without retaining exact location fields
ok 147 - secondary bases survive save and restore without retaining exact location fields
  ---
  duration_ms: 2.047772
  type: 'test'
  ...
# Subtest: civilization projects require cumulative artifacts recovered in the field
ok 148 - civilization projects require cumulative artifacts recovered in the field
  ---
  duration_ms: 1.360472
  type: 'test'
  ...
# Subtest: PWA registers the current service worker on HTTPS
ok 149 - PWA registers the current service worker on HTTPS
  ---
  duration_ms: 1.33328
  type: 'test'
  ...
# Subtest: PWA is skipped for an allowed development fixture
ok 150 - PWA is skipped for an allowed development fixture
  ---
  duration_ms: 0.342476
  type: 'test'
  ...
# Subtest: public devFixture query does not disable production PWA registration
ok 151 - public devFixture query does not disable production PWA registration
  ---
  duration_ms: 81.507206
  type: 'test'
  ...
# Subtest: PWA registration failure does not stop the game
ok 152 - PWA registration failure does not stop the game
  ---
  duration_ms: 0.334755
  type: 'test'
  ...
# Subtest: radar renderer is integrated without changing the map input owner
ok 153 - radar renderer is integrated without changing the map input owner
  ---
  duration_ms: 88.766646
  type: 'test'
  ...
# Subtest: radar theme exposes tactical palette and mobile layout rules
ok 154 - radar theme exposes tactical palette and mobile layout rules
  ---
  duration_ms: 2.289647
  type: 'test'
  ...
# Subtest: combat and road renderers use radar glyphs and glow rather than emoji labels
ok 155 - combat and road renderers use radar glyphs and glow rather than emoji labels
  ---
  duration_ms: 6.082295
  type: 'test'
  ...
# Subtest: radar canvas layers render with a minimal canvas context
ok 156 - radar canvas layers render with a minimal canvas context
  ---
  duration_ms: 3.298613
  type: 'test'
  ...
# Subtest: playing footer stays clear of the combat toolbar
ok 157 - playing footer stays clear of the combat toolbar
  ---
  duration_ms: 1.958032
  type: 'test'
  ...
# Subtest: radar preferences apply defaults and cycle without game state
ok 158 - radar preferences apply defaults and cycle without game state
  ---
  duration_ms: 1.142042
  type: 'test'
  ...
# Subtest: bootstrap imports RadarPreferences before constructing it
ok 159 - bootstrap imports RadarPreferences before constructing it
  ---
  duration_ms: 6.99463
  type: 'test'
  ...
# Subtest: touch devices default to the power-saving radar profile
ok 160 - touch devices default to the power-saving radar profile
  ---
  duration_ms: 0.283688
  type: 'test'
  ...
# Subtest: destroying an enemy base creates one persistent recovery item at the destroyed base
ok 161 - destroying an enemy base creates one persistent recovery item at the destroyed base
  ---
  duration_ms: 1.902243
  type: 'test'
  ...
# Subtest: recovery requires the player to be within the physical collection range
ok 162 - recovery requires the player to be within the physical collection range
  ---
  duration_ms: 0.6041
  type: 'test'
  ...
# Subtest: recovery rejects stale or inaccurate geolocation even at the item position
ok 163 - recovery rejects stale or inaccurate geolocation even at the item position
  ---
  duration_ms: 0.257178
  type: 'test'
  ...
# Subtest: manual collection requires five seconds in range, grants once and removes the recovered item
ok 164 - manual collection requires five seconds in range, grants once and removes the recovered item
  ---
  duration_ms: 4.200913
  type: 'test'
  ...
# Subtest: leaving the collection radius cancels progress without removing the item
ok 165 - leaving the collection radius cancels progress without removing the item
  ---
  duration_ms: 0.488967
  type: 'test'
  ...
# Subtest: uncollected recovery items survive save and restore while live location freshness does not
ok 166 - uncollected recovery items survive save and restore while live location freshness does not
  ---
  duration_ms: 1.428013
  type: 'test'
  ...
# Subtest: refactor schema 1 scrap is migrated into canonical resources
ok 167 - refactor schema 1 scrap is migrated into canonical resources
  ---
  duration_ms: 2.515643
  type: 'test'
  ...
# Subtest: world chunks use deterministic grid ids and reversible centers
ok 168 - world chunks use deterministic grid ids and reversible centers
  ---
  duration_ms: 1.566016
  type: 'test'
  ...
# Subtest: initial chunk state only marks chunks fully covered by the initial acquisition
ok 169 - initial chunk state only marks chunks fully covered by the initial acquisition
  ---
  duration_ms: 0.41067
  type: 'test'
  ...
# Subtest: graph merge preserves existing ids, joins nearby endpoints and removes duplicate edges
ok 170 - graph merge preserves existing ids, joins nearby endpoints and removes duplicate edges
  ---
  duration_ms: 1.314291
  type: 'test'
  ...
# Subtest: chunk cache isolates worlds and can remove one world
ok 171 - chunk cache isolates worlds and can remove one world
  ---
  duration_ms: 0.428266
  type: 'test'
  ...
# Subtest: RoadService chunk acquisition projects roads into the original world coordinate system
ok 172 - RoadService chunk acquisition projects roads into the original world coordinate system
  ---
  duration_ms: 88.878688
  type: 'test'
  ...
# Subtest: parallel carriageways with the same identity collapse into one gameplay road
ok 173 - parallel carriageways with the same identity collapse into one gameplay road
  ---
  duration_ms: 80.778547
  type: 'test'
  ...
# Subtest: nearby roads with different names remain separate
ok 174 - nearby roads with different names remain separate
  ---
  duration_ms: 0.254564
  type: 'test'
  ...
# Subtest: clustered intersections build a connected graph and combat route
ok 175 - clustered intersections build a connected graph and combat route
  ---
  duration_ms: 2.960898
  type: 'test'
  ...
# Subtest: one RoadService load performs one acquisition and produces indexed graph data
ok 176 - one RoadService load performs one acquisition and produces indexed graph data
  ---
  duration_ms: 18.343219
  type: 'test'
  ...
# Subtest: chunk prefetch only includes crossed or nearby grid edges
ok 177 - chunk prefetch only includes crossed or nearby grid edges
  ---
  duration_ms: 1.588375
  type: 'test'
  ...
# Subtest: manager merges a new chunk, records it and persists a compact cache entry
ok 178 - manager merges a new chunk, records it and persists a compact cache entry
  ---
  duration_ms: 3.474438
  type: 'test'
  ...
# Subtest: manager loads a cached chunk without calling the road server
ok 179 - manager loads a cached chunk without calling the road server
  ---
  duration_ms: 0.977804
  type: 'test'
  ...
# Subtest: failed acquisitions are cooled down instead of queued on every position update
ok 180 - failed acquisitions are cooled down instead of queued on every position update
  ---
  duration_ms: 1.726152
  type: 'test'
  ...
# Subtest: chunk centers remain based on the original world center
ok 181 - chunk centers remain based on the original world center
  ---
  duration_ms: 0.188584
  type: 'test'
  ...
# Subtest: save data remains JSON and graph indexes are reconstructed after load
ok 182 - save data remains JSON and graph indexes are reconstructed after load
  ---
  duration_ms: 2.526779
  type: 'test'
  ...
# Subtest: v0.19 object-form road graphs remain loadable after compact saves are introduced
ok 183 - v0.19 object-form road graphs remain loadable after compact saves are introduced
  ---
  duration_ms: 0.333693
  type: 'test'
  ...
# Subtest: lifecycle follows the new startup sequence
ok 184 - lifecycle follows the new startup sequence
  ---
  duration_ms: 3.041811
  type: 'test'
  ...
# Subtest: invalid transition is rejected
ok 185 - invalid transition is rejected
  ---
  duration_ms: 0.553214
  type: 'test'
  ...
# Subtest: state snapshots cannot mutate the store
ok 186 - state snapshots cannot mutate the store
  ---
  duration_ms: 0.343137
  type: 'test'
  ...
# Subtest: source contains no legacy function override pattern or duplicate fetchRoadGraph
ok 187 - source contains no legacy function override pattern or duplicate fetchRoadGraph
  ---
  duration_ms: 222.398684
  type: 'test'
  ...
# Subtest: repair relay remains available as a build tool
ok 188 - repair relay remains available as a build tool
  ---
  duration_ms: 65.890823
  type: 'test'
  ...
# Subtest: only one tab owns the synchronous storage lease
ok 189 - only one tab owns the synchronous storage lease
  ---
  duration_ms: 0.913687
  type: 'test'
  ...
# Subtest: broadcast fallback elects one primary tab when storage is unavailable
ok 190 - broadcast fallback elects one primary tab when storage is unavailable
  ---
  duration_ms: 0.753055
  type: 'test'
  ...
# Subtest: remaining route distance accounts for current edge progress
ok 191 - remaining route distance accounts for current edge progress
  ---
  duration_ms: 0.981114
  type: 'test'
  ...
# Subtest: threat level escalates from contact to critical
ok 192 - threat level escalates from contact to critical
  ---
  duration_ms: 0.35833
  type: 'test'
  ...
# Subtest: clear threat reports stable defense line
ok 193 - clear threat reports stable defense line
  ---
  duration_ms: 0.187012
  type: 'test'
  ...
# Subtest: tactical routes and focus render with a minimal canvas context
ok 194 - tactical routes and focus render with a minimal canvas context
  ---
  duration_ms: 6.54001
  type: 'test'
  ...
# Subtest: selected enemy base no longer renders a misleading player capture radius
ok 195 - selected enemy base no longer renders a misleading player capture radius
  ---
  duration_ms: 0.449358
  type: 'test'
  ...
# Subtest: HUD and modal CSS do not use unreadably small explicit type
ok 196 - HUD and modal CSS do not use unreadably small explicit type
  ---
  duration_ms: 5.894827
  type: 'test'
  ...
# Subtest: Canvas labels retain a readable minimum without changing world scale
ok 197 - Canvas labels retain a readable minimum without changing world scale
  ---
  duration_ms: 3.551985
  type: 'test'
  ...
# Subtest: larger tool labels receive matching control height and context clearance
ok 198 - larger tool labels receive matching control height and context clearance
  ---
  duration_ms: 2.907919
  type: 'test'
  ...
# Subtest: a fully destroyed wave increments perfect defense streak exactly once
ok 199 - a fully destroyed wave increments perfect defense streak exactly once
  ---
  duration_ms: 4.15908
  type: 'test'
  ...
# Subtest: civilization level creates resource bases without duplicating them
ok 200 - civilization level creates resource bases without duplicating them
  ---
  duration_ms: 1.059648
  type: 'test'
  ...
# Subtest: initial base placement excludes civilization resource bases
ok 201 - initial base placement excludes civilization resource bases
  ---
  duration_ms: 12.07883
  type: 'test'
  ...
# Subtest: destroyed base waits for its respawn timer and then reappears elsewhere
ok 202 - destroyed base waits for its respawn timer and then reappears elsewhere
  ---
  duration_ms: 0.787477
  type: 'test'
  ...
# Subtest: region activity follows the nearest city or player anchor
ok 203 - region activity follows the nearest city or player anchor
  ---
  duration_ms: 2.129099
  type: 'test'
  ...
# Subtest: regional clocks only release peripheral and dormant simulation at their intervals
ok 204 - regional clocks only release peripheral and dormant simulation at their intervals
  ---
  duration_ms: 0.857363
  type: 'test'
  ...
# Subtest: dormant enemies and facilities advance only when the remote interval is due
ok 205 - dormant enemies and facilities advance only when the remote interval is due
  ---
  duration_ms: 3.54876
  type: 'test'
  ...
# Subtest: road graph spatial index excludes distant roads from local queries
ok 206 - road graph spatial index excludes distant roads from local queries
  ---
  duration_ms: 1.019737
  type: 'test'
  ...
# Subtest: expanded road graphs use compact save encoding and restore gameplay fields
ok 207 - expanded road graphs use compact save encoding and restore gameplay fields
  ---
  duration_ms: 4.063766
  type: 'test'
  ...
1..207
# tests 207
# suites 0
# pass 207
# fail 0
# cancelled 0
# skipped 0
# todo 0
# duration_ms 3648.38505
