
> frontline-roads-refactor@0.32.11 verify
> npm run syntax && npm test


> frontline-roads-refactor@0.32.11 syntax
> find src tests -name '*.js' -print0 | xargs -0 -n1 node --check && node --check sw.js


> frontline-roads-refactor@0.32.11 test
> node --test

TAP version 13
# Subtest: HTML references only existing local app resources and required controls exist
ok 1 - HTML references only existing local app resources and required controls exist
  ---
  duration_ms: 9.777776
  type: 'test'
  ...
# Subtest: every required DOM id used by bootstrap exists in HTML
ok 2 - every required DOM id used by bootstrap exists in HTML
  ---
  duration_ms: 4.668283
  type: 'test'
  ...
# Subtest: service worker app shell contains every runtime source file and all paths exist
ok 3 - service worker app shell contains every runtime source file and all paths exist
  ---
  duration_ms: 100.211137
  type: 'test'
  ...
# Subtest: development tree has no premature single-HTML build output
ok 4 - development tree has no premature single-HTML build output
  ---
  duration_ms: 1.609239
  type: 'test'
  ...
# Subtest: service worker only deletes FRONTLINE ROADS caches
ok 5 - service worker only deletes FRONTLINE ROADS caches
  ---
  duration_ms: 1.571835
  type: 'test'
  ...
# Subtest: service worker falls back to HTML only for navigation requests
ok 6 - service worker falls back to HTML only for navigation requests
  ---
  duration_ms: 78.541151
  type: 'test'
  ...
# Subtest: release version is synchronized across package, runtime label, HTML loader and service-worker cache
ok 7 - release version is synchronized across package, runtime label, HTML loader and service-worker cache
  ---
  duration_ms: 4.519249
  type: 'test'
  ...
# Subtest: asset startup does not delete caches or unregister service workers before boot
ok 8 - asset startup does not delete caches or unregister service workers before boot
  ---
  duration_ms: 1.768904
  type: 'test'
  ...
# Subtest: GitHub Pages package includes no-Jekyll markers and synchronized root and legacy redirects
ok 9 - GitHub Pages package includes no-Jekyll markers and synchronized root and legacy redirects
  ---
  duration_ms: 3.521695
  type: 'test'
  ...
# Subtest: obsolete top alert frame is absent from the play HUD
ok 10 - obsolete top alert frame is absent from the play HUD
  ---
  duration_ms: 3.453986
  type: 'test'
  ...
# Subtest: storage denial is detected without crashing construction
ok 11 - storage denial is detected without crashing construction
  ---
  duration_ms: 1.151475
  type: 'test'
  ...
# Subtest: invalid shallow save is quarantined instead of bricking startup
ok 12 - invalid shallow save is quarantined instead of bricking startup
  ---
  duration_ms: 1.701821
  type: 'test'
  ...
# Subtest: saved game removes exact position history and rounds map origin
ok 13 - saved game removes exact position history and rounds map origin
  ---
  duration_ms: 82.797243
  type: 'test'
  ...
# Subtest: state validation rejects malformed saved road graph
ok 14 - state validation rejects malformed saved road graph
  ---
  duration_ms: 0.325299
  type: 'test'
  ...
# Subtest: stone gate conversion cannot be used before civilization level 2
ok 15 - stone gate conversion cannot be used before civilization level 2
  ---
  duration_ms: 0.727321
  type: 'test'
  ...
# Subtest: path invalidation waits for the current edge instead of teleporting backward
ok 16 - path invalidation waits for the current edge instead of teleporting backward
  ---
  duration_ms: 1.31138
  type: 'test'
  ...
# Subtest: grade-separated endpoints are not merged into one intersection
ok 17 - grade-separated endpoints are not merged into one intersection
  ---
  duration_ms: 0.992551
  type: 'test'
  ...
# Subtest: long OSM geometry is subdivided rather than discarded
ok 18 - long OSM geometry is subdivided rather than discarded
  ---
  duration_ms: 2.192433
  type: 'test'
  ...
# Subtest: complete reset clears current, legacy, and backup save keys
ok 19 - complete reset clears current, legacy, and backup save keys
  ---
  duration_ms: 0.511072
  type: 'test'
  ...
# Subtest: production source only enables dev fixture on local or explicit test origins
ok 20 - production source only enables dev fixture on local or explicit test origins
  ---
  duration_ms: 92.211178
  type: 'test'
  ...
# Subtest: road loading keeps injected fetch and isolates the script fallback in an opaque sandbox
ok 21 - road loading keeps injected fetch and isolates the script fallback in an opaque sandbox
  ---
  duration_ms: 3.445212
  type: 'test'
  ...
# Subtest: tier-zero area and slow defenses use the approved restrained values
ok 22 - tier-zero area and slow defenses use the approved restrained values
  ---
  duration_ms: 1.443936
  type: 'test'
  ...
# Subtest: area defense applies full damage to one target, reduced splash and a hard target cap
ok 23 - area defense applies full damage to one target, reduced splash and a hard target cap
  ---
  duration_ms: 1.565555
  type: 'test'
  ...
# Subtest: slow defense affects only the nearest approved number of targets
ok 24 - slow defense affects only the nearest approved number of targets
  ---
  duration_ms: 0.508739
  type: 'test'
  ...
# Subtest: enemy base growth follows age thresholds and civilization caps
ok 25 - enemy base growth follows age thresholds and civilization caps
  ---
  duration_ms: 0.27813
  type: 'test'
  ...
# Subtest: enemy level multipliers scale durability, attack and speed without runaway speed growth
ok 26 - enemy level multipliers scale durability, attack and speed without runaway speed growth
  ---
  duration_ms: 0.259552
  type: 'test'
  ...
# Subtest: spawned enemies retain the source base level and scaled HP for their lifetime
ok 27 - spawned enemies retain the source base level and scaled HP for their lifetime
  ---
  duration_ms: 0.499426
  type: 'test'
  ...
# Subtest: enemy base levels add exactly one unit per level
ok 28 - enemy base levels add exactly one unit per level
  ---
  duration_ms: 0.612492
  type: 'test'
  ...
# Subtest: new civilization enemy generations phase in at 15, 30, 45 and 60 minutes
ok 29 - new civilization enemy generations phase in at 15, 30, 45 and 60 minutes
  ---
  duration_ms: 0.241626
  type: 'test'
  ...
# Subtest: higher enemy base levels increase pressure gradually rather than all at once
ok 30 - higher enemy base levels increase pressure gradually rather than all at once
  ---
  duration_ms: 0.346701
  type: 'test'
  ...
# Subtest: a level-two mixed wave now reaches a city defended only by tier-zero area and slow facilities
ok 31 - a level-two mixed wave now reaches a city defended only by tier-zero area and slow facilities
  ---
  duration_ms: 94.831622
  type: 'test'
  ...
# Subtest: a heavier level-two formation creates meaningful pressure without instantly defeating the city
ok 32 - a heavier level-two formation creates meaningful pressure without instantly defeating the city
  ---
  duration_ms: 96.915784
  type: 'test'
  ...
# Subtest: enemy base level increases emit one visible threat notification
ok 33 - enemy base level increases emit one visible threat notification
  ---
  duration_ms: 1.296298
  type: 'test'
  ...
# Subtest: enemy individual level and scaled HP survive save and restore
ok 34 - enemy individual level and scaled HP survive save and restore
  ---
  duration_ms: 193.094099
  type: 'test'
  ...
# Subtest: a new civilization generation keeps the previous generation during its opening grace window
ok 35 - a new civilization generation keeps the previous generation during its opening grace window
  ---
  duration_ms: 1.733517
  type: 'test'
  ...
# Subtest: enemy system applies the spawned enemy level to movement and city damage
ok 36 - enemy system applies the spawned enemy level to movement and city damage
  ---
  duration_ms: 0.443803
  type: 'test'
  ...
# Subtest: base command panel summarizes remote threats, facilities, squads and recoveries
ok 37 - base command panel summarizes remote threats, facilities, squads and recoveries
  ---
  duration_ms: 2.314017
  type: 'test'
  ...
# Subtest: base command UI lists all bases and switches the map camera without moving the player
ok 38 - base command UI lists all bases and switches the map camera without moving the player
  ---
  duration_ms: 1.713373
  type: 'test'
  ...
# Subtest: base command UI establishes an unlocked base at the current road position
ok 39 - base command UI establishes an unlocked base at the current road position
  ---
  duration_ms: 1.465133
  type: 'test'
  ...
# Subtest: combat renderer includes a distinct marker for secondary player bases
ok 40 - combat renderer includes a distinct marker for secondary player bases
  ---
  duration_ms: 88.446225
  type: 'test'
  ...
# Subtest: base command UI lists simple bases separately and can focus or rebuild a destroyed one
ok 41 - base command UI lists simple bases separately and can focus or rebuild a destroyed one
  ---
  duration_ms: 2.504357
  type: 'test'
  ...
# Subtest: combat renderer includes a distinct marker for simple bases and ruins
ok 42 - combat renderer includes a distinct marker for simple bases and ruins
  ---
  duration_ms: 4.237805
  type: 'test'
  ...
# Subtest: selection snaps to the existing graph and creates a base without refetching
ok 43 - selection snaps to the existing graph and creates a base without refetching
  ---
  duration_ms: 1.952895
  type: 'test'
  ...
# Subtest: a tap outside the road tolerance is rejected
ok 44 - a tap outside the road tolerance is rejected
  ---
  duration_ms: 0.181918
  type: 'test'
  ...
# Subtest: base placement uses a dedicated map viewport instead of drawing behind controls
ok 45 - base placement uses a dedicated map viewport instead of drawing behind controls
  ---
  duration_ms: 8.222026
  type: 'test'
  ...
# Subtest: base placement screen keeps the canvas clip synchronized with the viewport
ok 46 - base placement screen keeps the canvas clip synchronized with the viewport
  ---
  duration_ms: 4.252066
  type: 'test'
  ...
# Subtest: renderer switches to a brighter static scene for base selection
ok 47 - renderer switches to a brighter static scene for base selection
  ---
  duration_ms: 3.607552
  type: 'test'
  ...
# Subtest: startup quarantines only validation failures and isolates optional cache restoration
ok 48 - startup quarantines only validation failures and isolates optional cache restoration
  ---
  duration_ms: 1.057597
  type: 'test'
  ...
# Subtest: offline restoration has an explicit rollback boundary and UI failure preserves the save
ok 49 - offline restoration has an explicit rollback boundary and UI failure preserves the save
  ---
  duration_ms: 0.330617
  type: 'test'
  ...
# Subtest: complete reset cancels road-world requests before deleting cached world data
ok 50 - complete reset cancels road-world requests before deleting cached world data
  ---
  duration_ms: 0.252151
  type: 'test'
  ...
# Subtest: barrier highlighting is clipped to the build-radius portion of a road
ok 51 - barrier highlighting is clipped to the build-radius portion of a road
  ---
  duration_ms: 1.621292
  type: 'test'
  ...
# Subtest: build placement overlay draws valid sites, build radius and candidate effect radius
ok 52 - build placement overlay draws valid sites, build radius and candidate effect radius
  ---
  duration_ms: 1.022445
  type: 'test'
  ...
# Subtest: barrier overlay tolerates a minimal canvas implementation
ok 53 - barrier overlay tolerates a minimal canvas implementation
  ---
  duration_ms: 0.416594
  type: 'test'
  ...
# Subtest: renderer draws construction guidance after combat effects so candidates stay visible
ok 54 - renderer draws construction guidance after combat effects so candidates stay visible
  ---
  duration_ms: 84.984738
  type: 'test'
  ...
# Subtest: existing facilities do not expand construction beyond bases and the player
ok 55 - existing facilities do not expand construction beyond bases and the player
  ---
  duration_ms: 2.791089
  type: 'test'
  ...
# Subtest: previewing a candidate does not consume resources or create a defense
ok 56 - previewing a candidate does not consume resources or create a defense
  ---
  duration_ms: 0.778797
  type: 'test'
  ...
# Subtest: a confirmed candidate consumes resources exactly once and creates the selected defense
ok 57 - a confirmed candidate consumes resources exactly once and creates the selected defense
  ---
  duration_ms: 77.44275
  type: 'test'
  ...
# Subtest: a stale candidate is rejected without spending resources
ok 58 - a stale candidate is rejected without spending resources
  ---
  duration_ms: 0.629717
  type: 'test'
  ...
# Subtest: candidate confirmation rechecks resources that changed after preview
ok 59 - candidate confirmation rechecks resources that changed after preview
  ---
  duration_ms: 0.666031
  type: 'test'
  ...
# Subtest: barrier candidates retain the tapped road position and reject out-of-range points
ok 60 - barrier candidates retain the tapped road position and reject out-of-range points
  ---
  duration_ms: 3.513668
  type: 'test'
  ...
# Subtest: a removed destroyed placement is immediately available for replacement construction
ok 61 - a removed destroyed placement is immediately available for replacement construction
  ---
  duration_ms: 0.996217
  type: 'test'
  ...
# Subtest: preview skips an occupied nearest intersection when another valid intersection is within the tap tolerance
ok 62 - preview skips an occupied nearest intersection when another valid intersection is within the tap tolerance
  ---
  duration_ms: 0.416172
  type: 'test'
  ...
# Subtest: preview skips an occupied nearest road when another valid road is within the tap tolerance
ok 63 - preview skips an occupied nearest road when another valid road is within the tap tolerance
  ---
  duration_ms: 1.100555
  type: 'test'
  ...
# Subtest: player position creates a second build zone away from the home base
ok 64 - player position creates a second build zone away from the home base
  ---
  duration_ms: 0.677818
  type: 'test'
  ...
# Subtest: a current-location candidate is rejected if the player leaves its build zone before confirmation
ok 65 - a current-location candidate is rejected if the player leaves its build zone before confirmation
  ---
  duration_ms: 0.42788
  type: 'test'
  ...
# Subtest: overlapping home-base and player positions are represented as one build zone
ok 66 - overlapping home-base and player positions are represented as one build zone
  ---
  duration_ms: 0.207125
  type: 'test'
  ...
# Subtest: a remote facility stays outside the build zone until the player physically reaches it
ok 67 - a remote facility stays outside the build zone until the player physically reaches it
  ---
  duration_ms: 0.248767
  type: 'test'
  ...
# Subtest: removing a defense reopens its placement and invalidates enemy routes
ok 68 - removing a defense reopens its placement and invalidates enemy routes
  ---
  duration_ms: 0.299691
  type: 'test'
  ...
# Subtest: removing an unknown defense does not mutate the state
ok 69 - removing an unknown defense does not mutate the state
  ---
  duration_ms: 0.13584
  type: 'test'
  ...
# Subtest: inventory has one canonical resource store and preserves overflow
ok 70 - inventory has one canonical resource store and preserves overflow
  ---
  duration_ms: 2.927388
  type: 'test'
  ...
# Subtest: production reserves inputs once and completes through the civilization update
ok 71 - production reserves inputs once and completes through the civilization update
  ---
  duration_ms: 1.900648
  type: 'test'
  ...
# Subtest: removed resource outpost subsystem is absent from civilization runtime
ok 72 - removed resource outpost subsystem is absent from civilization runtime
  ---
  duration_ms: 0.144923
  type: 'test'
  ...
# Subtest: settlement damage removes a destroyed building and its production queue
ok 73 - settlement damage removes a destroyed building and its production queue
  ---
  duration_ms: 1.177128
  type: 'test'
  ...
# Subtest: production overflow stays in the building buffer until collection
ok 74 - production overflow stays in the building buffer until collection
  ---
  duration_ms: 81.119493
  type: 'test'
  ...
# Subtest: every civilization project uses implemented requirements and fits the unlocked settlement slots
ok 75 - every civilization project uses implemented requirements and fits the unlocked settlement slots
  ---
  duration_ms: 0.520486
  type: 'test'
  ...
# Subtest: city defeat payment preserves the repair reserve and may pay only the safe surplus
ok 76 - city defeat payment preserves the repair reserve and may pay only the safe surplus
  ---
  duration_ms: 3.226038
  type: 'test'
  ...
# Subtest: enemy regroup deadlines extend but never shorten an existing recovery window
ok 77 - enemy regroup deadlines extend but never shorten an existing recovery window
  ---
  duration_ms: 0.448631
  type: 'test'
  ...
# Subtest: enemy bases pause their launch clock during regroup and resume afterward
ok 78 - enemy bases pause their launch clock during regroup and resume afterward
  ---
  duration_ms: 0.961916
  type: 'test'
  ...
# Subtest: damaged tower repair keeps the fifty-five percent material rate
ok 79 - damaged tower repair keeps the fifty-five percent material rate
  ---
  duration_ms: 0.601185
  type: 'test'
  ...
# Subtest: dedicated barrier repair costs remain unchanged
ok 80 - dedicated barrier repair costs remain unchanged
  ---
  duration_ms: 0.251591
  type: 'test'
  ...
# Subtest: regroup timing produces the same result in active and offline progression
ok 81 - regroup timing produces the same result in active and offline progression
  ---
  duration_ms: 79.898531
  type: 'test'
  ...
# Subtest: map tap only selects a build candidate and confirmation performs the mutation
ok 82 - map tap only selects a build candidate and confirmation performs the mutation
  ---
  duration_ms: 294.820871
  type: 'test'
  ...
# Subtest: combat UI no longer calls immediate buildAt from map taps
ok 83 - combat UI no longer calls immediate buildAt from map taps
  ---
  duration_ms: 4.688631
  type: 'test'
  ...
# Subtest: an invalid second tap clears the previous candidate to prevent confirming the wrong location
ok 84 - an invalid second tap clears the previous candidate to prevent confirming the wrong location
  ---
  duration_ms: 1.228208
  type: 'test'
  ...
# Subtest: build confirmation is disabled while the selected facility is unaffordable
ok 85 - build confirmation is disabled while the selected facility is unaffordable
  ---
  duration_ms: 1.009766
  type: 'test'
  ...
# Subtest: context explanations are collapsed by default and metrics remain visible
ok 86 - context explanations are collapsed by default and metrics remain visible
  ---
  duration_ms: 0.681543
  type: 'test'
  ...
# Subtest: an opened context explanation remains open after the live HUD rerenders
ok 87 - an opened context explanation remains open after the live HUD rerenders
  ---
  duration_ms: 0.788861
  type: 'test'
  ...
# Subtest: context metrics use a fixed three-column grid to reduce panel height
ok 88 - context metrics use a fixed three-column grid to reduce panel height
  ---
  duration_ms: 3.143948
  type: 'test'
  ...
# Subtest: defense removal requires a second confirmation and then clears the selected facility
ok 89 - defense removal requires a second confirmation and then clears the selected facility
  ---
  duration_ms: 1.560076
  type: 'test'
  ...
# Subtest: tapping the selected facility again closes the compact context panel
ok 90 - tapping the selected facility again closes the compact context panel
  ---
  duration_ms: 1.092048
  type: 'test'
  ...
# Subtest: combat effect buffer is capped and prunes expired effects
ok 91 - combat effect buffer is capped and prunes expired effects
  ---
  duration_ms: 0.676286
  type: 'test'
  ...
# Subtest: event bus creates transient shot and city warning effects
ok 92 - event bus creates transient shot and city warning effects
  ---
  duration_ms: 82.948314
  type: 'test'
  ...
# Subtest: manual defense upgrade events create a visible pulse
ok 93 - manual defense upgrade events create a visible pulse
  ---
  duration_ms: 0.343996
  type: 'test'
  ...
# Subtest: barrier changes weighted enemy route without creating another graph
ok 94 - barrier changes weighted enemy route without creating another graph
  ---
  duration_ms: 2.788635
  type: 'test'
  ...
# Subtest: enemy position follows path direction rather than edge storage direction
ok 95 - enemy position follows path direction rather than edge storage direction
  ---
  duration_ms: 1.022465
  type: 'test'
  ...
# Subtest: build range is measured from established home base
ok 96 - build range is measured from established home base
  ---
  duration_ms: 2.026182
  type: 'test'
  ...
# Subtest: gun tower damages an enemy in range
ok 97 - gun tower damages an enemy in range
  ---
  duration_ms: 1.593796
  type: 'test'
  ...
# Subtest: enemy reaching the city deals damage and is removed
ok 98 - enemy reaching the city deals damage and is removed
  ---
  duration_ms: 1.350067
  type: 'test'
  ...
# Subtest: repair relay consumes resources and repairs only the most damaged target
ok 99 - repair relay consumes resources and repairs only the most damaged target
  ---
  duration_ms: 0.773288
  type: 'test'
  ...
# Subtest: city recovers after a quiet period and a large update only heals post-cooldown time
ok 100 - city recovers after a quiet period and a large update only heals post-cooldown time
  ---
  duration_ms: 193.370964
  type: 'test'
  ...
# Subtest: city defeat never creates negative resources and reports unpaid emergency recovery honestly
ok 101 - city defeat never creates negative resources and reports unpaid emergency recovery honestly
  ---
  duration_ms: 9.044653
  type: 'test'
  ...
# Subtest: civilization level raises major and field base squad capacity
ok 102 - civilization level raises major and field base squad capacity
  ---
  duration_ms: 1.78659
  type: 'test'
  ...
# Subtest: one major base can dispatch several squads until its civilization capacity is full
ok 103 - one major base can dispatch several squads until its civilization capacity is full
  ---
  duration_ms: 2.749232
  type: 'test'
  ...
# Subtest: recovering squads occupy only their own slot and do not block other free slots
ok 104 - recovering squads occupy only their own slot and do not block other free slots
  ---
  duration_ms: 0.929487
  type: 'test'
  ...
# Subtest: field bases also support multiple light squads according to civilization level
ok 105 - field bases also support multiple light squads according to civilization level
  ---
  duration_ms: 1.06709
  type: 'test'
  ...
# Subtest: every settlement building has a concise gameplay description
ok 106 - every settlement building has a concise gameplay description
  ---
  duration_ms: 0.411796
  type: 'test'
  ...
# Subtest: default resource HUD renders every owned resource as an independent chip
ok 107 - default resource HUD renders every owned resource as an independent chip
  ---
  duration_ms: 0.757105
  type: 'test'
  ...
# Subtest: resource HUD uses a non-overlapping content-sized scroll strip
ok 108 - resource HUD uses a non-overlapping content-sized scroll strip
  ---
  duration_ms: 90.109555
  type: 'test'
  ...
# Subtest: civilization build ranges use explicit bounded progression instead of exponential doubling
ok 109 - civilization build ranges use explicit bounded progression instead of exponential doubling
  ---
  duration_ms: 1.333733
  type: 'test'
  ...
# Subtest: an active enemy marker is a valid moving intercept deployment target
ok 110 - an active enemy marker is a valid moving intercept deployment target
  ---
  duration_ms: 83.313448
  type: 'test'
  ...
# Subtest: intercept squad replans to the selected enemy next road node and returns when the enemy is gone
ok 111 - intercept squad replans to the selected enemy next road node and returns when the enemy is gone
  ---
  duration_ms: 1.741783
  type: 'test'
  ...
# Subtest: gameplay HUD exposes independent zoom, selected-base and current-position camera controls
ok 112 - gameplay HUD exposes independent zoom, selected-base and current-position camera controls
  ---
  duration_ms: 9.261231
  type: 'test'
  ...
# Subtest: barrier has player-facing role, effect, placement and numeric metrics
ok 113 - barrier has player-facing role, effect, placement and numeric metrics
  ---
  duration_ms: 0.860747
  type: 'test'
  ...
# Subtest: gun has player-facing role, effect, placement and numeric metrics
ok 114 - gun has player-facing role, effect, placement and numeric metrics
  ---
  duration_ms: 0.467718
  type: 'test'
  ...
# Subtest: mortar has player-facing role, effect, placement and numeric metrics
ok 115 - mortar has player-facing role, effect, placement and numeric metrics
  ---
  duration_ms: 0.200134
  type: 'test'
  ...
# Subtest: slow has player-facing role, effect, placement and numeric metrics
ok 116 - slow has player-facing role, effect, placement and numeric metrics
  ---
  duration_ms: 0.111244
  type: 'test'
  ...
# Subtest: relay has player-facing role, effect, placement and numeric metrics
ok 117 - relay has player-facing role, effect, placement and numeric metrics
  ---
  duration_ms: 0.21048
  type: 'test'
  ...
# Subtest: all defense tiers define deterministic durability and sequential upgrade costs
ok 118 - all defense tiers define deterministic durability and sequential upgrade costs
  ---
  duration_ms: 1.051718
  type: 'test'
  ...
# Subtest: defense upgrades are sequential and locked to civilization level
ok 119 - defense upgrades are sequential and locked to civilization level
  ---
  duration_ms: 81.686277
  type: 'test'
  ...
# Subtest: upgrading preserves damage ratio instead of fully healing the facility
ok 120 - upgrading preserves damage ratio instead of fully healing the facility
  ---
  duration_ms: 0.658209
  type: 'test'
  ...
# Subtest: tier synchronization upgrades legacy durability without changing its health percentage
ok 121 - tier synchronization upgrades legacy durability without changing its health percentage
  ---
  duration_ms: 0.233093
  type: 'test'
  ...
# Subtest: destroyed and maximum-tier defenses cannot be upgraded
ok 122 - destroyed and maximum-tier defenses cannot be upgraded
  ---
  duration_ms: 0.480077
  type: 'test'
  ...
# Subtest: gate conversion starts at tier two and preserves the prior health ratio
ok 123 - gate conversion starts at tier two and preserves the prior health ratio
  ---
  duration_ms: 0.514858
  type: 'test'
  ...
# Subtest: combat UI keeps the normal facility panel compact and opens upgrade details only on demand
ok 124 - combat UI keeps the normal facility panel compact and opens upgrade details only on demand
  ---
  duration_ms: 110.463934
  type: 'test'
  ...
# Subtest: facility explanation replaces the metric view instead of stacking below it
ok 125 - facility explanation replaces the metric view instead of stacking below it
  ---
  duration_ms: 1.070636
  type: 'test'
  ...
# Subtest: civilization panel explains the current defense tier ceiling and next unlock
ok 126 - civilization panel explains the current defense tier ceiling and next unlock
  ---
  duration_ms: 91.876451
  type: 'test'
  ...
# Subtest: applying a tier uses the explicit durability table for every facility class
ok 127 - applying a tier uses the explicit durability table for every facility class
  ---
  duration_ms: 0.620053
  type: 'test'
  ...
# Subtest: upgraded attack statistics are used by live combat rather than only the UI
ok 128 - upgraded attack statistics are used by live combat rather than only the UI
  ---
  duration_ms: 1.411918
  type: 'test'
  ...
# Subtest: defense panel uses a compact capped layout with fixed visible actions
ok 129 - defense panel uses a compact capped layout with fixed visible actions
  ---
  duration_ms: 4.02235
  type: 'test'
  ...
# Subtest: enemy density rises by civilization level while the opening generation stays unchanged
ok 130 - enemy density rises by civilization level while the opening generation stays unchanged
  ---
  duration_ms: 1.906616
  type: 'test'
  ...
# Subtest: civilization grace period delays the new density tier until the generation is active
ok 131 - civilization grace period delays the new density tier until the generation is active
  ---
  duration_ms: 0.248986
  type: 'test'
  ...
# Subtest: enemy spawning respects the civilization-specific population cap and the hard ceiling
ok 132 - enemy spawning respects the civilization-specific population cap and the hard ceiling
  ---
  duration_ms: 83.293974
  type: 'test'
  ...
# Subtest: UI snapshots reuse the detached road graph while refreshing mutable gameplay data
ok 133 - UI snapshots reuse the detached road graph while refreshing mutable gameplay data
  ---
  duration_ms: 1.558925
  type: 'test'
  ...
# Subtest: balanced rendering reuses the combat layer until simulation state changes
ok 134 - balanced rendering reuses the combat layer until simulation state changes
  ---
  duration_ms: 12.495436
  type: 'test'
  ...
# Subtest: automatic survey polling does not clone or transact the full world every HUD refresh
ok 135 - automatic survey polling does not clone or transact the full world every HUD refresh
  ---
  duration_ms: 81.173708
  type: 'test'
  ...
# Subtest: asset loader starts with the current application-relative stylesheet
ok 136 - asset loader starts with the current application-relative stylesheet
  ---
  duration_ms: 88.266673
  type: 'test'
  ...
# Subtest: asset loader recovers a legacy fr path through the canonical frontline-roads directory
ok 137 - asset loader recovers a legacy fr path through the canonical frontline-roads directory
  ---
  duration_ms: 4.474341
  type: 'test'
  ...
# Subtest: top HUD no longer exposes a global deployment button
ok 138 - top HUD no longer exposes a global deployment button
  ---
  duration_ms: 5.409111
  type: 'test'
  ...
# Subtest: enemy-base deployment opens with the tapped target fixed
ok 139 - enemy-base deployment opens with the tapped target fixed
  ---
  duration_ms: 9.868601
  type: 'test'
  ...
# Subtest: enemy-unit deployment opens an intercept mission for the tapped moving marker
ok 140 - enemy-unit deployment opens an intercept mission for the tapped moving marker
  ---
  duration_ms: 0.677317
  type: 'test'
  ...
# Subtest: recovery-item deployment keeps the selected item fixed and only offers retrieval squads
ok 141 - recovery-item deployment keeps the selected item fixed and only offers retrieval squads
  ---
  duration_ms: 0.687992
  type: 'test'
  ...
# Subtest: combat target context exposes direct deployment actions
ok 142 - combat target context exposes direct deployment actions
  ---
  duration_ms: 13.135884
  type: 'test'
  ...
# Subtest: combat renderer includes visible friendly squad markers
ok 143 - combat renderer includes visible friendly squad markers
  ---
  duration_ms: 70.819533
  type: 'test'
  ...
# Subtest: legacy destroyed facilities are removed during normalization and free the placement
ok 144 - legacy destroyed facilities are removed during normalization and free the placement
  ---
  duration_ms: 4.004484
  type: 'test'
  ...
# Subtest: normalization keeps only one active facility when a legacy save overlaps placements
ok 145 - normalization keeps only one active facility when a legacy save overlaps placements
  ---
  duration_ms: 1.697758
  type: 'test'
  ...
# Subtest: a gate is deleted at zero HP and the attacking enemy continues through the opened road
ok 146 - a gate is deleted at zero HP and the attacking enemy continues through the opened road
  ---
  duration_ms: 7.75183
  type: 'test'
  ...
# Subtest: obsolete ruin UI and rendering code is removed
ok 147 - obsolete ruin UI and rendering code is removed
  ---
  duration_ms: 87.343496
  type: 'test'
  ...
# Subtest: HUD still reports repair demand only for surviving damaged facilities
ok 148 - HUD still reports repair demand only for surviving damaged facilities
  ---
  duration_ms: 6.568467
  type: 'test'
  ...
# Subtest: enemy types make different barrier decisions from break time and detour time
ok 149 - enemy types make different barrier decisions from break time and detour time
  ---
  duration_ms: 2.95552
  type: 'test'
  ...
# Subtest: balanced infantry breaches a weakened wall instead of taking a long detour
ok 150 - balanced infantry breaches a weakened wall instead of taking a long detour
  ---
  duration_ms: 0.439858
  type: 'test'
  ...
# Subtest: raider selects repair support before ordinary weapon towers
ok 151 - raider selects repair support before ordinary weapon towers
  ---
  duration_ms: 1.804496
  type: 'test'
  ...
# Subtest: rope cutter selects slowing equipment before repair support
ok 152 - rope cutter selects slowing equipment before repair support
  ---
  duration_ms: 79.331912
  type: 'test'
  ...
# Subtest: specialist damages its selected facility and invalidates shared targets when it is destroyed
ok 153 - specialist damages its selected facility and invalidates shared targets when it is destroyed
  ---
  duration_ms: 0.80839
  type: 'test'
  ...
# Subtest: a newly built priority facility requests rerouting without teleporting an enemy off its current road
ok 154 - a newly built priority facility requests rerouting without teleporting an enemy off its current road
  ---
  duration_ms: 1.734052
  type: 'test'
  ...
# Subtest: civilization generations contain expanded valid enemy variants with explicit personalities
ok 155 - civilization generations contain expanded valid enemy variants with explicit personalities
  ---
  duration_ms: 1.407873
  type: 'test'
  ...
# Subtest: flanking enemies choose a bounded longer side road while direct infantry uses the shortest road
ok 156 - flanking enemies choose a bounded longer side road while direct infantry uses the shortest road
  ---
  duration_ms: 4.13769
  type: 'test'
  ...
# Subtest: marauder personality prioritizes a field base over an equally reachable city
ok 157 - marauder personality prioritizes a field base over an equally reachable city
  ---
  duration_ms: 2.316976
  type: 'test'
  ...
# Subtest: squad hunter plans toward an active friendly squad and damages it after contact
ok 158 - squad hunter plans toward an active friendly squad and damages it after contact
  ---
  duration_ms: 84.291109
  type: 'test'
  ...
# Subtest: war drummer speed aura accelerates nearby allies without accelerating itself
ok 159 - war drummer speed aura accelerates nearby allies without accelerating itself
  ---
  duration_ms: 1.301249
  type: 'test'
  ...
# Subtest: civilization level four rotates doctrines and introduces the new generation across repeated waves
ok 160 - civilization level four rotates doctrines and introduces the new generation across repeated waves
  ---
  duration_ms: 3.770546
  type: 'test'
  ...
# Subtest: personality route and doctrine metadata survive the unchanged save schema
ok 161 - personality route and doctrine metadata survive the unchanged save schema
  ---
  duration_ms: 1.71315
  type: 'test'
  ...
# Subtest: loaded source chunk materializes a persistent enemy-source site
ok 162 - loaded source chunk materializes a persistent enemy-source site
  ---
  duration_ms: 2.399192
  type: 'test'
  ...
# Subtest: player can clear an enemy source on site and stop future frontier waves
ok 163 - player can clear an enemy source on site and stop future frontier waves
  ---
  duration_ms: 81.229409
  type: 'test'
  ...
# Subtest: enemy source interaction requires proximity and a clear local area
ok 164 - enemy source interaction requires proximity and a clear local area
  ---
  duration_ms: 1.174368
  type: 'test'
  ...
# Subtest: loaded chunks are processed once for deterministic ambient discoveries
ok 165 - loaded chunks are processed once for deterministic ambient discoveries
  ---
  duration_ms: 1.051477
  type: 'test'
  ...
# Subtest: exploration renderer draws active sites with a minimal canvas context
ok 166 - exploration renderer draws active sites with a minimal canvas context
  ---
  duration_ms: 0.818184
  type: 'test'
  ...
# Subtest: civilization level provides a separate simple-base limit
ok 167 - civilization level provides a separate simple-base limit
  ---
  duration_ms: 1.141849
  type: 'test'
  ...
# Subtest: simple-base placement requires civilization unlock, fresh GPS, road access and separation
ok 168 - simple-base placement requires civilization unlock, fresh GPS, road access and separation
  ---
  duration_ms: 1.670728
  type: 'test'
  ...
# Subtest: simple-base placement accepts a fresh stationary GPS fix and a road node within the wider placement radius
ok 169 - simple-base placement accepts a fresh stationary GPS fix and a road node within the wider placement radius
  ---
  duration_ms: 0.633581
  type: 'test'
  ...
# Subtest: simple bases require and consume the processed-resource cost for their slot
ok 170 - simple bases require and consume the processed-resource cost for their slot
  ---
  duration_ms: 1.4748
  type: 'test'
  ...
# Subtest: simple base has 40 HP and its construction anchor grows to the level 1 bounded range
ok 171 - simple base has 40 HP and its construction anchor grows to the level 1 bounded range
  ---
  duration_ms: 1.155309
  type: 'test'
  ...
# Subtest: current assault squad can deploy from an active simple base
ok 172 - current assault squad can deploy from an active simple base
  ---
  duration_ms: 1.013521
  type: 'test'
  ...
# Subtest: nearby enemies can destroy a simple base and remove its construction and deployment roles
ok 173 - nearby enemies can destroy a simple base and remove its construction and deployment roles
  ---
  duration_ms: 3.965018
  type: 'test'
  ...
# Subtest: destroyed simple base keeps its slot and can only be rebuilt at the site
ok 174 - destroyed simple base keeps its slot and can only be rebuilt at the site
  ---
  duration_ms: 0.811233
  type: 'test'
  ...
# Subtest: simple-base state survives save and restore without precise location metadata
ok 175 - simple-base state survives save and restore without precise location metadata
  ---
  duration_ms: 81.122722
  type: 'test'
  ...
# Subtest: level-four civilization progress counts active simple bases instead of obsolete outposts
ok 176 - level-four civilization progress counts active simple bases instead of obsolete outposts
  ---
  duration_ms: 0.894496
  type: 'test'
  ...
# Subtest: a distant simple base does not pull attackers away from a much nearer city
ok 177 - a distant simple base does not pull attackers away from a much nearer city
  ---
  duration_ms: 0.599682
  type: 'test'
  ...
# Subtest: standing at a level-one simple base uses its bounded 75m construction zone
ok 178 - standing at a level-one simple base uses its bounded 75m construction zone
  ---
  duration_ms: 0.432396
  type: 'test'
  ...
# Subtest: a major base cannot be placed on top of an active simple base
ok 179 - a major base cannot be placed on top of an active simple base
  ---
  duration_ms: 0.529289
  type: 'test'
  ...
# Subtest: a destroyed simple-base ruin still blocks overlapping major-base placement
ok 180 - a destroyed simple-base ruin still blocks overlapping major-base placement
  ---
  duration_ms: 0.374981
  type: 'test'
  ...
# Subtest: an active simple base anchors regional simulation but a destroyed one does not
ok 181 - an active simple base anchors regional simulation but a destroyed one does not
  ---
  duration_ms: 101.076651
  type: 'test'
  ...
# Subtest: an enemy chooses a nearby simple base when it is meaningfully closer than the city
ok 182 - an enemy chooses a nearby simple base when it is meaningfully closer than the city
  ---
  duration_ms: 0.757734
  type: 'test'
  ...
# Subtest: deployment preview is non-destructive and dispatch spends the assault cost once
ok 183 - deployment preview is non-destructive and dispatch spends the assault cost once
  ---
  duration_ms: 85.236183
  type: 'test'
  ...
# Subtest: friendly squad stops to fight enemies and both sides exchange damage
ok 184 - friendly squad stops to fight enemies and both sides exchange damage
  ---
  duration_ms: 4.436846
  type: 'test'
  ...
# Subtest: squad destroys an enemy base, schedules respawn and returns to its origin
ok 185 - squad destroys an enemy base, schedules respawn and returns to its origin
  ---
  duration_ms: 3.344169
  type: 'test'
  ...
# Subtest: friendly squads survive JSON save and restore without exact base coordinates
ok 186 - friendly squads survive JSON save and restore without exact base coordinates
  ---
  duration_ms: 2.58436
  type: 'test'
  ...
# Subtest: remote friendly squads only advance when the dormant regional interval is due
ok 187 - remote friendly squads only advance when the dormant regional interval is due
  ---
  duration_ms: 89.651472
  type: 'test'
  ...
# Subtest: friendly order overlay draws selectable nodes, routes, destination and waypoints on a minimal canvas
ok 188 - friendly order overlay draws selectable nodes, routes, destination and waypoints on a minimal canvas
  ---
  duration_ms: 3.11385
  type: 'test'
  ...
# Subtest: combat UI exposes stop, retreat, withdraw, resume and two-waypoint route planning
ok 189 - combat UI exposes stop, retreat, withdraw, resume and two-waypoint route planning
  ---
  duration_ms: 82.914739
  type: 'test'
  ...
# Subtest: renderer places squad order guidance above combat and construction layers
ok 190 - renderer places squad order guidance above combat and construction layers
  ---
  duration_ms: 1.735848
  type: 'test'
  ...
# Subtest: stop holds a squad at its exact road position while retaining the mission
ok 191 - stop holds a squad at its exact road position while retaining the mission
  ---
  duration_ms: 5.130827
  type: 'test'
  ...
# Subtest: route command issued mid-edge preserves position and joins the chosen route at the next intersection
ok 192 - route command issued mid-edge preserves position and joins the chosen route at the next intersection
  ---
  duration_ms: 0.819806
  type: 'test'
  ...
# Subtest: retreat reaches the selected node, stops there, and keeps the original attack mission
ok 193 - retreat reaches the selected node, stops there, and keeps the original attack mission
  ---
  duration_ms: 1.239934
  type: 'test'
  ...
# Subtest: withdraw abandons the mission and begins recovery only after it reaches the origin
ok 194 - withdraw abandons the mission and begins recovery only after it reaches the origin
  ---
  duration_ms: 83.183163
  type: 'test'
  ...
# Subtest: stopping a retreat preserves the retreat destination for route-selected resume
ok 195 - stopping a retreat preserves the retreat destination for route-selected resume
  ---
  duration_ms: 0.585902
  type: 'test'
  ...
# Subtest: retreat validation rejects a node closer to the hostile base and accepts an owned base behind the squad
ok 196 - retreat validation rejects a node closer to the hostile base and accepts an owned base behind the squad
  ---
  duration_ms: 0.717275
  type: 'test'
  ...
# Subtest: route planner exposes distinct shortest, enemy-avoidance and friendly-support choices when the road graph allows them
ok 197 - route planner exposes distinct shortest, enemy-avoidance and friendly-support choices when the road graph allows them
  ---
  duration_ms: 2.335716
  type: 'test'
  ...
# Subtest: waypoints force every generated route through the selected intersections
ok 198 - waypoints force every generated route through the selected intersections
  ---
  duration_ms: 0.926253
  type: 'test'
  ...
# Subtest: retreating through a newly encountered enemy does not grant invulnerability
ok 199 - retreating through a newly encountered enemy does not grant invulnerability
  ---
  duration_ms: 108.809124
  type: 'test'
  ...
# Subtest: friendly orders, selected route and history survive save and restore
ok 200 - friendly orders, selected route and history survive save and restore
  ---
  duration_ms: 2.131566
  type: 'test'
  ...
# Subtest: a rejected withdraw route leaves the original mission untouched
ok 201 - a rejected withdraw route leaves the original mission untouched
  ---
  duration_ms: 0.693049
  type: 'test'
  ...
# Subtest: route orders reject paths whose edges do not connect the declared node sequence
ok 202 - route orders reject paths whose edges do not connect the declared node sequence
  ---
  duration_ms: 0.243809
  type: 'test'
  ...
# Subtest: route estimates include the remaining distance on the squad current road segment
ok 203 - route estimates include the remaining distance on the squad current road segment
  ---
  duration_ms: 0.295435
  type: 'test'
  ...
# Subtest: a map tap near a displayed route selects that route instead of becoming a waypoint
ok 204 - a map tap near a displayed route selects that route instead of becoming a waypoint
  ---
  duration_ms: 0.687601
  type: 'test'
  ...
# Subtest: civilization level one unlocks one area recovery facility and a distinct field barracks
ok 205 - civilization level one unlocks one area recovery facility and a distinct field barracks
  ---
  duration_ms: 1.053009
  type: 'test'
  ...
# Subtest: major-base logistics restore a returned squad while the area recovery facility remains a separate field effect
ok 206 - major-base logistics restore a returned squad while the area recovery facility remains a separate field effect
  ---
  duration_ms: 2.08748
  type: 'test'
  ...
# Subtest: a field base reorganizes squads without providing innate healing
ok 207 - a field base reorganizes squads without providing innate healing
  ---
  duration_ms: 0.826536
  type: 'test'
  ...
# Subtest: a recovery facility gradually heals every friendly squad inside its radius
ok 208 - a recovery facility gradually heals every friendly squad inside its radius
  ---
  duration_ms: 0.862919
  type: 'test'
  ...
# Subtest: the defense update loop applies recovery-facility healing without a separate recovery queue
ok 209 - the defense update loop applies recovery-facility healing without a separate recovery queue
  ---
  duration_ms: 0.436832
  type: 'test'
  ...
# Subtest: a disabled recovery facility provides no healing
ok 210 - a disabled recovery facility provides no healing
  ---
  duration_ms: 0.298769
  type: 'test'
  ...
# Subtest: a field barracks adds exactly one squad slot to its field base
ok 211 - a field barracks adds exactly one squad slot to its field base
  ---
  duration_ms: 0.423804
  type: 'test'
  ...
# Subtest: field barracks is field-only while recovery facilities can use major, field, and expedition anchors
ok 212 - field barracks is field-only while recovery facilities can use major, field, and expedition anchors
  ---
  duration_ms: 3.561503
  type: 'test'
  ...
# Subtest: an expedition squad creates a fixed 120 meter moving construction anchor and ordinary squads do not
ok 213 - an expedition squad creates a fixed 120 meter moving construction anchor and ordinary squads do not
  ---
  duration_ms: 1.827377
  type: 'test'
  ...
# Subtest: a recovering squad occupies a slot while another slot remains usable
ok 214 - a recovering squad occupies a slot while another slot remains usable
  ---
  duration_ms: 82.528996
  type: 'test'
  ...
# Subtest: major-base recovery progress survives save and restore without duplicate healing
ok 215 - major-base recovery progress survives save and restore without duplicate healing
  ---
  duration_ms: 1.895428
  type: 'test'
  ...
# Subtest: a recovering squad evacuates to a major base when its field base is destroyed
ok 216 - a recovering squad evacuates to a major base when its field base is destroyed
  ---
  duration_ms: 2.728383
  type: 'test'
  ...
# Subtest: recovery and ready garrisons reject tactical movement orders
ok 217 - recovery and ready garrisons reject tactical movement orders
  ---
  duration_ms: 0.306881
  type: 'test'
  ...
# Subtest: legacy field-aid facilities migrate once into field barracks without leaving recovery behavior behind
ok 218 - legacy field-aid facilities migrate once into field barracks without leaving recovery behavior behind
  ---
  duration_ms: 1.74074
  type: 'test'
  ...
# Subtest: base reorganization remains sequential and is not accelerated by recovery facilities
ok 219 - base reorganization remains sequential and is not accelerated by recovery facilities
  ---
  duration_ms: 0.328302
  type: 'test'
  ...
# Subtest: friendly unit unlock levels and simple-base deployment restrictions are enforced
ok 220 - friendly unit unlock levels and simple-base deployment restrictions are enforced
  ---
  duration_ms: 78.657992
  type: 'test'
  ...
# Subtest: skirmisher damage strongly favors light enemies and is weak against armored enemies
ok 221 - skirmisher damage strongly favors light enemies and is weak against armored enemies
  ---
  duration_ms: 0.372067
  type: 'test'
  ...
# Subtest: siege squad damages enemy bases much faster than the assault squad
ok 222 - siege squad damages enemy bases much faster than the assault squad
  ---
  duration_ms: 4.009488
  type: 'test'
  ...
# Subtest: nearby heavy squad intercepts part of the damage aimed at another friendly squad
ok 223 - nearby heavy squad intercepts part of the damage aimed at another friendly squad
  ---
  duration_ms: 1.333081
  type: 'test'
  ...
# Subtest: expedition squad heals only after its non-combat recovery delay
ok 224 - expedition squad heals only after its non-combat recovery delay
  ---
  duration_ms: 0.390845
  type: 'test'
  ...
# Subtest: all friendly unit types preserve their identity and combat state through save and restore
ok 225 - all friendly unit types preserve their identity and combat state through save and restore
  ---
  duration_ms: 2.214187
  type: 'test'
  ...
# Subtest: skirmisher prioritizes a light specialist over a nearer ordinary infantry target
ok 226 - skirmisher prioritizes a light specialist over a nearer ordinary infantry target
  ---
  duration_ms: 0.755201
  type: 'test'
  ...
# Subtest: mixed friendly unit types remain valid through extended regional combat simulation
ok 227 - mixed friendly unit types remain valid through extended regional combat simulation
  ---
  duration_ms: 390.925893
  type: 'test'
  ...
# Subtest: dead-end roads at unexplored chunk borders become frontier candidates
ok 228 - dead-end roads at unexplored chunk borders become frontier candidates
  ---
  duration_ms: 1.859795
  type: 'test'
  ...
# Subtest: frontier source stays fixed while its entry point advances with map expansion
ok 229 - frontier source stays fixed while its entry point advances with map expansion
  ---
  duration_ms: 1.825415
  type: 'test'
  ...
# Subtest: frontier system launches enemies from a map-edge entry node
ok 230 - frontier system launches enemies from a map-edge entry node
  ---
  duration_ms: 1.292061
  type: 'test'
  ...
# Subtest: frontier identity is hidden until the signal is localized
ok 231 - frontier identity is hidden until the signal is localized
  ---
  duration_ms: 0.213023
  type: 'test'
  ...
# Subtest: frontier renderer tolerates a minimal canvas context
ok 232 - frontier renderer tolerates a minimal canvas context
  ---
  duration_ms: 0.808289
  type: 'test'
  ...
# Subtest: balanced opening reaches civilization level one without collapse on a line road network
ok 233 - balanced opening reaches civilization level one without collapse on a line road network
  ---
  duration_ms: 1388.517924
  type: 'test'
  ...
# Subtest: balanced opening reaches civilization level one without collapse on a cross road network
ok 234 - balanced opening reaches civilization level one without collapse on a cross road network
  ---
  duration_ms: 520.641964
  type: 'test'
  ...
# Subtest: balanced opening reaches civilization level one without collapse on a grid road network
ok 235 - balanced opening reaches civilization level one without collapse on a grid road network
  ---
  duration_ms: 390.441444
  type: 'test'
  ...
# Subtest: attack-only opening can suppress the first bases but still causes material losses
ok 236 - attack-only opening can suppress the first bases but still causes material losses
  ---
  duration_ms: 688.810951
  type: 'test'
  ...
# Subtest: batch production queues 1, 5, 10 or the maximum without double-reserving inputs
ok 237 - batch production queues 1, 5, 10 or the maximum without double-reserving inputs
  ---
  duration_ms: 5.906398
  type: 'test'
  ...
# Subtest: project-only production caps queued units, starts the existing order, and cannot overshoot the target
ok 238 - project-only production caps queued units, starts the existing order, and cannot overshoot the target
  ---
  duration_ms: 1.298735
  type: 'test'
  ...
# Subtest: safe civilization contribution keeps the declared defense reserve while explicit full contribution may use it
ok 239 - safe civilization contribution keeps the declared defense reserve while explicit full contribution may use it
  ---
  duration_ms: 1.813678
  type: 'test'
  ...
# Subtest: coordinated deployment can use multiple slots from one base and synchronizes mixed squads to one arrival time
ok 240 - coordinated deployment can use multiple slots from one base and synchronizes mixed squads to one arrival time
  ---
  duration_ms: 5.189213
  type: 'test'
  ...
# Subtest: simple-base network diagnostic distinguishes sufficient and insufficient acquired roads
ok 241 - simple-base network diagnostic distinguishes sufficient and insufficient acquired roads
  ---
  duration_ms: 1.497903
  type: 'test'
  ...
# Subtest: listed barrier sites use an in-range projection and remain valid for construction on dense roads
ok 242 - listed barrier sites use an in-range projection and remain valid for construction on dense roads
  ---
  duration_ms: 1.634314
  type: 'test'
  ...
# Subtest: gameplay stabilization controls are present in UI source and field-base text includes retrieval squads
ok 243 - gameplay stabilization controls are present in UI source and field-base text includes retrieval squads
  ---
  duration_ms: 93.024012
  type: 'test'
  ...
# Subtest: source module graph has no circular dependencies
ok 244 - source module graph has no circular dependencies
  ---
  duration_ms: 696.210674
  type: 'test'
  ...
# Subtest: twelve-hour simulation remains bounded, serializable and within enemy cap
ok 245 - twelve-hour simulation remains bounded, serializable and within enemy cap
  ---
  duration_ms: 3824.133613
  type: 'test'
  ...
# Subtest: same state and elapsed time produce the same offline game result
ok 246 - same state and elapsed time produce the same offline game result
  ---
  duration_ms: 335.694251
  type: 'test'
  ...
# Subtest: legacy save is converted once into the clean schema
ok 247 - legacy save is converted once into the clean schema
  ---
  duration_ms: 3.964266
  type: 'test'
  ...
# Subtest: modal overlay never uses backdrop blur and modal card stays composited as visible UI
ok 248 - modal overlay never uses backdrop blur and modal card stays composited as visible UI
  ---
  duration_ms: 8.214677
  type: 'test'
  ...
# Subtest: radar quality selectors do not style modal overlays or modal cards
ok 249 - radar quality selectors do not style modal overlays or modal cards
  ---
  duration_ms: 85.75826
  type: 'test'
  ...
# Subtest: modal visibility updates accessibility state and backdrop click can always dismiss it
ok 250 - modal visibility updates accessibility state and backdrop click can always dismiss it
  ---
  duration_ms: 0.476961
  type: 'test'
  ...
# Subtest: all full-screen command panels use the shared emergency dismiss behavior
ok 251 - all full-screen command panels use the shared emergency dismiss behavior
  ---
  duration_ms: 5.400933
  type: 'test'
  ...
# Subtest: tower reload preserves elapsed remainder and gives the same result at 20 Hz or one coarse update
ok 252 - tower reload preserves elapsed remainder and gives the same result at 20 Hz or one coarse update
  ---
  duration_ms: 5.701405
  type: 'test'
  ...
# Subtest: enemy departure delay and road-edge overflow are consumed in the same update
ok 253 - enemy departure delay and road-edge overflow are consumed in the same update
  ---
  duration_ms: 89.064771
  type: 'test'
  ...
# Subtest: offline 0.25-second simulation matches live 20 Hz for a deterministic defense interval
ok 254 - offline 0.25-second simulation matches live 20 Hz for a deterministic defense interval
  ---
  duration_ms: 216.713374
  type: 'test'
  ...
# Subtest: offline simulation is bounded and reports the applied duration
ok 255 - offline simulation is bounded and reports the applied duration
  ---
  duration_ms: 1.158854
  type: 'test'
  ...
# Subtest: offline simulation advances the canonical world clock
ok 256 - offline simulation advances the canonical world clock
  ---
  duration_ms: 0.389273
  type: 'test'
  ...
# Subtest: default endpoints use the configured public instances
ok 257 - default endpoints use the configured public instances
  ---
  duration_ms: 87.685765
  type: 'test'
  ...
# Subtest: query filters road classes before download
ok 258 - query filters road classes before download
  ---
  duration_ms: 0.991277
  type: 'test'
  ...
# Subtest: browser request starts with a form-encoded POST and stops after success
ok 259 - browser request starts with a form-encoded POST and stops after success
  ---
  duration_ms: 1.718297
  type: 'test'
  ...
# Subtest: a blocked POST falls back to a non-script GET on the same endpoint
ok 260 - a blocked POST falls back to a non-script GET on the same endpoint
  ---
  duration_ms: 0.930198
  type: 'test'
  ...
# Subtest: successful GET is remembered so later road expansions avoid the blocked POST
ok 261 - successful GET is remembered so later road expansions avoid the blocked POST
  ---
  duration_ms: 0.882017
  type: 'test'
  ...
# Subtest: failed POST and GET fall back to the next endpoint
ok 262 - failed POST and GET fall back to the next endpoint
  ---
  duration_ms: 3.115547
  type: 'test'
  ...
# Subtest: all failures include endpoint and both secure transport diagnostics
ok 263 - all failures include endpoint and both secure transport diagnostics
  ---
  duration_ms: 1.192815
  type: 'test'
  ...
# Subtest: failed fetch transports fall back to opaque sandbox JSONP and remember it
ok 264 - failed fetch transports fall back to opaque sandbox JSONP and remember it
  ---
  duration_ms: 0.728781
  type: 'test'
  ...
# Subtest: an empty road result requires confirmation from two independent endpoints
ok 265 - an empty road result requires confirmation from two independent endpoints
  ---
  duration_ms: 0.984568
  type: 'test'
  ...
# Subtest: roads from a second endpoint override a false empty response from the first
ok 266 - roads from a second endpoint override a false empty response from the first
  ---
  duration_ms: 0.791484
  type: 'test'
  ...
# Subtest: caller abort stops attempts immediately
ok 267 - caller abort stops attempts immediately
  ---
  duration_ms: 0.483732
  type: 'test'
  ...
# Subtest: injected development fetch is used directly
ok 268 - injected development fetch is used directly
  ---
  duration_ms: 0.231771
  type: 'test'
  ...
# Subtest: chunk expansion query uses a compact bounding box instead of an around search
ok 269 - chunk expansion query uses a compact bounding box instead of an around search
  ---
  duration_ms: 0.35364
  type: 'test'
  ...
# Subtest: successful endpoint and transport survive a client recreation and are attempted first
ok 270 - successful endpoint and transport survive a client recreation and are attempted first
  ---
  duration_ms: 0.706469
  type: 'test'
  ...
# Subtest: request metadata exposes the query shape for survey diagnostics
ok 271 - request metadata exposes the query shape for survey diagnostics
  ---
  duration_ms: 0.241405
  type: 'test'
  ...
# Subtest: balanced profile limits simulation, rendering and DPR
ok 272 - balanced profile limits simulation, rendering and DPR
  ---
  duration_ms: 0.718126
  type: 'test'
  ...
# Subtest: game loop decouples simulation, civilization and rendering rates
ok 273 - game loop decouples simulation, civilization and rendering rates
  ---
  duration_ms: 0.877451
  type: 'test'
  ...
# Subtest: game loop preserves simulation backlog instead of discarding a slow frame
ok 274 - game loop preserves simulation backlog instead of discarding a slow frame
  ---
  duration_ms: 0.784263
  type: 'test'
  ...
# Subtest: combat spatial index returns only nearby active enemies
ok 275 - combat spatial index returns only nearby active enemies
  ---
  duration_ms: 1.233704
  type: 'test'
  ...
# Subtest: renderer caches static radar and road layers between frames
ok 276 - renderer caches static radar and road layers between frames
  ---
  duration_ms: 2.9036
  type: 'test'
  ...
# Subtest: tactical route choices use spatial snapshots instead of rescanning every enemy and defense per road edge
ok 277 - tactical route choices use spatial snapshots instead of rescanning every enemy and defense per road edge
  ---
  duration_ms: 606.336123
  type: 'test'
  ...
# Subtest: same-schema saves missing the old initialization flag remove destroyed facilities and preserve active survey facilities
ok 278 - same-schema saves missing the old initialization flag remove destroyed facilities and preserve active survey facilities
  ---
  duration_ms: 5.001816
  type: 'test'
  ...
# Subtest: normalization removes zero-HP defenses even when legacy ruin flags are absent
ok 279 - normalization removes zero-HP defenses even when legacy ruin flags are absent
  ---
  duration_ms: 1.185604
  type: 'test'
  ...
# Subtest: loaded road chunks are reconstructed from the persisted graph so survey can expand from initial roads
ok 280 - loaded road chunks are reconstructed from the persisted graph so survey can expand from initial roads
  ---
  duration_ms: 1.34652
  type: 'test'
  ...
# Subtest: survey network failures become retry-wait state instead of a permanent raw error
ok 281 - survey network failures become retry-wait state instead of a permanent raw error
  ---
  duration_ms: 102.132274
  type: 'test'
  ...
# Subtest: critical facility operations persist immediately and obsolete wreck UI is absent
ok 282 - critical facility operations persist immediately and obsolete wreck UI is absent
  ---
  duration_ms: 85.125032
  type: 'test'
  ...
# Subtest: civilization level increases the active player-base limit by one
ok 283 - civilization level increases the active player-base limit by one
  ---
  duration_ms: 0.887786
  type: 'test'
  ...
# Subtest: base placement requires an unlocked slot, fresh position, nearby road and minimum separation
ok 284 - base placement requires an unlocked slot, fresh position, nearby road and minimum separation
  ---
  duration_ms: 1.970498
  type: 'test'
  ...
# Subtest: additional major bases require and consume escalating processed-resource costs
ok 285 - additional major bases require and consume escalating processed-resource costs
  ---
  duration_ms: 1.688864
  type: 'test'
  ...
# Subtest: establishing a base adds a remote construction and simulation anchor
ok 286 - establishing a base adds a remote construction and simulation anchor
  ---
  duration_ms: 1.592872
  type: 'test'
  ...
# Subtest: secondary bases survive save and restore without retaining exact location fields
ok 287 - secondary bases survive save and restore without retaining exact location fields
  ---
  duration_ms: 2.152195
  type: 'test'
  ...
# Subtest: civilization projects require cumulative artifacts recovered in the field
ok 288 - civilization projects require cumulative artifacts recovered in the field
  ---
  duration_ms: 0.825504
  type: 'test'
  ...
# Subtest: destroying a resource enemy base secures its declared reward in one recoverable cache
ok 289 - destroying a resource enemy base secures its declared reward in one recoverable cache
  ---
  duration_ms: 3.78735
  type: 'test'
  ...
# Subtest: resource enemy bases return within the progression window while strategic bases retain long recovery
ok 290 - resource enemy bases return within the progression window while strategic bases retain long recovery
  ---
  duration_ms: 0.564931
  type: 'test'
  ...
# Subtest: legacy resource-outpost data is stripped during runtime normalization
ok 291 - legacy resource-outpost data is stripped during runtime normalization
  ---
  duration_ms: 0.42149
  type: 'test'
  ...
# Subtest: PWA registers the current service worker on HTTPS
ok 292 - PWA registers the current service worker on HTTPS
  ---
  duration_ms: 1.214546
  type: 'test'
  ...
# Subtest: PWA is skipped for an allowed development fixture
ok 293 - PWA is skipped for an allowed development fixture
  ---
  duration_ms: 0.745917
  type: 'test'
  ...
# Subtest: public devFixture query does not disable production PWA registration
ok 294 - public devFixture query does not disable production PWA registration
  ---
  duration_ms: 0.425635
  type: 'test'
  ...
# Subtest: PWA registration failure does not stop the game
ok 295 - PWA registration failure does not stop the game
  ---
  duration_ms: 0.362993
  type: 'test'
  ...
# Subtest: radar renderer is integrated without changing the map input owner
ok 296 - radar renderer is integrated without changing the map input owner
  ---
  duration_ms: 8.513295
  type: 'test'
  ...
# Subtest: radar theme exposes tactical palette and mobile layout rules
ok 297 - radar theme exposes tactical palette and mobile layout rules
  ---
  duration_ms: 2.706105
  type: 'test'
  ...
# Subtest: combat and road renderers use radar glyphs and glow rather than emoji labels
ok 298 - combat and road renderers use radar glyphs and glow rather than emoji labels
  ---
  duration_ms: 88.709028
  type: 'test'
  ...
# Subtest: radar canvas layers render with a minimal canvas context
ok 299 - radar canvas layers render with a minimal canvas context
  ---
  duration_ms: 3.829852
  type: 'test'
  ...
# Subtest: playing footer stays clear of the combat toolbar
ok 300 - playing footer stays clear of the combat toolbar
  ---
  duration_ms: 2.631711
  type: 'test'
  ...
# Subtest: radar preferences apply defaults and cycle without game state
ok 301 - radar preferences apply defaults and cycle without game state
  ---
  duration_ms: 1.328974
  type: 'test'
  ...
# Subtest: bootstrap imports RadarPreferences before constructing it
ok 302 - bootstrap imports RadarPreferences before constructing it
  ---
  duration_ms: 97.706385
  type: 'test'
  ...
# Subtest: touch devices default to the power-saving radar profile
ok 303 - touch devices default to the power-saving radar profile
  ---
  duration_ms: 0.382652
  type: 'test'
  ...
# Subtest: destroying an enemy base creates one persistent recovery item at the destroyed base
ok 304 - destroying an enemy base creates one persistent recovery item at the destroyed base
  ---
  duration_ms: 1.953828
  type: 'test'
  ...
# Subtest: recovery requires the player to be within the physical collection range
ok 305 - recovery requires the player to be within the physical collection range
  ---
  duration_ms: 0.663816
  type: 'test'
  ...
# Subtest: recovery rejects stale or inaccurate geolocation even at the item position
ok 306 - recovery rejects stale or inaccurate geolocation even at the item position
  ---
  duration_ms: 0.313922
  type: 'test'
  ...
# Subtest: manual collection requires five seconds in range, grants once and removes the recovered item
ok 307 - manual collection requires five seconds in range, grants once and removes the recovered item
  ---
  duration_ms: 0.981784
  type: 'test'
  ...
# Subtest: leaving the collection radius cancels progress without removing the item
ok 308 - leaving the collection radius cancels progress without removing the item
  ---
  duration_ms: 0.435922
  type: 'test'
  ...
# Subtest: uncollected recovery items survive save and restore while live location freshness does not
ok 309 - uncollected recovery items survive save and restore while live location freshness does not
  ---
  duration_ms: 82.17929
  type: 'test'
  ...
# Subtest: refactor schema 1 scrap is migrated into canonical resources
ok 310 - refactor schema 1 scrap is migrated into canonical resources
  ---
  duration_ms: 2.936148
  type: 'test'
  ...
# Subtest: retrieval squad is deliberately weak and works from major and field bases
ok 311 - retrieval squad is deliberately weak and works from major and field bases
  ---
  duration_ms: 78.751919
  type: 'test'
  ...
# Subtest: dispatch reserves a recovery item and preview does not mutate it
ok 312 - dispatch reserves a recovery item and preview does not mutate it
  ---
  duration_ms: 3.519737
  type: 'test'
  ...
# Subtest: retrieval squad collects for eight seconds and grants the artifact only after returning
ok 313 - retrieval squad collects for eight seconds and grants the artifact only after returning
  ---
  duration_ms: 4.507128
  type: 'test'
  ...
# Subtest: destroying a squad before pickup releases the item at its original location
ok 314 - destroying a squad before pickup releases the item at its original location
  ---
  duration_ms: 0.64628
  type: 'test'
  ...
# Subtest: destroying a squad while carrying drops the item at the destruction point
ok 315 - destroying a squad while carrying drops the item at the destruction point
  ---
  duration_ms: 3.791837
  type: 'test'
  ...
# Subtest: withdrawing before pickup abandons the recovery mission and releases the item
ok 316 - withdrawing before pickup abandons the recovery mission and releases the item
  ---
  duration_ms: 1.050065
  type: 'test'
  ...
# Subtest: field bases can deploy and reorganize retrieval squads
ok 317 - field bases can deploy and reorganize retrieval squads
  ---
  duration_ms: 0.7485
  type: 'test'
  ...
# Subtest: reserved recovery mission survives save and restore without exposing exact live location data
ok 318 - reserved recovery mission survives save and restore without exposing exact live location data
  ---
  duration_ms: 2.67938
  type: 'test'
  ...
# Subtest: manual collection in progress blocks deployment without consuming resources or changing a ready squad
ok 319 - manual collection in progress blocks deployment without consuming resources or changing a ready squad
  ---
  duration_ms: 0.692719
  type: 'test'
  ...
# Subtest: orphaned reservations become available again after squad data is lost
ok 320 - orphaned reservations become available again after squad data is lost
  ---
  duration_ms: 81.022854
  type: 'test'
  ...
# Subtest: a real heavy enemy quickly destroys the weak retrieval squad and releases its reservation
ok 321 - a real heavy enemy quickly destroys the weak retrieval squad and releases its reservation
  ---
  duration_ms: 1.981785
  type: 'test'
  ...
# Subtest: remote retrieval completes under active, peripheral, and dormant regional intervals
ok 322 - remote retrieval completes under active, peripheral, and dormant regional intervals
  ---
  duration_ms: 99.944745
  type: 'test'
  ...
# Subtest: the unified Overpass query and parser include trunk and motorway classes
ok 323 - the unified Overpass query and parser include trunk and motorway classes
  ---
  duration_ms: 1.259762
  type: 'test'
  ...
# Subtest: initial acquisition preserves a disconnected major road instead of keeping only the center component
ok 324 - initial acquisition preserves a disconnected major road instead of keeping only the center component
  ---
  duration_ms: 4.966394
  type: 'test'
  ...
# Subtest: parallel major carriageways remain separate physical roads
ok 325 - parallel major carriageways remain separate physical roads
  ---
  duration_ms: 1.869449
  type: 'test'
  ...
# Subtest: chunk acquisition retains a sparse major road crossing the chunk boundary
ok 326 - chunk acquisition retains a sparse major road crossing the chunk boundary
  ---
  duration_ms: 0.867426
  type: 'test'
  ...
# Subtest: source identities survive compact save encoding and prevent overlap duplication after restore
ok 327 - source identities survive compact save encoding and prevent overlap duplication after restore
  ---
  duration_ms: 6.003534
  type: 'test'
  ...
# Subtest: initial acquisition marks edge chunks for refresh instead of treating partial circle coverage as complete
ok 328 - initial acquisition marks edge chunks for refresh instead of treating partial circle coverage as complete
  ---
  duration_ms: 0.451184
  type: 'test'
  ...
# Subtest: old road coverage is marked for reacquisition after the completeness specification changes
ok 329 - old road coverage is marked for reacquisition after the completeness specification changes
  ---
  duration_ms: 0.726458
  type: 'test'
  ...
# Subtest: a migrated loaded chunk is fetched again and its refresh marker is cleared only after integration
ok 330 - a migrated loaded chunk is fetched again and its refresh marker is cleared only after integration
  ---
  duration_ms: 79.244969
  type: 'test'
  ...
# Subtest: world chunks use deterministic grid ids and reversible centers
ok 331 - world chunks use deterministic grid ids and reversible centers
  ---
  duration_ms: 1.991229
  type: 'test'
  ...
# Subtest: initial chunk state does not assume that the cleaned initial graph fully covers surrounding chunks
ok 332 - initial chunk state does not assume that the cleaned initial graph fully covers surrounding chunks
  ---
  duration_ms: 0.262486
  type: 'test'
  ...
# Subtest: graph merge preserves existing ids, joins nearby endpoints and removes duplicate edges
ok 333 - graph merge preserves existing ids, joins nearby endpoints and removes duplicate edges
  ---
  duration_ms: 83.565348
  type: 'test'
  ...
# Subtest: chunk cache isolates worlds and can remove one world
ok 334 - chunk cache isolates worlds and can remove one world
  ---
  duration_ms: 0.388942
  type: 'test'
  ...
# Subtest: RoadService chunk acquisition projects roads into the original world coordinate system
ok 335 - RoadService chunk acquisition projects roads into the original world coordinate system
  ---
  duration_ms: 5.949514
  type: 'test'
  ...
# Subtest: service roads are available while private driveway-like service ways remain excluded
ok 336 - service roads are available while private driveway-like service ways remain excluded
  ---
  duration_ms: 0.725858
  type: 'test'
  ...
# Subtest: player frontier movement uses sandbox fallback, grows the live map and survives save restore
ok 337 - player frontier movement uses sandbox fallback, grows the live map and survives save restore
  ---
  duration_ms: 95.482728
  type: 'test'
  ...
# Subtest: wooden survey tower uses the same acquisition stack and records a real merged road result
ok 338 - wooden survey tower uses the same acquisition stack and records a real merged road result
  ---
  duration_ms: 4.499377
  type: 'test'
  ...
# Subtest: v2 false-empty and stale cache markers are released so old saves can expand again
ok 339 - v2 false-empty and stale cache markers are released so old saves can expand again
  ---
  duration_ms: 0.454789
  type: 'test'
  ...
# Subtest: clustered intersections build a connected graph and combat route
ok 340 - clustered intersections build a connected graph and combat route
  ---
  duration_ms: 2.748932
  type: 'test'
  ...
# Subtest: one RoadService load performs one acquisition and produces indexed graph data
ok 341 - one RoadService load performs one acquisition and produces indexed graph data
  ---
  duration_ms: 9.557861
  type: 'test'
  ...
# Subtest: chunk prefetch only includes crossed or nearby grid edges
ok 342 - chunk prefetch only includes crossed or nearby grid edges
  ---
  duration_ms: 1.518793
  type: 'test'
  ...
# Subtest: manager merges a new chunk, records it and persists a compact cache entry
ok 343 - manager merges a new chunk, records it and persists a compact cache entry
  ---
  duration_ms: 4.771343
  type: 'test'
  ...
# Subtest: manager loads a cached chunk without calling the road server
ok 344 - manager loads a cached chunk without calling the road server
  ---
  duration_ms: 3.661655
  type: 'test'
  ...
# Subtest: failed acquisitions cool down without blocking unrelated nearby chunks
ok 345 - failed acquisitions cool down without blocking unrelated nearby chunks
  ---
  duration_ms: 80.743413
  type: 'test'
  ...
# Subtest: chunk centers remain based on the original world center
ok 346 - chunk centers remain based on the original world center
  ---
  duration_ms: 0.179835
  type: 'test'
  ...
# Subtest: legacy unrelated coverage is released while graph-derived and explicitly merged chunks remain confirmed
ok 347 - legacy unrelated coverage is released while graph-derived and explicitly merged chunks remain confirmed
  ---
  duration_ms: 0.504202
  type: 'test'
  ...
# Subtest: approaching a visible road endpoint queues forward chunks before the grid boundary
ok 348 - approaching a visible road endpoint queues forward chunks before the grid boundary
  ---
  duration_ms: 1.768881
  type: 'test'
  ...
# Subtest: movement lookahead queues the travel direction even before the player reaches a chunk edge
ok 349 - movement lookahead queues the travel direction even before the player reaches a chunk edge
  ---
  duration_ms: 1.137453
  type: 'test'
  ...
# Subtest: frontier failures retry after the shorter movement cooldown
ok 350 - frontier failures retry after the shorter movement cooldown
  ---
  duration_ms: 1.519966
  type: 'test'
  ...
# Subtest: an internal cul-de-sac does not masquerade as the outer road frontier
ok 351 - an internal cul-de-sac does not masquerade as the outer road frontier
  ---
  duration_ms: 1.368182
  type: 'test'
  ...
# Subtest: lookahead road chunks remain hidden until the player physically enters them
ok 352 - lookahead road chunks remain hidden until the player physically enters them
  ---
  duration_ms: 1.694642
  type: 'test'
  ...
# Subtest: road-frontier movement completes acquisition and merges the new road into the live map
ok 353 - road-frontier movement completes acquisition and merges the new road into the live map
  ---
  duration_ms: 12.776615
  type: 'test'
  ...
# Subtest: aborting road acquisition prevents a late response from repopulating reset state
ok 354 - aborting road acquisition prevents a late response from repopulating reset state
  ---
  duration_ms: 77.992962
  type: 'test'
  ...
# Subtest: an old cached empty graph is discarded and reacquired instead of blocking map growth
ok 355 - an old cached empty graph is discarded and reacquired instead of blocking map growth
  ---
  duration_ms: 1.479536
  type: 'test'
  ...
# Subtest: JSONP URL includes the Overpass query and isolated callback name
ok 356 - JSONP URL includes the Overpass query and isolated callback name
  ---
  duration_ms: 0.862849
  type: 'test'
  ...
# Subtest: sandbox transport uses an opaque-origin iframe and returns only the validated payload
ok 357 - sandbox transport uses an opaque-origin iframe and returns only the validated payload
  ---
  duration_ms: 78.107015
  type: 'test'
  ...
# Subtest: sandbox transport aborts without leaving the iframe or message listener behind
ok 358 - sandbox transport aborts without leaving the iframe or message listener behind
  ---
  duration_ms: 0.925952
  type: 'test'
  ...
# Subtest: save data remains JSON and graph indexes are reconstructed after load
ok 359 - save data remains JSON and graph indexes are reconstructed after load
  ---
  duration_ms: 2.800789
  type: 'test'
  ...
# Subtest: v0.19 object-form road graphs remain loadable after compact saves are introduced
ok 360 - v0.19 object-form road graphs remain loadable after compact saves are introduced
  ---
  duration_ms: 0.370285
  type: 'test'
  ...
# Subtest: detached-state save consumes one caller-owned snapshot without mutating the live source state
ok 361 - detached-state save consumes one caller-owned snapshot without mutating the live source state
  ---
  duration_ms: 0.44841
  type: 'test'
  ...
# Subtest: lifecycle follows the new startup sequence
ok 362 - lifecycle follows the new startup sequence
  ---
  duration_ms: 2.300403
  type: 'test'
  ...
# Subtest: invalid transition is rejected
ok 363 - invalid transition is rejected
  ---
  duration_ms: 0.519164
  type: 'test'
  ...
# Subtest: state snapshots cannot mutate the store
ok 364 - state snapshots cannot mutate the store
  ---
  duration_ms: 0.535568
  type: 'test'
  ...
# Subtest: failed transactions leave the committed state untouched
ok 365 - failed transactions leave the committed state untouched
  ---
  duration_ms: 2.204907
  type: 'test'
  ...
# Subtest: mutator exceptions roll back state and buffered domain events
ok 366 - mutator exceptions roll back state and buffered domain events
  ---
  duration_ms: 0.445895
  type: 'test'
  ...
# Subtest: read returns detached object values and old mutation APIs are absent
ok 367 - read returns detached object values and old mutation APIs are absent
  ---
  duration_ms: 0.238781
  type: 'test'
  ...
# Subtest: asynchronous mutators are rejected before they can commit a draft
ok 368 - asynchronous mutators are rejected before they can commit a draft
  ---
  duration_ms: 0.381581
  type: 'test'
  ...
# Subtest: listener failures are isolated after a successful committed transaction
ok 369 - listener failures are isolated after a successful committed transaction
  ---
  duration_ms: 0.345898
  type: 'test'
  ...
# Subtest: source contains no legacy function override pattern or duplicate fetchRoadGraph
ok 370 - source contains no legacy function override pattern or duplicate fetchRoadGraph
  ---
  duration_ms: 402.423911
  type: 'test'
  ...
# Subtest: repair relay remains available as a build tool
ok 371 - repair relay remains available as a build tool
  ---
  duration_ms: 2.092863
  type: 'test'
  ...
# Subtest: base construction ranges grow gradually with a hard cap while the current-position radius stays fixed
ok 372 - base construction ranges grow gradually with a hard cap while the current-position radius stays fixed
  ---
  duration_ms: 2.449032
  type: 'test'
  ...
# Subtest: civilization advancement unlocks nearby road sites without covering the initial road map
ok 373 - civilization advancement unlocks nearby road sites without covering the initial road map
  ---
  duration_ms: 0.99239
  type: 'test'
  ...
# Subtest: civilization growth does not turn the player position into an unlimited mobile construction anchor
ok 374 - civilization growth does not turn the player position into an unlimited mobile construction anchor
  ---
  duration_ms: 0.292581
  type: 'test'
  ...
# Subtest: build placement cache includes the actual anchor radius so a civilization level-up redraws sites
ok 375 - build placement cache includes the actual anchor radius so a civilization level-up redraws sites
  ---
  duration_ms: 86.164695
  type: 'test'
  ...
# Subtest: survey facility UI exposes manual retry and an observable successful connection record
ok 376 - survey facility UI exposes manual retry and an observable successful connection record
  ---
  duration_ms: 1.74743
  type: 'test'
  ...
# Subtest: survey facility is a civilization level 1 tower with approved tier progression
ok 377 - survey facility is a civilization level 1 tower with approved tier progression
  ---
  duration_ms: 2.143543
  type: 'test'
  ...
# Subtest: survey facility cannot be built before civilization level 1 or from the player-only build zone
ok 378 - survey facility cannot be built before civilization level 1 or from the player-only build zone
  ---
  duration_ms: 1.872614
  type: 'test'
  ...
# Subtest: each owned base can operate only one active survey facility
ok 379 - each owned base can operate only one active survey facility
  ---
  duration_ms: 1.384642
  type: 'test'
  ...
# Subtest: survey candidate selection expands one adjacent unloaded chunk inside the tier radius
ok 380 - survey candidate selection expands one adjacent unloaded chunk inside the tier radius
  ---
  duration_ms: 8.569503
  type: 'test'
  ...
# Subtest: survey-loaded roads are recorded separately from physically observed regions
ok 381 - survey-loaded roads are recorded separately from physically observed regions
  ---
  duration_ms: 80.608674
  type: 'test'
  ...
# Subtest: remote survey does not reveal exact frontier sources or ambient exploration sites
ok 382 - remote survey does not reveal exact frontier sources or ambient exploration sites
  ---
  duration_ms: 1.02617
  type: 'test'
  ...
# Subtest: entering a surveyed chunk promotes it to physical observation and reveals local content
ok 383 - entering a surveyed chunk promotes it to physical observation and reveals local content
  ---
  duration_ms: 4.368475
  type: 'test'
  ...
# Subtest: survey scheduler serializes facilities and enforces a global real-time cooldown
ok 384 - survey scheduler serializes facilities and enforces a global real-time cooldown
  ---
  duration_ms: 2.398838
  type: 'test'
  ...
# Subtest: survey status reports radius, cadence and remaining expansion work
ok 385 - survey status reports radius, cadence and remaining expansion work
  ---
  duration_ms: 0.63242
  type: 'test'
  ...
# Subtest: survey tower upgrade remains gated by the matching civilization level
ok 386 - survey tower upgrade remains gated by the matching civilization level
  ---
  duration_ms: 0.607073
  type: 'test'
  ...
# Subtest: a survey facility anchored to a destroyed simple base stops operating until the base is rebuilt
ok 387 - a survey facility anchored to a destroyed simple base stops operating until the base is rebuilt
  ---
  duration_ms: 0.306661
  type: 'test'
  ...
# Subtest: survey-only road chunks do not receive exact enemy bases before physical observation
ok 388 - survey-only road chunks do not receive exact enemy bases before physical observation
  ---
  duration_ms: 1.065116
  type: 'test'
  ...
# Subtest: survey progress and physical-observation boundaries survive save and restore
ok 389 - survey progress and physical-observation boundaries survive save and restore
  ---
  duration_ms: 1.025858
  type: 'test'
  ...
# Subtest: manual survey bypasses a previous retry cooldown and records the real connection used after success
ok 390 - manual survey bypasses a previous retry cooldown and records the real connection used after success
  ---
  duration_ms: 12.067596
  type: 'test'
  ...
# Subtest: survey diagnostics distinguish successful communication from later road-processing failure
ok 391 - survey diagnostics distinguish successful communication from later road-processing failure
  ---
  duration_ms: 74.815054
  type: 'test'
  ...
# Subtest: resource outpost runtime is completely removed while legacy saves are safely stripped
ok 392 - resource outpost runtime is completely removed while legacy saves are safely stripped
  ---
  duration_ms: 88.52498
  type: 'test'
  ...
# Subtest: resource-camp capture rewards cover the mandatory ore gates of later civilization projects
ok 393 - resource-camp capture rewards cover the mandatory ore gates of later civilization projects
  ---
  duration_ms: 0.23134
  type: 'test'
  ...
# Subtest: project-only trial bronze goes directly to the active project and cannot be overproduced
ok 394 - project-only trial bronze goes directly to the active project and cannot be overproduced
  ---
  duration_ms: 1.531572
  type: 'test'
  ...
# Subtest: actual smelting chains turn scheduled resource-camp rewards into the mandatory bronze and iron progression totals
ok 395 - actual smelting chains turn scheduled resource-camp rewards into the mandatory bronze and iron progression totals
  ---
  duration_ms: 6.950397
  type: 'test'
  ...
# Subtest: wave doctrine changes actual routing and resource-base composition rather than only the label
ok 396 - wave doctrine changes actual routing and resource-base composition rather than only the label
  ---
  duration_ms: 3.276709
  type: 'test'
  ...
# Subtest: upgraded tower ranges affect evasive route selection
ok 397 - upgraded tower ranges affect evasive route selection
  ---
  duration_ms: 0.710385
  type: 'test'
  ...
# Subtest: shield tiers use their declared protection values and new enemies use correct friendly matchups
ok 398 - shield tiers use their declared protection values and new enemies use correct friendly matchups
  ---
  duration_ms: 0.675424
  type: 'test'
  ...
# Subtest: hunters abandon squads outside their pursuit radius
ok 399 - hunters abandon squads outside their pursuit radius
  ---
  duration_ms: 1.453848
  type: 'test'
  ...
# Subtest: additional major bases are real attack targets, can be destroyed, persist, and rebuild on site
ok 400 - additional major bases are real attack targets, can be destroyed, persist, and rebuild on site
  ---
  duration_ms: 1.347502
  type: 'test'
  ...
# Subtest: spawned and legacy-loaded enemies retain their defined visual radius and field-base UI lists retrieval units
ok 401 - spawned and legacy-loaded enemies retain their defined visual radius and field-base UI lists retrieval units
  ---
  duration_ms: 79.047964
  type: 'test'
  ...
# Subtest: destroyed major-base ruins still occupy their slot and block overlapping replacement placement
ok 402 - destroyed major-base ruins still occupy their slot and block overlapping replacement placement
  ---
  duration_ms: 1.07468
  type: 'test'
  ...
# Subtest: only one tab owns the synchronous storage lease
ok 403 - only one tab owns the synchronous storage lease
  ---
  duration_ms: 1.055082
  type: 'test'
  ...
# Subtest: broadcast fallback elects one primary tab when storage is unavailable
ok 404 - broadcast fallback elects one primary tab when storage is unavailable
  ---
  duration_ms: 0.791299
  type: 'test'
  ...
# Subtest: remaining route distance accounts for current edge progress
ok 405 - remaining route distance accounts for current edge progress
  ---
  duration_ms: 1.296652
  type: 'test'
  ...
# Subtest: threat level escalates from contact to critical
ok 406 - threat level escalates from contact to critical
  ---
  duration_ms: 0.493235
  type: 'test'
  ...
# Subtest: clear threat reports stable defense line
ok 407 - clear threat reports stable defense line
  ---
  duration_ms: 0.213304
  type: 'test'
  ...
# Subtest: tactical routes and focus render with a minimal canvas context
ok 408 - tactical routes and focus render with a minimal canvas context
  ---
  duration_ms: 9.923879
  type: 'test'
  ...
# Subtest: selected enemy base no longer renders a misleading player capture radius
ok 409 - selected enemy base no longer renders a misleading player capture radius
  ---
  duration_ms: 0.41463
  type: 'test'
  ...
# Subtest: HUD and modal CSS do not use unreadably small explicit type
ok 410 - HUD and modal CSS do not use unreadably small explicit type
  ---
  duration_ms: 6.519703
  type: 'test'
  ...
# Subtest: Canvas labels retain a readable minimum without changing world scale
ok 411 - Canvas labels retain a readable minimum without changing world scale
  ---
  duration_ms: 82.55396
  type: 'test'
  ...
# Subtest: larger tool labels receive matching control height and context clearance
ok 412 - larger tool labels receive matching control height and context clearance
  ---
  duration_ms: 1.499715
  type: 'test'
  ...
# Subtest: opening command, civilization and deployment UI does not mutate committed game state
ok 413 - opening command, civilization and deployment UI does not mutate committed game state
  ---
  duration_ms: 69.589704
  type: 'test'
  ...
# Subtest: periodic HUD refresh shares one detached state snapshot across all UI panels
ok 414 - periodic HUD refresh shares one detached state snapshot across all UI panels
  ---
  duration_ms: 4.566776
  type: 'test'
  ...
# Subtest: a fully destroyed wave increments perfect defense streak exactly once
ok 415 - a fully destroyed wave increments perfect defense streak exactly once
  ---
  duration_ms: 4.002206
  type: 'test'
  ...
# Subtest: enemy-base guard launches once and does not count as a perfect defense wave
ok 416 - enemy-base guard launches once and does not count as a perfect defense wave
  ---
  duration_ms: 1.890936
  type: 'test'
  ...
# Subtest: civilization level creates resource bases without duplicating them
ok 417 - civilization level creates resource bases without duplicating them
  ---
  duration_ms: 8.140967
  type: 'test'
  ...
# Subtest: initial base placement excludes civilization resource bases
ok 418 - initial base placement excludes civilization resource bases
  ---
  duration_ms: 12.925128
  type: 'test'
  ...
# Subtest: destroyed base waits for its respawn timer and then reappears elsewhere
ok 419 - destroyed base waits for its respawn timer and then reappears elsewhere
  ---
  duration_ms: 1.17678
  type: 'test'
  ...
# Subtest: initial enemy bases spread across independent road fronts when the graph permits it
ok 420 - initial enemy bases spread across independent road fronts when the graph permits it
  ---
  duration_ms: 1.082793
  type: 'test'
  ...
# Subtest: stacked initial enemy bases receive progressively longer opening delays on a one-front road
ok 421 - stacked initial enemy bases receive progressively longer opening delays on a one-front road
  ---
  duration_ms: 1.038447
  type: 'test'
  ...
# Subtest: region activity follows the nearest city or player anchor
ok 422 - region activity follows the nearest city or player anchor
  ---
  duration_ms: 1.745227
  type: 'test'
  ...
# Subtest: regional clocks only release peripheral and dormant simulation at their intervals
ok 423 - regional clocks only release peripheral and dormant simulation at their intervals
  ---
  duration_ms: 1.034602
  type: 'test'
  ...
# Subtest: dormant enemies and facilities advance only when the remote interval is due
ok 424 - dormant enemies and facilities advance only when the remote interval is due
  ---
  duration_ms: 5.981396
  type: 'test'
  ...
# Subtest: road graph spatial index excludes distant roads from local queries
ok 425 - road graph spatial index excludes distant roads from local queries
  ---
  duration_ms: 1.770504
  type: 'test'
  ...
# Subtest: expanded road graphs use compact save encoding and restore gameplay fields
ok 426 - expanded road graphs use compact save encoding and restore gameplay fields
  ---
  duration_ms: 4.489698
  type: 'test'
  ...
1..426
# tests 426
# suites 0
# pass 426
# fail 0
# cancelled 0
# skipped 0
# todo 0
# duration_ms 6770.829742
