
> frontline-roads-refactor@0.28.2 verify
> npm run syntax && npm test


> frontline-roads-refactor@0.28.2 syntax
> find src tests -name '*.js' -print0 | xargs -0 -n1 node --check && node --check sw.js


> frontline-roads-refactor@0.28.2 test
> node --test

TAP version 13
# Subtest: HTML references only existing local app resources and required controls exist
ok 1 - HTML references only existing local app resources and required controls exist
  ---
  duration_ms: 63.716928
  type: 'test'
  ...
# Subtest: every required DOM id used by bootstrap exists in HTML
ok 2 - every required DOM id used by bootstrap exists in HTML
  ---
  duration_ms: 7.681404
  type: 'test'
  ...
# Subtest: service worker app shell contains every runtime source file and all paths exist
ok 3 - service worker app shell contains every runtime source file and all paths exist
  ---
  duration_ms: 201.728167
  type: 'test'
  ...
# Subtest: development tree has no premature single-HTML build output
ok 4 - development tree has no premature single-HTML build output
  ---
  duration_ms: 3.045538
  type: 'test'
  ...
# Subtest: service worker only deletes FRONTLINE ROADS caches
ok 5 - service worker only deletes FRONTLINE ROADS caches
  ---
  duration_ms: 3.151111
  type: 'test'
  ...
# Subtest: service worker falls back to HTML only for navigation requests
ok 6 - service worker falls back to HTML only for navigation requests
  ---
  duration_ms: 3.576549
  type: 'test'
  ...
# Subtest: release version is synchronized across package, runtime label and service-worker cache
ok 7 - release version is synchronized across package, runtime label and service-worker cache
  ---
  duration_ms: 9.424412
  type: 'test'
  ...
# Subtest: storage denial is detected without crashing construction
ok 8 - storage denial is detected without crashing construction
  ---
  duration_ms: 2.029889
  type: 'test'
  ...
# Subtest: invalid shallow save is quarantined instead of bricking startup
ok 9 - invalid shallow save is quarantined instead of bricking startup
  ---
  duration_ms: 2.092124
  type: 'test'
  ...
# Subtest: saved game removes exact position history and rounds map origin
ok 10 - saved game removes exact position history and rounds map origin
  ---
  duration_ms: 4.393955
  type: 'test'
  ...
# Subtest: state validation rejects malformed saved road graph
ok 11 - state validation rejects malformed saved road graph
  ---
  duration_ms: 0.412136
  type: 'test'
  ...
# Subtest: stone gate conversion cannot be used before civilization level 2
ok 12 - stone gate conversion cannot be used before civilization level 2
  ---
  duration_ms: 1.320712
  type: 'test'
  ...
# Subtest: path invalidation waits for the current edge instead of teleporting backward
ok 13 - path invalidation waits for the current edge instead of teleporting backward
  ---
  duration_ms: 1.864064
  type: 'test'
  ...
# Subtest: grade-separated endpoints are not merged into one intersection
ok 14 - grade-separated endpoints are not merged into one intersection
  ---
  duration_ms: 1.723538
  type: 'test'
  ...
# Subtest: long OSM geometry is subdivided rather than discarded
ok 15 - long OSM geometry is subdivided rather than discarded
  ---
  duration_ms: 3.122564
  type: 'test'
  ...
# Subtest: complete reset clears current, legacy, and backup save keys
ok 16 - complete reset clears current, legacy, and backup save keys
  ---
  duration_ms: 0.873975
  type: 'test'
  ...
# Subtest: production source only enables dev fixture on local or explicit test origins
ok 17 - production source only enables dev fixture on local or explicit test origins
  ---
  duration_ms: 90.759961
  type: 'test'
  ...
# Subtest: development fixture disables browser JSONP and uses injected road data
ok 18 - development fixture disables browser JSONP and uses injected road data
  ---
  duration_ms: 3.402915
  type: 'test'
  ...
# Subtest: tier-zero area and slow defenses use the approved restrained values
ok 19 - tier-zero area and slow defenses use the approved restrained values
  ---
  duration_ms: 2.545173
  type: 'test'
  ...
# Subtest: area defense applies full damage to one target, reduced splash and a hard target cap
ok 20 - area defense applies full damage to one target, reduced splash and a hard target cap
  ---
  duration_ms: 2.588708
  type: 'test'
  ...
# Subtest: slow defense affects only the nearest approved number of targets
ok 21 - slow defense affects only the nearest approved number of targets
  ---
  duration_ms: 0.60462
  type: 'test'
  ...
# Subtest: enemy base growth follows age thresholds and civilization caps
ok 22 - enemy base growth follows age thresholds and civilization caps
  ---
  duration_ms: 0.654733
  type: 'test'
  ...
# Subtest: enemy level multipliers scale durability, attack and speed without runaway speed growth
ok 23 - enemy level multipliers scale durability, attack and speed without runaway speed growth
  ---
  duration_ms: 0.487692
  type: 'test'
  ...
# Subtest: spawned enemies retain the source base level and scaled HP for their lifetime
ok 24 - spawned enemies retain the source base level and scaled HP for their lifetime
  ---
  duration_ms: 0.871922
  type: 'test'
  ...
# Subtest: enemy base levels add exactly one unit per level
ok 25 - enemy base levels add exactly one unit per level
  ---
  duration_ms: 0.986121
  type: 'test'
  ...
# Subtest: new civilization enemy generations phase in at 15, 30, 45 and 60 minutes
ok 26 - new civilization enemy generations phase in at 15, 30, 45 and 60 minutes
  ---
  duration_ms: 0.341548
  type: 'test'
  ...
# Subtest: higher enemy base levels increase pressure gradually rather than all at once
ok 27 - higher enemy base levels increase pressure gradually rather than all at once
  ---
  duration_ms: 0.571408
  type: 'test'
  ...
# Subtest: a level-two mixed wave now reaches a city defended only by tier-zero area and slow facilities
ok 28 - a level-two mixed wave now reaches a city defended only by tier-zero area and slow facilities
  ---
  duration_ms: 98.246935
  type: 'test'
  ...
# Subtest: a heavier level-two formation creates meaningful pressure without instantly defeating the city
ok 29 - a heavier level-two formation creates meaningful pressure without instantly defeating the city
  ---
  duration_ms: 16.013715
  type: 'test'
  ...
# Subtest: enemy base level increases emit one visible threat notification
ok 30 - enemy base level increases emit one visible threat notification
  ---
  duration_ms: 2.255307
  type: 'test'
  ...
# Subtest: enemy individual level and scaled HP survive save and restore
ok 31 - enemy individual level and scaled HP survive save and restore
  ---
  duration_ms: 291.58532
  type: 'test'
  ...
# Subtest: a new civilization generation keeps the previous generation during its opening grace window
ok 32 - a new civilization generation keeps the previous generation during its opening grace window
  ---
  duration_ms: 0.559015
  type: 'test'
  ...
# Subtest: enemy system applies the spawned enemy level to movement and city damage
ok 33 - enemy system applies the spawned enemy level to movement and city damage
  ---
  duration_ms: 0.322607
  type: 'test'
  ...
# Subtest: base command panel summarizes remote threats, facilities, squads and recoveries
ok 34 - base command panel summarizes remote threats, facilities, squads and recoveries
  ---
  duration_ms: 4.061346
  type: 'test'
  ...
# Subtest: base command UI lists all bases and switches the map camera without moving the player
ok 35 - base command UI lists all bases and switches the map camera without moving the player
  ---
  duration_ms: 4.07224
  type: 'test'
  ...
# Subtest: base command UI establishes an unlocked base at the current road position
ok 36 - base command UI establishes an unlocked base at the current road position
  ---
  duration_ms: 2.139241
  type: 'test'
  ...
# Subtest: combat renderer includes a distinct marker for secondary player bases
ok 37 - combat renderer includes a distinct marker for secondary player bases
  ---
  duration_ms: 91.655145
  type: 'test'
  ...
# Subtest: base command UI lists simple bases separately and can focus or rebuild a destroyed one
ok 38 - base command UI lists simple bases separately and can focus or rebuild a destroyed one
  ---
  duration_ms: 4.64123
  type: 'test'
  ...
# Subtest: combat renderer includes a distinct marker for simple bases and ruins
ok 39 - combat renderer includes a distinct marker for simple bases and ruins
  ---
  duration_ms: 4.546892
  type: 'test'
  ...
# Subtest: selection snaps to the existing graph and creates a base without refetching
ok 40 - selection snaps to the existing graph and creates a base without refetching
  ---
  duration_ms: 89.436699
  type: 'test'
  ...
# Subtest: a tap outside the road tolerance is rejected
ok 41 - a tap outside the road tolerance is rejected
  ---
  duration_ms: 0.372426
  type: 'test'
  ...
# Subtest: base placement uses a dedicated map viewport instead of drawing behind controls
ok 42 - base placement uses a dedicated map viewport instead of drawing behind controls
  ---
  duration_ms: 13.614447
  type: 'test'
  ...
# Subtest: base placement screen keeps the canvas clip synchronized with the viewport
ok 43 - base placement screen keeps the canvas clip synchronized with the viewport
  ---
  duration_ms: 5.560312
  type: 'test'
  ...
# Subtest: barrier highlighting is clipped to the build-radius portion of a road
ok 44 - barrier highlighting is clipped to the build-radius portion of a road
  ---
  duration_ms: 3.141697
  type: 'test'
  ...
# Subtest: build placement overlay draws valid sites, build radius and candidate effect radius
ok 45 - build placement overlay draws valid sites, build radius and candidate effect radius
  ---
  duration_ms: 1.393852
  type: 'test'
  ...
# Subtest: barrier overlay tolerates a minimal canvas implementation
ok 46 - barrier overlay tolerates a minimal canvas implementation
  ---
  duration_ms: 0.5949
  type: 'test'
  ...
# Subtest: renderer draws construction guidance after combat effects so candidates stay visible
ok 47 - renderer draws construction guidance after combat effects so candidates stay visible
  ---
  duration_ms: 87.782165
  type: 'test'
  ...
# Subtest: build sites expose only unoccupied placements inside the home-base range
ok 48 - build sites expose only unoccupied placements inside the home-base range
  ---
  duration_ms: 8.036883
  type: 'test'
  ...
# Subtest: previewing a candidate does not consume resources or create a defense
ok 49 - previewing a candidate does not consume resources or create a defense
  ---
  duration_ms: 1.855542
  type: 'test'
  ...
# Subtest: a confirmed candidate consumes resources exactly once and creates the selected defense
ok 50 - a confirmed candidate consumes resources exactly once and creates the selected defense
  ---
  duration_ms: 1.803978
  type: 'test'
  ...
# Subtest: a stale candidate is rejected without spending resources
ok 51 - a stale candidate is rejected without spending resources
  ---
  duration_ms: 1.025684
  type: 'test'
  ...
# Subtest: candidate confirmation rechecks resources that changed after preview
ok 52 - candidate confirmation rechecks resources that changed after preview
  ---
  duration_ms: 1.008218
  type: 'test'
  ...
# Subtest: barrier candidates retain the tapped road position and reject out-of-range points
ok 53 - barrier candidates retain the tapped road position and reject out-of-range points
  ---
  duration_ms: 1.095077
  type: 'test'
  ...
# Subtest: rebuilding a ruined placement at the same world time creates a distinct defense id
ok 54 - rebuilding a ruined placement at the same world time creates a distinct defense id
  ---
  duration_ms: 1.576061
  type: 'test'
  ...
# Subtest: preview skips an occupied nearest intersection when another valid intersection is within the tap tolerance
ok 55 - preview skips an occupied nearest intersection when another valid intersection is within the tap tolerance
  ---
  duration_ms: 0.746649
  type: 'test'
  ...
# Subtest: preview skips an occupied nearest road when another valid road is within the tap tolerance
ok 56 - preview skips an occupied nearest road when another valid road is within the tap tolerance
  ---
  duration_ms: 1.643405
  type: 'test'
  ...
# Subtest: player position creates a second build zone away from the home base
ok 57 - player position creates a second build zone away from the home base
  ---
  duration_ms: 1.447806
  type: 'test'
  ...
# Subtest: a current-location candidate is rejected if the player leaves its build zone before confirmation
ok 58 - a current-location candidate is rejected if the player leaves its build zone before confirmation
  ---
  duration_ms: 0.660314
  type: 'test'
  ...
# Subtest: overlapping home-base and player positions are represented as one build zone
ok 59 - overlapping home-base and player positions are represented as one build zone
  ---
  duration_ms: 0.502994
  type: 'test'
  ...
# Subtest: inventory has one canonical resource store and preserves overflow
ok 60 - inventory has one canonical resource store and preserves overflow
  ---
  duration_ms: 7.679275
  type: 'test'
  ...
# Subtest: production reserves inputs once and completes through the civilization update
ok 61 - production reserves inputs once and completes through the civilization update
  ---
  duration_ms: 3.012618
  type: 'test'
  ...
# Subtest: enemy bases are no longer captured by standing nearby
ok 62 - enemy bases are no longer captured by standing nearby
  ---
  duration_ms: 0.268449
  type: 'test'
  ...
# Subtest: legacy ruined outposts can still be restored and produce resources
ok 63 - legacy ruined outposts can still be restored and produce resources
  ---
  duration_ms: 1.75659
  type: 'test'
  ...
# Subtest: settlement damage ruins a building and disables its production
ok 64 - settlement damage ruins a building and disables its production
  ---
  duration_ms: 0.955285
  type: 'test'
  ...
# Subtest: production overflow stays in the building buffer until collection
ok 65 - production overflow stays in the building buffer until collection
  ---
  duration_ms: 1.099849
  type: 'test'
  ...
# Subtest: every civilization project uses implemented requirements and fits the unlocked settlement slots
ok 66 - every civilization project uses implemented requirements and fits the unlocked settlement slots
  ---
  duration_ms: 0.679943
  type: 'test'
  ...
# Subtest: map tap only selects a build candidate and confirmation performs the mutation
ok 67 - map tap only selects a build candidate and confirmation performs the mutation
  ---
  duration_ms: 479.471534
  type: 'test'
  ...
# Subtest: combat UI no longer calls immediate buildAt from map taps
ok 68 - combat UI no longer calls immediate buildAt from map taps
  ---
  duration_ms: 22.791589
  type: 'test'
  ...
# Subtest: an invalid second tap clears the previous candidate to prevent confirming the wrong location
ok 69 - an invalid second tap clears the previous candidate to prevent confirming the wrong location
  ---
  duration_ms: 2.68221
  type: 'test'
  ...
# Subtest: build confirmation is disabled while the selected facility is unaffordable
ok 70 - build confirmation is disabled while the selected facility is unaffordable
  ---
  duration_ms: 65.939818
  type: 'test'
  ...
# Subtest: combat effect buffer is capped and prunes expired effects
ok 71 - combat effect buffer is capped and prunes expired effects
  ---
  duration_ms: 1.897881
  type: 'test'
  ...
# Subtest: event bus creates transient shot and city warning effects
ok 72 - event bus creates transient shot and city warning effects
  ---
  duration_ms: 12.287348
  type: 'test'
  ...
# Subtest: manual defense upgrade events create a visible pulse
ok 73 - manual defense upgrade events create a visible pulse
  ---
  duration_ms: 0.60155
  type: 'test'
  ...
# Subtest: barrier changes weighted enemy route without creating another graph
ok 74 - barrier changes weighted enemy route without creating another graph
  ---
  duration_ms: 4.574884
  type: 'test'
  ...
# Subtest: enemy position follows path direction rather than edge storage direction
ok 75 - enemy position follows path direction rather than edge storage direction
  ---
  duration_ms: 6.638012
  type: 'test'
  ...
# Subtest: build range is measured from established home base
ok 76 - build range is measured from established home base
  ---
  duration_ms: 67.781692
  type: 'test'
  ...
# Subtest: gun tower damages an enemy in range
ok 77 - gun tower damages an enemy in range
  ---
  duration_ms: 2.116705
  type: 'test'
  ...
# Subtest: enemy reaching the city deals damage and is removed
ok 78 - enemy reaching the city deals damage and is removed
  ---
  duration_ms: 1.782208
  type: 'test'
  ...
# Subtest: repair relay consumes resources and repairs only the most damaged target
ok 79 - repair relay consumes resources and repairs only the most damaged target
  ---
  duration_ms: 18.593892
  type: 'test'
  ...
# Subtest: city recovers after a quiet period and a large update only heals post-cooldown time
ok 80 - city recovers after a quiet period and a large update only heals post-cooldown time
  ---
  duration_ms: 388.25302
  type: 'test'
  ...
# Subtest: city defeat never creates negative resources and reports unpaid emergency recovery honestly
ok 81 - city defeat never creates negative resources and reports unpaid emergency recovery honestly
  ---
  duration_ms: 98.167842
  type: 'test'
  ...
# Subtest: barrier has player-facing role, effect, placement and numeric metrics
ok 82 - barrier has player-facing role, effect, placement and numeric metrics
  ---
  duration_ms: 1.533787
  type: 'test'
  ...
# Subtest: gun has player-facing role, effect, placement and numeric metrics
ok 83 - gun has player-facing role, effect, placement and numeric metrics
  ---
  duration_ms: 0.37157
  type: 'test'
  ...
# Subtest: mortar has player-facing role, effect, placement and numeric metrics
ok 84 - mortar has player-facing role, effect, placement and numeric metrics
  ---
  duration_ms: 0.245918
  type: 'test'
  ...
# Subtest: slow has player-facing role, effect, placement and numeric metrics
ok 85 - slow has player-facing role, effect, placement and numeric metrics
  ---
  duration_ms: 0.490092
  type: 'test'
  ...
# Subtest: relay has player-facing role, effect, placement and numeric metrics
ok 86 - relay has player-facing role, effect, placement and numeric metrics
  ---
  duration_ms: 1.18799
  type: 'test'
  ...
# Subtest: all defense tiers define deterministic durability and sequential upgrade costs
ok 87 - all defense tiers define deterministic durability and sequential upgrade costs
  ---
  duration_ms: 1.944718
  type: 'test'
  ...
# Subtest: defense upgrades are sequential and locked to civilization level
ok 88 - defense upgrades are sequential and locked to civilization level
  ---
  duration_ms: 4.874911
  type: 'test'
  ...
# Subtest: upgrading preserves damage ratio instead of fully healing the facility
ok 89 - upgrading preserves damage ratio instead of fully healing the facility
  ---
  duration_ms: 1.316749
  type: 'test'
  ...
# Subtest: tier synchronization upgrades legacy durability without changing its health percentage
ok 90 - tier synchronization upgrades legacy durability without changing its health percentage
  ---
  duration_ms: 0.407729
  type: 'test'
  ...
# Subtest: destroyed and maximum-tier defenses cannot be upgraded
ok 91 - destroyed and maximum-tier defenses cannot be upgraded
  ---
  duration_ms: 0.835262
  type: 'test'
  ...
# Subtest: gate conversion starts at tier two and preserves the prior health ratio
ok 92 - gate conversion starts at tier two and preserves the prior health ratio
  ---
  duration_ms: 79.603305
  type: 'test'
  ...
# Subtest: combat UI shows the current tier name, next-tier changes, cost and lock state
ok 93 - combat UI shows the current tier name, next-tier changes, cost and lock state
  ---
  duration_ms: 299.984105
  type: 'test'
  ...
# Subtest: civilization panel explains the current defense tier ceiling and next unlock
ok 94 - civilization panel explains the current defense tier ceiling and next unlock
  ---
  duration_ms: 13.913792
  type: 'test'
  ...
# Subtest: applying a tier uses the explicit durability table for every facility class
ok 95 - applying a tier uses the explicit durability table for every facility class
  ---
  duration_ms: 0.937107
  type: 'test'
  ...
# Subtest: upgraded attack statistics are used by live combat rather than only the UI
ok 96 - upgraded attack statistics are used by live combat rather than only the UI
  ---
  duration_ms: 5.082488
  type: 'test'
  ...
# Subtest: defense details remain scrollable after the larger upgrade preview is added
ok 97 - defense details remain scrollable after the larger upgrade preview is added
  ---
  duration_ms: 82.315816
  type: 'test'
  ...
# Subtest: top HUD no longer exposes a global deployment button
ok 98 - top HUD no longer exposes a global deployment button
  ---
  duration_ms: 87.899559
  type: 'test'
  ...
# Subtest: enemy-base deployment opens with the tapped target fixed
ok 99 - enemy-base deployment opens with the tapped target fixed
  ---
  duration_ms: 16.603494
  type: 'test'
  ...
# Subtest: recovery-item deployment keeps the selected item fixed and only offers retrieval squads
ok 100 - recovery-item deployment keeps the selected item fixed and only offers retrieval squads
  ---
  duration_ms: 1.997735
  type: 'test'
  ...
# Subtest: combat target context exposes direct deployment actions
ok 101 - combat target context exposes direct deployment actions
  ---
  duration_ms: 81.43878
  type: 'test'
  ...
# Subtest: combat renderer includes visible friendly squad markers
ok 102 - combat renderer includes visible friendly squad markers
  ---
  duration_ms: 3.987014
  type: 'test'
  ...
# Subtest: enemy types make different barrier decisions from break time and detour time
ok 103 - enemy types make different barrier decisions from break time and detour time
  ---
  duration_ms: 4.009619
  type: 'test'
  ...
# Subtest: balanced infantry breaches a weakened wall instead of taking a long detour
ok 104 - balanced infantry breaches a weakened wall instead of taking a long detour
  ---
  duration_ms: 0.718248
  type: 'test'
  ...
# Subtest: raider selects repair support before ordinary weapon towers
ok 105 - raider selects repair support before ordinary weapon towers
  ---
  duration_ms: 79.613892
  type: 'test'
  ...
# Subtest: rope cutter selects slowing equipment before repair support
ok 106 - rope cutter selects slowing equipment before repair support
  ---
  duration_ms: 1.583028
  type: 'test'
  ...
# Subtest: specialist damages its selected facility and invalidates shared targets when it is destroyed
ok 107 - specialist damages its selected facility and invalidates shared targets when it is destroyed
  ---
  duration_ms: 1.637974
  type: 'test'
  ...
# Subtest: a newly built priority facility requests rerouting without teleporting an enemy off its current road
ok 108 - a newly built priority facility requests rerouting without teleporting an enemy off its current road
  ---
  duration_ms: 7.015741
  type: 'test'
  ...
# Subtest: loaded source chunk materializes a persistent enemy-source site
ok 109 - loaded source chunk materializes a persistent enemy-source site
  ---
  duration_ms: 5.745291
  type: 'test'
  ...
# Subtest: player can clear an enemy source on site and stop future frontier waves
ok 110 - player can clear an enemy source on site and stop future frontier waves
  ---
  duration_ms: 81.511471
  type: 'test'
  ...
# Subtest: enemy source interaction requires proximity and a clear local area
ok 111 - enemy source interaction requires proximity and a clear local area
  ---
  duration_ms: 1.831775
  type: 'test'
  ...
# Subtest: loaded chunks are processed once for deterministic ambient discoveries
ok 112 - loaded chunks are processed once for deterministic ambient discoveries
  ---
  duration_ms: 2.412653
  type: 'test'
  ...
# Subtest: exploration renderer draws active sites with a minimal canvas context
ok 113 - exploration renderer draws active sites with a minimal canvas context
  ---
  duration_ms: 1.083833
  type: 'test'
  ...
# Subtest: civilization level provides a separate simple-base limit
ok 114 - civilization level provides a separate simple-base limit
  ---
  duration_ms: 2.105679
  type: 'test'
  ...
# Subtest: simple-base placement requires civilization unlock, fresh GPS, road access and separation
ok 115 - simple-base placement requires civilization unlock, fresh GPS, road access and separation
  ---
  duration_ms: 3.530507
  type: 'test'
  ...
# Subtest: simple bases require and consume the processed-resource cost for their slot
ok 116 - simple bases require and consume the processed-resource cost for their slot
  ---
  duration_ms: 5.044334
  type: 'test'
  ...
# Subtest: simple base has 40 HP and creates only a 50m construction anchor
ok 117 - simple base has 40 HP and creates only a 50m construction anchor
  ---
  duration_ms: 2.753053
  type: 'test'
  ...
# Subtest: current assault squad can deploy from an active simple base
ok 118 - current assault squad can deploy from an active simple base
  ---
  duration_ms: 1.99115
  type: 'test'
  ...
# Subtest: nearby enemies can destroy a simple base and remove its construction and deployment roles
ok 119 - nearby enemies can destroy a simple base and remove its construction and deployment roles
  ---
  duration_ms: 81.832372
  type: 'test'
  ...
# Subtest: destroyed simple base keeps its slot and can only be rebuilt at the site
ok 120 - destroyed simple base keeps its slot and can only be rebuilt at the site
  ---
  duration_ms: 1.378326
  type: 'test'
  ...
# Subtest: simple-base state survives save and restore without precise location metadata
ok 121 - simple-base state survives save and restore without precise location metadata
  ---
  duration_ms: 2.854941
  type: 'test'
  ...
# Subtest: level-four civilization progress counts active simple bases instead of obsolete outposts
ok 122 - level-four civilization progress counts active simple bases instead of obsolete outposts
  ---
  duration_ms: 2.304531
  type: 'test'
  ...
# Subtest: a distant simple base does not pull attackers away from a much nearer city
ok 123 - a distant simple base does not pull attackers away from a much nearer city
  ---
  duration_ms: 1.498574
  type: 'test'
  ...
# Subtest: standing at a simple base keeps the wider current-location construction zone
ok 124 - standing at a simple base keeps the wider current-location construction zone
  ---
  duration_ms: 0.912262
  type: 'test'
  ...
# Subtest: a major base cannot be placed on top of an active simple base
ok 125 - a major base cannot be placed on top of an active simple base
  ---
  duration_ms: 1.178593
  type: 'test'
  ...
# Subtest: a destroyed simple-base ruin still blocks overlapping major-base placement
ok 126 - a destroyed simple-base ruin still blocks overlapping major-base placement
  ---
  duration_ms: 0.516354
  type: 'test'
  ...
# Subtest: an active simple base anchors regional simulation but a destroyed one does not
ok 127 - an active simple base anchors regional simulation but a destroyed one does not
  ---
  duration_ms: 109.168454
  type: 'test'
  ...
# Subtest: an enemy chooses a nearby simple base when it is meaningfully closer than the city
ok 128 - an enemy chooses a nearby simple base when it is meaningfully closer than the city
  ---
  duration_ms: 1.050927
  type: 'test'
  ...
# Subtest: deployment preview is non-destructive and dispatch spends the assault cost once
ok 129 - deployment preview is non-destructive and dispatch spends the assault cost once
  ---
  duration_ms: 67.75041
  type: 'test'
  ...
# Subtest: friendly squad stops to fight enemies and both sides exchange damage
ok 130 - friendly squad stops to fight enemies and both sides exchange damage
  ---
  duration_ms: 6.286801
  type: 'test'
  ...
# Subtest: squad destroys an enemy base, schedules respawn and returns to its origin
ok 131 - squad destroys an enemy base, schedules respawn and returns to its origin
  ---
  duration_ms: 10.11485
  type: 'test'
  ...
# Subtest: friendly squads survive JSON save and restore without exact base coordinates
ok 132 - friendly squads survive JSON save and restore without exact base coordinates
  ---
  duration_ms: 80.485517
  type: 'test'
  ...
# Subtest: remote friendly squads only advance when the dormant regional interval is due
ok 133 - remote friendly squads only advance when the dormant regional interval is due
  ---
  duration_ms: 17.213591
  type: 'test'
  ...
# Subtest: friendly order overlay draws selectable nodes, routes, destination and waypoints on a minimal canvas
ok 134 - friendly order overlay draws selectable nodes, routes, destination and waypoints on a minimal canvas
  ---
  duration_ms: 78.427697
  type: 'test'
  ...
# Subtest: combat UI exposes stop, retreat, withdraw, resume and two-waypoint route planning
ok 135 - combat UI exposes stop, retreat, withdraw, resume and two-waypoint route planning
  ---
  duration_ms: 12.96466
  type: 'test'
  ...
# Subtest: renderer places squad order guidance above combat and construction layers
ok 136 - renderer places squad order guidance above combat and construction layers
  ---
  duration_ms: 3.264428
  type: 'test'
  ...
# Subtest: stop holds a squad at its exact road position while retaining the mission
ok 137 - stop holds a squad at its exact road position while retaining the mission
  ---
  duration_ms: 9.135622
  type: 'test'
  ...
# Subtest: route command issued mid-edge preserves position and joins the chosen route at the next intersection
ok 138 - route command issued mid-edge preserves position and joins the chosen route at the next intersection
  ---
  duration_ms: 1.913506
  type: 'test'
  ...
# Subtest: retreat reaches the selected node, stops there, and keeps the original attack mission
ok 139 - retreat reaches the selected node, stops there, and keeps the original attack mission
  ---
  duration_ms: 82.936945
  type: 'test'
  ...
# Subtest: withdraw abandons the mission and begins recovery only after it reaches the origin
ok 140 - withdraw abandons the mission and begins recovery only after it reaches the origin
  ---
  duration_ms: 4.159232
  type: 'test'
  ...
# Subtest: stopping a retreat preserves the retreat destination for route-selected resume
ok 141 - stopping a retreat preserves the retreat destination for route-selected resume
  ---
  duration_ms: 0.756046
  type: 'test'
  ...
# Subtest: retreat validation rejects a node closer to the hostile base and accepts an owned base behind the squad
ok 142 - retreat validation rejects a node closer to the hostile base and accepts an owned base behind the squad
  ---
  duration_ms: 1.099801
  type: 'test'
  ...
# Subtest: route planner exposes distinct shortest, enemy-avoidance and friendly-support choices when the road graph allows them
ok 143 - route planner exposes distinct shortest, enemy-avoidance and friendly-support choices when the road graph allows them
  ---
  duration_ms: 3.529014
  type: 'test'
  ...
# Subtest: waypoints force every generated route through the selected intersections
ok 144 - waypoints force every generated route through the selected intersections
  ---
  duration_ms: 1.323469
  type: 'test'
  ...
# Subtest: retreating through a newly encountered enemy does not grant invulnerability
ok 145 - retreating through a newly encountered enemy does not grant invulnerability
  ---
  duration_ms: 204.816706
  type: 'test'
  ...
# Subtest: friendly orders, selected route and history survive save and restore
ok 146 - friendly orders, selected route and history survive save and restore
  ---
  duration_ms: 4.763924
  type: 'test'
  ...
# Subtest: a rejected withdraw route leaves the original mission untouched
ok 147 - a rejected withdraw route leaves the original mission untouched
  ---
  duration_ms: 77.132381
  type: 'test'
  ...
# Subtest: route orders reject paths whose edges do not connect the declared node sequence
ok 148 - route orders reject paths whose edges do not connect the declared node sequence
  ---
  duration_ms: 0.51723
  type: 'test'
  ...
# Subtest: route estimates include the remaining distance on the squad current road segment
ok 149 - route estimates include the remaining distance on the squad current road segment
  ---
  duration_ms: 0.658396
  type: 'test'
  ...
# Subtest: a map tap near a displayed route selects that route instead of becoming a waypoint
ok 150 - a map tap near a displayed route selects that route instead of becoming a waypoint
  ---
  duration_ms: 1.351502
  type: 'test'
  ...
# Subtest: civilization level one unlocks treatment and field aid with the approved progression
ok 151 - civilization level one unlocks treatment and field aid with the approved progression
  ---
  duration_ms: 1.597199
  type: 'test'
  ...
# Subtest: major bases recover a returned squad to full health and keep it ready for redeployment
ok 152 - major bases recover a returned squad to full health and keep it ready for redeployment
  ---
  duration_ms: 83.057871
  type: 'test'
  ...
# Subtest: a treatment facility accelerates healing and reorganization at a major base
ok 153 - a treatment facility accelerates healing and reorganization at a major base
  ---
  duration_ms: 2.585219
  type: 'test'
  ...
# Subtest: a field base without an aid station reorganizes but does not heal a light squad
ok 154 - a field base without an aid station reorganizes but does not heal a light squad
  ---
  duration_ms: 1.165296
  type: 'test'
  ...
# Subtest: a field aid station heals assault and skirmisher squads up to seventy percent
ok 155 - a field aid station heals assault and skirmisher squads up to seventy percent
  ---
  duration_ms: 1.31238
  type: 'test'
  ...
# Subtest: field aid does not heal non-light squads if legacy data places one at a field base
ok 156 - field aid does not heal non-light squads if legacy data places one at a field base
  ---
  duration_ms: 1.179694
  type: 'test'
  ...
# Subtest: recovering squads block dispatch while a ready squad of the same type redeploys without cost
ok 157 - recovering squads block dispatch while a ready squad of the same type redeploys without cost
  ---
  duration_ms: 5.713433
  type: 'test'
  ...
# Subtest: selecting a different type replaces a ready garrison and charges the new formation cost
ok 158 - selecting a different type replaces a ready garrison and charges the new formation cost
  ---
  duration_ms: 1.527926
  type: 'test'
  ...
# Subtest: medical and field aid facilities are restricted to their matching base types and one slot each
ok 159 - medical and field aid facilities are restricted to their matching base types and one slot each
  ---
  duration_ms: 3.698207
  type: 'test'
  ...
# Subtest: destroying a treatment facility immediately falls back to natural base recovery
ok 160 - destroying a treatment facility immediately falls back to natural base recovery
  ---
  duration_ms: 1.043462
  type: 'test'
  ...
# Subtest: recovery state and progress survive save and restore
ok 161 - recovery state and progress survive save and restore
  ---
  duration_ms: 2.576694
  type: 'test'
  ...
# Subtest: a recovering squad evacuates to the nearest major base when its field base is destroyed
ok 162 - a recovering squad evacuates to the nearest major base when its field base is destroyed
  ---
  duration_ms: 84.175331
  type: 'test'
  ...
# Subtest: recovery and ready garrisons reject tactical movement orders
ok 163 - recovery and ready garrisons reject tactical movement orders
  ---
  duration_ms: 0.929936
  type: 'test'
  ...
# Subtest: treatment capacity queues excess squads without losing recovery state
ok 164 - treatment capacity queues excess squads without losing recovery state
  ---
  duration_ms: 0.479782
  type: 'test'
  ...
# Subtest: tier-three treatment facilities process two recovering squads at once
ok 165 - tier-three treatment facilities process two recovering squads at once
  ---
  duration_ms: 0.306287
  type: 'test'
  ...
# Subtest: friendly unit unlock levels and simple-base deployment restrictions are enforced
ok 166 - friendly unit unlock levels and simple-base deployment restrictions are enforced
  ---
  duration_ms: 7.934837
  type: 'test'
  ...
# Subtest: skirmisher damage strongly favors light enemies and is weak against armored enemies
ok 167 - skirmisher damage strongly favors light enemies and is weak against armored enemies
  ---
  duration_ms: 0.442059
  type: 'test'
  ...
# Subtest: siege squad damages enemy bases much faster than the assault squad
ok 168 - siege squad damages enemy bases much faster than the assault squad
  ---
  duration_ms: 77.546366
  type: 'test'
  ...
# Subtest: nearby heavy squad intercepts part of the damage aimed at another friendly squad
ok 169 - nearby heavy squad intercepts part of the damage aimed at another friendly squad
  ---
  duration_ms: 2.147349
  type: 'test'
  ...
# Subtest: expedition squad heals only after its non-combat recovery delay
ok 170 - expedition squad heals only after its non-combat recovery delay
  ---
  duration_ms: 1.0157
  type: 'test'
  ...
# Subtest: all friendly unit types preserve their identity and combat state through save and restore
ok 171 - all friendly unit types preserve their identity and combat state through save and restore
  ---
  duration_ms: 4.511018
  type: 'test'
  ...
# Subtest: skirmisher prioritizes a light specialist over a nearer ordinary infantry target
ok 172 - skirmisher prioritizes a light specialist over a nearer ordinary infantry target
  ---
  duration_ms: 1.897723
  type: 'test'
  ...
# Subtest: mixed friendly unit types remain valid through extended regional combat simulation
ok 173 - mixed friendly unit types remain valid through extended regional combat simulation
  ---
  duration_ms: 489.672359
  type: 'test'
  ...
# Subtest: dead-end roads at unexplored chunk borders become frontier candidates
ok 174 - dead-end roads at unexplored chunk borders become frontier candidates
  ---
  duration_ms: 3.83678
  type: 'test'
  ...
# Subtest: frontier source stays fixed while its entry point advances with map expansion
ok 175 - frontier source stays fixed while its entry point advances with map expansion
  ---
  duration_ms: 3.312375
  type: 'test'
  ...
# Subtest: frontier system launches enemies from a map-edge entry node
ok 176 - frontier system launches enemies from a map-edge entry node
  ---
  duration_ms: 2.219198
  type: 'test'
  ...
# Subtest: frontier identity is hidden until the signal is localized
ok 177 - frontier identity is hidden until the signal is localized
  ---
  duration_ms: 0.353574
  type: 'test'
  ...
# Subtest: frontier renderer tolerates a minimal canvas context
ok 178 - frontier renderer tolerates a minimal canvas context
  ---
  duration_ms: 1.188648
  type: 'test'
  ...
# Subtest: balanced opening reaches civilization level one without collapse on a line road network
ok 179 - balanced opening reaches civilization level one without collapse on a line road network
  ---
  duration_ms: 1802.775385
  type: 'test'
  ...
# Subtest: balanced opening reaches civilization level one without collapse on a cross road network
ok 180 - balanced opening reaches civilization level one without collapse on a cross road network
  ---
  duration_ms: 1004.763806
  type: 'test'
  ...
# Subtest: balanced opening reaches civilization level one without collapse on a grid road network
ok 181 - balanced opening reaches civilization level one without collapse on a grid road network
  ---
  duration_ms: 420.502979
  type: 'test'
  ...
# Subtest: attack-only opening cannot erase every enemy base without material losses
ok 182 - attack-only opening cannot erase every enemy base without material losses
  ---
  duration_ms: 353.750523
  type: 'test'
  ...
# Subtest: source module graph has no circular dependencies
ok 183 - source module graph has no circular dependencies
  ---
  duration_ms: 1003.37286
  type: 'test'
  ...
# Subtest: twelve-hour simulation remains bounded, serializable and within enemy cap
ok 184 - twelve-hour simulation remains bounded, serializable and within enemy cap
  ---
  duration_ms: 3675.341376
  type: 'test'
  ...
# Subtest: same state and elapsed time produce the same offline game result
ok 185 - same state and elapsed time produce the same offline game result
  ---
  duration_ms: 768.452864
  type: 'test'
  ...
# Subtest: legacy save is converted once into the clean schema
ok 186 - legacy save is converted once into the clean schema
  ---
  duration_ms: 6.024796
  type: 'test'
  ...
# Subtest: offline simulation is bounded and reports the applied duration
ok 187 - offline simulation is bounded and reports the applied duration
  ---
  duration_ms: 1.740195
  type: 'test'
  ...
# Subtest: offline simulation advances the canonical world clock
ok 188 - offline simulation advances the canonical world clock
  ---
  duration_ms: 0.735749
  type: 'test'
  ...
# Subtest: default endpoints use current public global instances
ok 189 - default endpoints use current public global instances
  ---
  duration_ms: 3.59944
  type: 'test'
  ...
# Subtest: query filters road classes before download
ok 190 - query filters road classes before download
  ---
  duration_ms: 0.560858
  type: 'test'
  ...
# Subtest: JSONP URL contains encoded query and callback
ok 191 - JSONP URL contains encoded query and callback
  ---
  duration_ms: 0.54387
  type: 'test'
  ...
# Subtest: browser JSONP resolves payload and cleans callback
ok 192 - browser JSONP resolves payload and cleans callback
  ---
  duration_ms: 0.920448
  type: 'test'
  ...
# Subtest: browser mode prefers JSONP and does not call fetch after success
ok 193 - browser mode prefers JSONP and does not call fetch after success
  ---
  duration_ms: 0.611202
  type: 'test'
  ...
# Subtest: JSONP failure falls back to official minimal POST request
ok 194 - JSONP failure falls back to official minimal POST request
  ---
  duration_ms: 1.048471
  type: 'test'
  ...
# Subtest: failed endpoint falls back to the next endpoint
ok 195 - failed endpoint falls back to the next endpoint
  ---
  duration_ms: 0.56085
  type: 'test'
  ...
# Subtest: all failures include endpoint and transport diagnostics
ok 196 - all failures include endpoint and transport diagnostics
  ---
  duration_ms: 1.056335
  type: 'test'
  ...
# Subtest: caller abort stops attempts immediately
ok 197 - caller abort stops attempts immediately
  ---
  duration_ms: 0.949943
  type: 'test'
  ...
# Subtest: development client can disable JSONP and use the injected fetch directly
ok 198 - development client can disable JSONP and use the injected fetch directly
  ---
  duration_ms: 0.969936
  type: 'test'
  ...
# Subtest: balanced profile limits simulation, rendering and DPR
ok 199 - balanced profile limits simulation, rendering and DPR
  ---
  duration_ms: 1.275566
  type: 'test'
  ...
# Subtest: game loop decouples simulation, civilization and rendering rates
ok 200 - game loop decouples simulation, civilization and rendering rates
  ---
  duration_ms: 1.322559
  type: 'test'
  ...
# Subtest: combat spatial index returns only nearby active enemies
ok 201 - combat spatial index returns only nearby active enemies
  ---
  duration_ms: 1.764664
  type: 'test'
  ...
# Subtest: renderer caches static radar and road layers between frames
ok 202 - renderer caches static radar and road layers between frames
  ---
  duration_ms: 5.226453
  type: 'test'
  ...
# Subtest: tactical route choices use spatial snapshots instead of rescanning every enemy and defense per road edge
ok 203 - tactical route choices use spatial snapshots instead of rescanning every enemy and defense per road edge
  ---
  duration_ms: 1100.409223
  type: 'test'
  ...
# Subtest: civilization level increases the active player-base limit by one
ok 204 - civilization level increases the active player-base limit by one
  ---
  duration_ms: 1.606075
  type: 'test'
  ...
# Subtest: base placement requires an unlocked slot, fresh position, nearby road and minimum separation
ok 205 - base placement requires an unlocked slot, fresh position, nearby road and minimum separation
  ---
  duration_ms: 4.24537
  type: 'test'
  ...
# Subtest: additional major bases require and consume escalating processed-resource costs
ok 206 - additional major bases require and consume escalating processed-resource costs
  ---
  duration_ms: 80.314671
  type: 'test'
  ...
# Subtest: establishing a base adds a remote construction and simulation anchor
ok 207 - establishing a base adds a remote construction and simulation anchor
  ---
  duration_ms: 2.982423
  type: 'test'
  ...
# Subtest: secondary bases survive save and restore without retaining exact location fields
ok 208 - secondary bases survive save and restore without retaining exact location fields
  ---
  duration_ms: 5.57518
  type: 'test'
  ...
# Subtest: civilization projects require cumulative artifacts recovered in the field
ok 209 - civilization projects require cumulative artifacts recovered in the field
  ---
  duration_ms: 1.397941
  type: 'test'
  ...
# Subtest: PWA registers the current service worker on HTTPS
ok 210 - PWA registers the current service worker on HTTPS
  ---
  duration_ms: 2.350549
  type: 'test'
  ...
# Subtest: PWA is skipped for an allowed development fixture
ok 211 - PWA is skipped for an allowed development fixture
  ---
  duration_ms: 0.666568
  type: 'test'
  ...
# Subtest: public devFixture query does not disable production PWA registration
ok 212 - public devFixture query does not disable production PWA registration
  ---
  duration_ms: 3.686251
  type: 'test'
  ...
# Subtest: PWA registration failure does not stop the game
ok 213 - PWA registration failure does not stop the game
  ---
  duration_ms: 0.532596
  type: 'test'
  ...
# Subtest: radar renderer is integrated without changing the map input owner
ok 214 - radar renderer is integrated without changing the map input owner
  ---
  duration_ms: 86.840996
  type: 'test'
  ...
# Subtest: radar theme exposes tactical palette and mobile layout rules
ok 215 - radar theme exposes tactical palette and mobile layout rules
  ---
  duration_ms: 4.491499
  type: 'test'
  ...
# Subtest: combat and road renderers use radar glyphs and glow rather than emoji labels
ok 216 - combat and road renderers use radar glyphs and glow rather than emoji labels
  ---
  duration_ms: 6.2666
  type: 'test'
  ...
# Subtest: radar canvas layers render with a minimal canvas context
ok 217 - radar canvas layers render with a minimal canvas context
  ---
  duration_ms: 82.879715
  type: 'test'
  ...
# Subtest: playing footer stays clear of the combat toolbar
ok 218 - playing footer stays clear of the combat toolbar
  ---
  duration_ms: 2.651846
  type: 'test'
  ...
# Subtest: radar preferences apply defaults and cycle without game state
ok 219 - radar preferences apply defaults and cycle without game state
  ---
  duration_ms: 78.222188
  type: 'test'
  ...
# Subtest: bootstrap imports RadarPreferences before constructing it
ok 220 - bootstrap imports RadarPreferences before constructing it
  ---
  duration_ms: 14.536768
  type: 'test'
  ...
# Subtest: touch devices default to the power-saving radar profile
ok 221 - touch devices default to the power-saving radar profile
  ---
  duration_ms: 0.712324
  type: 'test'
  ...
# Subtest: destroying an enemy base creates one persistent recovery item at the destroyed base
ok 222 - destroying an enemy base creates one persistent recovery item at the destroyed base
  ---
  duration_ms: 3.810703
  type: 'test'
  ...
# Subtest: recovery requires the player to be within the physical collection range
ok 223 - recovery requires the player to be within the physical collection range
  ---
  duration_ms: 1.475119
  type: 'test'
  ...
# Subtest: recovery rejects stale or inaccurate geolocation even at the item position
ok 224 - recovery rejects stale or inaccurate geolocation even at the item position
  ---
  duration_ms: 0.465922
  type: 'test'
  ...
# Subtest: manual collection requires five seconds in range, grants once and removes the recovered item
ok 225 - manual collection requires five seconds in range, grants once and removes the recovered item
  ---
  duration_ms: 1.128098
  type: 'test'
  ...
# Subtest: leaving the collection radius cancels progress without removing the item
ok 226 - leaving the collection radius cancels progress without removing the item
  ---
  duration_ms: 0.682071
  type: 'test'
  ...
# Subtest: uncollected recovery items survive save and restore while live location freshness does not
ok 227 - uncollected recovery items survive save and restore while live location freshness does not
  ---
  duration_ms: 3.026927
  type: 'test'
  ...
# Subtest: refactor schema 1 scrap is migrated into canonical resources
ok 228 - refactor schema 1 scrap is migrated into canonical resources
  ---
  duration_ms: 90.181683
  type: 'test'
  ...
# Subtest: retrieval squad is deliberately weak and works from major and field bases
ok 229 - retrieval squad is deliberately weak and works from major and field bases
  ---
  duration_ms: 1.915974
  type: 'test'
  ...
# Subtest: dispatch reserves a recovery item and preview does not mutate it
ok 230 - dispatch reserves a recovery item and preview does not mutate it
  ---
  duration_ms: 5.975271
  type: 'test'
  ...
# Subtest: retrieval squad collects for eight seconds and grants the artifact only after returning
ok 231 - retrieval squad collects for eight seconds and grants the artifact only after returning
  ---
  duration_ms: 94.926855
  type: 'test'
  ...
# Subtest: destroying a squad before pickup releases the item at its original location
ok 232 - destroying a squad before pickup releases the item at its original location
  ---
  duration_ms: 2.791389
  type: 'test'
  ...
# Subtest: destroying a squad while carrying drops the item at the destruction point
ok 233 - destroying a squad while carrying drops the item at the destruction point
  ---
  duration_ms: 90.407288
  type: 'test'
  ...
# Subtest: withdrawing before pickup abandons the recovery mission and releases the item
ok 234 - withdrawing before pickup abandons the recovery mission and releases the item
  ---
  duration_ms: 1.534479
  type: 'test'
  ...
# Subtest: field bases can deploy and reorganize retrieval squads
ok 235 - field bases can deploy and reorganize retrieval squads
  ---
  duration_ms: 1.736529
  type: 'test'
  ...
# Subtest: reserved recovery mission survives save and restore without exposing exact live location data
ok 236 - reserved recovery mission survives save and restore without exposing exact live location data
  ---
  duration_ms: 3.3101
  type: 'test'
  ...
# Subtest: manual collection in progress blocks deployment without consuming resources or changing a ready squad
ok 237 - manual collection in progress blocks deployment without consuming resources or changing a ready squad
  ---
  duration_ms: 1.855889
  type: 'test'
  ...
# Subtest: orphaned reservations become available again after squad data is lost
ok 238 - orphaned reservations become available again after squad data is lost
  ---
  duration_ms: 1.46154
  type: 'test'
  ...
# Subtest: a real heavy enemy quickly destroys the weak retrieval squad and releases its reservation
ok 239 - a real heavy enemy quickly destroys the weak retrieval squad and releases its reservation
  ---
  duration_ms: 2.912047
  type: 'test'
  ...
# Subtest: remote retrieval completes under active, peripheral, and dormant regional intervals
ok 240 - remote retrieval completes under active, peripheral, and dormant regional intervals
  ---
  duration_ms: 502.885979
  type: 'test'
  ...
# Subtest: world chunks use deterministic grid ids and reversible centers
ok 241 - world chunks use deterministic grid ids and reversible centers
  ---
  duration_ms: 87.790018
  type: 'test'
  ...
# Subtest: initial chunk state only marks chunks fully covered by the initial acquisition
ok 242 - initial chunk state only marks chunks fully covered by the initial acquisition
  ---
  duration_ms: 1.083025
  type: 'test'
  ...
# Subtest: graph merge preserves existing ids, joins nearby endpoints and removes duplicate edges
ok 243 - graph merge preserves existing ids, joins nearby endpoints and removes duplicate edges
  ---
  duration_ms: 2.893888
  type: 'test'
  ...
# Subtest: chunk cache isolates worlds and can remove one world
ok 244 - chunk cache isolates worlds and can remove one world
  ---
  duration_ms: 0.823134
  type: 'test'
  ...
# Subtest: RoadService chunk acquisition projects roads into the original world coordinate system
ok 245 - RoadService chunk acquisition projects roads into the original world coordinate system
  ---
  duration_ms: 101.362884
  type: 'test'
  ...
# Subtest: parallel carriageways with the same identity collapse into one gameplay road
ok 246 - parallel carriageways with the same identity collapse into one gameplay road
  ---
  duration_ms: 4.346386
  type: 'test'
  ...
# Subtest: nearby roads with different names remain separate
ok 247 - nearby roads with different names remain separate
  ---
  duration_ms: 84.972189
  type: 'test'
  ...
# Subtest: clustered intersections build a connected graph and combat route
ok 248 - clustered intersections build a connected graph and combat route
  ---
  duration_ms: 88.933319
  type: 'test'
  ...
# Subtest: one RoadService load performs one acquisition and produces indexed graph data
ok 249 - one RoadService load performs one acquisition and produces indexed graph data
  ---
  duration_ms: 193.355922
  type: 'test'
  ...
# Subtest: chunk prefetch only includes crossed or nearby grid edges
ok 250 - chunk prefetch only includes crossed or nearby grid edges
  ---
  duration_ms: 3.120149
  type: 'test'
  ...
# Subtest: manager merges a new chunk, records it and persists a compact cache entry
ok 251 - manager merges a new chunk, records it and persists a compact cache entry
  ---
  duration_ms: 7.030044
  type: 'test'
  ...
# Subtest: manager loads a cached chunk without calling the road server
ok 252 - manager loads a cached chunk without calling the road server
  ---
  duration_ms: 1.811068
  type: 'test'
  ...
# Subtest: failed acquisitions cool down without blocking unrelated nearby chunks
ok 253 - failed acquisitions cool down without blocking unrelated nearby chunks
  ---
  duration_ms: 1.236567
  type: 'test'
  ...
# Subtest: chunk centers remain based on the original world center
ok 254 - chunk centers remain based on the original world center
  ---
  duration_ms: 84.635519
  type: 'test'
  ...
# Subtest: save data remains JSON and graph indexes are reconstructed after load
ok 255 - save data remains JSON and graph indexes are reconstructed after load
  ---
  duration_ms: 4.875051
  type: 'test'
  ...
# Subtest: v0.19 object-form road graphs remain loadable after compact saves are introduced
ok 256 - v0.19 object-form road graphs remain loadable after compact saves are introduced
  ---
  duration_ms: 0.728405
  type: 'test'
  ...
# Subtest: lifecycle follows the new startup sequence
ok 257 - lifecycle follows the new startup sequence
  ---
  duration_ms: 87.248461
  type: 'test'
  ...
# Subtest: invalid transition is rejected
ok 258 - invalid transition is rejected
  ---
  duration_ms: 1.003194
  type: 'test'
  ...
# Subtest: state snapshots cannot mutate the store
ok 259 - state snapshots cannot mutate the store
  ---
  duration_ms: 0.597715
  type: 'test'
  ...
# Subtest: source contains no legacy function override pattern or duplicate fetchRoadGraph
ok 260 - source contains no legacy function override pattern or duplicate fetchRoadGraph
  ---
  duration_ms: 800.201956
  type: 'test'
  ...
# Subtest: repair relay remains available as a build tool
ok 261 - repair relay remains available as a build tool
  ---
  duration_ms: 5.572339
  type: 'test'
  ...
# Subtest: survey facility is a civilization level 1 tower with approved tier progression
ok 262 - survey facility is a civilization level 1 tower with approved tier progression
  ---
  duration_ms: 3.633006
  type: 'test'
  ...
# Subtest: survey facility cannot be built before civilization level 1 or from the player-only build zone
ok 263 - survey facility cannot be built before civilization level 1 or from the player-only build zone
  ---
  duration_ms: 3.5305
  type: 'test'
  ...
# Subtest: each owned base can operate only one active survey facility
ok 264 - each owned base can operate only one active survey facility
  ---
  duration_ms: 78.595464
  type: 'test'
  ...
# Subtest: survey candidate selection expands one adjacent unloaded chunk inside the tier radius
ok 265 - survey candidate selection expands one adjacent unloaded chunk inside the tier radius
  ---
  duration_ms: 13.474158
  type: 'test'
  ...
# Subtest: survey-loaded roads are recorded separately from physically observed regions
ok 266 - survey-loaded roads are recorded separately from physically observed regions
  ---
  duration_ms: 6.192703
  type: 'test'
  ...
# Subtest: remote survey does not reveal exact frontier sources or ambient exploration sites
ok 267 - remote survey does not reveal exact frontier sources or ambient exploration sites
  ---
  duration_ms: 1.945059
  type: 'test'
  ...
# Subtest: entering a surveyed chunk promotes it to physical observation and reveals local content
ok 268 - entering a surveyed chunk promotes it to physical observation and reveals local content
  ---
  duration_ms: 3.534689
  type: 'test'
  ...
# Subtest: survey scheduler serializes facilities and enforces a global real-time cooldown
ok 269 - survey scheduler serializes facilities and enforces a global real-time cooldown
  ---
  duration_ms: 3.290145
  type: 'test'
  ...
# Subtest: survey status reports radius, cadence and remaining expansion work
ok 270 - survey status reports radius, cadence and remaining expansion work
  ---
  duration_ms: 1.383696
  type: 'test'
  ...
# Subtest: survey tower upgrade remains gated by the matching civilization level
ok 271 - survey tower upgrade remains gated by the matching civilization level
  ---
  duration_ms: 70.259265
  type: 'test'
  ...
# Subtest: a survey facility anchored to a destroyed simple base stops operating until the base is rebuilt
ok 272 - a survey facility anchored to a destroyed simple base stops operating until the base is rebuilt
  ---
  duration_ms: 0.818115
  type: 'test'
  ...
# Subtest: survey-only road chunks do not receive exact enemy bases before physical observation
ok 273 - survey-only road chunks do not receive exact enemy bases before physical observation
  ---
  duration_ms: 2.450224
  type: 'test'
  ...
# Subtest: survey progress and physical-observation boundaries survive save and restore
ok 274 - survey progress and physical-observation boundaries survive save and restore
  ---
  duration_ms: 2.0905
  type: 'test'
  ...
# Subtest: only one tab owns the synchronous storage lease
ok 275 - only one tab owns the synchronous storage lease
  ---
  duration_ms: 2.290014
  type: 'test'
  ...
# Subtest: broadcast fallback elects one primary tab when storage is unavailable
ok 276 - broadcast fallback elects one primary tab when storage is unavailable
  ---
  duration_ms: 1.494852
  type: 'test'
  ...
# Subtest: remaining route distance accounts for current edge progress
ok 277 - remaining route distance accounts for current edge progress
  ---
  duration_ms: 1.953465
  type: 'test'
  ...
# Subtest: threat level escalates from contact to critical
ok 278 - threat level escalates from contact to critical
  ---
  duration_ms: 0.932731
  type: 'test'
  ...
# Subtest: clear threat reports stable defense line
ok 279 - clear threat reports stable defense line
  ---
  duration_ms: 0.487806
  type: 'test'
  ...
# Subtest: tactical routes and focus render with a minimal canvas context
ok 280 - tactical routes and focus render with a minimal canvas context
  ---
  duration_ms: 89.571302
  type: 'test'
  ...
# Subtest: selected enemy base no longer renders a misleading player capture radius
ok 281 - selected enemy base no longer renders a misleading player capture radius
  ---
  duration_ms: 0.778006
  type: 'test'
  ...
# Subtest: HUD and modal CSS do not use unreadably small explicit type
ok 282 - HUD and modal CSS do not use unreadably small explicit type
  ---
  duration_ms: 12.13841
  type: 'test'
  ...
# Subtest: Canvas labels retain a readable minimum without changing world scale
ok 283 - Canvas labels retain a readable minimum without changing world scale
  ---
  duration_ms: 9.756437
  type: 'test'
  ...
# Subtest: larger tool labels receive matching control height and context clearance
ok 284 - larger tool labels receive matching control height and context clearance
  ---
  duration_ms: 82.051104
  type: 'test'
  ...
# Subtest: a fully destroyed wave increments perfect defense streak exactly once
ok 285 - a fully destroyed wave increments perfect defense streak exactly once
  ---
  duration_ms: 7.696496
  type: 'test'
  ...
# Subtest: enemy-base guard launches once and does not count as a perfect defense wave
ok 286 - enemy-base guard launches once and does not count as a perfect defense wave
  ---
  duration_ms: 2.545512
  type: 'test'
  ...
# Subtest: civilization level creates resource bases without duplicating them
ok 287 - civilization level creates resource bases without duplicating them
  ---
  duration_ms: 13.984402
  type: 'test'
  ...
# Subtest: initial base placement excludes civilization resource bases
ok 288 - initial base placement excludes civilization resource bases
  ---
  duration_ms: 85.539907
  type: 'test'
  ...
# Subtest: destroyed base waits for its respawn timer and then reappears elsewhere
ok 289 - destroyed base waits for its respawn timer and then reappears elsewhere
  ---
  duration_ms: 3.547593
  type: 'test'
  ...
# Subtest: initial enemy bases spread across independent road fronts when the graph permits it
ok 290 - initial enemy bases spread across independent road fronts when the graph permits it
  ---
  duration_ms: 1.404231
  type: 'test'
  ...
# Subtest: stacked initial enemy bases receive progressively longer opening delays on a one-front road
ok 291 - stacked initial enemy bases receive progressively longer opening delays on a one-front road
  ---
  duration_ms: 1.507647
  type: 'test'
  ...
# Subtest: region activity follows the nearest city or player anchor
ok 292 - region activity follows the nearest city or player anchor
  ---
  duration_ms: 4.343303
  type: 'test'
  ...
# Subtest: regional clocks only release peripheral and dormant simulation at their intervals
ok 293 - regional clocks only release peripheral and dormant simulation at their intervals
  ---
  duration_ms: 1.882337
  type: 'test'
  ...
# Subtest: dormant enemies and facilities advance only when the remote interval is due
ok 294 - dormant enemies and facilities advance only when the remote interval is due
  ---
  duration_ms: 8.175745
  type: 'test'
  ...
# Subtest: road graph spatial index excludes distant roads from local queries
ok 295 - road graph spatial index excludes distant roads from local queries
  ---
  duration_ms: 2.741098
  type: 'test'
  ...
# Subtest: expanded road graphs use compact save encoding and restore gameplay fields
ok 296 - expanded road graphs use compact save encoding and restore gameplay fields
  ---
  duration_ms: 9.516169
  type: 'test'
  ...
1..296
# tests 296
# suites 0
# pass 296
# fail 0
# cancelled 0
# skipped 0
# todo 0
# duration_ms 8072.45775
