
> frontline-roads-refactor@0.12.1 verify
> npm run syntax && npm test


> frontline-roads-refactor@0.12.1 syntax
> find src tests -name '*.js' -print0 | xargs -0 -n1 node --check


> frontline-roads-refactor@0.12.1 test
> node --test

TAP version 13
# Subtest: HTML references only existing local app resources and required controls exist
ok 1 - HTML references only existing local app resources and required controls exist
  ---
  duration_ms: 8.133227
  type: 'test'
  ...
# Subtest: every required DOM id used by bootstrap exists in HTML
ok 2 - every required DOM id used by bootstrap exists in HTML
  ---
  duration_ms: 4.199459
  type: 'test'
  ...
# Subtest: service worker app shell contains every runtime source file and all paths exist
ok 3 - service worker app shell contains every runtime source file and all paths exist
  ---
  duration_ms: 86.200784
  type: 'test'
  ...
# Subtest: development tree has no premature single-HTML build output
ok 4 - development tree has no premature single-HTML build output
  ---
  duration_ms: 6.772946
  type: 'test'
  ...
# Subtest: storage denial is detected without crashing construction
ok 5 - storage denial is detected without crashing construction
  ---
  duration_ms: 1.393143
  type: 'test'
  ...
# Subtest: invalid shallow save is quarantined instead of bricking startup
ok 6 - invalid shallow save is quarantined instead of bricking startup
  ---
  duration_ms: 77.526243
  type: 'test'
  ...
# Subtest: saved game removes exact position history and rounds map origin
ok 7 - saved game removes exact position history and rounds map origin
  ---
  duration_ms: 1.549515
  type: 'test'
  ...
# Subtest: state validation rejects malformed saved road graph
ok 8 - state validation rejects malformed saved road graph
  ---
  duration_ms: 0.207982
  type: 'test'
  ...
# Subtest: stone gate conversion cannot be used before civilization level 2
ok 9 - stone gate conversion cannot be used before civilization level 2
  ---
  duration_ms: 0.597214
  type: 'test'
  ...
# Subtest: path invalidation waits for the current edge instead of teleporting backward
ok 10 - path invalidation waits for the current edge instead of teleporting backward
  ---
  duration_ms: 0.823931
  type: 'test'
  ...
# Subtest: grade-separated endpoints are not merged into one intersection
ok 11 - grade-separated endpoints are not merged into one intersection
  ---
  duration_ms: 1.302149
  type: 'test'
  ...
# Subtest: long OSM geometry is subdivided rather than discarded
ok 12 - long OSM geometry is subdivided rather than discarded
  ---
  duration_ms: 1.694923
  type: 'test'
  ...
# Subtest: complete reset clears current, legacy, and backup save keys
ok 13 - complete reset clears current, legacy, and backup save keys
  ---
  duration_ms: 1.007543
  type: 'test'
  ...
# Subtest: production source only enables dev fixture on local or explicit test origins
ok 14 - production source only enables dev fixture on local or explicit test origins
  ---
  duration_ms: 11.088276
  type: 'test'
  ...
# Subtest: selection snaps to the existing graph and creates a base without refetching
ok 15 - selection snaps to the existing graph and creates a base without refetching
  ---
  duration_ms: 2.21014
  type: 'test'
  ...
# Subtest: a tap outside the road tolerance is rejected
ok 16 - a tap outside the road tolerance is rejected
  ---
  duration_ms: 0.250684
  type: 'test'
  ...
# Subtest: inventory has one canonical resource store and preserves overflow
ok 17 - inventory has one canonical resource store and preserves overflow
  ---
  duration_ms: 2.793694
  type: 'test'
  ...
# Subtest: production reserves inputs once and completes through the civilization update
ok 18 - production reserves inputs once and completes through the civilization update
  ---
  duration_ms: 2.027723
  type: 'test'
  ...
# Subtest: enemy base capture requires the player to be on site and progresses over time
ok 19 - enemy base capture requires the player to be on site and progresses over time
  ---
  duration_ms: 0.722611
  type: 'test'
  ...
# Subtest: a captured outpost must be restored before it becomes active
ok 20 - a captured outpost must be restored before it becomes active
  ---
  duration_ms: 0.708638
  type: 'test'
  ...
# Subtest: settlement damage ruins a building and disables its production
ok 21 - settlement damage ruins a building and disables its production
  ---
  duration_ms: 0.592374
  type: 'test'
  ...
# Subtest: production overflow stays in the building buffer until collection
ok 22 - production overflow stays in the building buffer until collection
  ---
  duration_ms: 0.684914
  type: 'test'
  ...
# Subtest: barrier changes weighted enemy route without creating another graph
ok 23 - barrier changes weighted enemy route without creating another graph
  ---
  duration_ms: 2.243567
  type: 'test'
  ...
# Subtest: enemy position follows path direction rather than edge storage direction
ok 24 - enemy position follows path direction rather than edge storage direction
  ---
  duration_ms: 1.016257
  type: 'test'
  ...
# Subtest: build range is measured from established home base
ok 25 - build range is measured from established home base
  ---
  duration_ms: 1.127491
  type: 'test'
  ...
# Subtest: gun tower damages an enemy in range
ok 26 - gun tower damages an enemy in range
  ---
  duration_ms: 1.011373
  type: 'test'
  ...
# Subtest: enemy reaching the city deals damage and is removed
ok 27 - enemy reaching the city deals damage and is removed
  ---
  duration_ms: 0.782276
  type: 'test'
  ...
# Subtest: repair relay consumes resources and repairs only the most damaged target
ok 28 - repair relay consumes resources and repairs only the most damaged target
  ---
  duration_ms: 0.608413
  type: 'test'
  ...
# Subtest: city defeat never creates negative resources and reports unpaid emergency recovery honestly
ok 29 - city defeat never creates negative resources and reports unpaid emergency recovery honestly
  ---
  duration_ms: 90.927575
  type: 'test'
  ...
# Subtest: source module graph has no circular dependencies
ok 30 - source module graph has no circular dependencies
  ---
  duration_ms: 216.703934
  type: 'test'
  ...
# Subtest: twelve-hour simulation remains bounded, serializable and within enemy cap
ok 31 - twelve-hour simulation remains bounded, serializable and within enemy cap
  ---
  duration_ms: 559.903003
  type: 'test'
  ...
# Subtest: same state and elapsed time produce the same offline game result
ok 32 - same state and elapsed time produce the same offline game result
  ---
  duration_ms: 177.739101
  type: 'test'
  ...
# Subtest: legacy save is converted once into the clean schema
ok 33 - legacy save is converted once into the clean schema
  ---
  duration_ms: 3.421142
  type: 'test'
  ...
# Subtest: offline simulation is bounded and reports the applied duration
ok 34 - offline simulation is bounded and reports the applied duration
  ---
  duration_ms: 1.394432
  type: 'test'
  ...
# Subtest: offline simulation advances the canonical world clock
ok 35 - offline simulation advances the canonical world clock
  ---
  duration_ms: 0.53722
  type: 'test'
  ...
# Subtest: default endpoints use current public global instances
ok 36 - default endpoints use current public global instances
  ---
  duration_ms: 1.302752
  type: 'test'
  ...
# Subtest: query filters road classes before download
ok 37 - query filters road classes before download
  ---
  duration_ms: 0.34569
  type: 'test'
  ...
# Subtest: road request uses POST form encoding instead of a long GET URL
ok 38 - road request uses POST form encoding instead of a long GET URL
  ---
  duration_ms: 1.117788
  type: 'test'
  ...
# Subtest: failed server falls back to the next endpoint
ok 39 - failed server falls back to the next endpoint
  ---
  duration_ms: 0.541654
  type: 'test'
  ...
# Subtest: attempt callback receives endpoint progress
ok 40 - attempt callback receives endpoint progress
  ---
  duration_ms: 0.535452
  type: 'test'
  ...
# Subtest: caller abort stops endpoint fallback immediately
ok 41 - caller abort stops endpoint fallback immediately
  ---
  duration_ms: 1.13961
  type: 'test'
  ...
# Subtest: refactor schema 1 scrap is migrated into canonical resources
ok 42 - refactor schema 1 scrap is migrated into canonical resources
  ---
  duration_ms: 3.260579
  type: 'test'
  ...
# Subtest: parallel carriageways with the same identity collapse into one gameplay road
ok 43 - parallel carriageways with the same identity collapse into one gameplay road
  ---
  duration_ms: 2.357526
  type: 'test'
  ...
# Subtest: nearby roads with different names remain separate
ok 44 - nearby roads with different names remain separate
  ---
  duration_ms: 0.30679
  type: 'test'
  ...
# Subtest: clustered intersections build a connected graph and path
ok 45 - clustered intersections build a connected graph and path
  ---
  duration_ms: 2.593337
  type: 'test'
  ...
# Subtest: one RoadService load performs one acquisition and produces indexed graph data
ok 46 - one RoadService load performs one acquisition and produces indexed graph data
  ---
  duration_ms: 93.482183
  type: 'test'
  ...
# Subtest: save data remains JSON and graph indexes are reconstructed after load
ok 47 - save data remains JSON and graph indexes are reconstructed after load
  ---
  duration_ms: 2.472365
  type: 'test'
  ...
# Subtest: lifecycle follows the new startup sequence
ok 48 - lifecycle follows the new startup sequence
  ---
  duration_ms: 2.092058
  type: 'test'
  ...
# Subtest: invalid transition is rejected
ok 49 - invalid transition is rejected
  ---
  duration_ms: 2.029305
  type: 'test'
  ...
# Subtest: state snapshots cannot mutate the store
ok 50 - state snapshots cannot mutate the store
  ---
  duration_ms: 0.28075
  type: 'test'
  ...
# Subtest: source contains no legacy function override pattern or duplicate fetchRoadGraph
ok 51 - source contains no legacy function override pattern or duplicate fetchRoadGraph
  ---
  duration_ms: 108.151212
  type: 'test'
  ...
# Subtest: repair relay remains available as a build tool
ok 52 - repair relay remains available as a build tool
  ---
  duration_ms: 1.507258
  type: 'test'
  ...
# Subtest: only one tab owns the synchronous storage lease
ok 53 - only one tab owns the synchronous storage lease
  ---
  duration_ms: 1.419675
  type: 'test'
  ...
# Subtest: broadcast fallback elects one primary tab when storage is unavailable
ok 54 - broadcast fallback elects one primary tab when storage is unavailable
  ---
  duration_ms: 0.902804
  type: 'test'
  ...
# Subtest: a fully destroyed wave increments perfect defense streak exactly once
ok 55 - a fully destroyed wave increments perfect defense streak exactly once
  ---
  duration_ms: 3.625203
  type: 'test'
  ...
# Subtest: civilization level creates resource bases without duplicating them
ok 56 - civilization level creates resource bases without duplicating them
  ---
  duration_ms: 1.1352
  type: 'test'
  ...
# Subtest: initial base placement excludes civilization resource bases
ok 57 - initial base placement excludes civilization resource bases
  ---
  duration_ms: 7.164022
  type: 'test'
  ...
# Subtest: captured base waits for its respawn timer and then reappears elsewhere
ok 58 - captured base waits for its respawn timer and then reappears elsewhere
  ---
  duration_ms: 0.796229
  type: 'test'
  ...
1..58
# tests 58
# suites 0
# pass 58
# fail 0
# cancelled 0
# skipped 0
# todo 0
# duration_ms 1210.162885
