
> frontline-roads-refactor@0.32.5 test
> node --test

TAP version 13
# Subtest: HTML references only existing local app resources and required controls exist
ok 1 - HTML references only existing local app resources and required controls exist
  ---
  duration_ms: 9.709738
  type: 'test'
  ...
# Subtest: every required DOM id used by bootstrap exists in HTML
ok 2 - every required DOM id used by bootstrap exists in HTML
  ---
  duration_ms: 5.254998
  type: 'test'
  ...
# Subtest: service worker app shell contains every runtime source file and all paths exist
ok 3 - service worker app shell contains every runtime source file and all paths exist
  ---
  duration_ms: 178.537942
  type: 'test'
  ...
# Subtest: development tree has no premature single-HTML build output
ok 4 - development tree has no premature single-HTML build output
  ---
  duration_ms: 3.594941
  type: 'test'
  ...
# Subtest: service worker only deletes FRONTLINE ROADS caches
ok 5 - service worker only deletes FRONTLINE ROADS caches
  ---
  duration_ms: 2.084026
  type: 'test'
  ...
# Subtest: service worker falls back to HTML only for navigation requests
ok 6 - service worker falls back to HTML only for navigation requests
  ---
  duration_ms: 4.397958
  type: 'test'
  ...
# Subtest: release version is synchronized across package, runtime label, HTML loader and service-worker cache
ok 7 - release version is synchronized across package, runtime label, HTML loader and service-worker cache
  ---
  duration_ms: 8.34311
  type: 'test'
  ...
# Subtest: asset startup does not delete caches or unregister service workers before boot
ok 8 - asset startup does not delete caches or unregister service workers before boot
  ---
  duration_ms: 1.801716
  type: 'test'
  ...
# Subtest: GitHub Pages package includes no-Jekyll markers and the legacy fr redirect
ok 9 - GitHub Pages package includes no-Jekyll markers and the legacy fr redirect
  ---
  duration_ms: 71.065131
  type: 'test'
  ...
# Subtest: obsolete top alert frame is absent from the play HUD
ok 10 - obsolete top alert frame is absent from the play HUD
  ---
  duration_ms: 2.0865
  type: 'test'
  ...
# Subtest: storage denial is detected without crashing construction
ok 11 - storage denial is detected without crashing construction
  ---
  duration_ms: 70.680969
  type: 'test'
  ...
# Subtest: invalid shallow save is quarantined instead of bricking startup
ok 12 - invalid shallow save is quarantined instead of bricking startup
  ---
  duration_ms: 1.368077
  type: 'test'
  ...
# Subtest: saved game removes exact position history and rounds map origin
ok 13 - saved game removes exact position history and rounds map origin
  ---
  duration_ms: 2.499098
  type: 'test'
  ...
# Subtest: state validation rejects malformed saved road graph
ok 14 - state validation rejects malformed saved road graph
  ---
  duration_ms: 0.340246
  type: 'test'
  ...
# Subtest: stone gate conversion cannot be used before civilization level 2
ok 15 - stone gate conversion cannot be used before civilization level 2
  ---
  duration_ms: 0.85449
  type: 'test'
  ...
# Subtest: path invalidation waits for the current edge instead of teleporting backward
ok 16 - path invalidation waits for the current edge instead of teleporting backward
  ---
  duration_ms: 1.410879
  type: 'test'
  ...
# Subtest: grade-separated endpoints are not merged into one intersection
ok 17 - grade-separated endpoints are not merged into one intersection
  ---
  duration_ms: 1.438729
  type: 'test'
  ...
# Subtest: long OSM geometry is subdivided rather than discarded
ok 18 - long OSM geometry is subdivided rather than discarded
  ---
  duration_ms: 2.365448
  type: 'test'
  ...
# Subtest: complete reset clears current, legacy, and backup save keys
ok 19 - complete reset clears current, legacy, and backup save keys
  ---
  duration_ms: 0.675418
  type: 'test'
  ...
# Subtest: production source only enables dev fixture on local or explicit test origins
ok 20 - production source only enables dev fixture on local or explicit test origins
  ---
  duration_ms: 92.521357
  type: 'test'
  ...
# Subtest: road loading uses the injected fetch implementation without a script transport
ok 21 - road loading uses the injected fetch implementation without a script transport
  ---
  duration_ms: 2.840414
  type: 'test'
  ...
# Subtest: tier-zero area and slow defenses use the approved restrained values
ok 22 - tier-zero area and slow defenses use the approved restrained values
  ---
  duration_ms: 1.715863
  type: 'test'
  ...
# Subtest: area defense applies full damage to one target, reduced splash and a hard target cap
ok 23 - area defense applies full damage to one target, reduced splash and a hard target cap
  ---
  duration_ms: 1.739343
  type: 'test'
  ...
# Subtest: slow defense affects only the nearest approved number of targets
ok 24 - slow defense affects only the nearest approved number of targets
  ---
  duration_ms: 0.573795
  type: 'test'
  ...
# Subtest: enemy base growth follows age thresholds and civilization caps
ok 25 - enemy base growth follows age thresholds and civilization caps
  ---
  duration_ms: 0.302089
  type: 'test'
  ...
# Subtest: enemy level multipliers scale durability, attack and speed without runaway speed growth
ok 26 - enemy level multipliers scale durability, attack and speed without runaway speed growth
  ---
  duration_ms: 0.297406
  type: 'test'
  ...
# Subtest: spawned enemies retain the source base level and scaled HP for their lifetime
ok 27 - spawned enemies retain the source base level and scaled HP for their lifetime
  ---
  duration_ms: 0.788114
  type: 'test'
  ...
# Subtest: enemy base levels add exactly one unit per level
ok 28 - enemy base levels add exactly one unit per level
  ---
  duration_ms: 0.776593
  type: 'test'
  ...
# Subtest: new civilization enemy generations phase in at 15, 30, 45 and 60 minutes
ok 29 - new civilization enemy generations phase in at 15, 30, 45 and 60 minutes
  ---
  duration_ms: 0.246077
  type: 'test'
  ...
# Subtest: higher enemy base levels increase pressure gradually rather than all at once
ok 30 - higher enemy base levels increase pressure gradually rather than all at once
  ---
  duration_ms: 0.506133
  type: 'test'
  ...
# Subtest: a level-two mixed wave now reaches a city defended only by tier-zero area and slow facilities
ok 31 - a level-two mixed wave now reaches a city defended only by tier-zero area and slow facilities
  ---
  duration_ms: 97.256628
  type: 'test'
  ...
# Subtest: a heavier level-two formation creates meaningful pressure without instantly defeating the city
ok 32 - a heavier level-two formation creates meaningful pressure without instantly defeating the city
  ---
  duration_ms: 14.282316
  type: 'test'
  ...
# Subtest: enemy base level increases emit one visible threat notification
ok 33 - enemy base level increases emit one visible threat notification
  ---
  duration_ms: 79.696699
  type: 'test'
  ...
# Subtest: enemy individual level and scaled HP survive save and restore
ok 34 - enemy individual level and scaled HP survive save and restore
  ---
  duration_ms: 115.500002
  type: 'test'
  ...
# Subtest: a new civilization generation keeps the previous generation during its opening grace window
ok 35 - a new civilization generation keeps the previous generation during its opening grace window
  ---
  duration_ms: 1.110229
  type: 'test'
  ...
# Subtest: enemy system applies the spawned enemy level to movement and city damage
ok 36 - enemy system applies the spawned enemy level to movement and city damage
  ---
  duration_ms: 0.340269
  type: 'test'
  ...
# Subtest: base command panel summarizes remote threats, facilities, squads and recoveries
ok 37 - base command panel summarizes remote threats, facilities, squads and recoveries
  ---
  duration_ms: 2.69623
  type: 'test'
  ...
# Subtest: base command UI lists all bases and switches the map camera without moving the player
ok 38 - base command UI lists all bases and switches the map camera without moving the player
  ---
  duration_ms: 2.121178
  type: 'test'
  ...
# Subtest: base command UI establishes an unlocked base at the current road position
ok 39 - base command UI establishes an unlocked base at the current road position
  ---
  duration_ms: 1.432267
  type: 'test'
  ...
# Subtest: combat renderer includes a distinct marker for secondary player bases
ok 40 - combat renderer includes a distinct marker for secondary player bases
  ---
  duration_ms: 8.549681
  type: 'test'
  ...
# Subtest: base command UI lists simple bases separately and can focus or rebuild a destroyed one
ok 41 - base command UI lists simple bases separately and can focus or rebuild a destroyed one
  ---
  duration_ms: 1.995273
  type: 'test'
  ...
# Subtest: combat renderer includes a distinct marker for simple bases and ruins
ok 42 - combat renderer includes a distinct marker for simple bases and ruins
  ---
  duration_ms: 79.332722
  type: 'test'
  ...
# Subtest: selection snaps to the existing graph and creates a base without refetching
ok 43 - selection snaps to the existing graph and creates a base without refetching
  ---
  duration_ms: 2.535229
  type: 'test'
  ...
# Subtest: a tap outside the road tolerance is rejected
ok 44 - a tap outside the road tolerance is rejected
  ---
  duration_ms: 0.235544
  type: 'test'
  ...
# Subtest: base placement uses a dedicated map viewport instead of drawing behind controls
ok 45 - base placement uses a dedicated map viewport instead of drawing behind controls
  ---
  duration_ms: 17.155247
  type: 'test'
  ...
# Subtest: base placement screen keeps the canvas clip synchronized with the viewport
ok 46 - base placement screen keeps the canvas clip synchronized with the viewport
  ---
  duration_ms: 4.760094
  type: 'test'
  ...
# Subtest: renderer switches to a brighter static scene for base selection
ok 47 - renderer switches to a brighter static scene for base selection
  ---
  duration_ms: 72.970611
  type: 'test'
  ...
# Subtest: startup quarantines only validation failures and isolates optional cache restoration
ok 48 - startup quarantines only validation failures and isolates optional cache restoration
  ---
  duration_ms: 1.233749
  type: 'test'
  ...
# Subtest: offline restoration has an explicit rollback boundary and UI failure preserves the save
ok 49 - offline restoration has an explicit rollback boundary and UI failure preserves the save
  ---
  duration_ms: 0.424686
  type: 'test'
  ...
# Subtest: complete reset cancels road-world requests before deleting cached world data
ok 50 - complete reset cancels road-world requests before deleting cached world data
  ---
  duration_ms: 0.307523
  type: 'test'
  ...
# Subtest: barrier highlighting is clipped to the build-radius portion of a road
ok 51 - barrier highlighting is clipped to the build-radius portion of a road
  ---
  duration_ms: 77.055286
  type: 'test'
  ...
# Subtest: build placement overlay draws valid sites, build radius and candidate effect radius
ok 52 - build placement overlay draws valid sites, build radius and candidate effect radius
  ---
  duration_ms: 0.926369
  type: 'test'
  ...
# Subtest: barrier overlay tolerates a minimal canvas implementation
ok 53 - barrier overlay tolerates a minimal canvas implementation
  ---
  duration_ms: 0.431497
  type: 'test'
  ...
# Subtest: renderer draws construction guidance after combat effects so candidates stay visible
ok 54 - renderer draws construction guidance after combat effects so candidates stay visible
  ---
  duration_ms: 7.987776
  type: 'test'
  ...
# Subtest: existing facilities do not expand construction beyond bases and the player
ok 55 - existing facilities do not expand construction beyond bases and the player
  ---
  duration_ms: 3.268943
  type: 'test'
  ...
# Subtest: previewing a candidate does not consume resources or create a defense
ok 56 - previewing a candidate does not consume resources or create a defense
  ---
  duration_ms: 0.952735
  type: 'test'
  ...
# Subtest: a confirmed candidate consumes resources exactly once and creates the selected defense
ok 57 - a confirmed candidate consumes resources exactly once and creates the selected defense
  ---
  duration_ms: 0.962618
  type: 'test'
  ...
# Subtest: a stale candidate is rejected without spending resources
ok 58 - a stale candidate is rejected without spending resources
  ---
  duration_ms: 0.45917
  type: 'test'
  ...
# Subtest: candidate confirmation rechecks resources that changed after preview
ok 59 - candidate confirmation rechecks resources that changed after preview
  ---
  duration_ms: 0.64785
  type: 'test'
  ...
# Subtest: barrier candidates retain the tapped road position and reject out-of-range points
ok 60 - barrier candidates retain the tapped road position and reject out-of-range points
  ---
  duration_ms: 3.058409
  type: 'test'
  ...
# Subtest: a removed destroyed placement is immediately available for replacement construction
ok 61 - a removed destroyed placement is immediately available for replacement construction
  ---
  duration_ms: 0.626533
  type: 'test'
  ...
# Subtest: preview skips an occupied nearest intersection when another valid intersection is within the tap tolerance
ok 62 - preview skips an occupied nearest intersection when another valid intersection is within the tap tolerance
  ---
  duration_ms: 0.267461
  type: 'test'
  ...
# Subtest: preview skips an occupied nearest road when another valid road is within the tap tolerance
ok 63 - preview skips an occupied nearest road when another valid road is within the tap tolerance
  ---
  duration_ms: 1.035196
  type: 'test'
  ...
# Subtest: player position creates a second build zone away from the home base
ok 64 - player position creates a second build zone away from the home base
  ---
  duration_ms: 77.051281
  type: 'test'
  ...
# Subtest: a current-location candidate is rejected if the player leaves its build zone before confirmation
ok 65 - a current-location candidate is rejected if the player leaves its build zone before confirmation
  ---
  duration_ms: 0.387429
  type: 'test'
  ...
# Subtest: overlapping home-base and player positions are represented as one build zone
ok 66 - overlapping home-base and player positions are represented as one build zone
  ---
  duration_ms: 0.174818
  type: 'test'
  ...
# Subtest: a remote facility stays outside the build zone until the player physically reaches it
ok 67 - a remote facility stays outside the build zone until the player physically reaches it
  ---
  duration_ms: 0.221544
  type: 'test'
  ...
# Subtest: removing a defense reopens its placement and invalidates enemy routes
ok 68 - removing a defense reopens its placement and invalidates enemy routes
  ---
  duration_ms: 0.256695
  type: 'test'
  ...
# Subtest: removing an unknown defense does not mutate the state
ok 69 - removing an unknown defense does not mutate the state
  ---
  duration_ms: 0.12226
  type: 'test'
  ...
# Subtest: inventory has one canonical resource store and preserves overflow
ok 70 - inventory has one canonical resource store and preserves overflow
  ---
  duration_ms: 2.951073
  type: 'test'
  ...
# Subtest: production reserves inputs once and completes through the civilization update
ok 71 - production reserves inputs once and completes through the civilization update
  ---
  duration_ms: 1.75078
  type: 'test'
  ...
# Subtest: removed resource outpost subsystem is absent from civilization runtime
ok 72 - removed resource outpost subsystem is absent from civilization runtime
  ---
  duration_ms: 0.131303
  type: 'test'
  ...
# Subtest: settlement damage removes a destroyed building and its production queue
ok 73 - settlement damage removes a destroyed building and its production queue
  ---
  duration_ms: 0.772326
  type: 'test'
  ...
# Subtest: production overflow stays in the building buffer until collection
ok 74 - production overflow stays in the building buffer until collection
  ---
  duration_ms: 0.736811
  type: 'test'
  ...
# Subtest: every civilization project uses implemented requirements and fits the unlocked settlement slots
ok 75 - every civilization project uses implemented requirements and fits the unlocked settlement slots
  ---
  duration_ms: 0.403574
  type: 'test'
  ...
# Subtest: city defeat payment preserves the repair reserve and may pay only the safe surplus
ok 76 - city defeat payment preserves the repair reserve and may pay only the safe surplus
  ---
  duration_ms: 3.411492
  type: 'test'
  ...
# Subtest: enemy regroup deadlines extend but never shorten an existing recovery window
ok 77 - enemy regroup deadlines extend but never shorten an existing recovery window
  ---
  duration_ms: 0.504984
  type: 'test'
  ...
# Subtest: enemy bases pause their launch clock during regroup and resume afterward
ok 78 - enemy bases pause their launch clock during regroup and resume afterward
  ---
  duration_ms: 1.031252
  type: 'test'
  ...
# Subtest: damaged tower repair keeps the fifty-five percent material rate
ok 79 - damaged tower repair keeps the fifty-five percent material rate
  ---
  duration_ms: 0.822721
  type: 'test'
  ...
# Subtest: dedicated barrier repair costs remain unchanged
ok 80 - dedicated barrier repair costs remain unchanged
  ---
  duration_ms: 0.280451
  type: 'test'
  ...
# Subtest: regroup timing produces the same result in active and offline progression
ok 81 - regroup timing produces the same result in active and offline progression
  ---
  duration_ms: 7.522302
  type: 'test'
  ...
# Subtest: map tap only selects a build candidate and confirmation performs the mutation
ok 82 - map tap only selects a build candidate and confirmation performs the mutation
  ---
  duration_ms: 214.573182
  type: 'test'
  ...
# Subtest: combat UI no longer calls immediate buildAt from map taps
ok 83 - combat UI no longer calls immediate buildAt from map taps
  ---
  duration_ms: 82.796484
  type: 'test'
  ...
# Subtest: an invalid second tap clears the previous candidate to prevent confirming the wrong location
ok 84 - an invalid second tap clears the previous candidate to prevent confirming the wrong location
  ---
  duration_ms: 1.450607
  type: 'test'
  ...
# Subtest: build confirmation is disabled while the selected facility is unaffordable
ok 85 - build confirmation is disabled while the selected facility is unaffordable
  ---
  duration_ms: 1.399821
  type: 'test'
  ...
# Subtest: context explanations are collapsed by default and metrics remain visible
ok 86 - context explanations are collapsed by default and metrics remain visible
  ---
  duration_ms: 1.003737
  type: 'test'
  ...
# Subtest: an opened context explanation remains open after the live HUD rerenders
ok 87 - an opened context explanation remains open after the live HUD rerenders
  ---
  duration_ms: 0.906055
  type: 'test'
  ...
# Subtest: context metrics use a fixed three-column grid to reduce panel height
ok 88 - context metrics use a fixed three-column grid to reduce panel height
  ---
  duration_ms: 3.558595
  type: 'test'
  ...
# Subtest: defense removal requires a second confirmation and then clears the selected facility
ok 89 - defense removal requires a second confirmation and then clears the selected facility
  ---
  duration_ms: 1.794015
  type: 'test'
  ...
# Subtest: tapping the selected facility again closes the compact context panel
ok 90 - tapping the selected facility again closes the compact context panel
  ---
  duration_ms: 1.36261
  type: 'test'
  ...
# Subtest: combat effect buffer is capped and prunes expired effects
ok 91 - combat effect buffer is capped and prunes expired effects
  ---
  duration_ms: 0.800454
  type: 'test'
  ...
# Subtest: event bus creates transient shot and city warning effects
ok 92 - event bus creates transient shot and city warning effects
  ---
  duration_ms: 3.446323
  type: 'test'
  ...
# Subtest: manual defense upgrade events create a visible pulse
ok 93 - manual defense upgrade events create a visible pulse
  ---
  duration_ms: 0.293539
  type: 'test'
  ...
# Subtest: barrier changes weighted enemy route without creating another graph
ok 94 - barrier changes weighted enemy route without creating another graph
  ---
  duration_ms: 3.054661
  type: 'test'
  ...
# Subtest: enemy position follows path direction rather than edge storage direction
ok 95 - enemy position follows path direction rather than edge storage direction
  ---
  duration_ms: 1.142219
  type: 'test'
  ...
# Subtest: build range is measured from established home base
ok 96 - build range is measured from established home base
  ---
  duration_ms: 1.850847
  type: 'test'
  ...
# Subtest: gun tower damages an enemy in range
ok 97 - gun tower damages an enemy in range
  ---
  duration_ms: 1.458415
  type: 'test'
  ...
# Subtest: enemy reaching the city deals damage and is removed
ok 98 - enemy reaching the city deals damage and is removed
  ---
  duration_ms: 1.23789
  type: 'test'
  ...
# Subtest: repair relay consumes resources and repairs only the most damaged target
ok 99 - repair relay consumes resources and repairs only the most damaged target
  ---
  duration_ms: 0.644202
  type: 'test'
  ...
# Subtest: city recovers after a quiet period and a large update only heals post-cooldown time
ok 100 - city recovers after a quiet period and a large update only heals post-cooldown time
  ---
  duration_ms: 289.790857
  type: 'test'
  ...
# Subtest: city defeat never creates negative resources and reports unpaid emergency recovery honestly
ok 101 - city defeat never creates negative resources and reports unpaid emergency recovery honestly
  ---
  duration_ms: 9.461342
  type: 'test'
  ...
# Subtest: civilization level raises major and field base squad capacity
ok 102 - civilization level raises major and field base squad capacity
  ---
  duration_ms: 1.76792
  type: 'test'
  ...
# Subtest: one major base can dispatch several squads until its civilization capacity is full
ok 103 - one major base can dispatch several squads until its civilization capacity is full
  ---
  duration_ms: 2.708936
  type: 'test'
  ...
# Subtest: recovering squads occupy only their own slot and do not block other free slots
ok 104 - recovering squads occupy only their own slot and do not block other free slots
  ---
  duration_ms: 0.727776
  type: 'test'
  ...
# Subtest: field bases also support multiple light squads according to civilization level
ok 105 - field bases also support multiple light squads according to civilization level
  ---
  duration_ms: 1.188192
  type: 'test'
  ...
# Subtest: every settlement building has a concise gameplay description
ok 106 - every settlement building has a concise gameplay description
  ---
  duration_ms: 0.388025
  type: 'test'
  ...
# Subtest: default resource HUD renders every owned resource as an independent chip
ok 107 - default resource HUD renders every owned resource as an independent chip
  ---
  duration_ms: 0.903566
  type: 'test'
  ...
# Subtest: resource HUD uses a non-overlapping content-sized scroll strip
ok 108 - resource HUD uses a non-overlapping content-sized scroll strip
  ---
  duration_ms: 90.461214
  type: 'test'
  ...
# Subtest: barrier has player-facing role, effect, placement and numeric metrics
ok 109 - barrier has player-facing role, effect, placement and numeric metrics
  ---
  duration_ms: 0.77033
  type: 'test'
  ...
# Subtest: gun has player-facing role, effect, placement and numeric metrics
ok 110 - gun has player-facing role, effect, placement and numeric metrics
  ---
  duration_ms: 0.571881
  type: 'test'
  ...
# Subtest: mortar has player-facing role, effect, placement and numeric metrics
ok 111 - mortar has player-facing role, effect, placement and numeric metrics
  ---
  duration_ms: 0.190549
  type: 'test'
  ...
# Subtest: slow has player-facing role, effect, placement and numeric metrics
ok 112 - slow has player-facing role, effect, placement and numeric metrics
  ---
  duration_ms: 0.163636
  type: 'test'
  ...
# Subtest: relay has player-facing role, effect, placement and numeric metrics
ok 113 - relay has player-facing role, effect, placement and numeric metrics
  ---
  duration_ms: 0.234134
  type: 'test'
  ...
# Subtest: all defense tiers define deterministic durability and sequential upgrade costs
ok 114 - all defense tiers define deterministic durability and sequential upgrade costs
  ---
  duration_ms: 1.147507
  type: 'test'
  ...
# Subtest: defense upgrades are sequential and locked to civilization level
ok 115 - defense upgrades are sequential and locked to civilization level
  ---
  duration_ms: 3.124029
  type: 'test'
  ...
# Subtest: upgrading preserves damage ratio instead of fully healing the facility
ok 116 - upgrading preserves damage ratio instead of fully healing the facility
  ---
  duration_ms: 0.548824
  type: 'test'
  ...
# Subtest: tier synchronization upgrades legacy durability without changing its health percentage
ok 117 - tier synchronization upgrades legacy durability without changing its health percentage
  ---
  duration_ms: 0.275879
  type: 'test'
  ...
# Subtest: destroyed and maximum-tier defenses cannot be upgraded
ok 118 - destroyed and maximum-tier defenses cannot be upgraded
  ---
  duration_ms: 0.597647
  type: 'test'
  ...
# Subtest: gate conversion starts at tier two and preserves the prior health ratio
ok 119 - gate conversion starts at tier two and preserves the prior health ratio
  ---
  duration_ms: 0.6877
  type: 'test'
  ...
# Subtest: combat UI keeps the normal facility panel compact and opens upgrade details only on demand
ok 120 - combat UI keeps the normal facility panel compact and opens upgrade details only on demand
  ---
  duration_ms: 191.363336
  type: 'test'
  ...
# Subtest: facility explanation replaces the metric view instead of stacking below it
ok 121 - facility explanation replaces the metric view instead of stacking below it
  ---
  duration_ms: 1.287185
  type: 'test'
  ...
# Subtest: civilization panel explains the current defense tier ceiling and next unlock
ok 122 - civilization panel explains the current defense tier ceiling and next unlock
  ---
  duration_ms: 10.164988
  type: 'test'
  ...
# Subtest: applying a tier uses the explicit durability table for every facility class
ok 123 - applying a tier uses the explicit durability table for every facility class
  ---
  duration_ms: 0.5785
  type: 'test'
  ...
# Subtest: upgraded attack statistics are used by live combat rather than only the UI
ok 124 - upgraded attack statistics are used by live combat rather than only the UI
  ---
  duration_ms: 1.399064
  type: 'test'
  ...
# Subtest: defense panel uses a compact capped layout with fixed visible actions
ok 125 - defense panel uses a compact capped layout with fixed visible actions
  ---
  duration_ms: 3.834996
  type: 'test'
  ...
# Subtest: asset loader starts with the current application-relative stylesheet
ok 126 - asset loader starts with the current application-relative stylesheet
  ---
  duration_ms: 8.940928
  type: 'test'
  ...
# Subtest: asset loader recovers a legacy fr path through the canonical frontline-roads directory
ok 127 - asset loader recovers a legacy fr path through the canonical frontline-roads directory
  ---
  duration_ms: 81.347919
  type: 'test'
  ...
# Subtest: top HUD no longer exposes a global deployment button
ok 128 - top HUD no longer exposes a global deployment button
  ---
  duration_ms: 5.659396
  type: 'test'
  ...
# Subtest: enemy-base deployment opens with the tapped target fixed
ok 129 - enemy-base deployment opens with the tapped target fixed
  ---
  duration_ms: 7.964677
  type: 'test'
  ...
# Subtest: recovery-item deployment keeps the selected item fixed and only offers retrieval squads
ok 130 - recovery-item deployment keeps the selected item fixed and only offers retrieval squads
  ---
  duration_ms: 0.916759
  type: 'test'
  ...
# Subtest: combat target context exposes direct deployment actions
ok 131 - combat target context exposes direct deployment actions
  ---
  duration_ms: 4.686424
  type: 'test'
  ...
# Subtest: combat renderer includes visible friendly squad markers
ok 132 - combat renderer includes visible friendly squad markers
  ---
  duration_ms: 77.500704
  type: 'test'
  ...
# Subtest: legacy destroyed facilities are removed during normalization and free the placement
ok 133 - legacy destroyed facilities are removed during normalization and free the placement
  ---
  duration_ms: 3.760863
  type: 'test'
  ...
# Subtest: normalization keeps only one active facility when a legacy save overlaps placements
ok 134 - normalization keeps only one active facility when a legacy save overlaps placements
  ---
  duration_ms: 1.588316
  type: 'test'
  ...
# Subtest: a gate is deleted at zero HP and the attacking enemy continues through the opened road
ok 135 - a gate is deleted at zero HP and the attacking enemy continues through the opened road
  ---
  duration_ms: 6.573483
  type: 'test'
  ...
# Subtest: obsolete ruin UI and rendering code is removed
ok 136 - obsolete ruin UI and rendering code is removed
  ---
  duration_ms: 106.392196
  type: 'test'
  ...
# Subtest: HUD still reports repair demand only for surviving damaged facilities
ok 137 - HUD still reports repair demand only for surviving damaged facilities
  ---
  duration_ms: 3.482183
  type: 'test'
  ...
# Subtest: enemy types make different barrier decisions from break time and detour time
ok 138 - enemy types make different barrier decisions from break time and detour time
  ---
  duration_ms: 2.734686
  type: 'test'
  ...
# Subtest: balanced infantry breaches a weakened wall instead of taking a long detour
ok 139 - balanced infantry breaches a weakened wall instead of taking a long detour
  ---
  duration_ms: 0.50239
  type: 'test'
  ...
# Subtest: raider selects repair support before ordinary weapon towers
ok 140 - raider selects repair support before ordinary weapon towers
  ---
  duration_ms: 1.839165
  type: 'test'
  ...
# Subtest: rope cutter selects slowing equipment before repair support
ok 141 - rope cutter selects slowing equipment before repair support
  ---
  duration_ms: 0.767782
  type: 'test'
  ...
# Subtest: specialist damages its selected facility and invalidates shared targets when it is destroyed
ok 142 - specialist damages its selected facility and invalidates shared targets when it is destroyed
  ---
  duration_ms: 0.710799
  type: 'test'
  ...
# Subtest: a newly built priority facility requests rerouting without teleporting an enemy off its current road
ok 143 - a newly built priority facility requests rerouting without teleporting an enemy off its current road
  ---
  duration_ms: 1.523009
  type: 'test'
  ...
# Subtest: civilization generations contain expanded valid enemy variants with explicit personalities
ok 144 - civilization generations contain expanded valid enemy variants with explicit personalities
  ---
  duration_ms: 1.441651
  type: 'test'
  ...
# Subtest: flanking enemies choose a bounded longer side road while direct infantry uses the shortest road
ok 145 - flanking enemies choose a bounded longer side road while direct infantry uses the shortest road
  ---
  duration_ms: 10.383915
  type: 'test'
  ...
# Subtest: marauder personality prioritizes a field base over an equally reachable city
ok 146 - marauder personality prioritizes a field base over an equally reachable city
  ---
  duration_ms: 2.449271
  type: 'test'
  ...
# Subtest: squad hunter plans toward an active friendly squad and damages it after contact
ok 147 - squad hunter plans toward an active friendly squad and damages it after contact
  ---
  duration_ms: 0.847798
  type: 'test'
  ...
# Subtest: war drummer speed aura accelerates nearby allies without accelerating itself
ok 148 - war drummer speed aura accelerates nearby allies without accelerating itself
  ---
  duration_ms: 0.855135
  type: 'test'
  ...
# Subtest: civilization level four rotates doctrines and introduces the new generation across repeated waves
ok 149 - civilization level four rotates doctrines and introduces the new generation across repeated waves
  ---
  duration_ms: 3.777312
  type: 'test'
  ...
# Subtest: personality route and doctrine metadata survive the unchanged save schema
ok 150 - personality route and doctrine metadata survive the unchanged save schema
  ---
  duration_ms: 79.996697
  type: 'test'
  ...
# Subtest: loaded source chunk materializes a persistent enemy-source site
ok 151 - loaded source chunk materializes a persistent enemy-source site
  ---
  duration_ms: 2.672857
  type: 'test'
  ...
# Subtest: player can clear an enemy source on site and stop future frontier waves
ok 152 - player can clear an enemy source on site and stop future frontier waves
  ---
  duration_ms: 3.114136
  type: 'test'
  ...
# Subtest: enemy source interaction requires proximity and a clear local area
ok 153 - enemy source interaction requires proximity and a clear local area
  ---
  duration_ms: 1.063743
  type: 'test'
  ...
# Subtest: loaded chunks are processed once for deterministic ambient discoveries
ok 154 - loaded chunks are processed once for deterministic ambient discoveries
  ---
  duration_ms: 1.136216
  type: 'test'
  ...
# Subtest: exploration renderer draws active sites with a minimal canvas context
ok 155 - exploration renderer draws active sites with a minimal canvas context
  ---
  duration_ms: 0.944957
  type: 'test'
  ...
# Subtest: civilization level provides a separate simple-base limit
ok 156 - civilization level provides a separate simple-base limit
  ---
  duration_ms: 1.06002
  type: 'test'
  ...
# Subtest: simple-base placement requires civilization unlock, fresh GPS, road access and separation
ok 157 - simple-base placement requires civilization unlock, fresh GPS, road access and separation
  ---
  duration_ms: 1.845564
  type: 'test'
  ...
# Subtest: simple-base placement accepts a fresh stationary GPS fix and a road node within the wider placement radius
ok 158 - simple-base placement accepts a fresh stationary GPS fix and a road node within the wider placement radius
  ---
  duration_ms: 0.647335
  type: 'test'
  ...
# Subtest: simple bases require and consume the processed-resource cost for their slot
ok 159 - simple bases require and consume the processed-resource cost for their slot
  ---
  duration_ms: 1.646254
  type: 'test'
  ...
# Subtest: simple base has 40 HP and its construction anchor doubles at civilization level 1
ok 160 - simple base has 40 HP and its construction anchor doubles at civilization level 1
  ---
  duration_ms: 1.416676
  type: 'test'
  ...
# Subtest: current assault squad can deploy from an active simple base
ok 161 - current assault squad can deploy from an active simple base
  ---
  duration_ms: 1.194644
  type: 'test'
  ...
# Subtest: nearby enemies can destroy a simple base and remove its construction and deployment roles
ok 162 - nearby enemies can destroy a simple base and remove its construction and deployment roles
  ---
  duration_ms: 3.343778
  type: 'test'
  ...
# Subtest: destroyed simple base keeps its slot and can only be rebuilt at the site
ok 163 - destroyed simple base keeps its slot and can only be rebuilt at the site
  ---
  duration_ms: 0.748678
  type: 'test'
  ...
# Subtest: simple-base state survives save and restore without precise location metadata
ok 164 - simple-base state survives save and restore without precise location metadata
  ---
  duration_ms: 80.734114
  type: 'test'
  ...
# Subtest: level-four civilization progress counts active simple bases instead of obsolete outposts
ok 165 - level-four civilization progress counts active simple bases instead of obsolete outposts
  ---
  duration_ms: 0.953669
  type: 'test'
  ...
# Subtest: a distant simple base does not pull attackers away from a much nearer city
ok 166 - a distant simple base does not pull attackers away from a much nearer city
  ---
  duration_ms: 0.759503
  type: 'test'
  ...
# Subtest: standing at a level-one simple base uses its expanded 100m construction zone
ok 167 - standing at a level-one simple base uses its expanded 100m construction zone
  ---
  duration_ms: 0.511227
  type: 'test'
  ...
# Subtest: a major base cannot be placed on top of an active simple base
ok 168 - a major base cannot be placed on top of an active simple base
  ---
  duration_ms: 0.55192
  type: 'test'
  ...
# Subtest: a destroyed simple-base ruin still blocks overlapping major-base placement
ok 169 - a destroyed simple-base ruin still blocks overlapping major-base placement
  ---
  duration_ms: 0.398354
  type: 'test'
  ...
# Subtest: an active simple base anchors regional simulation but a destroyed one does not
ok 170 - an active simple base anchors regional simulation but a destroyed one does not
  ---
  duration_ms: 15.357952
  type: 'test'
  ...
# Subtest: an enemy chooses a nearby simple base when it is meaningfully closer than the city
ok 171 - an enemy chooses a nearby simple base when it is meaningfully closer than the city
  ---
  duration_ms: 0.629823
  type: 'test'
  ...
# Subtest: deployment preview is non-destructive and dispatch spends the assault cost once
ok 172 - deployment preview is non-destructive and dispatch spends the assault cost once
  ---
  duration_ms: 84.272506
  type: 'test'
  ...
# Subtest: friendly squad stops to fight enemies and both sides exchange damage
ok 173 - friendly squad stops to fight enemies and both sides exchange damage
  ---
  duration_ms: 4.611409
  type: 'test'
  ...
# Subtest: squad destroys an enemy base, schedules respawn and returns to its origin
ok 174 - squad destroys an enemy base, schedules respawn and returns to its origin
  ---
  duration_ms: 3.972684
  type: 'test'
  ...
# Subtest: friendly squads survive JSON save and restore without exact base coordinates
ok 175 - friendly squads survive JSON save and restore without exact base coordinates
  ---
  duration_ms: 2.643421
  type: 'test'
  ...
# Subtest: remote friendly squads only advance when the dormant regional interval is due
ok 176 - remote friendly squads only advance when the dormant regional interval is due
  ---
  duration_ms: 92.546989
  type: 'test'
  ...
# Subtest: friendly order overlay draws selectable nodes, routes, destination and waypoints on a minimal canvas
ok 177 - friendly order overlay draws selectable nodes, routes, destination and waypoints on a minimal canvas
  ---
  duration_ms: 3.315311
  type: 'test'
  ...
# Subtest: combat UI exposes stop, retreat, withdraw, resume and two-waypoint route planning
ok 178 - combat UI exposes stop, retreat, withdraw, resume and two-waypoint route planning
  ---
  duration_ms: 5.946606
  type: 'test'
  ...
# Subtest: renderer places squad order guidance above combat and construction layers
ok 179 - renderer places squad order guidance above combat and construction layers
  ---
  duration_ms: 1.668274
  type: 'test'
  ...
# Subtest: stop holds a squad at its exact road position while retaining the mission
ok 180 - stop holds a squad at its exact road position while retaining the mission
  ---
  duration_ms: 84.060836
  type: 'test'
  ...
# Subtest: route command issued mid-edge preserves position and joins the chosen route at the next intersection
ok 181 - route command issued mid-edge preserves position and joins the chosen route at the next intersection
  ---
  duration_ms: 1.250799
  type: 'test'
  ...
# Subtest: retreat reaches the selected node, stops there, and keeps the original attack mission
ok 182 - retreat reaches the selected node, stops there, and keeps the original attack mission
  ---
  duration_ms: 1.853798
  type: 'test'
  ...
# Subtest: withdraw abandons the mission and begins recovery only after it reaches the origin
ok 183 - withdraw abandons the mission and begins recovery only after it reaches the origin
  ---
  duration_ms: 11.48486
  type: 'test'
  ...
# Subtest: stopping a retreat preserves the retreat destination for route-selected resume
ok 184 - stopping a retreat preserves the retreat destination for route-selected resume
  ---
  duration_ms: 0.966617
  type: 'test'
  ...
# Subtest: retreat validation rejects a node closer to the hostile base and accepts an owned base behind the squad
ok 185 - retreat validation rejects a node closer to the hostile base and accepts an owned base behind the squad
  ---
  duration_ms: 0.718862
  type: 'test'
  ...
# Subtest: route planner exposes distinct shortest, enemy-avoidance and friendly-support choices when the road graph allows them
ok 186 - route planner exposes distinct shortest, enemy-avoidance and friendly-support choices when the road graph allows them
  ---
  duration_ms: 2.292037
  type: 'test'
  ...
# Subtest: waypoints force every generated route through the selected intersections
ok 187 - waypoints force every generated route through the selected intersections
  ---
  duration_ms: 0.821346
  type: 'test'
  ...
# Subtest: retreating through a newly encountered enemy does not grant invulnerability
ok 188 - retreating through a newly encountered enemy does not grant invulnerability
  ---
  duration_ms: 98.595741
  type: 'test'
  ...
# Subtest: friendly orders, selected route and history survive save and restore
ok 189 - friendly orders, selected route and history survive save and restore
  ---
  duration_ms: 2.261124
  type: 'test'
  ...
# Subtest: a rejected withdraw route leaves the original mission untouched
ok 190 - a rejected withdraw route leaves the original mission untouched
  ---
  duration_ms: 0.306173
  type: 'test'
  ...
# Subtest: route orders reject paths whose edges do not connect the declared node sequence
ok 191 - route orders reject paths whose edges do not connect the declared node sequence
  ---
  duration_ms: 0.157887
  type: 'test'
  ...
# Subtest: route estimates include the remaining distance on the squad current road segment
ok 192 - route estimates include the remaining distance on the squad current road segment
  ---
  duration_ms: 0.301599
  type: 'test'
  ...
# Subtest: a map tap near a displayed route selects that route instead of becoming a waypoint
ok 193 - a map tap near a displayed route selects that route instead of becoming a waypoint
  ---
  duration_ms: 78.120597
  type: 'test'
  ...
# Subtest: civilization level one unlocks treatment and field aid with the approved progression
ok 194 - civilization level one unlocks treatment and field aid with the approved progression
  ---
  duration_ms: 1.059649
  type: 'test'
  ...
# Subtest: major bases recover a returned squad to full health and keep it ready for redeployment
ok 195 - major bases recover a returned squad to full health and keep it ready for redeployment
  ---
  duration_ms: 2.056303
  type: 'test'
  ...
# Subtest: a treatment facility accelerates healing and reorganization at a major base
ok 196 - a treatment facility accelerates healing and reorganization at a major base
  ---
  duration_ms: 1.335464
  type: 'test'
  ...
# Subtest: a field base without an aid station reorganizes but does not heal a light squad
ok 197 - a field base without an aid station reorganizes but does not heal a light squad
  ---
  duration_ms: 0.594473
  type: 'test'
  ...
# Subtest: a field aid station heals assault and skirmisher squads up to seventy percent
ok 198 - a field aid station heals assault and skirmisher squads up to seventy percent
  ---
  duration_ms: 0.769501
  type: 'test'
  ...
# Subtest: field aid does not heal non-light squads if legacy data places one at a field base
ok 199 - field aid does not heal non-light squads if legacy data places one at a field base
  ---
  duration_ms: 0.511397
  type: 'test'
  ...
# Subtest: a recovering squad occupies one slot while another free slot remains usable
ok 200 - a recovering squad occupies one slot while another free slot remains usable
  ---
  duration_ms: 74.338144
  type: 'test'
  ...
# Subtest: selecting a different type replaces a ready garrison only when every squad slot is occupied
ok 201 - selecting a different type replaces a ready garrison only when every squad slot is occupied
  ---
  duration_ms: 1.032011
  type: 'test'
  ...
# Subtest: medical and field aid facilities are restricted to their matching base types and one slot each
ok 202 - medical and field aid facilities are restricted to their matching base types and one slot each
  ---
  duration_ms: 3.713155
  type: 'test'
  ...
# Subtest: destroying a treatment facility immediately falls back to natural base recovery
ok 203 - destroying a treatment facility immediately falls back to natural base recovery
  ---
  duration_ms: 0.619268
  type: 'test'
  ...
# Subtest: recovery state and progress survive save and restore
ok 204 - recovery state and progress survive save and restore
  ---
  duration_ms: 1.629844
  type: 'test'
  ...
# Subtest: a recovering squad evacuates to the nearest major base when its field base is destroyed
ok 205 - a recovering squad evacuates to the nearest major base when its field base is destroyed
  ---
  duration_ms: 2.720241
  type: 'test'
  ...
# Subtest: recovery and ready garrisons reject tactical movement orders
ok 206 - recovery and ready garrisons reject tactical movement orders
  ---
  duration_ms: 0.423394
  type: 'test'
  ...
# Subtest: treatment capacity queues excess squads without losing recovery state
ok 207 - treatment capacity queues excess squads without losing recovery state
  ---
  duration_ms: 0.222636
  type: 'test'
  ...
# Subtest: tier-three treatment facilities process two recovering squads at once
ok 208 - tier-three treatment facilities process two recovering squads at once
  ---
  duration_ms: 0.139116
  type: 'test'
  ...
# Subtest: friendly unit unlock levels and simple-base deployment restrictions are enforced
ok 209 - friendly unit unlock levels and simple-base deployment restrictions are enforced
  ---
  duration_ms: 2.91414
  type: 'test'
  ...
# Subtest: skirmisher damage strongly favors light enemies and is weak against armored enemies
ok 210 - skirmisher damage strongly favors light enemies and is weak against armored enemies
  ---
  duration_ms: 0.319718
  type: 'test'
  ...
# Subtest: siege squad damages enemy bases much faster than the assault squad
ok 211 - siege squad damages enemy bases much faster than the assault squad
  ---
  duration_ms: 74.662931
  type: 'test'
  ...
# Subtest: nearby heavy squad intercepts part of the damage aimed at another friendly squad
ok 212 - nearby heavy squad intercepts part of the damage aimed at another friendly squad
  ---
  duration_ms: 1.377943
  type: 'test'
  ...
# Subtest: expedition squad heals only after its non-combat recovery delay
ok 213 - expedition squad heals only after its non-combat recovery delay
  ---
  duration_ms: 0.519357
  type: 'test'
  ...
# Subtest: all friendly unit types preserve their identity and combat state through save and restore
ok 214 - all friendly unit types preserve their identity and combat state through save and restore
  ---
  duration_ms: 2.129179
  type: 'test'
  ...
# Subtest: skirmisher prioritizes a light specialist over a nearer ordinary infantry target
ok 215 - skirmisher prioritizes a light specialist over a nearer ordinary infantry target
  ---
  duration_ms: 0.624192
  type: 'test'
  ...
# Subtest: mixed friendly unit types remain valid through extended regional combat simulation
ok 216 - mixed friendly unit types remain valid through extended regional combat simulation
  ---
  duration_ms: 403.631588
  type: 'test'
  ...
# Subtest: dead-end roads at unexplored chunk borders become frontier candidates
ok 217 - dead-end roads at unexplored chunk borders become frontier candidates
  ---
  duration_ms: 1.818425
  type: 'test'
  ...
# Subtest: frontier source stays fixed while its entry point advances with map expansion
ok 218 - frontier source stays fixed while its entry point advances with map expansion
  ---
  duration_ms: 70.201686
  type: 'test'
  ...
# Subtest: frontier system launches enemies from a map-edge entry node
ok 219 - frontier system launches enemies from a map-edge entry node
  ---
  duration_ms: 1.079814
  type: 'test'
  ...
# Subtest: frontier identity is hidden until the signal is localized
ok 220 - frontier identity is hidden until the signal is localized
  ---
  duration_ms: 0.205628
  type: 'test'
  ...
# Subtest: frontier renderer tolerates a minimal canvas context
ok 221 - frontier renderer tolerates a minimal canvas context
  ---
  duration_ms: 4.577749
  type: 'test'
  ...
# Subtest: balanced opening reaches civilization level one without collapse on a line road network
ok 222 - balanced opening reaches civilization level one without collapse on a line road network
  ---
  duration_ms: 1705.900188
  type: 'test'
  ...
# Subtest: balanced opening reaches civilization level one without collapse on a cross road network
ok 223 - balanced opening reaches civilization level one without collapse on a cross road network
  ---
  duration_ms: 602.163441
  type: 'test'
  ...
# Subtest: balanced opening reaches civilization level one without collapse on a grid road network
ok 224 - balanced opening reaches civilization level one without collapse on a grid road network
  ---
  duration_ms: 493.44676
  type: 'test'
  ...
# Subtest: attack-only opening can suppress the first bases but still causes material losses
ok 225 - attack-only opening can suppress the first bases but still causes material losses
  ---
  duration_ms: 331.017697
  type: 'test'
  ...
# Subtest: batch production queues 1, 5, 10 or the maximum without double-reserving inputs
ok 226 - batch production queues 1, 5, 10 or the maximum without double-reserving inputs
  ---
  duration_ms: 6.184505
  type: 'test'
  ...
# Subtest: project-only production caps queued units, starts the existing order, and cannot overshoot the target
ok 227 - project-only production caps queued units, starts the existing order, and cannot overshoot the target
  ---
  duration_ms: 1.299622
  type: 'test'
  ...
# Subtest: safe civilization contribution keeps the declared defense reserve while explicit full contribution may use it
ok 228 - safe civilization contribution keeps the declared defense reserve while explicit full contribution may use it
  ---
  duration_ms: 1.994211
  type: 'test'
  ...
# Subtest: coordinated deployment can use multiple slots from one base and synchronizes mixed squads to one arrival time
ok 229 - coordinated deployment can use multiple slots from one base and synchronizes mixed squads to one arrival time
  ---
  duration_ms: 89.483949
  type: 'test'
  ...
# Subtest: simple-base network diagnostic distinguishes sufficient and insufficient acquired roads
ok 230 - simple-base network diagnostic distinguishes sufficient and insufficient acquired roads
  ---
  duration_ms: 1.449343
  type: 'test'
  ...
# Subtest: listed barrier sites use an in-range projection and remain valid for construction on dense roads
ok 231 - listed barrier sites use an in-range projection and remain valid for construction on dense roads
  ---
  duration_ms: 5.695324
  type: 'test'
  ...
# Subtest: gameplay stabilization controls are present in UI source and field-base text includes retrieval squads
ok 232 - gameplay stabilization controls are present in UI source and field-base text includes retrieval squads
  ---
  duration_ms: 103.706021
  type: 'test'
  ...
# Subtest: source module graph has no circular dependencies
ok 233 - source module graph has no circular dependencies
  ---
  duration_ms: 696.44237
  type: 'test'
  ...
# Subtest: twelve-hour simulation remains bounded, serializable and within enemy cap
ok 234 - twelve-hour simulation remains bounded, serializable and within enemy cap
  ---
  duration_ms: 4377.961901
  type: 'test'
  ...
# Subtest: same state and elapsed time produce the same offline game result
ok 235 - same state and elapsed time produce the same offline game result
  ---
  duration_ms: 536.865055
  type: 'test'
  ...
# Subtest: legacy save is converted once into the clean schema
ok 236 - legacy save is converted once into the clean schema
  ---
  duration_ms: 3.547819
  type: 'test'
  ...
# Subtest: tower reload preserves elapsed remainder and gives the same result at 20 Hz or one coarse update
ok 237 - tower reload preserves elapsed remainder and gives the same result at 20 Hz or one coarse update
  ---
  duration_ms: 91.539448
  type: 'test'
  ...
# Subtest: enemy departure delay and road-edge overflow are consumed in the same update
ok 238 - enemy departure delay and road-edge overflow are consumed in the same update
  ---
  duration_ms: 3.913236
  type: 'test'
  ...
# Subtest: offline 0.25-second simulation matches live 20 Hz for a deterministic defense interval
ok 239 - offline 0.25-second simulation matches live 20 Hz for a deterministic defense interval
  ---
  duration_ms: 405.976335
  type: 'test'
  ...
# Subtest: offline simulation is bounded and reports the applied duration
ok 240 - offline simulation is bounded and reports the applied duration
  ---
  duration_ms: 1.216388
  type: 'test'
  ...
# Subtest: offline simulation advances the canonical world clock
ok 241 - offline simulation advances the canonical world clock
  ---
  duration_ms: 0.387364
  type: 'test'
  ...
# Subtest: default endpoints use the configured public instances
ok 242 - default endpoints use the configured public instances
  ---
  duration_ms: 2.097435
  type: 'test'
  ...
# Subtest: query filters road classes before download
ok 243 - query filters road classes before download
  ---
  duration_ms: 0.504005
  type: 'test'
  ...
# Subtest: browser request starts with a form-encoded POST and stops after success
ok 244 - browser request starts with a form-encoded POST and stops after success
  ---
  duration_ms: 1.198985
  type: 'test'
  ...
# Subtest: a blocked POST falls back to a non-script GET on the same endpoint
ok 245 - a blocked POST falls back to a non-script GET on the same endpoint
  ---
  duration_ms: 0.976646
  type: 'test'
  ...
# Subtest: successful GET is remembered so later road expansions avoid the blocked POST
ok 246 - successful GET is remembered so later road expansions avoid the blocked POST
  ---
  duration_ms: 0.600254
  type: 'test'
  ...
# Subtest: failed POST and GET fall back to the next endpoint
ok 247 - failed POST and GET fall back to the next endpoint
  ---
  duration_ms: 0.875889
  type: 'test'
  ...
# Subtest: all failures include endpoint and both secure transport diagnostics
ok 248 - all failures include endpoint and both secure transport diagnostics
  ---
  duration_ms: 92.721666
  type: 'test'
  ...
# Subtest: caller abort stops attempts immediately
ok 249 - caller abort stops attempts immediately
  ---
  duration_ms: 0.861939
  type: 'test'
  ...
# Subtest: injected development fetch is used directly
ok 250 - injected development fetch is used directly
  ---
  duration_ms: 0.429364
  type: 'test'
  ...
# Subtest: chunk expansion query uses a compact bounding box instead of an around search
ok 251 - chunk expansion query uses a compact bounding box instead of an around search
  ---
  duration_ms: 0.6467
  type: 'test'
  ...
# Subtest: successful endpoint and transport survive a client recreation and are attempted first
ok 252 - successful endpoint and transport survive a client recreation and are attempted first
  ---
  duration_ms: 0.745712
  type: 'test'
  ...
# Subtest: request metadata exposes the query shape for survey diagnostics
ok 253 - request metadata exposes the query shape for survey diagnostics
  ---
  duration_ms: 0.22129
  type: 'test'
  ...
# Subtest: balanced profile limits simulation, rendering and DPR
ok 254 - balanced profile limits simulation, rendering and DPR
  ---
  duration_ms: 0.924851
  type: 'test'
  ...
# Subtest: game loop decouples simulation, civilization and rendering rates
ok 255 - game loop decouples simulation, civilization and rendering rates
  ---
  duration_ms: 0.954467
  type: 'test'
  ...
# Subtest: game loop preserves simulation backlog instead of discarding a slow frame
ok 256 - game loop preserves simulation backlog instead of discarding a slow frame
  ---
  duration_ms: 0.408859
  type: 'test'
  ...
# Subtest: combat spatial index returns only nearby active enemies
ok 257 - combat spatial index returns only nearby active enemies
  ---
  duration_ms: 1.342311
  type: 'test'
  ...
# Subtest: renderer caches static radar and road layers between frames
ok 258 - renderer caches static radar and road layers between frames
  ---
  duration_ms: 3.199395
  type: 'test'
  ...
# Subtest: tactical route choices use spatial snapshots instead of rescanning every enemy and defense per road edge
ok 259 - tactical route choices use spatial snapshots instead of rescanning every enemy and defense per road edge
  ---
  duration_ms: 882.47043
  type: 'test'
  ...
# Subtest: same-schema saves missing the old initialization flag remove destroyed facilities and preserve active survey facilities
ok 260 - same-schema saves missing the old initialization flag remove destroyed facilities and preserve active survey facilities
  ---
  duration_ms: 7.593327
  type: 'test'
  ...
# Subtest: normalization removes zero-HP defenses even when legacy ruin flags are absent
ok 261 - normalization removes zero-HP defenses even when legacy ruin flags are absent
  ---
  duration_ms: 1.026429
  type: 'test'
  ...
# Subtest: loaded road chunks are reconstructed from the persisted graph so survey can expand from initial roads
ok 262 - loaded road chunks are reconstructed from the persisted graph so survey can expand from initial roads
  ---
  duration_ms: 0.499474
  type: 'test'
  ...
# Subtest: survey network failures become retry-wait state instead of a permanent raw error
ok 263 - survey network failures become retry-wait state instead of a permanent raw error
  ---
  duration_ms: 96.164918
  type: 'test'
  ...
# Subtest: critical facility operations persist immediately and obsolete wreck UI is absent
ok 264 - critical facility operations persist immediately and obsolete wreck UI is absent
  ---
  duration_ms: 89.30319
  type: 'test'
  ...
# Subtest: civilization level increases the active player-base limit by one
ok 265 - civilization level increases the active player-base limit by one
  ---
  duration_ms: 0.997416
  type: 'test'
  ...
# Subtest: base placement requires an unlocked slot, fresh position, nearby road and minimum separation
ok 266 - base placement requires an unlocked slot, fresh position, nearby road and minimum separation
  ---
  duration_ms: 1.613316
  type: 'test'
  ...
# Subtest: additional major bases require and consume escalating processed-resource costs
ok 267 - additional major bases require and consume escalating processed-resource costs
  ---
  duration_ms: 1.771789
  type: 'test'
  ...
# Subtest: establishing a base adds a remote construction and simulation anchor
ok 268 - establishing a base adds a remote construction and simulation anchor
  ---
  duration_ms: 1.232143
  type: 'test'
  ...
# Subtest: secondary bases survive save and restore without retaining exact location fields
ok 269 - secondary bases survive save and restore without retaining exact location fields
  ---
  duration_ms: 1.679259
  type: 'test'
  ...
# Subtest: civilization projects require cumulative artifacts recovered in the field
ok 270 - civilization projects require cumulative artifacts recovered in the field
  ---
  duration_ms: 0.617179
  type: 'test'
  ...
# Subtest: destroying a resource enemy base secures its declared reward in one recoverable cache
ok 271 - destroying a resource enemy base secures its declared reward in one recoverable cache
  ---
  duration_ms: 5.360877
  type: 'test'
  ...
# Subtest: resource enemy bases return within the progression window while strategic bases retain long recovery
ok 272 - resource enemy bases return within the progression window while strategic bases retain long recovery
  ---
  duration_ms: 0.985916
  type: 'test'
  ...
# Subtest: legacy resource-outpost data is stripped during runtime normalization
ok 273 - legacy resource-outpost data is stripped during runtime normalization
  ---
  duration_ms: 2.932097
  type: 'test'
  ...
# Subtest: PWA registers the current service worker on HTTPS
ok 274 - PWA registers the current service worker on HTTPS
  ---
  duration_ms: 1.498075
  type: 'test'
  ...
# Subtest: PWA is skipped for an allowed development fixture
ok 275 - PWA is skipped for an allowed development fixture
  ---
  duration_ms: 0.534993
  type: 'test'
  ...
# Subtest: public devFixture query does not disable production PWA registration
ok 276 - public devFixture query does not disable production PWA registration
  ---
  duration_ms: 0.343472
  type: 'test'
  ...
# Subtest: PWA registration failure does not stop the game
ok 277 - PWA registration failure does not stop the game
  ---
  duration_ms: 0.313382
  type: 'test'
  ...
# Subtest: radar renderer is integrated without changing the map input owner
ok 278 - radar renderer is integrated without changing the map input owner
  ---
  duration_ms: 92.875312
  type: 'test'
  ...
# Subtest: radar theme exposes tactical palette and mobile layout rules
ok 279 - radar theme exposes tactical palette and mobile layout rules
  ---
  duration_ms: 2.276849
  type: 'test'
  ...
# Subtest: combat and road renderers use radar glyphs and glow rather than emoji labels
ok 280 - combat and road renderers use radar glyphs and glow rather than emoji labels
  ---
  duration_ms: 4.145138
  type: 'test'
  ...
# Subtest: radar canvas layers render with a minimal canvas context
ok 281 - radar canvas layers render with a minimal canvas context
  ---
  duration_ms: 3.139933
  type: 'test'
  ...
# Subtest: playing footer stays clear of the combat toolbar
ok 282 - playing footer stays clear of the combat toolbar
  ---
  duration_ms: 86.052849
  type: 'test'
  ...
# Subtest: radar preferences apply defaults and cycle without game state
ok 283 - radar preferences apply defaults and cycle without game state
  ---
  duration_ms: 1.053175
  type: 'test'
  ...
# Subtest: bootstrap imports RadarPreferences before constructing it
ok 284 - bootstrap imports RadarPreferences before constructing it
  ---
  duration_ms: 96.98942
  type: 'test'
  ...
# Subtest: touch devices default to the power-saving radar profile
ok 285 - touch devices default to the power-saving radar profile
  ---
  duration_ms: 0.358226
  type: 'test'
  ...
# Subtest: destroying an enemy base creates one persistent recovery item at the destroyed base
ok 286 - destroying an enemy base creates one persistent recovery item at the destroyed base
  ---
  duration_ms: 2.526253
  type: 'test'
  ...
# Subtest: recovery requires the player to be within the physical collection range
ok 287 - recovery requires the player to be within the physical collection range
  ---
  duration_ms: 0.661327
  type: 'test'
  ...
# Subtest: recovery rejects stale or inaccurate geolocation even at the item position
ok 288 - recovery rejects stale or inaccurate geolocation even at the item position
  ---
  duration_ms: 0.283195
  type: 'test'
  ...
# Subtest: manual collection requires five seconds in range, grants once and removes the recovered item
ok 289 - manual collection requires five seconds in range, grants once and removes the recovered item
  ---
  duration_ms: 1.145094
  type: 'test'
  ...
# Subtest: leaving the collection radius cancels progress without removing the item
ok 290 - leaving the collection radius cancels progress without removing the item
  ---
  duration_ms: 0.544528
  type: 'test'
  ...
# Subtest: uncollected recovery items survive save and restore while live location freshness does not
ok 291 - uncollected recovery items survive save and restore while live location freshness does not
  ---
  duration_ms: 1.726369
  type: 'test'
  ...
# Subtest: refactor schema 1 scrap is migrated into canonical resources
ok 292 - refactor schema 1 scrap is migrated into canonical resources
  ---
  duration_ms: 2.796389
  type: 'test'
  ...
# Subtest: retrieval squad is deliberately weak and works from major and field bases
ok 293 - retrieval squad is deliberately weak and works from major and field bases
  ---
  duration_ms: 1.16456
  type: 'test'
  ...
# Subtest: dispatch reserves a recovery item and preview does not mutate it
ok 294 - dispatch reserves a recovery item and preview does not mutate it
  ---
  duration_ms: 3.313101
  type: 'test'
  ...
# Subtest: retrieval squad collects for eight seconds and grants the artifact only after returning
ok 295 - retrieval squad collects for eight seconds and grants the artifact only after returning
  ---
  duration_ms: 5.11722
  type: 'test'
  ...
# Subtest: destroying a squad before pickup releases the item at its original location
ok 296 - destroying a squad before pickup releases the item at its original location
  ---
  duration_ms: 0.594288
  type: 'test'
  ...
# Subtest: destroying a squad while carrying drops the item at the destruction point
ok 297 - destroying a squad while carrying drops the item at the destruction point
  ---
  duration_ms: 93.03589
  type: 'test'
  ...
# Subtest: withdrawing before pickup abandons the recovery mission and releases the item
ok 298 - withdrawing before pickup abandons the recovery mission and releases the item
  ---
  duration_ms: 1.343957
  type: 'test'
  ...
# Subtest: field bases can deploy and reorganize retrieval squads
ok 299 - field bases can deploy and reorganize retrieval squads
  ---
  duration_ms: 0.828151
  type: 'test'
  ...
# Subtest: reserved recovery mission survives save and restore without exposing exact live location data
ok 300 - reserved recovery mission survives save and restore without exposing exact live location data
  ---
  duration_ms: 2.484796
  type: 'test'
  ...
# Subtest: manual collection in progress blocks deployment without consuming resources or changing a ready squad
ok 301 - manual collection in progress blocks deployment without consuming resources or changing a ready squad
  ---
  duration_ms: 0.879462
  type: 'test'
  ...
# Subtest: orphaned reservations become available again after squad data is lost
ok 302 - orphaned reservations become available again after squad data is lost
  ---
  duration_ms: 0.734146
  type: 'test'
  ...
# Subtest: a real heavy enemy quickly destroys the weak retrieval squad and releases its reservation
ok 303 - a real heavy enemy quickly destroys the weak retrieval squad and releases its reservation
  ---
  duration_ms: 2.084648
  type: 'test'
  ...
# Subtest: remote retrieval completes under active, peripheral, and dormant regional intervals
ok 304 - remote retrieval completes under active, peripheral, and dormant regional intervals
  ---
  duration_ms: 180.423685
  type: 'test'
  ...
# Subtest: world chunks use deterministic grid ids and reversible centers
ok 305 - world chunks use deterministic grid ids and reversible centers
  ---
  duration_ms: 1.990356
  type: 'test'
  ...
# Subtest: initial chunk state does not assume that the cleaned initial graph fully covers surrounding chunks
ok 306 - initial chunk state does not assume that the cleaned initial graph fully covers surrounding chunks
  ---
  duration_ms: 0.345919
  type: 'test'
  ...
# Subtest: graph merge preserves existing ids, joins nearby endpoints and removes duplicate edges
ok 307 - graph merge preserves existing ids, joins nearby endpoints and removes duplicate edges
  ---
  duration_ms: 1.881104
  type: 'test'
  ...
# Subtest: chunk cache isolates worlds and can remove one world
ok 308 - chunk cache isolates worlds and can remove one world
  ---
  duration_ms: 0.383049
  type: 'test'
  ...
# Subtest: RoadService chunk acquisition projects roads into the original world coordinate system
ok 309 - RoadService chunk acquisition projects roads into the original world coordinate system
  ---
  duration_ms: 96.125396
  type: 'test'
  ...
# Subtest: parallel carriageways with the same identity collapse into one gameplay road
ok 310 - parallel carriageways with the same identity collapse into one gameplay road
  ---
  duration_ms: 6.220238
  type: 'test'
  ...
# Subtest: nearby roads with different names remain separate
ok 311 - nearby roads with different names remain separate
  ---
  duration_ms: 83.250755
  type: 'test'
  ...
# Subtest: clustered intersections build a connected graph and combat route
ok 312 - clustered intersections build a connected graph and combat route
  ---
  duration_ms: 3.340872
  type: 'test'
  ...
# Subtest: one RoadService load performs one acquisition and produces indexed graph data
ok 313 - one RoadService load performs one acquisition and produces indexed graph data
  ---
  duration_ms: 102.622184
  type: 'test'
  ...
# Subtest: chunk prefetch only includes crossed or nearby grid edges
ok 314 - chunk prefetch only includes crossed or nearby grid edges
  ---
  duration_ms: 2.35702
  type: 'test'
  ...
# Subtest: manager merges a new chunk, records it and persists a compact cache entry
ok 315 - manager merges a new chunk, records it and persists a compact cache entry
  ---
  duration_ms: 89.594597
  type: 'test'
  ...
# Subtest: manager loads a cached chunk without calling the road server
ok 316 - manager loads a cached chunk without calling the road server
  ---
  duration_ms: 1.156348
  type: 'test'
  ...
# Subtest: failed acquisitions cool down without blocking unrelated nearby chunks
ok 317 - failed acquisitions cool down without blocking unrelated nearby chunks
  ---
  duration_ms: 12.669585
  type: 'test'
  ...
# Subtest: chunk centers remain based on the original world center
ok 318 - chunk centers remain based on the original world center
  ---
  duration_ms: 0.17088
  type: 'test'
  ...
# Subtest: legacy unrelated coverage is released while graph-derived and explicitly merged chunks remain confirmed
ok 319 - legacy unrelated coverage is released while graph-derived and explicitly merged chunks remain confirmed
  ---
  duration_ms: 0.463724
  type: 'test'
  ...
# Subtest: approaching a visible road endpoint queues forward chunks before the grid boundary
ok 320 - approaching a visible road endpoint queues forward chunks before the grid boundary
  ---
  duration_ms: 1.499753
  type: 'test'
  ...
# Subtest: movement lookahead queues the travel direction even before the player reaches a chunk edge
ok 321 - movement lookahead queues the travel direction even before the player reaches a chunk edge
  ---
  duration_ms: 1.209152
  type: 'test'
  ...
# Subtest: frontier failures retry after the shorter movement cooldown
ok 322 - frontier failures retry after the shorter movement cooldown
  ---
  duration_ms: 1.242321
  type: 'test'
  ...
# Subtest: an internal cul-de-sac does not masquerade as the outer road frontier
ok 323 - an internal cul-de-sac does not masquerade as the outer road frontier
  ---
  duration_ms: 1.422765
  type: 'test'
  ...
# Subtest: lookahead road chunks remain hidden until the player physically enters them
ok 324 - lookahead road chunks remain hidden until the player physically enters them
  ---
  duration_ms: 1.580538
  type: 'test'
  ...
# Subtest: road-frontier movement completes acquisition and merges the new road into the live map
ok 325 - road-frontier movement completes acquisition and merges the new road into the live map
  ---
  duration_ms: 85.918991
  type: 'test'
  ...
# Subtest: aborting road acquisition prevents a late response from repopulating reset state
ok 326 - aborting road acquisition prevents a late response from repopulating reset state
  ---
  duration_ms: 1.831753
  type: 'test'
  ...
# Subtest: save data remains JSON and graph indexes are reconstructed after load
ok 327 - save data remains JSON and graph indexes are reconstructed after load
  ---
  duration_ms: 3.299125
  type: 'test'
  ...
# Subtest: v0.19 object-form road graphs remain loadable after compact saves are introduced
ok 328 - v0.19 object-form road graphs remain loadable after compact saves are introduced
  ---
  duration_ms: 0.435355
  type: 'test'
  ...
# Subtest: detached-state save consumes one caller-owned snapshot without mutating the live source state
ok 329 - detached-state save consumes one caller-owned snapshot without mutating the live source state
  ---
  duration_ms: 0.568121
  type: 'test'
  ...
# Subtest: lifecycle follows the new startup sequence
ok 330 - lifecycle follows the new startup sequence
  ---
  duration_ms: 2.174822
  type: 'test'
  ...
# Subtest: invalid transition is rejected
ok 331 - invalid transition is rejected
  ---
  duration_ms: 0.680606
  type: 'test'
  ...
# Subtest: state snapshots cannot mutate the store
ok 332 - state snapshots cannot mutate the store
  ---
  duration_ms: 1.599142
  type: 'test'
  ...
# Subtest: failed transactions leave the committed state untouched
ok 333 - failed transactions leave the committed state untouched
  ---
  duration_ms: 1.351078
  type: 'test'
  ...
# Subtest: mutator exceptions roll back state and buffered domain events
ok 334 - mutator exceptions roll back state and buffered domain events
  ---
  duration_ms: 0.36347
  type: 'test'
  ...
# Subtest: read returns detached object values and old mutation APIs are absent
ok 335 - read returns detached object values and old mutation APIs are absent
  ---
  duration_ms: 0.169203
  type: 'test'
  ...
# Subtest: asynchronous mutators are rejected before they can commit a draft
ok 336 - asynchronous mutators are rejected before they can commit a draft
  ---
  duration_ms: 0.339268
  type: 'test'
  ...
# Subtest: listener failures are isolated after a successful committed transaction
ok 337 - listener failures are isolated after a successful committed transaction
  ---
  duration_ms: 0.371549
  type: 'test'
  ...
# Subtest: source contains no legacy function override pattern or duplicate fetchRoadGraph
ok 338 - source contains no legacy function override pattern or duplicate fetchRoadGraph
  ---
  duration_ms: 307.688748
  type: 'test'
  ...
# Subtest: repair relay remains available as a build tool
ok 339 - repair relay remains available as a build tool
  ---
  duration_ms: 4.800795
  type: 'test'
  ...
# Subtest: base construction ranges double at every civilization level while the current-position radius stays fixed
ok 340 - base construction ranges double at every civilization level while the current-position radius stays fixed
  ---
  duration_ms: 2.740813
  type: 'test'
  ...
# Subtest: civilization advancement immediately unlocks road construction sites in the expanded base radius
ok 341 - civilization advancement immediately unlocks road construction sites in the expanded base radius
  ---
  duration_ms: 1.14519
  type: 'test'
  ...
# Subtest: civilization growth does not turn the player position into an unlimited mobile construction anchor
ok 342 - civilization growth does not turn the player position into an unlimited mobile construction anchor
  ---
  duration_ms: 0.384022
  type: 'test'
  ...
# Subtest: build placement cache includes the actual anchor radius so a civilization level-up redraws sites
ok 343 - build placement cache includes the actual anchor radius so a civilization level-up redraws sites
  ---
  duration_ms: 74.691695
  type: 'test'
  ...
# Subtest: survey facility UI exposes manual retry and an observable successful connection record
ok 344 - survey facility UI exposes manual retry and an observable successful connection record
  ---
  duration_ms: 1.701504
  type: 'test'
  ...
# Subtest: survey facility is a civilization level 1 tower with approved tier progression
ok 345 - survey facility is a civilization level 1 tower with approved tier progression
  ---
  duration_ms: 1.830655
  type: 'test'
  ...
# Subtest: survey facility cannot be built before civilization level 1 or from the player-only build zone
ok 346 - survey facility cannot be built before civilization level 1 or from the player-only build zone
  ---
  duration_ms: 2.027935
  type: 'test'
  ...
# Subtest: each owned base can operate only one active survey facility
ok 347 - each owned base can operate only one active survey facility
  ---
  duration_ms: 1.300425
  type: 'test'
  ...
# Subtest: survey candidate selection expands one adjacent unloaded chunk inside the tier radius
ok 348 - survey candidate selection expands one adjacent unloaded chunk inside the tier radius
  ---
  duration_ms: 86.508661
  type: 'test'
  ...
# Subtest: survey-loaded roads are recorded separately from physically observed regions
ok 349 - survey-loaded roads are recorded separately from physically observed regions
  ---
  duration_ms: 3.653559
  type: 'test'
  ...
# Subtest: remote survey does not reveal exact frontier sources or ambient exploration sites
ok 350 - remote survey does not reveal exact frontier sources or ambient exploration sites
  ---
  duration_ms: 1.036476
  type: 'test'
  ...
# Subtest: entering a surveyed chunk promotes it to physical observation and reveals local content
ok 351 - entering a surveyed chunk promotes it to physical observation and reveals local content
  ---
  duration_ms: 4.583518
  type: 'test'
  ...
# Subtest: survey scheduler serializes facilities and enforces a global real-time cooldown
ok 352 - survey scheduler serializes facilities and enforces a global real-time cooldown
  ---
  duration_ms: 2.721877
  type: 'test'
  ...
# Subtest: survey status reports radius, cadence and remaining expansion work
ok 353 - survey status reports radius, cadence and remaining expansion work
  ---
  duration_ms: 0.789229
  type: 'test'
  ...
# Subtest: survey tower upgrade remains gated by the matching civilization level
ok 354 - survey tower upgrade remains gated by the matching civilization level
  ---
  duration_ms: 0.752461
  type: 'test'
  ...
# Subtest: a survey facility anchored to a destroyed simple base stops operating until the base is rebuilt
ok 355 - a survey facility anchored to a destroyed simple base stops operating until the base is rebuilt
  ---
  duration_ms: 0.401539
  type: 'test'
  ...
# Subtest: survey-only road chunks do not receive exact enemy bases before physical observation
ok 356 - survey-only road chunks do not receive exact enemy bases before physical observation
  ---
  duration_ms: 1.528382
  type: 'test'
  ...
# Subtest: survey progress and physical-observation boundaries survive save and restore
ok 357 - survey progress and physical-observation boundaries survive save and restore
  ---
  duration_ms: 1.461687
  type: 'test'
  ...
# Subtest: manual survey bypasses a previous retry cooldown and records the real connection used after success
ok 358 - manual survey bypasses a previous retry cooldown and records the real connection used after success
  ---
  duration_ms: 84.777596
  type: 'test'
  ...
# Subtest: survey diagnostics distinguish successful communication from later road-processing failure
ok 359 - survey diagnostics distinguish successful communication from later road-processing failure
  ---
  duration_ms: 2.261848
  type: 'test'
  ...
# Subtest: resource outpost runtime is completely removed while legacy saves are safely stripped
ok 360 - resource outpost runtime is completely removed while legacy saves are safely stripped
  ---
  duration_ms: 89.958218
  type: 'test'
  ...
# Subtest: resource-camp capture rewards cover the mandatory ore gates of later civilization projects
ok 361 - resource-camp capture rewards cover the mandatory ore gates of later civilization projects
  ---
  duration_ms: 0.244172
  type: 'test'
  ...
# Subtest: project-only trial bronze goes directly to the active project and cannot be overproduced
ok 362 - project-only trial bronze goes directly to the active project and cannot be overproduced
  ---
  duration_ms: 1.914802
  type: 'test'
  ...
# Subtest: actual smelting chains turn scheduled resource-camp rewards into the mandatory bronze and iron progression totals
ok 363 - actual smelting chains turn scheduled resource-camp rewards into the mandatory bronze and iron progression totals
  ---
  duration_ms: 4.700503
  type: 'test'
  ...
# Subtest: wave doctrine changes actual routing and resource-base composition rather than only the label
ok 364 - wave doctrine changes actual routing and resource-base composition rather than only the label
  ---
  duration_ms: 3.809754
  type: 'test'
  ...
# Subtest: upgraded tower ranges affect evasive route selection
ok 365 - upgraded tower ranges affect evasive route selection
  ---
  duration_ms: 0.705355
  type: 'test'
  ...
# Subtest: shield tiers use their declared protection values and new enemies use correct friendly matchups
ok 366 - shield tiers use their declared protection values and new enemies use correct friendly matchups
  ---
  duration_ms: 0.660325
  type: 'test'
  ...
# Subtest: hunters abandon squads outside their pursuit radius
ok 367 - hunters abandon squads outside their pursuit radius
  ---
  duration_ms: 1.404906
  type: 'test'
  ...
# Subtest: additional major bases are real attack targets, can be destroyed, persist, and rebuild on site
ok 368 - additional major bases are real attack targets, can be destroyed, persist, and rebuild on site
  ---
  duration_ms: 1.317702
  type: 'test'
  ...
# Subtest: spawned and legacy-loaded enemies retain their defined visual radius and field-base UI lists retrieval units
ok 369 - spawned and legacy-loaded enemies retain their defined visual radius and field-base UI lists retrieval units
  ---
  duration_ms: 74.768417
  type: 'test'
  ...
# Subtest: destroyed major-base ruins still occupy their slot and block overlapping replacement placement
ok 370 - destroyed major-base ruins still occupy their slot and block overlapping replacement placement
  ---
  duration_ms: 0.916533
  type: 'test'
  ...
# Subtest: only one tab owns the synchronous storage lease
ok 371 - only one tab owns the synchronous storage lease
  ---
  duration_ms: 1.197833
  type: 'test'
  ...
# Subtest: broadcast fallback elects one primary tab when storage is unavailable
ok 372 - broadcast fallback elects one primary tab when storage is unavailable
  ---
  duration_ms: 0.843484
  type: 'test'
  ...
# Subtest: remaining route distance accounts for current edge progress
ok 373 - remaining route distance accounts for current edge progress
  ---
  duration_ms: 1.155009
  type: 'test'
  ...
# Subtest: threat level escalates from contact to critical
ok 374 - threat level escalates from contact to critical
  ---
  duration_ms: 0.481033
  type: 'test'
  ...
# Subtest: clear threat reports stable defense line
ok 375 - clear threat reports stable defense line
  ---
  duration_ms: 0.192868
  type: 'test'
  ...
# Subtest: tactical routes and focus render with a minimal canvas context
ok 376 - tactical routes and focus render with a minimal canvas context
  ---
  duration_ms: 11.246476
  type: 'test'
  ...
# Subtest: selected enemy base no longer renders a misleading player capture radius
ok 377 - selected enemy base no longer renders a misleading player capture radius
  ---
  duration_ms: 0.48377
  type: 'test'
  ...
# Subtest: HUD and modal CSS do not use unreadably small explicit type
ok 378 - HUD and modal CSS do not use unreadably small explicit type
  ---
  duration_ms: 7.361954
  type: 'test'
  ...
# Subtest: Canvas labels retain a readable minimum without changing world scale
ok 379 - Canvas labels retain a readable minimum without changing world scale
  ---
  duration_ms: 6.893521
  type: 'test'
  ...
# Subtest: larger tool labels receive matching control height and context clearance
ok 380 - larger tool labels receive matching control height and context clearance
  ---
  duration_ms: 1.817599
  type: 'test'
  ...
# Subtest: opening command, civilization and deployment UI does not mutate committed game state
ok 381 - opening command, civilization and deployment UI does not mutate committed game state
  ---
  duration_ms: 8.433152
  type: 'test'
  ...
# Subtest: periodic HUD refresh shares one detached state snapshot across all UI panels
ok 382 - periodic HUD refresh shares one detached state snapshot across all UI panels
  ---
  duration_ms: 3.912019
  type: 'test'
  ...
# Subtest: a fully destroyed wave increments perfect defense streak exactly once
ok 383 - a fully destroyed wave increments perfect defense streak exactly once
  ---
  duration_ms: 3.813826
  type: 'test'
  ...
# Subtest: enemy-base guard launches once and does not count as a perfect defense wave
ok 384 - enemy-base guard launches once and does not count as a perfect defense wave
  ---
  duration_ms: 1.327585
  type: 'test'
  ...
# Subtest: civilization level creates resource bases without duplicating them
ok 385 - civilization level creates resource bases without duplicating them
  ---
  duration_ms: 8.663768
  type: 'test'
  ...
# Subtest: initial base placement excludes civilization resource bases
ok 386 - initial base placement excludes civilization resource bases
  ---
  duration_ms: 12.955435
  type: 'test'
  ...
# Subtest: destroyed base waits for its respawn timer and then reappears elsewhere
ok 387 - destroyed base waits for its respawn timer and then reappears elsewhere
  ---
  duration_ms: 1.154651
  type: 'test'
  ...
# Subtest: initial enemy bases spread across independent road fronts when the graph permits it
ok 388 - initial enemy bases spread across independent road fronts when the graph permits it
  ---
  duration_ms: 0.986348
  type: 'test'
  ...
# Subtest: stacked initial enemy bases receive progressively longer opening delays on a one-front road
ok 389 - stacked initial enemy bases receive progressively longer opening delays on a one-front road
  ---
  duration_ms: 1.093141
  type: 'test'
  ...
# Subtest: region activity follows the nearest city or player anchor
ok 390 - region activity follows the nearest city or player anchor
  ---
  duration_ms: 1.508991
  type: 'test'
  ...
# Subtest: regional clocks only release peripheral and dormant simulation at their intervals
ok 391 - regional clocks only release peripheral and dormant simulation at their intervals
  ---
  duration_ms: 0.7939
  type: 'test'
  ...
# Subtest: dormant enemies and facilities advance only when the remote interval is due
ok 392 - dormant enemies and facilities advance only when the remote interval is due
  ---
  duration_ms: 6.720591
  type: 'test'
  ...
# Subtest: road graph spatial index excludes distant roads from local queries
ok 393 - road graph spatial index excludes distant roads from local queries
  ---
  duration_ms: 49.112748
  type: 'test'
  ...
# Subtest: expanded road graphs use compact save encoding and restore gameplay fields
ok 394 - expanded road graphs use compact save encoding and restore gameplay fields
  ---
  duration_ms: 3.802201
  type: 'test'
  ...
1..394
# tests 394
# suites 0
# pass 394
# fail 0
# cancelled 0
# skipped 0
# todo 0
# duration_ms 7685.777075
