
> frontline-roads-refactor@0.30.1 verify
> npm run syntax && npm test


> frontline-roads-refactor@0.30.1 syntax
> find src tests -name '*.js' -print0 | xargs -0 -n1 node --check && node --check sw.js


> frontline-roads-refactor@0.30.1 test
> node --test

TAP version 13
# Subtest: HTML references only existing local app resources and required controls exist
ok 1 - HTML references only existing local app resources and required controls exist
  ---
  duration_ms: 8.355772
  type: 'test'
  ...
# Subtest: every required DOM id used by bootstrap exists in HTML
ok 2 - every required DOM id used by bootstrap exists in HTML
  ---
  duration_ms: 71.547258
  type: 'test'
  ...
# Subtest: service worker app shell contains every runtime source file and all paths exist
ok 3 - service worker app shell contains every runtime source file and all paths exist
  ---
  duration_ms: 105.680933
  type: 'test'
  ...
# Subtest: development tree has no premature single-HTML build output
ok 4 - development tree has no premature single-HTML build output
  ---
  duration_ms: 1.676685
  type: 'test'
  ...
# Subtest: service worker only deletes FRONTLINE ROADS caches
ok 5 - service worker only deletes FRONTLINE ROADS caches
  ---
  duration_ms: 1.495465
  type: 'test'
  ...
# Subtest: service worker falls back to HTML only for navigation requests
ok 6 - service worker falls back to HTML only for navigation requests
  ---
  duration_ms: 1.185314
  type: 'test'
  ...
# Subtest: release version is synchronized across package, runtime label, HTML loader and service-worker cache
ok 7 - release version is synchronized across package, runtime label, HTML loader and service-worker cache
  ---
  duration_ms: 4.015285
  type: 'test'
  ...
# Subtest: asset startup does not delete caches or unregister service workers before boot
ok 8 - asset startup does not delete caches or unregister service workers before boot
  ---
  duration_ms: 1.712257
  type: 'test'
  ...
# Subtest: GitHub Pages package includes no-Jekyll markers and the legacy fr redirect
ok 9 - GitHub Pages package includes no-Jekyll markers and the legacy fr redirect
  ---
  duration_ms: 3.424896
  type: 'test'
  ...
# Subtest: obsolete top alert frame is absent from the play HUD
ok 10 - obsolete top alert frame is absent from the play HUD
  ---
  duration_ms: 1.749823
  type: 'test'
  ...
# Subtest: storage denial is detected without crashing construction
ok 11 - storage denial is detected without crashing construction
  ---
  duration_ms: 1.065375
  type: 'test'
  ...
# Subtest: invalid shallow save is quarantined instead of bricking startup
ok 12 - invalid shallow save is quarantined instead of bricking startup
  ---
  duration_ms: 1.285513
  type: 'test'
  ...
# Subtest: saved game removes exact position history and rounds map origin
ok 13 - saved game removes exact position history and rounds map origin
  ---
  duration_ms: 2.048237
  type: 'test'
  ...
# Subtest: state validation rejects malformed saved road graph
ok 14 - state validation rejects malformed saved road graph
  ---
  duration_ms: 0.233227
  type: 'test'
  ...
# Subtest: stone gate conversion cannot be used before civilization level 2
ok 15 - stone gate conversion cannot be used before civilization level 2
  ---
  duration_ms: 0.602397
  type: 'test'
  ...
# Subtest: path invalidation waits for the current edge instead of teleporting backward
ok 16 - path invalidation waits for the current edge instead of teleporting backward
  ---
  duration_ms: 80.846604
  type: 'test'
  ...
# Subtest: grade-separated endpoints are not merged into one intersection
ok 17 - grade-separated endpoints are not merged into one intersection
  ---
  duration_ms: 1.027378
  type: 'test'
  ...
# Subtest: long OSM geometry is subdivided rather than discarded
ok 18 - long OSM geometry is subdivided rather than discarded
  ---
  duration_ms: 1.882771
  type: 'test'
  ...
# Subtest: complete reset clears current, legacy, and backup save keys
ok 19 - complete reset clears current, legacy, and backup save keys
  ---
  duration_ms: 0.546633
  type: 'test'
  ...
# Subtest: production source only enables dev fixture on local or explicit test origins
ok 20 - production source only enables dev fixture on local or explicit test origins
  ---
  duration_ms: 9.802294
  type: 'test'
  ...
# Subtest: development fixture disables browser JSONP and uses injected road data
ok 21 - development fixture disables browser JSONP and uses injected road data
  ---
  duration_ms: 3.835066
  type: 'test'
  ...
# Subtest: tier-zero area and slow defenses use the approved restrained values
ok 22 - tier-zero area and slow defenses use the approved restrained values
  ---
  duration_ms: 1.320605
  type: 'test'
  ...
# Subtest: area defense applies full damage to one target, reduced splash and a hard target cap
ok 23 - area defense applies full damage to one target, reduced splash and a hard target cap
  ---
  duration_ms: 1.43886
  type: 'test'
  ...
# Subtest: slow defense affects only the nearest approved number of targets
ok 24 - slow defense affects only the nearest approved number of targets
  ---
  duration_ms: 0.514986
  type: 'test'
  ...
# Subtest: enemy base growth follows age thresholds and civilization caps
ok 25 - enemy base growth follows age thresholds and civilization caps
  ---
  duration_ms: 0.331554
  type: 'test'
  ...
# Subtest: enemy level multipliers scale durability, attack and speed without runaway speed growth
ok 26 - enemy level multipliers scale durability, attack and speed without runaway speed growth
  ---
  duration_ms: 0.240237
  type: 'test'
  ...
# Subtest: spawned enemies retain the source base level and scaled HP for their lifetime
ok 27 - spawned enemies retain the source base level and scaled HP for their lifetime
  ---
  duration_ms: 0.484941
  type: 'test'
  ...
# Subtest: enemy base levels add exactly one unit per level
ok 28 - enemy base levels add exactly one unit per level
  ---
  duration_ms: 0.673241
  type: 'test'
  ...
# Subtest: new civilization enemy generations phase in at 15, 30, 45 and 60 minutes
ok 29 - new civilization enemy generations phase in at 15, 30, 45 and 60 minutes
  ---
  duration_ms: 0.187299
  type: 'test'
  ...
# Subtest: higher enemy base levels increase pressure gradually rather than all at once
ok 30 - higher enemy base levels increase pressure gradually rather than all at once
  ---
  duration_ms: 0.319966
  type: 'test'
  ...
# Subtest: a level-two mixed wave now reaches a city defended only by tier-zero area and slow facilities
ok 31 - a level-two mixed wave now reaches a city defended only by tier-zero area and slow facilities
  ---
  duration_ms: 92.754161
  type: 'test'
  ...
# Subtest: a heavier level-two formation creates meaningful pressure without instantly defeating the city
ok 32 - a heavier level-two formation creates meaningful pressure without instantly defeating the city
  ---
  duration_ms: 88.777314
  type: 'test'
  ...
# Subtest: enemy base level increases emit one visible threat notification
ok 33 - enemy base level increases emit one visible threat notification
  ---
  duration_ms: 1.040548
  type: 'test'
  ...
# Subtest: enemy individual level and scaled HP survive save and restore
ok 34 - enemy individual level and scaled HP survive save and restore
  ---
  duration_ms: 112.864511
  type: 'test'
  ...
# Subtest: a new civilization generation keeps the previous generation during its opening grace window
ok 35 - a new civilization generation keeps the previous generation during its opening grace window
  ---
  duration_ms: 0.957525
  type: 'test'
  ...
# Subtest: enemy system applies the spawned enemy level to movement and city damage
ok 36 - enemy system applies the spawned enemy level to movement and city damage
  ---
  duration_ms: 0.301138
  type: 'test'
  ...
# Subtest: base command panel summarizes remote threats, facilities, squads and recoveries
ok 37 - base command panel summarizes remote threats, facilities, squads and recoveries
  ---
  duration_ms: 2.451262
  type: 'test'
  ...
# Subtest: base command UI lists all bases and switches the map camera without moving the player
ok 38 - base command UI lists all bases and switches the map camera without moving the player
  ---
  duration_ms: 2.004503
  type: 'test'
  ...
# Subtest: base command UI establishes an unlocked base at the current road position
ok 39 - base command UI establishes an unlocked base at the current road position
  ---
  duration_ms: 3.701542
  type: 'test'
  ...
# Subtest: combat renderer includes a distinct marker for secondary player bases
ok 40 - combat renderer includes a distinct marker for secondary player bases
  ---
  duration_ms: 87.47403
  type: 'test'
  ...
# Subtest: base command UI lists simple bases separately and can focus or rebuild a destroyed one
ok 41 - base command UI lists simple bases separately and can focus or rebuild a destroyed one
  ---
  duration_ms: 2.18413
  type: 'test'
  ...
# Subtest: combat renderer includes a distinct marker for simple bases and ruins
ok 42 - combat renderer includes a distinct marker for simple bases and ruins
  ---
  duration_ms: 2.169017
  type: 'test'
  ...
# Subtest: selection snaps to the existing graph and creates a base without refetching
ok 43 - selection snaps to the existing graph and creates a base without refetching
  ---
  duration_ms: 1.939281
  type: 'test'
  ...
# Subtest: a tap outside the road tolerance is rejected
ok 44 - a tap outside the road tolerance is rejected
  ---
  duration_ms: 0.185446
  type: 'test'
  ...
# Subtest: base placement uses a dedicated map viewport instead of drawing behind controls
ok 45 - base placement uses a dedicated map viewport instead of drawing behind controls
  ---
  duration_ms: 8.079381
  type: 'test'
  ...
# Subtest: base placement screen keeps the canvas clip synchronized with the viewport
ok 46 - base placement screen keeps the canvas clip synchronized with the viewport
  ---
  duration_ms: 2.596733
  type: 'test'
  ...
# Subtest: barrier highlighting is clipped to the build-radius portion of a road
ok 47 - barrier highlighting is clipped to the build-radius portion of a road
  ---
  duration_ms: 1.638698
  type: 'test'
  ...
# Subtest: build placement overlay draws valid sites, build radius and candidate effect radius
ok 48 - build placement overlay draws valid sites, build radius and candidate effect radius
  ---
  duration_ms: 0.667463
  type: 'test'
  ...
# Subtest: barrier overlay tolerates a minimal canvas implementation
ok 49 - barrier overlay tolerates a minimal canvas implementation
  ---
  duration_ms: 0.324904
  type: 'test'
  ...
# Subtest: renderer draws construction guidance after combat effects so candidates stay visible
ok 50 - renderer draws construction guidance after combat effects so candidates stay visible
  ---
  duration_ms: 7.791147
  type: 'test'
  ...
# Subtest: existing facilities do not expand construction beyond bases and the player
ok 51 - existing facilities do not expand construction beyond bases and the player
  ---
  duration_ms: 3.15213
  type: 'test'
  ...
# Subtest: previewing a candidate does not consume resources or create a defense
ok 52 - previewing a candidate does not consume resources or create a defense
  ---
  duration_ms: 0.904065
  type: 'test'
  ...
# Subtest: a confirmed candidate consumes resources exactly once and creates the selected defense
ok 53 - a confirmed candidate consumes resources exactly once and creates the selected defense
  ---
  duration_ms: 0.80666
  type: 'test'
  ...
# Subtest: a stale candidate is rejected without spending resources
ok 54 - a stale candidate is rejected without spending resources
  ---
  duration_ms: 0.392074
  type: 'test'
  ...
# Subtest: candidate confirmation rechecks resources that changed after preview
ok 55 - candidate confirmation rechecks resources that changed after preview
  ---
  duration_ms: 0.47009
  type: 'test'
  ...
# Subtest: barrier candidates retain the tapped road position and reject out-of-range points
ok 56 - barrier candidates retain the tapped road position and reject out-of-range points
  ---
  duration_ms: 0.469959
  type: 'test'
  ...
# Subtest: rebuilding a ruined placement at the same world time creates a distinct defense id
ok 57 - rebuilding a ruined placement at the same world time creates a distinct defense id
  ---
  duration_ms: 76.099757
  type: 'test'
  ...
# Subtest: preview skips an occupied nearest intersection when another valid intersection is within the tap tolerance
ok 58 - preview skips an occupied nearest intersection when another valid intersection is within the tap tolerance
  ---
  duration_ms: 0.902748
  type: 'test'
  ...
# Subtest: preview skips an occupied nearest road when another valid road is within the tap tolerance
ok 59 - preview skips an occupied nearest road when another valid road is within the tap tolerance
  ---
  duration_ms: 1.0015
  type: 'test'
  ...
# Subtest: player position creates a second build zone away from the home base
ok 60 - player position creates a second build zone away from the home base
  ---
  duration_ms: 0.839069
  type: 'test'
  ...
# Subtest: a current-location candidate is rejected if the player leaves its build zone before confirmation
ok 61 - a current-location candidate is rejected if the player leaves its build zone before confirmation
  ---
  duration_ms: 0.480024
  type: 'test'
  ...
# Subtest: overlapping home-base and player positions are represented as one build zone
ok 62 - overlapping home-base and player positions are represented as one build zone
  ---
  duration_ms: 0.201199
  type: 'test'
  ...
# Subtest: a remote facility stays outside the build zone until the player physically reaches it
ok 63 - a remote facility stays outside the build zone until the player physically reaches it
  ---
  duration_ms: 0.264073
  type: 'test'
  ...
# Subtest: removing a defense reopens its placement and invalidates enemy routes
ok 64 - removing a defense reopens its placement and invalidates enemy routes
  ---
  duration_ms: 0.531371
  type: 'test'
  ...
# Subtest: removing an unknown defense does not mutate the state
ok 65 - removing an unknown defense does not mutate the state
  ---
  duration_ms: 0.177414
  type: 'test'
  ...
# Subtest: inventory has one canonical resource store and preserves overflow
ok 66 - inventory has one canonical resource store and preserves overflow
  ---
  duration_ms: 2.746747
  type: 'test'
  ...
# Subtest: production reserves inputs once and completes through the civilization update
ok 67 - production reserves inputs once and completes through the civilization update
  ---
  duration_ms: 1.847218
  type: 'test'
  ...
# Subtest: removed resource outpost subsystem is absent from civilization runtime
ok 68 - removed resource outpost subsystem is absent from civilization runtime
  ---
  duration_ms: 0.123854
  type: 'test'
  ...
# Subtest: settlement damage ruins a building and disables its production
ok 69 - settlement damage ruins a building and disables its production
  ---
  duration_ms: 0.885027
  type: 'test'
  ...
# Subtest: production overflow stays in the building buffer until collection
ok 70 - production overflow stays in the building buffer until collection
  ---
  duration_ms: 0.794572
  type: 'test'
  ...
# Subtest: every civilization project uses implemented requirements and fits the unlocked settlement slots
ok 71 - every civilization project uses implemented requirements and fits the unlocked settlement slots
  ---
  duration_ms: 0.467385
  type: 'test'
  ...
# Subtest: map tap only selects a build candidate and confirmation performs the mutation
ok 72 - map tap only selects a build candidate and confirmation performs the mutation
  ---
  duration_ms: 291.586275
  type: 'test'
  ...
# Subtest: combat UI no longer calls immediate buildAt from map taps
ok 73 - combat UI no longer calls immediate buildAt from map taps
  ---
  duration_ms: 4.81273
  type: 'test'
  ...
# Subtest: an invalid second tap clears the previous candidate to prevent confirming the wrong location
ok 74 - an invalid second tap clears the previous candidate to prevent confirming the wrong location
  ---
  duration_ms: 1.211523
  type: 'test'
  ...
# Subtest: build confirmation is disabled while the selected facility is unaffordable
ok 75 - build confirmation is disabled while the selected facility is unaffordable
  ---
  duration_ms: 1.047949
  type: 'test'
  ...
# Subtest: context explanations are collapsed by default and metrics remain visible
ok 76 - context explanations are collapsed by default and metrics remain visible
  ---
  duration_ms: 0.679471
  type: 'test'
  ...
# Subtest: an opened context explanation remains open after the live HUD rerenders
ok 77 - an opened context explanation remains open after the live HUD rerenders
  ---
  duration_ms: 0.732279
  type: 'test'
  ...
# Subtest: context metrics use a fixed three-column grid to reduce panel height
ok 78 - context metrics use a fixed three-column grid to reduce panel height
  ---
  duration_ms: 82.94719
  type: 'test'
  ...
# Subtest: defense removal requires a second confirmation and then clears the selected facility
ok 79 - defense removal requires a second confirmation and then clears the selected facility
  ---
  duration_ms: 2.37293
  type: 'test'
  ...
# Subtest: combat effect buffer is capped and prunes expired effects
ok 80 - combat effect buffer is capped and prunes expired effects
  ---
  duration_ms: 0.895082
  type: 'test'
  ...
# Subtest: event bus creates transient shot and city warning effects
ok 81 - event bus creates transient shot and city warning effects
  ---
  duration_ms: 3.949296
  type: 'test'
  ...
# Subtest: manual defense upgrade events create a visible pulse
ok 82 - manual defense upgrade events create a visible pulse
  ---
  duration_ms: 0.373496
  type: 'test'
  ...
# Subtest: barrier changes weighted enemy route without creating another graph
ok 83 - barrier changes weighted enemy route without creating another graph
  ---
  duration_ms: 3.263074
  type: 'test'
  ...
# Subtest: enemy position follows path direction rather than edge storage direction
ok 84 - enemy position follows path direction rather than edge storage direction
  ---
  duration_ms: 1.256349
  type: 'test'
  ...
# Subtest: build range is measured from established home base
ok 85 - build range is measured from established home base
  ---
  duration_ms: 4.848234
  type: 'test'
  ...
# Subtest: gun tower damages an enemy in range
ok 86 - gun tower damages an enemy in range
  ---
  duration_ms: 1.14962
  type: 'test'
  ...
# Subtest: enemy reaching the city deals damage and is removed
ok 87 - enemy reaching the city deals damage and is removed
  ---
  duration_ms: 77.275977
  type: 'test'
  ...
# Subtest: repair relay consumes resources and repairs only the most damaged target
ok 88 - repair relay consumes resources and repairs only the most damaged target
  ---
  duration_ms: 0.468777
  type: 'test'
  ...
# Subtest: city recovers after a quiet period and a large update only heals post-cooldown time
ok 89 - city recovers after a quiet period and a large update only heals post-cooldown time
  ---
  duration_ms: 200.094472
  type: 'test'
  ...
# Subtest: city defeat never creates negative resources and reports unpaid emergency recovery honestly
ok 90 - city defeat never creates negative resources and reports unpaid emergency recovery honestly
  ---
  duration_ms: 10.280735
  type: 'test'
  ...
# Subtest: barrier has player-facing role, effect, placement and numeric metrics
ok 91 - barrier has player-facing role, effect, placement and numeric metrics
  ---
  duration_ms: 0.856304
  type: 'test'
  ...
# Subtest: gun has player-facing role, effect, placement and numeric metrics
ok 92 - gun has player-facing role, effect, placement and numeric metrics
  ---
  duration_ms: 0.245194
  type: 'test'
  ...
# Subtest: mortar has player-facing role, effect, placement and numeric metrics
ok 93 - mortar has player-facing role, effect, placement and numeric metrics
  ---
  duration_ms: 0.125176
  type: 'test'
  ...
# Subtest: slow has player-facing role, effect, placement and numeric metrics
ok 94 - slow has player-facing role, effect, placement and numeric metrics
  ---
  duration_ms: 0.082193
  type: 'test'
  ...
# Subtest: relay has player-facing role, effect, placement and numeric metrics
ok 95 - relay has player-facing role, effect, placement and numeric metrics
  ---
  duration_ms: 0.368829
  type: 'test'
  ...
# Subtest: all defense tiers define deterministic durability and sequential upgrade costs
ok 96 - all defense tiers define deterministic durability and sequential upgrade costs
  ---
  duration_ms: 1.181307
  type: 'test'
  ...
# Subtest: defense upgrades are sequential and locked to civilization level
ok 97 - defense upgrades are sequential and locked to civilization level
  ---
  duration_ms: 2.804012
  type: 'test'
  ...
# Subtest: upgrading preserves damage ratio instead of fully healing the facility
ok 98 - upgrading preserves damage ratio instead of fully healing the facility
  ---
  duration_ms: 0.771608
  type: 'test'
  ...
# Subtest: tier synchronization upgrades legacy durability without changing its health percentage
ok 99 - tier synchronization upgrades legacy durability without changing its health percentage
  ---
  duration_ms: 0.236792
  type: 'test'
  ...
# Subtest: destroyed and maximum-tier defenses cannot be upgraded
ok 100 - destroyed and maximum-tier defenses cannot be upgraded
  ---
  duration_ms: 0.388979
  type: 'test'
  ...
# Subtest: gate conversion starts at tier two and preserves the prior health ratio
ok 101 - gate conversion starts at tier two and preserves the prior health ratio
  ---
  duration_ms: 0.414146
  type: 'test'
  ...
# Subtest: combat UI shows the current tier name, next-tier changes, cost and lock state
ok 102 - combat UI shows the current tier name, next-tier changes, cost and lock state
  ---
  duration_ms: 196.758639
  type: 'test'
  ...
# Subtest: civilization panel explains the current defense tier ceiling and next unlock
ok 103 - civilization panel explains the current defense tier ceiling and next unlock
  ---
  duration_ms: 87.973027
  type: 'test'
  ...
# Subtest: applying a tier uses the explicit durability table for every facility class
ok 104 - applying a tier uses the explicit durability table for every facility class
  ---
  duration_ms: 0.469559
  type: 'test'
  ...
# Subtest: upgraded attack statistics are used by live combat rather than only the UI
ok 105 - upgraded attack statistics are used by live combat rather than only the UI
  ---
  duration_ms: 2.11393
  type: 'test'
  ...
# Subtest: defense details remain scrollable after the larger upgrade preview is added
ok 106 - defense details remain scrollable after the larger upgrade preview is added
  ---
  duration_ms: 3.245829
  type: 'test'
  ...
# Subtest: asset loader starts with the current application-relative stylesheet
ok 107 - asset loader starts with the current application-relative stylesheet
  ---
  duration_ms: 82.697238
  type: 'test'
  ...
# Subtest: asset loader recovers a legacy fr path through the canonical frontline-roads directory
ok 108 - asset loader recovers a legacy fr path through the canonical frontline-roads directory
  ---
  duration_ms: 3.917453
  type: 'test'
  ...
# Subtest: top HUD no longer exposes a global deployment button
ok 109 - top HUD no longer exposes a global deployment button
  ---
  duration_ms: 3.827885
  type: 'test'
  ...
# Subtest: enemy-base deployment opens with the tapped target fixed
ok 110 - enemy-base deployment opens with the tapped target fixed
  ---
  duration_ms: 88.301846
  type: 'test'
  ...
# Subtest: recovery-item deployment keeps the selected item fixed and only offers retrieval squads
ok 111 - recovery-item deployment keeps the selected item fixed and only offers retrieval squads
  ---
  duration_ms: 0.992166
  type: 'test'
  ...
# Subtest: combat target context exposes direct deployment actions
ok 112 - combat target context exposes direct deployment actions
  ---
  duration_ms: 2.94319
  type: 'test'
  ...
# Subtest: combat renderer includes visible friendly squad markers
ok 113 - combat renderer includes visible friendly squad markers
  ---
  duration_ms: 2.139899
  type: 'test'
  ...
# Subtest: enemy types make different barrier decisions from break time and detour time
ok 114 - enemy types make different barrier decisions from break time and detour time
  ---
  duration_ms: 6.003272
  type: 'test'
  ...
# Subtest: balanced infantry breaches a weakened wall instead of taking a long detour
ok 115 - balanced infantry breaches a weakened wall instead of taking a long detour
  ---
  duration_ms: 0.489538
  type: 'test'
  ...
# Subtest: raider selects repair support before ordinary weapon towers
ok 116 - raider selects repair support before ordinary weapon towers
  ---
  duration_ms: 2.099048
  type: 'test'
  ...
# Subtest: rope cutter selects slowing equipment before repair support
ok 117 - rope cutter selects slowing equipment before repair support
  ---
  duration_ms: 0.503239
  type: 'test'
  ...
# Subtest: specialist damages its selected facility and invalidates shared targets when it is destroyed
ok 118 - specialist damages its selected facility and invalidates shared targets when it is destroyed
  ---
  duration_ms: 0.651269
  type: 'test'
  ...
# Subtest: a newly built priority facility requests rerouting without teleporting an enemy off its current road
ok 119 - a newly built priority facility requests rerouting without teleporting an enemy off its current road
  ---
  duration_ms: 1.508455
  type: 'test'
  ...
# Subtest: civilization generations contain expanded valid enemy variants with explicit personalities
ok 120 - civilization generations contain expanded valid enemy variants with explicit personalities
  ---
  duration_ms: 1.473602
  type: 'test'
  ...
# Subtest: flanking enemies choose a bounded longer side road while direct infantry uses the shortest road
ok 121 - flanking enemies choose a bounded longer side road while direct infantry uses the shortest road
  ---
  duration_ms: 2.70881
  type: 'test'
  ...
# Subtest: marauder personality prioritizes a field base over an equally reachable city
ok 122 - marauder personality prioritizes a field base over an equally reachable city
  ---
  duration_ms: 2.05334
  type: 'test'
  ...
# Subtest: squad hunter plans toward an active friendly squad and damages it after contact
ok 123 - squad hunter plans toward an active friendly squad and damages it after contact
  ---
  duration_ms: 0.921611
  type: 'test'
  ...
# Subtest: war drummer speed aura accelerates nearby allies without accelerating itself
ok 124 - war drummer speed aura accelerates nearby allies without accelerating itself
  ---
  duration_ms: 83.115475
  type: 'test'
  ...
# Subtest: civilization level four rotates doctrines and introduces the new generation across repeated waves
ok 125 - civilization level four rotates doctrines and introduces the new generation across repeated waves
  ---
  duration_ms: 3.583581
  type: 'test'
  ...
# Subtest: personality route and doctrine metadata survive the unchanged save schema
ok 126 - personality route and doctrine metadata survive the unchanged save schema
  ---
  duration_ms: 1.981773
  type: 'test'
  ...
# Subtest: loaded source chunk materializes a persistent enemy-source site
ok 127 - loaded source chunk materializes a persistent enemy-source site
  ---
  duration_ms: 2.218681
  type: 'test'
  ...
# Subtest: player can clear an enemy source on site and stop future frontier waves
ok 128 - player can clear an enemy source on site and stop future frontier waves
  ---
  duration_ms: 2.936264
  type: 'test'
  ...
# Subtest: enemy source interaction requires proximity and a clear local area
ok 129 - enemy source interaction requires proximity and a clear local area
  ---
  duration_ms: 0.916464
  type: 'test'
  ...
# Subtest: loaded chunks are processed once for deterministic ambient discoveries
ok 130 - loaded chunks are processed once for deterministic ambient discoveries
  ---
  duration_ms: 0.989372
  type: 'test'
  ...
# Subtest: exploration renderer draws active sites with a minimal canvas context
ok 131 - exploration renderer draws active sites with a minimal canvas context
  ---
  duration_ms: 0.735695
  type: 'test'
  ...
# Subtest: civilization level provides a separate simple-base limit
ok 132 - civilization level provides a separate simple-base limit
  ---
  duration_ms: 1.173166
  type: 'test'
  ...
# Subtest: simple-base placement requires civilization unlock, fresh GPS, road access and separation
ok 133 - simple-base placement requires civilization unlock, fresh GPS, road access and separation
  ---
  duration_ms: 2.505147
  type: 'test'
  ...
# Subtest: simple-base placement accepts a fresh stationary GPS fix and a road node within the wider placement radius
ok 134 - simple-base placement accepts a fresh stationary GPS fix and a road node within the wider placement radius
  ---
  duration_ms: 0.585982
  type: 'test'
  ...
# Subtest: simple bases require and consume the processed-resource cost for their slot
ok 135 - simple bases require and consume the processed-resource cost for their slot
  ---
  duration_ms: 1.37752
  type: 'test'
  ...
# Subtest: simple base has 40 HP and creates only a 50m construction anchor
ok 136 - simple base has 40 HP and creates only a 50m construction anchor
  ---
  duration_ms: 1.139315
  type: 'test'
  ...
# Subtest: current assault squad can deploy from an active simple base
ok 137 - current assault squad can deploy from an active simple base
  ---
  duration_ms: 1.123872
  type: 'test'
  ...
# Subtest: nearby enemies can destroy a simple base and remove its construction and deployment roles
ok 138 - nearby enemies can destroy a simple base and remove its construction and deployment roles
  ---
  duration_ms: 82.858944
  type: 'test'
  ...
# Subtest: destroyed simple base keeps its slot and can only be rebuilt at the site
ok 139 - destroyed simple base keeps its slot and can only be rebuilt at the site
  ---
  duration_ms: 0.791508
  type: 'test'
  ...
# Subtest: simple-base state survives save and restore without precise location metadata
ok 140 - simple-base state survives save and restore without precise location metadata
  ---
  duration_ms: 2.741954
  type: 'test'
  ...
# Subtest: level-four civilization progress counts active simple bases instead of obsolete outposts
ok 141 - level-four civilization progress counts active simple bases instead of obsolete outposts
  ---
  duration_ms: 1.237511
  type: 'test'
  ...
# Subtest: a distant simple base does not pull attackers away from a much nearer city
ok 142 - a distant simple base does not pull attackers away from a much nearer city
  ---
  duration_ms: 0.830576
  type: 'test'
  ...
# Subtest: standing at a simple base keeps the wider current-location construction zone
ok 143 - standing at a simple base keeps the wider current-location construction zone
  ---
  duration_ms: 0.562357
  type: 'test'
  ...
# Subtest: a major base cannot be placed on top of an active simple base
ok 144 - a major base cannot be placed on top of an active simple base
  ---
  duration_ms: 0.69189
  type: 'test'
  ...
# Subtest: a destroyed simple-base ruin still blocks overlapping major-base placement
ok 145 - a destroyed simple-base ruin still blocks overlapping major-base placement
  ---
  duration_ms: 0.404401
  type: 'test'
  ...
# Subtest: an active simple base anchors regional simulation but a destroyed one does not
ok 146 - an active simple base anchors regional simulation but a destroyed one does not
  ---
  duration_ms: 97.114678
  type: 'test'
  ...
# Subtest: an enemy chooses a nearby simple base when it is meaningfully closer than the city
ok 147 - an enemy chooses a nearby simple base when it is meaningfully closer than the city
  ---
  duration_ms: 0.672981
  type: 'test'
  ...
# Subtest: deployment preview is non-destructive and dispatch spends the assault cost once
ok 148 - deployment preview is non-destructive and dispatch spends the assault cost once
  ---
  duration_ms: 84.18406
  type: 'test'
  ...
# Subtest: friendly squad stops to fight enemies and both sides exchange damage
ok 149 - friendly squad stops to fight enemies and both sides exchange damage
  ---
  duration_ms: 3.869777
  type: 'test'
  ...
# Subtest: squad destroys an enemy base, schedules respawn and returns to its origin
ok 150 - squad destroys an enemy base, schedules respawn and returns to its origin
  ---
  duration_ms: 5.49834
  type: 'test'
  ...
# Subtest: friendly squads survive JSON save and restore without exact base coordinates
ok 151 - friendly squads survive JSON save and restore without exact base coordinates
  ---
  duration_ms: 1.837023
  type: 'test'
  ...
# Subtest: remote friendly squads only advance when the dormant regional interval is due
ok 152 - remote friendly squads only advance when the dormant regional interval is due
  ---
  duration_ms: 8.63075
  type: 'test'
  ...
# Subtest: friendly order overlay draws selectable nodes, routes, destination and waypoints on a minimal canvas
ok 153 - friendly order overlay draws selectable nodes, routes, destination and waypoints on a minimal canvas
  ---
  duration_ms: 3.98588
  type: 'test'
  ...
# Subtest: combat UI exposes stop, retreat, withdraw, resume and two-waypoint route planning
ok 154 - combat UI exposes stop, retreat, withdraw, resume and two-waypoint route planning
  ---
  duration_ms: 7.666571
  type: 'test'
  ...
# Subtest: renderer places squad order guidance above combat and construction layers
ok 155 - renderer places squad order guidance above combat and construction layers
  ---
  duration_ms: 1.368667
  type: 'test'
  ...
# Subtest: stop holds a squad at its exact road position while retaining the mission
ok 156 - stop holds a squad at its exact road position while retaining the mission
  ---
  duration_ms: 4.76492
  type: 'test'
  ...
# Subtest: route command issued mid-edge preserves position and joins the chosen route at the next intersection
ok 157 - route command issued mid-edge preserves position and joins the chosen route at the next intersection
  ---
  duration_ms: 2.067196
  type: 'test'
  ...
# Subtest: retreat reaches the selected node, stops there, and keeps the original attack mission
ok 158 - retreat reaches the selected node, stops there, and keeps the original attack mission
  ---
  duration_ms: 2.274533
  type: 'test'
  ...
# Subtest: withdraw abandons the mission and begins recovery only after it reaches the origin
ok 159 - withdraw abandons the mission and begins recovery only after it reaches the origin
  ---
  duration_ms: 1.971914
  type: 'test'
  ...
# Subtest: stopping a retreat preserves the retreat destination for route-selected resume
ok 160 - stopping a retreat preserves the retreat destination for route-selected resume
  ---
  duration_ms: 0.586773
  type: 'test'
  ...
# Subtest: retreat validation rejects a node closer to the hostile base and accepts an owned base behind the squad
ok 161 - retreat validation rejects a node closer to the hostile base and accepts an owned base behind the squad
  ---
  duration_ms: 0.673021
  type: 'test'
  ...
# Subtest: route planner exposes distinct shortest, enemy-avoidance and friendly-support choices when the road graph allows them
ok 162 - route planner exposes distinct shortest, enemy-avoidance and friendly-support choices when the road graph allows them
  ---
  duration_ms: 2.12372
  type: 'test'
  ...
# Subtest: waypoints force every generated route through the selected intersections
ok 163 - waypoints force every generated route through the selected intersections
  ---
  duration_ms: 0.814872
  type: 'test'
  ...
# Subtest: retreating through a newly encountered enemy does not grant invulnerability
ok 164 - retreating through a newly encountered enemy does not grant invulnerability
  ---
  duration_ms: 100.578987
  type: 'test'
  ...
# Subtest: friendly orders, selected route and history survive save and restore
ok 165 - friendly orders, selected route and history survive save and restore
  ---
  duration_ms: 1.896141
  type: 'test'
  ...
# Subtest: a rejected withdraw route leaves the original mission untouched
ok 166 - a rejected withdraw route leaves the original mission untouched
  ---
  duration_ms: 0.357051
  type: 'test'
  ...
# Subtest: route orders reject paths whose edges do not connect the declared node sequence
ok 167 - route orders reject paths whose edges do not connect the declared node sequence
  ---
  duration_ms: 0.222261
  type: 'test'
  ...
# Subtest: route estimates include the remaining distance on the squad current road segment
ok 168 - route estimates include the remaining distance on the squad current road segment
  ---
  duration_ms: 0.271864
  type: 'test'
  ...
# Subtest: a map tap near a displayed route selects that route instead of becoming a waypoint
ok 169 - a map tap near a displayed route selects that route instead of becoming a waypoint
  ---
  duration_ms: 0.639601
  type: 'test'
  ...
# Subtest: civilization level one unlocks treatment and field aid with the approved progression
ok 170 - civilization level one unlocks treatment and field aid with the approved progression
  ---
  duration_ms: 1.073267
  type: 'test'
  ...
# Subtest: major bases recover a returned squad to full health and keep it ready for redeployment
ok 171 - major bases recover a returned squad to full health and keep it ready for redeployment
  ---
  duration_ms: 3.057143
  type: 'test'
  ...
# Subtest: a treatment facility accelerates healing and reorganization at a major base
ok 172 - a treatment facility accelerates healing and reorganization at a major base
  ---
  duration_ms: 1.141398
  type: 'test'
  ...
# Subtest: a field base without an aid station reorganizes but does not heal a light squad
ok 173 - a field base without an aid station reorganizes but does not heal a light squad
  ---
  duration_ms: 0.935501
  type: 'test'
  ...
# Subtest: a field aid station heals assault and skirmisher squads up to seventy percent
ok 174 - a field aid station heals assault and skirmisher squads up to seventy percent
  ---
  duration_ms: 0.884756
  type: 'test'
  ...
# Subtest: field aid does not heal non-light squads if legacy data places one at a field base
ok 175 - field aid does not heal non-light squads if legacy data places one at a field base
  ---
  duration_ms: 0.69233
  type: 'test'
  ...
# Subtest: recovering squads block dispatch while a ready squad of the same type redeploys without cost
ok 176 - recovering squads block dispatch while a ready squad of the same type redeploys without cost
  ---
  duration_ms: 3.724922
  type: 'test'
  ...
# Subtest: selecting a different type replaces a ready garrison and charges the new formation cost
ok 177 - selecting a different type replaces a ready garrison and charges the new formation cost
  ---
  duration_ms: 0.736196
  type: 'test'
  ...
# Subtest: medical and field aid facilities are restricted to their matching base types and one slot each
ok 178 - medical and field aid facilities are restricted to their matching base types and one slot each
  ---
  duration_ms: 2.040295
  type: 'test'
  ...
# Subtest: destroying a treatment facility immediately falls back to natural base recovery
ok 179 - destroying a treatment facility immediately falls back to natural base recovery
  ---
  duration_ms: 0.563308
  type: 'test'
  ...
# Subtest: recovery state and progress survive save and restore
ok 180 - recovery state and progress survive save and restore
  ---
  duration_ms: 84.612352
  type: 'test'
  ...
# Subtest: a recovering squad evacuates to the nearest major base when its field base is destroyed
ok 181 - a recovering squad evacuates to the nearest major base when its field base is destroyed
  ---
  duration_ms: 4.514407
  type: 'test'
  ...
# Subtest: recovery and ready garrisons reject tactical movement orders
ok 182 - recovery and ready garrisons reject tactical movement orders
  ---
  duration_ms: 0.622126
  type: 'test'
  ...
# Subtest: treatment capacity queues excess squads without losing recovery state
ok 183 - treatment capacity queues excess squads without losing recovery state
  ---
  duration_ms: 0.307517
  type: 'test'
  ...
# Subtest: tier-three treatment facilities process two recovering squads at once
ok 184 - tier-three treatment facilities process two recovering squads at once
  ---
  duration_ms: 0.182402
  type: 'test'
  ...
# Subtest: friendly unit unlock levels and simple-base deployment restrictions are enforced
ok 185 - friendly unit unlock levels and simple-base deployment restrictions are enforced
  ---
  duration_ms: 3.55508
  type: 'test'
  ...
# Subtest: skirmisher damage strongly favors light enemies and is weak against armored enemies
ok 186 - skirmisher damage strongly favors light enemies and is weak against armored enemies
  ---
  duration_ms: 0.263783
  type: 'test'
  ...
# Subtest: siege squad damages enemy bases much faster than the assault squad
ok 187 - siege squad damages enemy bases much faster than the assault squad
  ---
  duration_ms: 3.665784
  type: 'test'
  ...
# Subtest: nearby heavy squad intercepts part of the damage aimed at another friendly squad
ok 188 - nearby heavy squad intercepts part of the damage aimed at another friendly squad
  ---
  duration_ms: 1.187817
  type: 'test'
  ...
# Subtest: expedition squad heals only after its non-combat recovery delay
ok 189 - expedition squad heals only after its non-combat recovery delay
  ---
  duration_ms: 0.509338
  type: 'test'
  ...
# Subtest: all friendly unit types preserve their identity and combat state through save and restore
ok 190 - all friendly unit types preserve their identity and combat state through save and restore
  ---
  duration_ms: 82.202742
  type: 'test'
  ...
# Subtest: skirmisher prioritizes a light specialist over a nearer ordinary infantry target
ok 191 - skirmisher prioritizes a light specialist over a nearer ordinary infantry target
  ---
  duration_ms: 1.239234
  type: 'test'
  ...
# Subtest: mixed friendly unit types remain valid through extended regional combat simulation
ok 192 - mixed friendly unit types remain valid through extended regional combat simulation
  ---
  duration_ms: 303.314338
  type: 'test'
  ...
# Subtest: dead-end roads at unexplored chunk borders become frontier candidates
ok 193 - dead-end roads at unexplored chunk borders become frontier candidates
  ---
  duration_ms: 2.210459
  type: 'test'
  ...
# Subtest: frontier source stays fixed while its entry point advances with map expansion
ok 194 - frontier source stays fixed while its entry point advances with map expansion
  ---
  duration_ms: 1.757104
  type: 'test'
  ...
# Subtest: frontier system launches enemies from a map-edge entry node
ok 195 - frontier system launches enemies from a map-edge entry node
  ---
  duration_ms: 1.31753
  type: 'test'
  ...
# Subtest: frontier identity is hidden until the signal is localized
ok 196 - frontier identity is hidden until the signal is localized
  ---
  duration_ms: 0.20206
  type: 'test'
  ...
# Subtest: frontier renderer tolerates a minimal canvas context
ok 197 - frontier renderer tolerates a minimal canvas context
  ---
  duration_ms: 0.727081
  type: 'test'
  ...
# Subtest: balanced opening reaches civilization level one without collapse on a line road network
ok 198 - balanced opening reaches civilization level one without collapse on a line road network
  ---
  duration_ms: 1195.506172
  type: 'test'
  ...
# Subtest: balanced opening reaches civilization level one without collapse on a cross road network
ok 199 - balanced opening reaches civilization level one without collapse on a cross road network
  ---
  duration_ms: 600.288156
  type: 'test'
  ...
# Subtest: balanced opening reaches civilization level one without collapse on a grid road network
ok 200 - balanced opening reaches civilization level one without collapse on a grid road network
  ---
  duration_ms: 320.453211
  type: 'test'
  ...
# Subtest: attack-only opening cannot erase every enemy base without material losses
ok 201 - attack-only opening cannot erase every enemy base without material losses
  ---
  duration_ms: 272.378124
  type: 'test'
  ...
# Subtest: source module graph has no circular dependencies
ok 202 - source module graph has no circular dependencies
  ---
  duration_ms: 505.39169
  type: 'test'
  ...
# Subtest: twelve-hour simulation remains bounded, serializable and within enemy cap
ok 203 - twelve-hour simulation remains bounded, serializable and within enemy cap
  ---
  duration_ms: 2504.882947
  type: 'test'
  ...
# Subtest: same state and elapsed time produce the same offline game result
ok 204 - same state and elapsed time produce the same offline game result
  ---
  duration_ms: 416.118009
  type: 'test'
  ...
# Subtest: legacy save is converted once into the clean schema
ok 205 - legacy save is converted once into the clean schema
  ---
  duration_ms: 4.081488
  type: 'test'
  ...
# Subtest: offline simulation is bounded and reports the applied duration
ok 206 - offline simulation is bounded and reports the applied duration
  ---
  duration_ms: 1.011675
  type: 'test'
  ...
# Subtest: offline simulation advances the canonical world clock
ok 207 - offline simulation advances the canonical world clock
  ---
  duration_ms: 0.446444
  type: 'test'
  ...
# Subtest: default endpoints use current public global instances
ok 208 - default endpoints use current public global instances
  ---
  duration_ms: 83.187577
  type: 'test'
  ...
# Subtest: query filters road classes before download
ok 209 - query filters road classes before download
  ---
  duration_ms: 0.502387
  type: 'test'
  ...
# Subtest: JSONP URL contains encoded query and callback
ok 210 - JSONP URL contains encoded query and callback
  ---
  duration_ms: 0.398723
  type: 'test'
  ...
# Subtest: browser JSONP resolves payload and cleans callback
ok 211 - browser JSONP resolves payload and cleans callback
  ---
  duration_ms: 0.674945
  type: 'test'
  ...
# Subtest: browser mode prefers JSONP and does not call fetch after success
ok 212 - browser mode prefers JSONP and does not call fetch after success
  ---
  duration_ms: 0.40347
  type: 'test'
  ...
# Subtest: JSONP failure falls back to official minimal POST request
ok 213 - JSONP failure falls back to official minimal POST request
  ---
  duration_ms: 0.633572
  type: 'test'
  ...
# Subtest: failed endpoint falls back to the next endpoint
ok 214 - failed endpoint falls back to the next endpoint
  ---
  duration_ms: 0.365324
  type: 'test'
  ...
# Subtest: all failures include endpoint and transport diagnostics
ok 215 - all failures include endpoint and transport diagnostics
  ---
  duration_ms: 0.906468
  type: 'test'
  ...
# Subtest: caller abort stops attempts immediately
ok 216 - caller abort stops attempts immediately
  ---
  duration_ms: 0.667143
  type: 'test'
  ...
# Subtest: development client can disable JSONP and use the injected fetch directly
ok 217 - development client can disable JSONP and use the injected fetch directly
  ---
  duration_ms: 0.639762
  type: 'test'
  ...
# Subtest: balanced profile limits simulation, rendering and DPR
ok 218 - balanced profile limits simulation, rendering and DPR
  ---
  duration_ms: 0.754663
  type: 'test'
  ...
# Subtest: game loop decouples simulation, civilization and rendering rates
ok 219 - game loop decouples simulation, civilization and rendering rates
  ---
  duration_ms: 0.968781
  type: 'test'
  ...
# Subtest: combat spatial index returns only nearby active enemies
ok 220 - combat spatial index returns only nearby active enemies
  ---
  duration_ms: 1.124243
  type: 'test'
  ...
# Subtest: renderer caches static radar and road layers between frames
ok 221 - renderer caches static radar and road layers between frames
  ---
  duration_ms: 2.571166
  type: 'test'
  ...
# Subtest: tactical route choices use spatial snapshots instead of rescanning every enemy and defense per road edge
ok 222 - tactical route choices use spatial snapshots instead of rescanning every enemy and defense per road edge
  ---
  duration_ms: 707.435402
  type: 'test'
  ...
# Subtest: civilization level increases the active player-base limit by one
ok 223 - civilization level increases the active player-base limit by one
  ---
  duration_ms: 0.96161
  type: 'test'
  ...
# Subtest: base placement requires an unlocked slot, fresh position, nearby road and minimum separation
ok 224 - base placement requires an unlocked slot, fresh position, nearby road and minimum separation
  ---
  duration_ms: 2.113725
  type: 'test'
  ...
# Subtest: additional major bases require and consume escalating processed-resource costs
ok 225 - additional major bases require and consume escalating processed-resource costs
  ---
  duration_ms: 2.065983
  type: 'test'
  ...
# Subtest: establishing a base adds a remote construction and simulation anchor
ok 226 - establishing a base adds a remote construction and simulation anchor
  ---
  duration_ms: 1.433522
  type: 'test'
  ...
# Subtest: secondary bases survive save and restore without retaining exact location fields
ok 227 - secondary bases survive save and restore without retaining exact location fields
  ---
  duration_ms: 3.132801
  type: 'test'
  ...
# Subtest: civilization projects require cumulative artifacts recovered in the field
ok 228 - civilization projects require cumulative artifacts recovered in the field
  ---
  duration_ms: 0.69263
  type: 'test'
  ...
# Subtest: destroying a resource enemy base secures its declared reward in one recoverable cache
ok 229 - destroying a resource enemy base secures its declared reward in one recoverable cache
  ---
  duration_ms: 89.097635
  type: 'test'
  ...
# Subtest: resource enemy bases return within the progression window while strategic bases retain long recovery
ok 230 - resource enemy bases return within the progression window while strategic bases retain long recovery
  ---
  duration_ms: 0.655956
  type: 'test'
  ...
# Subtest: legacy resource-outpost data is stripped during runtime normalization
ok 231 - legacy resource-outpost data is stripped during runtime normalization
  ---
  duration_ms: 0.487155
  type: 'test'
  ...
# Subtest: PWA registers the current service worker on HTTPS
ok 232 - PWA registers the current service worker on HTTPS
  ---
  duration_ms: 1.50573
  type: 'test'
  ...
# Subtest: PWA is skipped for an allowed development fixture
ok 233 - PWA is skipped for an allowed development fixture
  ---
  duration_ms: 0.733521
  type: 'test'
  ...
# Subtest: public devFixture query does not disable production PWA registration
ok 234 - public devFixture query does not disable production PWA registration
  ---
  duration_ms: 0.300267
  type: 'test'
  ...
# Subtest: PWA registration failure does not stop the game
ok 235 - PWA registration failure does not stop the game
  ---
  duration_ms: 0.24869
  type: 'test'
  ...
# Subtest: radar renderer is integrated without changing the map input owner
ok 236 - radar renderer is integrated without changing the map input owner
  ---
  duration_ms: 90.849026
  type: 'test'
  ...
# Subtest: radar theme exposes tactical palette and mobile layout rules
ok 237 - radar theme exposes tactical palette and mobile layout rules
  ---
  duration_ms: 2.473846
  type: 'test'
  ...
# Subtest: combat and road renderers use radar glyphs and glow rather than emoji labels
ok 238 - combat and road renderers use radar glyphs and glow rather than emoji labels
  ---
  duration_ms: 3.937022
  type: 'test'
  ...
# Subtest: radar canvas layers render with a minimal canvas context
ok 239 - radar canvas layers render with a minimal canvas context
  ---
  duration_ms: 3.398702
  type: 'test'
  ...
# Subtest: playing footer stays clear of the combat toolbar
ok 240 - playing footer stays clear of the combat toolbar
  ---
  duration_ms: 83.945955
  type: 'test'
  ...
# Subtest: radar preferences apply defaults and cycle without game state
ok 241 - radar preferences apply defaults and cycle without game state
  ---
  duration_ms: 1.179064
  type: 'test'
  ...
# Subtest: bootstrap imports RadarPreferences before constructing it
ok 242 - bootstrap imports RadarPreferences before constructing it
  ---
  duration_ms: 12.197768
  type: 'test'
  ...
# Subtest: touch devices default to the power-saving radar profile
ok 243 - touch devices default to the power-saving radar profile
  ---
  duration_ms: 0.438662
  type: 'test'
  ...
# Subtest: destroying an enemy base creates one persistent recovery item at the destroyed base
ok 244 - destroying an enemy base creates one persistent recovery item at the destroyed base
  ---
  duration_ms: 2.517215
  type: 'test'
  ...
# Subtest: recovery requires the player to be within the physical collection range
ok 245 - recovery requires the player to be within the physical collection range
  ---
  duration_ms: 0.707312
  type: 'test'
  ...
# Subtest: recovery rejects stale or inaccurate geolocation even at the item position
ok 246 - recovery rejects stale or inaccurate geolocation even at the item position
  ---
  duration_ms: 0.281699
  type: 'test'
  ...
# Subtest: manual collection requires five seconds in range, grants once and removes the recovered item
ok 247 - manual collection requires five seconds in range, grants once and removes the recovered item
  ---
  duration_ms: 1.35103
  type: 'test'
  ...
# Subtest: leaving the collection radius cancels progress without removing the item
ok 248 - leaving the collection radius cancels progress without removing the item
  ---
  duration_ms: 0.622306
  type: 'test'
  ...
# Subtest: uncollected recovery items survive save and restore while live location freshness does not
ok 249 - uncollected recovery items survive save and restore while live location freshness does not
  ---
  duration_ms: 1.764375
  type: 'test'
  ...
# Subtest: refactor schema 1 scrap is migrated into canonical resources
ok 250 - refactor schema 1 scrap is migrated into canonical resources
  ---
  duration_ms: 2.615031
  type: 'test'
  ...
# Subtest: retrieval squad is deliberately weak and works from major and field bases
ok 251 - retrieval squad is deliberately weak and works from major and field bases
  ---
  duration_ms: 0.923153
  type: 'test'
  ...
# Subtest: dispatch reserves a recovery item and preview does not mutate it
ok 252 - dispatch reserves a recovery item and preview does not mutate it
  ---
  duration_ms: 3.510974
  type: 'test'
  ...
# Subtest: retrieval squad collects for eight seconds and grants the artifact only after returning
ok 253 - retrieval squad collects for eight seconds and grants the artifact only after returning
  ---
  duration_ms: 8.51261
  type: 'test'
  ...
# Subtest: destroying a squad before pickup releases the item at its original location
ok 254 - destroying a squad before pickup releases the item at its original location
  ---
  duration_ms: 1.936956
  type: 'test'
  ...
# Subtest: destroying a squad while carrying drops the item at the destruction point
ok 255 - destroying a squad while carrying drops the item at the destruction point
  ---
  duration_ms: 86.16133
  type: 'test'
  ...
# Subtest: withdrawing before pickup abandons the recovery mission and releases the item
ok 256 - withdrawing before pickup abandons the recovery mission and releases the item
  ---
  duration_ms: 0.976042
  type: 'test'
  ...
# Subtest: field bases can deploy and reorganize retrieval squads
ok 257 - field bases can deploy and reorganize retrieval squads
  ---
  duration_ms: 0.692099
  type: 'test'
  ...
# Subtest: reserved recovery mission survives save and restore without exposing exact live location data
ok 258 - reserved recovery mission survives save and restore without exposing exact live location data
  ---
  duration_ms: 1.64009
  type: 'test'
  ...
# Subtest: manual collection in progress blocks deployment without consuming resources or changing a ready squad
ok 259 - manual collection in progress blocks deployment without consuming resources or changing a ready squad
  ---
  duration_ms: 0.933389
  type: 'test'
  ...
# Subtest: orphaned reservations become available again after squad data is lost
ok 260 - orphaned reservations become available again after squad data is lost
  ---
  duration_ms: 0.65241
  type: 'test'
  ...
# Subtest: a real heavy enemy quickly destroys the weak retrieval squad and releases its reservation
ok 261 - a real heavy enemy quickly destroys the weak retrieval squad and releases its reservation
  ---
  duration_ms: 1.387033
  type: 'test'
  ...
# Subtest: remote retrieval completes under active, peripheral, and dormant regional intervals
ok 262 - remote retrieval completes under active, peripheral, and dormant regional intervals
  ---
  duration_ms: 298.979878
  type: 'test'
  ...
# Subtest: world chunks use deterministic grid ids and reversible centers
ok 263 - world chunks use deterministic grid ids and reversible centers
  ---
  duration_ms: 1.805926
  type: 'test'
  ...
# Subtest: initial chunk state only marks chunks fully covered by the initial acquisition
ok 264 - initial chunk state only marks chunks fully covered by the initial acquisition
  ---
  duration_ms: 0.472242
  type: 'test'
  ...
# Subtest: graph merge preserves existing ids, joins nearby endpoints and removes duplicate edges
ok 265 - graph merge preserves existing ids, joins nearby endpoints and removes duplicate edges
  ---
  duration_ms: 86.709432
  type: 'test'
  ...
# Subtest: chunk cache isolates worlds and can remove one world
ok 266 - chunk cache isolates worlds and can remove one world
  ---
  duration_ms: 0.562727
  type: 'test'
  ...
# Subtest: RoadService chunk acquisition projects roads into the original world coordinate system
ok 267 - RoadService chunk acquisition projects roads into the original world coordinate system
  ---
  duration_ms: 10.793123
  type: 'test'
  ...
# Subtest: parallel carriageways with the same identity collapse into one gameplay road
ok 268 - parallel carriageways with the same identity collapse into one gameplay road
  ---
  duration_ms: 2.262907
  type: 'test'
  ...
# Subtest: nearby roads with different names remain separate
ok 269 - nearby roads with different names remain separate
  ---
  duration_ms: 0.333386
  type: 'test'
  ...
# Subtest: clustered intersections build a connected graph and combat route
ok 270 - clustered intersections build a connected graph and combat route
  ---
  duration_ms: 3.202779
  type: 'test'
  ...
# Subtest: one RoadService load performs one acquisition and produces indexed graph data
ok 271 - one RoadService load performs one acquisition and produces indexed graph data
  ---
  duration_ms: 104.028984
  type: 'test'
  ...
# Subtest: chunk prefetch only includes crossed or nearby grid edges
ok 272 - chunk prefetch only includes crossed or nearby grid edges
  ---
  duration_ms: 1.729904
  type: 'test'
  ...
# Subtest: manager merges a new chunk, records it and persists a compact cache entry
ok 273 - manager merges a new chunk, records it and persists a compact cache entry
  ---
  duration_ms: 3.837474
  type: 'test'
  ...
# Subtest: manager loads a cached chunk without calling the road server
ok 274 - manager loads a cached chunk without calling the road server
  ---
  duration_ms: 1.069902
  type: 'test'
  ...
# Subtest: failed acquisitions cool down without blocking unrelated nearby chunks
ok 275 - failed acquisitions cool down without blocking unrelated nearby chunks
  ---
  duration_ms: 0.957604
  type: 'test'
  ...
# Subtest: chunk centers remain based on the original world center
ok 276 - chunk centers remain based on the original world center
  ---
  duration_ms: 0.141551
  type: 'test'
  ...
# Subtest: save data remains JSON and graph indexes are reconstructed after load
ok 277 - save data remains JSON and graph indexes are reconstructed after load
  ---
  duration_ms: 2.924441
  type: 'test'
  ...
# Subtest: v0.19 object-form road graphs remain loadable after compact saves are introduced
ok 278 - v0.19 object-form road graphs remain loadable after compact saves are introduced
  ---
  duration_ms: 0.431142
  type: 'test'
  ...
# Subtest: lifecycle follows the new startup sequence
ok 279 - lifecycle follows the new startup sequence
  ---
  duration_ms: 2.576403
  type: 'test'
  ...
# Subtest: invalid transition is rejected
ok 280 - invalid transition is rejected
  ---
  duration_ms: 0.596978
  type: 'test'
  ...
# Subtest: state snapshots cannot mutate the store
ok 281 - state snapshots cannot mutate the store
  ---
  duration_ms: 88.652078
  type: 'test'
  ...
# Subtest: source contains no legacy function override pattern or duplicate fetchRoadGraph
ok 282 - source contains no legacy function override pattern or duplicate fetchRoadGraph
  ---
  duration_ms: 503.052956
  type: 'test'
  ...
# Subtest: repair relay remains available as a build tool
ok 283 - repair relay remains available as a build tool
  ---
  duration_ms: 3.783358
  type: 'test'
  ...
# Subtest: survey facility is a civilization level 1 tower with approved tier progression
ok 284 - survey facility is a civilization level 1 tower with approved tier progression
  ---
  duration_ms: 2.044592
  type: 'test'
  ...
# Subtest: survey facility cannot be built before civilization level 1 or from the player-only build zone
ok 285 - survey facility cannot be built before civilization level 1 or from the player-only build zone
  ---
  duration_ms: 2.094596
  type: 'test'
  ...
# Subtest: each owned base can operate only one active survey facility
ok 286 - each owned base can operate only one active survey facility
  ---
  duration_ms: 1.360774
  type: 'test'
  ...
# Subtest: survey candidate selection expands one adjacent unloaded chunk inside the tier radius
ok 287 - survey candidate selection expands one adjacent unloaded chunk inside the tier radius
  ---
  duration_ms: 8.290646
  type: 'test'
  ...
# Subtest: survey-loaded roads are recorded separately from physically observed regions
ok 288 - survey-loaded roads are recorded separately from physically observed regions
  ---
  duration_ms: 3.201484
  type: 'test'
  ...
# Subtest: remote survey does not reveal exact frontier sources or ambient exploration sites
ok 289 - remote survey does not reveal exact frontier sources or ambient exploration sites
  ---
  duration_ms: 73.630479
  type: 'test'
  ...
# Subtest: entering a surveyed chunk promotes it to physical observation and reveals local content
ok 290 - entering a surveyed chunk promotes it to physical observation and reveals local content
  ---
  duration_ms: 1.846627
  type: 'test'
  ...
# Subtest: survey scheduler serializes facilities and enforces a global real-time cooldown
ok 291 - survey scheduler serializes facilities and enforces a global real-time cooldown
  ---
  duration_ms: 1.656364
  type: 'test'
  ...
# Subtest: survey status reports radius, cadence and remaining expansion work
ok 292 - survey status reports radius, cadence and remaining expansion work
  ---
  duration_ms: 0.588536
  type: 'test'
  ...
# Subtest: survey tower upgrade remains gated by the matching civilization level
ok 293 - survey tower upgrade remains gated by the matching civilization level
  ---
  duration_ms: 0.642727
  type: 'test'
  ...
# Subtest: a survey facility anchored to a destroyed simple base stops operating until the base is rebuilt
ok 294 - a survey facility anchored to a destroyed simple base stops operating until the base is rebuilt
  ---
  duration_ms: 0.304423
  type: 'test'
  ...
# Subtest: survey-only road chunks do not receive exact enemy bases before physical observation
ok 295 - survey-only road chunks do not receive exact enemy bases before physical observation
  ---
  duration_ms: 2.870115
  type: 'test'
  ...
# Subtest: survey progress and physical-observation boundaries survive save and restore
ok 296 - survey progress and physical-observation boundaries survive save and restore
  ---
  duration_ms: 1.140187
  type: 'test'
  ...
# Subtest: resource outpost runtime is completely removed while legacy saves are safely stripped
ok 297 - resource outpost runtime is completely removed while legacy saves are safely stripped
  ---
  duration_ms: 11.745425
  type: 'test'
  ...
# Subtest: resource-camp capture rewards cover the mandatory ore gates of later civilization projects
ok 298 - resource-camp capture rewards cover the mandatory ore gates of later civilization projects
  ---
  duration_ms: 0.34935
  type: 'test'
  ...
# Subtest: project-only trial bronze goes directly to the active project and cannot be overproduced
ok 299 - project-only trial bronze goes directly to the active project and cannot be overproduced
  ---
  duration_ms: 1.756443
  type: 'test'
  ...
# Subtest: actual smelting chains turn scheduled resource-camp rewards into the mandatory bronze and iron progression totals
ok 300 - actual smelting chains turn scheduled resource-camp rewards into the mandatory bronze and iron progression totals
  ---
  duration_ms: 4.905243
  type: 'test'
  ...
# Subtest: wave doctrine changes actual routing and resource-base composition rather than only the label
ok 301 - wave doctrine changes actual routing and resource-base composition rather than only the label
  ---
  duration_ms: 78.381913
  type: 'test'
  ...
# Subtest: upgraded tower ranges affect evasive route selection
ok 302 - upgraded tower ranges affect evasive route selection
  ---
  duration_ms: 0.872278
  type: 'test'
  ...
# Subtest: shield tiers use their declared protection values and new enemies use correct friendly matchups
ok 303 - shield tiers use their declared protection values and new enemies use correct friendly matchups
  ---
  duration_ms: 0.710918
  type: 'test'
  ...
# Subtest: hunters abandon squads outside their pursuit radius
ok 304 - hunters abandon squads outside their pursuit radius
  ---
  duration_ms: 1.6131
  type: 'test'
  ...
# Subtest: additional major bases are real attack targets, can be destroyed, persist, and rebuild on site
ok 305 - additional major bases are real attack targets, can be destroyed, persist, and rebuild on site
  ---
  duration_ms: 1.893227
  type: 'test'
  ...
# Subtest: spawned and legacy-loaded enemies retain their defined visual radius and field-base UI lists retrieval units
ok 306 - spawned and legacy-loaded enemies retain their defined visual radius and field-base UI lists retrieval units
  ---
  duration_ms: 5.069963
  type: 'test'
  ...
# Subtest: destroyed major-base ruins still occupy their slot and block overlapping replacement placement
ok 307 - destroyed major-base ruins still occupy their slot and block overlapping replacement placement
  ---
  duration_ms: 0.7524
  type: 'test'
  ...
# Subtest: only one tab owns the synchronous storage lease
ok 308 - only one tab owns the synchronous storage lease
  ---
  duration_ms: 0.903494
  type: 'test'
  ...
# Subtest: broadcast fallback elects one primary tab when storage is unavailable
ok 309 - broadcast fallback elects one primary tab when storage is unavailable
  ---
  duration_ms: 0.709541
  type: 'test'
  ...
# Subtest: remaining route distance accounts for current edge progress
ok 310 - remaining route distance accounts for current edge progress
  ---
  duration_ms: 1.153516
  type: 'test'
  ...
# Subtest: threat level escalates from contact to critical
ok 311 - threat level escalates from contact to critical
  ---
  duration_ms: 0.545802
  type: 'test'
  ...
# Subtest: clear threat reports stable defense line
ok 312 - clear threat reports stable defense line
  ---
  duration_ms: 0.307938
  type: 'test'
  ...
# Subtest: tactical routes and focus render with a minimal canvas context
ok 313 - tactical routes and focus render with a minimal canvas context
  ---
  duration_ms: 8.758346
  type: 'test'
  ...
# Subtest: selected enemy base no longer renders a misleading player capture radius
ok 314 - selected enemy base no longer renders a misleading player capture radius
  ---
  duration_ms: 3.113603
  type: 'test'
  ...
# Subtest: HUD and modal CSS do not use unreadably small explicit type
ok 315 - HUD and modal CSS do not use unreadably small explicit type
  ---
  duration_ms: 7.191479
  type: 'test'
  ...
# Subtest: Canvas labels retain a readable minimum without changing world scale
ok 316 - Canvas labels retain a readable minimum without changing world scale
  ---
  duration_ms: 85.929538
  type: 'test'
  ...
# Subtest: larger tool labels receive matching control height and context clearance
ok 317 - larger tool labels receive matching control height and context clearance
  ---
  duration_ms: 1.634822
  type: 'test'
  ...
# Subtest: a fully destroyed wave increments perfect defense streak exactly once
ok 318 - a fully destroyed wave increments perfect defense streak exactly once
  ---
  duration_ms: 3.646756
  type: 'test'
  ...
# Subtest: enemy-base guard launches once and does not count as a perfect defense wave
ok 319 - enemy-base guard launches once and does not count as a perfect defense wave
  ---
  duration_ms: 1.411009
  type: 'test'
  ...
# Subtest: civilization level creates resource bases without duplicating them
ok 320 - civilization level creates resource bases without duplicating them
  ---
  duration_ms: 80.399405
  type: 'test'
  ...
# Subtest: initial base placement excludes civilization resource bases
ok 321 - initial base placement excludes civilization resource bases
  ---
  duration_ms: 12.737591
  type: 'test'
  ...
# Subtest: destroyed base waits for its respawn timer and then reappears elsewhere
ok 322 - destroyed base waits for its respawn timer and then reappears elsewhere
  ---
  duration_ms: 1.003433
  type: 'test'
  ...
# Subtest: initial enemy bases spread across independent road fronts when the graph permits it
ok 323 - initial enemy bases spread across independent road fronts when the graph permits it
  ---
  duration_ms: 0.932828
  type: 'test'
  ...
# Subtest: stacked initial enemy bases receive progressively longer opening delays on a one-front road
ok 324 - stacked initial enemy bases receive progressively longer opening delays on a one-front road
  ---
  duration_ms: 0.991775
  type: 'test'
  ...
# Subtest: region activity follows the nearest city or player anchor
ok 325 - region activity follows the nearest city or player anchor
  ---
  duration_ms: 1.775852
  type: 'test'
  ...
# Subtest: regional clocks only release peripheral and dormant simulation at their intervals
ok 326 - regional clocks only release peripheral and dormant simulation at their intervals
  ---
  duration_ms: 0.729114
  type: 'test'
  ...
# Subtest: dormant enemies and facilities advance only when the remote interval is due
ok 327 - dormant enemies and facilities advance only when the remote interval is due
  ---
  duration_ms: 5.393534
  type: 'test'
  ...
# Subtest: road graph spatial index excludes distant roads from local queries
ok 328 - road graph spatial index excludes distant roads from local queries
  ---
  duration_ms: 1.941648
  type: 'test'
  ...
# Subtest: expanded road graphs use compact save encoding and restore gameplay fields
ok 329 - expanded road graphs use compact save encoding and restore gameplay fields
  ---
  duration_ms: 3.355923
  type: 'test'
  ...
1..329
# tests 329
# suites 0
# pass 329
# fail 0
# cancelled 0
# skipped 0
# todo 0
# duration_ms 5111.151155
