FRONTLINE ROADS v0.32.12 NORMAL VERIFICATION
UTC 2026-06-25T05:32:47Z
TAP version 13
# Subtest: HTML references only existing local app resources and required controls exist
ok 1 - HTML references only existing local app resources and required controls exist
  ---
  duration_ms: 21.494703
  type: 'test'
  ...
# Subtest: every required DOM id used by bootstrap exists in HTML
ok 2 - every required DOM id used by bootstrap exists in HTML
  ---
  duration_ms: 31.257674
  type: 'test'
  ...
# Subtest: service worker app shell contains every runtime source file and all paths exist
ok 3 - service worker app shell contains every runtime source file and all paths exist
  ---
  duration_ms: 99.839736
  type: 'test'
  ...
# Subtest: development tree has no premature single-HTML build output
ok 4 - development tree has no premature single-HTML build output
  ---
  duration_ms: 2.990999
  type: 'test'
  ...
# Subtest: service worker only deletes FRONTLINE ROADS caches
ok 5 - service worker only deletes FRONTLINE ROADS caches
  ---
  duration_ms: 3.551467
  type: 'test'
  ...
# Subtest: service worker falls back to HTML only for navigation requests
ok 6 - service worker falls back to HTML only for navigation requests
  ---
  duration_ms: 2.378344
  type: 'test'
  ...
# Subtest: release version is synchronized across package, runtime label, HTML loader and service-worker cache
ok 7 - release version is synchronized across package, runtime label, HTML loader and service-worker cache
  ---
  duration_ms: 8.911646
  type: 'test'
  ...
# Subtest: asset startup does not delete caches or unregister service workers before boot
ok 8 - asset startup does not delete caches or unregister service workers before boot
  ---
  duration_ms: 3.812623
  type: 'test'
  ...
# Subtest: GitHub Pages package includes no-Jekyll markers and synchronized root and legacy redirects
ok 9 - GitHub Pages package includes no-Jekyll markers and synchronized root and legacy redirects
  ---
  duration_ms: 7.408247
  type: 'test'
  ...
# Subtest: obsolete top alert frame is absent from the play HUD
ok 10 - obsolete top alert frame is absent from the play HUD
  ---
  duration_ms: 3.773872
  type: 'test'
  ...
# Subtest: storage denial is detected without crashing construction
ok 11 - storage denial is detected without crashing construction
  ---
  duration_ms: 2.304786
  type: 'test'
  ...
# Subtest: invalid shallow save is quarantined instead of bricking startup
ok 12 - invalid shallow save is quarantined instead of bricking startup
  ---
  duration_ms: 2.605794
  type: 'test'
  ...
# Subtest: saved game removes exact position history and rounds map origin
ok 13 - saved game removes exact position history and rounds map origin
  ---
  duration_ms: 6.312444
  type: 'test'
  ...
# Subtest: state validation rejects malformed saved road graph
ok 14 - state validation rejects malformed saved road graph
  ---
  duration_ms: 0.433459
  type: 'test'
  ...
# Subtest: stone gate conversion cannot be used before civilization level 2
ok 15 - stone gate conversion cannot be used before civilization level 2
  ---
  duration_ms: 1.182568
  type: 'test'
  ...
# Subtest: path invalidation waits for the current edge instead of teleporting backward
ok 16 - path invalidation waits for the current edge instead of teleporting backward
  ---
  duration_ms: 2.70819
  type: 'test'
  ...
# Subtest: grade-separated endpoints are not merged into one intersection
ok 17 - grade-separated endpoints are not merged into one intersection
  ---
  duration_ms: 2.40036
  type: 'test'
  ...
# Subtest: long OSM geometry is subdivided rather than discarded
ok 18 - long OSM geometry is subdivided rather than discarded
  ---
  duration_ms: 5.153734
  type: 'test'
  ...
# Subtest: complete reset clears current, legacy, and backup save keys
ok 19 - complete reset clears current, legacy, and backup save keys
  ---
  duration_ms: 1.038569
  type: 'test'
  ...
# Subtest: production source only enables dev fixture on local or explicit test origins
ok 20 - production source only enables dev fixture on local or explicit test origins
  ---
  duration_ms: 26.278291
  type: 'test'
  ...
# Subtest: road loading keeps injected fetch and isolates the script fallback in an opaque sandbox
ok 21 - road loading keeps injected fetch and isolates the script fallback in an opaque sandbox
  ---
  duration_ms: 47.281804
  type: 'test'
  ...
# Subtest: tier-zero area and slow defenses use the approved restrained values
ok 22 - tier-zero area and slow defenses use the approved restrained values
  ---
  duration_ms: 2.616457
  type: 'test'
  ...
# Subtest: area defense applies full damage to one target, reduced splash and a hard target cap
ok 23 - area defense applies full damage to one target, reduced splash and a hard target cap
  ---
  duration_ms: 2.729593
  type: 'test'
  ...
# Subtest: slow defense affects only the nearest approved number of targets
ok 24 - slow defense affects only the nearest approved number of targets
  ---
  duration_ms: 0.851556
  type: 'test'
  ...
# Subtest: enemy base growth follows age thresholds and civilization caps
ok 25 - enemy base growth follows age thresholds and civilization caps
  ---
  duration_ms: 0.500013
  type: 'test'
  ...
# Subtest: enemy level multipliers scale durability, attack and speed without runaway speed growth
ok 26 - enemy level multipliers scale durability, attack and speed without runaway speed growth
  ---
  duration_ms: 0.542183
  type: 'test'
  ...
# Subtest: spawned enemies retain the source base level and scaled HP for their lifetime
ok 27 - spawned enemies retain the source base level and scaled HP for their lifetime
  ---
  duration_ms: 0.958675
  type: 'test'
  ...
# Subtest: enemy base levels add exactly one unit per level
ok 28 - enemy base levels add exactly one unit per level
  ---
  duration_ms: 1.208608
  type: 'test'
  ...
# Subtest: new civilization enemy generations phase in at 15, 30, 45 and 60 minutes
ok 29 - new civilization enemy generations phase in at 15, 30, 45 and 60 minutes
  ---
  duration_ms: 0.410706
  type: 'test'
  ...
# Subtest: higher enemy base levels increase pressure gradually rather than all at once
ok 30 - higher enemy base levels increase pressure gradually rather than all at once
  ---
  duration_ms: 0.653356
  type: 'test'
  ...
# Subtest: a level-two mixed wave now reaches a city defended only by tier-zero area and slow facilities
ok 31 - a level-two mixed wave now reaches a city defended only by tier-zero area and slow facilities
  ---
  duration_ms: 63.773361
  type: 'test'
  ...
# Subtest: a heavier level-two formation creates meaningful pressure without instantly defeating the city
ok 32 - a heavier level-two formation creates meaningful pressure without instantly defeating the city
  ---
  duration_ms: 24.081627
  type: 'test'
  ...
# Subtest: enemy base level increases emit one visible threat notification
ok 33 - enemy base level increases emit one visible threat notification
  ---
  duration_ms: 2.074039
  type: 'test'
  ...
# Subtest: enemy individual level and scaled HP survive save and restore
ok 34 - enemy individual level and scaled HP survive save and restore
  ---
  duration_ms: 121.886638
  type: 'test'
  ...
# Subtest: a new civilization generation keeps the previous generation during its opening grace window
ok 35 - a new civilization generation keeps the previous generation during its opening grace window
  ---
  duration_ms: 1.828516
  type: 'test'
  ...
# Subtest: enemy system applies the spawned enemy level to movement and city damage
ok 36 - enemy system applies the spawned enemy level to movement and city damage
  ---
  duration_ms: 0.797118
  type: 'test'
  ...
# Subtest: base command panel summarizes remote threats, facilities, squads and recoveries
ok 37 - base command panel summarizes remote threats, facilities, squads and recoveries
  ---
  duration_ms: 4.672049
  type: 'test'
  ...
# Subtest: base command UI lists all bases and switches the map camera without moving the player
ok 38 - base command UI lists all bases and switches the map camera without moving the player
  ---
  duration_ms: 32.429956
  type: 'test'
  ...
# Subtest: base command UI establishes an unlocked base at the current road position
ok 39 - base command UI establishes an unlocked base at the current road position
  ---
  duration_ms: 2.466814
  type: 'test'
  ...
# Subtest: combat renderer includes a distinct marker for secondary player bases
ok 40 - combat renderer includes a distinct marker for secondary player bases
  ---
  duration_ms: 13.449433
  type: 'test'
  ...
# Subtest: base command UI lists simple bases separately and can focus or rebuild a destroyed one
ok 41 - base command UI lists simple bases separately and can focus or rebuild a destroyed one
  ---
  duration_ms: 5.807301
  type: 'test'
  ...
# Subtest: combat renderer includes a distinct marker for simple bases and ruins
ok 42 - combat renderer includes a distinct marker for simple bases and ruins
  ---
  duration_ms: 6.482884
  type: 'test'
  ...
# Subtest: selection snaps to the existing graph and creates a base without refetching
ok 43 - selection snaps to the existing graph and creates a base without refetching
  ---
  duration_ms: 4.670768
  type: 'test'
  ...
# Subtest: a tap outside the road tolerance is rejected
ok 44 - a tap outside the road tolerance is rejected
  ---
  duration_ms: 0.295127
  type: 'test'
  ...
# Subtest: base placement uses a dedicated map viewport instead of drawing behind controls
ok 45 - base placement uses a dedicated map viewport instead of drawing behind controls
  ---
  duration_ms: 18.20144
  type: 'test'
  ...
# Subtest: base placement screen keeps the canvas clip synchronized with the viewport
ok 46 - base placement screen keeps the canvas clip synchronized with the viewport
  ---
  duration_ms: 8.418652
  type: 'test'
  ...
# Subtest: renderer switches to a brighter static scene for base selection
ok 47 - renderer switches to a brighter static scene for base selection
  ---
  duration_ms: 6.097223
  type: 'test'
  ...
# Subtest: startup quarantines only validation failures and isolates optional cache restoration
ok 48 - startup quarantines only validation failures and isolates optional cache restoration
  ---
  duration_ms: 2.297823
  type: 'test'
  ...
# Subtest: offline restoration has an explicit rollback boundary and UI failure preserves the save
ok 49 - offline restoration has an explicit rollback boundary and UI failure preserves the save
  ---
  duration_ms: 0.716879
  type: 'test'
  ...
# Subtest: complete reset cancels road-world requests before deleting cached world data
ok 50 - complete reset cancels road-world requests before deleting cached world data
  ---
  duration_ms: 0.439985
  type: 'test'
  ...
# Subtest: barrier highlighting is clipped to the build-radius portion of a road
ok 51 - barrier highlighting is clipped to the build-radius portion of a road
  ---
  duration_ms: 35.776689
  type: 'test'
  ...
# Subtest: build placement overlay draws valid sites, build radius and candidate effect radius
ok 52 - build placement overlay draws valid sites, build radius and candidate effect radius
  ---
  duration_ms: 1.924722
  type: 'test'
  ...
# Subtest: barrier overlay tolerates a minimal canvas implementation
ok 53 - barrier overlay tolerates a minimal canvas implementation
  ---
  duration_ms: 1.098877
  type: 'test'
  ...
# Subtest: renderer draws construction guidance after combat effects so candidates stay visible
ok 54 - renderer draws construction guidance after combat effects so candidates stay visible
  ---
  duration_ms: 14.497147
  type: 'test'
  ...
# Subtest: existing facilities do not expand construction beyond bases and the player
ok 55 - existing facilities do not expand construction beyond bases and the player
  ---
  duration_ms: 6.390792
  type: 'test'
  ...
# Subtest: previewing a candidate does not consume resources or create a defense
ok 56 - previewing a candidate does not consume resources or create a defense
  ---
  duration_ms: 1.612585
  type: 'test'
  ...
# Subtest: a confirmed candidate consumes resources exactly once and creates the selected defense
ok 57 - a confirmed candidate consumes resources exactly once and creates the selected defense
  ---
  duration_ms: 2.414868
  type: 'test'
  ...
# Subtest: a stale candidate is rejected without spending resources
ok 58 - a stale candidate is rejected without spending resources
  ---
  duration_ms: 1.044145
  type: 'test'
  ...
# Subtest: candidate confirmation rechecks resources that changed after preview
ok 59 - candidate confirmation rechecks resources that changed after preview
  ---
  duration_ms: 1.234212
  type: 'test'
  ...
# Subtest: barrier candidates retain the tapped road position and reject out-of-range points
ok 60 - barrier candidates retain the tapped road position and reject out-of-range points
  ---
  duration_ms: 5.005248
  type: 'test'
  ...
# Subtest: a removed destroyed placement is immediately available for replacement construction
ok 61 - a removed destroyed placement is immediately available for replacement construction
  ---
  duration_ms: 1.110033
  type: 'test'
  ...
# Subtest: preview skips an occupied nearest intersection when another valid intersection is within the tap tolerance
ok 62 - preview skips an occupied nearest intersection when another valid intersection is within the tap tolerance
  ---
  duration_ms: 0.57249
  type: 'test'
  ...
# Subtest: preview skips an occupied nearest road when another valid road is within the tap tolerance
ok 63 - preview skips an occupied nearest road when another valid road is within the tap tolerance
  ---
  duration_ms: 1.849458
  type: 'test'
  ...
# Subtest: player position creates a second build zone away from the home base
ok 64 - player position creates a second build zone away from the home base
  ---
  duration_ms: 1.549049
  type: 'test'
  ...
# Subtest: a current-location candidate is rejected if the player leaves its build zone before confirmation
ok 65 - a current-location candidate is rejected if the player leaves its build zone before confirmation
  ---
  duration_ms: 0.860616
  type: 'test'
  ...
# Subtest: overlapping home-base and player positions are represented as one build zone
ok 66 - overlapping home-base and player positions are represented as one build zone
  ---
  duration_ms: 37.831086
  type: 'test'
  ...
# Subtest: a remote facility stays outside the build zone until the player physically reaches it
ok 67 - a remote facility stays outside the build zone until the player physically reaches it
  ---
  duration_ms: 0.830496
  type: 'test'
  ...
# Subtest: removing a defense reopens its placement and invalidates enemy routes
ok 68 - removing a defense reopens its placement and invalidates enemy routes
  ---
  duration_ms: 0.648282
  type: 'test'
  ...
# Subtest: removing an unknown defense does not mutate the state
ok 69 - removing an unknown defense does not mutate the state
  ---
  duration_ms: 0.518836
  type: 'test'
  ...
# Subtest: inventory has one canonical resource store and preserves overflow
ok 70 - inventory has one canonical resource store and preserves overflow
  ---
  duration_ms: 6.564511
  type: 'test'
  ...
# Subtest: production reserves inputs once and completes through the civilization update
ok 71 - production reserves inputs once and completes through the civilization update
  ---
  duration_ms: 3.818704
  type: 'test'
  ...
# Subtest: removed resource outpost subsystem is absent from civilization runtime
ok 72 - removed resource outpost subsystem is absent from civilization runtime
  ---
  duration_ms: 0.377722
  type: 'test'
  ...
# Subtest: settlement damage removes a destroyed building and its production queue
ok 73 - settlement damage removes a destroyed building and its production queue
  ---
  duration_ms: 1.680326
  type: 'test'
  ...
# Subtest: production overflow stays in the building buffer until collection
ok 74 - production overflow stays in the building buffer until collection
  ---
  duration_ms: 1.170652
  type: 'test'
  ...
# Subtest: every civilization project uses implemented requirements and fits the unlocked settlement slots
ok 75 - every civilization project uses implemented requirements and fits the unlocked settlement slots
  ---
  duration_ms: 37.380796
  type: 'test'
  ...
# Subtest: city defeat payment preserves the repair reserve and may pay only the safe surplus
ok 76 - city defeat payment preserves the repair reserve and may pay only the safe surplus
  ---
  duration_ms: 7.121933
  type: 'test'
  ...
# Subtest: enemy regroup deadlines extend but never shorten an existing recovery window
ok 77 - enemy regroup deadlines extend but never shorten an existing recovery window
  ---
  duration_ms: 1.174168
  type: 'test'
  ...
# Subtest: enemy bases pause their launch clock during regroup and resume afterward
ok 78 - enemy bases pause their launch clock during regroup and resume afterward
  ---
  duration_ms: 3.144142
  type: 'test'
  ...
# Subtest: damaged tower repair keeps the fifty-five percent material rate
ok 79 - damaged tower repair keeps the fifty-five percent material rate
  ---
  duration_ms: 1.557549
  type: 'test'
  ...
# Subtest: dedicated barrier repair costs remain unchanged
ok 80 - dedicated barrier repair costs remain unchanged
  ---
  duration_ms: 0.575731
  type: 'test'
  ...
# Subtest: regroup timing produces the same result in active and offline progression
ok 81 - regroup timing produces the same result in active and offline progression
  ---
  duration_ms: 11.320462
  type: 'test'
  ...
# Subtest: map tap only selects a build candidate and confirmation performs the mutation
ok 82 - map tap only selects a build candidate and confirmation performs the mutation
  ---
  duration_ms: 201.396383
  type: 'test'
  ...
# Subtest: combat UI no longer calls immediate buildAt from map taps
ok 83 - combat UI no longer calls immediate buildAt from map taps
  ---
  duration_ms: 41.773543
  type: 'test'
  ...
# Subtest: an invalid second tap clears the previous candidate to prevent confirming the wrong location
ok 84 - an invalid second tap clears the previous candidate to prevent confirming the wrong location
  ---
  duration_ms: 2.643967
  type: 'test'
  ...
# Subtest: build confirmation is disabled while the selected facility is unaffordable
ok 85 - build confirmation is disabled while the selected facility is unaffordable
  ---
  duration_ms: 2.124523
  type: 'test'
  ...
# Subtest: context explanations are collapsed by default and metrics remain visible
ok 86 - context explanations are collapsed by default and metrics remain visible
  ---
  duration_ms: 1.782399
  type: 'test'
  ...
# Subtest: an opened context explanation remains open after the live HUD rerenders
ok 87 - an opened context explanation remains open after the live HUD rerenders
  ---
  duration_ms: 2.190861
  type: 'test'
  ...
# Subtest: context metrics use a fixed three-column grid to reduce panel height
ok 88 - context metrics use a fixed three-column grid to reduce panel height
  ---
  duration_ms: 10.361358
  type: 'test'
  ...
# Subtest: defense removal requires a second confirmation and then clears the selected facility
ok 89 - defense removal requires a second confirmation and then clears the selected facility
  ---
  duration_ms: 4.057248
  type: 'test'
  ...
# Subtest: tapping the selected facility again closes the compact context panel
ok 90 - tapping the selected facility again closes the compact context panel
  ---
  duration_ms: 2.370721
  type: 'test'
  ...
# Subtest: combat effect buffer is capped and prunes expired effects
ok 91 - combat effect buffer is capped and prunes expired effects
  ---
  duration_ms: 2.187843
  type: 'test'
  ...
# Subtest: event bus creates transient shot and city warning effects
ok 92 - event bus creates transient shot and city warning effects
  ---
  duration_ms: 6.582319
  type: 'test'
  ...
# Subtest: manual defense upgrade events create a visible pulse
ok 93 - manual defense upgrade events create a visible pulse
  ---
  duration_ms: 0.936911
  type: 'test'
  ...
# Subtest: barrier changes weighted enemy route without creating another graph
ok 94 - barrier changes weighted enemy route without creating another graph
  ---
  duration_ms: 7.845972
  type: 'test'
  ...
# Subtest: enemy position follows path direction rather than edge storage direction
ok 95 - enemy position follows path direction rather than edge storage direction
  ---
  duration_ms: 2.469087
  type: 'test'
  ...
# Subtest: build range is measured from established home base
ok 96 - build range is measured from established home base
  ---
  duration_ms: 4.027682
  type: 'test'
  ...
# Subtest: gun tower damages an enemy in range
ok 97 - gun tower damages an enemy in range
  ---
  duration_ms: 3.221376
  type: 'test'
  ...
# Subtest: enemy reaching the city deals damage and is removed
ok 98 - enemy reaching the city deals damage and is removed
  ---
  duration_ms: 3.026218
  type: 'test'
  ...
# Subtest: repair relay consumes resources and repairs only the most damaged target
ok 99 - repair relay consumes resources and repairs only the most damaged target
  ---
  duration_ms: 1.514777
  type: 'test'
  ...
# Subtest: city recovers after a quiet period and a large update only heals post-cooldown time
ok 100 - city recovers after a quiet period and a large update only heals post-cooldown time
  ---
  duration_ms: 103.786031
  type: 'test'
  ...
# Subtest: city defeat never creates negative resources and reports unpaid emergency recovery honestly
ok 101 - city defeat never creates negative resources and reports unpaid emergency recovery honestly
  ---
  duration_ms: 45.936934
  type: 'test'
  ...
# Subtest: civilization level raises major and field base squad capacity
ok 102 - civilization level raises major and field base squad capacity
  ---
  duration_ms: 5.055059
  type: 'test'
  ...
# Subtest: one major base can dispatch several squads until its civilization capacity is full
ok 103 - one major base can dispatch several squads until its civilization capacity is full
  ---
  duration_ms: 5.695319
  type: 'test'
  ...
# Subtest: recovering squads occupy only their own slot and do not block other free slots
ok 104 - recovering squads occupy only their own slot and do not block other free slots
  ---
  duration_ms: 1.876184
  type: 'test'
  ...
# Subtest: field bases also support multiple light squads according to civilization level
ok 105 - field bases also support multiple light squads according to civilization level
  ---
  duration_ms: 2.56908
  type: 'test'
  ...
# Subtest: every settlement building has a concise gameplay description
ok 106 - every settlement building has a concise gameplay description
  ---
  duration_ms: 0.584893
  type: 'test'
  ...
# Subtest: default resource HUD renders every owned resource as an independent chip
ok 107 - default resource HUD renders every owned resource as an independent chip
  ---
  duration_ms: 1.597448
  type: 'test'
  ...
# Subtest: resource HUD uses a non-overlapping content-sized scroll strip
ok 108 - resource HUD uses a non-overlapping content-sized scroll strip
  ---
  duration_ms: 23.912003
  type: 'test'
  ...
# Subtest: civilization build ranges use explicit bounded progression instead of exponential doubling
ok 109 - civilization build ranges use explicit bounded progression instead of exponential doubling
  ---
  duration_ms: 3.153117
  type: 'test'
  ...
# Subtest: an active enemy marker is a valid moving intercept deployment target
ok 110 - an active enemy marker is a valid moving intercept deployment target
  ---
  duration_ms: 5.759503
  type: 'test'
  ...
# Subtest: intercept squad replans to the selected enemy next road node and returns when the enemy is gone
ok 111 - intercept squad replans to the selected enemy next road node and returns when the enemy is gone
  ---
  duration_ms: 3.125464
  type: 'test'
  ...
# Subtest: gameplay HUD exposes independent zoom, selected-base and current-position camera controls
ok 112 - gameplay HUD exposes independent zoom, selected-base and current-position camera controls
  ---
  duration_ms: 47.240192
  type: 'test'
  ...
# Subtest: barrier has player-facing role, effect, placement and numeric metrics
ok 113 - barrier has player-facing role, effect, placement and numeric metrics
  ---
  duration_ms: 2.417948
  type: 'test'
  ...
# Subtest: gun has player-facing role, effect, placement and numeric metrics
ok 114 - gun has player-facing role, effect, placement and numeric metrics
  ---
  duration_ms: 0.88091
  type: 'test'
  ...
# Subtest: mortar has player-facing role, effect, placement and numeric metrics
ok 115 - mortar has player-facing role, effect, placement and numeric metrics
  ---
  duration_ms: 0.304574
  type: 'test'
  ...
# Subtest: slow has player-facing role, effect, placement and numeric metrics
ok 116 - slow has player-facing role, effect, placement and numeric metrics
  ---
  duration_ms: 0.340091
  type: 'test'
  ...
# Subtest: relay has player-facing role, effect, placement and numeric metrics
ok 117 - relay has player-facing role, effect, placement and numeric metrics
  ---
  duration_ms: 0.402892
  type: 'test'
  ...
# Subtest: all defense tiers define deterministic durability and sequential upgrade costs
ok 118 - all defense tiers define deterministic durability and sequential upgrade costs
  ---
  duration_ms: 2.353104
  type: 'test'
  ...
# Subtest: defense upgrades are sequential and locked to civilization level
ok 119 - defense upgrades are sequential and locked to civilization level
  ---
  duration_ms: 8.090692
  type: 'test'
  ...
# Subtest: upgrading preserves damage ratio instead of fully healing the facility
ok 120 - upgrading preserves damage ratio instead of fully healing the facility
  ---
  duration_ms: 2.863155
  type: 'test'
  ...
# Subtest: tier synchronization upgrades legacy durability without changing its health percentage
ok 121 - tier synchronization upgrades legacy durability without changing its health percentage
  ---
  duration_ms: 0.626291
  type: 'test'
  ...
# Subtest: destroyed and maximum-tier defenses cannot be upgraded
ok 122 - destroyed and maximum-tier defenses cannot be upgraded
  ---
  duration_ms: 0.838909
  type: 'test'
  ...
# Subtest: gate conversion starts at tier two and preserves the prior health ratio
ok 123 - gate conversion starts at tier two and preserves the prior health ratio
  ---
  duration_ms: 1.374858
  type: 'test'
  ...
# Subtest: combat UI keeps the normal facility panel compact and opens upgrade details only on demand
ok 124 - combat UI keeps the normal facility panel compact and opens upgrade details only on demand
  ---
  duration_ms: 112.290673
  type: 'test'
  ...
# Subtest: facility explanation replaces the metric view instead of stacking below it
ok 125 - facility explanation replaces the metric view instead of stacking below it
  ---
  duration_ms: 2.162125
  type: 'test'
  ...
# Subtest: civilization panel explains the current defense tier ceiling and next unlock
ok 126 - civilization panel explains the current defense tier ceiling and next unlock
  ---
  duration_ms: 17.275737
  type: 'test'
  ...
# Subtest: applying a tier uses the explicit durability table for every facility class
ok 127 - applying a tier uses the explicit durability table for every facility class
  ---
  duration_ms: 1.276266
  type: 'test'
  ...
# Subtest: upgraded attack statistics are used by live combat rather than only the UI
ok 128 - upgraded attack statistics are used by live combat rather than only the UI
  ---
  duration_ms: 3.212481
  type: 'test'
  ...
# Subtest: defense panel uses a compact capped layout with fixed visible actions
ok 129 - defense panel uses a compact capped layout with fixed visible actions
  ---
  duration_ms: 6.895254
  type: 'test'
  ...
# Subtest: enemy density rises by civilization level while the opening generation stays unchanged
ok 130 - enemy density rises by civilization level while the opening generation stays unchanged
  ---
  duration_ms: 4.299586
  type: 'test'
  ...
# Subtest: civilization grace period delays the new density tier until the generation is active
ok 131 - civilization grace period delays the new density tier until the generation is active
  ---
  duration_ms: 0.687368
  type: 'test'
  ...
# Subtest: enemy spawning respects the civilization-specific population cap and the hard ceiling
ok 132 - enemy spawning respects the civilization-specific population cap and the hard ceiling
  ---
  duration_ms: 8.464621
  type: 'test'
  ...
# Subtest: UI snapshots reuse the detached road graph while refreshing mutable gameplay data
ok 133 - UI snapshots reuse the detached road graph while refreshing mutable gameplay data
  ---
  duration_ms: 2.884658
  type: 'test'
  ...
# Subtest: balanced rendering reuses the combat layer until simulation state changes
ok 134 - balanced rendering reuses the combat layer until simulation state changes
  ---
  duration_ms: 58.018368
  type: 'test'
  ...
# Subtest: automatic survey polling does not clone or transact the full world every HUD refresh
ok 135 - automatic survey polling does not clone or transact the full world every HUD refresh
  ---
  duration_ms: 1.572034
  type: 'test'
  ...
# Subtest: asset loader starts with the current application-relative stylesheet
ok 136 - asset loader starts with the current application-relative stylesheet
  ---
  duration_ms: 16.223538
  type: 'test'
  ...
# Subtest: asset loader recovers a legacy fr path through the canonical frontline-roads directory
ok 137 - asset loader recovers a legacy fr path through the canonical frontline-roads directory
  ---
  duration_ms: 8.750013
  type: 'test'
  ...
# Subtest: top HUD no longer exposes a global deployment button
ok 138 - top HUD no longer exposes a global deployment button
  ---
  duration_ms: 10.958524
  type: 'test'
  ...
# Subtest: enemy-base deployment opens with the tapped target fixed
ok 139 - enemy-base deployment opens with the tapped target fixed
  ---
  duration_ms: 20.704755
  type: 'test'
  ...
# Subtest: enemy-unit deployment opens an intercept mission for the tapped moving marker
ok 140 - enemy-unit deployment opens an intercept mission for the tapped moving marker
  ---
  duration_ms: 1.204691
  type: 'test'
  ...
# Subtest: recovery-item deployment keeps the selected item fixed and only offers retrieval squads
ok 141 - recovery-item deployment keeps the selected item fixed and only offers retrieval squads
  ---
  duration_ms: 1.416825
  type: 'test'
  ...
# Subtest: combat target context exposes direct deployment actions
ok 142 - combat target context exposes direct deployment actions
  ---
  duration_ms: 43.346392
  type: 'test'
  ...
# Subtest: combat renderer includes visible friendly squad markers
ok 143 - combat renderer includes visible friendly squad markers
  ---
  duration_ms: 3.106699
  type: 'test'
  ...
# Subtest: legacy destroyed facilities are removed during normalization and free the placement
ok 144 - legacy destroyed facilities are removed during normalization and free the placement
  ---
  duration_ms: 8.634927
  type: 'test'
  ...
# Subtest: normalization keeps only one active facility when a legacy save overlaps placements
ok 145 - normalization keeps only one active facility when a legacy save overlaps placements
  ---
  duration_ms: 3.14605
  type: 'test'
  ...
# Subtest: a gate is deleted at zero HP and the attacking enemy continues through the opened road
ok 146 - a gate is deleted at zero HP and the attacking enemy continues through the opened road
  ---
  duration_ms: 12.706899
  type: 'test'
  ...
# Subtest: obsolete ruin UI and rendering code is removed
ok 147 - obsolete ruin UI and rendering code is removed
  ---
  duration_ms: 51.159087
  type: 'test'
  ...
# Subtest: HUD still reports repair demand only for surviving damaged facilities
ok 148 - HUD still reports repair demand only for surviving damaged facilities
  ---
  duration_ms: 10.995511
  type: 'test'
  ...
# Subtest: enemy types make different barrier decisions from break time and detour time
ok 149 - enemy types make different barrier decisions from break time and detour time
  ---
  duration_ms: 6.597471
  type: 'test'
  ...
# Subtest: balanced infantry breaches a weakened wall instead of taking a long detour
ok 150 - balanced infantry breaches a weakened wall instead of taking a long detour
  ---
  duration_ms: 1.113943
  type: 'test'
  ...
# Subtest: raider selects repair support before ordinary weapon towers
ok 151 - raider selects repair support before ordinary weapon towers
  ---
  duration_ms: 5.477751
  type: 'test'
  ...
# Subtest: rope cutter selects slowing equipment before repair support
ok 152 - rope cutter selects slowing equipment before repair support
  ---
  duration_ms: 1.265327
  type: 'test'
  ...
# Subtest: specialist damages its selected facility and invalidates shared targets when it is destroyed
ok 153 - specialist damages its selected facility and invalidates shared targets when it is destroyed
  ---
  duration_ms: 1.718403
  type: 'test'
  ...
# Subtest: a newly built priority facility requests rerouting without teleporting an enemy off its current road
ok 154 - a newly built priority facility requests rerouting without teleporting an enemy off its current road
  ---
  duration_ms: 4.303124
  type: 'test'
  ...
# Subtest: civilization generations contain expanded valid enemy variants with explicit personalities
ok 155 - civilization generations contain expanded valid enemy variants with explicit personalities
  ---
  duration_ms: 2.497493
  type: 'test'
  ...
# Subtest: flanking enemies choose a bounded longer side road while direct infantry uses the shortest road
ok 156 - flanking enemies choose a bounded longer side road while direct infantry uses the shortest road
  ---
  duration_ms: 6.6965
  type: 'test'
  ...
# Subtest: marauder personality prioritizes a field base over an equally reachable city
ok 157 - marauder personality prioritizes a field base over an equally reachable city
  ---
  duration_ms: 5.000979
  type: 'test'
  ...
# Subtest: squad hunter plans toward an active friendly squad and damages it after contact
ok 158 - squad hunter plans toward an active friendly squad and damages it after contact
  ---
  duration_ms: 2.045434
  type: 'test'
  ...
# Subtest: war drummer speed aura accelerates nearby allies without accelerating itself
ok 159 - war drummer speed aura accelerates nearby allies without accelerating itself
  ---
  duration_ms: 2.514564
  type: 'test'
  ...
# Subtest: civilization level four rotates doctrines and introduces the new generation across repeated waves
ok 160 - civilization level four rotates doctrines and introduces the new generation across repeated waves
  ---
  duration_ms: 36.343897
  type: 'test'
  ...
# Subtest: personality route and doctrine metadata survive the unchanged save schema
ok 161 - personality route and doctrine metadata survive the unchanged save schema
  ---
  duration_ms: 4.41553
  type: 'test'
  ...
# Subtest: loaded source chunk materializes a persistent enemy-source site
ok 162 - loaded source chunk materializes a persistent enemy-source site
  ---
  duration_ms: 5.598054
  type: 'test'
  ...
# Subtest: player can clear an enemy source on site and stop future frontier waves
ok 163 - player can clear an enemy source on site and stop future frontier waves
  ---
  duration_ms: 6.582333
  type: 'test'
  ...
# Subtest: enemy source interaction requires proximity and a clear local area
ok 164 - enemy source interaction requires proximity and a clear local area
  ---
  duration_ms: 2.58391
  type: 'test'
  ...
# Subtest: loaded chunks are processed once for deterministic ambient discoveries
ok 165 - loaded chunks are processed once for deterministic ambient discoveries
  ---
  duration_ms: 1.853558
  type: 'test'
  ...
# Subtest: exploration renderer draws active sites with a minimal canvas context
ok 166 - exploration renderer draws active sites with a minimal canvas context
  ---
  duration_ms: 1.410968
  type: 'test'
  ...
# Subtest: civilization level provides a separate simple-base limit
ok 167 - civilization level provides a separate simple-base limit
  ---
  duration_ms: 2.693373
  type: 'test'
  ...
# Subtest: simple-base placement requires civilization unlock, fresh GPS, road access and separation
ok 168 - simple-base placement requires civilization unlock, fresh GPS, road access and separation
  ---
  duration_ms: 33.392582
  type: 'test'
  ...
# Subtest: simple-base placement accepts a fresh stationary GPS fix and a road node within the wider placement radius
ok 169 - simple-base placement accepts a fresh stationary GPS fix and a road node within the wider placement radius
  ---
  duration_ms: 1.822717
  type: 'test'
  ...
# Subtest: simple bases require and consume the processed-resource cost for their slot
ok 170 - simple bases require and consume the processed-resource cost for their slot
  ---
  duration_ms: 4.028874
  type: 'test'
  ...
# Subtest: simple base has 40 HP and its construction anchor grows to the level 1 bounded range
ok 171 - simple base has 40 HP and its construction anchor grows to the level 1 bounded range
  ---
  duration_ms: 3.501369
  type: 'test'
  ...
# Subtest: current assault squad can deploy from an active simple base
ok 172 - current assault squad can deploy from an active simple base
  ---
  duration_ms: 2.154694
  type: 'test'
  ...
# Subtest: nearby enemies can destroy a simple base and remove its construction and deployment roles
ok 173 - nearby enemies can destroy a simple base and remove its construction and deployment roles
  ---
  duration_ms: 6.949619
  type: 'test'
  ...
# Subtest: destroyed simple base keeps its slot and can only be rebuilt at the site
ok 174 - destroyed simple base keeps its slot and can only be rebuilt at the site
  ---
  duration_ms: 1.357884
  type: 'test'
  ...
# Subtest: simple-base state survives save and restore without precise location metadata
ok 175 - simple-base state survives save and restore without precise location metadata
  ---
  duration_ms: 6.174556
  type: 'test'
  ...
# Subtest: level-four civilization progress counts active simple bases instead of obsolete outposts
ok 176 - level-four civilization progress counts active simple bases instead of obsolete outposts
  ---
  duration_ms: 2.354326
  type: 'test'
  ...
# Subtest: a distant simple base does not pull attackers away from a much nearer city
ok 177 - a distant simple base does not pull attackers away from a much nearer city
  ---
  duration_ms: 1.364552
  type: 'test'
  ...
# Subtest: standing at a level-one simple base uses its bounded 75m construction zone
ok 178 - standing at a level-one simple base uses its bounded 75m construction zone
  ---
  duration_ms: 0.993358
  type: 'test'
  ...
# Subtest: a major base cannot be placed on top of an active simple base
ok 179 - a major base cannot be placed on top of an active simple base
  ---
  duration_ms: 1.541859
  type: 'test'
  ...
# Subtest: a destroyed simple-base ruin still blocks overlapping major-base placement
ok 180 - a destroyed simple-base ruin still blocks overlapping major-base placement
  ---
  duration_ms: 0.75465
  type: 'test'
  ...
# Subtest: an active simple base anchors regional simulation but a destroyed one does not
ok 181 - an active simple base anchors regional simulation but a destroyed one does not
  ---
  duration_ms: 65.130695
  type: 'test'
  ...
# Subtest: an enemy chooses a nearby simple base when it is meaningfully closer than the city
ok 182 - an enemy chooses a nearby simple base when it is meaningfully closer than the city
  ---
  duration_ms: 1.804764
  type: 'test'
  ...
# Subtest: deployment preview is non-destructive and dispatch spends the assault cost once
ok 183 - deployment preview is non-destructive and dispatch spends the assault cost once
  ---
  duration_ms: 10.353998
  type: 'test'
  ...
# Subtest: friendly squad stops to fight enemies and both sides exchange damage
ok 184 - friendly squad stops to fight enemies and both sides exchange damage
  ---
  duration_ms: 38.071258
  type: 'test'
  ...
# Subtest: squad destroys an enemy base, schedules respawn and returns to its origin
ok 185 - squad destroys an enemy base, schedules respawn and returns to its origin
  ---
  duration_ms: 9.75555
  type: 'test'
  ...
# Subtest: friendly squads survive JSON save and restore without exact base coordinates
ok 186 - friendly squads survive JSON save and restore without exact base coordinates
  ---
  duration_ms: 5.733301
  type: 'test'
  ...
# Subtest: remote friendly squads only advance when the dormant regional interval is due
ok 187 - remote friendly squads only advance when the dormant regional interval is due
  ---
  duration_ms: 25.667875
  type: 'test'
  ...
# Subtest: friendly order overlay draws selectable nodes, routes, destination and waypoints on a minimal canvas
ok 188 - friendly order overlay draws selectable nodes, routes, destination and waypoints on a minimal canvas
  ---
  duration_ms: 40.151167
  type: 'test'
  ...
# Subtest: combat UI exposes stop, retreat, withdraw, resume and two-waypoint route planning
ok 189 - combat UI exposes stop, retreat, withdraw, resume and two-waypoint route planning
  ---
  duration_ms: 13.66604
  type: 'test'
  ...
# Subtest: renderer places squad order guidance above combat and construction layers
ok 190 - renderer places squad order guidance above combat and construction layers
  ---
  duration_ms: 4.366627
  type: 'test'
  ...
# Subtest: stop holds a squad at its exact road position while retaining the mission
ok 191 - stop holds a squad at its exact road position while retaining the mission
  ---
  duration_ms: 40.807662
  type: 'test'
  ...
# Subtest: route command issued mid-edge preserves position and joins the chosen route at the next intersection
ok 192 - route command issued mid-edge preserves position and joins the chosen route at the next intersection
  ---
  duration_ms: 1.516707
  type: 'test'
  ...
# Subtest: retreat reaches the selected node, stops there, and keeps the original attack mission
ok 193 - retreat reaches the selected node, stops there, and keeps the original attack mission
  ---
  duration_ms: 3.695244
  type: 'test'
  ...
# Subtest: withdraw abandons the mission and begins recovery only after it reaches the origin
ok 194 - withdraw abandons the mission and begins recovery only after it reaches the origin
  ---
  duration_ms: 4.156054
  type: 'test'
  ...
# Subtest: stopping a retreat preserves the retreat destination for route-selected resume
ok 195 - stopping a retreat preserves the retreat destination for route-selected resume
  ---
  duration_ms: 1.031624
  type: 'test'
  ...
# Subtest: retreat validation rejects a node closer to the hostile base and accepts an owned base behind the squad
ok 196 - retreat validation rejects a node closer to the hostile base and accepts an owned base behind the squad
  ---
  duration_ms: 1.521795
  type: 'test'
  ...
# Subtest: route planner exposes distinct shortest, enemy-avoidance and friendly-support choices when the road graph allows them
ok 197 - route planner exposes distinct shortest, enemy-avoidance and friendly-support choices when the road graph allows them
  ---
  duration_ms: 4.493843
  type: 'test'
  ...
# Subtest: waypoints force every generated route through the selected intersections
ok 198 - waypoints force every generated route through the selected intersections
  ---
  duration_ms: 1.532442
  type: 'test'
  ...
# Subtest: retreating through a newly encountered enemy does not grant invulnerability
ok 199 - retreating through a newly encountered enemy does not grant invulnerability
  ---
  duration_ms: 94.744518
  type: 'test'
  ...
# Subtest: friendly orders, selected route and history survive save and restore
ok 200 - friendly orders, selected route and history survive save and restore
  ---
  duration_ms: 4.719286
  type: 'test'
  ...
# Subtest: a rejected withdraw route leaves the original mission untouched
ok 201 - a rejected withdraw route leaves the original mission untouched
  ---
  duration_ms: 0.687874
  type: 'test'
  ...
# Subtest: route orders reject paths whose edges do not connect the declared node sequence
ok 202 - route orders reject paths whose edges do not connect the declared node sequence
  ---
  duration_ms: 0.359231
  type: 'test'
  ...
# Subtest: route estimates include the remaining distance on the squad current road segment
ok 203 - route estimates include the remaining distance on the squad current road segment
  ---
  duration_ms: 0.716154
  type: 'test'
  ...
# Subtest: a map tap near a displayed route selects that route instead of becoming a waypoint
ok 204 - a map tap near a displayed route selects that route instead of becoming a waypoint
  ---
  duration_ms: 1.654843
  type: 'test'
  ...
# Subtest: civilization level one unlocks one area recovery facility and a distinct field barracks
ok 205 - civilization level one unlocks one area recovery facility and a distinct field barracks
  ---
  duration_ms: 2.454806
  type: 'test'
  ...
# Subtest: major-base logistics restore a returned squad while the area recovery facility remains a separate field effect
ok 206 - major-base logistics restore a returned squad while the area recovery facility remains a separate field effect
  ---
  duration_ms: 4.19995
  type: 'test'
  ...
# Subtest: a field base reorganizes squads without providing innate healing
ok 207 - a field base reorganizes squads without providing innate healing
  ---
  duration_ms: 2.033332
  type: 'test'
  ...
# Subtest: a recovery facility gradually heals every friendly squad inside its radius
ok 208 - a recovery facility gradually heals every friendly squad inside its radius
  ---
  duration_ms: 1.587602
  type: 'test'
  ...
# Subtest: the defense update loop applies recovery-facility healing without a separate recovery queue
ok 209 - the defense update loop applies recovery-facility healing without a separate recovery queue
  ---
  duration_ms: 0.806463
  type: 'test'
  ...
# Subtest: a disabled recovery facility provides no healing
ok 210 - a disabled recovery facility provides no healing
  ---
  duration_ms: 0.613176
  type: 'test'
  ...
# Subtest: a field barracks adds exactly one squad slot to its field base
ok 211 - a field barracks adds exactly one squad slot to its field base
  ---
  duration_ms: 0.876436
  type: 'test'
  ...
# Subtest: field barracks is field-only while recovery facilities can use major, field, and expedition anchors
ok 212 - field barracks is field-only while recovery facilities can use major, field, and expedition anchors
  ---
  duration_ms: 5.770304
  type: 'test'
  ...
# Subtest: an expedition squad creates a fixed 120 meter moving construction anchor and ordinary squads do not
ok 213 - an expedition squad creates a fixed 120 meter moving construction anchor and ordinary squads do not
  ---
  duration_ms: 27.470514
  type: 'test'
  ...
# Subtest: a recovering squad occupies a slot while another slot remains usable
ok 214 - a recovering squad occupies a slot while another slot remains usable
  ---
  duration_ms: 3.618766
  type: 'test'
  ...
# Subtest: major-base recovery progress survives save and restore without duplicate healing
ok 215 - major-base recovery progress survives save and restore without duplicate healing
  ---
  duration_ms: 3.329632
  type: 'test'
  ...
# Subtest: a recovering squad evacuates to a major base when its field base is destroyed
ok 216 - a recovering squad evacuates to a major base when its field base is destroyed
  ---
  duration_ms: 4.703101
  type: 'test'
  ...
# Subtest: recovery and ready garrisons reject tactical movement orders
ok 217 - recovery and ready garrisons reject tactical movement orders
  ---
  duration_ms: 0.66586
  type: 'test'
  ...
# Subtest: legacy field-aid facilities migrate once into field barracks without leaving recovery behavior behind
ok 218 - legacy field-aid facilities migrate once into field barracks without leaving recovery behavior behind
  ---
  duration_ms: 4.100376
  type: 'test'
  ...
# Subtest: base reorganization remains sequential and is not accelerated by recovery facilities
ok 219 - base reorganization remains sequential and is not accelerated by recovery facilities
  ---
  duration_ms: 0.772716
  type: 'test'
  ...
# Subtest: friendly unit unlock levels and simple-base deployment restrictions are enforced
ok 220 - friendly unit unlock levels and simple-base deployment restrictions are enforced
  ---
  duration_ms: 5.904982
  type: 'test'
  ...
# Subtest: skirmisher damage strongly favors light enemies and is weak against armored enemies
ok 221 - skirmisher damage strongly favors light enemies and is weak against armored enemies
  ---
  duration_ms: 0.449163
  type: 'test'
  ...
# Subtest: siege squad damages enemy bases much faster than the assault squad
ok 222 - siege squad damages enemy bases much faster than the assault squad
  ---
  duration_ms: 8.802437
  type: 'test'
  ...
# Subtest: nearby heavy squad intercepts part of the damage aimed at another friendly squad
ok 223 - nearby heavy squad intercepts part of the damage aimed at another friendly squad
  ---
  duration_ms: 3.619457
  type: 'test'
  ...
# Subtest: expedition squad heals only after its non-combat recovery delay
ok 224 - expedition squad heals only after its non-combat recovery delay
  ---
  duration_ms: 1.105172
  type: 'test'
  ...
# Subtest: all friendly unit types preserve their identity and combat state through save and restore
ok 225 - all friendly unit types preserve their identity and combat state through save and restore
  ---
  duration_ms: 4.189974
  type: 'test'
  ...
# Subtest: skirmisher prioritizes a light specialist over a nearer ordinary infantry target
ok 226 - skirmisher prioritizes a light specialist over a nearer ordinary infantry target
  ---
  duration_ms: 1.47622
  type: 'test'
  ...
# Subtest: mixed friendly unit types remain valid through extended regional combat simulation
ok 227 - mixed friendly unit types remain valid through extended regional combat simulation
  ---
  duration_ms: 202.573462
  type: 'test'
  ...
# Subtest: dead-end roads at unexplored chunk borders become frontier candidates
ok 228 - dead-end roads at unexplored chunk borders become frontier candidates
  ---
  duration_ms: 3.433539
  type: 'test'
  ...
# Subtest: frontier source stays fixed while its entry point advances with map expansion
ok 229 - frontier source stays fixed while its entry point advances with map expansion
  ---
  duration_ms: 3.197396
  type: 'test'
  ...
# Subtest: frontier system launches enemies from a map-edge entry node
ok 230 - frontier system launches enemies from a map-edge entry node
  ---
  duration_ms: 2.568651
  type: 'test'
  ...
# Subtest: frontier identity is hidden until the signal is localized
ok 231 - frontier identity is hidden until the signal is localized
  ---
  duration_ms: 0.424036
  type: 'test'
  ...
# Subtest: frontier renderer tolerates a minimal canvas context
ok 232 - frontier renderer tolerates a minimal canvas context
  ---
  duration_ms: 1.351506
  type: 'test'
  ...
# Subtest: balanced opening reaches civilization level one without collapse on a line road network
ok 233 - balanced opening reaches civilization level one without collapse on a line road network
  ---
  duration_ms: 884.442826
  type: 'test'
  ...
# Subtest: balanced opening reaches civilization level one without collapse on a cross road network
ok 234 - balanced opening reaches civilization level one without collapse on a cross road network
  ---
  duration_ms: 516.571833
  type: 'test'
  ...
# Subtest: balanced opening reaches civilization level one without collapse on a grid road network
ok 235 - balanced opening reaches civilization level one without collapse on a grid road network
  ---
  duration_ms: 418.975504
  type: 'test'
  ...
# Subtest: attack-only opening can suppress the first bases but still causes material losses
ok 236 - attack-only opening can suppress the first bases but still causes material losses
  ---
  duration_ms: 759.610306
  type: 'test'
  ...
# Subtest: batch production queues 1, 5, 10 or the maximum without double-reserving inputs
ok 237 - batch production queues 1, 5, 10 or the maximum without double-reserving inputs
  ---
  duration_ms: 9.407
  type: 'test'
  ...
# Subtest: project-only production caps queued units, starts the existing order, and cannot overshoot the target
ok 238 - project-only production caps queued units, starts the existing order, and cannot overshoot the target
  ---
  duration_ms: 4.659073
  type: 'test'
  ...
# Subtest: safe civilization contribution keeps the declared defense reserve while explicit full contribution may use it
ok 239 - safe civilization contribution keeps the declared defense reserve while explicit full contribution may use it
  ---
  duration_ms: 3.307727
  type: 'test'
  ...
# Subtest: coordinated deployment can use multiple slots from one base and synchronizes mixed squads to one arrival time
ok 240 - coordinated deployment can use multiple slots from one base and synchronizes mixed squads to one arrival time
  ---
  duration_ms: 10.108025
  type: 'test'
  ...
# Subtest: simple-base network diagnostic distinguishes sufficient and insufficient acquired roads
ok 241 - simple-base network diagnostic distinguishes sufficient and insufficient acquired roads
  ---
  duration_ms: 2.665192
  type: 'test'
  ...
# Subtest: listed barrier sites use an in-range projection and remain valid for construction on dense roads
ok 242 - listed barrier sites use an in-range projection and remain valid for construction on dense roads
  ---
  duration_ms: 4.080853
  type: 'test'
  ...
# Subtest: gameplay stabilization controls are present in UI source and field-base text includes retrieval squads
ok 243 - gameplay stabilization controls are present in UI source and field-base text includes retrieval squads
  ---
  duration_ms: 73.034729
  type: 'test'
  ...
# Subtest: gameplay camera controls are part of the HUD grid instead of overlaying the tactical map
ok 244 - gameplay camera controls are part of the HUD grid instead of overlaying the tactical map
  ---
  duration_ms: 15.128805
  type: 'test'
  ...
# Subtest: deterministic civilization pressure playtest passes every declared balance check
ok 245 - deterministic civilization pressure playtest passes every declared balance check
  ---
  duration_ms: 4.880293
  type: 'test'
  ...
# Subtest: source module graph has no circular dependencies
ok 246 - source module graph has no circular dependencies
  ---
  duration_ms: 385.353205
  type: 'test'
  ...
# Subtest: twelve-hour simulation remains bounded, serializable and within enemy cap
ok 247 - twelve-hour simulation remains bounded, serializable and within enemy cap
  ---
  duration_ms: 5838.245818
  type: 'test'
  ...
# Subtest: same state and elapsed time produce the same offline game result
ok 248 - same state and elapsed time produce the same offline game result
  ---
  duration_ms: 1013.822377
  type: 'test'
  ...
# Subtest: legacy save is converted once into the clean schema
ok 249 - legacy save is converted once into the clean schema
  ---
  duration_ms: 7.110734
  type: 'test'
  ...
# Subtest: modal overlay never uses backdrop blur and modal card stays composited as visible UI
ok 250 - modal overlay never uses backdrop blur and modal card stays composited as visible UI
  ---
  duration_ms: 78.666763
  type: 'test'
  ...
# Subtest: radar quality selectors do not style modal overlays or modal cards
ok 251 - radar quality selectors do not style modal overlays or modal cards
  ---
  duration_ms: 6.110339
  type: 'test'
  ...
# Subtest: modal visibility updates accessibility state and backdrop click can always dismiss it
ok 252 - modal visibility updates accessibility state and backdrop click can always dismiss it
  ---
  duration_ms: 0.851806
  type: 'test'
  ...
# Subtest: all full-screen command panels use the shared emergency dismiss behavior
ok 253 - all full-screen command panels use the shared emergency dismiss behavior
  ---
  duration_ms: 14.241353
  type: 'test'
  ...
# Subtest: tower reload preserves elapsed remainder and gives the same result at 20 Hz or one coarse update
ok 254 - tower reload preserves elapsed remainder and gives the same result at 20 Hz or one coarse update
  ---
  duration_ms: 9.88931
  type: 'test'
  ...
# Subtest: enemy departure delay and road-edge overflow are consumed in the same update
ok 255 - enemy departure delay and road-edge overflow are consumed in the same update
  ---
  duration_ms: 6.849005
  type: 'test'
  ...
# Subtest: offline 0.25-second simulation matches live 20 Hz for a deterministic defense interval
ok 256 - offline 0.25-second simulation matches live 20 Hz for a deterministic defense interval
  ---
  duration_ms: 194.296042
  type: 'test'
  ...
# Subtest: offline simulation is bounded and reports the applied duration
ok 257 - offline simulation is bounded and reports the applied duration
  ---
  duration_ms: 3.082578
  type: 'test'
  ...
# Subtest: offline simulation advances the canonical world clock
ok 258 - offline simulation advances the canonical world clock
  ---
  duration_ms: 0.866018
  type: 'test'
  ...
# Subtest: default endpoints use the configured public instances
ok 259 - default endpoints use the configured public instances
  ---
  duration_ms: 4.301071
  type: 'test'
  ...
# Subtest: query filters road classes before download
ok 260 - query filters road classes before download
  ---
  duration_ms: 1.219917
  type: 'test'
  ...
# Subtest: browser request starts with a form-encoded POST and stops after success
ok 261 - browser request starts with a form-encoded POST and stops after success
  ---
  duration_ms: 2.561929
  type: 'test'
  ...
# Subtest: a blocked POST falls back to a non-script GET on the same endpoint
ok 262 - a blocked POST falls back to a non-script GET on the same endpoint
  ---
  duration_ms: 1.770426
  type: 'test'
  ...
# Subtest: successful GET is remembered so later road expansions avoid the blocked POST
ok 263 - successful GET is remembered so later road expansions avoid the blocked POST
  ---
  duration_ms: 1.60827
  type: 'test'
  ...
# Subtest: failed POST and GET fall back to the next endpoint
ok 264 - failed POST and GET fall back to the next endpoint
  ---
  duration_ms: 4.387316
  type: 'test'
  ...
# Subtest: all failures include endpoint and both secure transport diagnostics
ok 265 - all failures include endpoint and both secure transport diagnostics
  ---
  duration_ms: 1.940837
  type: 'test'
  ...
# Subtest: failed fetch transports fall back to opaque sandbox JSONP and remember it
ok 266 - failed fetch transports fall back to opaque sandbox JSONP and remember it
  ---
  duration_ms: 1.318163
  type: 'test'
  ...
# Subtest: an empty road result requires confirmation from two independent endpoints
ok 267 - an empty road result requires confirmation from two independent endpoints
  ---
  duration_ms: 1.571263
  type: 'test'
  ...
# Subtest: roads from a second endpoint override a false empty response from the first
ok 268 - roads from a second endpoint override a false empty response from the first
  ---
  duration_ms: 1.209658
  type: 'test'
  ...
# Subtest: caller abort stops attempts immediately
ok 269 - caller abort stops attempts immediately
  ---
  duration_ms: 1.145097
  type: 'test'
  ...
# Subtest: injected development fetch is used directly
ok 270 - injected development fetch is used directly
  ---
  duration_ms: 0.823219
  type: 'test'
  ...
# Subtest: chunk expansion query uses a compact bounding box instead of an around search
ok 271 - chunk expansion query uses a compact bounding box instead of an around search
  ---
  duration_ms: 0.714177
  type: 'test'
  ...
# Subtest: successful endpoint and transport survive a client recreation and are attempted first
ok 272 - successful endpoint and transport survive a client recreation and are attempted first
  ---
  duration_ms: 1.717949
  type: 'test'
  ...
# Subtest: request metadata exposes the query shape for survey diagnostics
ok 273 - request metadata exposes the query shape for survey diagnostics
  ---
  duration_ms: 0.55665
  type: 'test'
  ...
# Subtest: balanced profile limits simulation, rendering and DPR
ok 274 - balanced profile limits simulation, rendering and DPR
  ---
  duration_ms: 2.155206
  type: 'test'
  ...
# Subtest: game loop decouples simulation, civilization and rendering rates
ok 275 - game loop decouples simulation, civilization and rendering rates
  ---
  duration_ms: 1.486519
  type: 'test'
  ...
# Subtest: game loop preserves simulation backlog instead of discarding a slow frame
ok 276 - game loop preserves simulation backlog instead of discarding a slow frame
  ---
  duration_ms: 0.813778
  type: 'test'
  ...
# Subtest: combat spatial index returns only nearby active enemies
ok 277 - combat spatial index returns only nearby active enemies
  ---
  duration_ms: 3.18185
  type: 'test'
  ...
# Subtest: renderer caches static radar and road layers between frames
ok 278 - renderer caches static radar and road layers between frames
  ---
  duration_ms: 7.410812
  type: 'test'
  ...
# Subtest: tactical route choices use spatial snapshots instead of rescanning every enemy and defense per road edge
ok 279 - tactical route choices use spatial snapshots instead of rescanning every enemy and defense per road edge
  ---
  duration_ms: 313.971921
  type: 'test'
  ...
# Subtest: same-schema saves missing the old initialization flag remove destroyed facilities and preserve active survey facilities
ok 280 - same-schema saves missing the old initialization flag remove destroyed facilities and preserve active survey facilities
  ---
  duration_ms: 11.417894
  type: 'test'
  ...
# Subtest: normalization removes zero-HP defenses even when legacy ruin flags are absent
ok 281 - normalization removes zero-HP defenses even when legacy ruin flags are absent
  ---
  duration_ms: 1.934405
  type: 'test'
  ...
# Subtest: loaded road chunks are reconstructed from the persisted graph so survey can expand from initial roads
ok 282 - loaded road chunks are reconstructed from the persisted graph so survey can expand from initial roads
  ---
  duration_ms: 2.607597
  type: 'test'
  ...
# Subtest: survey network failures become retry-wait state instead of a permanent raw error
ok 283 - survey network failures become retry-wait state instead of a permanent raw error
  ---
  duration_ms: 82.283564
  type: 'test'
  ...
# Subtest: critical facility operations persist immediately and obsolete wreck UI is absent
ok 284 - critical facility operations persist immediately and obsolete wreck UI is absent
  ---
  duration_ms: 8.626413
  type: 'test'
  ...
# Subtest: civilization level increases the active player-base limit by one
ok 285 - civilization level increases the active player-base limit by one
  ---
  duration_ms: 1.666088
  type: 'test'
  ...
# Subtest: base placement requires an unlocked slot, fresh position, nearby road and minimum separation
ok 286 - base placement requires an unlocked slot, fresh position, nearby road and minimum separation
  ---
  duration_ms: 3.235677
  type: 'test'
  ...
# Subtest: additional major bases require and consume escalating processed-resource costs
ok 287 - additional major bases require and consume escalating processed-resource costs
  ---
  duration_ms: 32.491125
  type: 'test'
  ...
# Subtest: establishing a base adds a remote construction and simulation anchor
ok 288 - establishing a base adds a remote construction and simulation anchor
  ---
  duration_ms: 2.817771
  type: 'test'
  ...
# Subtest: secondary bases survive save and restore without retaining exact location fields
ok 289 - secondary bases survive save and restore without retaining exact location fields
  ---
  duration_ms: 3.761072
  type: 'test'
  ...
# Subtest: civilization projects require cumulative artifacts recovered in the field
ok 290 - civilization projects require cumulative artifacts recovered in the field
  ---
  duration_ms: 1.32765
  type: 'test'
  ...
# Subtest: destroying a resource enemy base secures its declared reward in one recoverable cache
ok 291 - destroying a resource enemy base secures its declared reward in one recoverable cache
  ---
  duration_ms: 7.975045
  type: 'test'
  ...
# Subtest: resource enemy bases return within the progression window while strategic bases retain long recovery
ok 292 - resource enemy bases return within the progression window while strategic bases retain long recovery
  ---
  duration_ms: 1.108002
  type: 'test'
  ...
# Subtest: legacy resource-outpost data is stripped during runtime normalization
ok 293 - legacy resource-outpost data is stripped during runtime normalization
  ---
  duration_ms: 0.790554
  type: 'test'
  ...
# Subtest: PWA registers the current service worker on HTTPS
ok 294 - PWA registers the current service worker on HTTPS
  ---
  duration_ms: 2.638262
  type: 'test'
  ...
# Subtest: PWA is skipped for an allowed development fixture
ok 295 - PWA is skipped for an allowed development fixture
  ---
  duration_ms: 1.06416
  type: 'test'
  ...
# Subtest: public devFixture query does not disable production PWA registration
ok 296 - public devFixture query does not disable production PWA registration
  ---
  duration_ms: 0.530954
  type: 'test'
  ...
# Subtest: PWA registration failure does not stop the game
ok 297 - PWA registration failure does not stop the game
  ---
  duration_ms: 0.918674
  type: 'test'
  ...
# Subtest: radar renderer is integrated without changing the map input owner
ok 298 - radar renderer is integrated without changing the map input owner
  ---
  duration_ms: 16.022801
  type: 'test'
  ...
# Subtest: radar theme exposes tactical palette and mobile layout rules
ok 299 - radar theme exposes tactical palette and mobile layout rules
  ---
  duration_ms: 5.464054
  type: 'test'
  ...
# Subtest: combat and road renderers use radar glyphs and glow rather than emoji labels
ok 300 - combat and road renderers use radar glyphs and glow rather than emoji labels
  ---
  duration_ms: 23.279521
  type: 'test'
  ...
# Subtest: radar canvas layers render with a minimal canvas context
ok 301 - radar canvas layers render with a minimal canvas context
  ---
  duration_ms: 6.128251
  type: 'test'
  ...
# Subtest: playing footer stays clear of the combat toolbar
ok 302 - playing footer stays clear of the combat toolbar
  ---
  duration_ms: 3.148049
  type: 'test'
  ...
# Subtest: radar preferences apply defaults and cycle without game state
ok 303 - radar preferences apply defaults and cycle without game state
  ---
  duration_ms: 2.344302
  type: 'test'
  ...
# Subtest: bootstrap imports RadarPreferences before constructing it
ok 304 - bootstrap imports RadarPreferences before constructing it
  ---
  duration_ms: 14.999218
  type: 'test'
  ...
# Subtest: touch devices default to the power-saving radar profile
ok 305 - touch devices default to the power-saving radar profile
  ---
  duration_ms: 0.652242
  type: 'test'
  ...
# Subtest: destroying an enemy base creates one persistent recovery item at the destroyed base
ok 306 - destroying an enemy base creates one persistent recovery item at the destroyed base
  ---
  duration_ms: 4.506566
  type: 'test'
  ...
# Subtest: recovery requires the player to be within the physical collection range
ok 307 - recovery requires the player to be within the physical collection range
  ---
  duration_ms: 1.063167
  type: 'test'
  ...
# Subtest: recovery rejects stale or inaccurate geolocation even at the item position
ok 308 - recovery rejects stale or inaccurate geolocation even at the item position
  ---
  duration_ms: 0.486405
  type: 'test'
  ...
# Subtest: manual collection requires five seconds in range, grants once and removes the recovered item
ok 309 - manual collection requires five seconds in range, grants once and removes the recovered item
  ---
  duration_ms: 1.913744
  type: 'test'
  ...
# Subtest: leaving the collection radius cancels progress without removing the item
ok 310 - leaving the collection radius cancels progress without removing the item
  ---
  duration_ms: 0.984257
  type: 'test'
  ...
# Subtest: uncollected recovery items survive save and restore while live location freshness does not
ok 311 - uncollected recovery items survive save and restore while live location freshness does not
  ---
  duration_ms: 3.748384
  type: 'test'
  ...
# Subtest: refactor schema 1 scrap is migrated into canonical resources
ok 312 - refactor schema 1 scrap is migrated into canonical resources
  ---
  duration_ms: 37.706853
  type: 'test'
  ...
# Subtest: retrieval squad is deliberately weak and works from major and field bases
ok 313 - retrieval squad is deliberately weak and works from major and field bases
  ---
  duration_ms: 5.026632
  type: 'test'
  ...
# Subtest: dispatch reserves a recovery item and preview does not mutate it
ok 314 - dispatch reserves a recovery item and preview does not mutate it
  ---
  duration_ms: 9.785966
  type: 'test'
  ...
# Subtest: retrieval squad collects for eight seconds and grants the artifact only after returning
ok 315 - retrieval squad collects for eight seconds and grants the artifact only after returning
  ---
  duration_ms: 8.443913
  type: 'test'
  ...
# Subtest: destroying a squad before pickup releases the item at its original location
ok 316 - destroying a squad before pickup releases the item at its original location
  ---
  duration_ms: 1.234081
  type: 'test'
  ...
# Subtest: destroying a squad while carrying drops the item at the destruction point
ok 317 - destroying a squad while carrying drops the item at the destruction point
  ---
  duration_ms: 4.635992
  type: 'test'
  ...
# Subtest: withdrawing before pickup abandons the recovery mission and releases the item
ok 318 - withdrawing before pickup abandons the recovery mission and releases the item
  ---
  duration_ms: 1.467668
  type: 'test'
  ...
# Subtest: field bases can deploy and reorganize retrieval squads
ok 319 - field bases can deploy and reorganize retrieval squads
  ---
  duration_ms: 1.193893
  type: 'test'
  ...
# Subtest: reserved recovery mission survives save and restore without exposing exact live location data
ok 320 - reserved recovery mission survives save and restore without exposing exact live location data
  ---
  duration_ms: 3.52044
  type: 'test'
  ...
# Subtest: manual collection in progress blocks deployment without consuming resources or changing a ready squad
ok 321 - manual collection in progress blocks deployment without consuming resources or changing a ready squad
  ---
  duration_ms: 1.404816
  type: 'test'
  ...
# Subtest: orphaned reservations become available again after squad data is lost
ok 322 - orphaned reservations become available again after squad data is lost
  ---
  duration_ms: 1.174155
  type: 'test'
  ...
# Subtest: a real heavy enemy quickly destroys the weak retrieval squad and releases its reservation
ok 323 - a real heavy enemy quickly destroys the weak retrieval squad and releases its reservation
  ---
  duration_ms: 24.383901
  type: 'test'
  ...
# Subtest: remote retrieval completes under active, peripheral, and dormant regional intervals
ok 324 - remote retrieval completes under active, peripheral, and dormant regional intervals
  ---
  duration_ms: 46.954971
  type: 'test'
  ...
# Subtest: the unified Overpass query and parser include trunk and motorway classes
ok 325 - the unified Overpass query and parser include trunk and motorway classes
  ---
  duration_ms: 2.35022
  type: 'test'
  ...
# Subtest: initial acquisition preserves a disconnected major road instead of keeping only the center component
ok 326 - initial acquisition preserves a disconnected major road instead of keeping only the center component
  ---
  duration_ms: 50.364764
  type: 'test'
  ...
# Subtest: parallel major carriageways remain separate physical roads
ok 327 - parallel major carriageways remain separate physical roads
  ---
  duration_ms: 3.092988
  type: 'test'
  ...
# Subtest: chunk acquisition retains a sparse major road crossing the chunk boundary
ok 328 - chunk acquisition retains a sparse major road crossing the chunk boundary
  ---
  duration_ms: 2.053123
  type: 'test'
  ...
# Subtest: source identities survive compact save encoding and prevent overlap duplication after restore
ok 329 - source identities survive compact save encoding and prevent overlap duplication after restore
  ---
  duration_ms: 11.824793
  type: 'test'
  ...
# Subtest: initial acquisition marks edge chunks for refresh instead of treating partial circle coverage as complete
ok 330 - initial acquisition marks edge chunks for refresh instead of treating partial circle coverage as complete
  ---
  duration_ms: 1.018317
  type: 'test'
  ...
# Subtest: old road coverage is marked for reacquisition after the completeness specification changes
ok 331 - old road coverage is marked for reacquisition after the completeness specification changes
  ---
  duration_ms: 1.785294
  type: 'test'
  ...
# Subtest: a migrated loaded chunk is fetched again and its refresh marker is cleared only after integration
ok 332 - a migrated loaded chunk is fetched again and its refresh marker is cleared only after integration
  ---
  duration_ms: 6.141864
  type: 'test'
  ...
# Subtest: world chunks use deterministic grid ids and reversible centers
ok 333 - world chunks use deterministic grid ids and reversible centers
  ---
  duration_ms: 4.671002
  type: 'test'
  ...
# Subtest: initial chunk state does not assume that the cleaned initial graph fully covers surrounding chunks
ok 334 - initial chunk state does not assume that the cleaned initial graph fully covers surrounding chunks
  ---
  duration_ms: 0.639978
  type: 'test'
  ...
# Subtest: graph merge preserves existing ids, joins nearby endpoints and removes duplicate edges
ok 335 - graph merge preserves existing ids, joins nearby endpoints and removes duplicate edges
  ---
  duration_ms: 3.929002
  type: 'test'
  ...
# Subtest: chunk cache isolates worlds and can remove one world
ok 336 - chunk cache isolates worlds and can remove one world
  ---
  duration_ms: 0.629055
  type: 'test'
  ...
# Subtest: RoadService chunk acquisition projects roads into the original world coordinate system
ok 337 - RoadService chunk acquisition projects roads into the original world coordinate system
  ---
  duration_ms: 11.055846
  type: 'test'
  ...
# Subtest: service roads are available while private driveway-like service ways remain excluded
ok 338 - service roads are available while private driveway-like service ways remain excluded
  ---
  duration_ms: 2.00592
  type: 'test'
  ...
# Subtest: player frontier movement uses sandbox fallback, grows the live map and survives save restore
ok 339 - player frontier movement uses sandbox fallback, grows the live map and survives save restore
  ---
  duration_ms: 59.271868
  type: 'test'
  ...
# Subtest: wooden survey tower uses the same acquisition stack and records a real merged road result
ok 340 - wooden survey tower uses the same acquisition stack and records a real merged road result
  ---
  duration_ms: 11.292717
  type: 'test'
  ...
# Subtest: v2 false-empty and stale cache markers are released so old saves can expand again
ok 341 - v2 false-empty and stale cache markers are released so old saves can expand again
  ---
  duration_ms: 0.897683
  type: 'test'
  ...
# Subtest: clustered intersections build a connected graph and combat route
ok 342 - clustered intersections build a connected graph and combat route
  ---
  duration_ms: 6.732429
  type: 'test'
  ...
# Subtest: one RoadService load performs one acquisition and produces indexed graph data
ok 343 - one RoadService load performs one acquisition and produces indexed graph data
  ---
  duration_ms: 15.118547
  type: 'test'
  ...
# Subtest: chunk prefetch only includes crossed or nearby grid edges
ok 344 - chunk prefetch only includes crossed or nearby grid edges
  ---
  duration_ms: 3.478901
  type: 'test'
  ...
# Subtest: manager merges a new chunk, records it and persists a compact cache entry
ok 345 - manager merges a new chunk, records it and persists a compact cache entry
  ---
  duration_ms: 12.419584
  type: 'test'
  ...
# Subtest: manager loads a cached chunk without calling the road server
ok 346 - manager loads a cached chunk without calling the road server
  ---
  duration_ms: 2.471293
  type: 'test'
  ...
# Subtest: failed acquisitions cool down without blocking unrelated nearby chunks
ok 347 - failed acquisitions cool down without blocking unrelated nearby chunks
  ---
  duration_ms: 21.215945
  type: 'test'
  ...
# Subtest: chunk centers remain based on the original world center
ok 348 - chunk centers remain based on the original world center
  ---
  duration_ms: 0.402462
  type: 'test'
  ...
# Subtest: legacy unrelated coverage is released while graph-derived and explicitly merged chunks remain confirmed
ok 349 - legacy unrelated coverage is released while graph-derived and explicitly merged chunks remain confirmed
  ---
  duration_ms: 1.077147
  type: 'test'
  ...
# Subtest: approaching a visible road endpoint queues forward chunks before the grid boundary
ok 350 - approaching a visible road endpoint queues forward chunks before the grid boundary
  ---
  duration_ms: 2.806919
  type: 'test'
  ...
# Subtest: movement lookahead queues the travel direction even before the player reaches a chunk edge
ok 351 - movement lookahead queues the travel direction even before the player reaches a chunk edge
  ---
  duration_ms: 2.728624
  type: 'test'
  ...
# Subtest: frontier failures retry after the shorter movement cooldown
ok 352 - frontier failures retry after the shorter movement cooldown
  ---
  duration_ms: 3.216285
  type: 'test'
  ...
# Subtest: an internal cul-de-sac does not masquerade as the outer road frontier
ok 353 - an internal cul-de-sac does not masquerade as the outer road frontier
  ---
  duration_ms: 4.098212
  type: 'test'
  ...
# Subtest: lookahead road chunks remain hidden until the player physically enters them
ok 354 - lookahead road chunks remain hidden until the player physically enters them
  ---
  duration_ms: 2.891997
  type: 'test'
  ...
# Subtest: road-frontier movement completes acquisition and merges the new road into the live map
ok 355 - road-frontier movement completes acquisition and merges the new road into the live map
  ---
  duration_ms: 45.928039
  type: 'test'
  ...
# Subtest: aborting road acquisition prevents a late response from repopulating reset state
ok 356 - aborting road acquisition prevents a late response from repopulating reset state
  ---
  duration_ms: 5.788699
  type: 'test'
  ...
# Subtest: an old cached empty graph is discarded and reacquired instead of blocking map growth
ok 357 - an old cached empty graph is discarded and reacquired instead of blocking map growth
  ---
  duration_ms: 3.07084
  type: 'test'
  ...
# Subtest: JSONP URL includes the Overpass query and isolated callback name
ok 358 - JSONP URL includes the Overpass query and isolated callback name
  ---
  duration_ms: 1.929718
  type: 'test'
  ...
# Subtest: sandbox transport uses an opaque-origin iframe and returns only the validated payload
ok 359 - sandbox transport uses an opaque-origin iframe and returns only the validated payload
  ---
  duration_ms: 3.238884
  type: 'test'
  ...
# Subtest: sandbox transport aborts without leaving the iframe or message listener behind
ok 360 - sandbox transport aborts without leaving the iframe or message listener behind
  ---
  duration_ms: 2.01884
  type: 'test'
  ...
# Subtest: save data remains JSON and graph indexes are reconstructed after load
ok 361 - save data remains JSON and graph indexes are reconstructed after load
  ---
  duration_ms: 6.522143
  type: 'test'
  ...
# Subtest: v0.19 object-form road graphs remain loadable after compact saves are introduced
ok 362 - v0.19 object-form road graphs remain loadable after compact saves are introduced
  ---
  duration_ms: 0.996108
  type: 'test'
  ...
# Subtest: detached-state save consumes one caller-owned snapshot without mutating the live source state
ok 363 - detached-state save consumes one caller-owned snapshot without mutating the live source state
  ---
  duration_ms: 1.397515
  type: 'test'
  ...
# Subtest: lifecycle follows the new startup sequence
ok 364 - lifecycle follows the new startup sequence
  ---
  duration_ms: 3.762465
  type: 'test'
  ...
# Subtest: invalid transition is rejected
ok 365 - invalid transition is rejected
  ---
  duration_ms: 0.947413
  type: 'test'
  ...
# Subtest: state snapshots cannot mutate the store
ok 366 - state snapshots cannot mutate the store
  ---
  duration_ms: 0.830041
  type: 'test'
  ...
# Subtest: failed transactions leave the committed state untouched
ok 367 - failed transactions leave the committed state untouched
  ---
  duration_ms: 2.368766
  type: 'test'
  ...
# Subtest: mutator exceptions roll back state and buffered domain events
ok 368 - mutator exceptions roll back state and buffered domain events
  ---
  duration_ms: 0.815212
  type: 'test'
  ...
# Subtest: read returns detached object values and old mutation APIs are absent
ok 369 - read returns detached object values and old mutation APIs are absent
  ---
  duration_ms: 0.512419
  type: 'test'
  ...
# Subtest: asynchronous mutators are rejected before they can commit a draft
ok 370 - asynchronous mutators are rejected before they can commit a draft
  ---
  duration_ms: 0.868096
  type: 'test'
  ...
# Subtest: listener failures are isolated after a successful committed transaction
ok 371 - listener failures are isolated after a successful committed transaction
  ---
  duration_ms: 0.826548
  type: 'test'
  ...
# Subtest: source contains no legacy function override pattern or duplicate fetchRoadGraph
ok 372 - source contains no legacy function override pattern or duplicate fetchRoadGraph
  ---
  duration_ms: 263.78496
  type: 'test'
  ...
# Subtest: repair relay remains available as a build tool
ok 373 - repair relay remains available as a build tool
  ---
  duration_ms: 4.368073
  type: 'test'
  ...
# Subtest: base construction ranges grow gradually with a hard cap while the current-position radius stays fixed
ok 374 - base construction ranges grow gradually with a hard cap while the current-position radius stays fixed
  ---
  duration_ms: 6.1529
  type: 'test'
  ...
# Subtest: civilization advancement unlocks nearby road sites without covering the initial road map
ok 375 - civilization advancement unlocks nearby road sites without covering the initial road map
  ---
  duration_ms: 2.165652
  type: 'test'
  ...
# Subtest: civilization growth does not turn the player position into an unlimited mobile construction anchor
ok 376 - civilization growth does not turn the player position into an unlimited mobile construction anchor
  ---
  duration_ms: 0.580961
  type: 'test'
  ...
# Subtest: build placement cache includes the actual anchor radius so a civilization level-up redraws sites
ok 377 - build placement cache includes the actual anchor radius so a civilization level-up redraws sites
  ---
  duration_ms: 19.033845
  type: 'test'
  ...
# Subtest: survey facility UI exposes manual retry and an observable successful connection record
ok 378 - survey facility UI exposes manual retry and an observable successful connection record
  ---
  duration_ms: 3.140313
  type: 'test'
  ...
# Subtest: survey facility is a civilization level 1 tower with approved tier progression
ok 379 - survey facility is a civilization level 1 tower with approved tier progression
  ---
  duration_ms: 4.51971
  type: 'test'
  ...
# Subtest: survey facility cannot be built before civilization level 1 or from the player-only build zone
ok 380 - survey facility cannot be built before civilization level 1 or from the player-only build zone
  ---
  duration_ms: 3.907068
  type: 'test'
  ...
# Subtest: each owned base can operate only one active survey facility
ok 381 - each owned base can operate only one active survey facility
  ---
  duration_ms: 2.616858
  type: 'test'
  ...
# Subtest: survey candidate selection expands one adjacent unloaded chunk inside the tier radius
ok 382 - survey candidate selection expands one adjacent unloaded chunk inside the tier radius
  ---
  duration_ms: 19.784491
  type: 'test'
  ...
# Subtest: survey-loaded roads are recorded separately from physically observed regions
ok 383 - survey-loaded roads are recorded separately from physically observed regions
  ---
  duration_ms: 9.84908
  type: 'test'
  ...
# Subtest: remote survey does not reveal exact frontier sources or ambient exploration sites
ok 384 - remote survey does not reveal exact frontier sources or ambient exploration sites
  ---
  duration_ms: 3.897508
  type: 'test'
  ...
# Subtest: entering a surveyed chunk promotes it to physical observation and reveals local content
ok 385 - entering a surveyed chunk promotes it to physical observation and reveals local content
  ---
  duration_ms: 5.156328
  type: 'test'
  ...
# Subtest: survey scheduler serializes facilities and enforces a global real-time cooldown
ok 386 - survey scheduler serializes facilities and enforces a global real-time cooldown
  ---
  duration_ms: 4.04685
  type: 'test'
  ...
# Subtest: survey status reports radius, cadence and remaining expansion work
ok 387 - survey status reports radius, cadence and remaining expansion work
  ---
  duration_ms: 1.299816
  type: 'test'
  ...
# Subtest: survey tower upgrade remains gated by the matching civilization level
ok 388 - survey tower upgrade remains gated by the matching civilization level
  ---
  duration_ms: 1.36547
  type: 'test'
  ...
# Subtest: a survey facility anchored to a destroyed simple base stops operating until the base is rebuilt
ok 389 - a survey facility anchored to a destroyed simple base stops operating until the base is rebuilt
  ---
  duration_ms: 0.583332
  type: 'test'
  ...
# Subtest: survey-only road chunks do not receive exact enemy bases before physical observation
ok 390 - survey-only road chunks do not receive exact enemy bases before physical observation
  ---
  duration_ms: 2.304765
  type: 'test'
  ...
# Subtest: survey progress and physical-observation boundaries survive save and restore
ok 391 - survey progress and physical-observation boundaries survive save and restore
  ---
  duration_ms: 2.238109
  type: 'test'
  ...
# Subtest: manual survey bypasses a previous retry cooldown and records the real connection used after success
ok 392 - manual survey bypasses a previous retry cooldown and records the real connection used after success
  ---
  duration_ms: 58.705227
  type: 'test'
  ...
# Subtest: survey diagnostics distinguish successful communication from later road-processing failure
ok 393 - survey diagnostics distinguish successful communication from later road-processing failure
  ---
  duration_ms: 4.358475
  type: 'test'
  ...
# Subtest: resource outpost runtime is completely removed while legacy saves are safely stripped
ok 394 - resource outpost runtime is completely removed while legacy saves are safely stripped
  ---
  duration_ms: 22.675367
  type: 'test'
  ...
# Subtest: resource-camp capture rewards cover the mandatory ore gates of later civilization projects
ok 395 - resource-camp capture rewards cover the mandatory ore gates of later civilization projects
  ---
  duration_ms: 0.500678
  type: 'test'
  ...
# Subtest: project-only trial bronze goes directly to the active project and cannot be overproduced
ok 396 - project-only trial bronze goes directly to the active project and cannot be overproduced
  ---
  duration_ms: 3.921516
  type: 'test'
  ...
# Subtest: actual smelting chains turn scheduled resource-camp rewards into the mandatory bronze and iron progression totals
ok 397 - actual smelting chains turn scheduled resource-camp rewards into the mandatory bronze and iron progression totals
  ---
  duration_ms: 14.665187
  type: 'test'
  ...
# Subtest: wave doctrine changes actual routing and resource-base composition rather than only the label
ok 398 - wave doctrine changes actual routing and resource-base composition rather than only the label
  ---
  duration_ms: 35.138015
  type: 'test'
  ...
# Subtest: upgraded tower ranges affect evasive route selection
ok 399 - upgraded tower ranges affect evasive route selection
  ---
  duration_ms: 1.675283
  type: 'test'
  ...
# Subtest: shield tiers use their declared protection values and new enemies use correct friendly matchups
ok 400 - shield tiers use their declared protection values and new enemies use correct friendly matchups
  ---
  duration_ms: 1.812081
  type: 'test'
  ...
# Subtest: hunters abandon squads outside their pursuit radius
ok 401 - hunters abandon squads outside their pursuit radius
  ---
  duration_ms: 4.500244
  type: 'test'
  ...
# Subtest: additional major bases are real attack targets, can be destroyed, persist, and rebuild on site
ok 402 - additional major bases are real attack targets, can be destroyed, persist, and rebuild on site
  ---
  duration_ms: 3.471102
  type: 'test'
  ...
# Subtest: spawned and legacy-loaded enemies retain their defined visual radius and field-base UI lists retrieval units
ok 403 - spawned and legacy-loaded enemies retain their defined visual radius and field-base UI lists retrieval units
  ---
  duration_ms: 15.737609
  type: 'test'
  ...
# Subtest: destroyed major-base ruins still occupy their slot and block overlapping replacement placement
ok 404 - destroyed major-base ruins still occupy their slot and block overlapping replacement placement
  ---
  duration_ms: 2.007856
  type: 'test'
  ...
# Subtest: only one tab owns the synchronous storage lease
ok 405 - only one tab owns the synchronous storage lease
  ---
  duration_ms: 2.240223
  type: 'test'
  ...
# Subtest: broadcast fallback elects one primary tab when storage is unavailable
ok 406 - broadcast fallback elects one primary tab when storage is unavailable
  ---
  duration_ms: 1.553022
  type: 'test'
  ...
# Subtest: remaining route distance accounts for current edge progress
ok 407 - remaining route distance accounts for current edge progress
  ---
  duration_ms: 1.95731
  type: 'test'
  ...
# Subtest: threat level escalates from contact to critical
ok 408 - threat level escalates from contact to critical
  ---
  duration_ms: 1.01827
  type: 'test'
  ...
# Subtest: clear threat reports stable defense line
ok 409 - clear threat reports stable defense line
  ---
  duration_ms: 0.522629
  type: 'test'
  ...
# Subtest: tactical routes and focus render with a minimal canvas context
ok 410 - tactical routes and focus render with a minimal canvas context
  ---
  duration_ms: 46.228151
  type: 'test'
  ...
# Subtest: selected enemy base no longer renders a misleading player capture radius
ok 411 - selected enemy base no longer renders a misleading player capture radius
  ---
  duration_ms: 0.979505
  type: 'test'
  ...
# Subtest: HUD and modal CSS do not use unreadably small explicit type
ok 412 - HUD and modal CSS do not use unreadably small explicit type
  ---
  duration_ms: 35.494254
  type: 'test'
  ...
# Subtest: Canvas labels retain a readable minimum without changing world scale
ok 413 - Canvas labels retain a readable minimum without changing world scale
  ---
  duration_ms: 14.512323
  type: 'test'
  ...
# Subtest: larger tool labels receive matching control height and context clearance
ok 414 - larger tool labels receive matching control height and context clearance
  ---
  duration_ms: 4.013032
  type: 'test'
  ...
# Subtest: opening command, civilization and deployment UI does not mutate committed game state
ok 415 - opening command, civilization and deployment UI does not mutate committed game state
  ---
  duration_ms: 18.056488
  type: 'test'
  ...
# Subtest: periodic HUD refresh shares one detached state snapshot across all UI panels
ok 416 - periodic HUD refresh shares one detached state snapshot across all UI panels
  ---
  duration_ms: 40.65721
  type: 'test'
  ...
# Subtest: a fully destroyed wave increments perfect defense streak exactly once
ok 417 - a fully destroyed wave increments perfect defense streak exactly once
  ---
  duration_ms: 10.153126
  type: 'test'
  ...
# Subtest: enemy-base guard launches once and does not count as a perfect defense wave
ok 418 - enemy-base guard launches once and does not count as a perfect defense wave
  ---
  duration_ms: 2.984611
  type: 'test'
  ...
# Subtest: civilization level creates resource bases without duplicating them
ok 419 - civilization level creates resource bases without duplicating them
  ---
  duration_ms: 22.120392
  type: 'test'
  ...
# Subtest: initial base placement excludes civilization resource bases
ok 420 - initial base placement excludes civilization resource bases
  ---
  duration_ms: 32.589265
  type: 'test'
  ...
# Subtest: destroyed base waits for its respawn timer and then reappears elsewhere
ok 421 - destroyed base waits for its respawn timer and then reappears elsewhere
  ---
  duration_ms: 2.586144
  type: 'test'
  ...
# Subtest: initial enemy bases spread across independent road fronts when the graph permits it
ok 422 - initial enemy bases spread across independent road fronts when the graph permits it
  ---
  duration_ms: 2.188264
  type: 'test'
  ...
# Subtest: stacked initial enemy bases receive progressively longer opening delays on a one-front road
ok 423 - stacked initial enemy bases receive progressively longer opening delays on a one-front road
  ---
  duration_ms: 2.339585
  type: 'test'
  ...
# Subtest: region activity follows the nearest city or player anchor
ok 424 - region activity follows the nearest city or player anchor
  ---
  duration_ms: 4.011752
  type: 'test'
  ...
# Subtest: regional clocks only release peripheral and dormant simulation at their intervals
ok 425 - regional clocks only release peripheral and dormant simulation at their intervals
  ---
  duration_ms: 1.724911
  type: 'test'
  ...
# Subtest: dormant enemies and facilities advance only when the remote interval is due
ok 426 - dormant enemies and facilities advance only when the remote interval is due
  ---
  duration_ms: 14.648089
  type: 'test'
  ...
# Subtest: road graph spatial index excludes distant roads from local queries
ok 427 - road graph spatial index excludes distant roads from local queries
  ---
  duration_ms: 2.277651
  type: 'test'
  ...
# Subtest: expanded road graphs use compact save encoding and restore gameplay fields
ok 428 - expanded road graphs use compact save encoding and restore gameplay fields
  ---
  duration_ms: 11.147976
  type: 'test'
  ...
1..428
# tests 428
# suites 0
# pass 428
# fail 0
# cancelled 0
# skipped 0
# todo 0
# duration_ms 12088.639021
NODE_STATUS=0
